2019-04-22 13:44:15:333 - warn: [Appium] Appium support for versions of node < 8 has been deprecated and will be removed in a future version. Please upgrade!
2019-04-22 13:44:15:349 - info: [Appium] Welcome to Appium v1.8.1
2019-04-22 13:44:15:350 - info: [Appium] Non-default server args:
2019-04-22 13:44:15:350 - info: [Appium]   port: 4701
2019-04-22 13:44:15:350 - info: [Appium]   bootstrapPort: 4900
2019-04-22 13:44:15:351 - info: [Appium]   sessionOverride: true
2019-04-22 13:44:15:351 - info: [Appium]   log: D:/pythonProgram/Appium27/log/2116ca982019-04-22-21_44_11.log
2019-04-22 13:44:15:351 - info: [Appium]   udid: 2116ca98
2019-04-22 13:44:15:351 - info: [Appium]   noReset: true
2019-04-22 13:44:15:352 - warn: [Appium] Deprecated server args:
2019-04-22 13:44:15:352 - warn: [Appium]   -U,--udid => --default-capabilities '{"udid":"2116ca98"}'
2019-04-22 13:44:15:352 - warn: [Appium]   --no-reset => --default-capabilities '{"noReset":true}'
2019-04-22 13:44:15:353 - info: [Appium] Default capabilities, which will be added to each request unless overridden by desired capabilities:
2019-04-22 13:44:15:353 - info: [Appium]   udid: 2116ca98
2019-04-22 13:44:15:353 - info: [Appium]   noReset: true
2019-04-22 13:44:15:405 - info: [Appium] Appium REST http interface listener started on 0.0.0.0:4701
2019-04-22 13:44:32:601 - info: [HTTP] --> POST /wd/hub/session
2019-04-22 13:44:32:602 - info: [HTTP] {"capabilities":{"firstMatch":[{"appium:unicodeKeyboard":true,"appium:resetKeyboard":true,"appium:appWaitActivity":"com.cy.patrol.act.LoginAct","appium:automationName":"uiautomator2","appium:app":"E:\\work\\appium\\xcry_appium/apk/0421.apk","appium:deviceName":"2116ca98","platformName":"Android"}]},"desiredCapabilities":{"deviceName":"2116ca98","unicodeKeyboard":true,"app":"E:\\work\\appium\\xcry_appium/apk/0421.apk","appWaitActivity":"com.cy.patrol.act.LoginAct","resetKeyboard":true,"platformName":"Android","automationName":"uiautomator2"}}
2019-04-22 13:44:32:604 - info: [debug] [MJSONWP] Calling AppiumDriver.createSession() with args: [{"deviceName":"2116ca98","unicodeKeyboard":true,"app":"E:\\work\\appium\\xcry_appium/apk/0421.apk","appWaitActivity":"com.cy.patrol.act.LoginAct","resetKeyboard":true,"platformName":"Android","automationName":"uiautomator2"},null,{"firstMatch":[{"appium:unicodeKeyboard":true,"appium:resetKeyboard":true,"appium:appWaitActivity":"com.cy.patrol.act.LoginAct","appium:automationName":"uiautomator2","appium:app":"E:\\work\\appium\\xcry_appium/apk/0421.apk","appium:deviceName":"2116ca98","platformName":"Android"}]}]
2019-04-22 13:44:32:606 - info: [debug] [BaseDriver] Event 'newSessionRequested' logged at 1555940672606 (21:44:32 GMT+0800 (中国标准时间))
2019-04-22 13:44:32:609 - warn: [BaseDriver] The capabilities ["udid","noReset"] are not standard capabilities and should have an extension prefix
2019-04-22 13:44:32:616 - info: [Appium] Creating new AndroidUiautomator2Driver (v1.12.0) session
2019-04-22 13:44:32:616 - info: [Appium] Capabilities:
2019-04-22 13:44:32:616 - info: [Appium]   udid: 2116ca98
2019-04-22 13:44:32:616 - info: [Appium]   noReset: true
2019-04-22 13:44:32:616 - info: [Appium]   platformName: Android
2019-04-22 13:44:32:616 - info: [Appium]   unicodeKeyboard: true
2019-04-22 13:44:32:616 - info: [Appium]   resetKeyboard: true
2019-04-22 13:44:32:617 - info: [Appium]   appWaitActivity: com.cy.patrol.act.LoginAct
2019-04-22 13:44:32:617 - info: [Appium]   automationName: uiautomator2
2019-04-22 13:44:32:617 - info: [Appium]   app: E:\work\appium\xcry_appium/apk/0421.apk
2019-04-22 13:44:32:617 - info: [Appium]   deviceName: 2116ca98
2019-04-22 13:44:32:621 - info: [debug] [BaseDriver] W3C capabilities {"alwaysMatch":{"appium:udi... and MJSONWP desired capabilities [object Object] were provided
2019-04-22 13:44:32:621 - info: [debug] [BaseDriver] Creating session with W3C capabilities: {"alwaysMatch":{"appium:udi...
2019-04-22 13:44:32:635 - info: [BaseDriver] Session created with session id: 5d9dc2cd-2653-414e-b3fd-e628c7c53efb
2019-04-22 13:44:32:639 - info: [BaseDriver] Using local app 'E:\work\appium\xcry_appium/apk/0421.apk'
2019-04-22 13:44:32:639 - info: [debug] [UiAutomator2] Checking whether app is actually present
2019-04-22 13:44:33:049 - info: [debug] [AndroidDriver] Getting Java version
2019-04-22 13:44:33:281 - info: [AndroidDriver] Java version is: 1.8.0_151
2019-04-22 13:44:33:283 - info: [ADB] Checking whether adb is present
2019-04-22 13:44:33:289 - info: [ADB] Found 1 'build-tools' folders under 'E:\sdk' (newest first):
2019-04-22 13:44:33:289 - info: [ADB]     E:/sdk/build-tools/android-4.3
2019-04-22 13:44:33:290 - info: [ADB] Using adb.exe from E:\sdk\platform-tools\adb.exe
2019-04-22 13:44:33:290 - info: [AndroidDriver] Retrieving device list
2019-04-22 13:44:33:290 - info: [debug] [ADB] Trying to find a connected android device
2019-04-22 13:44:33:292 - info: [debug] [ADB] Getting connected devices...
2019-04-22 13:44:33:331 - info: [debug] [ADB] 1 device(s) connected
2019-04-22 13:44:33:335 - info: [AndroidDriver] Using device: 2116ca98
2019-04-22 13:44:33:340 - info: [debug] [ADB] Setting device id to 2116ca98
2019-04-22 13:44:33:345 - info: [debug] [ADB] Running 'E:\sdk\platform-tools\adb.exe -P 5037 -s 2116ca98 shell getprop ro.build.version.sdk'
2019-04-22 13:44:33:436 - info: [debug] [ADB] Current device property 'ro.build.version.sdk': 25
2019-04-22 13:44:33:437 - info: [debug] [ADB] Device API level: 25
2019-04-22 13:44:33:438 - info: [debug] [AndroidDriver] Parsing package and activity from app manifest
2019-04-22 13:44:33:446 - info: [ADB] Using the alternative activity name detection method because of: Could not find apkanalyzer.bat in E:\sdk\platform-tools\apkanalyzer.bat,E:\sdk\emulator\apkanalyzer.bat,E:\sdk\tools\apkanalyzer.bat,E:\sdk\tools\bin\apkanalyzer.bat,E:\sdk\build-tools\android-4.3\apkanalyzer.bat. Do you have the Android SDK installed at 'E:\sdk'?
2019-04-22 13:44:33:447 - info: [ADB] Checking whether aapt is present
2019-04-22 13:44:33:450 - info: [ADB] Using aapt.exe from E:\sdk\tools\aapt.exe
2019-04-22 13:44:33:452 - info: [ADB] Extracting package and launch activity from manifest
2019-04-22 13:44:33:501 - info: [ADB] Package name: 'com.cy.patrol'
2019-04-22 13:44:33:501 - info: [ADB] Main activity name: 'com.cy.patrol.act.LoadingAct'
2019-04-22 13:44:33:502 - info: [debug] [AndroidDriver] Parsed package and activity are: com.cy.patrol/com.cy.patrol.act.LoadingAct
2019-04-22 13:44:33:502 - info: [ADB] Getting device platform version
2019-04-22 13:44:33:503 - info: [debug] [ADB] Running 'E:\sdk\platform-tools\adb.exe -P 5037 -s 2116ca98 shell getprop ro.build.version.release'
2019-04-22 13:44:33:554 - info: [debug] [ADB] Current device property 'ro.build.version.release': 7.1.1
2019-04-22 13:44:33:555 - info: [debug] [ADB] Running 'E:\sdk\platform-tools\adb.exe -P 5037 -s 2116ca98 shell wm size'
2019-04-22 13:44:34:112 - info: [debug] [ADB] Running 'E:\sdk\platform-tools\adb.exe -P 5037 -s 2116ca98 shell wm density'
2019-04-22 13:44:34:698 - info: [debug] [ADB] Running 'E:\sdk\platform-tools\adb.exe -P 5037 -s 2116ca98 shell getprop ro.product.model'
2019-04-22 13:44:34:832 - info: [debug] [ADB] Current device property 'ro.product.model': OS103
2019-04-22 13:44:34:834 - info: [debug] [ADB] Running 'E:\sdk\platform-tools\adb.exe -P 5037 -s 2116ca98 shell getprop ro.product.manufacturer'
2019-04-22 13:44:34:927 - info: [debug] [ADB] Current device property 'ro.product.manufacturer': smartisan
2019-04-22 13:44:34:928 - info: [debug] [ADB] Device API level: 25
2019-04-22 13:44:34:934 - info: [debug] [ADB] Running 'E:\sdk\platform-tools\adb.exe -P 5037 -s 2116ca98 shell am force-stop io.appium.uiautomator2.server'
2019-04-22 13:44:35:535 - info: [debug] [ADB] Checking app cert for C:\Users\30280\AppData\Roaming\npm\node_modules\appium\node_modules\appium-uiautomator2-server\apks\appium-uiautomator2-server-v1.12.0.apk
2019-04-22 13:44:35:543 - warn: [ADB] Cannot use apksigner tool for signature verification. Defaulting to verify.jar. Original error: Could not find apksigner.bat in E:\sdk\platform-tools\apksigner.bat,E:\sdk\emulator\apksigner.bat,E:\sdk\tools\apksigner.bat,E:\sdk\tools\bin\apksigner.bat,E:\sdk\build-tools\android-4.3\apksigner.bat. Do you have the Android SDK installed at 'E:\sdk'?
2019-04-22 13:44:36:064 - info: [debug] [ADB] 'C:\Users\30280\AppData\Roaming\npm\node_modules\appium\node_modules\appium-uiautomator2-server\apks\appium-uiautomator2-server-v1.12.0.apk' is already signed.
2019-04-22 13:44:36:065 - info: [debug] [ADB] Checking app cert for C:\Users\30280\AppData\Roaming\npm\node_modules\appium\node_modules\appium-uiautomator2-server\apks\appium-uiautomator2-server-debug-androidTest.apk
2019-04-22 13:44:36:065 - warn: [ADB] Cannot use apksigner tool for signature verification. Defaulting to verify.jar. Original error: Could not find apksigner.bat in E:\sdk\platform-tools\apksigner.bat,E:\sdk\emulator\apksigner.bat,E:\sdk\tools\apksigner.bat,E:\sdk\tools\bin\apksigner.bat,E:\sdk\build-tools\android-4.3\apksigner.bat. Do you have the Android SDK installed at 'E:\sdk'?
2019-04-22 13:44:36:444 - info: [debug] [ADB] 'C:\Users\30280\AppData\Roaming\npm\node_modules\appium\node_modules\appium-uiautomator2-server\apks\appium-uiautomator2-server-debug-androidTest.apk' is already signed.
2019-04-22 13:44:36:448 - info: [debug] [ADB] Getting install status for io.appium.uiautomator2.server
2019-04-22 13:44:36:450 - info: [debug] [ADB] Running 'E:\sdk\platform-tools\adb.exe -P 5037 -s 2116ca98 shell pm list packages io.appium.uiautomator2.server'
2019-04-22 13:44:37:034 - info: [debug] [ADB] App is installed
2019-04-22 13:44:37:037 - info: [debug] [ADB] Getting package info for 'io.appium.uiautomator2.server'
2019-04-22 13:44:37:037 - info: [debug] [ADB] Running 'E:\sdk\platform-tools\adb.exe -P 5037 -s 2116ca98 shell dumpsys package io.appium.uiautomator2.server'
2019-04-22 13:44:37:241 - info: [debug] [ADB] The installed 'io.appium.uiautomator2.server' package does not require upgrade ('1.12.0' >= '1.12.0')
2019-04-22 13:44:37:245 - info: [debug] [ADB] Getting install status for io.appium.uiautomator2.server.test
2019-04-22 13:44:37:247 - info: [debug] [ADB] Running 'E:\sdk\platform-tools\adb.exe -P 5037 -s 2116ca98 shell pm list packages io.appium.uiautomator2.server.test'
2019-04-22 13:44:37:835 - info: [debug] [ADB] App is installed
2019-04-22 13:44:37:839 - info: [debug] [ADB] Getting package info for 'io.appium.uiautomator2.server.test'
2019-04-22 13:44:37:840 - info: [debug] [ADB] Running 'E:\sdk\platform-tools\adb.exe -P 5037 -s 2116ca98 shell dumpsys package io.appium.uiautomator2.server.test'
2019-04-22 13:44:38:022 - warn: [ADB] Cannot read version codes of 'C:\Users\30280\AppData\Roaming\npm\node_modules\appium\node_modules\appium-uiautomator2-server\apks\appium-uiautomator2-server-debug-androidTest.apk' and/or 'io.appium.uiautomator2.server.test'
2019-04-22 13:44:38:027 - warn: [ADB] Cannot read version names of 'C:\Users\30280\AppData\Roaming\npm\node_modules\appium\node_modules\appium-uiautomator2-server\apks\appium-uiautomator2-server-debug-androidTest.apk' and/or 'io.appium.uiautomator2.server.test'. Assuming correct app version is already installed
2019-04-22 13:44:38:028 - info: [debug] [UiAutomator2] Waiting up to 20000ms for instrumentation 'io.appium.uiautomator2.server.test/android.support.test.runner.AndroidJUnitRunner' to be available
2019-04-22 13:44:38:033 - info: [debug] [ADB] Running 'E:\sdk\platform-tools\adb.exe -P 5037 -s 2116ca98 shell pm list instrumentation'
2019-04-22 13:44:38:612 - info: [debug] [UiAutomator2] Instrumentation 'io.appium.uiautomator2.server.test/android.support.test.runner.AndroidJUnitRunner' available
2019-04-22 13:44:38:617 - info: [debug] [ADB] Running 'E:\sdk\platform-tools\adb.exe -P 5037 -s 2116ca98 wait-for-device'
2019-04-22 13:44:38:721 - info: [debug] [ADB] Running 'E:\sdk\platform-tools\adb.exe -P 5037 -s 2116ca98 shell echo ping'
2019-04-22 13:44:38:809 - info: [debug] [AndroidDriver] Pushing settings apk to device...
2019-04-22 13:44:38:811 - info: [debug] [ADB] Getting install status for io.appium.settings
2019-04-22 13:44:38:811 - info: [debug] [ADB] Running 'E:\sdk\platform-tools\adb.exe -P 5037 -s 2116ca98 shell pm list packages io.appium.settings'
2019-04-22 13:44:39:425 - info: [debug] [ADB] App is installed
2019-04-22 13:44:39:427 - info: [debug] [ADB] Getting package info for 'io.appium.settings'
2019-04-22 13:44:39:428 - info: [debug] [ADB] Running 'E:\sdk\platform-tools\adb.exe -P 5037 -s 2116ca98 shell dumpsys package io.appium.settings'
2019-04-22 13:44:39:620 - info: [debug] [ADB] The installed 'io.appium.settings' package does not require upgrade (13 > 5)
2019-04-22 13:44:39:623 - info: [debug] [ADB] Running 'E:\sdk\platform-tools\adb.exe -P 5037 -s 2116ca98 shell ps'
2019-04-22 13:44:39:807 - info: [debug] [ADB] Device API level: 25
2019-04-22 13:44:39:810 - info: [debug] [ADB] Running 'E:\sdk\platform-tools\adb.exe -P 5037 -s 2116ca98 shell am start -W -n io.appium.settings/.Settings -a android.intent.action.MAIN -c android.intent.category.LAUNCHER -f 0x10200000'
2019-04-22 13:44:40:607 - info: [debug] [ADB] Device API level: 25
2019-04-22 13:44:40:608 - info: [debug] [ADB] Running 'E:\sdk\platform-tools\adb.exe -P 5037 -s 2116ca98 shell appops set io.appium.settings android\:mock_location allow'
2019-04-22 13:44:40:745 - warn: [AndroidDriver] setDeviceLanguageCountry requires language or country.
2019-04-22 13:44:40:746 - warn: [AndroidDriver] Got language: 'null' and country: 'null'
2019-04-22 13:44:40:751 - info: [debug] [Logcat] Starting logcat capture
2019-04-22 13:44:40:861 - info: [debug] [AndroidDriver] Enabling Unicode keyboard support
2019-04-22 13:44:40:862 - info: [debug] [AndroidDriver] Pushing unicode ime to device...
2019-04-22 13:44:40:866 - info: [debug] [ADB] Running 'E:\sdk\platform-tools\adb.exe -P 5037 -s 2116ca98 install C\:\\Users\\30280\\AppData\\Roaming\\npm\\node_modules\\appium\\node_modules\\appium-android-ime\\bin\\UnicodeIME-debug.apk'
2019-04-22 13:44:41:765 - info: [debug] [ADB] Install command stdout: Failure [INSTALL_FAILED_ALREADY_EXISTS: Attempt to re-install io.appium.android.ime without first uninstalling.]
2019-04-22 13:44:41:766 - info: [debug] [ADB] Application 'C:\Users\30280\AppData\Roaming\npm\node_modules\appium\node_modules\appium-android-ime\bin\UnicodeIME-debug.apk' already installed. Continuing.
2019-04-22 13:44:41:768 - info: [debug] [ADB] Running 'E:\sdk\platform-tools\adb.exe -P 5037 -s 2116ca98 shell settings get secure default_input_method'
2019-04-22 13:44:42:384 - info: [debug] [AndroidDriver] Unsetting previous IME com.iflytek.inputmethod.smartisan/com.iflytek.inputmethod.FlyIME
2019-04-22 13:44:42:386 - info: [debug] [AndroidDriver] Setting IME to 'io.appium.android.ime/.UnicodeIME'
2019-04-22 13:44:42:388 - info: [debug] [ADB] Running 'E:\sdk\platform-tools\adb.exe -P 5037 -s 2116ca98 shell ime enable io.appium.android.ime/.UnicodeIME'
2019-04-22 13:44:42:965 - info: [debug] [ADB] Running 'E:\sdk\platform-tools\adb.exe -P 5037 -s 2116ca98 shell ime set io.appium.android.ime/.UnicodeIME'
2019-04-22 13:44:43:561 - info: [debug] [AndroidDriver] Pushing unlock helper app to device...
2019-04-22 13:44:43:562 - info: [debug] [ADB] Getting install status for io.appium.unlock
2019-04-22 13:44:43:563 - info: [debug] [ADB] Running 'E:\sdk\platform-tools\adb.exe -P 5037 -s 2116ca98 shell pm list packages io.appium.unlock'
2019-04-22 13:44:44:164 - info: [debug] [ADB] App is installed
2019-04-22 13:44:44:164 - info: [debug] [ADB] Getting package info for 'io.appium.unlock'
2019-04-22 13:44:44:166 - info: [debug] [ADB] Running 'E:\sdk\platform-tools\adb.exe -P 5037 -s 2116ca98 shell dumpsys package io.appium.unlock'
2019-04-22 13:44:44:353 - info: [debug] [ADB] The installed 'io.appium.unlock' package does not require upgrade ('2.0.0' >= '2.0.0')
2019-04-22 13:44:44:354 - info: [debug] [UiAutomator2] Forwarding UiAutomator2 Server port 6790 to 8200
2019-04-22 13:44:44:356 - info: [debug] [ADB] Forwarding system: 8200 to device: 6790
2019-04-22 13:44:44:356 - info: [debug] [ADB] Running 'E:\sdk\platform-tools\adb.exe -P 5037 -s 2116ca98 forward tcp\:8200 tcp\:6790'
2019-04-22 13:44:44:440 - info: [debug] [ADB] Running 'E:\sdk\platform-tools\adb.exe -P 5037 -s 2116ca98 shell rm -rf /data/local/tmp/strings.json'
2019-04-22 13:44:44:518 - info: [debug] [AndroidDriver] Extracting strings from apk
2019-04-22 13:44:44:518 - info: [debug] [AndroidDriver] E:\work\appium\xcry_appium/apk/0421.apk
2019-04-22 13:44:44:519 - info: [debug] [AndroidDriver] null
2019-04-22 13:44:44:520 - info: [debug] [AndroidDriver] C:\Users\30280\AppData\Local\Temp\com.cy.patrol
2019-04-22 13:44:44:522 - info: [debug] [ADB] Extracting strings for language: default
2019-04-22 13:44:44:751 - info: [ADB] Successfully extracted 498 strings from 'E:\work\appium\xcry_appium/apk/0421.apk' resources for '(default)' configuration
2019-04-22 13:44:44:778 - info: [debug] [ADB] Running 'E:\sdk\platform-tools\adb.exe -P 5037 -s 2116ca98 push C\:\\Users\\30280\\AppData\\Local\\Temp\\com.cy.patrol\\strings.json /data/local/tmp'
2019-04-22 13:44:44:858 - info: [debug] [ADB] Checking app cert for E:\work\appium\xcry_appium/apk/0421.apk
2019-04-22 13:44:44:859 - warn: [ADB] Cannot use apksigner tool for signature verification. Defaulting to verify.jar. Original error: Could not find apksigner.bat in E:\sdk\platform-tools\apksigner.bat,E:\sdk\emulator\apksigner.bat,E:\sdk\tools\apksigner.bat,E:\sdk\tools\bin\apksigner.bat,E:\sdk\build-tools\android-4.3\apksigner.bat. Do you have the Android SDK installed at 'E:\sdk'?
2019-04-22 13:44:46:403 - info: [debug] [ADB] 'E:\work\appium\xcry_appium/apk/0421.apk' is already signed.
2019-04-22 13:44:46:404 - info: [debug] [ADB] Getting install status for com.cy.patrol
2019-04-22 13:44:46:405 - info: [debug] [ADB] Running 'E:\sdk\platform-tools\adb.exe -P 5037 -s 2116ca98 shell pm list packages com.cy.patrol'
2019-04-22 13:44:46:992 - info: [debug] [ADB] App is not installed
2019-04-22 13:44:46:993 - info: [debug] [ADB] App 'E:\work\appium\xcry_appium/apk/0421.apk' not installed. Installing
2019-04-22 13:44:46:994 - info: [debug] [ADB] Running 'E:\sdk\platform-tools\adb.exe -P 5037 -s 2116ca98 install E\:\\work\\appium\\xcry_appium/apk/0421.apk'
2019-04-22 13:45:04:667 - info: [debug] [ADB] Install command stdout: Success
2019-04-22 13:45:04:669 - info: [debug] [ADB] Running 'E:\sdk\platform-tools\adb.exe -P 5037 -s 2116ca98 shell am force-stop io.appium.uiautomator2.server'
2019-04-22 13:45:05:318 - info: [UiAutomator2] Starting uiautomator2 server 1.12.0
2019-04-22 13:45:05:319 - info: [UiAutomator2] Using UIAutomator2 server from 'C:\Users\30280\AppData\Roaming\npm\node_modules\appium\node_modules\appium-uiautomator2-server\apks\appium-uiautomator2-server-v1.12.0.apk' and test from 'C:\Users\30280\AppData\Roaming\npm\node_modules\appium\node_modules\appium-uiautomator2-server\apks\appium-uiautomator2-server-debug-androidTest.apk'
2019-04-22 13:45:05:321 - info: [UiAutomator2] Running command: 'adb -s 2116ca98 shell am instrument -w io.appium.uiautomator2.server.test/android.support.test.runner.AndroidJUnitRunner'
2019-04-22 13:45:05:329 - info: [UiAutomator2] Waiting up to 20000ms for UiAutomator2 to be online...
2019-04-22 13:45:05:335 - info: [debug] [JSONWP Proxy] Proxying [GET /status] to [GET http://localhost:8200/wd/hub/status] with no body
2019-04-22 13:45:06:382 - info: [debug] [JSONWP Proxy] Proxying [GET /status] to [GET http://localhost:8200/wd/hub/status] with no body
2019-04-22 13:45:07:400 - info: [debug] [JSONWP Proxy] Proxying [GET /status] to [GET http://localhost:8200/wd/hub/status] with no body
2019-04-22 13:45:08:414 - info: [debug] [JSONWP Proxy] Proxying [GET /status] to [GET http://localhost:8200/wd/hub/status] with no body
2019-04-22 13:45:08:469 - info: [debug] [JSONWP Proxy] Got response with status 200: "{\"sessionId\":\"SESSIONID\",\"status\":0,\"value\":\"Status Invoked\"}"
2019-04-22 13:45:08:472 - info: [debug] [JSONWP Proxy] Proxying [POST /session] to [POST http://localhost:8200/wd/hub/session] with body: {"desiredCapabilities":{"platform":"LINUX","webStorageEnabled":false,"takesScreenshot":true,"javascriptEnabled":true,"databaseEnabled":false,"networkConnectionEnabled":true,"locationContextEnabled":false,"warnings":{},"desired":{"platformName":"Android","udid":"2116ca98","noReset":true,"unicodeKeyboard":true,"resetKeyboard":true,"appWaitActivity":"com.cy.patrol.act.LoginAct","automationName":"uiautomator2","app":"E:\\work\\appium\\xcry_appium/apk/0421.apk","deviceName":"2116ca98"},"platformName":"Android","udid":"2116ca98","noReset":true,"unicodeKeyboard":true,"resetKeyboard":true,"appWaitActivity":"com.cy.patrol.act.LoginAct","automationName":"uiautomator2","app":"E:\\work\\appium\\xcry_appium/apk/0421.apk","deviceName":"2116ca98","deviceUDID":"2116ca98","platformVersion":"7.1.1","deviceScreenSize":"1080x2160","deviceScreenDensity":400,"deviceModel":"OS103","deviceManufacturer":"smartisan","deviceApiLevel":25,"appPackage":"com.cy.patrol"}}
2019-04-22 13:45:08:512 - info: [debug] [JSONWP Proxy] Got response with status 200: {"sessionId":"3930146c-573d-4a13-bccd-811ea6016f3e","status":0,"value":"Created Session"}
2019-04-22 13:45:08:515 - info: [debug] [ADB] Running 'E:\sdk\platform-tools\adb.exe -P 5037 -s 2116ca98 shell dumpsys window'
2019-04-22 13:45:08:685 - info: [AndroidDriver] Screen already unlocked, doing nothing
2019-04-22 13:45:08:687 - info: [UiAutomator2] UiAutomator2 did not start the activity we were waiting for, 'com.cy.patrol/com.cy.patrol.act.LoginAct'. Starting it ourselves
2019-04-22 13:45:08:689 - info: [debug] [ADB] Device API level: 25
2019-04-22 13:45:08:691 - info: [debug] [ADB] Running 'E:\sdk\platform-tools\adb.exe -P 5037 -s 2116ca98 shell am start -W -n com.cy.patrol/com.cy.patrol.act.LoadingAct -S -a android.intent.action.MAIN -c android.intent.category.LAUNCHER -f 0x10200000'
2019-04-22 13:45:10:654 - info: [debug] [ADB] Waiting up to 20000ms for activity matching pkg: 'com.cy.patrol' and activity: 'com.cy.patrol.act.LoginAct' to be focused
2019-04-22 13:45:10:656 - info: [debug] [ADB] Possible activities, to be checked: 'com.cy.patrol.act.LoginAct', 'com.cy.patrol.com.cy.patrol.act.LoginAct'
2019-04-22 13:45:10:660 - info: [debug] [ADB] Getting focused package and activity
2019-04-22 13:45:10:661 - info: [debug] [ADB] Running 'E:\sdk\platform-tools\adb.exe -P 5037 -s 2116ca98 shell dumpsys window windows'
2019-04-22 13:45:10:831 - info: [debug] [ADB] Found package: 'com.cy.patrol' and fully qualified activity name : 'com.cy.patrol.act.LoginAct'
2019-04-22 13:45:10:835 - info: [debug] [JSONWP Proxy] Proxying [GET /appium/device/pixel_ratio] to [GET http://localhost:8200/wd/hub/session/3930146c-573d-4a13-bccd-811ea6016f3e/appium/device/pixel_ratio] with body: {}
2019-04-22 13:45:10:855 - info: [debug] [JSONWP Proxy] Got response with status 200: "{\"sessionId\":\"3930146c-573d-4a13-bccd-811ea6016f3e\",\"status\":0,\"value\":2.5}"
2019-04-22 13:45:10:857 - info: [debug] [JSONWP Proxy] Proxying [GET /appium/device/system_bars] to [GET http://localhost:8200/wd/hub/session/3930146c-573d-4a13-bccd-811ea6016f3e/appium/device/system_bars] with body: {}
2019-04-22 13:45:10:877 - info: [debug] [JSONWP Proxy] Got response with status 200: "{\"sessionId\":\"3930146c-573d-4a13-bccd-811ea6016f3e\",\"status\":0,\"value\":{\"statusBar\":60}}"
2019-04-22 13:45:10:880 - info: [debug] [JSONWP Proxy] Proxying [GET /window/current/size] to [GET http://localhost:8200/wd/hub/session/3930146c-573d-4a13-bccd-811ea6016f3e/window/current/size] with body: {}
2019-04-22 13:45:10:899 - info: [debug] [JSONWP Proxy] Got response with status 200: "{\"sessionId\":\"3930146c-573d-4a13-bccd-811ea6016f3e\",\"status\":0,\"value\":{\"height\":2070,\"width\":1080}}"
2019-04-22 13:45:10:906 - info: [Appium] New AndroidUiautomator2Driver session created successfully, session 5d9dc2cd-2653-414e-b3fd-e628c7c53efb added to master session list
2019-04-22 13:45:10:910 - info: [debug] [BaseDriver] Event 'newSessionStarted' logged at 1555940710909 (21:45:10 GMT+0800 (中国标准时间))
2019-04-22 13:45:10:915 - info: [debug] [W3C] Responding to client with driver.createSession() result: {"capabilities":{"platform":"LINUX","webStorageEnabled":false,"takesScreenshot":true,"javascriptEnabled":true,"databaseEnabled":false,"networkConnectionEnabled":true,"locationContextEnabled":false,"warnings":{},"desired":{"platformName":"Android","udid":"2116ca98","noReset":true,"unicodeKeyboard":true,"resetKeyboard":true,"appWaitActivity":"com.cy.patrol.act.LoginAct","automationName":"uiautomator2","app":"E:\\work\\appium\\xcry_appium/apk/0421.apk","deviceName":"2116ca98"},"platformName":"Android","udid":"2116ca98","noReset":true,"unicodeKeyboard":true,"resetKeyboard":true,"appWaitActivity":"com.cy.patrol.act.LoginAct","automationName":"uiautomator2","app":"E:\\work\\appium\\xcry_appium/apk/0421.apk","deviceName":"2116ca98","deviceUDID":"2116ca98","platformVersion":"7.1.1","deviceScreenSize":"1080x2160","deviceScreenDensity":400,"deviceModel":"OS103","deviceManufacturer":"smartisan","deviceApiLevel":25,"appPackage":"com.cy.patrol","pixelRatio":2.5,"statBarHeight":60,"viewportRect":{"left":0,"top":60,"widt...
2019-04-22 13:45:10:930 - info: [HTTP] <-- POST /wd/hub/session 200 38321 ms - 1106
2019-04-22 13:45:10:931 - info: [HTTP] 
2019-04-22 13:45:10:950 - info: [HTTP] --> GET /wd/hub/session/5d9dc2cd-2653-414e-b3fd-e628c7c53efb/screenshot
2019-04-22 13:45:10:950 - info: [HTTP] {}
2019-04-22 13:45:10:954 - info: [debug] [W3C] Calling AppiumDriver.getScreenshot() with args: ["5d9dc2cd-2653-414e-b3fd-e628c7c53efb"]
2019-04-22 13:45:10:958 - info: [debug] [JSONWP Proxy] Proxying [GET /screenshot] to [GET http://localhost:8200/wd/hub/session/3930146c-573d-4a13-bccd-811ea6016f3e/screenshot] with no body
2019-04-22 13:45:11:573 - info: [debug] [JSONWP Proxy] Got response with status 200: "{\"sessionId\":\"3930146c-573d-4a13-bccd-811ea6016f3e\",\"status\":0,\"value\":\"iVBORw0KGgoAAAANSUhEUgAABDgAAAhwCAIAAABH2RmtAAAAA3NCSVQICAjb4U\\/gAAAgAElEQVR4\\nnOzdeVhTV+L\\/8RsCBMK+CQqyiICidYFSrdbd1qmj1qltHbv3233azrR2m06to7Z2uq9T7bQ6Vcet\\nix1tbV1xrXVHVBQVFEREECIgJCQhIb8\\/7m\\/u3AlbCAEu8n790SfncO+5Jz59IJ+cTZWeni4AAAAA\\ngJK4dXQHAAAAAMAeQQUAAACA4hBUAAAAACgOQQUAAACA4hBUAAAAACgOQQUAAACA4hBUAAAAACgO\\nQQUAAACA4hBUAAAAACgOQQUAAACA4hBUAAAAACgOQQUAAACA4hBUAAAAACjONRtU1q1bZ7FYHLnS\\nbDb\\/8MMPbd0fAAAAAI5z7+gOtJUDBw6cPn165syZ7u7ue\\/bs2b17t9FotFgsKpXK09MzNDT03nvv\\n9fPzq62t\\/fDDD69evTplypSO7jIAAACA\\/0+Vnp7ePk+y2Wz5+flnzpw5f\\/68TqerqakRBMHb2zsk\\nJCQ6OjopKSk2NlalUrnqcZcvX\\/7000+1Wm1NTY3Vam3wmqioqPLycqPR+Mc\\/\\/jE0NNRVjwYAAEBb\\nq6io2Llz55kzZ6qqqvz8\\/BITE0eNGhUYGNj6i6EQ7RFUbDZbRkbGzp07dTpdE5eFhISMGjUqJSXF\\nVXElPT1927ZtzV52\\/\\/33JyUlueSJAAAAaAe5ubkrV640mUxSjUqlSkpK+v3vf+\\/h4WF3cW1t7erV\\nq0+fPm2z2aRKjUZz99139+7du6WPNpvNn332WXV19WuvvSbW5OTkbN269fLly\\/7+\\/mlpacOHD3fi\\n0+yrr75qVzN\\/\\/vyWNrJjx4709PS6ur...
2019-04-22 13:45:11:584 - info: [debug] [W3C] Responding to client with driver.getScreenshot() result: "iVBORw0KGgoAAAANSUhEUgAABDgAAAhwCAIAAABH2RmtAAAAA3NCSVQICAjb4U/gAAAgAElEQVR4\nnOzdeVhTV+L/8RsCBMK+CQqyiICidYFSrdbd1qmj1qltHbv3233azrR2m06to7Z2uq9T7bQ6Vcet\nix1tbV1xrXVHVBQVFEREECIgJCQhIb8/7m/u3AlbCAEu8n790SfncO+5Jz59IJ+cTZWeni4AAAAA\ngJK4dXQHAAAAAMAeQQUAAACA4hBUAAAAACgOQQUAAACA4hBUAAAAACgOQQUAAACA4hBUAAAAACgO\nQQUAAACA4hBUAAAAACgOQQUAAACA4hBUAAAAACgOQQUAAACA4hBUAAAAACjONRtU1q1bZ7FYHLnS\nbDb/8MMPbd0fAAAAAI5z7+gOtJUDBw6cPn165syZ7u7ue/bs2b17t9FotFgsKpXK09MzNDT03nvv\n9fPzq62t/fDDD69evTplypSO7jIAAACA/0+Vnp7ePk+y2Wz5+flnzpw5f/68TqerqakRBMHb2zsk\nJCQ6OjopKSk2NlalUrnqcZcvX/7000+1Wm1NTY3Vam3wmqioqPLycqPR+Mc//jE0NNRVjwYAAEBb\nq6io2Llz55kzZ6qqqvz8/BITE0eNGhUYGNj6i6EQ7RFUbDZbRkbGzp07dTpdE5eFhISMGjUqJSXF\nVXElPT1927ZtzV52//33JyUlueSJAAAAaAe5ubkrV640mUxSjUqlSkpK+v3vf+/h4WF3cW1t7erV\nq0+fPm2z2aRKjUZz99139+7du6WPNpvNn332WXV19WuvvSbW5OTkbN269fLly/7+/mlpacOHD3fi\n0+yrr75qVzN//vyWNrJjx4709PS6urqW3ugcNze3cePGjR49uo3ab/OpX+Xl5atXry4sLGz2Sp1O\n9/333x84cOD3v/99UFBQK59bUlLiSEoRBGHLli2JiYkuHMwBAABA2ykvL1+1apWUUlQqVUpKyqhR\no2pra3...
2019-04-22 13:45:11:595 - info: [HTTP] <-- GET /wd/hub/session/5d9dc2cd-2653-414e-b3fd-e628c7c53efb/screenshot 200 641 ms - 151616
2019-04-22 13:45:11:596 - info: [HTTP] 
2019-04-22 13:45:11:606 - info: [HTTP] --> GET /wd/hub/session/5d9dc2cd-2653-414e-b3fd-e628c7c53efb/screenshot
2019-04-22 13:45:11:607 - info: [HTTP] {}
2019-04-22 13:45:11:608 - info: [debug] [W3C] Calling AppiumDriver.getScreenshot() with args: ["5d9dc2cd-2653-414e-b3fd-e628c7c53efb"]
2019-04-22 13:45:11:611 - info: [debug] [JSONWP Proxy] Proxying [GET /screenshot] to [GET http://localhost:8200/wd/hub/session/3930146c-573d-4a13-bccd-811ea6016f3e/screenshot] with no body
2019-04-22 13:45:12:157 - info: [debug] [JSONWP Proxy] Got response with status 200: "{\"sessionId\":\"3930146c-573d-4a13-bccd-811ea6016f3e\",\"status\":0,\"value\":\"iVBORw0KGgoAAAANSUhEUgAABDgAAAhwCAIAAABH2RmtAAAAA3NCSVQICAjb4U\\/gAAAgAElEQVR4\\nnOzdd1wU1+L38Vl6FaUKiC2IiCj2HntLYjQWjF2TeGM3lhhbLDGxcBONJmpi1IhGYwsaL\\/ao2FsU\\nNaLYGwKCiNLLIvv8Mb87d56luCwLDPB5\\/3Ffe86eOXPw5gX73TlFpdFoBAAAAABQEqOSHgAAAAAA\\naCOoAAAAAFAcggoAAAAAxSGoAAAAAFAcggoAAAAAxSGoAAAAAFAcggoAAAAAxSGoAAAAAFAcggoA\\nAAAAxSGoAAAAAFAcggoAAAAAxSGoAAAAAFAcggoAAAAAxSmzQWX16tWZmZm6tExPT\\/\\/pp5+KejwA\\nAAAAdKfSaDQlPYYi8f777zs6Oq5Zs8bMzGzPnj1BQUEpKSlqtVqlUllYWFSpUuXLL7+sVKlSRkbG\\np59+Gh8fHxwcXNJDBgAAAPB\\/ii+oaDSaGzduXLp0KTw8PCoqKjk5WRAEGxsbNzc3b2\\/vpk2b1q1b\\nV6VSGep2T548mTBhQoUKFZKSkl6\\/fp1rm1q1asXExKSkpKxatcrd3d1QtwYAAEBRe\\/78+c6dOy9d\\nuvTy5ctKlSo1adLE39\\/fycmp8I2hEMURVDQazZEjR3bu3BkdHZ1PM1dXV39\\/\\/86dOxsqrmzZsmXb\\ntm1vbDZv3rwmTZoY5I4AAAAoBlevXl20aFFaWppUo1KpmjRpMn36dHNzc63GGRkZAQEBly5dkn\\/u\\ntbS0nDlzZsOGDQt66\\/T09EmTJr169Ur6nBkaGrply5YnT57Y29t37979gw8+0OPT7Pvvv69Vo8d8\\nn+3bt\\/\\/+++\\/Z2dkFvVA\\/RkZGgwYN+vDDD4...
2019-04-22 13:45:12:163 - info: [debug] [W3C] Responding to client with driver.getScreenshot() result: "iVBORw0KGgoAAAANSUhEUgAABDgAAAhwCAIAAABH2RmtAAAAA3NCSVQICAjb4U/gAAAgAElEQVR4\nnOzdd1wU1+L38Vl6FaUKiC2IiCj2HntLYjQWjF2TeGM3lhhbLDGxcBONJmpi1IhGYwsaL/ao2FsU\nNaLYGwKCiNLLIvv8Mb87d56luCwLDPB5/3Ffe86eOXPw5gX73TlFpdFoBAAAAABQEqOSHgAAAAAA\naCOoAAAAAFAcggoAAAAAxSGoAAAAAFAcggoAAAAAxSGoAAAAAFAcggoAAAAAxSGoAAAAAFAcggoA\nAAAAxSGoAAAAAFAcggoAAAAAxSGoAAAAAFAcggoAAAAAxSmzQWX16tWZmZm6tExPT//pp5+KejwA\nAAAAdKfSaDQlPYYi8f777zs6Oq5Zs8bMzGzPnj1BQUEpKSlqtVqlUllYWFSpUuXLL7+sVKlSRkbG\np59+Gh8fHxwcXNJDBgAAAPB/ii+oaDSaGzduXLp0KTw8PCoqKjk5WRAEGxsbNzc3b2/vpk2b1q1b\nV6VSGep2T548mTBhQoUKFZKSkl6/fp1rm1q1asXExKSkpKxatcrd3d1QtwYAAEBRe/78+c6dOy9d\nuvTy5ctKlSo1adLE39/fycmp8I2hEMURVDQazZEjR3bu3BkdHZ1PM1dXV39//86dOxsqrmzZsmXb\ntm1vbDZv3rwmTZoY5I4AAAAoBlevXl20aFFaWppUo1KpmjRpMn36dHNzc63GGRkZAQEBly5dkn/u\ntbS0nDlzZsOGDQt66/T09EmTJr169Ur6nBkaGrply5YnT57Y29t37979gw8+0OPT7Pvvv69Vo8d8\nn+3bt//+++/Z2dkFvVA/RkZGgwYN+vDDD4uo/yIPKjExMQEBAXfv3tWxfa1ataZPn+7i4lLI+z5+\n/Hj8+PG6tKxRo8by5cuNjMrsch0AAICyJCYm5rPPPktJSRGLKpWqU6dO/fv3z8jIOHv2bFhYWGRk\npDR5x9...
2019-04-22 13:45:12:171 - info: [HTTP] <-- GET /wd/hub/session/5d9dc2cd-2653-414e-b3fd-e628c7c53efb/screenshot 200 563 ms - 100124
2019-04-22 13:45:12:172 - info: [HTTP] 
2019-04-22 13:45:12:203 - info: [HTTP] --> GET /wd/hub/session/5d9dc2cd-2653-414e-b3fd-e628c7c53efb/screenshot
2019-04-22 13:45:12:204 - info: [HTTP] {}
2019-04-22 13:45:12:205 - info: [debug] [W3C] Calling AppiumDriver.getScreenshot() with args: ["5d9dc2cd-2653-414e-b3fd-e628c7c53efb"]
2019-04-22 13:45:12:208 - info: [debug] [JSONWP Proxy] Proxying [GET /screenshot] to [GET http://localhost:8200/wd/hub/session/3930146c-573d-4a13-bccd-811ea6016f3e/screenshot] with no body
2019-04-22 13:45:12:764 - info: [debug] [JSONWP Proxy] Got response with status 200: "{\"sessionId\":\"3930146c-573d-4a13-bccd-811ea6016f3e\",\"status\":0,\"value\":\"iVBORw0KGgoAAAANSUhEUgAABDgAAAhwCAIAAABH2RmtAAAAA3NCSVQICAjb4U\\/gAAAgAElEQVR4\\nnOzdd1xV9ePH8XPZU5EpIK4QEFHcipYLNStHDiw1zcpvzsqRuXJkOfiWZsuWJpp+XaEZzgK3opaI\\nOVDcIiCI6GXDRe7vj\\/PrfM\\/3Mrxc1gFezz++j\\/v53M8554PfHnDf97NUWq1WAAAAAAAlMarqDgAA\\nAACALoIKAAAAAMUhqAAAAABQHIIKAAAAAMUhqAAAAABQHIIKAAAAAMUhqAAAAABQHIIKAAAAAMUh\\nqAAAAABQHIIKAAAAAMUhqAAAAABQHIIKAAAAAMUhqAAAAABQnBobVFavXp2Xl6dPy5ycnG+\\/\\/bai\\n+wMAAABAfyqtVlvVfagQAwYMcHR0\\/P77783MzHbt2hUaGpqZmanRaFQqlYWFRYMGDT788MN69erl\\n5ua+\\/fbbqampYWFhVd1lAAAAAP+v8oKKVqu9dOnSX3\\/9FRMTk5CQkJGRIQiCjY2Nm5ubj49Phw4d\\nWrRooVKpyutxd+\\/efeedd+rUqZOenv7kyZMi2zRr1iwpKSkzM\\/Obb75xd3cvr0cDAACgoj148GD7\\n9u1\\/\\/fXXo0eP6tWr1759+6CgICcnp7I3hkJURlDRarXh4eHbt29PTEwsoZmrq2tQUFDv3r3LK65s\\n2rRpy5YtT222cOHC9u3bl8sTAQAAUAmio6OXLl2anZ0t1ahUqvbt28+aNcvc3FyncW5ubnBw8F9\\/\\n\\/SX\\/3GtpaTlnzpw2bdqU9tE5OTlTp059\\/Pix9DkzKipq06ZNd+\\/etbe379ev38svv2zAp9kBAwbo\\n1Bgw3ycyMnL16tWPHz8u7YWGsbOzmzRpUk...
2019-04-22 13:45:12:772 - info: [debug] [W3C] Responding to client with driver.getScreenshot() result: "iVBORw0KGgoAAAANSUhEUgAABDgAAAhwCAIAAABH2RmtAAAAA3NCSVQICAjb4U/gAAAgAElEQVR4\nnOzdd1xV9ePH8XPZU5EpIK4QEFHcipYLNStHDiw1zcpvzsqRuXJkOfiWZsuWJpp+XaEZzgK3opaI\nOVDcIiCI6GXDRe7vj/PrfM/3Mrxc1gFezz++j/v53M8554PfHnDf97NUWq1WAAAAAAAlMarqDgAA\nAACALoIKAAAAAMUhqAAAAABQHIIKAAAAAMUhqAAAAABQHIIKAAAAAMUhqAAAAABQHIIKAAAAAMUh\nqAAAAABQHIIKAAAAAMUhqAAAAABQHIIKAAAAAMUhqAAAAABQnBobVFavXp2Xl6dPy5ycnG+//bai\n+wMAAABAfyqtVlvVfagQAwYMcHR0/P77783MzHbt2hUaGpqZmanRaFQqlYWFRYMGDT788MN69erl\n5ua+/fbbqampYWFhVd1lAAAAAP+v8oKKVqu9dOnSX3/9FRMTk5CQkJGRIQiCjY2Nm5ubj49Phw4d\nWrRooVKpyutxd+/efeedd+rUqZOenv7kyZMi2zRr1iwpKSkzM/Obb75xd3cvr0cDAACgoj148GD7\n9u1//fXXo0eP6tWr1759+6CgICcnp7I3hkJURlDRarXh4eHbt29PTEwsoZmrq2tQUFDv3r3LK65s\n2rRpy5YtT222cOHC9u3bl8sTAQAAUAmio6OXLl2anZ0t1ahUqvbt28+aNcvc3FyncW5ubnBw8F9/\n/SX/3GtpaTlnzpw2bdqU9tE5OTlTp059/Pix9DkzKipq06ZNd+/etbe379ev38svv2zAp9kBAwbo\n1Bgw3ycyMnL16tWPHz8u7YWGsbOzmzRpUkBAQAXdv8KDSlJSUnBw8LVr1/Rs36xZs1mzZrm4uJTx\nuXfu3JkyZYo+LZs0abJq1Sojoxq7XAcAAKAmSUpKeu+99zIzM8WiSqUKDAwcPnx4bm7uyZMnL168\nGB8fL0...
2019-04-22 13:45:12:781 - info: [HTTP] <-- GET /wd/hub/session/5d9dc2cd-2653-414e-b3fd-e628c7c53efb/screenshot 200 581 ms - 101166
2019-04-22 13:45:12:781 - info: [HTTP] 
2019-04-22 13:45:12:787 - info: [HTTP] --> DELETE /wd/hub/session/5d9dc2cd-2653-414e-b3fd-e628c7c53efb
2019-04-22 13:45:12:788 - info: [HTTP] {}
2019-04-22 13:45:12:789 - info: [debug] [W3C] Calling AppiumDriver.deleteSession() with args: ["5d9dc2cd-2653-414e-b3fd-e628c7c53efb"]
2019-04-22 13:45:12:791 - info: [debug] [BaseDriver] Event 'quitSessionRequested' logged at 1555940712790 (21:45:12 GMT+0800 (中国标准时间))
2019-04-22 13:45:12:797 - info: [Appium] Removing session 5d9dc2cd-2653-414e-b3fd-e628c7c53efb from our master session list
2019-04-22 13:45:12:802 - info: [debug] [UiAutomator2] Deleting UiAutomator2 session
2019-04-22 13:45:12:810 - info: [debug] [UiAutomator2] Deleting UiAutomator2 server session
2019-04-22 13:45:12:811 - info: [debug] [JSONWP Proxy] Proxying [DELETE /] to [DELETE http://localhost:8200/wd/hub/session/3930146c-573d-4a13-bccd-811ea6016f3e] with no body
2019-04-22 13:45:12:859 - info: [debug] [JSONWP Proxy] Got response with status 200: "{\"sessionId\":\"3930146c-573d-4a13-bccd-811ea6016f3e\",\"status\":0,\"value\":\"Session deleted\"}"
2019-04-22 13:45:12:860 - info: [debug] [UiAutomator2] Resetting IME to 'com.iflytek.inputmethod.smartisan/com.iflytek.inputmethod.FlyIME'
2019-04-22 13:45:12:862 - info: [debug] [ADB] Running 'E:\sdk\platform-tools\adb.exe -P 5037 -s 2116ca98 shell ime set com.iflytek.inputmethod.smartisan/com.iflytek.inputmethod.FlyIME'
2019-04-22 13:45:13:466 - info: [debug] [UiAutomator2] [UIAutomator2] io.appium.uiautomator2.server.test.AppiumUiAutomator2Server:.
2019-04-22 13:45:13:467 - info: [debug] [UiAutomator2] [UIAutomator2] Time: 6.021
2019-04-22 13:45:13:467 - info: [debug] [UiAutomator2] [UIAutomator2] OK (1 test)
2019-04-22 13:45:13:551 - info: [debug] [ADB] Running 'E:\sdk\platform-tools\adb.exe -P 5037 -s 2116ca98 shell am force-stop com.cy.patrol'
2019-04-22 13:45:14:205 - info: [debug] [Logcat] Stopping logcat capture
2019-04-22 13:45:14:226 - info: [debug] [ADB] Removing forwarded port socket connection: 8200 
2019-04-22 13:45:14:228 - info: [debug] [ADB] Running 'E:\sdk\platform-tools\adb.exe -P 5037 -s 2116ca98 forward --remove tcp\:8200'
2019-04-22 13:45:14:326 - info: [debug] [BaseDriver] Event 'quitSessionFinished' logged at 1555940714325 (21:45:14 GMT+0800 (中国标准时间))
2019-04-22 13:45:14:330 - info: [debug] [W3C] Received response: null
2019-04-22 13:45:14:331 - info: [debug] [W3C] But deleting session, so not returning
2019-04-22 13:45:14:331 - info: [debug] [W3C] Responding to client with driver.deleteSession() result: null
2019-04-22 13:45:14:334 - info: [HTTP] <-- DELETE /wd/hub/session/5d9dc2cd-2653-414e-b3fd-e628c7c53efb 200 1547 ms - 14
2019-04-22 13:45:14:336 - info: [HTTP] 
