2019-04-21 12:20:35:922 - warn: [Appium] Appium support for versions of node < 8 has been deprecated and will be removed in a future version. Please upgrade!
2019-04-21 12:20:35:922 - info: [Appium] Welcome to Appium v1.8.1
2019-04-21 12:20:35:937 - info: [Appium] Non-default server args:
2019-04-21 12:20:35:937 - info: [Appium]   port: 4701
2019-04-21 12:20:35:937 - info: [Appium]   bootstrapPort: 4900
2019-04-21 12:20:35:937 - info: [Appium]   sessionOverride: true
2019-04-21 12:20:35:937 - info: [Appium]   log: D:/pythonProgram/Appium27/log/2116ca982019-04-21-20_20_33.log
2019-04-21 12:20:35:937 - info: [Appium]   udid: 2116ca98
2019-04-21 12:20:35:937 - info: [Appium]   noReset: true
2019-04-21 12:20:35:937 - warn: [Appium] Deprecated server args:
2019-04-21 12:20:35:937 - warn: [Appium]   -U,--udid => --default-capabilities '{"udid":"2116ca98"}'
2019-04-21 12:20:35:937 - warn: [Appium]   --no-reset => --default-capabilities '{"noReset":true}'
2019-04-21 12:20:35:937 - info: [Appium] Default capabilities, which will be added to each request unless overridden by desired capabilities:
2019-04-21 12:20:35:937 - info: [Appium]   udid: 2116ca98
2019-04-21 12:20:35:937 - info: [Appium]   noReset: true
2019-04-21 12:20:35:969 - info: [Appium] Appium REST http interface listener started on 0.0.0.0:4701
2019-04-21 12:20:54:117 - info: [HTTP] --> POST /wd/hub/session
2019-04-21 12:20:54:117 - info: [HTTP] {"capabilities":{"firstMatch":[{"appium:unicodeKeyboard":true,"appium:resetKeyboard":true,"appium:appWaitActivity":"com.cy.patrol.act.LoginAct","appium:automationName":"uiautomator2","appium:app":"E:\\work\\appium\\xcry_appium/apk/ryxc.apk","appium:deviceName":"2116ca98","platformName":"Android"}]},"desiredCapabilities":{"deviceName":"2116ca98","unicodeKeyboard":true,"app":"E:\\work\\appium\\xcry_appium/apk/ryxc.apk","appWaitActivity":"com.cy.patrol.act.LoginAct","resetKeyboard":true,"platformName":"Android","automationName":"uiautomator2"}}
2019-04-21 12:20:54:133 - info: [debug] [MJSONWP] Calling AppiumDriver.createSession() with args: [{"deviceName":"2116ca98","unicodeKeyboard":true,"app":"E:\\work\\appium\\xcry_appium/apk/ryxc.apk","appWaitActivity":"com.cy.patrol.act.LoginAct","resetKeyboard":true,"platformName":"Android","automationName":"uiautomator2"},null,{"firstMatch":[{"appium:unicodeKeyboard":true,"appium:resetKeyboard":true,"appium:appWaitActivity":"com.cy.patrol.act.LoginAct","appium:automationName":"uiautomator2","appium:app":"E:\\work\\appium\\xcry_appium/apk/ryxc.apk","appium:deviceName":"2116ca98","platformName":"Android"}]}]
2019-04-21 12:20:54:133 - info: [debug] [BaseDriver] Event 'newSessionRequested' logged at 1555849254133 (20:20:54 GMT+0800 (中国标准时间))
2019-04-21 12:20:54:133 - warn: [BaseDriver] The capabilities ["udid","noReset"] are not standard capabilities and should have an extension prefix
2019-04-21 12:20:54:133 - info: [Appium] Creating new AndroidUiautomator2Driver (v1.12.0) session
2019-04-21 12:20:54:133 - info: [Appium] Capabilities:
2019-04-21 12:20:54:133 - info: [Appium]   udid: 2116ca98
2019-04-21 12:20:54:133 - info: [Appium]   noReset: true
2019-04-21 12:20:54:133 - info: [Appium]   platformName: Android
2019-04-21 12:20:54:133 - info: [Appium]   unicodeKeyboard: true
2019-04-21 12:20:54:133 - info: [Appium]   resetKeyboard: true
2019-04-21 12:20:54:133 - info: [Appium]   appWaitActivity: com.cy.patrol.act.LoginAct
2019-04-21 12:20:54:133 - info: [Appium]   automationName: uiautomator2
2019-04-21 12:20:54:133 - info: [Appium]   app: E:\work\appium\xcry_appium/apk/ryxc.apk
2019-04-21 12:20:54:133 - info: [Appium]   deviceName: 2116ca98
2019-04-21 12:20:54:148 - info: [debug] [BaseDriver] W3C capabilities {"alwaysMatch":{"appium:udi... and MJSONWP desired capabilities [object Object] were provided
2019-04-21 12:20:54:148 - info: [debug] [BaseDriver] Creating session with W3C capabilities: {"alwaysMatch":{"appium:udi...
2019-04-21 12:20:54:148 - info: [BaseDriver] Session created with session id: d12baeab-4876-45c2-9288-d30add16b55f
2019-04-21 12:20:54:164 - info: [BaseDriver] Using local app 'E:\work\appium\xcry_appium/apk/ryxc.apk'
2019-04-21 12:20:54:164 - info: [debug] [UiAutomator2] Checking whether app is actually present
2019-04-21 12:20:54:568 - info: [debug] [AndroidDriver] Getting Java version
2019-04-21 12:20:54:663 - info: [AndroidDriver] Java version is: 1.8.0_151
2019-04-21 12:20:54:663 - info: [ADB] Checking whether adb is present
2019-04-21 12:20:54:663 - info: [ADB] Found 1 'build-tools' folders under 'E:\sdk' (newest first):
2019-04-21 12:20:54:663 - info: [ADB]     E:/sdk/build-tools/android-4.3
2019-04-21 12:20:54:663 - info: [ADB] Using adb.exe from E:\sdk\platform-tools\adb.exe
2019-04-21 12:20:54:663 - info: [AndroidDriver] Retrieving device list
2019-04-21 12:20:54:663 - info: [debug] [ADB] Trying to find a connected android device
2019-04-21 12:20:54:663 - info: [debug] [ADB] Getting connected devices...
2019-04-21 12:20:54:710 - info: [debug] [ADB] 1 device(s) connected
2019-04-21 12:20:54:710 - info: [AndroidDriver] Using device: 2116ca98
2019-04-21 12:20:54:710 - info: [debug] [ADB] Setting device id to 2116ca98
2019-04-21 12:20:54:710 - info: [debug] [ADB] Running 'E:\sdk\platform-tools\adb.exe -P 5037 -s 2116ca98 shell getprop ro.build.version.sdk'
2019-04-21 12:20:54:757 - info: [debug] [ADB] Current device property 'ro.build.version.sdk': 25
2019-04-21 12:20:54:757 - info: [debug] [ADB] Device API level: 25
2019-04-21 12:20:54:757 - info: [debug] [AndroidDriver] Parsing package and activity from app manifest
2019-04-21 12:20:54:773 - info: [ADB] Using the alternative activity name detection method because of: Could not find apkanalyzer.bat in E:\sdk\platform-tools\apkanalyzer.bat,E:\sdk\emulator\apkanalyzer.bat,E:\sdk\tools\apkanalyzer.bat,E:\sdk\tools\bin\apkanalyzer.bat,E:\sdk\build-tools\android-4.3\apkanalyzer.bat. Do you have the Android SDK installed at 'E:\sdk'?
2019-04-21 12:20:54:773 - info: [ADB] Checking whether aapt is present
2019-04-21 12:20:54:773 - info: [ADB] Using aapt.exe from E:\sdk\tools\aapt.exe
2019-04-21 12:20:54:773 - info: [ADB] Extracting package and launch activity from manifest
2019-04-21 12:20:54:820 - info: [ADB] Package name: 'com.cy.patrol'
2019-04-21 12:20:54:820 - info: [ADB] Main activity name: 'com.cy.patrol.act.LoadingAct'
2019-04-21 12:20:54:820 - info: [debug] [AndroidDriver] Parsed package and activity are: com.cy.patrol/com.cy.patrol.act.LoadingAct
2019-04-21 12:20:54:820 - info: [ADB] Getting device platform version
2019-04-21 12:20:54:820 - info: [debug] [ADB] Running 'E:\sdk\platform-tools\adb.exe -P 5037 -s 2116ca98 shell getprop ro.build.version.release'
2019-04-21 12:20:54:867 - info: [debug] [ADB] Current device property 'ro.build.version.release': 7.1.1
2019-04-21 12:20:54:867 - info: [debug] [ADB] Running 'E:\sdk\platform-tools\adb.exe -P 5037 -s 2116ca98 shell wm size'
2019-04-21 12:20:55:382 - info: [debug] [ADB] Running 'E:\sdk\platform-tools\adb.exe -P 5037 -s 2116ca98 shell wm density'
2019-04-21 12:20:55:923 - info: [debug] [ADB] Running 'E:\sdk\platform-tools\adb.exe -P 5037 -s 2116ca98 shell getprop ro.product.model'
2019-04-21 12:20:55:970 - info: [debug] [ADB] Current device property 'ro.product.model': OS103
2019-04-21 12:20:55:970 - info: [debug] [ADB] Running 'E:\sdk\platform-tools\adb.exe -P 5037 -s 2116ca98 shell getprop ro.product.manufacturer'
2019-04-21 12:20:56:017 - info: [debug] [ADB] Current device property 'ro.product.manufacturer': smartisan
2019-04-21 12:20:56:017 - info: [debug] [ADB] Device API level: 25
2019-04-21 12:20:56:017 - info: [debug] [ADB] Running 'E:\sdk\platform-tools\adb.exe -P 5037 -s 2116ca98 shell am force-stop io.appium.uiautomator2.server'
2019-04-21 12:20:56:579 - info: [debug] [ADB] Checking app cert for C:\Users\30280\AppData\Roaming\npm\node_modules\appium\node_modules\appium-uiautomator2-server\apks\appium-uiautomator2-server-v1.12.0.apk
2019-04-21 12:20:56:579 - warn: [ADB] Cannot use apksigner tool for signature verification. Defaulting to verify.jar. Original error: Could not find apksigner.bat in E:\sdk\platform-tools\apksigner.bat,E:\sdk\emulator\apksigner.bat,E:\sdk\tools\apksigner.bat,E:\sdk\tools\bin\apksigner.bat,E:\sdk\build-tools\android-4.3\apksigner.bat. Do you have the Android SDK installed at 'E:\sdk'?
2019-04-21 12:20:56:820 - info: [debug] [ADB] 'C:\Users\30280\AppData\Roaming\npm\node_modules\appium\node_modules\appium-uiautomator2-server\apks\appium-uiautomator2-server-v1.12.0.apk' is already signed.
2019-04-21 12:20:56:820 - info: [debug] [ADB] Checking app cert for C:\Users\30280\AppData\Roaming\npm\node_modules\appium\node_modules\appium-uiautomator2-server\apks\appium-uiautomator2-server-debug-androidTest.apk
2019-04-21 12:20:56:820 - warn: [ADB] Cannot use apksigner tool for signature verification. Defaulting to verify.jar. Original error: Could not find apksigner.bat in E:\sdk\platform-tools\apksigner.bat,E:\sdk\emulator\apksigner.bat,E:\sdk\tools\apksigner.bat,E:\sdk\tools\bin\apksigner.bat,E:\sdk\build-tools\android-4.3\apksigner.bat. Do you have the Android SDK installed at 'E:\sdk'?
2019-04-21 12:20:57:073 - info: [debug] [ADB] 'C:\Users\30280\AppData\Roaming\npm\node_modules\appium\node_modules\appium-uiautomator2-server\apks\appium-uiautomator2-server-debug-androidTest.apk' is already signed.
2019-04-21 12:20:57:073 - info: [debug] [ADB] Getting install status for io.appium.uiautomator2.server
2019-04-21 12:20:57:073 - info: [debug] [ADB] Running 'E:\sdk\platform-tools\adb.exe -P 5037 -s 2116ca98 shell pm list packages io.appium.uiautomator2.server'
2019-04-21 12:20:57:620 - info: [debug] [ADB] App is installed
2019-04-21 12:20:57:620 - info: [debug] [ADB] Getting package info for 'io.appium.uiautomator2.server'
2019-04-21 12:20:57:620 - info: [debug] [ADB] Running 'E:\sdk\platform-tools\adb.exe -P 5037 -s 2116ca98 shell dumpsys package io.appium.uiautomator2.server'
2019-04-21 12:20:57:770 - info: [debug] [ADB] The installed 'io.appium.uiautomator2.server' package does not require upgrade ('1.12.0' >= '1.12.0')
2019-04-21 12:20:57:770 - info: [debug] [ADB] Getting install status for io.appium.uiautomator2.server.test
2019-04-21 12:20:57:770 - info: [debug] [ADB] Running 'E:\sdk\platform-tools\adb.exe -P 5037 -s 2116ca98 shell pm list packages io.appium.uiautomator2.server.test'
2019-04-21 12:20:58:286 - info: [debug] [ADB] App is installed
2019-04-21 12:20:58:286 - info: [debug] [ADB] Getting package info for 'io.appium.uiautomator2.server.test'
2019-04-21 12:20:58:286 - info: [debug] [ADB] Running 'E:\sdk\platform-tools\adb.exe -P 5037 -s 2116ca98 shell dumpsys package io.appium.uiautomator2.server.test'
2019-04-21 12:20:58:411 - warn: [ADB] Cannot read version codes of 'C:\Users\30280\AppData\Roaming\npm\node_modules\appium\node_modules\appium-uiautomator2-server\apks\appium-uiautomator2-server-debug-androidTest.apk' and/or 'io.appium.uiautomator2.server.test'
2019-04-21 12:20:58:411 - warn: [ADB] Cannot read version names of 'C:\Users\30280\AppData\Roaming\npm\node_modules\appium\node_modules\appium-uiautomator2-server\apks\appium-uiautomator2-server-debug-androidTest.apk' and/or 'io.appium.uiautomator2.server.test'. Assuming correct app version is already installed
2019-04-21 12:20:58:411 - info: [debug] [UiAutomator2] Waiting up to 20000ms for instrumentation 'io.appium.uiautomator2.server.test/android.support.test.runner.AndroidJUnitRunner' to be available
2019-04-21 12:20:58:411 - info: [debug] [ADB] Running 'E:\sdk\platform-tools\adb.exe -P 5037 -s 2116ca98 shell pm list instrumentation'
2019-04-21 12:20:58:942 - info: [debug] [UiAutomator2] Instrumentation 'io.appium.uiautomator2.server.test/android.support.test.runner.AndroidJUnitRunner' available
2019-04-21 12:20:58:942 - info: [debug] [ADB] Running 'E:\sdk\platform-tools\adb.exe -P 5037 -s 2116ca98 wait-for-device'
2019-04-21 12:20:58:973 - info: [debug] [ADB] Running 'E:\sdk\platform-tools\adb.exe -P 5037 -s 2116ca98 shell echo ping'
2019-04-21 12:20:59:005 - info: [debug] [AndroidDriver] Pushing settings apk to device...
2019-04-21 12:20:59:005 - info: [debug] [ADB] Getting install status for io.appium.settings
2019-04-21 12:20:59:005 - info: [debug] [ADB] Running 'E:\sdk\platform-tools\adb.exe -P 5037 -s 2116ca98 shell pm list packages io.appium.settings'
2019-04-21 12:20:59:535 - info: [debug] [ADB] App is installed
2019-04-21 12:20:59:535 - info: [debug] [ADB] Getting package info for 'io.appium.settings'
2019-04-21 12:20:59:535 - info: [debug] [ADB] Running 'E:\sdk\platform-tools\adb.exe -P 5037 -s 2116ca98 shell dumpsys package io.appium.settings'
2019-04-21 12:20:59:664 - info: [debug] [ADB] The installed 'io.appium.settings' package does not require upgrade (13 > 5)
2019-04-21 12:20:59:664 - info: [debug] [ADB] Running 'E:\sdk\platform-tools\adb.exe -P 5037 -s 2116ca98 shell ps'
2019-04-21 12:20:59:774 - info: [debug] [AndroidDriver] io.appium.settings is already running. There is no need to reset its permissions.
2019-04-21 12:20:59:774 - info: [debug] [ADB] Device API level: 25
2019-04-21 12:20:59:789 - info: [debug] [ADB] Running 'E:\sdk\platform-tools\adb.exe -P 5037 -s 2116ca98 shell appops set io.appium.settings android\:mock_location allow'
2019-04-21 12:20:59:836 - warn: [AndroidDriver] setDeviceLanguageCountry requires language or country.
2019-04-21 12:20:59:836 - warn: [AndroidDriver] Got language: 'null' and country: 'null'
2019-04-21 12:20:59:836 - info: [debug] [Logcat] Starting logcat capture
2019-04-21 12:20:59:884 - info: [debug] [AndroidDriver] Enabling Unicode keyboard support
2019-04-21 12:20:59:884 - info: [debug] [AndroidDriver] Pushing unicode ime to device...
2019-04-21 12:20:59:884 - info: [debug] [ADB] Running 'E:\sdk\platform-tools\adb.exe -P 5037 -s 2116ca98 install C\:\\Users\\30280\\AppData\\Roaming\\npm\\node_modules\\appium\\node_modules\\appium-android-ime\\bin\\UnicodeIME-debug.apk'
2019-04-21 12:21:00:742 - info: [debug] [ADB] Install command stdout: Failure [INSTALL_FAILED_ALREADY_EXISTS: Attempt to re-install io.appium.android.ime without first uninstalling.]
2019-04-21 12:21:00:742 - info: [debug] [ADB] Application 'C:\Users\30280\AppData\Roaming\npm\node_modules\appium\node_modules\appium-android-ime\bin\UnicodeIME-debug.apk' already installed. Continuing.
2019-04-21 12:21:00:742 - info: [debug] [ADB] Running 'E:\sdk\platform-tools\adb.exe -P 5037 -s 2116ca98 shell settings get secure default_input_method'
2019-04-21 12:21:01:257 - info: [debug] [AndroidDriver] Unsetting previous IME io.appium.android.ime/.UnicodeIME
2019-04-21 12:21:01:257 - info: [debug] [AndroidDriver] Setting IME to 'io.appium.android.ime/.UnicodeIME'
2019-04-21 12:21:01:257 - info: [debug] [ADB] Running 'E:\sdk\platform-tools\adb.exe -P 5037 -s 2116ca98 shell ime enable io.appium.android.ime/.UnicodeIME'
2019-04-21 12:21:01:805 - info: [debug] [ADB] Running 'E:\sdk\platform-tools\adb.exe -P 5037 -s 2116ca98 shell ime set io.appium.android.ime/.UnicodeIME'
2019-04-21 12:21:02:367 - info: [debug] [AndroidDriver] Pushing unlock helper app to device...
2019-04-21 12:21:02:367 - info: [debug] [ADB] Getting install status for io.appium.unlock
2019-04-21 12:21:02:367 - info: [debug] [ADB] Running 'E:\sdk\platform-tools\adb.exe -P 5037 -s 2116ca98 shell pm list packages io.appium.unlock'
2019-04-21 12:21:02:922 - info: [debug] [ADB] App is installed
2019-04-21 12:21:02:922 - info: [debug] [ADB] Getting package info for 'io.appium.unlock'
2019-04-21 12:21:02:922 - info: [debug] [ADB] Running 'E:\sdk\platform-tools\adb.exe -P 5037 -s 2116ca98 shell dumpsys package io.appium.unlock'
2019-04-21 12:21:03:078 - info: [debug] [ADB] The installed 'io.appium.unlock' package does not require upgrade ('2.0.0' >= '2.0.0')
2019-04-21 12:21:03:078 - info: [debug] [UiAutomator2] Forwarding UiAutomator2 Server port 6790 to 8201
2019-04-21 12:21:03:078 - info: [debug] [ADB] Forwarding system: 8201 to device: 6790
2019-04-21 12:21:03:078 - info: [debug] [ADB] Running 'E:\sdk\platform-tools\adb.exe -P 5037 -s 2116ca98 forward tcp\:8201 tcp\:6790'
2019-04-21 12:21:03:141 - info: [debug] [ADB] Running 'E:\sdk\platform-tools\adb.exe -P 5037 -s 2116ca98 shell rm -rf /data/local/tmp/strings.json'
2019-04-21 12:21:03:172 - info: [debug] [AndroidDriver] Extracting strings from apk
2019-04-21 12:21:03:187 - info: [debug] [AndroidDriver] E:\work\appium\xcry_appium/apk/ryxc.apk
2019-04-21 12:21:03:187 - info: [debug] [AndroidDriver] null
2019-04-21 12:21:03:187 - info: [debug] [AndroidDriver] C:\Users\30280\AppData\Local\Temp\com.cy.patrol
2019-04-21 12:21:03:203 - info: [debug] [ADB] Extracting strings for language: default
2019-04-21 12:21:03:359 - info: [ADB] Successfully extracted 498 strings from 'E:\work\appium\xcry_appium/apk/ryxc.apk' resources for '(default)' configuration
2019-04-21 12:21:03:375 - info: [debug] [ADB] Running 'E:\sdk\platform-tools\adb.exe -P 5037 -s 2116ca98 push C\:\\Users\\30280\\AppData\\Local\\Temp\\com.cy.patrol\\strings.json /data/local/tmp'
2019-04-21 12:21:03:422 - info: [debug] [ADB] Checking app cert for E:\work\appium\xcry_appium/apk/ryxc.apk
2019-04-21 12:21:03:422 - warn: [ADB] Cannot use apksigner tool for signature verification. Defaulting to verify.jar. Original error: Could not find apksigner.bat in E:\sdk\platform-tools\apksigner.bat,E:\sdk\emulator\apksigner.bat,E:\sdk\tools\apksigner.bat,E:\sdk\tools\bin\apksigner.bat,E:\sdk\build-tools\android-4.3\apksigner.bat. Do you have the Android SDK installed at 'E:\sdk'?
2019-04-21 12:21:04:532 - info: [debug] [ADB] 'E:\work\appium\xcry_appium/apk/ryxc.apk' is already signed.
2019-04-21 12:21:04:547 - info: [debug] [ADB] Getting install status for com.cy.patrol
2019-04-21 12:21:04:547 - info: [debug] [ADB] Running 'E:\sdk\platform-tools\adb.exe -P 5037 -s 2116ca98 shell pm list packages com.cy.patrol'
2019-04-21 12:21:05:047 - info: [debug] [ADB] App is not installed
2019-04-21 12:21:05:047 - info: [debug] [ADB] App 'E:\work\appium\xcry_appium/apk/ryxc.apk' not installed. Installing
2019-04-21 12:21:05:047 - info: [debug] [ADB] Running 'E:\sdk\platform-tools\adb.exe -P 5037 -s 2116ca98 install E\:\\work\\appium\\xcry_appium/apk/ryxc.apk'
2019-04-21 12:21:22:929 - info: [debug] [ADB] Install command stdout: Success
2019-04-21 12:21:22:929 - info: [debug] [ADB] Running 'E:\sdk\platform-tools\adb.exe -P 5037 -s 2116ca98 shell am force-stop io.appium.uiautomator2.server'
2019-04-21 12:21:23:539 - info: [UiAutomator2] Starting uiautomator2 server 1.12.0
2019-04-21 12:21:23:539 - info: [UiAutomator2] Using UIAutomator2 server from 'C:\Users\30280\AppData\Roaming\npm\node_modules\appium\node_modules\appium-uiautomator2-server\apks\appium-uiautomator2-server-v1.12.0.apk' and test from 'C:\Users\30280\AppData\Roaming\npm\node_modules\appium\node_modules\appium-uiautomator2-server\apks\appium-uiautomator2-server-debug-androidTest.apk'
2019-04-21 12:21:23:539 - info: [UiAutomator2] Running command: 'adb -s 2116ca98 shell am instrument -w io.appium.uiautomator2.server.test/android.support.test.runner.AndroidJUnitRunner'
2019-04-21 12:21:23:539 - info: [UiAutomator2] Waiting up to 20000ms for UiAutomator2 to be online...
2019-04-21 12:21:23:539 - info: [debug] [JSONWP Proxy] Proxying [GET /status] to [GET http://localhost:8201/wd/hub/status] with no body
2019-04-21 12:21:24:594 - info: [debug] [JSONWP Proxy] Proxying [GET /status] to [GET http://localhost:8201/wd/hub/status] with no body
2019-04-21 12:21:25:609 - info: [debug] [JSONWP Proxy] Proxying [GET /status] to [GET http://localhost:8201/wd/hub/status] with no body
2019-04-21 12:21:26:632 - info: [debug] [JSONWP Proxy] Proxying [GET /status] to [GET http://localhost:8201/wd/hub/status] with no body
2019-04-21 12:21:26:679 - info: [debug] [JSONWP Proxy] Got response with status 200: "{\"sessionId\":\"SESSIONID\",\"status\":0,\"value\":\"Status Invoked\"}"
2019-04-21 12:21:26:679 - info: [debug] [JSONWP Proxy] Proxying [POST /session] to [POST http://localhost:8201/wd/hub/session] with body: {"desiredCapabilities":{"platform":"LINUX","webStorageEnabled":false,"takesScreenshot":true,"javascriptEnabled":true,"databaseEnabled":false,"networkConnectionEnabled":true,"locationContextEnabled":false,"warnings":{},"desired":{"platformName":"Android","udid":"2116ca98","noReset":true,"unicodeKeyboard":true,"resetKeyboard":true,"appWaitActivity":"com.cy.patrol.act.LoginAct","automationName":"uiautomator2","app":"E:\\work\\appium\\xcry_appium/apk/ryxc.apk","deviceName":"2116ca98"},"platformName":"Android","udid":"2116ca98","noReset":true,"unicodeKeyboard":true,"resetKeyboard":true,"appWaitActivity":"com.cy.patrol.act.LoginAct","automationName":"uiautomator2","app":"E:\\work\\appium\\xcry_appium/apk/ryxc.apk","deviceName":"2116ca98","deviceUDID":"2116ca98","platformVersion":"7.1.1","deviceScreenSize":"1080x2160","deviceScreenDensity":400,"deviceModel":"OS103","deviceManufacturer":"smartisan","deviceApiLevel":25,"appPackage":"com.cy.patrol"}}
2019-04-21 12:21:26:711 - info: [debug] [JSONWP Proxy] Got response with status 200: {"sessionId":"0255d8ac-97ef-41f7-8a7f-e14d09365526","status":0,"value":"Created Session"}
2019-04-21 12:21:26:711 - info: [debug] [ADB] Running 'E:\sdk\platform-tools\adb.exe -P 5037 -s 2116ca98 shell dumpsys window'
2019-04-21 12:21:26:800 - info: [AndroidDriver] Screen already unlocked, doing nothing
2019-04-21 12:21:26:800 - info: [UiAutomator2] UiAutomator2 did not start the activity we were waiting for, 'com.cy.patrol/com.cy.patrol.act.LoginAct'. Starting it ourselves
2019-04-21 12:21:26:800 - info: [debug] [ADB] Device API level: 25
2019-04-21 12:21:26:800 - info: [debug] [ADB] Running 'E:\sdk\platform-tools\adb.exe -P 5037 -s 2116ca98 shell am start -W -n com.cy.patrol/com.cy.patrol.act.LoadingAct -S -a android.intent.action.MAIN -c android.intent.category.LAUNCHER -f 0x10200000'
2019-04-21 12:21:28:356 - info: [debug] [ADB] Waiting up to 20000ms for activity matching pkg: 'com.cy.patrol' and activity: 'com.cy.patrol.act.LoginAct' to be focused
2019-04-21 12:21:28:356 - info: [debug] [ADB] Possible activities, to be checked: 'com.cy.patrol.act.LoginAct', 'com.cy.patrol.com.cy.patrol.act.LoginAct'
2019-04-21 12:21:28:371 - info: [debug] [ADB] Getting focused package and activity
2019-04-21 12:21:28:371 - info: [debug] [ADB] Running 'E:\sdk\platform-tools\adb.exe -P 5037 -s 2116ca98 shell dumpsys window windows'
2019-04-21 12:21:28:434 - info: [debug] [ADB] Found package: 'com.cy.patrol' and fully qualified activity name : 'com.cy.patrol.act.LoginAct'
2019-04-21 12:21:28:434 - info: [debug] [JSONWP Proxy] Proxying [GET /appium/device/pixel_ratio] to [GET http://localhost:8201/wd/hub/session/0255d8ac-97ef-41f7-8a7f-e14d09365526/appium/device/pixel_ratio] with body: {}
2019-04-21 12:21:28:450 - info: [debug] [JSONWP Proxy] Got response with status 200: "{\"sessionId\":\"0255d8ac-97ef-41f7-8a7f-e14d09365526\",\"status\":0,\"value\":2.5}"
2019-04-21 12:21:28:450 - info: [debug] [JSONWP Proxy] Proxying [GET /appium/device/system_bars] to [GET http://localhost:8201/wd/hub/session/0255d8ac-97ef-41f7-8a7f-e14d09365526/appium/device/system_bars] with body: {}
2019-04-21 12:21:28:465 - info: [debug] [JSONWP Proxy] Got response with status 200: "{\"sessionId\":\"0255d8ac-97ef-41f7-8a7f-e14d09365526\",\"status\":0,\"value\":{\"statusBar\":60}}"
2019-04-21 12:21:28:480 - info: [debug] [JSONWP Proxy] Proxying [GET /window/current/size] to [GET http://localhost:8201/wd/hub/session/0255d8ac-97ef-41f7-8a7f-e14d09365526/window/current/size] with body: {}
2019-04-21 12:21:28:496 - info: [debug] [JSONWP Proxy] Got response with status 200: "{\"sessionId\":\"0255d8ac-97ef-41f7-8a7f-e14d09365526\",\"status\":0,\"value\":{\"height\":2070,\"width\":1080}}"
2019-04-21 12:21:28:496 - info: [Appium] New AndroidUiautomator2Driver session created successfully, session d12baeab-4876-45c2-9288-d30add16b55f added to master session list
2019-04-21 12:21:28:496 - info: [debug] [BaseDriver] Event 'newSessionStarted' logged at 1555849288496 (20:21:28 GMT+0800 (中国标准时间))
2019-04-21 12:21:28:512 - info: [debug] [W3C] Responding to client with driver.createSession() result: {"capabilities":{"platform":"LINUX","webStorageEnabled":false,"takesScreenshot":true,"javascriptEnabled":true,"databaseEnabled":false,"networkConnectionEnabled":true,"locationContextEnabled":false,"warnings":{},"desired":{"platformName":"Android","udid":"2116ca98","noReset":true,"unicodeKeyboard":true,"resetKeyboard":true,"appWaitActivity":"com.cy.patrol.act.LoginAct","automationName":"uiautomator2","app":"E:\\work\\appium\\xcry_appium/apk/ryxc.apk","deviceName":"2116ca98"},"platformName":"Android","udid":"2116ca98","noReset":true,"unicodeKeyboard":true,"resetKeyboard":true,"appWaitActivity":"com.cy.patrol.act.LoginAct","automationName":"uiautomator2","app":"E:\\work\\appium\\xcry_appium/apk/ryxc.apk","deviceName":"2116ca98","deviceUDID":"2116ca98","platformVersion":"7.1.1","deviceScreenSize":"1080x2160","deviceScreenDensity":400,"deviceModel":"OS103","deviceManufacturer":"smartisan","deviceApiLevel":25,"appPackage":"com.cy.patrol","pixelRatio":2.5,"statBarHeight":60,"viewportRect":{"left":0,"top":60,"widt...
2019-04-21 12:21:28:519 - info: [HTTP] <-- POST /wd/hub/session 200 34388 ms - 1106
2019-04-21 12:21:28:519 - info: [HTTP] 
