2019-04-21 11:43:09:453 - warn: [Appium] Appium support for versions of node < 8 has been deprecated and will be removed in a future version. Please upgrade!
2019-04-21 11:43:09:468 - info: [Appium] Welcome to Appium v1.8.1
2019-04-21 11:43:09:468 - info: [Appium] Non-default server args:
2019-04-21 11:43:09:468 - info: [Appium]   port: 4700
2019-04-21 11:43:09:468 - info: [Appium]   bootstrapPort: 4900
2019-04-21 11:43:09:468 - info: [Appium]   sessionOverride: true
2019-04-21 11:43:09:468 - info: [Appium]   log: D:/pythonProgram/Appium27/log/2116ca982019-04-21-19_43_06.log
2019-04-21 11:43:09:468 - info: [Appium]   udid: 2116ca98
2019-04-21 11:43:09:468 - info: [Appium]   noReset: true
2019-04-21 11:43:09:468 - warn: [Appium] Deprecated server args:
2019-04-21 11:43:09:468 - warn: [Appium]   -U,--udid => --default-capabilities '{"udid":"2116ca98"}'
2019-04-21 11:43:09:468 - warn: [Appium]   --no-reset => --default-capabilities '{"noReset":true}'
2019-04-21 11:43:09:468 - info: [Appium] Default capabilities, which will be added to each request unless overridden by desired capabilities:
2019-04-21 11:43:09:468 - info: [Appium]   udid: 2116ca98
2019-04-21 11:43:09:468 - info: [Appium]   noReset: true
2019-04-21 11:43:09:515 - info: [Appium] Appium REST http interface listener started on 0.0.0.0:4700
2019-04-21 11:43:27:656 - info: [HTTP] --> POST /wd/hub/session
2019-04-21 11:43:27:656 - info: [HTTP] {"capabilities":{"firstMatch":[{"appium:unicodeKeyboard":true,"appium:resetKeyboard":true,"appium:appWaitActivity":"com.cy.patrol.act.LoginAct","appium:automationName":"uiautomator2","appium:app":"E:\\work\\appium\\xcry_appium/apk/ryxc.apk","appium:deviceName":"2116ca98","platformName":"Android"}]},"desiredCapabilities":{"deviceName":"2116ca98","unicodeKeyboard":true,"app":"E:\\work\\appium\\xcry_appium/apk/ryxc.apk","appWaitActivity":"com.cy.patrol.act.LoginAct","resetKeyboard":true,"platformName":"Android","automationName":"uiautomator2"}}
2019-04-21 11:43:27:658 - info: [debug] [MJSONWP] Calling AppiumDriver.createSession() with args: [{"deviceName":"2116ca98","unicodeKeyboard":true,"app":"E:\\work\\appium\\xcry_appium/apk/ryxc.apk","appWaitActivity":"com.cy.patrol.act.LoginAct","resetKeyboard":true,"platformName":"Android","automationName":"uiautomator2"},null,{"firstMatch":[{"appium:unicodeKeyboard":true,"appium:resetKeyboard":true,"appium:appWaitActivity":"com.cy.patrol.act.LoginAct","appium:automationName":"uiautomator2","appium:app":"E:\\work\\appium\\xcry_appium/apk/ryxc.apk","appium:deviceName":"2116ca98","platformName":"Android"}]}]
2019-04-21 11:43:27:659 - info: [debug] [BaseDriver] Event 'newSessionRequested' logged at 1555847007659 (19:43:27 GMT+0800 (中国标准时间))
2019-04-21 11:43:27:662 - warn: [BaseDriver] The capabilities ["udid","noReset"] are not standard capabilities and should have an extension prefix
2019-04-21 11:43:27:664 - info: [Appium] Creating new AndroidUiautomator2Driver (v1.12.0) session
2019-04-21 11:43:27:664 - info: [Appium] Capabilities:
2019-04-21 11:43:27:664 - info: [Appium]   udid: 2116ca98
2019-04-21 11:43:27:664 - info: [Appium]   noReset: true
2019-04-21 11:43:27:664 - info: [Appium]   platformName: Android
2019-04-21 11:43:27:664 - info: [Appium]   unicodeKeyboard: true
2019-04-21 11:43:27:664 - info: [Appium]   resetKeyboard: true
2019-04-21 11:43:27:664 - info: [Appium]   appWaitActivity: com.cy.patrol.act.LoginAct
2019-04-21 11:43:27:664 - info: [Appium]   automationName: uiautomator2
2019-04-21 11:43:27:664 - info: [Appium]   app: E:\work\appium\xcry_appium/apk/ryxc.apk
2019-04-21 11:43:27:664 - info: [Appium]   deviceName: 2116ca98
2019-04-21 11:43:27:664 - info: [debug] [BaseDriver] W3C capabilities {"alwaysMatch":{"appium:udi... and MJSONWP desired capabilities [object Object] were provided
2019-04-21 11:43:27:664 - info: [debug] [BaseDriver] Creating session with W3C capabilities: {"alwaysMatch":{"appium:udi...
2019-04-21 11:43:27:679 - info: [BaseDriver] Session created with session id: dc7da7f0-f7ba-4398-8424-381000df2073
2019-04-21 11:43:27:679 - info: [BaseDriver] Using local app 'E:\work\appium\xcry_appium/apk/ryxc.apk'
2019-04-21 11:43:27:679 - info: [debug] [UiAutomator2] Checking whether app is actually present
2019-04-21 11:43:28:101 - info: [debug] [AndroidDriver] Getting Java version
2019-04-21 11:43:28:252 - info: [AndroidDriver] Java version is: 1.8.0_151
2019-04-21 11:43:28:252 - info: [ADB] Checking whether adb is present
2019-04-21 11:43:28:252 - info: [ADB] Found 1 'build-tools' folders under 'E:\sdk' (newest first):
2019-04-21 11:43:28:268 - info: [ADB]     E:/sdk/build-tools/android-4.3
2019-04-21 11:43:28:268 - info: [ADB] Using adb.exe from E:\sdk\platform-tools\adb.exe
2019-04-21 11:43:28:268 - info: [AndroidDriver] Retrieving device list
2019-04-21 11:43:28:268 - info: [debug] [ADB] Trying to find a connected android device
2019-04-21 11:43:28:268 - info: [debug] [ADB] Getting connected devices...
2019-04-21 11:43:28:283 - info: [debug] [ADB] 1 device(s) connected
2019-04-21 11:43:28:283 - info: [AndroidDriver] Using device: 2116ca98
2019-04-21 11:43:28:283 - info: [debug] [ADB] Setting device id to 2116ca98
2019-04-21 11:43:28:283 - info: [debug] [ADB] Running 'E:\sdk\platform-tools\adb.exe -P 5037 -s 2116ca98 shell getprop ro.build.version.sdk'
2019-04-21 11:43:28:331 - info: [debug] [ADB] Current device property 'ro.build.version.sdk': 25
2019-04-21 11:43:28:331 - info: [debug] [ADB] Device API level: 25
2019-04-21 11:43:28:331 - info: [debug] [AndroidDriver] Parsing package and activity from app manifest
2019-04-21 11:43:28:346 - info: [ADB] Using the alternative activity name detection method because of: Could not find apkanalyzer.bat in E:\sdk\platform-tools\apkanalyzer.bat,E:\sdk\emulator\apkanalyzer.bat,E:\sdk\tools\apkanalyzer.bat,E:\sdk\tools\bin\apkanalyzer.bat,E:\sdk\build-tools\android-4.3\apkanalyzer.bat. Do you have the Android SDK installed at 'E:\sdk'?
2019-04-21 11:43:28:346 - info: [ADB] Checking whether aapt is present
2019-04-21 11:43:28:346 - info: [ADB] Using aapt.exe from E:\sdk\tools\aapt.exe
2019-04-21 11:43:28:346 - info: [ADB] Extracting package and launch activity from manifest
2019-04-21 11:43:28:377 - info: [ADB] Package name: 'com.cy.patrol'
2019-04-21 11:43:28:377 - info: [ADB] Main activity name: 'com.cy.patrol.act.LoadingAct'
2019-04-21 11:43:28:377 - info: [debug] [AndroidDriver] Parsed package and activity are: com.cy.patrol/com.cy.patrol.act.LoadingAct
2019-04-21 11:43:28:377 - info: [ADB] Getting device platform version
2019-04-21 11:43:28:377 - info: [debug] [ADB] Running 'E:\sdk\platform-tools\adb.exe -P 5037 -s 2116ca98 shell getprop ro.build.version.release'
2019-04-21 11:43:28:424 - info: [debug] [ADB] Current device property 'ro.build.version.release': 7.1.1
2019-04-21 11:43:28:424 - info: [debug] [ADB] Running 'E:\sdk\platform-tools\adb.exe -P 5037 -s 2116ca98 shell wm size'
2019-04-21 11:43:28:950 - info: [debug] [ADB] Running 'E:\sdk\platform-tools\adb.exe -P 5037 -s 2116ca98 shell wm density'
2019-04-21 11:43:29:468 - info: [debug] [ADB] Running 'E:\sdk\platform-tools\adb.exe -P 5037 -s 2116ca98 shell getprop ro.product.model'
2019-04-21 11:43:29:531 - info: [debug] [ADB] Current device property 'ro.product.model': OS103
2019-04-21 11:43:29:531 - info: [debug] [ADB] Running 'E:\sdk\platform-tools\adb.exe -P 5037 -s 2116ca98 shell getprop ro.product.manufacturer'
2019-04-21 11:43:29:578 - info: [debug] [ADB] Current device property 'ro.product.manufacturer': smartisan
2019-04-21 11:43:29:578 - info: [debug] [ADB] Device API level: 25
2019-04-21 11:43:29:578 - info: [debug] [ADB] Running 'E:\sdk\platform-tools\adb.exe -P 5037 -s 2116ca98 shell am force-stop io.appium.uiautomator2.server'
2019-04-21 11:43:30:125 - info: [debug] [ADB] Checking app cert for C:\Users\30280\AppData\Roaming\npm\node_modules\appium\node_modules\appium-uiautomator2-server\apks\appium-uiautomator2-server-v1.12.0.apk
2019-04-21 11:43:30:125 - warn: [ADB] Cannot use apksigner tool for signature verification. Defaulting to verify.jar. Original error: Could not find apksigner.bat in E:\sdk\platform-tools\apksigner.bat,E:\sdk\emulator\apksigner.bat,E:\sdk\tools\apksigner.bat,E:\sdk\tools\bin\apksigner.bat,E:\sdk\build-tools\android-4.3\apksigner.bat. Do you have the Android SDK installed at 'E:\sdk'?
2019-04-21 11:43:30:400 - info: [debug] [ADB] 'C:\Users\30280\AppData\Roaming\npm\node_modules\appium\node_modules\appium-uiautomator2-server\apks\appium-uiautomator2-server-v1.12.0.apk' is already signed.
2019-04-21 11:43:30:400 - info: [debug] [ADB] Checking app cert for C:\Users\30280\AppData\Roaming\npm\node_modules\appium\node_modules\appium-uiautomator2-server\apks\appium-uiautomator2-server-debug-androidTest.apk
2019-04-21 11:43:30:400 - warn: [ADB] Cannot use apksigner tool for signature verification. Defaulting to verify.jar. Original error: Could not find apksigner.bat in E:\sdk\platform-tools\apksigner.bat,E:\sdk\emulator\apksigner.bat,E:\sdk\tools\apksigner.bat,E:\sdk\tools\bin\apksigner.bat,E:\sdk\build-tools\android-4.3\apksigner.bat. Do you have the Android SDK installed at 'E:\sdk'?
2019-04-21 11:43:30:679 - info: [debug] [ADB] 'C:\Users\30280\AppData\Roaming\npm\node_modules\appium\node_modules\appium-uiautomator2-server\apks\appium-uiautomator2-server-debug-androidTest.apk' is already signed.
2019-04-21 11:43:30:679 - info: [debug] [ADB] Getting install status for io.appium.uiautomator2.server
2019-04-21 11:43:30:679 - info: [debug] [ADB] Running 'E:\sdk\platform-tools\adb.exe -P 5037 -s 2116ca98 shell pm list packages io.appium.uiautomator2.server'
2019-04-21 11:43:31:225 - info: [debug] [ADB] App is installed
2019-04-21 11:43:31:241 - info: [debug] [ADB] Getting package info for 'io.appium.uiautomator2.server'
2019-04-21 11:43:31:241 - info: [debug] [ADB] Running 'E:\sdk\platform-tools\adb.exe -P 5037 -s 2116ca98 shell dumpsys package io.appium.uiautomator2.server'
2019-04-21 11:43:31:381 - info: [debug] [ADB] The installed 'io.appium.uiautomator2.server' package does not require upgrade ('1.12.0' >= '1.12.0')
2019-04-21 11:43:31:381 - info: [debug] [ADB] Getting install status for io.appium.uiautomator2.server.test
2019-04-21 11:43:31:381 - info: [debug] [ADB] Running 'E:\sdk\platform-tools\adb.exe -P 5037 -s 2116ca98 shell pm list packages io.appium.uiautomator2.server.test'
2019-04-21 11:43:31:925 - info: [debug] [ADB] App is installed
2019-04-21 11:43:31:925 - info: [debug] [ADB] Getting package info for 'io.appium.uiautomator2.server.test'
2019-04-21 11:43:31:925 - info: [debug] [ADB] Running 'E:\sdk\platform-tools\adb.exe -P 5037 -s 2116ca98 shell dumpsys package io.appium.uiautomator2.server.test'
2019-04-21 11:43:32:081 - warn: [ADB] Cannot read version codes of 'C:\Users\30280\AppData\Roaming\npm\node_modules\appium\node_modules\appium-uiautomator2-server\apks\appium-uiautomator2-server-debug-androidTest.apk' and/or 'io.appium.uiautomator2.server.test'
2019-04-21 11:43:32:081 - warn: [ADB] Cannot read version names of 'C:\Users\30280\AppData\Roaming\npm\node_modules\appium\node_modules\appium-uiautomator2-server\apks\appium-uiautomator2-server-debug-androidTest.apk' and/or 'io.appium.uiautomator2.server.test'. Assuming correct app version is already installed
2019-04-21 11:43:32:081 - info: [debug] [UiAutomator2] Waiting up to 20000ms for instrumentation 'io.appium.uiautomator2.server.test/android.support.test.runner.AndroidJUnitRunner' to be available
2019-04-21 11:43:32:081 - info: [debug] [ADB] Running 'E:\sdk\platform-tools\adb.exe -P 5037 -s 2116ca98 shell pm list instrumentation'
2019-04-21 11:43:32:612 - info: [debug] [UiAutomator2] Instrumentation 'io.appium.uiautomator2.server.test/android.support.test.runner.AndroidJUnitRunner' available
2019-04-21 11:43:32:612 - info: [debug] [ADB] Running 'E:\sdk\platform-tools\adb.exe -P 5037 -s 2116ca98 wait-for-device'
2019-04-21 11:43:32:679 - info: [debug] [ADB] Running 'E:\sdk\platform-tools\adb.exe -P 5037 -s 2116ca98 shell echo ping'
2019-04-21 11:43:32:726 - info: [debug] [AndroidDriver] Pushing settings apk to device...
2019-04-21 11:43:32:726 - info: [debug] [ADB] Getting install status for io.appium.settings
2019-04-21 11:43:32:726 - info: [debug] [ADB] Running 'E:\sdk\platform-tools\adb.exe -P 5037 -s 2116ca98 shell pm list packages io.appium.settings'
2019-04-21 11:43:33:247 - info: [debug] [ADB] App is installed
2019-04-21 11:43:33:247 - info: [debug] [ADB] Getting package info for 'io.appium.settings'
2019-04-21 11:43:33:247 - info: [debug] [ADB] Running 'E:\sdk\platform-tools\adb.exe -P 5037 -s 2116ca98 shell dumpsys package io.appium.settings'
2019-04-21 11:43:33:356 - info: [debug] [ADB] The installed 'io.appium.settings' package does not require upgrade (13 > 5)
2019-04-21 11:43:33:356 - info: [debug] [ADB] Running 'E:\sdk\platform-tools\adb.exe -P 5037 -s 2116ca98 shell ps'
2019-04-21 11:43:33:497 - info: [debug] [ADB] Device API level: 25
2019-04-21 11:43:33:497 - info: [debug] [ADB] Running 'E:\sdk\platform-tools\adb.exe -P 5037 -s 2116ca98 shell am start -W -n io.appium.settings/.Settings -a android.intent.action.MAIN -c android.intent.category.LAUNCHER -f 0x10200000'
2019-04-21 11:43:34:273 - info: [debug] [ADB] Device API level: 25
2019-04-21 11:43:34:273 - info: [debug] [ADB] Running 'E:\sdk\platform-tools\adb.exe -P 5037 -s 2116ca98 shell appops set io.appium.settings android\:mock_location allow'
2019-04-21 11:43:34:351 - warn: [AndroidDriver] setDeviceLanguageCountry requires language or country.
2019-04-21 11:43:34:351 - warn: [AndroidDriver] Got language: 'null' and country: 'null'
2019-04-21 11:43:34:351 - info: [debug] [Logcat] Starting logcat capture
2019-04-21 11:43:34:382 - info: [debug] [AndroidDriver] Enabling Unicode keyboard support
2019-04-21 11:43:34:382 - info: [debug] [AndroidDriver] Pushing unicode ime to device...
2019-04-21 11:43:34:382 - info: [debug] [ADB] Running 'E:\sdk\platform-tools\adb.exe -P 5037 -s 2116ca98 install C\:\\Users\\30280\\AppData\\Roaming\\npm\\node_modules\\appium\\node_modules\\appium-android-ime\\bin\\UnicodeIME-debug.apk'
2019-04-21 11:43:35:210 - info: [debug] [ADB] Install command stdout: Failure [INSTALL_FAILED_ALREADY_EXISTS: Attempt to re-install io.appium.android.ime without first uninstalling.]
2019-04-21 11:43:35:210 - info: [debug] [ADB] Application 'C:\Users\30280\AppData\Roaming\npm\node_modules\appium\node_modules\appium-android-ime\bin\UnicodeIME-debug.apk' already installed. Continuing.
2019-04-21 11:43:35:210 - info: [debug] [ADB] Running 'E:\sdk\platform-tools\adb.exe -P 5037 -s 2116ca98 shell settings get secure default_input_method'
2019-04-21 11:43:35:797 - info: [debug] [AndroidDriver] Unsetting previous IME io.appium.android.ime/.UnicodeIME
2019-04-21 11:43:35:797 - info: [debug] [AndroidDriver] Setting IME to 'io.appium.android.ime/.UnicodeIME'
2019-04-21 11:43:35:797 - info: [debug] [ADB] Running 'E:\sdk\platform-tools\adb.exe -P 5037 -s 2116ca98 shell ime enable io.appium.android.ime/.UnicodeIME'
2019-04-21 11:43:36:328 - info: [debug] [ADB] Running 'E:\sdk\platform-tools\adb.exe -P 5037 -s 2116ca98 shell ime set io.appium.android.ime/.UnicodeIME'
2019-04-21 11:43:36:892 - info: [debug] [AndroidDriver] Pushing unlock helper app to device...
2019-04-21 11:43:36:892 - info: [debug] [ADB] Getting install status for io.appium.unlock
2019-04-21 11:43:36:892 - info: [debug] [ADB] Running 'E:\sdk\platform-tools\adb.exe -P 5037 -s 2116ca98 shell pm list packages io.appium.unlock'
2019-04-21 11:43:37:439 - info: [debug] [ADB] App is installed
2019-04-21 11:43:37:439 - info: [debug] [ADB] Getting package info for 'io.appium.unlock'
2019-04-21 11:43:37:439 - info: [debug] [ADB] Running 'E:\sdk\platform-tools\adb.exe -P 5037 -s 2116ca98 shell dumpsys package io.appium.unlock'
2019-04-21 11:43:37:548 - info: [debug] [ADB] The installed 'io.appium.unlock' package does not require upgrade ('2.0.0' >= '2.0.0')
2019-04-21 11:43:37:548 - info: [debug] [UiAutomator2] Forwarding UiAutomator2 Server port 6790 to 8200
2019-04-21 11:43:37:548 - info: [debug] [ADB] Forwarding system: 8200 to device: 6790
2019-04-21 11:43:37:548 - info: [debug] [ADB] Running 'E:\sdk\platform-tools\adb.exe -P 5037 -s 2116ca98 forward tcp\:8200 tcp\:6790'
2019-04-21 11:43:37:563 - info: [debug] [ADB] Running 'E:\sdk\platform-tools\adb.exe -P 5037 -s 2116ca98 shell rm -rf /data/local/tmp/strings.json'
2019-04-21 11:43:37:610 - info: [debug] [AndroidDriver] Extracting strings from apk
2019-04-21 11:43:37:610 - info: [debug] [AndroidDriver] E:\work\appium\xcry_appium/apk/ryxc.apk
2019-04-21 11:43:37:610 - info: [debug] [AndroidDriver] null
2019-04-21 11:43:37:610 - info: [debug] [AndroidDriver] C:\Users\30280\AppData\Local\Temp\com.cy.patrol
2019-04-21 11:43:37:610 - info: [debug] [ADB] Extracting strings for language: default
2019-04-21 11:43:37:751 - info: [ADB] Successfully extracted 498 strings from 'E:\work\appium\xcry_appium/apk/ryxc.apk' resources for '(default)' configuration
2019-04-21 11:43:37:767 - info: [debug] [ADB] Running 'E:\sdk\platform-tools\adb.exe -P 5037 -s 2116ca98 push C\:\\Users\\30280\\AppData\\Local\\Temp\\com.cy.patrol\\strings.json /data/local/tmp'
2019-04-21 11:43:37:814 - info: [debug] [ADB] Checking app cert for E:\work\appium\xcry_appium/apk/ryxc.apk
2019-04-21 11:43:37:814 - warn: [ADB] Cannot use apksigner tool for signature verification. Defaulting to verify.jar. Original error: Could not find apksigner.bat in E:\sdk\platform-tools\apksigner.bat,E:\sdk\emulator\apksigner.bat,E:\sdk\tools\apksigner.bat,E:\sdk\tools\bin\apksigner.bat,E:\sdk\build-tools\android-4.3\apksigner.bat. Do you have the Android SDK installed at 'E:\sdk'?
2019-04-21 11:43:38:941 - info: [debug] [ADB] 'E:\work\appium\xcry_appium/apk/ryxc.apk' is already signed.
2019-04-21 11:43:38:941 - info: [debug] [ADB] Getting install status for com.cy.patrol
2019-04-21 11:43:38:941 - info: [debug] [ADB] Running 'E:\sdk\platform-tools\adb.exe -P 5037 -s 2116ca98 shell pm list packages com.cy.patrol'
2019-04-21 11:43:39:472 - info: [debug] [ADB] App is not installed
2019-04-21 11:43:39:472 - info: [debug] [ADB] App 'E:\work\appium\xcry_appium/apk/ryxc.apk' not installed. Installing
2019-04-21 11:43:39:472 - info: [debug] [ADB] Running 'E:\sdk\platform-tools\adb.exe -P 5037 -s 2116ca98 install E\:\\work\\appium\\xcry_appium/apk/ryxc.apk'
2019-04-21 11:44:01:437 - info: [debug] [ADB] Install command stdout: Success
2019-04-21 11:44:01:437 - info: [debug] [ADB] Running 'E:\sdk\platform-tools\adb.exe -P 5037 -s 2116ca98 shell am force-stop io.appium.uiautomator2.server'
2019-04-21 11:44:02:335 - info: [UiAutomator2] Starting uiautomator2 server 1.12.0
2019-04-21 11:44:02:335 - info: [UiAutomator2] Using UIAutomator2 server from 'C:\Users\30280\AppData\Roaming\npm\node_modules\appium\node_modules\appium-uiautomator2-server\apks\appium-uiautomator2-server-v1.12.0.apk' and test from 'C:\Users\30280\AppData\Roaming\npm\node_modules\appium\node_modules\appium-uiautomator2-server\apks\appium-uiautomator2-server-debug-androidTest.apk'
2019-04-21 11:44:02:335 - info: [UiAutomator2] Running command: 'adb -s 2116ca98 shell am instrument -w io.appium.uiautomator2.server.test/android.support.test.runner.AndroidJUnitRunner'
2019-04-21 11:44:02:335 - info: [UiAutomator2] Waiting up to 20000ms for UiAutomator2 to be online...
2019-04-21 11:44:02:335 - info: [debug] [JSONWP Proxy] Proxying [GET /status] to [GET http://localhost:8200/wd/hub/status] with no body
2019-04-21 11:44:03:399 - info: [debug] [JSONWP Proxy] Proxying [GET /status] to [GET http://localhost:8200/wd/hub/status] with no body
2019-04-21 11:44:04:422 - info: [debug] [JSONWP Proxy] Proxying [GET /status] to [GET http://localhost:8200/wd/hub/status] with no body
2019-04-21 11:44:05:438 - info: [debug] [JSONWP Proxy] Proxying [GET /status] to [GET http://localhost:8200/wd/hub/status] with no body
2019-04-21 11:44:06:459 - info: [debug] [JSONWP Proxy] Proxying [GET /status] to [GET http://localhost:8200/wd/hub/status] with no body
2019-04-21 11:44:06:522 - info: [debug] [JSONWP Proxy] Got response with status 200: "{\"sessionId\":\"SESSIONID\",\"status\":0,\"value\":\"Status Invoked\"}"
2019-04-21 11:44:06:522 - info: [debug] [JSONWP Proxy] Proxying [POST /session] to [POST http://localhost:8200/wd/hub/session] with body: {"desiredCapabilities":{"platform":"LINUX","webStorageEnabled":false,"takesScreenshot":true,"javascriptEnabled":true,"databaseEnabled":false,"networkConnectionEnabled":true,"locationContextEnabled":false,"warnings":{},"desired":{"platformName":"Android","udid":"2116ca98","noReset":true,"unicodeKeyboard":true,"resetKeyboard":true,"appWaitActivity":"com.cy.patrol.act.LoginAct","automationName":"uiautomator2","app":"E:\\work\\appium\\xcry_appium/apk/ryxc.apk","deviceName":"2116ca98"},"platformName":"Android","udid":"2116ca98","noReset":true,"unicodeKeyboard":true,"resetKeyboard":true,"appWaitActivity":"com.cy.patrol.act.LoginAct","automationName":"uiautomator2","app":"E:\\work\\appium\\xcry_appium/apk/ryxc.apk","deviceName":"2116ca98","deviceUDID":"2116ca98","platformVersion":"7.1.1","deviceScreenSize":"1080x2160","deviceScreenDensity":400,"deviceModel":"OS103","deviceManufacturer":"smartisan","deviceApiLevel":25,"appPackage":"com.cy.patrol"}}
2019-04-21 11:44:06:569 - info: [debug] [JSONWP Proxy] Got response with status 200: {"sessionId":"f2d45b30-dab1-46e0-9b38-415dd3523674","status":0,"value":"Created Session"}
2019-04-21 11:44:06:569 - info: [debug] [ADB] Running 'E:\sdk\platform-tools\adb.exe -P 5037 -s 2116ca98 shell dumpsys window'
2019-04-21 11:44:06:711 - info: [AndroidDriver] Screen already unlocked, doing nothing
2019-04-21 11:44:06:711 - info: [UiAutomator2] UiAutomator2 did not start the activity we were waiting for, 'com.cy.patrol/com.cy.patrol.act.LoginAct'. Starting it ourselves
2019-04-21 11:44:06:711 - info: [debug] [ADB] Device API level: 25
2019-04-21 11:44:06:711 - info: [debug] [ADB] Running 'E:\sdk\platform-tools\adb.exe -P 5037 -s 2116ca98 shell am start -W -n com.cy.patrol/com.cy.patrol.act.LoadingAct -S -a android.intent.action.MAIN -c android.intent.category.LAUNCHER -f 0x10200000'
2019-04-21 11:44:08:680 - info: [debug] [ADB] Waiting up to 20000ms for activity matching pkg: 'com.cy.patrol' and activity: 'com.cy.patrol.act.LoginAct' to be focused
2019-04-21 11:44:08:680 - info: [debug] [ADB] Possible activities, to be checked: 'com.cy.patrol.act.LoginAct', 'com.cy.patrol.com.cy.patrol.act.LoginAct'
2019-04-21 11:44:08:680 - info: [debug] [ADB] Getting focused package and activity
2019-04-21 11:44:08:680 - info: [debug] [ADB] Running 'E:\sdk\platform-tools\adb.exe -P 5037 -s 2116ca98 shell dumpsys window windows'
2019-04-21 11:44:08:805 - info: [debug] [ADB] Found package: 'com.cy.patrol' and fully qualified activity name : 'com.cy.patrol.act.LoginAct'
2019-04-21 11:44:08:805 - info: [debug] [JSONWP Proxy] Proxying [GET /appium/device/pixel_ratio] to [GET http://localhost:8200/wd/hub/session/f2d45b30-dab1-46e0-9b38-415dd3523674/appium/device/pixel_ratio] with body: {}
2019-04-21 11:44:08:821 - info: [debug] [JSONWP Proxy] Got response with status 200: "{\"sessionId\":\"f2d45b30-dab1-46e0-9b38-415dd3523674\",\"status\":0,\"value\":2.5}"
2019-04-21 11:44:08:821 - info: [debug] [JSONWP Proxy] Proxying [GET /appium/device/system_bars] to [GET http://localhost:8200/wd/hub/session/f2d45b30-dab1-46e0-9b38-415dd3523674/appium/device/system_bars] with body: {}
2019-04-21 11:44:08:852 - info: [debug] [JSONWP Proxy] Got response with status 200: "{\"sessionId\":\"f2d45b30-dab1-46e0-9b38-415dd3523674\",\"status\":0,\"value\":{\"statusBar\":60}}"
2019-04-21 11:44:08:852 - info: [debug] [JSONWP Proxy] Proxying [GET /window/current/size] to [GET http://localhost:8200/wd/hub/session/f2d45b30-dab1-46e0-9b38-415dd3523674/window/current/size] with body: {}
2019-04-21 11:44:08:868 - info: [debug] [JSONWP Proxy] Got response with status 200: "{\"sessionId\":\"f2d45b30-dab1-46e0-9b38-415dd3523674\",\"status\":0,\"value\":{\"height\":2070,\"width\":1080}}"
2019-04-21 11:44:08:868 - info: [Appium] New AndroidUiautomator2Driver session created successfully, session dc7da7f0-f7ba-4398-8424-381000df2073 added to master session list
2019-04-21 11:44:08:868 - info: [debug] [BaseDriver] Event 'newSessionStarted' logged at 1555847048868 (19:44:08 GMT+0800 (中国标准时间))
2019-04-21 11:44:08:868 - info: [debug] [W3C] Responding to client with driver.createSession() result: {"capabilities":{"platform":"LINUX","webStorageEnabled":false,"takesScreenshot":true,"javascriptEnabled":true,"databaseEnabled":false,"networkConnectionEnabled":true,"locationContextEnabled":false,"warnings":{},"desired":{"platformName":"Android","udid":"2116ca98","noReset":true,"unicodeKeyboard":true,"resetKeyboard":true,"appWaitActivity":"com.cy.patrol.act.LoginAct","automationName":"uiautomator2","app":"E:\\work\\appium\\xcry_appium/apk/ryxc.apk","deviceName":"2116ca98"},"platformName":"Android","udid":"2116ca98","noReset":true,"unicodeKeyboard":true,"resetKeyboard":true,"appWaitActivity":"com.cy.patrol.act.LoginAct","automationName":"uiautomator2","app":"E:\\work\\appium\\xcry_appium/apk/ryxc.apk","deviceName":"2116ca98","deviceUDID":"2116ca98","platformVersion":"7.1.1","deviceScreenSize":"1080x2160","deviceScreenDensity":400,"deviceModel":"OS103","deviceManufacturer":"smartisan","deviceApiLevel":25,"appPackage":"com.cy.patrol","pixelRatio":2.5,"statBarHeight":60,"viewportRect":{"left":0,"top":60,"widt...
2019-04-21 11:44:08:868 - info: [HTTP] <-- POST /wd/hub/session 200 41224 ms - 1106
2019-04-21 11:44:08:868 - info: [HTTP] 
2019-04-21 11:44:08:883 - info: [HTTP] --> POST /wd/hub/session/dc7da7f0-f7ba-4398-8424-381000df2073/element
2019-04-21 11:44:08:883 - info: [HTTP] {"using":"id","sessionId":"dc7da7f0-f7ba-4398-8424-381000df2073","value":"com.cy.patrol:id/v_mobile"}
2019-04-21 11:44:08:883 - info: [debug] [W3C] Calling AppiumDriver.findElement() with args: ["id","com.cy.patrol:id/v_mobile","dc7da7f0-f7ba-4398-8424-381000df2073"]
2019-04-21 11:44:08:883 - info: [debug] [BaseDriver] Valid locator strategies for this request: xpath, id, class name, accessibility id, -android uiautomator
2019-04-21 11:44:08:883 - info: [debug] [BaseDriver] Waiting up to 0 ms for condition
2019-04-21 11:44:08:883 - info: [debug] [JSONWP Proxy] Proxying [POST /element] to [POST http://localhost:8200/wd/hub/session/f2d45b30-dab1-46e0-9b38-415dd3523674/element] with body: {"strategy":"id","selector":"com.cy.patrol:id/v_mobile","context":"","multiple":false}
2019-04-21 11:44:09:461 - info: [debug] [JSONWP Proxy] Got response with status 200: {"sessionId":"f2d45b30-dab1-46e0-9b38-415dd3523674","status":0,"value":{"ELEMENT":"ac5c444d-6ea8-49e5-9729-14fabfe85ecd"}}
2019-04-21 11:44:09:461 - info: [debug] [W3C] Responding to client with driver.findElement() result: {"element-6066-11e4-a52e-4f735466cecf":"ac5c444d-6ea8-49e5-9729-14fabfe85ecd"}
2019-04-21 11:44:09:461 - info: [HTTP] <-- POST /wd/hub/session/dc7da7f0-f7ba-4398-8424-381000df2073/element 200 585 ms - 88
2019-04-21 11:44:09:461 - info: [HTTP] 
2019-04-21 11:44:09:477 - info: [HTTP] --> POST /wd/hub/session/dc7da7f0-f7ba-4398-8424-381000df2073/element/ac5c444d-6ea8-49e5-9729-14fabfe85ecd/value
2019-04-21 11:44:09:477 - info: [HTTP] {"text":"shange","sessionId":"dc7da7f0-f7ba-4398-8424-381000df2073","id":"ac5c444d-6ea8-49e5-9729-14fabfe85ecd","value":["s","h","a","n","g","e"]}
2019-04-21 11:44:09:477 - info: [debug] [W3C] Calling AppiumDriver.setValue() with args: [["s","h","a","n","g","e"],"ac5c444d-6ea8-49e5-9729-14fabfe85ecd","dc7da7f0-f7ba-4398-8424-381000df2073"]
2019-04-21 11:44:09:477 - info: [debug] [JSONWP Proxy] Proxying [POST /element/ac5c444d-6ea8-49e5-9729-14fabfe85ecd/value] to [POST http://localhost:8200/wd/hub/session/f2d45b30-dab1-46e0-9b38-415dd3523674/element/ac5c444d-6ea8-49e5-9729-14fabfe85ecd/value] with body: {"elementId":"ac5c444d-6ea8-49e5-9729-14fabfe85ecd","text":"shange","replace":false,"unicodeKeyboard":true}
2019-04-21 11:44:10:056 - info: [debug] [JSONWP Proxy] Got response with status 200: {"sessionId":"f2d45b30-dab1-46e0-9b38-415dd3523674","status":0,"value":""}
2019-04-21 11:44:10:071 - info: [debug] [W3C] Responding to client with driver.setValue() result: ""
2019-04-21 11:44:10:071 - info: [HTTP] <-- POST /wd/hub/session/dc7da7f0-f7ba-4398-8424-381000df2073/element/ac5c444d-6ea8-49e5-9729-14fabfe85ecd/value 200 595 ms - 12
2019-04-21 11:44:10:071 - info: [HTTP] 
2019-04-21 11:44:10:071 - info: [HTTP] --> POST /wd/hub/session/dc7da7f0-f7ba-4398-8424-381000df2073/element
2019-04-21 11:44:10:071 - info: [HTTP] {"using":"id","sessionId":"dc7da7f0-f7ba-4398-8424-381000df2073","value":"com.cy.patrol:id/v_pwd"}
2019-04-21 11:44:10:087 - info: [debug] [W3C] Calling AppiumDriver.findElement() with args: ["id","com.cy.patrol:id/v_pwd","dc7da7f0-f7ba-4398-8424-381000df2073"]
2019-04-21 11:44:10:087 - info: [debug] [BaseDriver] Valid locator strategies for this request: xpath, id, class name, accessibility id, -android uiautomator
2019-04-21 11:44:10:087 - info: [debug] [BaseDriver] Waiting up to 0 ms for condition
2019-04-21 11:44:10:087 - info: [debug] [JSONWP Proxy] Proxying [POST /element] to [POST http://localhost:8200/wd/hub/session/f2d45b30-dab1-46e0-9b38-415dd3523674/element] with body: {"strategy":"id","selector":"com.cy.patrol:id/v_pwd","context":"","multiple":false}
2019-04-21 11:44:10:844 - info: [debug] [JSONWP Proxy] Got response with status 200: {"sessionId":"f2d45b30-dab1-46e0-9b38-415dd3523674","status":0,"value":{"ELEMENT":"8b83f4bb-c9eb-4394-b70d-401268ff28dc"}}
2019-04-21 11:44:10:844 - info: [debug] [W3C] Responding to client with driver.findElement() result: {"element-6066-11e4-a52e-4f735466cecf":"8b83f4bb-c9eb-4394-b70d-401268ff28dc"}
2019-04-21 11:44:10:844 - info: [HTTP] <-- POST /wd/hub/session/dc7da7f0-f7ba-4398-8424-381000df2073/element 200 767 ms - 88
2019-04-21 11:44:10:844 - info: [HTTP] 
2019-04-21 11:44:10:860 - info: [HTTP] --> POST /wd/hub/session/dc7da7f0-f7ba-4398-8424-381000df2073/element/8b83f4bb-c9eb-4394-b70d-401268ff28dc/value
2019-04-21 11:44:10:860 - info: [HTTP] {"text":"123456","sessionId":"dc7da7f0-f7ba-4398-8424-381000df2073","id":"8b83f4bb-c9eb-4394-b70d-401268ff28dc","value":["1","2","3","4","5","6"]}
2019-04-21 11:44:10:860 - info: [debug] [W3C] Calling AppiumDriver.setValue() with args: [["1","2","3","4","5","6"],"8b83f4bb-c9eb-4394-b70d-401268ff28dc","dc7da7f0-f7ba-4398-8424-381000df2073"]
2019-04-21 11:44:10:860 - info: [debug] [JSONWP Proxy] Proxying [POST /element/8b83f4bb-c9eb-4394-b70d-401268ff28dc/value] to [POST http://localhost:8200/wd/hub/session/f2d45b30-dab1-46e0-9b38-415dd3523674/element/8b83f4bb-c9eb-4394-b70d-401268ff28dc/value] with body: {"elementId":"8b83f4bb-c9eb-4394-b70d-401268ff28dc","text":"123456","replace":false,"unicodeKeyboard":true}
2019-04-21 11:44:11:422 - info: [debug] [JSONWP Proxy] Got response with status 200: {"sessionId":"f2d45b30-dab1-46e0-9b38-415dd3523674","status":0,"value":""}
2019-04-21 11:44:11:422 - info: [debug] [W3C] Responding to client with driver.setValue() result: ""
2019-04-21 11:44:11:422 - info: [HTTP] <-- POST /wd/hub/session/dc7da7f0-f7ba-4398-8424-381000df2073/element/8b83f4bb-c9eb-4394-b70d-401268ff28dc/value 200 572 ms - 12
2019-04-21 11:44:11:422 - info: [HTTP] 
2019-04-21 11:44:11:438 - info: [HTTP] --> POST /wd/hub/session/dc7da7f0-f7ba-4398-8424-381000df2073/element
2019-04-21 11:44:11:438 - info: [HTTP] {"using":"id","sessionId":"dc7da7f0-f7ba-4398-8424-381000df2073","value":"com.cy.patrol:id/l_login"}
2019-04-21 11:44:11:438 - info: [debug] [W3C] Calling AppiumDriver.findElement() with args: ["id","com.cy.patrol:id/l_login","dc7da7f0-f7ba-4398-8424-381000df2073"]
2019-04-21 11:44:11:438 - info: [debug] [BaseDriver] Valid locator strategies for this request: xpath, id, class name, accessibility id, -android uiautomator
2019-04-21 11:44:11:438 - info: [debug] [BaseDriver] Waiting up to 0 ms for condition
2019-04-21 11:44:11:438 - info: [debug] [JSONWP Proxy] Proxying [POST /element] to [POST http://localhost:8200/wd/hub/session/f2d45b30-dab1-46e0-9b38-415dd3523674/element] with body: {"strategy":"id","selector":"com.cy.patrol:id/l_login","context":"","multiple":false}
2019-04-21 11:44:11:945 - info: [debug] [JSONWP Proxy] Got response with status 200: {"sessionId":"f2d45b30-dab1-46e0-9b38-415dd3523674","status":0,"value":{"ELEMENT":"b93eb28e-a77f-4979-89a1-dfb4c9fde3a0"}}
2019-04-21 11:44:11:945 - info: [debug] [W3C] Responding to client with driver.findElement() result: {"element-6066-11e4-a52e-4f735466cecf":"b93eb28e-a77f-4979-89a1-dfb4c9fde3a0"}
2019-04-21 11:44:11:945 - info: [HTTP] <-- POST /wd/hub/session/dc7da7f0-f7ba-4398-8424-381000df2073/element 200 515 ms - 88
2019-04-21 11:44:11:945 - info: [HTTP] 
2019-04-21 11:44:11:945 - info: [HTTP] --> POST /wd/hub/session/dc7da7f0-f7ba-4398-8424-381000df2073/element/b93eb28e-a77f-4979-89a1-dfb4c9fde3a0/click
2019-04-21 11:44:11:961 - info: [HTTP] {"sessionId":"dc7da7f0-f7ba-4398-8424-381000df2073","id":"b93eb28e-a77f-4979-89a1-dfb4c9fde3a0"}
2019-04-21 11:44:11:961 - info: [debug] [W3C] Calling AppiumDriver.click() with args: ["b93eb28e-a77f-4979-89a1-dfb4c9fde3a0","dc7da7f0-f7ba-4398-8424-381000df2073"]
2019-04-21 11:44:11:961 - info: [debug] [JSONWP Proxy] Proxying [POST /element/b93eb28e-a77f-4979-89a1-dfb4c9fde3a0/click] to [POST http://localhost:8200/wd/hub/session/f2d45b30-dab1-46e0-9b38-415dd3523674/element/b93eb28e-a77f-4979-89a1-dfb4c9fde3a0/click] with body: {"element":"b93eb28e-a77f-4979-89a1-dfb4c9fde3a0"}
2019-04-21 11:44:12:713 - info: [debug] [JSONWP Proxy] Got response with status 200: {"sessionId":"f2d45b30-dab1-46e0-9b38-415dd3523674","status":0,"value":true}
2019-04-21 11:44:12:715 - info: [debug] [W3C] Responding to client with driver.click() result: true
2019-04-21 11:44:12:717 - info: [HTTP] <-- POST /wd/hub/session/dc7da7f0-f7ba-4398-8424-381000df2073/element/b93eb28e-a77f-4979-89a1-dfb4c9fde3a0/click 200 756 ms - 14
2019-04-21 11:44:12:717 - info: [HTTP] 
2019-04-21 11:44:12:722 - info: [HTTP] --> POST /wd/hub/session/dc7da7f0-f7ba-4398-8424-381000df2073/element
2019-04-21 11:44:12:723 - info: [HTTP] {"using":"xpath","sessionId":"dc7da7f0-f7ba-4398-8424-381000df2073","value":"//*[contains(@text,hahaha)]"}
2019-04-21 11:44:12:724 - info: [debug] [W3C] Calling AppiumDriver.findElement() with args: ["xpath","//*[contains(@text,hahaha)]","dc7da7f0-f7ba-4398-8424-381000df2073"]
2019-04-21 11:44:12:726 - info: [debug] [BaseDriver] Valid locator strategies for this request: xpath, id, class name, accessibility id, -android uiautomator
2019-04-21 11:44:12:729 - info: [debug] [BaseDriver] Waiting up to 0 ms for condition
2019-04-21 11:44:12:730 - info: [debug] [JSONWP Proxy] Proxying [POST /element] to [POST http://localhost:8200/wd/hub/session/f2d45b30-dab1-46e0-9b38-415dd3523674/element] with body: {"strategy":"xpath","selector":"//*[contains(@text,hahaha)]","context":"","multiple":false}
2019-04-21 11:44:13:784 - info: [debug] [JSONWP Proxy] Got response with status 200: {"sessionId":"f2d45b30-dab1-46e0-9b38-415dd3523674","status":0,"value":{"ELEMENT":"e54360d7-cad0-44bd-8e4f-2bb88012772c"}}
2019-04-21 11:44:13:815 - info: [debug] [W3C] Responding to client with driver.findElement() result: {"element-6066-11e4-a52e-4f735466cecf":"e54360d7-cad0-44bd-8e4f-2bb88012772c"}
2019-04-21 11:44:13:815 - info: [HTTP] <-- POST /wd/hub/session/dc7da7f0-f7ba-4398-8424-381000df2073/element 200 1105 ms - 88
2019-04-21 11:44:13:815 - info: [HTTP] 
2019-04-21 11:45:13:830 - warn: [BaseDriver] Shutting down because we waited 60 seconds for a command
2019-04-21 11:45:13:830 - info: [debug] [UiAutomator2] Deleting UiAutomator2 session
2019-04-21 11:45:13:830 - info: [debug] [UiAutomator2] Deleting UiAutomator2 server session
2019-04-21 11:45:13:830 - info: [debug] [JSONWP Proxy] Proxying [DELETE /] to [DELETE http://localhost:8200/wd/hub/session/f2d45b30-dab1-46e0-9b38-415dd3523674] with no body
2019-04-21 11:45:13:846 - warn: [Appium] Closing session, cause was 'New Command Timeout of 60 seconds expired. Try customizing the timeout using the 'newCommandTimeout' desired capability'
2019-04-21 11:45:13:846 - info: [Appium] Removing session dc7da7f0-f7ba-4398-8424-381000df2073 from our master session list
2019-04-21 11:45:13:942 - info: [debug] [JSONWP Proxy] Got response with status 200: "{\"sessionId\":\"f2d45b30-dab1-46e0-9b38-415dd3523674\",\"status\":0,\"value\":\"Session deleted\"}"
2019-04-21 11:45:13:943 - info: [debug] [UiAutomator2] Resetting IME to 'io.appium.android.ime/.UnicodeIME'
2019-04-21 11:45:13:945 - info: [debug] [ADB] Running 'E:\sdk\platform-tools\adb.exe -P 5037 -s 2116ca98 shell ime set io.appium.android.ime/.UnicodeIME'
2019-04-21 11:45:14:961 - info: [debug] [UiAutomator2] [UIAutomator2] io.appium.uiautomator2.server.test.AppiumUiAutomator2Server:.
2019-04-21 11:45:14:961 - info: [debug] [UiAutomator2] [UIAutomator2] Time: 70.048
2019-04-21 11:45:14:961 - info: [debug] [UiAutomator2] [UIAutomator2] OK (1 test)
2019-04-21 11:45:15:117 - info: [debug] [ADB] Running 'E:\sdk\platform-tools\adb.exe -P 5037 -s 2116ca98 shell am force-stop com.cy.patrol'
2019-04-21 11:45:15:754 - info: [debug] [Logcat] Stopping logcat capture
2019-04-21 11:45:15:754 - info: [debug] [ADB] Removing forwarded port socket connection: 8200 
2019-04-21 11:45:15:754 - info: [debug] [ADB] Running 'E:\sdk\platform-tools\adb.exe -P 5037 -s 2116ca98 forward --remove tcp\:8200'
