2019-04-21 09:21:18:923 - warn: [Appium] Appium support for versions of node < 8 has been deprecated and will be removed in a future version. Please upgrade!
2019-04-21 09:21:18:936 - info: [Appium] Welcome to Appium v1.8.1
2019-04-21 09:21:18:936 - info: [Appium] Non-default server args:
2019-04-21 09:21:18:937 - info: [Appium]   port: 4700
2019-04-21 09:21:18:937 - info: [Appium]   bootstrapPort: 4900
2019-04-21 09:21:18:937 - info: [Appium]   sessionOverride: true
2019-04-21 09:21:18:937 - info: [Appium]   log: D:/pythonProgram/Appium27/log/2116ca982019-04-21-17_21_16.log
2019-04-21 09:21:18:938 - info: [Appium]   udid: 2116ca98
2019-04-21 09:21:18:938 - info: [Appium]   noReset: true
2019-04-21 09:21:18:938 - warn: [Appium] Deprecated server args:
2019-04-21 09:21:18:938 - warn: [Appium]   -U,--udid => --default-capabilities '{"udid":"2116ca98"}'
2019-04-21 09:21:18:938 - warn: [Appium]   --no-reset => --default-capabilities '{"noReset":true}'
2019-04-21 09:21:18:939 - info: [Appium] Default capabilities, which will be added to each request unless overridden by desired capabilities:
2019-04-21 09:21:18:939 - info: [Appium]   udid: 2116ca98
2019-04-21 09:21:18:939 - info: [Appium]   noReset: true
2019-04-21 09:21:18:974 - info: [Appium] Appium REST http interface listener started on 0.0.0.0:4700
2019-04-21 09:21:37:095 - info: [HTTP] --> POST /wd/hub/session
2019-04-21 09:21:37:095 - info: [HTTP] {"capabilities":{"firstMatch":[{"appium:unicodeKeyboard":true,"appium:resetKeyboard":true,"appium:appActivity":"com.cy.patrol.act.LoginAct","appium:automationName":"uiautomator2","appium:app":"E:\\work\\appium\\xcry_appium/apk/ryxc.apk","appium:deviceName":"2116ca98","platformName":"Android"}]},"desiredCapabilities":{"deviceName":"2116ca98","unicodeKeyboard":true,"app":"E:\\work\\appium\\xcry_appium/apk/ryxc.apk","appActivity":"com.cy.patrol.act.LoginAct","resetKeyboard":true,"platformName":"Android","automationName":"uiautomator2"}}
2019-04-21 09:21:37:097 - info: [debug] [MJSONWP] Calling AppiumDriver.createSession() with args: [{"deviceName":"2116ca98","unicodeKeyboard":true,"app":"E:\\work\\appium\\xcry_appium/apk/ryxc.apk","appActivity":"com.cy.patrol.act.LoginAct","resetKeyboard":true,"platformName":"Android","automationName":"uiautomator2"},null,{"firstMatch":[{"appium:unicodeKeyboard":true,"appium:resetKeyboard":true,"appium:appActivity":"com.cy.patrol.act.LoginAct","appium:automationName":"uiautomator2","appium:app":"E:\\work\\appium\\xcry_appium/apk/ryxc.apk","appium:deviceName":"2116ca98","platformName":"Android"}]}]
2019-04-21 09:21:37:098 - info: [debug] [BaseDriver] Event 'newSessionRequested' logged at 1555838497098 (17:21:37 GMT+0800 (中国标准时间))
2019-04-21 09:21:37:101 - warn: [BaseDriver] The capabilities ["udid","noReset"] are not standard capabilities and should have an extension prefix
2019-04-21 09:21:37:106 - info: [Appium] Creating new AndroidUiautomator2Driver (v1.12.0) session
2019-04-21 09:21:37:106 - info: [Appium] Capabilities:
2019-04-21 09:21:37:106 - info: [Appium]   udid: 2116ca98
2019-04-21 09:21:37:106 - info: [Appium]   noReset: true
2019-04-21 09:21:37:106 - info: [Appium]   platformName: Android
2019-04-21 09:21:37:106 - info: [Appium]   unicodeKeyboard: true
2019-04-21 09:21:37:107 - info: [Appium]   resetKeyboard: true
2019-04-21 09:21:37:107 - info: [Appium]   appActivity: com.cy.patrol.act.LoginAct
2019-04-21 09:21:37:107 - info: [Appium]   automationName: uiautomator2
2019-04-21 09:21:37:107 - info: [Appium]   app: E:\work\appium\xcry_appium/apk/ryxc.apk
2019-04-21 09:21:37:107 - info: [Appium]   deviceName: 2116ca98
2019-04-21 09:21:37:110 - info: [debug] [BaseDriver] W3C capabilities {"alwaysMatch":{"appium:udi... and MJSONWP desired capabilities [object Object] were provided
2019-04-21 09:21:37:111 - info: [debug] [BaseDriver] Creating session with W3C capabilities: {"alwaysMatch":{"appium:udi...
2019-04-21 09:21:37:123 - info: [BaseDriver] Session created with session id: abd82f6c-25e3-4655-9297-c60c601e1198
2019-04-21 09:21:37:126 - info: [BaseDriver] Using local app 'E:\work\appium\xcry_appium/apk/ryxc.apk'
2019-04-21 09:21:37:126 - info: [debug] [UiAutomator2] Checking whether app is actually present
2019-04-21 09:21:37:532 - info: [debug] [AndroidDriver] Getting Java version
2019-04-21 09:21:37:717 - info: [AndroidDriver] Java version is: 1.8.0_151
2019-04-21 09:21:37:720 - info: [ADB] Checking whether adb is present
2019-04-21 09:21:37:725 - info: [ADB] Found 1 'build-tools' folders under 'E:\sdk' (newest first):
2019-04-21 09:21:37:725 - info: [ADB]     E:/sdk/build-tools/android-4.3
2019-04-21 09:21:37:725 - info: [ADB] Using adb.exe from E:\sdk\platform-tools\adb.exe
2019-04-21 09:21:37:726 - info: [AndroidDriver] Retrieving device list
2019-04-21 09:21:37:726 - info: [debug] [ADB] Trying to find a connected android device
2019-04-21 09:21:37:727 - info: [debug] [ADB] Getting connected devices...
2019-04-21 09:21:37:747 - info: [debug] [ADB] 1 device(s) connected
2019-04-21 09:21:37:748 - info: [AndroidDriver] Using device: 2116ca98
2019-04-21 09:21:37:750 - info: [debug] [ADB] Setting device id to 2116ca98
2019-04-21 09:21:37:752 - info: [debug] [ADB] Running 'E:\sdk\platform-tools\adb.exe -P 5037 -s 2116ca98 shell getprop ro.build.version.sdk'
2019-04-21 09:21:37:795 - info: [debug] [ADB] Current device property 'ro.build.version.sdk': 25
2019-04-21 09:21:37:795 - info: [debug] [ADB] Device API level: 25
2019-04-21 09:21:37:796 - info: [debug] [AndroidDriver] Parsing package and activity from app manifest
2019-04-21 09:21:37:798 - info: [ADB] Using the alternative activity name detection method because of: Could not find apkanalyzer.bat in E:\sdk\platform-tools\apkanalyzer.bat,E:\sdk\emulator\apkanalyzer.bat,E:\sdk\tools\apkanalyzer.bat,E:\sdk\tools\bin\apkanalyzer.bat,E:\sdk\build-tools\android-4.3\apkanalyzer.bat. Do you have the Android SDK installed at 'E:\sdk'?
2019-04-21 09:21:37:799 - info: [ADB] Checking whether aapt is present
2019-04-21 09:21:37:800 - info: [ADB] Using aapt.exe from E:\sdk\tools\aapt.exe
2019-04-21 09:21:37:800 - info: [ADB] Extracting package and launch activity from manifest
2019-04-21 09:21:37:822 - info: [ADB] Package name: 'com.cy.patrol'
2019-04-21 09:21:37:822 - info: [ADB] Main activity name: 'com.cy.patrol.act.LoadingAct'
2019-04-21 09:21:37:823 - info: [debug] [AndroidDriver] Parsed package and activity are: com.cy.patrol/com.cy.patrol.act.LoadingAct
2019-04-21 09:21:37:823 - info: [ADB] Getting device platform version
2019-04-21 09:21:37:823 - info: [debug] [ADB] Running 'E:\sdk\platform-tools\adb.exe -P 5037 -s 2116ca98 shell getprop ro.build.version.release'
2019-04-21 09:21:37:864 - info: [debug] [ADB] Current device property 'ro.build.version.release': 7.1.1
2019-04-21 09:21:37:865 - info: [debug] [ADB] Running 'E:\sdk\platform-tools\adb.exe -P 5037 -s 2116ca98 shell wm size'
2019-04-21 09:21:38:395 - info: [debug] [ADB] Running 'E:\sdk\platform-tools\adb.exe -P 5037 -s 2116ca98 shell wm density'
2019-04-21 09:21:38:947 - info: [debug] [ADB] Running 'E:\sdk\platform-tools\adb.exe -P 5037 -s 2116ca98 shell getprop ro.product.model'
2019-04-21 09:21:39:031 - info: [debug] [ADB] Current device property 'ro.product.model': OS103
2019-04-21 09:21:39:032 - info: [debug] [ADB] Running 'E:\sdk\platform-tools\adb.exe -P 5037 -s 2116ca98 shell getprop ro.product.manufacturer'
2019-04-21 09:21:39:122 - info: [debug] [ADB] Current device property 'ro.product.manufacturer': smartisan
2019-04-21 09:21:39:123 - info: [debug] [ADB] Device API level: 25
2019-04-21 09:21:39:128 - info: [debug] [ADB] Running 'E:\sdk\platform-tools\adb.exe -P 5037 -s 2116ca98 shell am force-stop io.appium.uiautomator2.server'
2019-04-21 09:21:39:700 - info: [debug] [ADB] Checking app cert for C:\Users\30280\AppData\Roaming\npm\node_modules\appium\node_modules\appium-uiautomator2-server\apks\appium-uiautomator2-server-v1.12.0.apk
2019-04-21 09:21:39:704 - warn: [ADB] Cannot use apksigner tool for signature verification. Defaulting to verify.jar. Original error: Could not find apksigner.bat in E:\sdk\platform-tools\apksigner.bat,E:\sdk\emulator\apksigner.bat,E:\sdk\tools\apksigner.bat,E:\sdk\tools\bin\apksigner.bat,E:\sdk\build-tools\android-4.3\apksigner.bat. Do you have the Android SDK installed at 'E:\sdk'?
2019-04-21 09:21:39:974 - info: [debug] [ADB] 'C:\Users\30280\AppData\Roaming\npm\node_modules\appium\node_modules\appium-uiautomator2-server\apks\appium-uiautomator2-server-v1.12.0.apk' is already signed.
2019-04-21 09:21:39:974 - info: [debug] [ADB] Checking app cert for C:\Users\30280\AppData\Roaming\npm\node_modules\appium\node_modules\appium-uiautomator2-server\apks\appium-uiautomator2-server-debug-androidTest.apk
2019-04-21 09:21:39:976 - warn: [ADB] Cannot use apksigner tool for signature verification. Defaulting to verify.jar. Original error: Could not find apksigner.bat in E:\sdk\platform-tools\apksigner.bat,E:\sdk\emulator\apksigner.bat,E:\sdk\tools\apksigner.bat,E:\sdk\tools\bin\apksigner.bat,E:\sdk\build-tools\android-4.3\apksigner.bat. Do you have the Android SDK installed at 'E:\sdk'?
2019-04-21 09:21:40:253 - info: [debug] [ADB] 'C:\Users\30280\AppData\Roaming\npm\node_modules\appium\node_modules\appium-uiautomator2-server\apks\appium-uiautomator2-server-debug-androidTest.apk' is already signed.
2019-04-21 09:21:40:255 - info: [debug] [ADB] Getting install status for io.appium.uiautomator2.server
2019-04-21 09:21:40:255 - info: [debug] [ADB] Running 'E:\sdk\platform-tools\adb.exe -P 5037 -s 2116ca98 shell pm list packages io.appium.uiautomator2.server'
2019-04-21 09:21:40:778 - info: [debug] [ADB] App is installed
2019-04-21 09:21:40:780 - info: [debug] [ADB] Getting package info for 'io.appium.uiautomator2.server'
2019-04-21 09:21:40:781 - info: [debug] [ADB] Running 'E:\sdk\platform-tools\adb.exe -P 5037 -s 2116ca98 shell dumpsys package io.appium.uiautomator2.server'
2019-04-21 09:21:40:931 - info: [debug] [ADB] The installed 'io.appium.uiautomator2.server' package does not require upgrade ('1.12.0' >= '1.12.0')
2019-04-21 09:21:40:933 - info: [debug] [ADB] Getting install status for io.appium.uiautomator2.server.test
2019-04-21 09:21:40:933 - info: [debug] [ADB] Running 'E:\sdk\platform-tools\adb.exe -P 5037 -s 2116ca98 shell pm list packages io.appium.uiautomator2.server.test'
2019-04-21 09:21:41:473 - info: [debug] [ADB] App is installed
2019-04-21 09:21:41:476 - info: [debug] [ADB] Getting package info for 'io.appium.uiautomator2.server.test'
2019-04-21 09:21:41:477 - info: [debug] [ADB] Running 'E:\sdk\platform-tools\adb.exe -P 5037 -s 2116ca98 shell dumpsys package io.appium.uiautomator2.server.test'
2019-04-21 09:21:41:603 - warn: [ADB] Cannot read version codes of 'C:\Users\30280\AppData\Roaming\npm\node_modules\appium\node_modules\appium-uiautomator2-server\apks\appium-uiautomator2-server-debug-androidTest.apk' and/or 'io.appium.uiautomator2.server.test'
2019-04-21 09:21:41:607 - warn: [ADB] Cannot read version names of 'C:\Users\30280\AppData\Roaming\npm\node_modules\appium\node_modules\appium-uiautomator2-server\apks\appium-uiautomator2-server-debug-androidTest.apk' and/or 'io.appium.uiautomator2.server.test'. Assuming correct app version is already installed
2019-04-21 09:21:41:607 - info: [debug] [UiAutomator2] Waiting up to 20000ms for instrumentation 'io.appium.uiautomator2.server.test/android.support.test.runner.AndroidJUnitRunner' to be available
2019-04-21 09:21:41:610 - info: [debug] [ADB] Running 'E:\sdk\platform-tools\adb.exe -P 5037 -s 2116ca98 shell pm list instrumentation'
2019-04-21 09:21:42:141 - info: [debug] [UiAutomator2] Instrumentation 'io.appium.uiautomator2.server.test/android.support.test.runner.AndroidJUnitRunner' available
2019-04-21 09:21:42:144 - info: [debug] [ADB] Running 'E:\sdk\platform-tools\adb.exe -P 5037 -s 2116ca98 wait-for-device'
2019-04-21 09:21:42:175 - info: [debug] [ADB] Running 'E:\sdk\platform-tools\adb.exe -P 5037 -s 2116ca98 shell echo ping'
2019-04-21 09:21:42:210 - info: [debug] [AndroidDriver] Pushing settings apk to device...
2019-04-21 09:21:42:211 - info: [debug] [ADB] Getting install status for io.appium.settings
2019-04-21 09:21:42:211 - info: [debug] [ADB] Running 'E:\sdk\platform-tools\adb.exe -P 5037 -s 2116ca98 shell pm list packages io.appium.settings'
2019-04-21 09:21:42:737 - info: [debug] [ADB] App is installed
2019-04-21 09:21:42:738 - info: [debug] [ADB] Getting package info for 'io.appium.settings'
2019-04-21 09:21:42:739 - info: [debug] [ADB] Running 'E:\sdk\platform-tools\adb.exe -P 5037 -s 2116ca98 shell dumpsys package io.appium.settings'
2019-04-21 09:21:42:877 - info: [debug] [ADB] The installed 'io.appium.settings' package does not require upgrade (13 > 5)
2019-04-21 09:21:42:879 - info: [debug] [ADB] Running 'E:\sdk\platform-tools\adb.exe -P 5037 -s 2116ca98 shell ps'
2019-04-21 09:21:43:002 - info: [debug] [ADB] Device API level: 25
2019-04-21 09:21:43:002 - info: [debug] [ADB] Running 'E:\sdk\platform-tools\adb.exe -P 5037 -s 2116ca98 shell am start -W -n io.appium.settings/.Settings -a android.intent.action.MAIN -c android.intent.category.LAUNCHER -f 0x10200000'
2019-04-21 09:21:43:808 - info: [debug] [ADB] Device API level: 25
2019-04-21 09:21:43:809 - info: [debug] [ADB] Running 'E:\sdk\platform-tools\adb.exe -P 5037 -s 2116ca98 shell appops set io.appium.settings android\:mock_location allow'
2019-04-21 09:21:43:918 - warn: [AndroidDriver] setDeviceLanguageCountry requires language or country.
2019-04-21 09:21:43:918 - warn: [AndroidDriver] Got language: 'null' and country: 'null'
2019-04-21 09:21:43:920 - info: [debug] [Logcat] Starting logcat capture
2019-04-21 09:21:43:998 - info: [debug] [AndroidDriver] Enabling Unicode keyboard support
2019-04-21 09:21:43:998 - info: [debug] [AndroidDriver] Pushing unicode ime to device...
2019-04-21 09:21:44:000 - info: [debug] [ADB] Running 'E:\sdk\platform-tools\adb.exe -P 5037 -s 2116ca98 install C\:\\Users\\30280\\AppData\\Roaming\\npm\\node_modules\\appium\\node_modules\\appium-android-ime\\bin\\UnicodeIME-debug.apk'
2019-04-21 09:21:44:850 - info: [debug] [ADB] Install command stdout: Failure [INSTALL_FAILED_ALREADY_EXISTS: Attempt to re-install io.appium.android.ime without first uninstalling.]
2019-04-21 09:21:44:851 - info: [debug] [ADB] Application 'C:\Users\30280\AppData\Roaming\npm\node_modules\appium\node_modules\appium-android-ime\bin\UnicodeIME-debug.apk' already installed. Continuing.
2019-04-21 09:21:44:851 - info: [debug] [ADB] Running 'E:\sdk\platform-tools\adb.exe -P 5037 -s 2116ca98 shell settings get secure default_input_method'
2019-04-21 09:21:45:383 - info: [debug] [AndroidDriver] Unsetting previous IME com.iflytek.inputmethod.smartisan/com.iflytek.inputmethod.FlyIME
2019-04-21 09:21:45:384 - info: [debug] [AndroidDriver] Setting IME to 'io.appium.android.ime/.UnicodeIME'
2019-04-21 09:21:45:386 - info: [debug] [ADB] Running 'E:\sdk\platform-tools\adb.exe -P 5037 -s 2116ca98 shell ime enable io.appium.android.ime/.UnicodeIME'
2019-04-21 09:21:45:922 - info: [debug] [ADB] Running 'E:\sdk\platform-tools\adb.exe -P 5037 -s 2116ca98 shell ime set io.appium.android.ime/.UnicodeIME'
2019-04-21 09:21:46:481 - info: [debug] [AndroidDriver] Pushing unlock helper app to device...
2019-04-21 09:21:46:482 - info: [debug] [ADB] Getting install status for io.appium.unlock
2019-04-21 09:21:46:483 - info: [debug] [ADB] Running 'E:\sdk\platform-tools\adb.exe -P 5037 -s 2116ca98 shell pm list packages io.appium.unlock'
2019-04-21 09:21:47:077 - info: [debug] [ADB] App is installed
2019-04-21 09:21:47:078 - info: [debug] [ADB] Getting package info for 'io.appium.unlock'
2019-04-21 09:21:47:079 - info: [debug] [ADB] Running 'E:\sdk\platform-tools\adb.exe -P 5037 -s 2116ca98 shell dumpsys package io.appium.unlock'
2019-04-21 09:21:47:224 - info: [debug] [ADB] The installed 'io.appium.unlock' package does not require upgrade ('2.0.0' >= '2.0.0')
2019-04-21 09:21:47:226 - info: [debug] [UiAutomator2] Forwarding UiAutomator2 Server port 6790 to 8200
2019-04-21 09:21:47:227 - info: [debug] [ADB] Forwarding system: 8200 to device: 6790
2019-04-21 09:21:47:228 - info: [debug] [ADB] Running 'E:\sdk\platform-tools\adb.exe -P 5037 -s 2116ca98 forward tcp\:8200 tcp\:6790'
2019-04-21 09:21:47:252 - info: [debug] [ADB] Running 'E:\sdk\platform-tools\adb.exe -P 5037 -s 2116ca98 shell rm -rf /data/local/tmp/strings.json'
2019-04-21 09:21:47:305 - info: [debug] [AndroidDriver] Extracting strings from apk
2019-04-21 09:21:47:307 - info: [debug] [AndroidDriver] E:\work\appium\xcry_appium/apk/ryxc.apk
2019-04-21 09:21:47:308 - info: [debug] [AndroidDriver] null
2019-04-21 09:21:47:309 - info: [debug] [AndroidDriver] C:\Users\30280\AppData\Local\Temp\com.cy.patrol
2019-04-21 09:21:47:313 - info: [debug] [ADB] Extracting strings for language: default
2019-04-21 09:21:47:465 - info: [ADB] Successfully extracted 498 strings from 'E:\work\appium\xcry_appium/apk/ryxc.apk' resources for '(default)' configuration
2019-04-21 09:21:47:476 - info: [debug] [ADB] Running 'E:\sdk\platform-tools\adb.exe -P 5037 -s 2116ca98 push C\:\\Users\\30280\\AppData\\Local\\Temp\\com.cy.patrol\\strings.json /data/local/tmp'
2019-04-21 09:21:47:526 - info: [debug] [ADB] Checking app cert for E:\work\appium\xcry_appium/apk/ryxc.apk
2019-04-21 09:21:47:526 - warn: [ADB] Cannot use apksigner tool for signature verification. Defaulting to verify.jar. Original error: Could not find apksigner.bat in E:\sdk\platform-tools\apksigner.bat,E:\sdk\emulator\apksigner.bat,E:\sdk\tools\apksigner.bat,E:\sdk\tools\bin\apksigner.bat,E:\sdk\build-tools\android-4.3\apksigner.bat. Do you have the Android SDK installed at 'E:\sdk'?
2019-04-21 09:21:48:632 - info: [debug] [ADB] 'E:\work\appium\xcry_appium/apk/ryxc.apk' is already signed.
2019-04-21 09:21:48:633 - info: [debug] [ADB] Getting install status for com.cy.patrol
2019-04-21 09:21:48:633 - info: [debug] [ADB] Running 'E:\sdk\platform-tools\adb.exe -P 5037 -s 2116ca98 shell pm list packages com.cy.patrol'
2019-04-21 09:21:49:172 - info: [debug] [ADB] App is not installed
2019-04-21 09:21:49:173 - info: [debug] [ADB] App 'E:\work\appium\xcry_appium/apk/ryxc.apk' not installed. Installing
2019-04-21 09:21:49:174 - info: [debug] [ADB] Running 'E:\sdk\platform-tools\adb.exe -P 5037 -s 2116ca98 install E\:\\work\\appium\\xcry_appium/apk/ryxc.apk'
2019-04-21 09:22:09:665 - info: [debug] [ADB] Install command stdout: Success
2019-04-21 09:22:09:668 - info: [debug] [ADB] Running 'E:\sdk\platform-tools\adb.exe -P 5037 -s 2116ca98 shell am force-stop io.appium.uiautomator2.server'
2019-04-21 09:22:10:336 - info: [UiAutomator2] Starting uiautomator2 server 1.12.0
2019-04-21 09:22:10:337 - info: [UiAutomator2] Using UIAutomator2 server from 'C:\Users\30280\AppData\Roaming\npm\node_modules\appium\node_modules\appium-uiautomator2-server\apks\appium-uiautomator2-server-v1.12.0.apk' and test from 'C:\Users\30280\AppData\Roaming\npm\node_modules\appium\node_modules\appium-uiautomator2-server\apks\appium-uiautomator2-server-debug-androidTest.apk'
2019-04-21 09:22:10:338 - info: [UiAutomator2] Running command: 'adb -s 2116ca98 shell am instrument -w io.appium.uiautomator2.server.test/android.support.test.runner.AndroidJUnitRunner'
2019-04-21 09:22:10:344 - info: [UiAutomator2] Waiting up to 20000ms for UiAutomator2 to be online...
2019-04-21 09:22:10:350 - info: [debug] [JSONWP Proxy] Proxying [GET /status] to [GET http://localhost:8200/wd/hub/status] with no body
2019-04-21 09:22:11:379 - info: [debug] [JSONWP Proxy] Proxying [GET /status] to [GET http://localhost:8200/wd/hub/status] with no body
2019-04-21 09:22:12:395 - info: [debug] [JSONWP Proxy] Proxying [GET /status] to [GET http://localhost:8200/wd/hub/status] with no body
2019-04-21 09:22:13:408 - info: [debug] [JSONWP Proxy] Proxying [GET /status] to [GET http://localhost:8200/wd/hub/status] with no body
2019-04-21 09:22:14:423 - info: [debug] [JSONWP Proxy] Proxying [GET /status] to [GET http://localhost:8200/wd/hub/status] with no body
2019-04-21 09:22:14:475 - info: [debug] [JSONWP Proxy] Got response with status 200: "{\"sessionId\":\"SESSIONID\",\"status\":0,\"value\":\"Status Invoked\"}"
2019-04-21 09:22:14:477 - info: [debug] [JSONWP Proxy] Proxying [POST /session] to [POST http://localhost:8200/wd/hub/session] with body: {"desiredCapabilities":{"platform":"LINUX","webStorageEnabled":false,"takesScreenshot":true,"javascriptEnabled":true,"databaseEnabled":false,"networkConnectionEnabled":true,"locationContextEnabled":false,"warnings":{},"desired":{"platformName":"Android","udid":"2116ca98","noReset":true,"unicodeKeyboard":true,"resetKeyboard":true,"appActivity":"com.cy.patrol.act.LoginAct","automationName":"uiautomator2","app":"E:\\work\\appium\\xcry_appium/apk/ryxc.apk","deviceName":"2116ca98"},"platformName":"Android","udid":"2116ca98","noReset":true,"unicodeKeyboard":true,"resetKeyboard":true,"appActivity":"com.cy.patrol.act.LoginAct","automationName":"uiautomator2","app":"E:\\work\\appium\\xcry_appium/apk/ryxc.apk","deviceName":"2116ca98","deviceUDID":"2116ca98","platformVersion":"7.1.1","deviceScreenSize":"1080x2160","deviceScreenDensity":400,"deviceModel":"OS103","deviceManufacturer":"smartisan","deviceApiLevel":25,"appPackage":"com.cy.patrol"}}
2019-04-21 09:22:14:512 - info: [debug] [JSONWP Proxy] Got response with status 200: {"sessionId":"9af693c0-61bc-4b09-955c-d55112a48ba6","status":0,"value":"Created Session"}
2019-04-21 09:22:14:515 - info: [debug] [ADB] Running 'E:\sdk\platform-tools\adb.exe -P 5037 -s 2116ca98 shell dumpsys window'
2019-04-21 09:22:14:638 - info: [AndroidDriver] Screen already unlocked, doing nothing
2019-04-21 09:22:14:639 - info: [UiAutomator2] UiAutomator2 did not start the activity we were waiting for, 'com.cy.patrol/com.cy.patrol.act.LoginAct'. Starting it ourselves
2019-04-21 09:22:14:640 - info: [debug] [ADB] Device API level: 25
2019-04-21 09:22:14:643 - info: [debug] [ADB] Running 'E:\sdk\platform-tools\adb.exe -P 5037 -s 2116ca98 shell am start -W -n com.cy.patrol/com.cy.patrol.act.LoginAct -S -a android.intent.action.MAIN -c android.intent.category.LAUNCHER -f 0x10200000'
2019-04-21 09:22:15:456 - info: [debug] [UiAutomator2] Deleting UiAutomator2 session
2019-04-21 09:22:15:459 - info: [debug] [UiAutomator2] Deleting UiAutomator2 server session
2019-04-21 09:22:15:460 - info: [debug] [JSONWP Proxy] Proxying [DELETE /] to [DELETE http://localhost:8200/wd/hub/session/9af693c0-61bc-4b09-955c-d55112a48ba6] with no body
2019-04-21 09:22:15:480 - info: [debug] [JSONWP Proxy] Got response with status 200: "{\"sessionId\":\"9af693c0-61bc-4b09-955c-d55112a48ba6\",\"status\":0,\"value\":\"Session deleted\"}"
2019-04-21 09:22:15:481 - info: [debug] [UiAutomator2] Resetting IME to 'com.iflytek.inputmethod.smartisan/com.iflytek.inputmethod.FlyIME'
2019-04-21 09:22:15:481 - info: [debug] [ADB] Running 'E:\sdk\platform-tools\adb.exe -P 5037 -s 2116ca98 shell ime set com.iflytek.inputmethod.smartisan/com.iflytek.inputmethod.FlyIME'
2019-04-21 09:22:16:012 - info: [debug] [ADB] Running 'E:\sdk\platform-tools\adb.exe -P 5037 -s 2116ca98 shell am force-stop com.cy.patrol'
2019-04-21 09:22:16:572 - info: [debug] [Logcat] Stopping logcat capture
2019-04-21 09:22:16:585 - info: [debug] [ADB] Removing forwarded port socket connection: 8200 
2019-04-21 09:22:16:586 - info: [debug] [ADB] Running 'E:\sdk\platform-tools\adb.exe -P 5037 -s 2116ca98 forward --remove tcp\:8200'
2019-04-21 09:22:16:646 - info: [debug] [BaseDriver] Event 'newSessionStarted' logged at 1555838536646 (17:22:16 GMT+0800 (中国标准时间))
2019-04-21 09:22:16:663 - error: [W3C] Encountered internal error running command: Error: Cannot start the 'com.cy.patrol' application. Original error: The permission to start 'com.cy.patrol.act.LoginAct' activity has been denied.Make sure the activity/package names are correct.
2019-04-21 09:22:16:663 - error: [W3C]     at ADB.callee$0$0$ (C:\Users\30280\AppData\Roaming\npm\node_modules\appium\node_modules\appium-adb\lib\tools\apk-utils.js:125:11)
2019-04-21 09:22:16:663 - error: [W3C]     at tryCatch (C:\Users\30280\AppData\Roaming\npm\node_modules\appium\node_modules\babel-runtime\regenerator\runtime.js:67:40)
2019-04-21 09:22:16:663 - error: [W3C]     at GeneratorFunctionPrototype.invoke [as _invoke] (C:\Users\30280\AppData\Roaming\npm\node_modules\appium\node_modules\babel-runtime\regenerator\runtime.js:315:22)
2019-04-21 09:22:16:663 - error: [W3C]     at GeneratorFunctionPrototype.prototype.(anonymous function) [as next] (C:\Users\30280\AppData\Roaming\npm\node_modules\appium\node_modules\babel-runtime\regenerator\runtime.js:100:21)
2019-04-21 09:22:16:663 - error: [W3C]     at GeneratorFunctionPrototype.invoke (C:\Users\30280\AppData\Roaming\npm\node_modules\appium\node_modules\babel-runtime\regenerator\runtime.js:136:37)
2019-04-21 09:22:16:678 - info: [HTTP] <-- POST /wd/hub/session 500 39581 ms - 1630
2019-04-21 09:22:16:678 - info: [HTTP] 
2019-04-21 09:22:16:679 - info: [debug] [UiAutomator2] [UIAutomator2] io.appium.uiautomator2.server.test.AppiumUiAutomator2Server:.
2019-04-21 09:22:16:679 - info: [debug] [UiAutomator2] [UIAutomator2] Time: 4.021
2019-04-21 09:22:16:679 - info: [debug] [UiAutomator2] [UIAutomator2] OK (1 test)
