2019-04-21 09:13:02:823 - warn: [Appium] Appium support for versions of node < 8 has been deprecated and will be removed in a future version. Please upgrade!
2019-04-21 09:13:02:836 - info: [Appium] Welcome to Appium v1.8.1
2019-04-21 09:13:02:836 - info: [Appium] Non-default server args:
2019-04-21 09:13:02:837 - info: [Appium]   port: 4701
2019-04-21 09:13:02:837 - info: [Appium]   bootstrapPort: 4900
2019-04-21 09:13:02:837 - info: [Appium]   sessionOverride: true
2019-04-21 09:13:02:838 - info: [Appium]   log: D:/pythonProgram/Appium27/log/2116ca982019-04-21-17_13_00.log
2019-04-21 09:13:02:838 - info: [Appium]   udid: 2116ca98
2019-04-21 09:13:02:838 - info: [Appium]   noReset: true
2019-04-21 09:13:02:838 - warn: [Appium] Deprecated server args:
2019-04-21 09:13:02:838 - warn: [Appium]   -U,--udid => --default-capabilities '{"udid":"2116ca98"}'
2019-04-21 09:13:02:839 - warn: [Appium]   --no-reset => --default-capabilities '{"noReset":true}'
2019-04-21 09:13:02:839 - info: [Appium] Default capabilities, which will be added to each request unless overridden by desired capabilities:
2019-04-21 09:13:02:839 - info: [Appium]   udid: 2116ca98
2019-04-21 09:13:02:839 - info: [Appium]   noReset: true
2019-04-21 09:13:02:877 - info: [Appium] Appium REST http interface listener started on 0.0.0.0:4701
2019-04-21 09:13:20:839 - info: [HTTP] --> POST /wd/hub/session
2019-04-21 09:13:20:839 - info: [HTTP] {"capabilities":{"firstMatch":[{"appium:unicodeKeyboard":true,"appium:resetKeyboard":true,"appium:automationName":"uiautomator2","appium:app":"E:\\work\\appium\\xcry_appium/apk/ryxc.apk","appium:deviceName":"2116ca98","platformName":"Android"}]},"desiredCapabilities":{"deviceName":"2116ca98","unicodeKeyboard":true,"automationName":"uiautomator2","resetKeyboard":true,"platformName":"Android","app":"E:\\work\\appium\\xcry_appium/apk/ryxc.apk"}}
2019-04-21 09:13:20:841 - info: [debug] [MJSONWP] Calling AppiumDriver.createSession() with args: [{"deviceName":"2116ca98","unicodeKeyboard":true,"automationName":"uiautomator2","resetKeyboard":true,"platformName":"Android","app":"E:\\work\\appium\\xcry_appium/apk/ryxc.apk"},null,{"firstMatch":[{"appium:unicodeKeyboard":true,"appium:resetKeyboard":true,"appium:automationName":"uiautomator2","appium:app":"E:\\work\\appium\\xcry_appium/apk/ryxc.apk","appium:deviceName":"2116ca98","platformName":"Android"}]}]
2019-04-21 09:13:20:842 - info: [debug] [BaseDriver] Event 'newSessionRequested' logged at 1555838000842 (17:13:20 GMT+0800 (中国标准时间))
2019-04-21 09:13:20:845 - warn: [BaseDriver] The capabilities ["udid","noReset"] are not standard capabilities and should have an extension prefix
2019-04-21 09:13:20:850 - info: [Appium] Creating new AndroidUiautomator2Driver (v1.12.0) session
2019-04-21 09:13:20:850 - info: [Appium] Capabilities:
2019-04-21 09:13:20:850 - info: [Appium]   udid: 2116ca98
2019-04-21 09:13:20:850 - info: [Appium]   noReset: true
2019-04-21 09:13:20:850 - info: [Appium]   platformName: Android
2019-04-21 09:13:20:851 - info: [Appium]   unicodeKeyboard: true
2019-04-21 09:13:20:851 - info: [Appium]   resetKeyboard: true
2019-04-21 09:13:20:851 - info: [Appium]   automationName: uiautomator2
2019-04-21 09:13:20:851 - info: [Appium]   app: E:\work\appium\xcry_appium/apk/ryxc.apk
2019-04-21 09:13:20:851 - info: [Appium]   deviceName: 2116ca98
2019-04-21 09:13:20:856 - info: [debug] [BaseDriver] W3C capabilities {"alwaysMatch":{"appium:udi... and MJSONWP desired capabilities [object Object] were provided
2019-04-21 09:13:20:856 - info: [debug] [BaseDriver] Creating session with W3C capabilities: {"alwaysMatch":{"appium:udi...
2019-04-21 09:13:20:868 - info: [BaseDriver] Session created with session id: 6393f290-f454-4d11-bf13-700b7c5f0cfd
2019-04-21 09:13:20:871 - info: [BaseDriver] Using local app 'E:\work\appium\xcry_appium/apk/ryxc.apk'
2019-04-21 09:13:20:872 - info: [debug] [UiAutomator2] Checking whether app is actually present
2019-04-21 09:13:21:276 - info: [debug] [AndroidDriver] Getting Java version
2019-04-21 09:13:21:387 - info: [AndroidDriver] Java version is: 1.8.0_151
2019-04-21 09:13:21:390 - info: [ADB] Checking whether adb is present
2019-04-21 09:13:21:394 - info: [ADB] Found 1 'build-tools' folders under 'E:\sdk' (newest first):
2019-04-21 09:13:21:394 - info: [ADB]     E:/sdk/build-tools/android-4.3
2019-04-21 09:13:21:394 - info: [ADB] Using adb.exe from E:\sdk\platform-tools\adb.exe
2019-04-21 09:13:21:395 - info: [AndroidDriver] Retrieving device list
2019-04-21 09:13:21:395 - info: [debug] [ADB] Trying to find a connected android device
2019-04-21 09:13:21:396 - info: [debug] [ADB] Getting connected devices...
2019-04-21 09:13:21:417 - info: [debug] [ADB] 1 device(s) connected
2019-04-21 09:13:21:417 - info: [AndroidDriver] Using device: 2116ca98
2019-04-21 09:13:21:420 - info: [debug] [ADB] Setting device id to 2116ca98
2019-04-21 09:13:21:422 - info: [debug] [ADB] Running 'E:\sdk\platform-tools\adb.exe -P 5037 -s 2116ca98 shell getprop ro.build.version.sdk'
2019-04-21 09:13:21:468 - info: [debug] [ADB] Current device property 'ro.build.version.sdk': 25
2019-04-21 09:13:21:468 - info: [debug] [ADB] Device API level: 25
2019-04-21 09:13:21:469 - info: [debug] [AndroidDriver] Parsing package and activity from app manifest
2019-04-21 09:13:21:472 - info: [ADB] Using the alternative activity name detection method because of: Could not find apkanalyzer.bat in E:\sdk\platform-tools\apkanalyzer.bat,E:\sdk\emulator\apkanalyzer.bat,E:\sdk\tools\apkanalyzer.bat,E:\sdk\tools\bin\apkanalyzer.bat,E:\sdk\build-tools\android-4.3\apkanalyzer.bat. Do you have the Android SDK installed at 'E:\sdk'?
2019-04-21 09:13:21:473 - info: [ADB] Checking whether aapt is present
2019-04-21 09:13:21:474 - info: [ADB] Using aapt.exe from E:\sdk\tools\aapt.exe
2019-04-21 09:13:21:475 - info: [ADB] Extracting package and launch activity from manifest
2019-04-21 09:13:21:499 - info: [ADB] Package name: 'com.cy.patrol'
2019-04-21 09:13:21:499 - info: [ADB] Main activity name: 'com.cy.patrol.act.LoadingAct'
2019-04-21 09:13:21:499 - info: [debug] [AndroidDriver] Parsed package and activity are: com.cy.patrol/com.cy.patrol.act.LoadingAct
2019-04-21 09:13:21:500 - info: [ADB] Getting device platform version
2019-04-21 09:13:21:500 - info: [debug] [ADB] Running 'E:\sdk\platform-tools\adb.exe -P 5037 -s 2116ca98 shell getprop ro.build.version.release'
2019-04-21 09:13:21:549 - info: [debug] [ADB] Current device property 'ro.build.version.release': 7.1.1
2019-04-21 09:13:21:550 - info: [debug] [ADB] Running 'E:\sdk\platform-tools\adb.exe -P 5037 -s 2116ca98 shell wm size'
2019-04-21 09:13:22:107 - info: [debug] [ADB] Running 'E:\sdk\platform-tools\adb.exe -P 5037 -s 2116ca98 shell wm density'
2019-04-21 09:13:22:644 - info: [debug] [ADB] Running 'E:\sdk\platform-tools\adb.exe -P 5037 -s 2116ca98 shell getprop ro.product.model'
2019-04-21 09:13:22:733 - info: [debug] [ADB] Current device property 'ro.product.model': OS103
2019-04-21 09:13:22:736 - info: [debug] [ADB] Running 'E:\sdk\platform-tools\adb.exe -P 5037 -s 2116ca98 shell getprop ro.product.manufacturer'
2019-04-21 09:13:22:797 - info: [debug] [ADB] Current device property 'ro.product.manufacturer': smartisan
2019-04-21 09:13:22:797 - info: [debug] [ADB] Device API level: 25
2019-04-21 09:13:22:799 - info: [debug] [ADB] Running 'E:\sdk\platform-tools\adb.exe -P 5037 -s 2116ca98 shell am force-stop io.appium.uiautomator2.server'
2019-04-21 09:13:23:355 - info: [debug] [ADB] Checking app cert for C:\Users\30280\AppData\Roaming\npm\node_modules\appium\node_modules\appium-uiautomator2-server\apks\appium-uiautomator2-server-v1.12.0.apk
2019-04-21 09:13:23:363 - warn: [ADB] Cannot use apksigner tool for signature verification. Defaulting to verify.jar. Original error: Could not find apksigner.bat in E:\sdk\platform-tools\apksigner.bat,E:\sdk\emulator\apksigner.bat,E:\sdk\tools\apksigner.bat,E:\sdk\tools\bin\apksigner.bat,E:\sdk\build-tools\android-4.3\apksigner.bat. Do you have the Android SDK installed at 'E:\sdk'?
2019-04-21 09:13:23:670 - info: [debug] [ADB] 'C:\Users\30280\AppData\Roaming\npm\node_modules\appium\node_modules\appium-uiautomator2-server\apks\appium-uiautomator2-server-v1.12.0.apk' is already signed.
2019-04-21 09:13:23:670 - info: [debug] [ADB] Checking app cert for C:\Users\30280\AppData\Roaming\npm\node_modules\appium\node_modules\appium-uiautomator2-server\apks\appium-uiautomator2-server-debug-androidTest.apk
2019-04-21 09:13:23:671 - warn: [ADB] Cannot use apksigner tool for signature verification. Defaulting to verify.jar. Original error: Could not find apksigner.bat in E:\sdk\platform-tools\apksigner.bat,E:\sdk\emulator\apksigner.bat,E:\sdk\tools\apksigner.bat,E:\sdk\tools\bin\apksigner.bat,E:\sdk\build-tools\android-4.3\apksigner.bat. Do you have the Android SDK installed at 'E:\sdk'?
2019-04-21 09:13:23:941 - info: [debug] [ADB] 'C:\Users\30280\AppData\Roaming\npm\node_modules\appium\node_modules\appium-uiautomator2-server\apks\appium-uiautomator2-server-debug-androidTest.apk' is already signed.
2019-04-21 09:13:23:941 - info: [debug] [ADB] Getting install status for io.appium.uiautomator2.server
2019-04-21 09:13:23:941 - info: [debug] [ADB] Running 'E:\sdk\platform-tools\adb.exe -P 5037 -s 2116ca98 shell pm list packages io.appium.uiautomator2.server'
2019-04-21 09:13:24:478 - info: [debug] [ADB] App is installed
2019-04-21 09:13:24:480 - info: [debug] [ADB] Getting package info for 'io.appium.uiautomator2.server'
2019-04-21 09:13:24:483 - info: [debug] [ADB] Running 'E:\sdk\platform-tools\adb.exe -P 5037 -s 2116ca98 shell dumpsys package io.appium.uiautomator2.server'
2019-04-21 09:13:24:596 - info: [debug] [ADB] The installed 'io.appium.uiautomator2.server' package does not require upgrade ('1.12.0' >= '1.12.0')
2019-04-21 09:13:24:598 - info: [debug] [ADB] Getting install status for io.appium.uiautomator2.server.test
2019-04-21 09:13:24:598 - info: [debug] [ADB] Running 'E:\sdk\platform-tools\adb.exe -P 5037 -s 2116ca98 shell pm list packages io.appium.uiautomator2.server.test'
2019-04-21 09:13:25:104 - info: [debug] [ADB] App is installed
2019-04-21 09:13:25:106 - info: [debug] [ADB] Getting package info for 'io.appium.uiautomator2.server.test'
2019-04-21 09:13:25:106 - info: [debug] [ADB] Running 'E:\sdk\platform-tools\adb.exe -P 5037 -s 2116ca98 shell dumpsys package io.appium.uiautomator2.server.test'
2019-04-21 09:13:25:208 - warn: [ADB] Cannot read version codes of 'C:\Users\30280\AppData\Roaming\npm\node_modules\appium\node_modules\appium-uiautomator2-server\apks\appium-uiautomator2-server-debug-androidTest.apk' and/or 'io.appium.uiautomator2.server.test'
2019-04-21 09:13:25:208 - warn: [ADB] Cannot read version names of 'C:\Users\30280\AppData\Roaming\npm\node_modules\appium\node_modules\appium-uiautomator2-server\apks\appium-uiautomator2-server-debug-androidTest.apk' and/or 'io.appium.uiautomator2.server.test'. Assuming correct app version is already installed
2019-04-21 09:13:25:209 - info: [debug] [UiAutomator2] Waiting up to 20000ms for instrumentation 'io.appium.uiautomator2.server.test/android.support.test.runner.AndroidJUnitRunner' to be available
2019-04-21 09:13:25:210 - info: [debug] [ADB] Running 'E:\sdk\platform-tools\adb.exe -P 5037 -s 2116ca98 shell pm list instrumentation'
2019-04-21 09:13:25:746 - info: [debug] [UiAutomator2] Instrumentation 'io.appium.uiautomator2.server.test/android.support.test.runner.AndroidJUnitRunner' available
2019-04-21 09:13:25:751 - info: [debug] [ADB] Running 'E:\sdk\platform-tools\adb.exe -P 5037 -s 2116ca98 wait-for-device'
2019-04-21 09:13:25:826 - info: [debug] [ADB] Running 'E:\sdk\platform-tools\adb.exe -P 5037 -s 2116ca98 shell echo ping'
2019-04-21 09:13:25:890 - info: [debug] [AndroidDriver] Pushing settings apk to device...
2019-04-21 09:13:25:891 - info: [debug] [ADB] Getting install status for io.appium.settings
2019-04-21 09:13:25:892 - info: [debug] [ADB] Running 'E:\sdk\platform-tools\adb.exe -P 5037 -s 2116ca98 shell pm list packages io.appium.settings'
2019-04-21 09:13:26:454 - info: [debug] [ADB] App is installed
2019-04-21 09:13:26:455 - info: [debug] [ADB] Getting package info for 'io.appium.settings'
2019-04-21 09:13:26:456 - info: [debug] [ADB] Running 'E:\sdk\platform-tools\adb.exe -P 5037 -s 2116ca98 shell dumpsys package io.appium.settings'
2019-04-21 09:13:26:580 - info: [debug] [ADB] The installed 'io.appium.settings' package does not require upgrade (13 > 5)
2019-04-21 09:13:26:582 - info: [debug] [ADB] Running 'E:\sdk\platform-tools\adb.exe -P 5037 -s 2116ca98 shell ps'
2019-04-21 09:13:26:707 - info: [debug] [AndroidDriver] io.appium.settings is already running. There is no need to reset its permissions.
2019-04-21 09:13:26:708 - info: [debug] [ADB] Device API level: 25
2019-04-21 09:13:26:708 - info: [debug] [ADB] Running 'E:\sdk\platform-tools\adb.exe -P 5037 -s 2116ca98 shell appops set io.appium.settings android\:mock_location allow'
2019-04-21 09:13:26:772 - warn: [AndroidDriver] setDeviceLanguageCountry requires language or country.
2019-04-21 09:13:26:772 - warn: [AndroidDriver] Got language: 'null' and country: 'null'
2019-04-21 09:13:26:775 - info: [debug] [Logcat] Starting logcat capture
2019-04-21 09:13:26:851 - info: [debug] [AndroidDriver] Enabling Unicode keyboard support
2019-04-21 09:13:26:851 - info: [debug] [AndroidDriver] Pushing unicode ime to device...
2019-04-21 09:13:26:852 - info: [debug] [ADB] Running 'E:\sdk\platform-tools\adb.exe -P 5037 -s 2116ca98 install C\:\\Users\\30280\\AppData\\Roaming\\npm\\node_modules\\appium\\node_modules\\appium-android-ime\\bin\\UnicodeIME-debug.apk'
2019-04-21 09:13:27:645 - info: [debug] [ADB] Install command stdout: Failure [INSTALL_FAILED_ALREADY_EXISTS: Attempt to re-install io.appium.android.ime without first uninstalling.]
2019-04-21 09:13:27:645 - info: [debug] [ADB] Application 'C:\Users\30280\AppData\Roaming\npm\node_modules\appium\node_modules\appium-android-ime\bin\UnicodeIME-debug.apk' already installed. Continuing.
2019-04-21 09:13:27:646 - info: [debug] [ADB] Running 'E:\sdk\platform-tools\adb.exe -P 5037 -s 2116ca98 shell settings get secure default_input_method'
2019-04-21 09:13:28:188 - info: [debug] [AndroidDriver] Unsetting previous IME com.iflytek.inputmethod.smartisan/com.iflytek.inputmethod.FlyIME
2019-04-21 09:13:28:189 - info: [debug] [AndroidDriver] Setting IME to 'io.appium.android.ime/.UnicodeIME'
2019-04-21 09:13:28:191 - info: [debug] [ADB] Running 'E:\sdk\platform-tools\adb.exe -P 5037 -s 2116ca98 shell ime enable io.appium.android.ime/.UnicodeIME'
2019-04-21 09:13:28:764 - info: [debug] [ADB] Running 'E:\sdk\platform-tools\adb.exe -P 5037 -s 2116ca98 shell ime set io.appium.android.ime/.UnicodeIME'
2019-04-21 09:13:29:332 - info: [debug] [AndroidDriver] Pushing unlock helper app to device...
2019-04-21 09:13:29:334 - info: [debug] [ADB] Getting install status for io.appium.unlock
2019-04-21 09:13:29:336 - info: [debug] [ADB] Running 'E:\sdk\platform-tools\adb.exe -P 5037 -s 2116ca98 shell pm list packages io.appium.unlock'
2019-04-21 09:13:29:890 - info: [debug] [ADB] App is installed
2019-04-21 09:13:29:892 - info: [debug] [ADB] Getting package info for 'io.appium.unlock'
2019-04-21 09:13:29:893 - info: [debug] [ADB] Running 'E:\sdk\platform-tools\adb.exe -P 5037 -s 2116ca98 shell dumpsys package io.appium.unlock'
2019-04-21 09:13:30:024 - info: [debug] [ADB] The installed 'io.appium.unlock' package does not require upgrade ('2.0.0' >= '2.0.0')
2019-04-21 09:13:30:025 - info: [debug] [UiAutomator2] Forwarding UiAutomator2 Server port 6790 to 8200
2019-04-21 09:13:30:026 - info: [debug] [ADB] Forwarding system: 8200 to device: 6790
2019-04-21 09:13:30:026 - info: [debug] [ADB] Running 'E:\sdk\platform-tools\adb.exe -P 5037 -s 2116ca98 forward tcp\:8200 tcp\:6790'
2019-04-21 09:13:30:056 - info: [debug] [ADB] Running 'E:\sdk\platform-tools\adb.exe -P 5037 -s 2116ca98 shell rm -rf /data/local/tmp/strings.json'
2019-04-21 09:13:30:099 - info: [debug] [AndroidDriver] Extracting strings from apk
2019-04-21 09:13:30:099 - info: [debug] [AndroidDriver] E:\work\appium\xcry_appium/apk/ryxc.apk
2019-04-21 09:13:30:101 - info: [debug] [AndroidDriver] null
2019-04-21 09:13:30:101 - info: [debug] [AndroidDriver] C:\Users\30280\AppData\Local\Temp\com.cy.patrol
2019-04-21 09:13:30:103 - info: [debug] [ADB] Extracting strings for language: default
2019-04-21 09:13:30:250 - info: [ADB] Successfully extracted 498 strings from 'E:\work\appium\xcry_appium/apk/ryxc.apk' resources for '(default)' configuration
2019-04-21 09:13:30:261 - info: [debug] [ADB] Running 'E:\sdk\platform-tools\adb.exe -P 5037 -s 2116ca98 push C\:\\Users\\30280\\AppData\\Local\\Temp\\com.cy.patrol\\strings.json /data/local/tmp'
2019-04-21 09:13:30:318 - info: [debug] [ADB] Checking app cert for E:\work\appium\xcry_appium/apk/ryxc.apk
2019-04-21 09:13:30:319 - warn: [ADB] Cannot use apksigner tool for signature verification. Defaulting to verify.jar. Original error: Could not find apksigner.bat in E:\sdk\platform-tools\apksigner.bat,E:\sdk\emulator\apksigner.bat,E:\sdk\tools\apksigner.bat,E:\sdk\tools\bin\apksigner.bat,E:\sdk\build-tools\android-4.3\apksigner.bat. Do you have the Android SDK installed at 'E:\sdk'?
2019-04-21 09:13:31:464 - info: [debug] [ADB] 'E:\work\appium\xcry_appium/apk/ryxc.apk' is already signed.
2019-04-21 09:13:31:464 - info: [debug] [ADB] Getting install status for com.cy.patrol
2019-04-21 09:13:31:465 - info: [debug] [ADB] Running 'E:\sdk\platform-tools\adb.exe -P 5037 -s 2116ca98 shell pm list packages com.cy.patrol'
2019-04-21 09:13:32:004 - info: [debug] [ADB] App is not installed
2019-04-21 09:13:32:005 - info: [debug] [ADB] App 'E:\work\appium\xcry_appium/apk/ryxc.apk' not installed. Installing
2019-04-21 09:13:32:006 - info: [debug] [ADB] Running 'E:\sdk\platform-tools\adb.exe -P 5037 -s 2116ca98 install E\:\\work\\appium\\xcry_appium/apk/ryxc.apk'
2019-04-21 09:13:51:477 - info: [debug] [ADB] Install command stdout: Success
2019-04-21 09:13:51:480 - info: [debug] [ADB] Running 'E:\sdk\platform-tools\adb.exe -P 5037 -s 2116ca98 shell am force-stop io.appium.uiautomator2.server'
2019-04-21 09:13:52:265 - info: [UiAutomator2] Starting uiautomator2 server 1.12.0
2019-04-21 09:13:52:265 - info: [UiAutomator2] Using UIAutomator2 server from 'C:\Users\30280\AppData\Roaming\npm\node_modules\appium\node_modules\appium-uiautomator2-server\apks\appium-uiautomator2-server-v1.12.0.apk' and test from 'C:\Users\30280\AppData\Roaming\npm\node_modules\appium\node_modules\appium-uiautomator2-server\apks\appium-uiautomator2-server-debug-androidTest.apk'
2019-04-21 09:13:52:267 - info: [UiAutomator2] Running command: 'adb -s 2116ca98 shell am instrument -w io.appium.uiautomator2.server.test/android.support.test.runner.AndroidJUnitRunner'
2019-04-21 09:13:52:275 - info: [UiAutomator2] Waiting up to 20000ms for UiAutomator2 to be online...
2019-04-21 09:13:52:281 - info: [debug] [JSONWP Proxy] Proxying [GET /status] to [GET http://localhost:8200/wd/hub/status] with no body
2019-04-21 09:13:53:321 - info: [debug] [JSONWP Proxy] Proxying [GET /status] to [GET http://localhost:8200/wd/hub/status] with no body
2019-04-21 09:13:54:340 - info: [debug] [JSONWP Proxy] Proxying [GET /status] to [GET http://localhost:8200/wd/hub/status] with no body
2019-04-21 09:13:55:351 - info: [debug] [JSONWP Proxy] Proxying [GET /status] to [GET http://localhost:8200/wd/hub/status] with no body
2019-04-21 09:13:56:365 - info: [debug] [JSONWP Proxy] Proxying [GET /status] to [GET http://localhost:8200/wd/hub/status] with no body
2019-04-21 09:13:57:382 - info: [debug] [JSONWP Proxy] Proxying [GET /status] to [GET http://localhost:8200/wd/hub/status] with no body
2019-04-21 09:13:58:396 - info: [debug] [JSONWP Proxy] Proxying [GET /status] to [GET http://localhost:8200/wd/hub/status] with no body
2019-04-21 09:13:58:455 - info: [debug] [JSONWP Proxy] Got response with status 200: "{\"sessionId\":\"SESSIONID\",\"status\":0,\"value\":\"Status Invoked\"}"
2019-04-21 09:13:58:458 - info: [debug] [JSONWP Proxy] Proxying [POST /session] to [POST http://localhost:8200/wd/hub/session] with body: {"desiredCapabilities":{"platform":"LINUX","webStorageEnabled":false,"takesScreenshot":true,"javascriptEnabled":true,"databaseEnabled":false,"networkConnectionEnabled":true,"locationContextEnabled":false,"warnings":{},"desired":{"platformName":"Android","udid":"2116ca98","noReset":true,"unicodeKeyboard":true,"resetKeyboard":true,"automationName":"uiautomator2","app":"E:\\work\\appium\\xcry_appium/apk/ryxc.apk","deviceName":"2116ca98"},"platformName":"Android","udid":"2116ca98","noReset":true,"unicodeKeyboard":true,"resetKeyboard":true,"automationName":"uiautomator2","app":"E:\\work\\appium\\xcry_appium/apk/ryxc.apk","deviceName":"2116ca98","deviceUDID":"2116ca98","platformVersion":"7.1.1","deviceScreenSize":"1080x2160","deviceScreenDensity":400,"deviceModel":"OS103","deviceManufacturer":"smartisan","deviceApiLevel":25,"appPackage":"com.cy.patrol"}}
2019-04-21 09:13:58:492 - info: [debug] [JSONWP Proxy] Got response with status 200: {"sessionId":"41762bc5-a0e9-4c7c-a329-dae4c673fc86","status":0,"value":"Created Session"}
2019-04-21 09:13:58:494 - info: [debug] [ADB] Running 'E:\sdk\platform-tools\adb.exe -P 5037 -s 2116ca98 shell dumpsys window'
2019-04-21 09:13:58:610 - info: [AndroidDriver] Screen already unlocked, doing nothing
2019-04-21 09:13:58:611 - info: [UiAutomator2] UiAutomator2 did not start the activity we were waiting for, 'com.cy.patrol/com.cy.patrol.act.LoadingAct'. Starting it ourselves
2019-04-21 09:13:58:613 - info: [debug] [ADB] Device API level: 25
2019-04-21 09:13:58:614 - info: [debug] [ADB] Running 'E:\sdk\platform-tools\adb.exe -P 5037 -s 2116ca98 shell am start -W -n com.cy.patrol/com.cy.patrol.act.LoadingAct -S -a android.intent.action.MAIN -c android.intent.category.LAUNCHER -f 0x10200000'
2019-04-21 09:14:03:532 - info: [debug] [ADB] Waiting up to 20000ms for activity matching pkg: 'com.cy.patrol' and activity: 'com.cy.patrol.act.LoadingAct' to be focused
2019-04-21 09:14:03:534 - info: [debug] [ADB] Possible activities, to be checked: 'com.cy.patrol.act.LoadingAct', 'com.cy.patrol.com.cy.patrol.act.LoadingAct'
2019-04-21 09:14:03:538 - info: [debug] [ADB] Getting focused package and activity
2019-04-21 09:14:03:539 - info: [debug] [ADB] Running 'E:\sdk\platform-tools\adb.exe -P 5037 -s 2116ca98 shell dumpsys window windows'
2019-04-21 09:14:03:648 - info: [debug] [ADB] Found package: 'com.cy.patrol' and fully qualified activity name : 'com.cy.patrol.act.LoginAct'
2019-04-21 09:14:03:650 - info: [debug] [ADB] Incorrect package and activity. Retrying.
2019-04-21 09:14:04:407 - info: [debug] [ADB] Getting focused package and activity
2019-04-21 09:14:04:408 - info: [debug] [ADB] Running 'E:\sdk\platform-tools\adb.exe -P 5037 -s 2116ca98 shell dumpsys window windows'
2019-04-21 09:14:04:503 - info: [debug] [ADB] Found package: 'com.cy.patrol' and fully qualified activity name : 'com.cy.patrol.act.LoginAct'
2019-04-21 09:14:04:503 - info: [debug] [ADB] Incorrect package and activity. Retrying.
2019-04-21 09:14:05:255 - info: [debug] [ADB] Getting focused package and activity
2019-04-21 09:14:05:256 - info: [debug] [ADB] Running 'E:\sdk\platform-tools\adb.exe -P 5037 -s 2116ca98 shell dumpsys window windows'
2019-04-21 09:14:05:366 - info: [debug] [ADB] Found package: 'com.cy.patrol' and fully qualified activity name : 'com.cy.patrol.act.LoginAct'
2019-04-21 09:14:05:367 - info: [debug] [ADB] Incorrect package and activity. Retrying.
2019-04-21 09:14:06:167 - info: [debug] [ADB] Getting focused package and activity
2019-04-21 09:14:06:167 - info: [debug] [ADB] Running 'E:\sdk\platform-tools\adb.exe -P 5037 -s 2116ca98 shell dumpsys window windows'
2019-04-21 09:14:06:261 - info: [debug] [ADB] Found package: 'com.cy.patrol' and fully qualified activity name : 'com.cy.patrol.act.LoginAct'
2019-04-21 09:14:06:262 - info: [debug] [ADB] Incorrect package and activity. Retrying.
2019-04-21 09:14:07:014 - info: [debug] [ADB] Getting focused package and activity
2019-04-21 09:14:07:015 - info: [debug] [ADB] Running 'E:\sdk\platform-tools\adb.exe -P 5037 -s 2116ca98 shell dumpsys window windows'
2019-04-21 09:14:07:127 - info: [debug] [ADB] Found package: 'com.cy.patrol' and fully qualified activity name : 'com.cy.patrol.act.LoginAct'
2019-04-21 09:14:07:128 - info: [debug] [ADB] Incorrect package and activity. Retrying.
2019-04-21 09:14:07:881 - info: [debug] [ADB] Getting focused package and activity
2019-04-21 09:14:07:882 - info: [debug] [ADB] Running 'E:\sdk\platform-tools\adb.exe -P 5037 -s 2116ca98 shell dumpsys window windows'
2019-04-21 09:14:08:006 - info: [debug] [ADB] Found package: 'com.cy.patrol' and fully qualified activity name : 'com.cy.patrol.act.LoginAct'
2019-04-21 09:14:08:008 - info: [debug] [ADB] Incorrect package and activity. Retrying.
2019-04-21 09:14:08:759 - info: [debug] [ADB] Getting focused package and activity
2019-04-21 09:14:08:761 - info: [debug] [ADB] Running 'E:\sdk\platform-tools\adb.exe -P 5037 -s 2116ca98 shell dumpsys window windows'
2019-04-21 09:14:08:880 - info: [debug] [ADB] Found package: 'com.cy.patrol' and fully qualified activity name : 'com.cy.patrol.act.LoginAct'
2019-04-21 09:14:08:881 - info: [debug] [ADB] Incorrect package and activity. Retrying.
2019-04-21 09:14:09:633 - info: [debug] [ADB] Getting focused package and activity
2019-04-21 09:14:09:638 - info: [debug] [ADB] Running 'E:\sdk\platform-tools\adb.exe -P 5037 -s 2116ca98 shell dumpsys window windows'
2019-04-21 09:14:09:734 - info: [debug] [ADB] Found package: 'com.cy.patrol' and fully qualified activity name : 'com.cy.patrol.act.LoginAct'
2019-04-21 09:14:09:735 - info: [debug] [ADB] Incorrect package and activity. Retrying.
2019-04-21 09:14:10:485 - info: [debug] [ADB] Getting focused package and activity
2019-04-21 09:14:10:487 - info: [debug] [ADB] Running 'E:\sdk\platform-tools\adb.exe -P 5037 -s 2116ca98 shell dumpsys window windows'
2019-04-21 09:14:10:635 - info: [debug] [ADB] Found package: 'com.cy.patrol' and fully qualified activity name : 'com.cy.patrol.act.LoginAct'
2019-04-21 09:14:10:635 - info: [debug] [ADB] Incorrect package and activity. Retrying.
2019-04-21 09:14:11:388 - info: [debug] [ADB] Getting focused package and activity
2019-04-21 09:14:11:390 - info: [debug] [ADB] Running 'E:\sdk\platform-tools\adb.exe -P 5037 -s 2116ca98 shell dumpsys window windows'
2019-04-21 09:14:11:498 - info: [debug] [ADB] Found package: 'com.cy.patrol' and fully qualified activity name : 'com.cy.patrol.act.LoginAct'
2019-04-21 09:14:11:500 - info: [debug] [ADB] Incorrect package and activity. Retrying.
2019-04-21 09:14:12:252 - info: [debug] [ADB] Getting focused package and activity
2019-04-21 09:14:12:252 - info: [debug] [ADB] Running 'E:\sdk\platform-tools\adb.exe -P 5037 -s 2116ca98 shell dumpsys window windows'
2019-04-21 09:14:12:344 - info: [debug] [ADB] Found package: 'com.cy.patrol' and fully qualified activity name : 'com.cy.patrol.act.LoginAct'
2019-04-21 09:14:12:344 - info: [debug] [ADB] Incorrect package and activity. Retrying.
2019-04-21 09:14:13:096 - info: [debug] [ADB] Getting focused package and activity
2019-04-21 09:14:13:097 - info: [debug] [ADB] Running 'E:\sdk\platform-tools\adb.exe -P 5037 -s 2116ca98 shell dumpsys window windows'
2019-04-21 09:14:13:210 - info: [debug] [ADB] Found package: 'com.cy.patrol' and fully qualified activity name : 'com.cy.patrol.act.LoginAct'
2019-04-21 09:14:13:211 - info: [debug] [ADB] Incorrect package and activity. Retrying.
2019-04-21 09:14:13:963 - info: [debug] [ADB] Getting focused package and activity
2019-04-21 09:14:13:964 - info: [debug] [ADB] Running 'E:\sdk\platform-tools\adb.exe -P 5037 -s 2116ca98 shell dumpsys window windows'
2019-04-21 09:14:14:084 - info: [debug] [ADB] Found package: 'com.cy.patrol' and fully qualified activity name : 'com.cy.patrol.act.LoginAct'
2019-04-21 09:14:14:084 - info: [debug] [ADB] Incorrect package and activity. Retrying.
2019-04-21 09:14:14:835 - info: [debug] [ADB] Getting focused package and activity
2019-04-21 09:14:14:836 - info: [debug] [ADB] Running 'E:\sdk\platform-tools\adb.exe -P 5037 -s 2116ca98 shell dumpsys window windows'
2019-04-21 09:14:14:944 - info: [debug] [ADB] Found package: 'com.cy.patrol' and fully qualified activity name : 'com.cy.patrol.act.LoginAct'
2019-04-21 09:14:14:944 - info: [debug] [ADB] Incorrect package and activity. Retrying.
2019-04-21 09:14:15:695 - info: [debug] [ADB] Getting focused package and activity
2019-04-21 09:14:15:695 - info: [debug] [ADB] Running 'E:\sdk\platform-tools\adb.exe -P 5037 -s 2116ca98 shell dumpsys window windows'
2019-04-21 09:14:15:793 - info: [debug] [ADB] Found package: 'com.cy.patrol' and fully qualified activity name : 'com.cy.patrol.act.LoginAct'
2019-04-21 09:14:15:797 - info: [debug] [ADB] Incorrect package and activity. Retrying.
2019-04-21 09:14:16:548 - info: [debug] [ADB] Getting focused package and activity
2019-04-21 09:14:16:550 - info: [debug] [ADB] Running 'E:\sdk\platform-tools\adb.exe -P 5037 -s 2116ca98 shell dumpsys window windows'
2019-04-21 09:14:16:672 - info: [debug] [ADB] Found package: 'com.cy.patrol' and fully qualified activity name : 'com.cy.patrol.act.LoginAct'
2019-04-21 09:14:16:673 - info: [debug] [ADB] Incorrect package and activity. Retrying.
2019-04-21 09:14:17:425 - info: [debug] [ADB] Getting focused package and activity
2019-04-21 09:14:17:427 - info: [debug] [ADB] Running 'E:\sdk\platform-tools\adb.exe -P 5037 -s 2116ca98 shell dumpsys window windows'
2019-04-21 09:14:17:559 - info: [debug] [ADB] Found package: 'com.cy.patrol' and fully qualified activity name : 'com.cy.patrol.act.LoginAct'
2019-04-21 09:14:17:559 - info: [debug] [ADB] Incorrect package and activity. Retrying.
2019-04-21 09:14:18:312 - info: [debug] [ADB] Getting focused package and activity
2019-04-21 09:14:18:317 - info: [debug] [ADB] Running 'E:\sdk\platform-tools\adb.exe -P 5037 -s 2116ca98 shell dumpsys window windows'
2019-04-21 09:14:18:443 - info: [debug] [ADB] Found package: 'com.cy.patrol' and fully qualified activity name : 'com.cy.patrol.act.LoginAct'
2019-04-21 09:14:18:443 - info: [debug] [ADB] Incorrect package and activity. Retrying.
2019-04-21 09:14:19:195 - info: [debug] [ADB] Getting focused package and activity
2019-04-21 09:14:19:197 - info: [debug] [ADB] Running 'E:\sdk\platform-tools\adb.exe -P 5037 -s 2116ca98 shell dumpsys window windows'
2019-04-21 09:14:19:320 - info: [debug] [ADB] Found package: 'com.cy.patrol' and fully qualified activity name : 'com.cy.patrol.act.LoginAct'
2019-04-21 09:14:19:320 - info: [debug] [ADB] Incorrect package and activity. Retrying.
2019-04-21 09:14:20:073 - info: [debug] [ADB] Getting focused package and activity
2019-04-21 09:14:20:075 - info: [debug] [ADB] Running 'E:\sdk\platform-tools\adb.exe -P 5037 -s 2116ca98 shell dumpsys window windows'
2019-04-21 09:14:20:191 - info: [debug] [ADB] Found package: 'com.cy.patrol' and fully qualified activity name : 'com.cy.patrol.act.LoginAct'
2019-04-21 09:14:20:191 - info: [debug] [ADB] Incorrect package and activity. Retrying.
2019-04-21 09:14:20:943 - info: [debug] [ADB] Getting focused package and activity
2019-04-21 09:14:20:944 - info: [debug] [ADB] Running 'E:\sdk\platform-tools\adb.exe -P 5037 -s 2116ca98 shell dumpsys window windows'
2019-04-21 09:14:21:057 - info: [debug] [ADB] Found package: 'com.cy.patrol' and fully qualified activity name : 'com.cy.patrol.act.LoginAct'
2019-04-21 09:14:21:058 - info: [debug] [ADB] Incorrect package and activity. Retrying.
2019-04-21 09:14:21:809 - info: [debug] [ADB] Getting focused package and activity
2019-04-21 09:14:21:810 - info: [debug] [ADB] Running 'E:\sdk\platform-tools\adb.exe -P 5037 -s 2116ca98 shell dumpsys window windows'
2019-04-21 09:14:21:921 - info: [debug] [ADB] Found package: 'com.cy.patrol' and fully qualified activity name : 'com.cy.patrol.act.LoginAct'
2019-04-21 09:14:21:921 - info: [debug] [ADB] Incorrect package and activity. Retrying.
2019-04-21 09:14:22:674 - info: [debug] [ADB] Getting focused package and activity
2019-04-21 09:14:22:675 - info: [debug] [ADB] Running 'E:\sdk\platform-tools\adb.exe -P 5037 -s 2116ca98 shell dumpsys window windows'
2019-04-21 09:14:22:796 - info: [debug] [ADB] Found package: 'com.cy.patrol' and fully qualified activity name : 'com.cy.patrol.act.LoginAct'
2019-04-21 09:14:22:796 - info: [debug] [ADB] Incorrect package and activity. Retrying.
2019-04-21 09:14:23:549 - info: [debug] [ADB] Getting focused package and activity
2019-04-21 09:14:23:550 - info: [debug] [ADB] Running 'E:\sdk\platform-tools\adb.exe -P 5037 -s 2116ca98 shell dumpsys window windows'
2019-04-21 09:14:23:676 - info: [debug] [ADB] Found package: 'com.cy.patrol' and fully qualified activity name : 'com.cy.patrol.act.LoginAct'
2019-04-21 09:14:23:679 - info: [debug] [ADB] Incorrect package and activity. Retrying.
2019-04-21 09:14:24:433 - info: [debug] [ADB] Getting focused package and activity
2019-04-21 09:14:24:433 - info: [debug] [ADB] Running 'E:\sdk\platform-tools\adb.exe -P 5037 -s 2116ca98 shell dumpsys window windows'
2019-04-21 09:14:24:516 - info: [debug] [ADB] Found package: 'com.cy.patrol' and fully qualified activity name : 'com.cy.patrol.act.LoginAct'
2019-04-21 09:14:24:516 - info: [debug] [ADB] Incorrect package and activity. Retrying.
2019-04-21 09:14:25:267 - info: [debug] [ADB] Getting focused package and activity
2019-04-21 09:14:25:267 - info: [debug] [ADB] Running 'E:\sdk\platform-tools\adb.exe -P 5037 -s 2116ca98 shell dumpsys window windows'
2019-04-21 09:14:25:336 - info: [debug] [ADB] Found package: 'com.cy.patrol' and fully qualified activity name : 'com.cy.patrol.act.LoginAct'
2019-04-21 09:14:25:338 - info: [debug] [ADB] Incorrect package and activity. Retrying.
2019-04-21 09:14:25:341 - info: [debug] [UiAutomator2] Deleting UiAutomator2 session
2019-04-21 09:14:25:342 - info: [debug] [UiAutomator2] Deleting UiAutomator2 server session
2019-04-21 09:14:25:342 - info: [debug] [JSONWP Proxy] Proxying [DELETE /] to [DELETE http://localhost:8200/wd/hub/session/41762bc5-a0e9-4c7c-a329-dae4c673fc86] with no body
2019-04-21 09:14:25:385 - info: [debug] [JSONWP Proxy] Got response with status 200: "{\"sessionId\":\"41762bc5-a0e9-4c7c-a329-dae4c673fc86\",\"status\":0,\"value\":\"Session deleted\"}"
2019-04-21 09:14:25:386 - info: [debug] [UiAutomator2] Resetting IME to 'com.iflytek.inputmethod.smartisan/com.iflytek.inputmethod.FlyIME'
2019-04-21 09:14:25:388 - info: [debug] [ADB] Running 'E:\sdk\platform-tools\adb.exe -P 5037 -s 2116ca98 shell ime set com.iflytek.inputmethod.smartisan/com.iflytek.inputmethod.FlyIME'
2019-04-21 09:14:25:805 - info: [debug] [UiAutomator2] [UIAutomator2] io.appium.uiautomator2.server.test.AppiumUiAutomator2Server:.
2019-04-21 09:14:25:806 - info: [debug] [UiAutomator2] [UIAutomator2] Time: 29.03
2019-04-21 09:14:25:806 - info: [debug] [UiAutomator2] [UIAutomator2] OK (1 test)
2019-04-21 09:14:25:946 - info: [debug] [ADB] Running 'E:\sdk\platform-tools\adb.exe -P 5037 -s 2116ca98 shell am force-stop com.cy.patrol'
2019-04-21 09:14:26:505 - info: [debug] [Logcat] Stopping logcat capture
2019-04-21 09:14:26:509 - info: [debug] [ADB] Removing forwarded port socket connection: 8200 
2019-04-21 09:14:26:509 - info: [debug] [ADB] Running 'E:\sdk\platform-tools\adb.exe -P 5037 -s 2116ca98 forward --remove tcp\:8200'
2019-04-21 09:14:26:534 - info: [debug] [BaseDriver] Event 'newSessionStarted' logged at 1555838066534 (17:14:26 GMT+0800 (中国标准时间))
2019-04-21 09:14:26:553 - error: [W3C] Encountered internal error running command: Error: Cannot start the 'com.cy.patrol' application. Original error: 'com.cy.patrol.act.LoadingAct' or 'com.cy.patrol.com.cy.patrol.act.LoadingAct' never started
2019-04-21 09:14:26:554 - error: [W3C]     at ADB.callee$0$0$ (C:\Users\30280\AppData\Roaming\npm\node_modules\appium\node_modules\appium-adb\lib\tools\apk-utils.js:125:11)
2019-04-21 09:14:26:554 - error: [W3C]     at tryCatch (C:\Users\30280\AppData\Roaming\npm\node_modules\appium\node_modules\babel-runtime\regenerator\runtime.js:67:40)
2019-04-21 09:14:26:554 - error: [W3C]     at GeneratorFunctionPrototype.invoke [as _invoke] (C:\Users\30280\AppData\Roaming\npm\node_modules\appium\node_modules\babel-runtime\regenerator\runtime.js:315:22)
2019-04-21 09:14:26:554 - error: [W3C]     at GeneratorFunctionPrototype.prototype.(anonymous function) [as throw] (C:\Users\30280\AppData\Roaming\npm\node_modules\appium\node_modules\babel-runtime\regenerator\runtime.js:100:21)
2019-04-21 09:14:26:554 - error: [W3C]     at GeneratorFunctionPrototype.invoke (C:\Users\30280\AppData\Roaming\npm\node_modules\appium\node_modules\babel-runtime\regenerator\runtime.js:136:37)
2019-04-21 09:14:26:572 - info: [HTTP] <-- POST /wd/hub/session 500 65730 ms - 1560
2019-04-21 09:14:26:572 - info: [HTTP] 
