2019-04-21 10:26:07:329 - warn: [Appium] Appium support for versions of node < 8 has been deprecated and will be removed in a future version. Please upgrade!
2019-04-21 10:26:07:342 - info: [Appium] Welcome to Appium v1.8.1
2019-04-21 10:26:07:343 - info: [Appium] Non-default server args:
2019-04-21 10:26:07:343 - info: [Appium]   port: 4700
2019-04-21 10:26:07:343 - info: [Appium]   bootstrapPort: 4900
2019-04-21 10:26:07:343 - info: [Appium]   sessionOverride: true
2019-04-21 10:26:07:344 - info: [Appium]   log: D:/pythonProgram/Appium27/log/2116ca982019-04-21-18_26_04.log
2019-04-21 10:26:07:344 - info: [Appium]   udid: 2116ca98
2019-04-21 10:26:07:344 - info: [Appium]   noReset: true
2019-04-21 10:26:07:344 - warn: [Appium] Deprecated server args:
2019-04-21 10:26:07:345 - warn: [Appium]   -U,--udid => --default-capabilities '{"udid":"2116ca98"}'
2019-04-21 10:26:07:345 - warn: [Appium]   --no-reset => --default-capabilities '{"noReset":true}'
2019-04-21 10:26:07:345 - info: [Appium] Default capabilities, which will be added to each request unless overridden by desired capabilities:
2019-04-21 10:26:07:345 - info: [Appium]   udid: 2116ca98
2019-04-21 10:26:07:345 - info: [Appium]   noReset: true
2019-04-21 10:26:07:381 - info: [Appium] Appium REST http interface listener started on 0.0.0.0:4700
2019-04-21 10:26:25:819 - info: [HTTP] --> POST /wd/hub/session
2019-04-21 10:26:25:819 - info: [HTTP] {"capabilities":{"firstMatch":[{"appium:unicodeKeyboard":true,"appium:resetKeyboard":true,"appium:appWaitActivity":"com.cy.patrol.act.LoginAct","appium:automationName":"uiautomator2","appium:app":"E:\\work\\appium\\xcry_appium/apk/ryxc.apk","appium:deviceName":"2116ca98","platformName":"Android"}]},"desiredCapabilities":{"deviceName":"2116ca98","unicodeKeyboard":true,"app":"E:\\work\\appium\\xcry_appium/apk/ryxc.apk","appWaitActivity":"com.cy.patrol.act.LoginAct","resetKeyboard":true,"platformName":"Android","automationName":"uiautomator2"}}
2019-04-21 10:26:25:821 - info: [debug] [MJSONWP] Calling AppiumDriver.createSession() with args: [{"deviceName":"2116ca98","unicodeKeyboard":true,"app":"E:\\work\\appium\\xcry_appium/apk/ryxc.apk","appWaitActivity":"com.cy.patrol.act.LoginAct","resetKeyboard":true,"platformName":"Android","automationName":"uiautomator2"},null,{"firstMatch":[{"appium:unicodeKeyboard":true,"appium:resetKeyboard":true,"appium:appWaitActivity":"com.cy.patrol.act.LoginAct","appium:automationName":"uiautomator2","appium:app":"E:\\work\\appium\\xcry_appium/apk/ryxc.apk","appium:deviceName":"2116ca98","platformName":"Android"}]}]
2019-04-21 10:26:25:822 - info: [debug] [BaseDriver] Event 'newSessionRequested' logged at 1555842385822 (18:26:25 GMT+0800 (中国标准时间))
2019-04-21 10:26:25:825 - warn: [BaseDriver] The capabilities ["udid","noReset"] are not standard capabilities and should have an extension prefix
2019-04-21 10:26:25:830 - info: [Appium] Creating new AndroidUiautomator2Driver (v1.12.0) session
2019-04-21 10:26:25:831 - info: [Appium] Capabilities:
2019-04-21 10:26:25:831 - info: [Appium]   udid: 2116ca98
2019-04-21 10:26:25:831 - info: [Appium]   noReset: true
2019-04-21 10:26:25:831 - info: [Appium]   platformName: Android
2019-04-21 10:26:25:831 - info: [Appium]   unicodeKeyboard: true
2019-04-21 10:26:25:831 - info: [Appium]   resetKeyboard: true
2019-04-21 10:26:25:831 - info: [Appium]   appWaitActivity: com.cy.patrol.act.LoginAct
2019-04-21 10:26:25:831 - info: [Appium]   automationName: uiautomator2
2019-04-21 10:26:25:831 - info: [Appium]   app: E:\work\appium\xcry_appium/apk/ryxc.apk
2019-04-21 10:26:25:832 - info: [Appium]   deviceName: 2116ca98
2019-04-21 10:26:25:840 - info: [debug] [BaseDriver] W3C capabilities {"alwaysMatch":{"appium:udi... and MJSONWP desired capabilities [object Object] were provided
2019-04-21 10:26:25:840 - info: [debug] [BaseDriver] Creating session with W3C capabilities: {"alwaysMatch":{"appium:udi...
2019-04-21 10:26:25:852 - info: [BaseDriver] Session created with session id: 05014c72-db1c-4ec1-8c9a-2e2d643a96d4
2019-04-21 10:26:25:855 - info: [BaseDriver] Using local app 'E:\work\appium\xcry_appium/apk/ryxc.apk'
2019-04-21 10:26:25:855 - info: [debug] [UiAutomator2] Checking whether app is actually present
2019-04-21 10:26:26:263 - info: [debug] [AndroidDriver] Getting Java version
2019-04-21 10:26:26:413 - info: [AndroidDriver] Java version is: 1.8.0_151
2019-04-21 10:26:26:415 - info: [ADB] Checking whether adb is present
2019-04-21 10:26:26:420 - info: [ADB] Found 1 'build-tools' folders under 'E:\sdk' (newest first):
2019-04-21 10:26:26:420 - info: [ADB]     E:/sdk/build-tools/android-4.3
2019-04-21 10:26:26:420 - info: [ADB] Using adb.exe from E:\sdk\platform-tools\adb.exe
2019-04-21 10:26:26:421 - info: [AndroidDriver] Retrieving device list
2019-04-21 10:26:26:421 - info: [debug] [ADB] Trying to find a connected android device
2019-04-21 10:26:26:422 - info: [debug] [ADB] Getting connected devices...
2019-04-21 10:26:26:444 - info: [debug] [ADB] 1 device(s) connected
2019-04-21 10:26:26:444 - info: [AndroidDriver] Using device: 2116ca98
2019-04-21 10:26:26:445 - info: [debug] [ADB] Setting device id to 2116ca98
2019-04-21 10:26:26:447 - info: [debug] [ADB] Running 'E:\sdk\platform-tools\adb.exe -P 5037 -s 2116ca98 shell getprop ro.build.version.sdk'
2019-04-21 10:26:26:499 - info: [debug] [ADB] Current device property 'ro.build.version.sdk': 25
2019-04-21 10:26:26:499 - info: [debug] [ADB] Device API level: 25
2019-04-21 10:26:26:499 - info: [debug] [AndroidDriver] Parsing package and activity from app manifest
2019-04-21 10:26:26:502 - info: [ADB] Using the alternative activity name detection method because of: Could not find apkanalyzer.bat in E:\sdk\platform-tools\apkanalyzer.bat,E:\sdk\emulator\apkanalyzer.bat,E:\sdk\tools\apkanalyzer.bat,E:\sdk\tools\bin\apkanalyzer.bat,E:\sdk\build-tools\android-4.3\apkanalyzer.bat. Do you have the Android SDK installed at 'E:\sdk'?
2019-04-21 10:26:26:503 - info: [ADB] Checking whether aapt is present
2019-04-21 10:26:26:504 - info: [ADB] Using aapt.exe from E:\sdk\tools\aapt.exe
2019-04-21 10:26:26:504 - info: [ADB] Extracting package and launch activity from manifest
2019-04-21 10:26:26:526 - info: [ADB] Package name: 'com.cy.patrol'
2019-04-21 10:26:26:526 - info: [ADB] Main activity name: 'com.cy.patrol.act.LoadingAct'
2019-04-21 10:26:26:526 - info: [debug] [AndroidDriver] Parsed package and activity are: com.cy.patrol/com.cy.patrol.act.LoadingAct
2019-04-21 10:26:26:527 - info: [ADB] Getting device platform version
2019-04-21 10:26:26:527 - info: [debug] [ADB] Running 'E:\sdk\platform-tools\adb.exe -P 5037 -s 2116ca98 shell getprop ro.build.version.release'
2019-04-21 10:26:26:571 - info: [debug] [ADB] Current device property 'ro.build.version.release': 7.1.1
2019-04-21 10:26:26:572 - info: [debug] [ADB] Running 'E:\sdk\platform-tools\adb.exe -P 5037 -s 2116ca98 shell wm size'
2019-04-21 10:26:27:088 - info: [debug] [ADB] Running 'E:\sdk\platform-tools\adb.exe -P 5037 -s 2116ca98 shell wm density'
2019-04-21 10:26:27:646 - info: [debug] [ADB] Running 'E:\sdk\platform-tools\adb.exe -P 5037 -s 2116ca98 shell getprop ro.product.model'
2019-04-21 10:26:27:735 - info: [debug] [ADB] Current device property 'ro.product.model': OS103
2019-04-21 10:26:27:737 - info: [debug] [ADB] Running 'E:\sdk\platform-tools\adb.exe -P 5037 -s 2116ca98 shell getprop ro.product.manufacturer'
2019-04-21 10:26:27:799 - info: [debug] [ADB] Current device property 'ro.product.manufacturer': smartisan
2019-04-21 10:26:27:799 - info: [debug] [ADB] Device API level: 25
2019-04-21 10:26:27:801 - info: [debug] [ADB] Running 'E:\sdk\platform-tools\adb.exe -P 5037 -s 2116ca98 shell am force-stop io.appium.uiautomator2.server'
2019-04-21 10:26:28:348 - info: [debug] [ADB] Checking app cert for C:\Users\30280\AppData\Roaming\npm\node_modules\appium\node_modules\appium-uiautomator2-server\apks\appium-uiautomator2-server-v1.12.0.apk
2019-04-21 10:26:28:355 - warn: [ADB] Cannot use apksigner tool for signature verification. Defaulting to verify.jar. Original error: Could not find apksigner.bat in E:\sdk\platform-tools\apksigner.bat,E:\sdk\emulator\apksigner.bat,E:\sdk\tools\apksigner.bat,E:\sdk\tools\bin\apksigner.bat,E:\sdk\build-tools\android-4.3\apksigner.bat. Do you have the Android SDK installed at 'E:\sdk'?
2019-04-21 10:26:28:608 - info: [debug] [ADB] 'C:\Users\30280\AppData\Roaming\npm\node_modules\appium\node_modules\appium-uiautomator2-server\apks\appium-uiautomator2-server-v1.12.0.apk' is already signed.
2019-04-21 10:26:28:608 - info: [debug] [ADB] Checking app cert for C:\Users\30280\AppData\Roaming\npm\node_modules\appium\node_modules\appium-uiautomator2-server\apks\appium-uiautomator2-server-debug-androidTest.apk
2019-04-21 10:26:28:609 - warn: [ADB] Cannot use apksigner tool for signature verification. Defaulting to verify.jar. Original error: Could not find apksigner.bat in E:\sdk\platform-tools\apksigner.bat,E:\sdk\emulator\apksigner.bat,E:\sdk\tools\apksigner.bat,E:\sdk\tools\bin\apksigner.bat,E:\sdk\build-tools\android-4.3\apksigner.bat. Do you have the Android SDK installed at 'E:\sdk'?
2019-04-21 10:26:28:868 - info: [debug] [ADB] 'C:\Users\30280\AppData\Roaming\npm\node_modules\appium\node_modules\appium-uiautomator2-server\apks\appium-uiautomator2-server-debug-androidTest.apk' is already signed.
2019-04-21 10:26:28:869 - info: [debug] [ADB] Getting install status for io.appium.uiautomator2.server
2019-04-21 10:26:28:870 - info: [debug] [ADB] Running 'E:\sdk\platform-tools\adb.exe -P 5037 -s 2116ca98 shell pm list packages io.appium.uiautomator2.server'
2019-04-21 10:26:29:408 - info: [debug] [ADB] App is installed
2019-04-21 10:26:29:410 - info: [debug] [ADB] Getting package info for 'io.appium.uiautomator2.server'
2019-04-21 10:26:29:411 - info: [debug] [ADB] Running 'E:\sdk\platform-tools\adb.exe -P 5037 -s 2116ca98 shell dumpsys package io.appium.uiautomator2.server'
2019-04-21 10:26:29:547 - info: [debug] [ADB] The installed 'io.appium.uiautomator2.server' package does not require upgrade ('1.12.0' >= '1.12.0')
2019-04-21 10:26:29:552 - info: [debug] [ADB] Getting install status for io.appium.uiautomator2.server.test
2019-04-21 10:26:29:553 - info: [debug] [ADB] Running 'E:\sdk\platform-tools\adb.exe -P 5037 -s 2116ca98 shell pm list packages io.appium.uiautomator2.server.test'
2019-04-21 10:26:30:090 - info: [debug] [ADB] App is installed
2019-04-21 10:26:30:093 - info: [debug] [ADB] Getting package info for 'io.appium.uiautomator2.server.test'
2019-04-21 10:26:30:093 - info: [debug] [ADB] Running 'E:\sdk\platform-tools\adb.exe -P 5037 -s 2116ca98 shell dumpsys package io.appium.uiautomator2.server.test'
2019-04-21 10:26:30:214 - warn: [ADB] Cannot read version codes of 'C:\Users\30280\AppData\Roaming\npm\node_modules\appium\node_modules\appium-uiautomator2-server\apks\appium-uiautomator2-server-debug-androidTest.apk' and/or 'io.appium.uiautomator2.server.test'
2019-04-21 10:26:30:216 - warn: [ADB] Cannot read version names of 'C:\Users\30280\AppData\Roaming\npm\node_modules\appium\node_modules\appium-uiautomator2-server\apks\appium-uiautomator2-server-debug-androidTest.apk' and/or 'io.appium.uiautomator2.server.test'. Assuming correct app version is already installed
2019-04-21 10:26:30:216 - info: [debug] [UiAutomator2] Waiting up to 20000ms for instrumentation 'io.appium.uiautomator2.server.test/android.support.test.runner.AndroidJUnitRunner' to be available
2019-04-21 10:26:30:219 - info: [debug] [ADB] Running 'E:\sdk\platform-tools\adb.exe -P 5037 -s 2116ca98 shell pm list instrumentation'
2019-04-21 10:26:30:762 - info: [debug] [UiAutomator2] Instrumentation 'io.appium.uiautomator2.server.test/android.support.test.runner.AndroidJUnitRunner' available
2019-04-21 10:26:30:766 - info: [debug] [ADB] Running 'E:\sdk\platform-tools\adb.exe -P 5037 -s 2116ca98 wait-for-device'
2019-04-21 10:26:30:834 - info: [debug] [ADB] Running 'E:\sdk\platform-tools\adb.exe -P 5037 -s 2116ca98 shell echo ping'
2019-04-21 10:26:30:869 - info: [debug] [AndroidDriver] Pushing settings apk to device...
2019-04-21 10:26:30:869 - info: [debug] [ADB] Getting install status for io.appium.settings
2019-04-21 10:26:30:869 - info: [debug] [ADB] Running 'E:\sdk\platform-tools\adb.exe -P 5037 -s 2116ca98 shell pm list packages io.appium.settings'
2019-04-21 10:26:31:418 - info: [debug] [ADB] App is installed
2019-04-21 10:26:31:419 - info: [debug] [ADB] Getting package info for 'io.appium.settings'
2019-04-21 10:26:31:420 - info: [debug] [ADB] Running 'E:\sdk\platform-tools\adb.exe -P 5037 -s 2116ca98 shell dumpsys package io.appium.settings'
2019-04-21 10:26:31:540 - info: [debug] [ADB] The installed 'io.appium.settings' package does not require upgrade (13 > 5)
2019-04-21 10:26:31:541 - info: [debug] [ADB] Running 'E:\sdk\platform-tools\adb.exe -P 5037 -s 2116ca98 shell ps'
2019-04-21 10:26:31:671 - info: [debug] [AndroidDriver] io.appium.settings is already running. There is no need to reset its permissions.
2019-04-21 10:26:31:673 - info: [debug] [ADB] Device API level: 25
2019-04-21 10:26:31:675 - info: [debug] [ADB] Running 'E:\sdk\platform-tools\adb.exe -P 5037 -s 2116ca98 shell appops set io.appium.settings android\:mock_location allow'
2019-04-21 10:26:31:761 - warn: [AndroidDriver] setDeviceLanguageCountry requires language or country.
2019-04-21 10:26:31:761 - warn: [AndroidDriver] Got language: 'null' and country: 'null'
2019-04-21 10:26:31:762 - info: [debug] [Logcat] Starting logcat capture
2019-04-21 10:26:31:803 - info: [debug] [AndroidDriver] Enabling Unicode keyboard support
2019-04-21 10:26:31:803 - info: [debug] [AndroidDriver] Pushing unicode ime to device...
2019-04-21 10:26:31:804 - info: [debug] [ADB] Running 'E:\sdk\platform-tools\adb.exe -P 5037 -s 2116ca98 install C\:\\Users\\30280\\AppData\\Roaming\\npm\\node_modules\\appium\\node_modules\\appium-android-ime\\bin\\UnicodeIME-debug.apk'
2019-04-21 10:26:32:634 - info: [debug] [ADB] Install command stdout: Failure [INSTALL_FAILED_ALREADY_EXISTS: Attempt to re-install io.appium.android.ime without first uninstalling.]
2019-04-21 10:26:32:635 - info: [debug] [ADB] Application 'C:\Users\30280\AppData\Roaming\npm\node_modules\appium\node_modules\appium-android-ime\bin\UnicodeIME-debug.apk' already installed. Continuing.
2019-04-21 10:26:32:638 - info: [debug] [ADB] Running 'E:\sdk\platform-tools\adb.exe -P 5037 -s 2116ca98 shell settings get secure default_input_method'
2019-04-21 10:26:33:218 - info: [debug] [AndroidDriver] Unsetting previous IME com.iflytek.inputmethod.smartisan/com.iflytek.inputmethod.FlyIME
2019-04-21 10:26:33:218 - info: [debug] [AndroidDriver] Setting IME to 'io.appium.android.ime/.UnicodeIME'
2019-04-21 10:26:33:220 - info: [debug] [ADB] Running 'E:\sdk\platform-tools\adb.exe -P 5037 -s 2116ca98 shell ime enable io.appium.android.ime/.UnicodeIME'
2019-04-21 10:26:33:776 - info: [debug] [ADB] Running 'E:\sdk\platform-tools\adb.exe -P 5037 -s 2116ca98 shell ime set io.appium.android.ime/.UnicodeIME'
2019-04-21 10:26:34:337 - info: [debug] [AndroidDriver] Pushing unlock helper app to device...
2019-04-21 10:26:34:338 - info: [debug] [ADB] Getting install status for io.appium.unlock
2019-04-21 10:26:34:339 - info: [debug] [ADB] Running 'E:\sdk\platform-tools\adb.exe -P 5037 -s 2116ca98 shell pm list packages io.appium.unlock'
2019-04-21 10:26:34:893 - info: [debug] [ADB] App is installed
2019-04-21 10:26:34:895 - info: [debug] [ADB] Getting package info for 'io.appium.unlock'
2019-04-21 10:26:34:895 - info: [debug] [ADB] Running 'E:\sdk\platform-tools\adb.exe -P 5037 -s 2116ca98 shell dumpsys package io.appium.unlock'
2019-04-21 10:26:35:022 - info: [debug] [ADB] The installed 'io.appium.unlock' package does not require upgrade ('2.0.0' >= '2.0.0')
2019-04-21 10:26:35:023 - info: [debug] [UiAutomator2] Forwarding UiAutomator2 Server port 6790 to 8200
2019-04-21 10:26:35:024 - info: [debug] [ADB] Forwarding system: 8200 to device: 6790
2019-04-21 10:26:35:024 - info: [debug] [ADB] Running 'E:\sdk\platform-tools\adb.exe -P 5037 -s 2116ca98 forward tcp\:8200 tcp\:6790'
2019-04-21 10:26:35:087 - info: [debug] [ADB] Running 'E:\sdk\platform-tools\adb.exe -P 5037 -s 2116ca98 shell rm -rf /data/local/tmp/strings.json'
2019-04-21 10:26:35:132 - info: [debug] [AndroidDriver] Extracting strings from apk
2019-04-21 10:26:35:133 - info: [debug] [AndroidDriver] E:\work\appium\xcry_appium/apk/ryxc.apk
2019-04-21 10:26:35:133 - info: [debug] [AndroidDriver] null
2019-04-21 10:26:35:133 - info: [debug] [AndroidDriver] C:\Users\30280\AppData\Local\Temp\com.cy.patrol
2019-04-21 10:26:35:134 - info: [debug] [ADB] Extracting strings for language: default
2019-04-21 10:26:35:290 - info: [ADB] Successfully extracted 498 strings from 'E:\work\appium\xcry_appium/apk/ryxc.apk' resources for '(default)' configuration
2019-04-21 10:26:35:302 - info: [debug] [ADB] Running 'E:\sdk\platform-tools\adb.exe -P 5037 -s 2116ca98 push C\:\\Users\\30280\\AppData\\Local\\Temp\\com.cy.patrol\\strings.json /data/local/tmp'
2019-04-21 10:26:35:350 - info: [debug] [ADB] Checking app cert for E:\work\appium\xcry_appium/apk/ryxc.apk
2019-04-21 10:26:35:351 - warn: [ADB] Cannot use apksigner tool for signature verification. Defaulting to verify.jar. Original error: Could not find apksigner.bat in E:\sdk\platform-tools\apksigner.bat,E:\sdk\emulator\apksigner.bat,E:\sdk\tools\apksigner.bat,E:\sdk\tools\bin\apksigner.bat,E:\sdk\build-tools\android-4.3\apksigner.bat. Do you have the Android SDK installed at 'E:\sdk'?
2019-04-21 10:26:36:477 - info: [debug] [ADB] 'E:\work\appium\xcry_appium/apk/ryxc.apk' is already signed.
2019-04-21 10:26:36:478 - info: [debug] [ADB] Getting install status for com.cy.patrol
2019-04-21 10:26:36:478 - info: [debug] [ADB] Running 'E:\sdk\platform-tools\adb.exe -P 5037 -s 2116ca98 shell pm list packages com.cy.patrol'
2019-04-21 10:26:37:009 - info: [debug] [ADB] App is not installed
2019-04-21 10:26:37:010 - info: [debug] [ADB] App 'E:\work\appium\xcry_appium/apk/ryxc.apk' not installed. Installing
2019-04-21 10:26:37:011 - info: [debug] [ADB] Running 'E:\sdk\platform-tools\adb.exe -P 5037 -s 2116ca98 install E\:\\work\\appium\\xcry_appium/apk/ryxc.apk'
2019-04-21 10:26:54:131 - info: [debug] [ADB] Install command stdout: Success
2019-04-21 10:26:54:135 - info: [debug] [ADB] Running 'E:\sdk\platform-tools\adb.exe -P 5037 -s 2116ca98 shell am force-stop io.appium.uiautomator2.server'
2019-04-21 10:26:54:799 - info: [UiAutomator2] Starting uiautomator2 server 1.12.0
2019-04-21 10:26:54:800 - info: [UiAutomator2] Using UIAutomator2 server from 'C:\Users\30280\AppData\Roaming\npm\node_modules\appium\node_modules\appium-uiautomator2-server\apks\appium-uiautomator2-server-v1.12.0.apk' and test from 'C:\Users\30280\AppData\Roaming\npm\node_modules\appium\node_modules\appium-uiautomator2-server\apks\appium-uiautomator2-server-debug-androidTest.apk'
2019-04-21 10:26:54:802 - info: [UiAutomator2] Running command: 'adb -s 2116ca98 shell am instrument -w io.appium.uiautomator2.server.test/android.support.test.runner.AndroidJUnitRunner'
2019-04-21 10:26:54:808 - info: [UiAutomator2] Waiting up to 20000ms for UiAutomator2 to be online...
2019-04-21 10:26:54:813 - info: [debug] [JSONWP Proxy] Proxying [GET /status] to [GET http://localhost:8200/wd/hub/status] with no body
2019-04-21 10:26:55:839 - info: [debug] [JSONWP Proxy] Proxying [GET /status] to [GET http://localhost:8200/wd/hub/status] with no body
2019-04-21 10:26:56:854 - info: [debug] [JSONWP Proxy] Proxying [GET /status] to [GET http://localhost:8200/wd/hub/status] with no body
2019-04-21 10:26:57:866 - info: [debug] [JSONWP Proxy] Proxying [GET /status] to [GET http://localhost:8200/wd/hub/status] with no body
2019-04-21 10:26:57:922 - info: [debug] [JSONWP Proxy] Got response with status 200: "{\"sessionId\":\"SESSIONID\",\"status\":0,\"value\":\"Status Invoked\"}"
2019-04-21 10:26:57:924 - info: [debug] [JSONWP Proxy] Proxying [POST /session] to [POST http://localhost:8200/wd/hub/session] with body: {"desiredCapabilities":{"platform":"LINUX","webStorageEnabled":false,"takesScreenshot":true,"javascriptEnabled":true,"databaseEnabled":false,"networkConnectionEnabled":true,"locationContextEnabled":false,"warnings":{},"desired":{"platformName":"Android","udid":"2116ca98","noReset":true,"unicodeKeyboard":true,"resetKeyboard":true,"appWaitActivity":"com.cy.patrol.act.LoginAct","automationName":"uiautomator2","app":"E:\\work\\appium\\xcry_appium/apk/ryxc.apk","deviceName":"2116ca98"},"platformName":"Android","udid":"2116ca98","noReset":true,"unicodeKeyboard":true,"resetKeyboard":true,"appWaitActivity":"com.cy.patrol.act.LoginAct","automationName":"uiautomator2","app":"E:\\work\\appium\\xcry_appium/apk/ryxc.apk","deviceName":"2116ca98","deviceUDID":"2116ca98","platformVersion":"7.1.1","deviceScreenSize":"1080x2160","deviceScreenDensity":400,"deviceModel":"OS103","deviceManufacturer":"smartisan","deviceApiLevel":25,"appPackage":"com.cy.patrol"}}
2019-04-21 10:26:57:953 - info: [debug] [JSONWP Proxy] Got response with status 200: {"sessionId":"e8f32e0f-3076-44ec-b3a2-47601dfba3b4","status":0,"value":"Created Session"}
2019-04-21 10:26:57:955 - info: [debug] [ADB] Running 'E:\sdk\platform-tools\adb.exe -P 5037 -s 2116ca98 shell dumpsys window'
2019-04-21 10:26:58:054 - info: [AndroidDriver] Screen already unlocked, doing nothing
2019-04-21 10:26:58:055 - info: [UiAutomator2] UiAutomator2 did not start the activity we were waiting for, 'com.cy.patrol/com.cy.patrol.act.LoginAct'. Starting it ourselves
2019-04-21 10:26:58:057 - info: [debug] [ADB] Device API level: 25
2019-04-21 10:26:58:058 - info: [debug] [ADB] Running 'E:\sdk\platform-tools\adb.exe -P 5037 -s 2116ca98 shell am start -W -n com.cy.patrol/com.cy.patrol.act.LoadingAct -S -a android.intent.action.MAIN -c android.intent.category.LAUNCHER -f 0x10200000'
2019-04-21 10:27:01:090 - info: [debug] [ADB] Waiting up to 20000ms for activity matching pkg: 'com.cy.patrol' and activity: 'com.cy.patrol.act.LoginAct' to be focused
2019-04-21 10:27:01:091 - info: [debug] [ADB] Possible activities, to be checked: 'com.cy.patrol.act.LoginAct', 'com.cy.patrol.com.cy.patrol.act.LoginAct'
2019-04-21 10:27:01:095 - info: [debug] [ADB] Getting focused package and activity
2019-04-21 10:27:01:096 - info: [debug] [ADB] Running 'E:\sdk\platform-tools\adb.exe -P 5037 -s 2116ca98 shell dumpsys window windows'
2019-04-21 10:27:01:184 - info: [debug] [ADB] Found package: 'com.cy.patrol' and fully qualified activity name : 'com.cy.patrol.act.LoginAct'
2019-04-21 10:27:01:186 - info: [debug] [JSONWP Proxy] Proxying [GET /appium/device/pixel_ratio] to [GET http://localhost:8200/wd/hub/session/e8f32e0f-3076-44ec-b3a2-47601dfba3b4/appium/device/pixel_ratio] with body: {}
2019-04-21 10:27:01:203 - info: [debug] [JSONWP Proxy] Got response with status 200: "{\"sessionId\":\"e8f32e0f-3076-44ec-b3a2-47601dfba3b4\",\"status\":0,\"value\":2.5}"
2019-04-21 10:27:01:204 - info: [debug] [JSONWP Proxy] Proxying [GET /appium/device/system_bars] to [GET http://localhost:8200/wd/hub/session/e8f32e0f-3076-44ec-b3a2-47601dfba3b4/appium/device/system_bars] with body: {}
2019-04-21 10:27:01:222 - info: [debug] [JSONWP Proxy] Got response with status 200: "{\"sessionId\":\"e8f32e0f-3076-44ec-b3a2-47601dfba3b4\",\"status\":0,\"value\":{\"statusBar\":60}}"
2019-04-21 10:27:01:224 - info: [debug] [JSONWP Proxy] Proxying [GET /window/current/size] to [GET http://localhost:8200/wd/hub/session/e8f32e0f-3076-44ec-b3a2-47601dfba3b4/window/current/size] with body: {}
2019-04-21 10:27:01:258 - info: [debug] [JSONWP Proxy] Got response with status 200: "{\"sessionId\":\"e8f32e0f-3076-44ec-b3a2-47601dfba3b4\",\"status\":0,\"value\":{\"height\":2070,\"width\":1080}}"
2019-04-21 10:27:01:262 - info: [Appium] New AndroidUiautomator2Driver session created successfully, session 05014c72-db1c-4ec1-8c9a-2e2d643a96d4 added to master session list
2019-04-21 10:27:01:265 - info: [debug] [BaseDriver] Event 'newSessionStarted' logged at 1555842421264 (18:27:01 GMT+0800 (中国标准时间))
2019-04-21 10:27:01:270 - info: [debug] [W3C] Responding to client with driver.createSession() result: {"capabilities":{"platform":"LINUX","webStorageEnabled":false,"takesScreenshot":true,"javascriptEnabled":true,"databaseEnabled":false,"networkConnectionEnabled":true,"locationContextEnabled":false,"warnings":{},"desired":{"platformName":"Android","udid":"2116ca98","noReset":true,"unicodeKeyboard":true,"resetKeyboard":true,"appWaitActivity":"com.cy.patrol.act.LoginAct","automationName":"uiautomator2","app":"E:\\work\\appium\\xcry_appium/apk/ryxc.apk","deviceName":"2116ca98"},"platformName":"Android","udid":"2116ca98","noReset":true,"unicodeKeyboard":true,"resetKeyboard":true,"appWaitActivity":"com.cy.patrol.act.LoginAct","automationName":"uiautomator2","app":"E:\\work\\appium\\xcry_appium/apk/ryxc.apk","deviceName":"2116ca98","deviceUDID":"2116ca98","platformVersion":"7.1.1","deviceScreenSize":"1080x2160","deviceScreenDensity":400,"deviceModel":"OS103","deviceManufacturer":"smartisan","deviceApiLevel":25,"appPackage":"com.cy.patrol","pixelRatio":2.5,"statBarHeight":60,"viewportRect":{"left":0,"top":60,"widt...
2019-04-21 10:27:01:281 - info: [HTTP] <-- POST /wd/hub/session 200 35458 ms - 1106
2019-04-21 10:27:01:281 - info: [HTTP] 
2019-04-21 10:27:01:296 - info: [HTTP] --> POST /wd/hub/session/05014c72-db1c-4ec1-8c9a-2e2d643a96d4/element
2019-04-21 10:27:01:297 - info: [HTTP] {"using":"id","sessionId":"05014c72-db1c-4ec1-8c9a-2e2d643a96d4","value":"com.cy.patrol:id/v_mobile"}
2019-04-21 10:27:01:299 - info: [debug] [W3C] Calling AppiumDriver.findElement() with args: ["id","com.cy.patrol:id/v_mobile","05014c72-db1c-4ec1-8c9a-2e2d643a96d4"]
2019-04-21 10:27:01:301 - info: [debug] [BaseDriver] Valid locator strategies for this request: xpath, id, class name, accessibility id, -android uiautomator
2019-04-21 10:27:01:302 - info: [debug] [BaseDriver] Waiting up to 0 ms for condition
2019-04-21 10:27:01:303 - info: [debug] [JSONWP Proxy] Proxying [POST /element] to [POST http://localhost:8200/wd/hub/session/e8f32e0f-3076-44ec-b3a2-47601dfba3b4/element] with body: {"strategy":"id","selector":"com.cy.patrol:id/v_mobile","context":"","multiple":false}
2019-04-21 10:27:01:950 - info: [debug] [JSONWP Proxy] Got response with status 200: {"sessionId":"e8f32e0f-3076-44ec-b3a2-47601dfba3b4","status":0,"value":{"ELEMENT":"44ca3617-3092-448b-a102-9173cd6475b7"}}
2019-04-21 10:27:01:954 - info: [debug] [W3C] Responding to client with driver.findElement() result: {"element-6066-11e4-a52e-4f735466cecf":"44ca3617-3092-448b-a102-9173cd6475b7"}
2019-04-21 10:27:01:959 - info: [HTTP] <-- POST /wd/hub/session/05014c72-db1c-4ec1-8c9a-2e2d643a96d4/element 200 660 ms - 88
2019-04-21 10:27:01:960 - info: [HTTP] 
2019-04-21 10:27:01:966 - info: [HTTP] --> POST /wd/hub/session/05014c72-db1c-4ec1-8c9a-2e2d643a96d4/element/44ca3617-3092-448b-a102-9173cd6475b7/value
2019-04-21 10:27:01:966 - info: [HTTP] {"text":"shange","sessionId":"05014c72-db1c-4ec1-8c9a-2e2d643a96d4","id":"44ca3617-3092-448b-a102-9173cd6475b7","value":["s","h","a","n","g","e"]}
2019-04-21 10:27:01:968 - info: [debug] [W3C] Calling AppiumDriver.setValue() with args: [["s","h","a","n","g","e"],"44ca3617-3092-448b-a102-9173cd6475b7","05014c72-db1c-4ec1-8c9a-2e2d643a96d4"]
2019-04-21 10:27:01:970 - info: [debug] [JSONWP Proxy] Proxying [POST /element/44ca3617-3092-448b-a102-9173cd6475b7/value] to [POST http://localhost:8200/wd/hub/session/e8f32e0f-3076-44ec-b3a2-47601dfba3b4/element/44ca3617-3092-448b-a102-9173cd6475b7/value] with body: {"elementId":"44ca3617-3092-448b-a102-9173cd6475b7","text":"shange","replace":false,"unicodeKeyboard":true}
2019-04-21 10:27:02:544 - info: [debug] [JSONWP Proxy] Got response with status 200: {"sessionId":"e8f32e0f-3076-44ec-b3a2-47601dfba3b4","status":0,"value":""}
2019-04-21 10:27:02:547 - info: [debug] [W3C] Responding to client with driver.setValue() result: ""
2019-04-21 10:27:02:551 - info: [HTTP] <-- POST /wd/hub/session/05014c72-db1c-4ec1-8c9a-2e2d643a96d4/element/44ca3617-3092-448b-a102-9173cd6475b7/value 200 583 ms - 12
2019-04-21 10:27:02:556 - info: [HTTP] 
2019-04-21 10:27:02:559 - info: [HTTP] --> POST /wd/hub/session/05014c72-db1c-4ec1-8c9a-2e2d643a96d4/element
2019-04-21 10:27:02:560 - info: [HTTP] {"using":"id","sessionId":"05014c72-db1c-4ec1-8c9a-2e2d643a96d4","value":"com.cy.patrol:id/v_pwd"}
2019-04-21 10:27:02:562 - info: [debug] [W3C] Calling AppiumDriver.findElement() with args: ["id","com.cy.patrol:id/v_pwd","05014c72-db1c-4ec1-8c9a-2e2d643a96d4"]
2019-04-21 10:27:02:564 - info: [debug] [BaseDriver] Valid locator strategies for this request: xpath, id, class name, accessibility id, -android uiautomator
2019-04-21 10:27:02:565 - info: [debug] [BaseDriver] Waiting up to 0 ms for condition
2019-04-21 10:27:02:566 - info: [debug] [JSONWP Proxy] Proxying [POST /element] to [POST http://localhost:8200/wd/hub/session/e8f32e0f-3076-44ec-b3a2-47601dfba3b4/element] with body: {"strategy":"id","selector":"com.cy.patrol:id/v_pwd","context":"","multiple":false}
2019-04-21 10:27:03:070 - info: [debug] [JSONWP Proxy] Got response with status 200: {"sessionId":"e8f32e0f-3076-44ec-b3a2-47601dfba3b4","status":0,"value":{"ELEMENT":"187dfbf7-29e3-4002-9ddb-3f9bb10f1059"}}
2019-04-21 10:27:03:073 - info: [debug] [W3C] Responding to client with driver.findElement() result: {"element-6066-11e4-a52e-4f735466cecf":"187dfbf7-29e3-4002-9ddb-3f9bb10f1059"}
2019-04-21 10:27:03:078 - info: [HTTP] <-- POST /wd/hub/session/05014c72-db1c-4ec1-8c9a-2e2d643a96d4/element 200 515 ms - 88
2019-04-21 10:27:03:081 - info: [HTTP] 
2019-04-21 10:27:03:087 - info: [HTTP] --> POST /wd/hub/session/05014c72-db1c-4ec1-8c9a-2e2d643a96d4/element/187dfbf7-29e3-4002-9ddb-3f9bb10f1059/value
2019-04-21 10:27:03:087 - info: [HTTP] {"text":"123456","sessionId":"05014c72-db1c-4ec1-8c9a-2e2d643a96d4","id":"187dfbf7-29e3-4002-9ddb-3f9bb10f1059","value":["1","2","3","4","5","6"]}
2019-04-21 10:27:03:090 - info: [debug] [W3C] Calling AppiumDriver.setValue() with args: [["1","2","3","4","5","6"],"187dfbf7-29e3-4002-9ddb-3f9bb10f1059","05014c72-db1c-4ec1-8c9a-2e2d643a96d4"]
2019-04-21 10:27:03:095 - info: [debug] [JSONWP Proxy] Proxying [POST /element/187dfbf7-29e3-4002-9ddb-3f9bb10f1059/value] to [POST http://localhost:8200/wd/hub/session/e8f32e0f-3076-44ec-b3a2-47601dfba3b4/element/187dfbf7-29e3-4002-9ddb-3f9bb10f1059/value] with body: {"elementId":"187dfbf7-29e3-4002-9ddb-3f9bb10f1059","text":"123456","replace":false,"unicodeKeyboard":true}
2019-04-21 10:27:04:251 - info: [debug] [JSONWP Proxy] Got response with status 200: {"sessionId":"e8f32e0f-3076-44ec-b3a2-47601dfba3b4","status":0,"value":""}
2019-04-21 10:27:04:253 - info: [debug] [W3C] Responding to client with driver.setValue() result: ""
2019-04-21 10:27:04:255 - info: [HTTP] <-- POST /wd/hub/session/05014c72-db1c-4ec1-8c9a-2e2d643a96d4/element/187dfbf7-29e3-4002-9ddb-3f9bb10f1059/value 200 1170 ms - 12
2019-04-21 10:27:04:256 - info: [HTTP] 
2019-04-21 10:27:04:262 - info: [HTTP] --> POST /wd/hub/session/05014c72-db1c-4ec1-8c9a-2e2d643a96d4/element
2019-04-21 10:27:04:263 - info: [HTTP] {"using":"id","sessionId":"05014c72-db1c-4ec1-8c9a-2e2d643a96d4","value":"com.cy.patrol:id/l_login"}
2019-04-21 10:27:04:265 - info: [debug] [W3C] Calling AppiumDriver.findElement() with args: ["id","com.cy.patrol:id/l_login","05014c72-db1c-4ec1-8c9a-2e2d643a96d4"]
2019-04-21 10:27:04:269 - info: [debug] [BaseDriver] Valid locator strategies for this request: xpath, id, class name, accessibility id, -android uiautomator
2019-04-21 10:27:04:272 - info: [debug] [BaseDriver] Waiting up to 0 ms for condition
2019-04-21 10:27:04:273 - info: [debug] [JSONWP Proxy] Proxying [POST /element] to [POST http://localhost:8200/wd/hub/session/e8f32e0f-3076-44ec-b3a2-47601dfba3b4/element] with body: {"strategy":"id","selector":"com.cy.patrol:id/l_login","context":"","multiple":false}
2019-04-21 10:27:04:772 - info: [debug] [JSONWP Proxy] Got response with status 200: {"sessionId":"e8f32e0f-3076-44ec-b3a2-47601dfba3b4","status":0,"value":{"ELEMENT":"ac9a4f3e-c00d-4194-a800-e33db2b3e1a5"}}
2019-04-21 10:27:04:775 - info: [debug] [W3C] Responding to client with driver.findElement() result: {"element-6066-11e4-a52e-4f735466cecf":"ac9a4f3e-c00d-4194-a800-e33db2b3e1a5"}
2019-04-21 10:27:04:780 - info: [HTTP] <-- POST /wd/hub/session/05014c72-db1c-4ec1-8c9a-2e2d643a96d4/element 200 514 ms - 88
2019-04-21 10:27:04:781 - info: [HTTP] 
2019-04-21 10:27:04:785 - info: [HTTP] --> POST /wd/hub/session/05014c72-db1c-4ec1-8c9a-2e2d643a96d4/element/ac9a4f3e-c00d-4194-a800-e33db2b3e1a5/click
2019-04-21 10:27:04:786 - info: [HTTP] {"sessionId":"05014c72-db1c-4ec1-8c9a-2e2d643a96d4","id":"ac9a4f3e-c00d-4194-a800-e33db2b3e1a5"}
2019-04-21 10:27:04:787 - info: [debug] [W3C] Calling AppiumDriver.click() with args: ["ac9a4f3e-c00d-4194-a800-e33db2b3e1a5","05014c72-db1c-4ec1-8c9a-2e2d643a96d4"]
2019-04-21 10:27:04:789 - info: [debug] [JSONWP Proxy] Proxying [POST /element/ac9a4f3e-c00d-4194-a800-e33db2b3e1a5/click] to [POST http://localhost:8200/wd/hub/session/e8f32e0f-3076-44ec-b3a2-47601dfba3b4/element/ac9a4f3e-c00d-4194-a800-e33db2b3e1a5/click] with body: {"element":"ac9a4f3e-c00d-4194-a800-e33db2b3e1a5"}
2019-04-21 10:27:04:847 - info: [debug] [JSONWP Proxy] Got response with status 200: {"sessionId":"e8f32e0f-3076-44ec-b3a2-47601dfba3b4","status":0,"value":true}
2019-04-21 10:27:04:849 - info: [debug] [W3C] Responding to client with driver.click() result: true
2019-04-21 10:27:04:851 - info: [HTTP] <-- POST /wd/hub/session/05014c72-db1c-4ec1-8c9a-2e2d643a96d4/element/ac9a4f3e-c00d-4194-a800-e33db2b3e1a5/click 200 66 ms - 14
2019-04-21 10:27:04:852 - info: [HTTP] 
2019-04-21 10:27:04:860 - info: [HTTP] --> POST /wd/hub/session/05014c72-db1c-4ec1-8c9a-2e2d643a96d4/element
2019-04-21 10:27:04:860 - info: [HTTP] {"using":"xpath","sessionId":"05014c72-db1c-4ec1-8c9a-2e2d643a96d4","value":"//*[contains(@text,登录成功)]"}
2019-04-21 10:27:04:862 - info: [debug] [W3C] Calling AppiumDriver.findElement() with args: ["xpath","//*[contains(@text,登录成功)]","05014c72-db1c-4ec1-8c9a-2e2d643a96d4"]
2019-04-21 10:27:04:863 - info: [debug] [BaseDriver] Valid locator strategies for this request: xpath, id, class name, accessibility id, -android uiautomator
2019-04-21 10:27:04:869 - info: [debug] [BaseDriver] Waiting up to 0 ms for condition
2019-04-21 10:27:04:870 - info: [debug] [JSONWP Proxy] Proxying [POST /element] to [POST http://localhost:8200/wd/hub/session/e8f32e0f-3076-44ec-b3a2-47601dfba3b4/element] with body: {"strategy":"xpath","selector":"//*[contains(@text,登录成功)]","context":"","multiple":false}
2019-04-21 10:27:06:551 - info: [debug] [JSONWP Proxy] Got response with status 200: {"sessionId":"e8f32e0f-3076-44ec-b3a2-47601dfba3b4","status":0,"value":{"ELEMENT":"91e5eaa6-5508-4735-aae5-d072c44a02d3"}}
2019-04-21 10:27:06:554 - info: [debug] [W3C] Responding to client with driver.findElement() result: {"element-6066-11e4-a52e-4f735466cecf":"91e5eaa6-5508-4735-aae5-d072c44a02d3"}
2019-04-21 10:27:06:557 - info: [HTTP] <-- POST /wd/hub/session/05014c72-db1c-4ec1-8c9a-2e2d643a96d4/element 200 1695 ms - 88
2019-04-21 10:27:06:558 - info: [HTTP] 
2019-04-21 10:27:06:568 - info: [HTTP] --> GET /wd/hub/session/05014c72-db1c-4ec1-8c9a-2e2d643a96d4/screenshot
2019-04-21 10:27:06:569 - info: [HTTP] {}
2019-04-21 10:27:06:571 - info: [debug] [W3C] Calling AppiumDriver.getScreenshot() with args: ["05014c72-db1c-4ec1-8c9a-2e2d643a96d4"]
2019-04-21 10:27:06:573 - info: [debug] [JSONWP Proxy] Proxying [GET /screenshot] to [GET http://localhost:8200/wd/hub/session/e8f32e0f-3076-44ec-b3a2-47601dfba3b4/screenshot] with no body
2019-04-21 10:27:07:457 - info: [debug] [JSONWP Proxy] Got response with status 200: "{\"sessionId\":\"e8f32e0f-3076-44ec-b3a2-47601dfba3b4\",\"status\":0,\"value\":\"iVBORw0KGgoAAAANSUhEUgAABDgAAAhwCAIAAABH2RmtAAAAA3NCSVQICAjb4U\\/gAAAgAElEQVR4\\nnOydd3wUdf7\\/XzPbW7LpvfeENEKvoUoVLIinoigqetY7LN9T77zzPMsJ\\/lDvLKdnwXJ21EMRBAzS\\nayghCQnpve8m28vs74+ZbJ3d7KYAcvt85KHL9Jn3fD7zeb8\\/70JsLbHAzxXB1hJcU3ypL8LPKOGX\\n5pWEX5pXEn5pXklsLcGmb4ov9VX4GR02rCzxS\\/OKYf\\/mEvoHeUkvw48fP378+PHjx48fP35Y8Csq\\nfvz48ePHjx8\\/fvz4uezwKyp+\\/Pjx48ePHz9+\\/Pi57PArKn78+PHjx48fP378+Lns8Csqfvz48ePH\\njx8\\/fvz4uezg0v9rb6n57Zp019UEQQQEhoaFx+dPXLhqzVN8vnB4pxno7\\/3x29dPHdvZ19NGcrjB\\nodGTp6+Yt2SdUCTx6Tg7t739xsa7p8+54ZGnP\\/PmpPfelMzh8D74tmt4l31Fcu1cjoWi\\/rq5ZFzB\\n7C8\\/eu7jd54EcNXV6+\\/5\\/ZuuG1eeO\\/T07+cZ9Nppxase\\/fPnvp5rhHIfrdfmCsZems88tqj06A6C\\nJP\\/w7DcTpy1n3b5f2b3hrvHdnU1RMamb3j4pEst8Op1foCNhrJubl\\/iFOCpchObmJX6Bjgr1Bt3k\\n8iOuywkgmMeP5QnmyIJ+H5EgIC+xeVdhNhWVH+ERROW4aT7t9W5XS4mqr91o4BJEJJe\\/ODD05pAo\\n8aW+nTHFRFFfKbq+6Ouo12s7TAYuQYZzeQkC0ZrgyOXyMPstt3S3bmiujuYLT2dPvlRX64pf1jRc\\n6y8LRbmutgCK3g5Fb0d15bGj+799...
2019-04-21 10:27:07:469 - info: [debug] [W3C] Responding to client with driver.getScreenshot() result: "iVBORw0KGgoAAAANSUhEUgAABDgAAAhwCAIAAABH2RmtAAAAA3NCSVQICAjb4U/gAAAgAElEQVR4\nnOydd3wUdf7/XzPbW7LpvfeENEKvoUoVLIinoigqetY7LN9T77zzPMsJ/lDvLKdnwXJ21EMRBAzS\nayghCQnpve8m28vs74+ZbJ3d7KYAcvt85KHL9Jn3fD7zeb8/70JsLbHAzxXB1hJcU3ypL8LPKOGX\n5pWEX5pXEn5pXklsLcGmb4ov9VX4GR02rCzxS/OKYf/mEvoHeUkvw48fP378+PHjx48fP35Y8Csq\nfvz48ePHjx8/fvz4uezwKyp+/Pjx48ePHz9+/Pi57PArKn78+PHjx48fP378+Lns8Csqfvz48ePH\njx8/fvz4uezg0v9rb6n57Zp019UEQQQEhoaFx+dPXLhqzVN8vnB4pxno7/3x29dPHdvZ19NGcrjB\nodGTp6+Yt2SdUCTx6Tg7t739xsa7p8+54ZGnP/PmpPfelMzh8D74tmt4l31Fcu1cjoWi/rq5ZFzB\n7C8/eu7jd54EcNXV6+/5/ZuuG1eeO/T07+cZ9Nppxase/fPnvp5rhHIfrdfmCsZems88tqj06A6C\nJP/w7DcTpy1n3b5f2b3hrvHdnU1RMamb3j4pEst8Op1foCNhrJubl/iFOCpchObmJX6Bjgr1Bt3k\n8iOuywkgmMeP5QnmyIJ+H5EgIC+xeVdhNhWVH+ERROW4aT7t9W5XS4mqr91o4BJEJJe/ODD05pAo\n8aW+nTHFRFFfKbq+6Ouo12s7TAYuQYZzeQkC0ZrgyOXyMPstt3S3bmiujuYLT2dPvlRX64pf1jRc\n6y8LRbmutgCK3g5Fb0d15bGj+7995uXdgUHhvp6jqaHihadWtjZVWZe0NFaePbnnl93/efyvXweH\nRHl/qJIdWwAsXHa3Nxt///WrapUyIDDU1wv+32HljY+ePLK94uz+3T+8O33O6tzCOfZrTSbjO68+\nYNBrg0...
2019-04-21 10:27:07:475 - info: [HTTP] <-- GET /wd/hub/session/05014c72-db1c-4ec1-8c9a-2e2d643a96d4/screenshot 200 907 ms - 416738
2019-04-21 10:27:07:475 - info: [HTTP] 
2019-04-21 10:27:07:481 - info: [HTTP] --> GET /wd/hub/session/05014c72-db1c-4ec1-8c9a-2e2d643a96d4/screenshot
2019-04-21 10:27:07:482 - info: [HTTP] {}
2019-04-21 10:27:07:482 - info: [debug] [W3C] Calling AppiumDriver.getScreenshot() with args: ["05014c72-db1c-4ec1-8c9a-2e2d643a96d4"]
2019-04-21 10:27:07:483 - info: [debug] [JSONWP Proxy] Proxying [GET /screenshot] to [GET http://localhost:8200/wd/hub/session/e8f32e0f-3076-44ec-b3a2-47601dfba3b4/screenshot] with no body
2019-04-21 10:27:08:369 - info: [debug] [JSONWP Proxy] Got response with status 200: "{\"sessionId\":\"e8f32e0f-3076-44ec-b3a2-47601dfba3b4\",\"status\":0,\"value\":\"iVBORw0KGgoAAAANSUhEUgAABDgAAAhwCAIAAABH2RmtAAAAA3NCSVQICAjb4U\\/gAAAgAElEQVR4\\nnOydd3wUdf7\\/XzPbW7LpvfeENEKvoUoVLIinoigqetY7LN9T77zzPMsJ\\/lDvLKdnwXJ21EMRBAzS\\nayghCQnpve8m28vs74+ZbJ3d7KYAcvt85KHL9Jn3fD7zeb8\\/70JsLbHAzxXB1hJcU3ypL8LPKOGX\\n5pWEX5pXEn5pXklsLcGmb4ov9VX4GR02rCzxS\\/OKYf\\/mEvoHeUkvw48fP378+PHjx48fP35Y8Csq\\nfvz48ePHjx8\\/fvz4uezwKyp+\\/Pjx48ePHz9+\\/Pi57PArKn78+PHjx48fP378+Lns8Csqfvz48ePH\\njx8\\/fvz4uezg0v9rb6n57Zp019UEQQQEhoaFx+dPXLhqzVN8vnB4pxno7\\/3x29dPHdvZ19NGcrjB\\nodGTp6+Yt2SdUCTx6Tg7t739xsa7p8+54ZGnP\\/PmpPfelMzh8D74tmt4l31Fcu1cjoWi\\/rq5ZFzB\\n7C8\\/eu7jd54EcNXV6+\\/5\\/ZuuG1eeO\\/T07+cZ9Nppxase\\/fPnvp5rhHIfrdfmCsZems88tqj06A6C\\nJP\\/w7DcTpy1n3b5f2b3hrvHdnU1RMamb3j4pEst8Op1foCNhrJubl\\/iFOCpchObmJX6Bjgr1Bt3k\\n8iOuywkgmMeP5QnmyIJ+H5EgIC+xeVdhNhWVH+ERROW4aT7t9W5XS4mqr91o4BJEJJe\\/ODD05pAo\\n8aW+nTHFRFFfKbq+6Ouo12s7TAYuQYZzeQkC0ZrgyOXyMPstt3S3bmiujuYLT2dPvlRX64pf1jRc\\n6y8LRbmutgCK3g5Fb0d15bGj+799...
2019-04-21 10:27:08:393 - info: [debug] [W3C] Responding to client with driver.getScreenshot() result: "iVBORw0KGgoAAAANSUhEUgAABDgAAAhwCAIAAABH2RmtAAAAA3NCSVQICAjb4U/gAAAgAElEQVR4\nnOydd3wUdf7/XzPbW7LpvfeENEKvoUoVLIinoigqetY7LN9T77zzPMsJ/lDvLKdnwXJ21EMRBAzS\nayghCQnpve8m28vs74+ZbJ3d7KYAcvt85KHL9Jn3fD7zeb8/70JsLbHAzxXB1hJcU3ypL8LPKOGX\n5pWEX5pXEn5pXklsLcGmb4ov9VX4GR02rCzxS/OKYf/mEvoHeUkvw48fP378+PHjx48fP35Y8Csq\nfvz48ePHjx8/fvz4uezwKyp+/Pjx48ePHz9+/Pi57PArKn78+PHjx48fP378+Lns8Csqfvz48ePH\njx8/fvz4uezg0v9rb6n57Zp019UEQQQEhoaFx+dPXLhqzVN8vnB4pxno7/3x29dPHdvZ19NGcrjB\nodGTp6+Yt2SdUCTx6Tg7t739xsa7p8+54ZGnP/PmpPfelMzh8D74tmt4l31Fcu1cjoWi/rq5ZFzB\n7C8/eu7jd54EcNXV6+/5/ZuuG1eeO/T07+cZ9Nppxase/fPnvp5rhHIfrdfmCsZems88tqj06A6C\nJP/w7DcTpy1n3b5f2b3hrvHdnU1RMamb3j4pEst8Op1foCNhrJubl/iFOCpchObmJX6Bjgr1Bt3k\n8iOuywkgmMeP5QnmyIJ+H5EgIC+xeVdhNhWVH+ERROW4aT7t9W5XS4mqr91o4BJEJJe/ODD05pAo\n8aW+nTHFRFFfKbq+6Ouo12s7TAYuQYZzeQkC0ZrgyOXyMPstt3S3bmiujuYLT2dPvlRX64pf1jRc\n6y8LRbmutgCK3g5Fb0d15bGj+7995uXdgUHhvp6jqaHihadWtjZVWZe0NFaePbnnl93/efyvXweH\nRHl/qJIdWwAsXHa3Nxt///WrapUyIDDU1wv+32HljY+ePLK94uz+3T+8O33O6tzCOfZrTSbjO68+\nYNBrg0...
2019-04-21 10:27:08:406 - info: [HTTP] <-- GET /wd/hub/session/05014c72-db1c-4ec1-8c9a-2e2d643a96d4/screenshot 200 924 ms - 417638
2019-04-21 10:27:08:406 - info: [HTTP] 
2019-04-21 10:27:08:415 - info: [HTTP] --> GET /wd/hub/session/05014c72-db1c-4ec1-8c9a-2e2d643a96d4/screenshot
2019-04-21 10:27:08:416 - info: [HTTP] {}
2019-04-21 10:27:08:416 - info: [debug] [W3C] Calling AppiumDriver.getScreenshot() with args: ["05014c72-db1c-4ec1-8c9a-2e2d643a96d4"]
2019-04-21 10:27:08:418 - info: [debug] [JSONWP Proxy] Proxying [GET /screenshot] to [GET http://localhost:8200/wd/hub/session/e8f32e0f-3076-44ec-b3a2-47601dfba3b4/screenshot] with no body
2019-04-21 10:27:09:297 - info: [debug] [JSONWP Proxy] Got response with status 200: "{\"sessionId\":\"e8f32e0f-3076-44ec-b3a2-47601dfba3b4\",\"status\":0,\"value\":\"iVBORw0KGgoAAAANSUhEUgAABDgAAAhwCAIAAABH2RmtAAAAA3NCSVQICAjb4U\\/gAAAgAElEQVR4\\nnOydd3wUdf7\\/XzPbW7LpvfeENEKvoUoVLIinoigqetY7LN9T77zzPMsJ\\/lDvLKdnwXJ21EMRBAzS\\nayghCQnpve8m28vs74+ZbJ3d7KYAcvt85KHL9Jn3fD7zeb8\\/70JsLbHAzxXB1hJcU3ypL8LPKOGX\\n5pWEX5pXEn5pXklsLcGmb4ov9VX4GR02rCzxS\\/OKYf\\/mEvoHeUkvw48fP378+PHjx48fP35Y8Csq\\nfvz48ePHjx8\\/fvz4uezwKyp+\\/Pjx48ePHz9+\\/Pi57PArKn78+PHjx48fP378+Lns8Csqfvz48ePH\\njx8\\/fvz4uezg0v9rb6n57Zp019UEQQQEhoaFx+dPXLhqzVN8vnB4pxno7\\/3x29dPHdvZ19NGcrjB\\nodGTp6+Yt2SdUCTx6Tg7t739xsa7p8+54ZGnP\\/PmpPfelMzh8D74tmt4l31Fcu1cjoWi\\/rq5ZFzB\\n7C8\\/eu7jd54EcNXV6+\\/5\\/ZuuG1eeO\\/T07+cZ9Nppxase\\/fPnvp5rhHIfrdfmCsZems88tqj06A6C\\nJP\\/w7DcTpy1n3b5f2b3hrvHdnU1RMamb3j4pEst8Op1foCNhrJubl\\/iFOCpchObmJX6Bjgr1Bt3k\\n8iOuywkgmMeP5QnmyIJ+H5EgIC+xeVdhNhWVH+ERROW4aT7t9W5XS4mqr91o4BJEJJe\\/ODD05pAo\\n8aW+nTHFRFFfKbq+6Ouo12s7TAYuQYZzeQkC0ZrgyOXyMPstt3S3bmiujuYLT2dPvlRX64pf1jRc\\n6y8LRbmutgCK3g5Fb0d15bGj+799...
2019-04-21 10:27:09:311 - info: [debug] [W3C] Responding to client with driver.getScreenshot() result: "iVBORw0KGgoAAAANSUhEUgAABDgAAAhwCAIAAABH2RmtAAAAA3NCSVQICAjb4U/gAAAgAElEQVR4\nnOydd3wUdf7/XzPbW7LpvfeENEKvoUoVLIinoigqetY7LN9T77zzPMsJ/lDvLKdnwXJ21EMRBAzS\nayghCQnpve8m28vs74+ZbJ3d7KYAcvt85KHL9Jn3fD7zeb8/70JsLbHAzxXB1hJcU3ypL8LPKOGX\n5pWEX5pXEn5pXklsLcGmb4ov9VX4GR02rCzxS/OKYf/mEvoHeUkvw48fP378+PHjx48fP35Y8Csq\nfvz48ePHjx8/fvz4uezwKyp+/Pjx48ePHz9+/Pi57PArKn78+PHjx48fP378+Lns8Csqfvz48ePH\njx8/fvz4uezg0v9rb6n57Zp019UEQQQEhoaFx+dPXLhqzVN8vnB4pxno7/3x29dPHdvZ19NGcrjB\nodGTp6+Yt2SdUCTx6Tg7t739xsa7p8+54ZGnP/PmpPfelMzh8D74tmt4l31Fcu1cjoWi/rq5ZFzB\n7C8/eu7jd54EcNXV6+/5/ZuuG1eeO/T07+cZ9Nppxase/fPnvp5rhHIfrdfmCsZems88tqj06A6C\nJP/w7DcTpy1n3b5f2b3hrvHdnU1RMamb3j4pEst8Op1foCNhrJubl/iFOCpchObmJX6Bjgr1Bt3k\n8iOuywkgmMeP5QnmyIJ+H5EgIC+xeVdhNhWVH+ERROW4aT7t9W5XS4mqr91o4BJEJJe/ODD05pAo\n8aW+nTHFRFFfKbq+6Ouo12s7TAYuQYZzeQkC0ZrgyOXyMPstt3S3bmiujuYLT2dPvlRX64pf1jRc\n6y8LRbmutgCK3g5Fb0d15bGj+7995uXdgUHhvp6jqaHihadWtjZVWZe0NFaePbnnl93/efyvXweH\nRHl/qJIdWwAsXHa3Nxt///WrapUyIDDU1wv+32HljY+ePLK94uz+3T+8O33O6tzCOfZrTSbjO68+\nYNBrg0...
2019-04-21 10:27:09:322 - info: [HTTP] <-- GET /wd/hub/session/05014c72-db1c-4ec1-8c9a-2e2d643a96d4/screenshot 200 904 ms - 408876
2019-04-21 10:27:09:322 - info: [HTTP] 
2019-04-21 10:27:30:859 - info: [debug] [UiAutomator2] [UIAutomator2] io.appium.uiautomator2.server.test.AppiumUiAutomator2Server:INSTRUMENTATION_RESULT: shortMsg=Process crashed.
2019-04-21 10:27:30:859 - info: [debug] [UiAutomator2] [UIAutomator2] INSTRUMENTATION_CODE: 0
