2019-04-21 09:24:20:464 - warn: [Appium] Appium support for versions of node < 8 has been deprecated and will be removed in a future version. Please upgrade!
2019-04-21 09:24:20:476 - info: [Appium] Welcome to Appium v1.8.1
2019-04-21 09:24:20:477 - info: [Appium] Non-default server args:
2019-04-21 09:24:20:478 - info: [Appium]   port: 4701
2019-04-21 09:24:20:478 - info: [Appium]   bootstrapPort: 4900
2019-04-21 09:24:20:478 - info: [Appium]   sessionOverride: true
2019-04-21 09:24:20:478 - info: [Appium]   log: D:/pythonProgram/Appium27/log/2116ca982019-04-21-17_24_17.log
2019-04-21 09:24:20:478 - info: [Appium]   udid: 2116ca98
2019-04-21 09:24:20:478 - info: [Appium]   noReset: true
2019-04-21 09:24:20:479 - warn: [Appium] Deprecated server args:
2019-04-21 09:24:20:479 - warn: [Appium]   -U,--udid => --default-capabilities '{"udid":"2116ca98"}'
2019-04-21 09:24:20:479 - warn: [Appium]   --no-reset => --default-capabilities '{"noReset":true}'
2019-04-21 09:24:20:479 - info: [Appium] Default capabilities, which will be added to each request unless overridden by desired capabilities:
2019-04-21 09:24:20:480 - info: [Appium]   udid: 2116ca98
2019-04-21 09:24:20:480 - info: [Appium]   noReset: true
2019-04-21 09:24:20:516 - info: [Appium] Appium REST http interface listener started on 0.0.0.0:4701
2019-04-21 09:24:38:805 - info: [HTTP] --> POST /wd/hub/session
2019-04-21 09:24:38:805 - info: [HTTP] {"capabilities":{"firstMatch":[{"appium:unicodeKeyboard":true,"appium:resetKeyboard":true,"appium:appWaitActivity":"com.cy.patrol.act.LoginAct","appium:automationName":"uiautomator2","appium:app":"E:\\work\\appium\\xcry_appium/apk/ryxc.apk","appium:deviceName":"2116ca98","platformName":"Android"}]},"desiredCapabilities":{"deviceName":"2116ca98","unicodeKeyboard":true,"app":"E:\\work\\appium\\xcry_appium/apk/ryxc.apk","appWaitActivity":"com.cy.patrol.act.LoginAct","resetKeyboard":true,"platformName":"Android","automationName":"uiautomator2"}}
2019-04-21 09:24:38:807 - info: [debug] [MJSONWP] Calling AppiumDriver.createSession() with args: [{"deviceName":"2116ca98","unicodeKeyboard":true,"app":"E:\\work\\appium\\xcry_appium/apk/ryxc.apk","appWaitActivity":"com.cy.patrol.act.LoginAct","resetKeyboard":true,"platformName":"Android","automationName":"uiautomator2"},null,{"firstMatch":[{"appium:unicodeKeyboard":true,"appium:resetKeyboard":true,"appium:appWaitActivity":"com.cy.patrol.act.LoginAct","appium:automationName":"uiautomator2","appium:app":"E:\\work\\appium\\xcry_appium/apk/ryxc.apk","appium:deviceName":"2116ca98","platformName":"Android"}]}]
2019-04-21 09:24:38:810 - info: [debug] [BaseDriver] Event 'newSessionRequested' logged at 1555838678809 (17:24:38 GMT+0800 (中国标准时间))
2019-04-21 09:24:38:813 - warn: [BaseDriver] The capabilities ["udid","noReset"] are not standard capabilities and should have an extension prefix
2019-04-21 09:24:38:817 - info: [Appium] Creating new AndroidUiautomator2Driver (v1.12.0) session
2019-04-21 09:24:38:818 - info: [Appium] Capabilities:
2019-04-21 09:24:38:818 - info: [Appium]   udid: 2116ca98
2019-04-21 09:24:38:818 - info: [Appium]   noReset: true
2019-04-21 09:24:38:818 - info: [Appium]   platformName: Android
2019-04-21 09:24:38:818 - info: [Appium]   unicodeKeyboard: true
2019-04-21 09:24:38:818 - info: [Appium]   resetKeyboard: true
2019-04-21 09:24:38:818 - info: [Appium]   appWaitActivity: com.cy.patrol.act.LoginAct
2019-04-21 09:24:38:818 - info: [Appium]   automationName: uiautomator2
2019-04-21 09:24:38:818 - info: [Appium]   app: E:\work\appium\xcry_appium/apk/ryxc.apk
2019-04-21 09:24:38:818 - info: [Appium]   deviceName: 2116ca98
2019-04-21 09:24:38:821 - info: [debug] [BaseDriver] W3C capabilities {"alwaysMatch":{"appium:udi... and MJSONWP desired capabilities [object Object] were provided
2019-04-21 09:24:38:821 - info: [debug] [BaseDriver] Creating session with W3C capabilities: {"alwaysMatch":{"appium:udi...
2019-04-21 09:24:38:834 - info: [BaseDriver] Session created with session id: f3ae1294-891a-49ff-b15b-5ea6ad8b7665
2019-04-21 09:24:38:837 - info: [BaseDriver] Using local app 'E:\work\appium\xcry_appium/apk/ryxc.apk'
2019-04-21 09:24:38:838 - info: [debug] [UiAutomator2] Checking whether app is actually present
2019-04-21 09:24:39:247 - info: [debug] [AndroidDriver] Getting Java version
2019-04-21 09:24:39:405 - info: [AndroidDriver] Java version is: 1.8.0_151
2019-04-21 09:24:39:408 - info: [ADB] Checking whether adb is present
2019-04-21 09:24:39:413 - info: [ADB] Found 1 'build-tools' folders under 'E:\sdk' (newest first):
2019-04-21 09:24:39:414 - info: [ADB]     E:/sdk/build-tools/android-4.3
2019-04-21 09:24:39:414 - info: [ADB] Using adb.exe from E:\sdk\platform-tools\adb.exe
2019-04-21 09:24:39:414 - info: [AndroidDriver] Retrieving device list
2019-04-21 09:24:39:415 - info: [debug] [ADB] Trying to find a connected android device
2019-04-21 09:24:39:415 - info: [debug] [ADB] Getting connected devices...
2019-04-21 09:24:39:439 - info: [debug] [ADB] 1 device(s) connected
2019-04-21 09:24:39:440 - info: [AndroidDriver] Using device: 2116ca98
2019-04-21 09:24:39:442 - info: [debug] [ADB] Setting device id to 2116ca98
2019-04-21 09:24:39:444 - info: [debug] [ADB] Running 'E:\sdk\platform-tools\adb.exe -P 5037 -s 2116ca98 shell getprop ro.build.version.sdk'
2019-04-21 09:24:39:499 - info: [debug] [ADB] Current device property 'ro.build.version.sdk': 25
2019-04-21 09:24:39:499 - info: [debug] [ADB] Device API level: 25
2019-04-21 09:24:39:500 - info: [debug] [AndroidDriver] Parsing package and activity from app manifest
2019-04-21 09:24:39:502 - info: [ADB] Using the alternative activity name detection method because of: Could not find apkanalyzer.bat in E:\sdk\platform-tools\apkanalyzer.bat,E:\sdk\emulator\apkanalyzer.bat,E:\sdk\tools\apkanalyzer.bat,E:\sdk\tools\bin\apkanalyzer.bat,E:\sdk\build-tools\android-4.3\apkanalyzer.bat. Do you have the Android SDK installed at 'E:\sdk'?
2019-04-21 09:24:39:503 - info: [ADB] Checking whether aapt is present
2019-04-21 09:24:39:504 - info: [ADB] Using aapt.exe from E:\sdk\tools\aapt.exe
2019-04-21 09:24:39:505 - info: [ADB] Extracting package and launch activity from manifest
2019-04-21 09:24:39:527 - info: [ADB] Package name: 'com.cy.patrol'
2019-04-21 09:24:39:527 - info: [ADB] Main activity name: 'com.cy.patrol.act.LoadingAct'
2019-04-21 09:24:39:527 - info: [debug] [AndroidDriver] Parsed package and activity are: com.cy.patrol/com.cy.patrol.act.LoadingAct
2019-04-21 09:24:39:527 - info: [ADB] Getting device platform version
2019-04-21 09:24:39:528 - info: [debug] [ADB] Running 'E:\sdk\platform-tools\adb.exe -P 5037 -s 2116ca98 shell getprop ro.build.version.release'
2019-04-21 09:24:39:571 - info: [debug] [ADB] Current device property 'ro.build.version.release': 7.1.1
2019-04-21 09:24:39:572 - info: [debug] [ADB] Running 'E:\sdk\platform-tools\adb.exe -P 5037 -s 2116ca98 shell wm size'
2019-04-21 09:24:40:091 - info: [debug] [ADB] Running 'E:\sdk\platform-tools\adb.exe -P 5037 -s 2116ca98 shell wm density'
2019-04-21 09:24:40:679 - info: [debug] [ADB] Running 'E:\sdk\platform-tools\adb.exe -P 5037 -s 2116ca98 shell getprop ro.product.model'
2019-04-21 09:24:40:759 - info: [debug] [ADB] Current device property 'ro.product.model': OS103
2019-04-21 09:24:40:759 - info: [debug] [ADB] Running 'E:\sdk\platform-tools\adb.exe -P 5037 -s 2116ca98 shell getprop ro.product.manufacturer'
2019-04-21 09:24:40:804 - info: [debug] [ADB] Current device property 'ro.product.manufacturer': smartisan
2019-04-21 09:24:40:804 - info: [debug] [ADB] Device API level: 25
2019-04-21 09:24:40:804 - info: [debug] [ADB] Running 'E:\sdk\platform-tools\adb.exe -P 5037 -s 2116ca98 shell am force-stop io.appium.uiautomator2.server'
2019-04-21 09:24:41:367 - info: [debug] [ADB] Checking app cert for C:\Users\30280\AppData\Roaming\npm\node_modules\appium\node_modules\appium-uiautomator2-server\apks\appium-uiautomator2-server-v1.12.0.apk
2019-04-21 09:24:41:374 - warn: [ADB] Cannot use apksigner tool for signature verification. Defaulting to verify.jar. Original error: Could not find apksigner.bat in E:\sdk\platform-tools\apksigner.bat,E:\sdk\emulator\apksigner.bat,E:\sdk\tools\apksigner.bat,E:\sdk\tools\bin\apksigner.bat,E:\sdk\build-tools\android-4.3\apksigner.bat. Do you have the Android SDK installed at 'E:\sdk'?
2019-04-21 09:24:41:630 - info: [debug] [ADB] 'C:\Users\30280\AppData\Roaming\npm\node_modules\appium\node_modules\appium-uiautomator2-server\apks\appium-uiautomator2-server-v1.12.0.apk' is already signed.
2019-04-21 09:24:41:631 - info: [debug] [ADB] Checking app cert for C:\Users\30280\AppData\Roaming\npm\node_modules\appium\node_modules\appium-uiautomator2-server\apks\appium-uiautomator2-server-debug-androidTest.apk
2019-04-21 09:24:41:631 - warn: [ADB] Cannot use apksigner tool for signature verification. Defaulting to verify.jar. Original error: Could not find apksigner.bat in E:\sdk\platform-tools\apksigner.bat,E:\sdk\emulator\apksigner.bat,E:\sdk\tools\apksigner.bat,E:\sdk\tools\bin\apksigner.bat,E:\sdk\build-tools\android-4.3\apksigner.bat. Do you have the Android SDK installed at 'E:\sdk'?
2019-04-21 09:24:41:917 - info: [debug] [ADB] 'C:\Users\30280\AppData\Roaming\npm\node_modules\appium\node_modules\appium-uiautomator2-server\apks\appium-uiautomator2-server-debug-androidTest.apk' is already signed.
2019-04-21 09:24:41:918 - info: [debug] [ADB] Getting install status for io.appium.uiautomator2.server
2019-04-21 09:24:41:918 - info: [debug] [ADB] Running 'E:\sdk\platform-tools\adb.exe -P 5037 -s 2116ca98 shell pm list packages io.appium.uiautomator2.server'
2019-04-21 09:24:42:455 - info: [debug] [ADB] App is installed
2019-04-21 09:24:42:457 - info: [debug] [ADB] Getting package info for 'io.appium.uiautomator2.server'
2019-04-21 09:24:42:458 - info: [debug] [ADB] Running 'E:\sdk\platform-tools\adb.exe -P 5037 -s 2116ca98 shell dumpsys package io.appium.uiautomator2.server'
2019-04-21 09:24:42:588 - info: [debug] [ADB] The installed 'io.appium.uiautomator2.server' package does not require upgrade ('1.12.0' >= '1.12.0')
2019-04-21 09:24:42:592 - info: [debug] [ADB] Getting install status for io.appium.uiautomator2.server.test
2019-04-21 09:24:42:593 - info: [debug] [ADB] Running 'E:\sdk\platform-tools\adb.exe -P 5037 -s 2116ca98 shell pm list packages io.appium.uiautomator2.server.test'
2019-04-21 09:24:43:136 - info: [debug] [ADB] App is installed
2019-04-21 09:24:43:137 - info: [debug] [ADB] Getting package info for 'io.appium.uiautomator2.server.test'
2019-04-21 09:24:43:138 - info: [debug] [ADB] Running 'E:\sdk\platform-tools\adb.exe -P 5037 -s 2116ca98 shell dumpsys package io.appium.uiautomator2.server.test'
2019-04-21 09:24:43:242 - warn: [ADB] Cannot read version codes of 'C:\Users\30280\AppData\Roaming\npm\node_modules\appium\node_modules\appium-uiautomator2-server\apks\appium-uiautomator2-server-debug-androidTest.apk' and/or 'io.appium.uiautomator2.server.test'
2019-04-21 09:24:43:244 - warn: [ADB] Cannot read version names of 'C:\Users\30280\AppData\Roaming\npm\node_modules\appium\node_modules\appium-uiautomator2-server\apks\appium-uiautomator2-server-debug-androidTest.apk' and/or 'io.appium.uiautomator2.server.test'. Assuming correct app version is already installed
2019-04-21 09:24:43:245 - info: [debug] [UiAutomator2] Waiting up to 20000ms for instrumentation 'io.appium.uiautomator2.server.test/android.support.test.runner.AndroidJUnitRunner' to be available
2019-04-21 09:24:43:246 - info: [debug] [ADB] Running 'E:\sdk\platform-tools\adb.exe -P 5037 -s 2116ca98 shell pm list instrumentation'
2019-04-21 09:24:43:755 - info: [debug] [UiAutomator2] Instrumentation 'io.appium.uiautomator2.server.test/android.support.test.runner.AndroidJUnitRunner' available
2019-04-21 09:24:43:759 - info: [debug] [ADB] Running 'E:\sdk\platform-tools\adb.exe -P 5037 -s 2116ca98 wait-for-device'
2019-04-21 09:24:43:796 - info: [debug] [ADB] Running 'E:\sdk\platform-tools\adb.exe -P 5037 -s 2116ca98 shell echo ping'
2019-04-21 09:24:43:829 - info: [debug] [AndroidDriver] Pushing settings apk to device...
2019-04-21 09:24:43:830 - info: [debug] [ADB] Getting install status for io.appium.settings
2019-04-21 09:24:43:830 - info: [debug] [ADB] Running 'E:\sdk\platform-tools\adb.exe -P 5037 -s 2116ca98 shell pm list packages io.appium.settings'
2019-04-21 09:24:44:363 - info: [debug] [ADB] App is installed
2019-04-21 09:24:44:363 - info: [debug] [ADB] Getting package info for 'io.appium.settings'
2019-04-21 09:24:44:364 - info: [debug] [ADB] Running 'E:\sdk\platform-tools\adb.exe -P 5037 -s 2116ca98 shell dumpsys package io.appium.settings'
2019-04-21 09:24:44:529 - info: [debug] [ADB] The installed 'io.appium.settings' package does not require upgrade (13 > 5)
2019-04-21 09:24:44:531 - info: [debug] [ADB] Running 'E:\sdk\platform-tools\adb.exe -P 5037 -s 2116ca98 shell ps'
2019-04-21 09:24:44:652 - info: [debug] [AndroidDriver] io.appium.settings is already running. There is no need to reset its permissions.
2019-04-21 09:24:44:652 - info: [debug] [ADB] Device API level: 25
2019-04-21 09:24:44:653 - info: [debug] [ADB] Running 'E:\sdk\platform-tools\adb.exe -P 5037 -s 2116ca98 shell appops set io.appium.settings android\:mock_location allow'
2019-04-21 09:24:44:716 - warn: [AndroidDriver] setDeviceLanguageCountry requires language or country.
2019-04-21 09:24:44:716 - warn: [AndroidDriver] Got language: 'null' and country: 'null'
2019-04-21 09:24:44:717 - info: [debug] [Logcat] Starting logcat capture
2019-04-21 09:24:44:764 - info: [debug] [AndroidDriver] Enabling Unicode keyboard support
2019-04-21 09:24:44:764 - info: [debug] [AndroidDriver] Pushing unicode ime to device...
2019-04-21 09:24:44:765 - info: [debug] [ADB] Running 'E:\sdk\platform-tools\adb.exe -P 5037 -s 2116ca98 install C\:\\Users\\30280\\AppData\\Roaming\\npm\\node_modules\\appium\\node_modules\\appium-android-ime\\bin\\UnicodeIME-debug.apk'
2019-04-21 09:24:45:621 - info: [debug] [ADB] Install command stdout: Failure [INSTALL_FAILED_ALREADY_EXISTS: Attempt to re-install io.appium.android.ime without first uninstalling.]
2019-04-21 09:24:45:622 - info: [debug] [ADB] Application 'C:\Users\30280\AppData\Roaming\npm\node_modules\appium\node_modules\appium-android-ime\bin\UnicodeIME-debug.apk' already installed. Continuing.
2019-04-21 09:24:45:623 - info: [debug] [ADB] Running 'E:\sdk\platform-tools\adb.exe -P 5037 -s 2116ca98 shell settings get secure default_input_method'
2019-04-21 09:24:46:151 - info: [debug] [AndroidDriver] Unsetting previous IME com.iflytek.inputmethod.smartisan/com.iflytek.inputmethod.FlyIME
2019-04-21 09:24:46:151 - info: [debug] [AndroidDriver] Setting IME to 'io.appium.android.ime/.UnicodeIME'
2019-04-21 09:24:46:151 - info: [debug] [ADB] Running 'E:\sdk\platform-tools\adb.exe -P 5037 -s 2116ca98 shell ime enable io.appium.android.ime/.UnicodeIME'
2019-04-21 09:24:46:688 - info: [debug] [ADB] Running 'E:\sdk\platform-tools\adb.exe -P 5037 -s 2116ca98 shell ime set io.appium.android.ime/.UnicodeIME'
2019-04-21 09:24:47:240 - info: [debug] [AndroidDriver] Pushing unlock helper app to device...
2019-04-21 09:24:47:240 - info: [debug] [ADB] Getting install status for io.appium.unlock
2019-04-21 09:24:47:241 - info: [debug] [ADB] Running 'E:\sdk\platform-tools\adb.exe -P 5037 -s 2116ca98 shell pm list packages io.appium.unlock'
2019-04-21 09:24:47:784 - info: [debug] [ADB] App is installed
2019-04-21 09:24:47:785 - info: [debug] [ADB] Getting package info for 'io.appium.unlock'
2019-04-21 09:24:47:786 - info: [debug] [ADB] Running 'E:\sdk\platform-tools\adb.exe -P 5037 -s 2116ca98 shell dumpsys package io.appium.unlock'
2019-04-21 09:24:47:885 - info: [debug] [ADB] The installed 'io.appium.unlock' package does not require upgrade ('2.0.0' >= '2.0.0')
2019-04-21 09:24:47:886 - info: [debug] [UiAutomator2] Forwarding UiAutomator2 Server port 6790 to 8200
2019-04-21 09:24:47:886 - info: [debug] [ADB] Forwarding system: 8200 to device: 6790
2019-04-21 09:24:47:887 - info: [debug] [ADB] Running 'E:\sdk\platform-tools\adb.exe -P 5037 -s 2116ca98 forward tcp\:8200 tcp\:6790'
2019-04-21 09:24:47:952 - info: [debug] [ADB] Running 'E:\sdk\platform-tools\adb.exe -P 5037 -s 2116ca98 shell rm -rf /data/local/tmp/strings.json'
2019-04-21 09:24:47:998 - info: [debug] [AndroidDriver] Extracting strings from apk
2019-04-21 09:24:47:999 - info: [debug] [AndroidDriver] E:\work\appium\xcry_appium/apk/ryxc.apk
2019-04-21 09:24:47:999 - info: [debug] [AndroidDriver] null
2019-04-21 09:24:48:000 - info: [debug] [AndroidDriver] C:\Users\30280\AppData\Local\Temp\com.cy.patrol
2019-04-21 09:24:48:000 - info: [debug] [ADB] Extracting strings for language: default
2019-04-21 09:24:48:141 - info: [ADB] Successfully extracted 498 strings from 'E:\work\appium\xcry_appium/apk/ryxc.apk' resources for '(default)' configuration
2019-04-21 09:24:48:153 - info: [debug] [ADB] Running 'E:\sdk\platform-tools\adb.exe -P 5037 -s 2116ca98 push C\:\\Users\\30280\\AppData\\Local\\Temp\\com.cy.patrol\\strings.json /data/local/tmp'
2019-04-21 09:24:48:198 - info: [debug] [ADB] Checking app cert for E:\work\appium\xcry_appium/apk/ryxc.apk
2019-04-21 09:24:48:198 - warn: [ADB] Cannot use apksigner tool for signature verification. Defaulting to verify.jar. Original error: Could not find apksigner.bat in E:\sdk\platform-tools\apksigner.bat,E:\sdk\emulator\apksigner.bat,E:\sdk\tools\apksigner.bat,E:\sdk\tools\bin\apksigner.bat,E:\sdk\build-tools\android-4.3\apksigner.bat. Do you have the Android SDK installed at 'E:\sdk'?
2019-04-21 09:24:49:374 - info: [debug] [ADB] 'E:\work\appium\xcry_appium/apk/ryxc.apk' is already signed.
2019-04-21 09:24:49:374 - info: [debug] [ADB] Getting install status for com.cy.patrol
2019-04-21 09:24:49:375 - info: [debug] [ADB] Running 'E:\sdk\platform-tools\adb.exe -P 5037 -s 2116ca98 shell pm list packages com.cy.patrol'
2019-04-21 09:24:49:929 - info: [debug] [ADB] App is not installed
2019-04-21 09:24:49:930 - info: [debug] [ADB] App 'E:\work\appium\xcry_appium/apk/ryxc.apk' not installed. Installing
2019-04-21 09:24:49:930 - info: [debug] [ADB] Running 'E:\sdk\platform-tools\adb.exe -P 5037 -s 2116ca98 install E\:\\work\\appium\\xcry_appium/apk/ryxc.apk'
2019-04-21 09:25:08:131 - info: [debug] [ADB] Install command stdout: Success
2019-04-21 09:25:08:136 - info: [debug] [ADB] Running 'E:\sdk\platform-tools\adb.exe -P 5037 -s 2116ca98 shell am force-stop io.appium.uiautomator2.server'
2019-04-21 09:25:08:900 - info: [UiAutomator2] Starting uiautomator2 server 1.12.0
2019-04-21 09:25:08:901 - info: [UiAutomator2] Using UIAutomator2 server from 'C:\Users\30280\AppData\Roaming\npm\node_modules\appium\node_modules\appium-uiautomator2-server\apks\appium-uiautomator2-server-v1.12.0.apk' and test from 'C:\Users\30280\AppData\Roaming\npm\node_modules\appium\node_modules\appium-uiautomator2-server\apks\appium-uiautomator2-server-debug-androidTest.apk'
2019-04-21 09:25:08:902 - info: [UiAutomator2] Running command: 'adb -s 2116ca98 shell am instrument -w io.appium.uiautomator2.server.test/android.support.test.runner.AndroidJUnitRunner'
2019-04-21 09:25:08:907 - info: [UiAutomator2] Waiting up to 20000ms for UiAutomator2 to be online...
2019-04-21 09:25:08:910 - info: [debug] [JSONWP Proxy] Proxying [GET /status] to [GET http://localhost:8200/wd/hub/status] with no body
2019-04-21 09:25:09:935 - info: [debug] [JSONWP Proxy] Proxying [GET /status] to [GET http://localhost:8200/wd/hub/status] with no body
2019-04-21 09:25:10:952 - info: [debug] [JSONWP Proxy] Proxying [GET /status] to [GET http://localhost:8200/wd/hub/status] with no body
2019-04-21 09:25:11:994 - info: [debug] [JSONWP Proxy] Proxying [GET /status] to [GET http://localhost:8200/wd/hub/status] with no body
2019-04-21 09:25:12:040 - info: [debug] [JSONWP Proxy] Got response with status 200: "{\"sessionId\":\"SESSIONID\",\"status\":0,\"value\":\"Status Invoked\"}"
2019-04-21 09:25:12:041 - info: [debug] [JSONWP Proxy] Proxying [POST /session] to [POST http://localhost:8200/wd/hub/session] with body: {"desiredCapabilities":{"platform":"LINUX","webStorageEnabled":false,"takesScreenshot":true,"javascriptEnabled":true,"databaseEnabled":false,"networkConnectionEnabled":true,"locationContextEnabled":false,"warnings":{},"desired":{"platformName":"Android","udid":"2116ca98","noReset":true,"unicodeKeyboard":true,"resetKeyboard":true,"appWaitActivity":"com.cy.patrol.act.LoginAct","automationName":"uiautomator2","app":"E:\\work\\appium\\xcry_appium/apk/ryxc.apk","deviceName":"2116ca98"},"platformName":"Android","udid":"2116ca98","noReset":true,"unicodeKeyboard":true,"resetKeyboard":true,"appWaitActivity":"com.cy.patrol.act.LoginAct","automationName":"uiautomator2","app":"E:\\work\\appium\\xcry_appium/apk/ryxc.apk","deviceName":"2116ca98","deviceUDID":"2116ca98","platformVersion":"7.1.1","deviceScreenSize":"1080x2160","deviceScreenDensity":400,"deviceModel":"OS103","deviceManufacturer":"smartisan","deviceApiLevel":25,"appPackage":"com.cy.patrol"}}
2019-04-21 09:25:12:064 - info: [debug] [JSONWP Proxy] Got response with status 200: {"sessionId":"ec158fae-f96f-46c2-b1a6-ad4f1383e5ca","status":0,"value":"Created Session"}
2019-04-21 09:25:12:065 - info: [debug] [ADB] Running 'E:\sdk\platform-tools\adb.exe -P 5037 -s 2116ca98 shell dumpsys window'
2019-04-21 09:25:12:149 - info: [AndroidDriver] Screen already unlocked, doing nothing
2019-04-21 09:25:12:150 - info: [UiAutomator2] UiAutomator2 did not start the activity we were waiting for, 'com.cy.patrol/com.cy.patrol.act.LoginAct'. Starting it ourselves
2019-04-21 09:25:12:152 - info: [debug] [ADB] Device API level: 25
2019-04-21 09:25:12:153 - info: [debug] [ADB] Running 'E:\sdk\platform-tools\adb.exe -P 5037 -s 2116ca98 shell am start -W -n com.cy.patrol/com.cy.patrol.act.LoadingAct -S -a android.intent.action.MAIN -c android.intent.category.LAUNCHER -f 0x10200000'
2019-04-21 09:25:14:270 - info: [debug] [ADB] Waiting up to 20000ms for activity matching pkg: 'com.cy.patrol' and activity: 'com.cy.patrol.act.LoginAct' to be focused
2019-04-21 09:25:14:272 - info: [debug] [ADB] Possible activities, to be checked: 'com.cy.patrol.act.LoginAct', 'com.cy.patrol.com.cy.patrol.act.LoginAct'
2019-04-21 09:25:14:276 - info: [debug] [ADB] Getting focused package and activity
2019-04-21 09:25:14:279 - info: [debug] [ADB] Running 'E:\sdk\platform-tools\adb.exe -P 5037 -s 2116ca98 shell dumpsys window windows'
2019-04-21 09:25:14:382 - info: [debug] [ADB] Found package: 'com.cy.patrol' and fully qualified activity name : 'com.cy.patrol.act.LoginAct'
2019-04-21 09:25:14:387 - info: [debug] [JSONWP Proxy] Proxying [GET /appium/device/pixel_ratio] to [GET http://localhost:8200/wd/hub/session/ec158fae-f96f-46c2-b1a6-ad4f1383e5ca/appium/device/pixel_ratio] with body: {}
2019-04-21 09:25:14:410 - info: [debug] [JSONWP Proxy] Got response with status 200: "{\"sessionId\":\"ec158fae-f96f-46c2-b1a6-ad4f1383e5ca\",\"status\":0,\"value\":2.5}"
2019-04-21 09:25:14:413 - info: [debug] [JSONWP Proxy] Proxying [GET /appium/device/system_bars] to [GET http://localhost:8200/wd/hub/session/ec158fae-f96f-46c2-b1a6-ad4f1383e5ca/appium/device/system_bars] with body: {}
2019-04-21 09:25:14:437 - info: [debug] [JSONWP Proxy] Got response with status 200: "{\"sessionId\":\"ec158fae-f96f-46c2-b1a6-ad4f1383e5ca\",\"status\":0,\"value\":{\"statusBar\":60}}"
2019-04-21 09:25:14:439 - info: [debug] [JSONWP Proxy] Proxying [GET /window/current/size] to [GET http://localhost:8200/wd/hub/session/ec158fae-f96f-46c2-b1a6-ad4f1383e5ca/window/current/size] with body: {}
2019-04-21 09:25:14:455 - info: [debug] [JSONWP Proxy] Got response with status 200: "{\"sessionId\":\"ec158fae-f96f-46c2-b1a6-ad4f1383e5ca\",\"status\":0,\"value\":{\"height\":2070,\"width\":1080}}"
2019-04-21 09:25:14:458 - info: [Appium] New AndroidUiautomator2Driver session created successfully, session f3ae1294-891a-49ff-b15b-5ea6ad8b7665 added to master session list
2019-04-21 09:25:14:460 - info: [debug] [BaseDriver] Event 'newSessionStarted' logged at 1555838714460 (17:25:14 GMT+0800 (中国标准时间))
2019-04-21 09:25:14:464 - info: [debug] [W3C] Responding to client with driver.createSession() result: {"capabilities":{"platform":"LINUX","webStorageEnabled":false,"takesScreenshot":true,"javascriptEnabled":true,"databaseEnabled":false,"networkConnectionEnabled":true,"locationContextEnabled":false,"warnings":{},"desired":{"platformName":"Android","udid":"2116ca98","noReset":true,"unicodeKeyboard":true,"resetKeyboard":true,"appWaitActivity":"com.cy.patrol.act.LoginAct","automationName":"uiautomator2","app":"E:\\work\\appium\\xcry_appium/apk/ryxc.apk","deviceName":"2116ca98"},"platformName":"Android","udid":"2116ca98","noReset":true,"unicodeKeyboard":true,"resetKeyboard":true,"appWaitActivity":"com.cy.patrol.act.LoginAct","automationName":"uiautomator2","app":"E:\\work\\appium\\xcry_appium/apk/ryxc.apk","deviceName":"2116ca98","deviceUDID":"2116ca98","platformVersion":"7.1.1","deviceScreenSize":"1080x2160","deviceScreenDensity":400,"deviceModel":"OS103","deviceManufacturer":"smartisan","deviceApiLevel":25,"appPackage":"com.cy.patrol","pixelRatio":2.5,"statBarHeight":60,"viewportRect":{"left":0,"top":60,"widt...
2019-04-21 09:25:14:482 - info: [HTTP] <-- POST /wd/hub/session 200 35667 ms - 1106
2019-04-21 09:25:14:483 - info: [HTTP] 
2019-04-21 09:26:14:466 - warn: [BaseDriver] Shutting down because we waited 60 seconds for a command
2019-04-21 09:26:14:466 - info: [debug] [UiAutomator2] Deleting UiAutomator2 session
2019-04-21 09:26:14:466 - info: [debug] [UiAutomator2] Deleting UiAutomator2 server session
2019-04-21 09:26:14:466 - info: [debug] [JSONWP Proxy] Proxying [DELETE /] to [DELETE http://localhost:8200/wd/hub/session/ec158fae-f96f-46c2-b1a6-ad4f1383e5ca] with no body
2019-04-21 09:26:14:466 - warn: [Appium] Closing session, cause was 'New Command Timeout of 60 seconds expired. Try customizing the timeout using the 'newCommandTimeout' desired capability'
2019-04-21 09:26:14:466 - info: [Appium] Removing session f3ae1294-891a-49ff-b15b-5ea6ad8b7665 from our master session list
2019-04-21 09:26:14:497 - info: [debug] [JSONWP Proxy] Got response with status 200: "{\"sessionId\":\"ec158fae-f96f-46c2-b1a6-ad4f1383e5ca\",\"status\":0,\"value\":\"Session deleted\"}"
2019-04-21 09:26:14:497 - info: [debug] [UiAutomator2] Resetting IME to 'com.iflytek.inputmethod.smartisan/com.iflytek.inputmethod.FlyIME'
2019-04-21 09:26:14:497 - info: [debug] [ADB] Running 'E:\sdk\platform-tools\adb.exe -P 5037 -s 2116ca98 shell ime set com.iflytek.inputmethod.smartisan/com.iflytek.inputmethod.FlyIME'
2019-04-21 09:26:14:898 - info: [debug] [UiAutomator2] [UIAutomator2] io.appium.uiautomator2.server.test.AppiumUiAutomator2Server:.
2019-04-21 09:26:14:898 - info: [debug] [UiAutomator2] [UIAutomator2] Time: 64.038
2019-04-21 09:26:14:913 - info: [debug] [UiAutomator2] [UIAutomator2] OK (1 test)
2019-04-21 09:26:15:082 - info: [debug] [ADB] Running 'E:\sdk\platform-tools\adb.exe -P 5037 -s 2116ca98 shell am force-stop com.cy.patrol'
2019-04-21 09:26:15:669 - info: [debug] [Logcat] Stopping logcat capture
2019-04-21 09:26:15:685 - info: [debug] [ADB] Removing forwarded port socket connection: 8200 
2019-04-21 09:26:15:685 - info: [debug] [ADB] Running 'E:\sdk\platform-tools\adb.exe -P 5037 -s 2116ca98 forward --remove tcp\:8200'
