2019-04-21 08:49:25:086 - warn: [Appium] Appium support for versions of node < 8 has been deprecated and will be removed in a future version. Please upgrade!
2019-04-21 08:49:25:102 - info: [Appium] Welcome to Appium v1.8.1
2019-04-21 08:49:25:102 - info: [Appium] Non-default server args:
2019-04-21 08:49:25:102 - info: [Appium]   port: 4701
2019-04-21 08:49:25:102 - info: [Appium]   bootstrapPort: 4900
2019-04-21 08:49:25:102 - info: [Appium]   sessionOverride: true
2019-04-21 08:49:25:102 - info: [Appium]   log: D:/pythonProgram/Appium27/log/2116ca982019-04-21-16_49_22.log
2019-04-21 08:49:25:102 - info: [Appium]   udid: 2116ca98
2019-04-21 08:49:25:102 - info: [Appium]   noReset: true
2019-04-21 08:49:25:102 - warn: [Appium] Deprecated server args:
2019-04-21 08:49:25:102 - warn: [Appium]   -U,--udid => --default-capabilities '{"udid":"2116ca98"}'
2019-04-21 08:49:25:102 - warn: [Appium]   --no-reset => --default-capabilities '{"noReset":true}'
2019-04-21 08:49:25:102 - info: [Appium] Default capabilities, which will be added to each request unless overridden by desired capabilities:
2019-04-21 08:49:25:102 - info: [Appium]   udid: 2116ca98
2019-04-21 08:49:25:102 - info: [Appium]   noReset: true
2019-04-21 08:49:25:133 - info: [Appium] Appium REST http interface listener started on 0.0.0.0:4701
2019-04-21 08:49:43:254 - info: [HTTP] --> POST /wd/hub/session
2019-04-21 08:49:43:254 - info: [HTTP] {"capabilities":{"firstMatch":[{"appium:unicodeKeyboard":true,"appium:resetKeyboard":true,"appium:automationName":"uiautomator2","appium:app":"E:\\work\\appium\\xcry_appium/apk/ryxc.apk","appium:deviceName":"2116ca98","platformName":"Android"}]},"desiredCapabilities":{"deviceName":"2116ca98","unicodeKeyboard":true,"automationName":"uiautomator2","resetKeyboard":true,"platformName":"Android","app":"E:\\work\\appium\\xcry_appium/apk/ryxc.apk"}}
2019-04-21 08:49:43:254 - info: [debug] [MJSONWP] Calling AppiumDriver.createSession() with args: [{"deviceName":"2116ca98","unicodeKeyboard":true,"automationName":"uiautomator2","resetKeyboard":true,"platformName":"Android","app":"E:\\work\\appium\\xcry_appium/apk/ryxc.apk"},null,{"firstMatch":[{"appium:unicodeKeyboard":true,"appium:resetKeyboard":true,"appium:automationName":"uiautomator2","appium:app":"E:\\work\\appium\\xcry_appium/apk/ryxc.apk","appium:deviceName":"2116ca98","platformName":"Android"}]}]
2019-04-21 08:49:43:270 - info: [debug] [BaseDriver] Event 'newSessionRequested' logged at 1555836583270 (16:49:43 GMT+0800 (中国标准时间))
2019-04-21 08:49:43:270 - warn: [BaseDriver] The capabilities ["udid","noReset"] are not standard capabilities and should have an extension prefix
2019-04-21 08:49:43:270 - info: [Appium] Creating new AndroidUiautomator2Driver (v1.12.0) session
2019-04-21 08:49:43:270 - info: [Appium] Capabilities:
2019-04-21 08:49:43:270 - info: [Appium]   udid: 2116ca98
2019-04-21 08:49:43:270 - info: [Appium]   noReset: true
2019-04-21 08:49:43:270 - info: [Appium]   platformName: Android
2019-04-21 08:49:43:270 - info: [Appium]   unicodeKeyboard: true
2019-04-21 08:49:43:270 - info: [Appium]   resetKeyboard: true
2019-04-21 08:49:43:270 - info: [Appium]   automationName: uiautomator2
2019-04-21 08:49:43:270 - info: [Appium]   app: E:\work\appium\xcry_appium/apk/ryxc.apk
2019-04-21 08:49:43:270 - info: [Appium]   deviceName: 2116ca98
2019-04-21 08:49:43:270 - info: [debug] [BaseDriver] W3C capabilities {"alwaysMatch":{"appium:udi... and MJSONWP desired capabilities [object Object] were provided
2019-04-21 08:49:43:270 - info: [debug] [BaseDriver] Creating session with W3C capabilities: {"alwaysMatch":{"appium:udi...
2019-04-21 08:49:43:285 - info: [BaseDriver] Session created with session id: 7e378182-1635-46c4-975d-c0f644f5e7dc
2019-04-21 08:49:43:285 - info: [BaseDriver] Using local app 'E:\work\appium\xcry_appium/apk/ryxc.apk'
2019-04-21 08:49:43:285 - info: [debug] [UiAutomator2] Checking whether app is actually present
2019-04-21 08:49:43:707 - info: [debug] [AndroidDriver] Getting Java version
2019-04-21 08:49:44:697 - info: [AndroidDriver] Java version is: 1.8.0_151
2019-04-21 08:49:44:697 - info: [ADB] Checking whether adb is present
2019-04-21 08:49:44:713 - info: [ADB] Found 1 'build-tools' folders under 'E:\sdk' (newest first):
2019-04-21 08:49:44:713 - info: [ADB]     E:/sdk/build-tools/android-4.3
2019-04-21 08:49:44:713 - info: [ADB] Using adb.exe from E:\sdk\platform-tools\adb.exe
2019-04-21 08:49:44:713 - info: [AndroidDriver] Retrieving device list
2019-04-21 08:49:44:713 - info: [debug] [ADB] Trying to find a connected android device
2019-04-21 08:49:44:713 - info: [debug] [ADB] Getting connected devices...
2019-04-21 08:49:44:729 - info: [debug] [ADB] 1 device(s) connected
2019-04-21 08:49:44:729 - info: [AndroidDriver] Using device: 2116ca98
2019-04-21 08:49:44:729 - info: [debug] [ADB] Setting device id to 2116ca98
2019-04-21 08:49:44:729 - info: [debug] [ADB] Running 'E:\sdk\platform-tools\adb.exe -P 5037 -s 2116ca98 shell getprop ro.build.version.sdk'
2019-04-21 08:49:44:776 - info: [debug] [ADB] Current device property 'ro.build.version.sdk': 25
2019-04-21 08:49:44:776 - info: [debug] [ADB] Device API level: 25
2019-04-21 08:49:44:776 - info: [debug] [AndroidDriver] Parsing package and activity from app manifest
2019-04-21 08:49:44:776 - info: [ADB] Using the alternative activity name detection method because of: Could not find apkanalyzer.bat in E:\sdk\platform-tools\apkanalyzer.bat,E:\sdk\emulator\apkanalyzer.bat,E:\sdk\tools\apkanalyzer.bat,E:\sdk\tools\bin\apkanalyzer.bat,E:\sdk\build-tools\android-4.3\apkanalyzer.bat. Do you have the Android SDK installed at 'E:\sdk'?
2019-04-21 08:49:44:776 - info: [ADB] Checking whether aapt is present
2019-04-21 08:49:44:776 - info: [ADB] Using aapt.exe from E:\sdk\tools\aapt.exe
2019-04-21 08:49:44:776 - info: [ADB] Extracting package and launch activity from manifest
2019-04-21 08:49:44:854 - info: [ADB] Package name: 'com.cy.patrol'
2019-04-21 08:49:44:854 - info: [ADB] Main activity name: 'com.cy.patrol.act.LoadingAct'
2019-04-21 08:49:44:854 - info: [debug] [AndroidDriver] Parsed package and activity are: com.cy.patrol/com.cy.patrol.act.LoadingAct
2019-04-21 08:49:44:854 - info: [ADB] Getting device platform version
2019-04-21 08:49:44:854 - info: [debug] [ADB] Running 'E:\sdk\platform-tools\adb.exe -P 5037 -s 2116ca98 shell getprop ro.build.version.release'
2019-04-21 08:49:44:885 - info: [debug] [ADB] Current device property 'ro.build.version.release': 7.1.1
2019-04-21 08:49:44:885 - info: [debug] [ADB] Running 'E:\sdk\platform-tools\adb.exe -P 5037 -s 2116ca98 shell wm size'
2019-04-21 08:49:46:025 - info: [debug] [ADB] Running 'E:\sdk\platform-tools\adb.exe -P 5037 -s 2116ca98 shell wm density'
2019-04-21 08:49:46:588 - info: [debug] [ADB] Running 'E:\sdk\platform-tools\adb.exe -P 5037 -s 2116ca98 shell getprop ro.product.model'
2019-04-21 08:49:46:666 - info: [debug] [ADB] Current device property 'ro.product.model': OS103
2019-04-21 08:49:46:681 - info: [debug] [ADB] Running 'E:\sdk\platform-tools\adb.exe -P 5037 -s 2116ca98 shell getprop ro.product.manufacturer'
2019-04-21 08:49:46:744 - info: [debug] [ADB] Current device property 'ro.product.manufacturer': smartisan
2019-04-21 08:49:46:744 - info: [debug] [ADB] Device API level: 25
2019-04-21 08:49:46:744 - info: [debug] [ADB] Running 'E:\sdk\platform-tools\adb.exe -P 5037 -s 2116ca98 shell am force-stop io.appium.uiautomator2.server'
2019-04-21 08:49:47:306 - info: [debug] [ADB] Checking app cert for C:\Users\30280\AppData\Roaming\npm\node_modules\appium\node_modules\appium-uiautomator2-server\apks\appium-uiautomator2-server-v1.12.0.apk
2019-04-21 08:49:47:322 - warn: [ADB] Cannot use apksigner tool for signature verification. Defaulting to verify.jar. Original error: Could not find apksigner.bat in E:\sdk\platform-tools\apksigner.bat,E:\sdk\emulator\apksigner.bat,E:\sdk\tools\apksigner.bat,E:\sdk\tools\bin\apksigner.bat,E:\sdk\build-tools\android-4.3\apksigner.bat. Do you have the Android SDK installed at 'E:\sdk'?
2019-04-21 08:49:49:095 - info: [debug] [ADB] 'C:\Users\30280\AppData\Roaming\npm\node_modules\appium\node_modules\appium-uiautomator2-server\apks\appium-uiautomator2-server-v1.12.0.apk' is already signed.
2019-04-21 08:49:49:095 - info: [debug] [ADB] Checking app cert for C:\Users\30280\AppData\Roaming\npm\node_modules\appium\node_modules\appium-uiautomator2-server\apks\appium-uiautomator2-server-debug-androidTest.apk
2019-04-21 08:49:49:095 - warn: [ADB] Cannot use apksigner tool for signature verification. Defaulting to verify.jar. Original error: Could not find apksigner.bat in E:\sdk\platform-tools\apksigner.bat,E:\sdk\emulator\apksigner.bat,E:\sdk\tools\apksigner.bat,E:\sdk\tools\bin\apksigner.bat,E:\sdk\build-tools\android-4.3\apksigner.bat. Do you have the Android SDK installed at 'E:\sdk'?
2019-04-21 08:49:49:368 - info: [debug] [ADB] 'C:\Users\30280\AppData\Roaming\npm\node_modules\appium\node_modules\appium-uiautomator2-server\apks\appium-uiautomator2-server-debug-androidTest.apk' is already signed.
2019-04-21 08:49:49:368 - info: [debug] [ADB] Getting install status for io.appium.uiautomator2.server
2019-04-21 08:49:49:368 - info: [debug] [ADB] Running 'E:\sdk\platform-tools\adb.exe -P 5037 -s 2116ca98 shell pm list packages io.appium.uiautomator2.server'
2019-04-21 08:49:49:915 - info: [debug] [ADB] App is installed
2019-04-21 08:49:49:915 - info: [debug] [ADB] Getting package info for 'io.appium.uiautomator2.server'
2019-04-21 08:49:49:915 - info: [debug] [ADB] Running 'E:\sdk\platform-tools\adb.exe -P 5037 -s 2116ca98 shell dumpsys package io.appium.uiautomator2.server'
2019-04-21 08:49:50:040 - info: [debug] [ADB] The installed 'io.appium.uiautomator2.server' package does not require upgrade ('1.12.0' >= '1.12.0')
2019-04-21 08:49:50:055 - info: [debug] [ADB] Getting install status for io.appium.uiautomator2.server.test
2019-04-21 08:49:50:055 - info: [debug] [ADB] Running 'E:\sdk\platform-tools\adb.exe -P 5037 -s 2116ca98 shell pm list packages io.appium.uiautomator2.server.test'
2019-04-21 08:49:50:586 - info: [debug] [ADB] App is installed
2019-04-21 08:49:50:586 - info: [debug] [ADB] Getting package info for 'io.appium.uiautomator2.server.test'
2019-04-21 08:49:50:586 - info: [debug] [ADB] Running 'E:\sdk\platform-tools\adb.exe -P 5037 -s 2116ca98 shell dumpsys package io.appium.uiautomator2.server.test'
2019-04-21 08:49:50:727 - warn: [ADB] Cannot read version codes of 'C:\Users\30280\AppData\Roaming\npm\node_modules\appium\node_modules\appium-uiautomator2-server\apks\appium-uiautomator2-server-debug-androidTest.apk' and/or 'io.appium.uiautomator2.server.test'
2019-04-21 08:49:50:743 - warn: [ADB] Cannot read version names of 'C:\Users\30280\AppData\Roaming\npm\node_modules\appium\node_modules\appium-uiautomator2-server\apks\appium-uiautomator2-server-debug-androidTest.apk' and/or 'io.appium.uiautomator2.server.test'. Assuming correct app version is already installed
2019-04-21 08:49:50:743 - info: [debug] [UiAutomator2] Waiting up to 20000ms for instrumentation 'io.appium.uiautomator2.server.test/android.support.test.runner.AndroidJUnitRunner' to be available
2019-04-21 08:49:50:743 - info: [debug] [ADB] Running 'E:\sdk\platform-tools\adb.exe -P 5037 -s 2116ca98 shell pm list instrumentation'
2019-04-21 08:49:51:258 - info: [debug] [UiAutomator2] Instrumentation 'io.appium.uiautomator2.server.test/android.support.test.runner.AndroidJUnitRunner' available
2019-04-21 08:49:51:274 - info: [debug] [ADB] Running 'E:\sdk\platform-tools\adb.exe -P 5037 -s 2116ca98 wait-for-device'
2019-04-21 08:49:51:321 - info: [debug] [ADB] Running 'E:\sdk\platform-tools\adb.exe -P 5037 -s 2116ca98 shell echo ping'
2019-04-21 08:49:51:352 - info: [debug] [AndroidDriver] Pushing settings apk to device...
2019-04-21 08:49:51:352 - info: [debug] [ADB] Getting install status for io.appium.settings
2019-04-21 08:49:51:352 - info: [debug] [ADB] Running 'E:\sdk\platform-tools\adb.exe -P 5037 -s 2116ca98 shell pm list packages io.appium.settings'
2019-04-21 08:49:51:883 - info: [debug] [ADB] App is installed
2019-04-21 08:49:51:883 - info: [debug] [ADB] Getting package info for 'io.appium.settings'
2019-04-21 08:49:51:883 - info: [debug] [ADB] Running 'E:\sdk\platform-tools\adb.exe -P 5037 -s 2116ca98 shell dumpsys package io.appium.settings'
2019-04-21 08:49:51:992 - info: [debug] [ADB] The installed 'io.appium.settings' package does not require upgrade (13 > 5)
2019-04-21 08:49:51:992 - info: [debug] [ADB] Running 'E:\sdk\platform-tools\adb.exe -P 5037 -s 2116ca98 shell ps'
2019-04-21 08:49:52:133 - info: [debug] [ADB] Device API level: 25
2019-04-21 08:49:52:133 - info: [debug] [ADB] Running 'E:\sdk\platform-tools\adb.exe -P 5037 -s 2116ca98 shell am start -W -n io.appium.settings/.Settings -a android.intent.action.MAIN -c android.intent.category.LAUNCHER -f 0x10200000'
2019-04-21 08:49:53:070 - info: [debug] [ADB] Device API level: 25
2019-04-21 08:49:53:070 - info: [debug] [ADB] Running 'E:\sdk\platform-tools\adb.exe -P 5037 -s 2116ca98 shell appops set io.appium.settings android\:mock_location allow'
2019-04-21 08:49:53:180 - warn: [AndroidDriver] setDeviceLanguageCountry requires language or country.
2019-04-21 08:49:53:180 - warn: [AndroidDriver] Got language: 'null' and country: 'null'
2019-04-21 08:49:53:180 - info: [debug] [Logcat] Starting logcat capture
2019-04-21 08:49:53:242 - info: [debug] [AndroidDriver] Enabling Unicode keyboard support
2019-04-21 08:49:53:242 - info: [debug] [AndroidDriver] Pushing unicode ime to device...
2019-04-21 08:49:53:242 - info: [debug] [ADB] Running 'E:\sdk\platform-tools\adb.exe -P 5037 -s 2116ca98 install C\:\\Users\\30280\\AppData\\Roaming\\npm\\node_modules\\appium\\node_modules\\appium-android-ime\\bin\\UnicodeIME-debug.apk'
2019-04-21 08:49:54:226 - info: [debug] [ADB] Install command stdout: Failure [INSTALL_FAILED_ALREADY_EXISTS: Attempt to re-install io.appium.android.ime without first uninstalling.]
2019-04-21 08:49:54:226 - info: [debug] [ADB] Application 'C:\Users\30280\AppData\Roaming\npm\node_modules\appium\node_modules\appium-android-ime\bin\UnicodeIME-debug.apk' already installed. Continuing.
2019-04-21 08:49:54:226 - info: [debug] [ADB] Running 'E:\sdk\platform-tools\adb.exe -P 5037 -s 2116ca98 shell settings get secure default_input_method'
2019-04-21 08:49:54:757 - info: [debug] [AndroidDriver] Unsetting previous IME com.iflytek.inputmethod.smartisan/com.iflytek.inputmethod.FlyIME
2019-04-21 08:49:54:757 - info: [debug] [AndroidDriver] Setting IME to 'io.appium.android.ime/.UnicodeIME'
2019-04-21 08:49:54:757 - info: [debug] [ADB] Running 'E:\sdk\platform-tools\adb.exe -P 5037 -s 2116ca98 shell ime enable io.appium.android.ime/.UnicodeIME'
2019-04-21 08:49:55:320 - info: [debug] [ADB] Running 'E:\sdk\platform-tools\adb.exe -P 5037 -s 2116ca98 shell ime set io.appium.android.ime/.UnicodeIME'
2019-04-21 08:49:55:913 - info: [debug] [AndroidDriver] Pushing unlock helper app to device...
2019-04-21 08:49:55:913 - info: [debug] [ADB] Getting install status for io.appium.unlock
2019-04-21 08:49:55:913 - info: [debug] [ADB] Running 'E:\sdk\platform-tools\adb.exe -P 5037 -s 2116ca98 shell pm list packages io.appium.unlock'
2019-04-21 08:49:56:491 - info: [debug] [ADB] App is installed
2019-04-21 08:49:56:491 - info: [debug] [ADB] Getting package info for 'io.appium.unlock'
2019-04-21 08:49:56:491 - info: [debug] [ADB] Running 'E:\sdk\platform-tools\adb.exe -P 5037 -s 2116ca98 shell dumpsys package io.appium.unlock'
2019-04-21 08:49:56:648 - info: [debug] [ADB] The installed 'io.appium.unlock' package does not require upgrade ('2.0.0' >= '2.0.0')
2019-04-21 08:49:56:663 - info: [debug] [UiAutomator2] Forwarding UiAutomator2 Server port 6790 to 8200
2019-04-21 08:49:56:663 - info: [debug] [ADB] Forwarding system: 8200 to device: 6790
2019-04-21 08:49:56:663 - info: [debug] [ADB] Running 'E:\sdk\platform-tools\adb.exe -P 5037 -s 2116ca98 forward tcp\:8200 tcp\:6790'
2019-04-21 08:49:56:710 - info: [debug] [ADB] Running 'E:\sdk\platform-tools\adb.exe -P 5037 -s 2116ca98 shell rm -rf /data/local/tmp/strings.json'
2019-04-21 08:49:56:757 - info: [debug] [AndroidDriver] Extracting strings from apk
2019-04-21 08:49:56:757 - info: [debug] [AndroidDriver] E:\work\appium\xcry_appium/apk/ryxc.apk
2019-04-21 08:49:56:757 - info: [debug] [AndroidDriver] null
2019-04-21 08:49:56:757 - info: [debug] [AndroidDriver] C:\Users\30280\AppData\Local\Temp\com.cy.patrol
2019-04-21 08:49:56:757 - info: [debug] [ADB] Extracting strings for language: default
2019-04-21 08:49:56:929 - info: [ADB] Successfully extracted 498 strings from 'E:\work\appium\xcry_appium/apk/ryxc.apk' resources for '(default)' configuration
2019-04-21 08:49:56:944 - info: [debug] [ADB] Running 'E:\sdk\platform-tools\adb.exe -P 5037 -s 2116ca98 push C\:\\Users\\30280\\AppData\\Local\\Temp\\com.cy.patrol\\strings.json /data/local/tmp'
2019-04-21 08:49:56:976 - info: [debug] [ADB] Checking app cert for E:\work\appium\xcry_appium/apk/ryxc.apk
2019-04-21 08:49:56:976 - warn: [ADB] Cannot use apksigner tool for signature verification. Defaulting to verify.jar. Original error: Could not find apksigner.bat in E:\sdk\platform-tools\apksigner.bat,E:\sdk\emulator\apksigner.bat,E:\sdk\tools\apksigner.bat,E:\sdk\tools\bin\apksigner.bat,E:\sdk\build-tools\android-4.3\apksigner.bat. Do you have the Android SDK installed at 'E:\sdk'?
2019-04-21 08:49:57:181 - info: [debug] [ADB] 'E:\work\appium\xcry_appium/apk/ryxc.apk' is not signed with debug cert.
2019-04-21 08:49:57:197 - info: [debug] [ADB] Signing 'E:\work\appium\xcry_appium/apk/ryxc.apk' with default cert
2019-04-21 08:49:57:197 - warn: [ADB] Cannot use apksigner tool for signing. Defaulting to sign.jar. Original error: Could not find apksigner.bat in E:\sdk\platform-tools\apksigner.bat,E:\sdk\emulator\apksigner.bat,E:\sdk\tools\apksigner.bat,E:\sdk\tools\bin\apksigner.bat,E:\sdk\build-tools\android-4.3\apksigner.bat. Do you have the Android SDK installed at 'E:\sdk'?
2019-04-21 08:49:57:197 - info: [debug] [ADB] Resigning apk.
2019-04-21 08:50:04:101 - info: [debug] [ADB] Zip-aligning 'E:\work\appium\xcry_appium/apk/ryxc.apk'
2019-04-21 08:50:04:101 - info: [ADB] Checking whether zipalign is present
2019-04-21 08:50:04:101 - info: [ADB] Using zipalign.exe from E:\sdk\tools\zipalign.exe
2019-04-21 08:50:04:273 - info: [debug] [ADB] Getting install status for com.cy.patrol
2019-04-21 08:50:04:273 - info: [debug] [ADB] Running 'E:\sdk\platform-tools\adb.exe -P 5037 -s 2116ca98 shell pm list packages com.cy.patrol'
2019-04-21 08:50:04:804 - info: [debug] [ADB] App is not installed
2019-04-21 08:50:04:804 - info: [debug] [ADB] App 'E:\work\appium\xcry_appium/apk/ryxc.apk' not installed. Installing
2019-04-21 08:50:04:804 - info: [debug] [ADB] Running 'E:\sdk\platform-tools\adb.exe -P 5037 -s 2116ca98 install E\:\\work\\appium\\xcry_appium/apk/ryxc.apk'
2019-04-21 08:50:29:689 - info: [debug] [ADB] Install command stdout: Success
2019-04-21 08:50:29:689 - info: [debug] [ADB] Running 'E:\sdk\platform-tools\adb.exe -P 5037 -s 2116ca98 shell am force-stop io.appium.uiautomator2.server'
2019-04-21 08:50:30:579 - info: [UiAutomator2] Starting uiautomator2 server 1.12.0
2019-04-21 08:50:30:579 - info: [UiAutomator2] Using UIAutomator2 server from 'C:\Users\30280\AppData\Roaming\npm\node_modules\appium\node_modules\appium-uiautomator2-server\apks\appium-uiautomator2-server-v1.12.0.apk' and test from 'C:\Users\30280\AppData\Roaming\npm\node_modules\appium\node_modules\appium-uiautomator2-server\apks\appium-uiautomator2-server-debug-androidTest.apk'
2019-04-21 08:50:30:579 - info: [UiAutomator2] Running command: 'adb -s 2116ca98 shell am instrument -w io.appium.uiautomator2.server.test/android.support.test.runner.AndroidJUnitRunner'
2019-04-21 08:50:30:579 - info: [UiAutomator2] Waiting up to 20000ms for UiAutomator2 to be online...
2019-04-21 08:50:30:579 - info: [debug] [JSONWP Proxy] Proxying [GET /status] to [GET http://localhost:8200/wd/hub/status] with no body
2019-04-21 08:50:31:642 - info: [debug] [JSONWP Proxy] Proxying [GET /status] to [GET http://localhost:8200/wd/hub/status] with no body
2019-04-21 08:50:32:657 - info: [debug] [JSONWP Proxy] Proxying [GET /status] to [GET http://localhost:8200/wd/hub/status] with no body
2019-04-21 08:50:33:673 - info: [debug] [JSONWP Proxy] Proxying [GET /status] to [GET http://localhost:8200/wd/hub/status] with no body
2019-04-21 08:50:34:688 - info: [debug] [JSONWP Proxy] Proxying [GET /status] to [GET http://localhost:8200/wd/hub/status] with no body
2019-04-21 08:50:35:703 - info: [debug] [JSONWP Proxy] Proxying [GET /status] to [GET http://localhost:8200/wd/hub/status] with no body
2019-04-21 08:50:35:766 - info: [debug] [JSONWP Proxy] Got response with status 200: "{\"sessionId\":\"SESSIONID\",\"status\":0,\"value\":\"Status Invoked\"}"
2019-04-21 08:50:35:766 - info: [debug] [JSONWP Proxy] Proxying [POST /session] to [POST http://localhost:8200/wd/hub/session] with body: {"desiredCapabilities":{"platform":"LINUX","webStorageEnabled":false,"takesScreenshot":true,"javascriptEnabled":true,"databaseEnabled":false,"networkConnectionEnabled":true,"locationContextEnabled":false,"warnings":{},"desired":{"platformName":"Android","udid":"2116ca98","noReset":true,"unicodeKeyboard":true,"resetKeyboard":true,"automationName":"uiautomator2","app":"E:\\work\\appium\\xcry_appium/apk/ryxc.apk","deviceName":"2116ca98"},"platformName":"Android","udid":"2116ca98","noReset":true,"unicodeKeyboard":true,"resetKeyboard":true,"automationName":"uiautomator2","app":"E:\\work\\appium\\xcry_appium/apk/ryxc.apk","deviceName":"2116ca98","deviceUDID":"2116ca98","platformVersion":"7.1.1","deviceScreenSize":"1080x2160","deviceScreenDensity":400,"deviceModel":"OS103","deviceManufacturer":"smartisan","deviceApiLevel":25,"appPackage":"com.cy.patrol"}}
2019-04-21 08:50:35:797 - info: [debug] [JSONWP Proxy] Got response with status 200: {"sessionId":"6219a93c-1801-4df0-add4-8b7539ea03f7","status":0,"value":"Created Session"}
2019-04-21 08:50:35:797 - info: [debug] [ADB] Running 'E:\sdk\platform-tools\adb.exe -P 5037 -s 2116ca98 shell dumpsys window'
2019-04-21 08:50:36:000 - info: [AndroidDriver] Screen already unlocked, doing nothing
2019-04-21 08:50:36:000 - info: [UiAutomator2] UiAutomator2 did not start the activity we were waiting for, 'com.cy.patrol/com.cy.patrol.act.LoadingAct'. Starting it ourselves
2019-04-21 08:50:36:000 - info: [debug] [ADB] Device API level: 25
2019-04-21 08:50:36:000 - info: [debug] [ADB] Running 'E:\sdk\platform-tools\adb.exe -P 5037 -s 2116ca98 shell am start -W -n com.cy.patrol/com.cy.patrol.act.LoadingAct -S -a android.intent.action.MAIN -c android.intent.category.LAUNCHER -f 0x10200000'
2019-04-21 08:50:39:327 - info: [debug] [ADB] Waiting up to 20000ms for activity matching pkg: 'com.cy.patrol' and activity: 'com.cy.patrol.act.LoadingAct' to be focused
2019-04-21 08:50:39:327 - info: [debug] [ADB] Possible activities, to be checked: 'com.cy.patrol.act.LoadingAct', 'com.cy.patrol.com.cy.patrol.act.LoadingAct'
2019-04-21 08:50:39:343 - info: [debug] [ADB] Getting focused package and activity
2019-04-21 08:50:39:343 - info: [debug] [ADB] Running 'E:\sdk\platform-tools\adb.exe -P 5037 -s 2116ca98 shell dumpsys window windows'
2019-04-21 08:50:39:499 - info: [debug] [ADB] Found package: 'com.cy.patrol' and fully qualified activity name : 'com.cy.patrol.act.LoginAct'
2019-04-21 08:50:39:499 - info: [debug] [ADB] Incorrect package and activity. Retrying.
2019-04-21 08:50:40:265 - info: [debug] [ADB] Getting focused package and activity
2019-04-21 08:50:40:265 - info: [debug] [ADB] Running 'E:\sdk\platform-tools\adb.exe -P 5037 -s 2116ca98 shell dumpsys window windows'
2019-04-21 08:50:40:389 - info: [debug] [ADB] Found package: 'com.cy.patrol' and fully qualified activity name : 'com.cy.patrol.act.LoginAct'
2019-04-21 08:50:40:389 - info: [debug] [ADB] Incorrect package and activity. Retrying.
2019-04-21 08:50:41:155 - info: [debug] [ADB] Getting focused package and activity
2019-04-21 08:50:41:155 - info: [debug] [ADB] Running 'E:\sdk\platform-tools\adb.exe -P 5037 -s 2116ca98 shell dumpsys window windows'
2019-04-21 08:50:41:280 - info: [debug] [ADB] Found package: 'com.cy.patrol' and fully qualified activity name : 'com.cy.patrol.act.LoginAct'
2019-04-21 08:50:41:280 - info: [debug] [ADB] Incorrect package and activity. Retrying.
2019-04-21 08:50:42:046 - info: [debug] [ADB] Getting focused package and activity
2019-04-21 08:50:42:046 - info: [debug] [ADB] Running 'E:\sdk\platform-tools\adb.exe -P 5037 -s 2116ca98 shell dumpsys window windows'
2019-04-21 08:50:42:186 - info: [debug] [ADB] Found package: 'com.cy.patrol' and fully qualified activity name : 'com.cy.patrol.act.LoginAct'
2019-04-21 08:50:42:186 - info: [debug] [ADB] Incorrect package and activity. Retrying.
2019-04-21 08:50:42:952 - info: [debug] [ADB] Getting focused package and activity
2019-04-21 08:50:42:952 - info: [debug] [ADB] Running 'E:\sdk\platform-tools\adb.exe -P 5037 -s 2116ca98 shell dumpsys window windows'
2019-04-21 08:50:43:092 - info: [debug] [ADB] Found package: 'com.cy.patrol' and fully qualified activity name : 'com.cy.patrol.act.LoginAct'
2019-04-21 08:50:43:092 - info: [debug] [ADB] Incorrect package and activity. Retrying.
2019-04-21 08:50:43:858 - info: [debug] [ADB] Getting focused package and activity
2019-04-21 08:50:43:858 - info: [debug] [ADB] Running 'E:\sdk\platform-tools\adb.exe -P 5037 -s 2116ca98 shell dumpsys window windows'
2019-04-21 08:50:43:967 - info: [debug] [ADB] Found package: 'com.cy.patrol' and fully qualified activity name : 'com.cy.patrol.act.LoginAct'
2019-04-21 08:50:43:967 - info: [debug] [ADB] Incorrect package and activity. Retrying.
2019-04-21 08:50:44:732 - info: [debug] [ADB] Getting focused package and activity
2019-04-21 08:50:44:732 - info: [debug] [ADB] Running 'E:\sdk\platform-tools\adb.exe -P 5037 -s 2116ca98 shell dumpsys window windows'
2019-04-21 08:50:44:842 - info: [debug] [ADB] Found package: 'com.cy.patrol' and fully qualified activity name : 'com.cy.patrol.act.LoginAct'
2019-04-21 08:50:44:842 - info: [debug] [ADB] Incorrect package and activity. Retrying.
2019-04-21 08:50:45:607 - info: [debug] [ADB] Getting focused package and activity
2019-04-21 08:50:45:607 - info: [debug] [ADB] Running 'E:\sdk\platform-tools\adb.exe -P 5037 -s 2116ca98 shell dumpsys window windows'
2019-04-21 08:50:45:716 - info: [debug] [ADB] Found package: 'com.cy.patrol' and fully qualified activity name : 'com.cy.patrol.act.LoginAct'
2019-04-21 08:50:45:716 - info: [debug] [ADB] Incorrect package and activity. Retrying.
2019-04-21 08:50:46:482 - info: [debug] [ADB] Getting focused package and activity
2019-04-21 08:50:46:482 - info: [debug] [ADB] Running 'E:\sdk\platform-tools\adb.exe -P 5037 -s 2116ca98 shell dumpsys window windows'
2019-04-21 08:50:46:591 - info: [debug] [ADB] Found package: 'com.cy.patrol' and fully qualified activity name : 'com.cy.patrol.act.LoginAct'
2019-04-21 08:50:46:591 - info: [debug] [ADB] Incorrect package and activity. Retrying.
2019-04-21 08:50:47:357 - info: [debug] [ADB] Getting focused package and activity
2019-04-21 08:50:47:357 - info: [debug] [ADB] Running 'E:\sdk\platform-tools\adb.exe -P 5037 -s 2116ca98 shell dumpsys window windows'
2019-04-21 08:50:47:466 - info: [debug] [ADB] Found package: 'com.cy.patrol' and fully qualified activity name : 'com.cy.patrol.act.LoginAct'
2019-04-21 08:50:47:466 - info: [debug] [ADB] Incorrect package and activity. Retrying.
2019-04-21 08:50:48:247 - info: [debug] [ADB] Getting focused package and activity
2019-04-21 08:50:48:247 - info: [debug] [ADB] Running 'E:\sdk\platform-tools\adb.exe -P 5037 -s 2116ca98 shell dumpsys window windows'
2019-04-21 08:50:48:341 - info: [debug] [ADB] Found package: 'com.cy.patrol' and fully qualified activity name : 'com.cy.patrol.act.LoginAct'
2019-04-21 08:50:48:341 - info: [debug] [ADB] Incorrect package and activity. Retrying.
2019-04-21 08:50:49:106 - info: [debug] [ADB] Getting focused package and activity
2019-04-21 08:50:49:106 - info: [debug] [ADB] Running 'E:\sdk\platform-tools\adb.exe -P 5037 -s 2116ca98 shell dumpsys window windows'
2019-04-21 08:50:49:247 - info: [debug] [ADB] Found package: 'com.cy.patrol' and fully qualified activity name : 'com.cy.patrol.act.LoginAct'
2019-04-21 08:50:49:247 - info: [debug] [ADB] Incorrect package and activity. Retrying.
2019-04-21 08:50:50:012 - info: [debug] [ADB] Getting focused package and activity
2019-04-21 08:50:50:012 - info: [debug] [ADB] Running 'E:\sdk\platform-tools\adb.exe -P 5037 -s 2116ca98 shell dumpsys window windows'
2019-04-21 08:50:50:106 - info: [debug] [ADB] Found package: 'com.cy.patrol' and fully qualified activity name : 'com.cy.patrol.act.LoginAct'
2019-04-21 08:50:50:106 - info: [debug] [ADB] Incorrect package and activity. Retrying.
2019-04-21 08:50:50:872 - info: [debug] [ADB] Getting focused package and activity
2019-04-21 08:50:50:872 - info: [debug] [ADB] Running 'E:\sdk\platform-tools\adb.exe -P 5037 -s 2116ca98 shell dumpsys window windows'
2019-04-21 08:50:50:981 - info: [debug] [ADB] Found package: 'com.cy.patrol' and fully qualified activity name : 'com.cy.patrol.act.LoginAct'
2019-04-21 08:50:50:981 - info: [debug] [ADB] Incorrect package and activity. Retrying.
2019-04-21 08:50:51:746 - info: [debug] [ADB] Getting focused package and activity
2019-04-21 08:50:51:746 - info: [debug] [ADB] Running 'E:\sdk\platform-tools\adb.exe -P 5037 -s 2116ca98 shell dumpsys window windows'
2019-04-21 08:50:51:871 - info: [debug] [ADB] Found package: 'com.cy.patrol' and fully qualified activity name : 'com.cy.patrol.act.LoginAct'
2019-04-21 08:50:51:871 - info: [debug] [ADB] Incorrect package and activity. Retrying.
2019-04-21 08:50:52:637 - info: [debug] [ADB] Getting focused package and activity
2019-04-21 08:50:52:637 - info: [debug] [ADB] Running 'E:\sdk\platform-tools\adb.exe -P 5037 -s 2116ca98 shell dumpsys window windows'
2019-04-21 08:50:52:762 - info: [debug] [ADB] Found package: 'com.cy.patrol' and fully qualified activity name : 'com.cy.patrol.act.LoginAct'
2019-04-21 08:50:52:762 - info: [debug] [ADB] Incorrect package and activity. Retrying.
2019-04-21 08:50:53:527 - info: [debug] [ADB] Getting focused package and activity
2019-04-21 08:50:53:527 - info: [debug] [ADB] Running 'E:\sdk\platform-tools\adb.exe -P 5037 -s 2116ca98 shell dumpsys window windows'
2019-04-21 08:50:53:636 - info: [debug] [ADB] Found package: 'com.cy.patrol' and fully qualified activity name : 'com.cy.patrol.act.LoginAct'
2019-04-21 08:50:53:636 - info: [debug] [ADB] Incorrect package and activity. Retrying.
2019-04-21 08:50:54:386 - info: [debug] [ADB] Getting focused package and activity
2019-04-21 08:50:54:386 - info: [debug] [ADB] Running 'E:\sdk\platform-tools\adb.exe -P 5037 -s 2116ca98 shell dumpsys window windows'
2019-04-21 08:50:54:527 - info: [debug] [ADB] Found package: 'com.cy.patrol' and fully qualified activity name : 'com.cy.patrol.act.LoginAct'
2019-04-21 08:50:54:527 - info: [debug] [ADB] Incorrect package and activity. Retrying.
2019-04-21 08:50:55:292 - info: [debug] [ADB] Getting focused package and activity
2019-04-21 08:50:55:292 - info: [debug] [ADB] Running 'E:\sdk\platform-tools\adb.exe -P 5037 -s 2116ca98 shell dumpsys window windows'
2019-04-21 08:50:55:433 - info: [debug] [ADB] Found package: 'com.cy.patrol' and fully qualified activity name : 'com.cy.patrol.act.LoginAct'
2019-04-21 08:50:55:433 - info: [debug] [ADB] Incorrect package and activity. Retrying.
2019-04-21 08:50:56:198 - info: [debug] [ADB] Getting focused package and activity
2019-04-21 08:50:56:198 - info: [debug] [ADB] Running 'E:\sdk\platform-tools\adb.exe -P 5037 -s 2116ca98 shell dumpsys window windows'
2019-04-21 08:50:56:276 - info: [debug] [ADB] Found package: 'com.cy.patrol' and fully qualified activity name : 'com.cy.patrol.act.LoginAct'
2019-04-21 08:50:56:276 - info: [debug] [ADB] Incorrect package and activity. Retrying.
2019-04-21 08:50:57:042 - info: [debug] [ADB] Getting focused package and activity
2019-04-21 08:50:57:042 - info: [debug] [ADB] Running 'E:\sdk\platform-tools\adb.exe -P 5037 -s 2116ca98 shell dumpsys window windows'
2019-04-21 08:50:57:167 - info: [debug] [ADB] Found package: 'com.cy.patrol' and fully qualified activity name : 'com.cy.patrol.act.LoginAct'
2019-04-21 08:50:57:167 - info: [debug] [ADB] Incorrect package and activity. Retrying.
2019-04-21 08:50:57:932 - info: [debug] [ADB] Getting focused package and activity
2019-04-21 08:50:57:932 - info: [debug] [ADB] Running 'E:\sdk\platform-tools\adb.exe -P 5037 -s 2116ca98 shell dumpsys window windows'
2019-04-21 08:50:58:042 - info: [debug] [ADB] Found package: 'com.cy.patrol' and fully qualified activity name : 'com.cy.patrol.act.LoginAct'
2019-04-21 08:50:58:042 - info: [debug] [ADB] Incorrect package and activity. Retrying.
2019-04-21 08:50:58:807 - info: [debug] [ADB] Getting focused package and activity
2019-04-21 08:50:58:807 - info: [debug] [ADB] Running 'E:\sdk\platform-tools\adb.exe -P 5037 -s 2116ca98 shell dumpsys window windows'
2019-04-21 08:50:58:932 - info: [debug] [ADB] Found package: 'com.cy.patrol' and fully qualified activity name : 'com.cy.patrol.act.LoginAct'
2019-04-21 08:50:58:932 - info: [debug] [ADB] Incorrect package and activity. Retrying.
2019-04-21 08:50:59:682 - info: [debug] [ADB] Getting focused package and activity
2019-04-21 08:50:59:682 - info: [debug] [ADB] Running 'E:\sdk\platform-tools\adb.exe -P 5037 -s 2116ca98 shell dumpsys window windows'
2019-04-21 08:50:59:807 - info: [debug] [ADB] Found package: 'com.cy.patrol' and fully qualified activity name : 'com.cy.patrol.act.LoginAct'
2019-04-21 08:50:59:807 - info: [debug] [ADB] Incorrect package and activity. Retrying.
2019-04-21 08:51:00:572 - info: [debug] [ADB] Getting focused package and activity
2019-04-21 08:51:00:572 - info: [debug] [ADB] Running 'E:\sdk\platform-tools\adb.exe -P 5037 -s 2116ca98 shell dumpsys window windows'
2019-04-21 08:51:00:697 - info: [debug] [ADB] Found package: 'com.cy.patrol' and fully qualified activity name : 'com.cy.patrol.act.LoginAct'
2019-04-21 08:51:00:697 - info: [debug] [ADB] Incorrect package and activity. Retrying.
2019-04-21 08:51:01:463 - info: [debug] [ADB] Getting focused package and activity
2019-04-21 08:51:01:463 - info: [debug] [ADB] Running 'E:\sdk\platform-tools\adb.exe -P 5037 -s 2116ca98 shell dumpsys window windows'
2019-04-21 08:51:01:572 - info: [debug] [ADB] Found package: 'com.cy.patrol' and fully qualified activity name : 'com.cy.patrol.act.LoginAct'
2019-04-21 08:51:01:572 - info: [debug] [ADB] Incorrect package and activity. Retrying.
2019-04-21 08:51:01:572 - info: [debug] [UiAutomator2] Deleting UiAutomator2 session
2019-04-21 08:51:01:572 - info: [debug] [UiAutomator2] Deleting UiAutomator2 server session
2019-04-21 08:51:01:572 - info: [debug] [JSONWP Proxy] Proxying [DELETE /] to [DELETE http://localhost:8200/wd/hub/session/6219a93c-1801-4df0-add4-8b7539ea03f7] with no body
2019-04-21 08:51:01:697 - info: [debug] [JSONWP Proxy] Got response with status 200: "{\"sessionId\":\"6219a93c-1801-4df0-add4-8b7539ea03f7\",\"status\":0,\"value\":\"Session deleted\"}"
2019-04-21 08:51:01:713 - info: [debug] [UiAutomator2] Resetting IME to 'com.iflytek.inputmethod.smartisan/com.iflytek.inputmethod.FlyIME'
2019-04-21 08:51:01:713 - info: [debug] [ADB] Running 'E:\sdk\platform-tools\adb.exe -P 5037 -s 2116ca98 shell ime set com.iflytek.inputmethod.smartisan/com.iflytek.inputmethod.FlyIME'
2019-04-21 08:51:02:462 - info: [debug] [UiAutomator2] [UIAutomator2] io.appium.uiautomator2.server.test.AppiumUiAutomator2Server:.
2019-04-21 08:51:02:462 - info: [debug] [UiAutomator2] [UIAutomator2] Time: 28.171
2019-04-21 08:51:02:462 - info: [debug] [UiAutomator2] [UIAutomator2] OK (1 test)
2019-04-21 08:51:02:462 - info: [debug] [ADB] Running 'E:\sdk\platform-tools\adb.exe -P 5037 -s 2116ca98 shell am force-stop com.cy.patrol'
2019-04-21 08:51:03:415 - info: [debug] [Logcat] Stopping logcat capture
2019-04-21 08:51:03:415 - info: [debug] [ADB] Removing forwarded port socket connection: 8200 
2019-04-21 08:51:03:415 - info: [debug] [ADB] Running 'E:\sdk\platform-tools\adb.exe -P 5037 -s 2116ca98 forward --remove tcp\:8200'
2019-04-21 08:51:03:462 - info: [debug] [BaseDriver] Event 'newSessionStarted' logged at 1555836663462 (16:51:03 GMT+0800 (中国标准时间))
2019-04-21 08:51:03:478 - error: [W3C] Encountered internal error running command: Error: Cannot start the 'com.cy.patrol' application. Original error: 'com.cy.patrol.act.LoadingAct' or 'com.cy.patrol.com.cy.patrol.act.LoadingAct' never started
2019-04-21 08:51:03:478 - error: [W3C]     at ADB.callee$0$0$ (C:\Users\30280\AppData\Roaming\npm\node_modules\appium\node_modules\appium-adb\lib\tools\apk-utils.js:125:11)
2019-04-21 08:51:03:478 - error: [W3C]     at tryCatch (C:\Users\30280\AppData\Roaming\npm\node_modules\appium\node_modules\babel-runtime\regenerator\runtime.js:67:40)
2019-04-21 08:51:03:478 - error: [W3C]     at GeneratorFunctionPrototype.invoke [as _invoke] (C:\Users\30280\AppData\Roaming\npm\node_modules\appium\node_modules\babel-runtime\regenerator\runtime.js:315:22)
2019-04-21 08:51:03:478 - error: [W3C]     at GeneratorFunctionPrototype.prototype.(anonymous function) [as throw] (C:\Users\30280\AppData\Roaming\npm\node_modules\appium\node_modules\babel-runtime\regenerator\runtime.js:100:21)
2019-04-21 08:51:03:478 - error: [W3C]     at GeneratorFunctionPrototype.invoke (C:\Users\30280\AppData\Roaming\npm\node_modules\appium\node_modules\babel-runtime\regenerator\runtime.js:136:37)
2019-04-21 08:51:03:493 - info: [HTTP] <-- POST /wd/hub/session 500 80233 ms - 1560
2019-04-21 08:51:03:493 - info: [HTTP] 
