2019-04-21 10:29:18:564 - warn: [Appium] Appium support for versions of node < 8 has been deprecated and will be removed in a future version. Please upgrade!
2019-04-21 10:29:18:579 - info: [Appium] Welcome to Appium v1.8.1
2019-04-21 10:29:18:580 - info: [Appium] Non-default server args:
2019-04-21 10:29:18:580 - info: [Appium]   port: 4700
2019-04-21 10:29:18:580 - info: [Appium]   bootstrapPort: 4900
2019-04-21 10:29:18:581 - info: [Appium]   sessionOverride: true
2019-04-21 10:29:18:581 - info: [Appium]   log: D:/pythonProgram/Appium27/log/2116ca982019-04-21-18_29_16.log
2019-04-21 10:29:18:581 - info: [Appium]   udid: 2116ca98
2019-04-21 10:29:18:581 - info: [Appium]   noReset: true
2019-04-21 10:29:18:582 - warn: [Appium] Deprecated server args:
2019-04-21 10:29:18:582 - warn: [Appium]   -U,--udid => --default-capabilities '{"udid":"2116ca98"}'
2019-04-21 10:29:18:582 - warn: [Appium]   --no-reset => --default-capabilities '{"noReset":true}'
2019-04-21 10:29:18:582 - info: [Appium] Default capabilities, which will be added to each request unless overridden by desired capabilities:
2019-04-21 10:29:18:582 - info: [Appium]   udid: 2116ca98
2019-04-21 10:29:18:582 - info: [Appium]   noReset: true
2019-04-21 10:29:18:622 - info: [Appium] Appium REST http interface listener started on 0.0.0.0:4700
2019-04-21 10:29:36:773 - info: [HTTP] --> POST /wd/hub/session
2019-04-21 10:29:36:774 - info: [HTTP] {"capabilities":{"firstMatch":[{"appium:unicodeKeyboard":true,"appium:resetKeyboard":true,"appium:appWaitActivity":"com.cy.patrol.act.LoginAct","appium:automationName":"uiautomator2","appium:app":"E:\\work\\appium\\xcry_appium/apk/ryxc.apk","appium:deviceName":"2116ca98","platformName":"Android"}]},"desiredCapabilities":{"deviceName":"2116ca98","unicodeKeyboard":true,"app":"E:\\work\\appium\\xcry_appium/apk/ryxc.apk","appWaitActivity":"com.cy.patrol.act.LoginAct","resetKeyboard":true,"platformName":"Android","automationName":"uiautomator2"}}
2019-04-21 10:29:36:776 - info: [debug] [MJSONWP] Calling AppiumDriver.createSession() with args: [{"deviceName":"2116ca98","unicodeKeyboard":true,"app":"E:\\work\\appium\\xcry_appium/apk/ryxc.apk","appWaitActivity":"com.cy.patrol.act.LoginAct","resetKeyboard":true,"platformName":"Android","automationName":"uiautomator2"},null,{"firstMatch":[{"appium:unicodeKeyboard":true,"appium:resetKeyboard":true,"appium:appWaitActivity":"com.cy.patrol.act.LoginAct","appium:automationName":"uiautomator2","appium:app":"E:\\work\\appium\\xcry_appium/apk/ryxc.apk","appium:deviceName":"2116ca98","platformName":"Android"}]}]
2019-04-21 10:29:36:777 - info: [debug] [BaseDriver] Event 'newSessionRequested' logged at 1555842576777 (18:29:36 GMT+0800 (中国标准时间))
2019-04-21 10:29:36:780 - warn: [BaseDriver] The capabilities ["udid","noReset"] are not standard capabilities and should have an extension prefix
2019-04-21 10:29:36:785 - info: [Appium] Creating new AndroidUiautomator2Driver (v1.12.0) session
2019-04-21 10:29:36:785 - info: [Appium] Capabilities:
2019-04-21 10:29:36:785 - info: [Appium]   udid: 2116ca98
2019-04-21 10:29:36:785 - info: [Appium]   noReset: true
2019-04-21 10:29:36:785 - info: [Appium]   platformName: Android
2019-04-21 10:29:36:785 - info: [Appium]   unicodeKeyboard: true
2019-04-21 10:29:36:785 - info: [Appium]   resetKeyboard: true
2019-04-21 10:29:36:785 - info: [Appium]   appWaitActivity: com.cy.patrol.act.LoginAct
2019-04-21 10:29:36:786 - info: [Appium]   automationName: uiautomator2
2019-04-21 10:29:36:786 - info: [Appium]   app: E:\work\appium\xcry_appium/apk/ryxc.apk
2019-04-21 10:29:36:786 - info: [Appium]   deviceName: 2116ca98
2019-04-21 10:29:36:790 - info: [debug] [BaseDriver] W3C capabilities {"alwaysMatch":{"appium:udi... and MJSONWP desired capabilities [object Object] were provided
2019-04-21 10:29:36:790 - info: [debug] [BaseDriver] Creating session with W3C capabilities: {"alwaysMatch":{"appium:udi...
2019-04-21 10:29:36:810 - info: [BaseDriver] Session created with session id: 3ba097ce-4cde-4e36-aebd-89265a15db72
2019-04-21 10:29:36:813 - info: [BaseDriver] Using local app 'E:\work\appium\xcry_appium/apk/ryxc.apk'
2019-04-21 10:29:36:813 - info: [debug] [UiAutomator2] Checking whether app is actually present
2019-04-21 10:29:37:221 - info: [debug] [AndroidDriver] Getting Java version
2019-04-21 10:29:37:384 - info: [AndroidDriver] Java version is: 1.8.0_151
2019-04-21 10:29:37:386 - info: [ADB] Checking whether adb is present
2019-04-21 10:29:37:391 - info: [ADB] Found 1 'build-tools' folders under 'E:\sdk' (newest first):
2019-04-21 10:29:37:391 - info: [ADB]     E:/sdk/build-tools/android-4.3
2019-04-21 10:29:37:392 - info: [ADB] Using adb.exe from E:\sdk\platform-tools\adb.exe
2019-04-21 10:29:37:392 - info: [AndroidDriver] Retrieving device list
2019-04-21 10:29:37:393 - info: [debug] [ADB] Trying to find a connected android device
2019-04-21 10:29:37:393 - info: [debug] [ADB] Getting connected devices...
2019-04-21 10:29:37:415 - info: [debug] [ADB] 1 device(s) connected
2019-04-21 10:29:37:416 - info: [AndroidDriver] Using device: 2116ca98
2019-04-21 10:29:37:417 - info: [debug] [ADB] Setting device id to 2116ca98
2019-04-21 10:29:37:419 - info: [debug] [ADB] Running 'E:\sdk\platform-tools\adb.exe -P 5037 -s 2116ca98 shell getprop ro.build.version.sdk'
2019-04-21 10:29:37:480 - info: [debug] [ADB] Current device property 'ro.build.version.sdk': 25
2019-04-21 10:29:37:480 - info: [debug] [ADB] Device API level: 25
2019-04-21 10:29:37:481 - info: [debug] [AndroidDriver] Parsing package and activity from app manifest
2019-04-21 10:29:37:485 - info: [ADB] Using the alternative activity name detection method because of: Could not find apkanalyzer.bat in E:\sdk\platform-tools\apkanalyzer.bat,E:\sdk\emulator\apkanalyzer.bat,E:\sdk\tools\apkanalyzer.bat,E:\sdk\tools\bin\apkanalyzer.bat,E:\sdk\build-tools\android-4.3\apkanalyzer.bat. Do you have the Android SDK installed at 'E:\sdk'?
2019-04-21 10:29:37:486 - info: [ADB] Checking whether aapt is present
2019-04-21 10:29:37:487 - info: [ADB] Using aapt.exe from E:\sdk\tools\aapt.exe
2019-04-21 10:29:37:488 - info: [ADB] Extracting package and launch activity from manifest
2019-04-21 10:29:37:513 - info: [ADB] Package name: 'com.cy.patrol'
2019-04-21 10:29:37:513 - info: [ADB] Main activity name: 'com.cy.patrol.act.LoadingAct'
2019-04-21 10:29:37:513 - info: [debug] [AndroidDriver] Parsed package and activity are: com.cy.patrol/com.cy.patrol.act.LoadingAct
2019-04-21 10:29:37:514 - info: [ADB] Getting device platform version
2019-04-21 10:29:37:514 - info: [debug] [ADB] Running 'E:\sdk\platform-tools\adb.exe -P 5037 -s 2116ca98 shell getprop ro.build.version.release'
2019-04-21 10:29:37:559 - info: [debug] [ADB] Current device property 'ro.build.version.release': 7.1.1
2019-04-21 10:29:37:561 - info: [debug] [ADB] Running 'E:\sdk\platform-tools\adb.exe -P 5037 -s 2116ca98 shell wm size'
2019-04-21 10:29:38:110 - info: [debug] [ADB] Running 'E:\sdk\platform-tools\adb.exe -P 5037 -s 2116ca98 shell wm density'
2019-04-21 10:29:38:648 - info: [debug] [ADB] Running 'E:\sdk\platform-tools\adb.exe -P 5037 -s 2116ca98 shell getprop ro.product.model'
2019-04-21 10:29:38:739 - info: [debug] [ADB] Current device property 'ro.product.model': OS103
2019-04-21 10:29:38:740 - info: [debug] [ADB] Running 'E:\sdk\platform-tools\adb.exe -P 5037 -s 2116ca98 shell getprop ro.product.manufacturer'
2019-04-21 10:29:38:802 - info: [debug] [ADB] Current device property 'ro.product.manufacturer': smartisan
2019-04-21 10:29:38:802 - info: [debug] [ADB] Device API level: 25
2019-04-21 10:29:38:803 - info: [debug] [ADB] Running 'E:\sdk\platform-tools\adb.exe -P 5037 -s 2116ca98 shell am force-stop io.appium.uiautomator2.server'
2019-04-21 10:29:39:358 - info: [debug] [ADB] Checking app cert for C:\Users\30280\AppData\Roaming\npm\node_modules\appium\node_modules\appium-uiautomator2-server\apks\appium-uiautomator2-server-v1.12.0.apk
2019-04-21 10:29:39:365 - warn: [ADB] Cannot use apksigner tool for signature verification. Defaulting to verify.jar. Original error: Could not find apksigner.bat in E:\sdk\platform-tools\apksigner.bat,E:\sdk\emulator\apksigner.bat,E:\sdk\tools\apksigner.bat,E:\sdk\tools\bin\apksigner.bat,E:\sdk\build-tools\android-4.3\apksigner.bat. Do you have the Android SDK installed at 'E:\sdk'?
2019-04-21 10:29:39:608 - info: [debug] [ADB] 'C:\Users\30280\AppData\Roaming\npm\node_modules\appium\node_modules\appium-uiautomator2-server\apks\appium-uiautomator2-server-v1.12.0.apk' is already signed.
2019-04-21 10:29:39:608 - info: [debug] [ADB] Checking app cert for C:\Users\30280\AppData\Roaming\npm\node_modules\appium\node_modules\appium-uiautomator2-server\apks\appium-uiautomator2-server-debug-androidTest.apk
2019-04-21 10:29:39:608 - warn: [ADB] Cannot use apksigner tool for signature verification. Defaulting to verify.jar. Original error: Could not find apksigner.bat in E:\sdk\platform-tools\apksigner.bat,E:\sdk\emulator\apksigner.bat,E:\sdk\tools\apksigner.bat,E:\sdk\tools\bin\apksigner.bat,E:\sdk\build-tools\android-4.3\apksigner.bat. Do you have the Android SDK installed at 'E:\sdk'?
2019-04-21 10:29:39:876 - info: [debug] [ADB] 'C:\Users\30280\AppData\Roaming\npm\node_modules\appium\node_modules\appium-uiautomator2-server\apks\appium-uiautomator2-server-debug-androidTest.apk' is already signed.
2019-04-21 10:29:39:876 - info: [debug] [ADB] Getting install status for io.appium.uiautomator2.server
2019-04-21 10:29:39:876 - info: [debug] [ADB] Running 'E:\sdk\platform-tools\adb.exe -P 5037 -s 2116ca98 shell pm list packages io.appium.uiautomator2.server'
2019-04-21 10:29:40:439 - info: [debug] [ADB] App is installed
2019-04-21 10:29:40:439 - info: [debug] [ADB] Getting package info for 'io.appium.uiautomator2.server'
2019-04-21 10:29:40:439 - info: [debug] [ADB] Running 'E:\sdk\platform-tools\adb.exe -P 5037 -s 2116ca98 shell dumpsys package io.appium.uiautomator2.server'
2019-04-21 10:29:40:548 - info: [debug] [ADB] The installed 'io.appium.uiautomator2.server' package does not require upgrade ('1.12.0' >= '1.12.0')
2019-04-21 10:29:40:548 - info: [debug] [ADB] Getting install status for io.appium.uiautomator2.server.test
2019-04-21 10:29:40:548 - info: [debug] [ADB] Running 'E:\sdk\platform-tools\adb.exe -P 5037 -s 2116ca98 shell pm list packages io.appium.uiautomator2.server.test'
2019-04-21 10:29:41:060 - info: [debug] [ADB] App is installed
2019-04-21 10:29:41:060 - info: [debug] [ADB] Getting package info for 'io.appium.uiautomator2.server.test'
2019-04-21 10:29:41:060 - info: [debug] [ADB] Running 'E:\sdk\platform-tools\adb.exe -P 5037 -s 2116ca98 shell dumpsys package io.appium.uiautomator2.server.test'
2019-04-21 10:29:41:185 - warn: [ADB] Cannot read version codes of 'C:\Users\30280\AppData\Roaming\npm\node_modules\appium\node_modules\appium-uiautomator2-server\apks\appium-uiautomator2-server-debug-androidTest.apk' and/or 'io.appium.uiautomator2.server.test'
2019-04-21 10:29:41:185 - warn: [ADB] Cannot read version names of 'C:\Users\30280\AppData\Roaming\npm\node_modules\appium\node_modules\appium-uiautomator2-server\apks\appium-uiautomator2-server-debug-androidTest.apk' and/or 'io.appium.uiautomator2.server.test'. Assuming correct app version is already installed
2019-04-21 10:29:41:185 - info: [debug] [UiAutomator2] Waiting up to 20000ms for instrumentation 'io.appium.uiautomator2.server.test/android.support.test.runner.AndroidJUnitRunner' to be available
2019-04-21 10:29:41:185 - info: [debug] [ADB] Running 'E:\sdk\platform-tools\adb.exe -P 5037 -s 2116ca98 shell pm list instrumentation'
2019-04-21 10:29:41:716 - info: [debug] [UiAutomator2] Instrumentation 'io.appium.uiautomator2.server.test/android.support.test.runner.AndroidJUnitRunner' available
2019-04-21 10:29:41:731 - info: [debug] [ADB] Running 'E:\sdk\platform-tools\adb.exe -P 5037 -s 2116ca98 wait-for-device'
2019-04-21 10:29:41:778 - info: [debug] [ADB] Running 'E:\sdk\platform-tools\adb.exe -P 5037 -s 2116ca98 shell echo ping'
2019-04-21 10:29:41:825 - info: [debug] [AndroidDriver] Pushing settings apk to device...
2019-04-21 10:29:41:825 - info: [debug] [ADB] Getting install status for io.appium.settings
2019-04-21 10:29:41:825 - info: [debug] [ADB] Running 'E:\sdk\platform-tools\adb.exe -P 5037 -s 2116ca98 shell pm list packages io.appium.settings'
2019-04-21 10:29:42:372 - info: [debug] [ADB] App is installed
2019-04-21 10:29:42:372 - info: [debug] [ADB] Getting package info for 'io.appium.settings'
2019-04-21 10:29:42:388 - info: [debug] [ADB] Running 'E:\sdk\platform-tools\adb.exe -P 5037 -s 2116ca98 shell dumpsys package io.appium.settings'
2019-04-21 10:29:42:497 - info: [debug] [ADB] The installed 'io.appium.settings' package does not require upgrade (13 > 5)
2019-04-21 10:29:42:497 - info: [debug] [ADB] Running 'E:\sdk\platform-tools\adb.exe -P 5037 -s 2116ca98 shell ps'
2019-04-21 10:29:42:669 - info: [debug] [AndroidDriver] io.appium.settings is already running. There is no need to reset its permissions.
2019-04-21 10:29:42:669 - info: [debug] [ADB] Device API level: 25
2019-04-21 10:29:42:669 - info: [debug] [ADB] Running 'E:\sdk\platform-tools\adb.exe -P 5037 -s 2116ca98 shell appops set io.appium.settings android\:mock_location allow'
2019-04-21 10:29:42:763 - warn: [AndroidDriver] setDeviceLanguageCountry requires language or country.
2019-04-21 10:29:42:763 - warn: [AndroidDriver] Got language: 'null' and country: 'null'
2019-04-21 10:29:42:778 - info: [debug] [Logcat] Starting logcat capture
2019-04-21 10:29:42:826 - info: [debug] [AndroidDriver] Enabling Unicode keyboard support
2019-04-21 10:29:42:826 - info: [debug] [AndroidDriver] Pushing unicode ime to device...
2019-04-21 10:29:42:826 - info: [debug] [ADB] Running 'E:\sdk\platform-tools\adb.exe -P 5037 -s 2116ca98 install C\:\\Users\\30280\\AppData\\Roaming\\npm\\node_modules\\appium\\node_modules\\appium-android-ime\\bin\\UnicodeIME-debug.apk'
2019-04-21 10:29:43:640 - info: [debug] [ADB] Install command stdout: Failure [INSTALL_FAILED_ALREADY_EXISTS: Attempt to re-install io.appium.android.ime without first uninstalling.]
2019-04-21 10:29:43:641 - info: [debug] [ADB] Application 'C:\Users\30280\AppData\Roaming\npm\node_modules\appium\node_modules\appium-android-ime\bin\UnicodeIME-debug.apk' already installed. Continuing.
2019-04-21 10:29:43:641 - info: [debug] [ADB] Running 'E:\sdk\platform-tools\adb.exe -P 5037 -s 2116ca98 shell settings get secure default_input_method'
2019-04-21 10:29:44:185 - info: [debug] [AndroidDriver] Unsetting previous IME io.appium.android.ime/.UnicodeIME
2019-04-21 10:29:44:185 - info: [debug] [AndroidDriver] Setting IME to 'io.appium.android.ime/.UnicodeIME'
2019-04-21 10:29:44:185 - info: [debug] [ADB] Running 'E:\sdk\platform-tools\adb.exe -P 5037 -s 2116ca98 shell ime enable io.appium.android.ime/.UnicodeIME'
2019-04-21 10:29:44:758 - info: [debug] [ADB] Running 'E:\sdk\platform-tools\adb.exe -P 5037 -s 2116ca98 shell ime set io.appium.android.ime/.UnicodeIME'
2019-04-21 10:29:45:321 - info: [debug] [AndroidDriver] Pushing unlock helper app to device...
2019-04-21 10:29:45:321 - info: [debug] [ADB] Getting install status for io.appium.unlock
2019-04-21 10:29:45:321 - info: [debug] [ADB] Running 'E:\sdk\platform-tools\adb.exe -P 5037 -s 2116ca98 shell pm list packages io.appium.unlock'
2019-04-21 10:29:45:907 - info: [debug] [ADB] App is installed
2019-04-21 10:29:45:907 - info: [debug] [ADB] Getting package info for 'io.appium.unlock'
2019-04-21 10:29:45:907 - info: [debug] [ADB] Running 'E:\sdk\platform-tools\adb.exe -P 5037 -s 2116ca98 shell dumpsys package io.appium.unlock'
2019-04-21 10:29:46:063 - info: [debug] [ADB] The installed 'io.appium.unlock' package does not require upgrade ('2.0.0' >= '2.0.0')
2019-04-21 10:29:46:063 - info: [debug] [UiAutomator2] Forwarding UiAutomator2 Server port 6790 to 8201
2019-04-21 10:29:46:063 - info: [debug] [ADB] Forwarding system: 8201 to device: 6790
2019-04-21 10:29:46:063 - info: [debug] [ADB] Running 'E:\sdk\platform-tools\adb.exe -P 5037 -s 2116ca98 forward tcp\:8201 tcp\:6790'
2019-04-21 10:29:46:126 - info: [debug] [ADB] Running 'E:\sdk\platform-tools\adb.exe -P 5037 -s 2116ca98 shell rm -rf /data/local/tmp/strings.json'
2019-04-21 10:29:46:157 - info: [debug] [AndroidDriver] Extracting strings from apk
2019-04-21 10:29:46:157 - info: [debug] [AndroidDriver] E:\work\appium\xcry_appium/apk/ryxc.apk
2019-04-21 10:29:46:157 - info: [debug] [AndroidDriver] null
2019-04-21 10:29:46:157 - info: [debug] [AndroidDriver] C:\Users\30280\AppData\Local\Temp\com.cy.patrol
2019-04-21 10:29:46:172 - info: [debug] [ADB] Extracting strings for language: default
2019-04-21 10:29:46:297 - info: [ADB] Successfully extracted 498 strings from 'E:\work\appium\xcry_appium/apk/ryxc.apk' resources for '(default)' configuration
2019-04-21 10:29:46:313 - info: [debug] [ADB] Running 'E:\sdk\platform-tools\adb.exe -P 5037 -s 2116ca98 push C\:\\Users\\30280\\AppData\\Local\\Temp\\com.cy.patrol\\strings.json /data/local/tmp'
2019-04-21 10:29:46:360 - info: [debug] [ADB] Checking app cert for E:\work\appium\xcry_appium/apk/ryxc.apk
2019-04-21 10:29:46:360 - warn: [ADB] Cannot use apksigner tool for signature verification. Defaulting to verify.jar. Original error: Could not find apksigner.bat in E:\sdk\platform-tools\apksigner.bat,E:\sdk\emulator\apksigner.bat,E:\sdk\tools\apksigner.bat,E:\sdk\tools\bin\apksigner.bat,E:\sdk\build-tools\android-4.3\apksigner.bat. Do you have the Android SDK installed at 'E:\sdk'?
2019-04-21 10:29:47:499 - info: [debug] [ADB] 'E:\work\appium\xcry_appium/apk/ryxc.apk' is already signed.
2019-04-21 10:29:47:499 - info: [debug] [ADB] Getting install status for com.cy.patrol
2019-04-21 10:29:47:499 - info: [debug] [ADB] Running 'E:\sdk\platform-tools\adb.exe -P 5037 -s 2116ca98 shell pm list packages com.cy.patrol'
2019-04-21 10:29:48:107 - info: [debug] [ADB] App is not installed
2019-04-21 10:29:48:107 - info: [debug] [ADB] App 'E:\work\appium\xcry_appium/apk/ryxc.apk' not installed. Installing
2019-04-21 10:29:48:107 - info: [debug] [ADB] Running 'E:\sdk\platform-tools\adb.exe -P 5037 -s 2116ca98 install E\:\\work\\appium\\xcry_appium/apk/ryxc.apk'
2019-04-21 10:30:06:342 - info: [debug] [ADB] Install command stdout: Success
2019-04-21 10:30:06:342 - info: [debug] [ADB] Running 'E:\sdk\platform-tools\adb.exe -P 5037 -s 2116ca98 shell am force-stop io.appium.uiautomator2.server'
2019-04-21 10:30:06:950 - info: [UiAutomator2] Starting uiautomator2 server 1.12.0
2019-04-21 10:30:06:950 - info: [UiAutomator2] Using UIAutomator2 server from 'C:\Users\30280\AppData\Roaming\npm\node_modules\appium\node_modules\appium-uiautomator2-server\apks\appium-uiautomator2-server-v1.12.0.apk' and test from 'C:\Users\30280\AppData\Roaming\npm\node_modules\appium\node_modules\appium-uiautomator2-server\apks\appium-uiautomator2-server-debug-androidTest.apk'
2019-04-21 10:30:06:950 - info: [UiAutomator2] Running command: 'adb -s 2116ca98 shell am instrument -w io.appium.uiautomator2.server.test/android.support.test.runner.AndroidJUnitRunner'
2019-04-21 10:30:06:966 - info: [UiAutomator2] Waiting up to 20000ms for UiAutomator2 to be online...
2019-04-21 10:30:06:966 - info: [debug] [JSONWP Proxy] Proxying [GET /status] to [GET http://localhost:8201/wd/hub/status] with no body
2019-04-21 10:30:07:998 - info: [debug] [JSONWP Proxy] Proxying [GET /status] to [GET http://localhost:8201/wd/hub/status] with no body
2019-04-21 10:30:09:015 - info: [debug] [JSONWP Proxy] Proxying [GET /status] to [GET http://localhost:8201/wd/hub/status] with no body
2019-04-21 10:30:10:029 - info: [debug] [JSONWP Proxy] Proxying [GET /status] to [GET http://localhost:8201/wd/hub/status] with no body
2019-04-21 10:30:10:076 - info: [debug] [JSONWP Proxy] Got response with status 200: "{\"sessionId\":\"SESSIONID\",\"status\":0,\"value\":\"Status Invoked\"}"
2019-04-21 10:30:10:076 - info: [debug] [JSONWP Proxy] Proxying [POST /session] to [POST http://localhost:8201/wd/hub/session] with body: {"desiredCapabilities":{"platform":"LINUX","webStorageEnabled":false,"takesScreenshot":true,"javascriptEnabled":true,"databaseEnabled":false,"networkConnectionEnabled":true,"locationContextEnabled":false,"warnings":{},"desired":{"platformName":"Android","udid":"2116ca98","noReset":true,"unicodeKeyboard":true,"resetKeyboard":true,"appWaitActivity":"com.cy.patrol.act.LoginAct","automationName":"uiautomator2","app":"E:\\work\\appium\\xcry_appium/apk/ryxc.apk","deviceName":"2116ca98"},"platformName":"Android","udid":"2116ca98","noReset":true,"unicodeKeyboard":true,"resetKeyboard":true,"appWaitActivity":"com.cy.patrol.act.LoginAct","automationName":"uiautomator2","app":"E:\\work\\appium\\xcry_appium/apk/ryxc.apk","deviceName":"2116ca98","deviceUDID":"2116ca98","platformVersion":"7.1.1","deviceScreenSize":"1080x2160","deviceScreenDensity":400,"deviceModel":"OS103","deviceManufacturer":"smartisan","deviceApiLevel":25,"appPackage":"com.cy.patrol"}}
2019-04-21 10:30:10:108 - info: [debug] [JSONWP Proxy] Got response with status 200: {"sessionId":"51705656-984c-4ff0-94d7-1bd73c6025fc","status":0,"value":"Created Session"}
2019-04-21 10:30:10:108 - info: [debug] [ADB] Running 'E:\sdk\platform-tools\adb.exe -P 5037 -s 2116ca98 shell dumpsys window'
2019-04-21 10:30:10:248 - info: [AndroidDriver] Screen already unlocked, doing nothing
2019-04-21 10:30:10:248 - info: [UiAutomator2] UiAutomator2 did not start the activity we were waiting for, 'com.cy.patrol/com.cy.patrol.act.LoginAct'. Starting it ourselves
2019-04-21 10:30:10:248 - info: [debug] [ADB] Device API level: 25
2019-04-21 10:30:10:248 - info: [debug] [ADB] Running 'E:\sdk\platform-tools\adb.exe -P 5037 -s 2116ca98 shell am start -W -n com.cy.patrol/com.cy.patrol.act.LoadingAct -S -a android.intent.action.MAIN -c android.intent.category.LAUNCHER -f 0x10200000'
2019-04-21 10:30:12:029 - info: [debug] [ADB] Waiting up to 20000ms for activity matching pkg: 'com.cy.patrol' and activity: 'com.cy.patrol.act.LoginAct' to be focused
2019-04-21 10:30:12:044 - info: [debug] [ADB] Possible activities, to be checked: 'com.cy.patrol.act.LoginAct', 'com.cy.patrol.com.cy.patrol.act.LoginAct'
2019-04-21 10:30:12:044 - info: [debug] [ADB] Getting focused package and activity
2019-04-21 10:30:12:044 - info: [debug] [ADB] Running 'E:\sdk\platform-tools\adb.exe -P 5037 -s 2116ca98 shell dumpsys window windows'
2019-04-21 10:30:12:153 - info: [debug] [ADB] Found package: 'com.cy.patrol' and fully qualified activity name : 'com.cy.patrol.act.LoginAct'
2019-04-21 10:30:12:153 - info: [debug] [JSONWP Proxy] Proxying [GET /appium/device/pixel_ratio] to [GET http://localhost:8201/wd/hub/session/51705656-984c-4ff0-94d7-1bd73c6025fc/appium/device/pixel_ratio] with body: {}
2019-04-21 10:30:12:169 - info: [debug] [JSONWP Proxy] Got response with status 200: "{\"sessionId\":\"51705656-984c-4ff0-94d7-1bd73c6025fc\",\"status\":0,\"value\":2.5}"
2019-04-21 10:30:12:169 - info: [debug] [JSONWP Proxy] Proxying [GET /appium/device/system_bars] to [GET http://localhost:8201/wd/hub/session/51705656-984c-4ff0-94d7-1bd73c6025fc/appium/device/system_bars] with body: {}
2019-04-21 10:30:12:185 - info: [debug] [JSONWP Proxy] Got response with status 200: "{\"sessionId\":\"51705656-984c-4ff0-94d7-1bd73c6025fc\",\"status\":0,\"value\":{\"statusBar\":60}}"
2019-04-21 10:30:12:200 - info: [debug] [JSONWP Proxy] Proxying [GET /window/current/size] to [GET http://localhost:8201/wd/hub/session/51705656-984c-4ff0-94d7-1bd73c6025fc/window/current/size] with body: {}
2019-04-21 10:30:12:216 - info: [debug] [JSONWP Proxy] Got response with status 200: "{\"sessionId\":\"51705656-984c-4ff0-94d7-1bd73c6025fc\",\"status\":0,\"value\":{\"height\":2070,\"width\":1080}}"
2019-04-21 10:30:12:232 - info: [Appium] New AndroidUiautomator2Driver session created successfully, session 3ba097ce-4cde-4e36-aebd-89265a15db72 added to master session list
2019-04-21 10:30:12:232 - info: [debug] [BaseDriver] Event 'newSessionStarted' logged at 1555842612232 (18:30:12 GMT+0800 (中国标准时间))
2019-04-21 10:30:12:232 - info: [debug] [W3C] Responding to client with driver.createSession() result: {"capabilities":{"platform":"LINUX","webStorageEnabled":false,"takesScreenshot":true,"javascriptEnabled":true,"databaseEnabled":false,"networkConnectionEnabled":true,"locationContextEnabled":false,"warnings":{},"desired":{"platformName":"Android","udid":"2116ca98","noReset":true,"unicodeKeyboard":true,"resetKeyboard":true,"appWaitActivity":"com.cy.patrol.act.LoginAct","automationName":"uiautomator2","app":"E:\\work\\appium\\xcry_appium/apk/ryxc.apk","deviceName":"2116ca98"},"platformName":"Android","udid":"2116ca98","noReset":true,"unicodeKeyboard":true,"resetKeyboard":true,"appWaitActivity":"com.cy.patrol.act.LoginAct","automationName":"uiautomator2","app":"E:\\work\\appium\\xcry_appium/apk/ryxc.apk","deviceName":"2116ca98","deviceUDID":"2116ca98","platformVersion":"7.1.1","deviceScreenSize":"1080x2160","deviceScreenDensity":400,"deviceModel":"OS103","deviceManufacturer":"smartisan","deviceApiLevel":25,"appPackage":"com.cy.patrol","pixelRatio":2.5,"statBarHeight":60,"viewportRect":{"left":0,"top":60,"widt...
2019-04-21 10:30:12:263 - info: [HTTP] <-- POST /wd/hub/session 200 35480 ms - 1106
2019-04-21 10:30:12:263 - info: [HTTP] 
2019-04-21 10:30:12:263 - info: [HTTP] --> POST /wd/hub/session/3ba097ce-4cde-4e36-aebd-89265a15db72/element
2019-04-21 10:30:12:263 - info: [HTTP] {"using":"id","sessionId":"3ba097ce-4cde-4e36-aebd-89265a15db72","value":"com.cy.patrol:id/v_mobile"}
2019-04-21 10:30:12:263 - info: [debug] [W3C] Calling AppiumDriver.findElement() with args: ["id","com.cy.patrol:id/v_mobile","3ba097ce-4cde-4e36-aebd-89265a15db72"]
2019-04-21 10:30:12:278 - info: [debug] [BaseDriver] Valid locator strategies for this request: xpath, id, class name, accessibility id, -android uiautomator
2019-04-21 10:30:12:278 - info: [debug] [BaseDriver] Waiting up to 0 ms for condition
2019-04-21 10:30:12:278 - info: [debug] [JSONWP Proxy] Proxying [POST /element] to [POST http://localhost:8201/wd/hub/session/51705656-984c-4ff0-94d7-1bd73c6025fc/element] with body: {"strategy":"id","selector":"com.cy.patrol:id/v_mobile","context":"","multiple":false}
2019-04-21 10:30:12:930 - info: [debug] [JSONWP Proxy] Got response with status 200: {"sessionId":"51705656-984c-4ff0-94d7-1bd73c6025fc","status":0,"value":{"ELEMENT":"fe26e066-d9a7-4dc0-aad0-c3d8fb839640"}}
2019-04-21 10:30:12:946 - info: [debug] [W3C] Responding to client with driver.findElement() result: {"element-6066-11e4-a52e-4f735466cecf":"fe26e066-d9a7-4dc0-aad0-c3d8fb839640"}
2019-04-21 10:30:12:946 - info: [HTTP] <-- POST /wd/hub/session/3ba097ce-4cde-4e36-aebd-89265a15db72/element 200 678 ms - 88
2019-04-21 10:30:12:946 - info: [HTTP] 
2019-04-21 10:30:12:946 - info: [HTTP] --> POST /wd/hub/session/3ba097ce-4cde-4e36-aebd-89265a15db72/element/fe26e066-d9a7-4dc0-aad0-c3d8fb839640/value
2019-04-21 10:30:12:946 - info: [HTTP] {"text":"shange","sessionId":"3ba097ce-4cde-4e36-aebd-89265a15db72","id":"fe26e066-d9a7-4dc0-aad0-c3d8fb839640","value":["s","h","a","n","g","e"]}
2019-04-21 10:30:12:961 - info: [debug] [W3C] Calling AppiumDriver.setValue() with args: [["s","h","a","n","g","e"],"fe26e066-d9a7-4dc0-aad0-c3d8fb839640","3ba097ce-4cde-4e36-aebd-89265a15db72"]
2019-04-21 10:30:12:961 - info: [debug] [JSONWP Proxy] Proxying [POST /element/fe26e066-d9a7-4dc0-aad0-c3d8fb839640/value] to [POST http://localhost:8201/wd/hub/session/51705656-984c-4ff0-94d7-1bd73c6025fc/element/fe26e066-d9a7-4dc0-aad0-c3d8fb839640/value] with body: {"elementId":"fe26e066-d9a7-4dc0-aad0-c3d8fb839640","text":"shange","replace":false,"unicodeKeyboard":true}
2019-04-21 10:30:13:524 - info: [debug] [JSONWP Proxy] Got response with status 200: {"sessionId":"51705656-984c-4ff0-94d7-1bd73c6025fc","status":0,"value":""}
2019-04-21 10:30:13:524 - info: [debug] [W3C] Responding to client with driver.setValue() result: ""
2019-04-21 10:30:13:539 - info: [HTTP] <-- POST /wd/hub/session/3ba097ce-4cde-4e36-aebd-89265a15db72/element/fe26e066-d9a7-4dc0-aad0-c3d8fb839640/value 200 579 ms - 12
2019-04-21 10:30:13:539 - info: [HTTP] 
2019-04-21 10:30:13:539 - info: [HTTP] --> POST /wd/hub/session/3ba097ce-4cde-4e36-aebd-89265a15db72/element
2019-04-21 10:30:13:539 - info: [HTTP] {"using":"id","sessionId":"3ba097ce-4cde-4e36-aebd-89265a15db72","value":"com.cy.patrol:id/v_pwd"}
2019-04-21 10:30:13:539 - info: [debug] [W3C] Calling AppiumDriver.findElement() with args: ["id","com.cy.patrol:id/v_pwd","3ba097ce-4cde-4e36-aebd-89265a15db72"]
2019-04-21 10:30:13:539 - info: [debug] [BaseDriver] Valid locator strategies for this request: xpath, id, class name, accessibility id, -android uiautomator
2019-04-21 10:30:13:539 - info: [debug] [BaseDriver] Waiting up to 0 ms for condition
2019-04-21 10:30:13:539 - info: [debug] [JSONWP Proxy] Proxying [POST /element] to [POST http://localhost:8201/wd/hub/session/51705656-984c-4ff0-94d7-1bd73c6025fc/element] with body: {"strategy":"id","selector":"com.cy.patrol:id/v_pwd","context":"","multiple":false}
2019-04-21 10:30:14:050 - info: [debug] [JSONWP Proxy] Got response with status 200: {"sessionId":"51705656-984c-4ff0-94d7-1bd73c6025fc","status":0,"value":{"ELEMENT":"b4cd4112-ecd9-437f-9a2a-25c42526ec5a"}}
2019-04-21 10:30:14:050 - info: [debug] [W3C] Responding to client with driver.findElement() result: {"element-6066-11e4-a52e-4f735466cecf":"b4cd4112-ecd9-437f-9a2a-25c42526ec5a"}
2019-04-21 10:30:14:066 - info: [HTTP] <-- POST /wd/hub/session/3ba097ce-4cde-4e36-aebd-89265a15db72/element 200 519 ms - 88
2019-04-21 10:30:14:066 - info: [HTTP] 
2019-04-21 10:30:14:066 - info: [HTTP] --> POST /wd/hub/session/3ba097ce-4cde-4e36-aebd-89265a15db72/element/b4cd4112-ecd9-437f-9a2a-25c42526ec5a/value
2019-04-21 10:30:14:066 - info: [HTTP] {"text":"123456","sessionId":"3ba097ce-4cde-4e36-aebd-89265a15db72","id":"b4cd4112-ecd9-437f-9a2a-25c42526ec5a","value":["1","2","3","4","5","6"]}
2019-04-21 10:30:14:081 - info: [debug] [W3C] Calling AppiumDriver.setValue() with args: [["1","2","3","4","5","6"],"b4cd4112-ecd9-437f-9a2a-25c42526ec5a","3ba097ce-4cde-4e36-aebd-89265a15db72"]
2019-04-21 10:30:14:081 - info: [debug] [JSONWP Proxy] Proxying [POST /element/b4cd4112-ecd9-437f-9a2a-25c42526ec5a/value] to [POST http://localhost:8201/wd/hub/session/51705656-984c-4ff0-94d7-1bd73c6025fc/element/b4cd4112-ecd9-437f-9a2a-25c42526ec5a/value] with body: {"elementId":"b4cd4112-ecd9-437f-9a2a-25c42526ec5a","text":"123456","replace":false,"unicodeKeyboard":true}
2019-04-21 10:30:14:841 - info: [debug] [JSONWP Proxy] Got response with status 200: {"sessionId":"51705656-984c-4ff0-94d7-1bd73c6025fc","status":0,"value":""}
2019-04-21 10:30:14:841 - info: [debug] [W3C] Responding to client with driver.setValue() result: ""
2019-04-21 10:30:14:841 - info: [HTTP] <-- POST /wd/hub/session/3ba097ce-4cde-4e36-aebd-89265a15db72/element/b4cd4112-ecd9-437f-9a2a-25c42526ec5a/value 200 777 ms - 12
2019-04-21 10:30:14:841 - info: [HTTP] 
2019-04-21 10:30:14:857 - info: [HTTP] --> POST /wd/hub/session/3ba097ce-4cde-4e36-aebd-89265a15db72/element
2019-04-21 10:30:14:857 - info: [HTTP] {"using":"id","sessionId":"3ba097ce-4cde-4e36-aebd-89265a15db72","value":"com.cy.patrol:id/l_login"}
2019-04-21 10:30:14:857 - info: [debug] [W3C] Calling AppiumDriver.findElement() with args: ["id","com.cy.patrol:id/l_login","3ba097ce-4cde-4e36-aebd-89265a15db72"]
2019-04-21 10:30:14:857 - info: [debug] [BaseDriver] Valid locator strategies for this request: xpath, id, class name, accessibility id, -android uiautomator
2019-04-21 10:30:14:857 - info: [debug] [BaseDriver] Waiting up to 0 ms for condition
2019-04-21 10:30:14:857 - info: [debug] [JSONWP Proxy] Proxying [POST /element] to [POST http://localhost:8201/wd/hub/session/51705656-984c-4ff0-94d7-1bd73c6025fc/element] with body: {"strategy":"id","selector":"com.cy.patrol:id/l_login","context":"","multiple":false}
2019-04-21 10:30:15:357 - info: [debug] [JSONWP Proxy] Got response with status 200: {"sessionId":"51705656-984c-4ff0-94d7-1bd73c6025fc","status":0,"value":{"ELEMENT":"5984720d-7564-4e61-8160-c72e5e2ab70d"}}
2019-04-21 10:30:15:372 - info: [debug] [W3C] Responding to client with driver.findElement() result: {"element-6066-11e4-a52e-4f735466cecf":"5984720d-7564-4e61-8160-c72e5e2ab70d"}
2019-04-21 10:30:15:372 - info: [HTTP] <-- POST /wd/hub/session/3ba097ce-4cde-4e36-aebd-89265a15db72/element 200 517 ms - 88
2019-04-21 10:30:15:372 - info: [HTTP] 
2019-04-21 10:30:15:372 - info: [HTTP] --> POST /wd/hub/session/3ba097ce-4cde-4e36-aebd-89265a15db72/element/5984720d-7564-4e61-8160-c72e5e2ab70d/click
2019-04-21 10:30:15:372 - info: [HTTP] {"sessionId":"3ba097ce-4cde-4e36-aebd-89265a15db72","id":"5984720d-7564-4e61-8160-c72e5e2ab70d"}
2019-04-21 10:30:15:372 - info: [debug] [W3C] Calling AppiumDriver.click() with args: ["5984720d-7564-4e61-8160-c72e5e2ab70d","3ba097ce-4cde-4e36-aebd-89265a15db72"]
2019-04-21 10:30:15:388 - info: [debug] [JSONWP Proxy] Proxying [POST /element/5984720d-7564-4e61-8160-c72e5e2ab70d/click] to [POST http://localhost:8201/wd/hub/session/51705656-984c-4ff0-94d7-1bd73c6025fc/element/5984720d-7564-4e61-8160-c72e5e2ab70d/click] with body: {"element":"5984720d-7564-4e61-8160-c72e5e2ab70d"}
2019-04-21 10:30:16:874 - info: [debug] [JSONWP Proxy] Got response with status 200: {"sessionId":"51705656-984c-4ff0-94d7-1bd73c6025fc","status":0,"value":true}
2019-04-21 10:30:16:874 - info: [debug] [W3C] Responding to client with driver.click() result: true
2019-04-21 10:30:16:874 - info: [HTTP] <-- POST /wd/hub/session/3ba097ce-4cde-4e36-aebd-89265a15db72/element/5984720d-7564-4e61-8160-c72e5e2ab70d/click 200 1496 ms - 14
2019-04-21 10:30:16:874 - info: [HTTP] 
2019-04-21 10:30:16:874 - info: [HTTP] --> POST /wd/hub/session/3ba097ce-4cde-4e36-aebd-89265a15db72/element
2019-04-21 10:30:16:874 - info: [HTTP] {"using":"xpath","sessionId":"3ba097ce-4cde-4e36-aebd-89265a15db72","value":"//*[contains(@text,登录成功)]"}
2019-04-21 10:30:16:890 - info: [debug] [W3C] Calling AppiumDriver.findElement() with args: ["xpath","//*[contains(@text,登录成功)]","3ba097ce-4cde-4e36-aebd-89265a15db72"]
2019-04-21 10:30:16:890 - info: [debug] [BaseDriver] Valid locator strategies for this request: xpath, id, class name, accessibility id, -android uiautomator
2019-04-21 10:30:16:890 - info: [debug] [BaseDriver] Waiting up to 0 ms for condition
2019-04-21 10:30:16:890 - info: [debug] [JSONWP Proxy] Proxying [POST /element] to [POST http://localhost:8201/wd/hub/session/51705656-984c-4ff0-94d7-1bd73c6025fc/element] with body: {"strategy":"xpath","selector":"//*[contains(@text,登录成功)]","context":"","multiple":false}
2019-04-21 10:30:17:140 - info: [debug] [JSONWP Proxy] Got response with status 200: {"sessionId":"51705656-984c-4ff0-94d7-1bd73c6025fc","status":0,"value":{"ELEMENT":"e89f000f-c402-48a9-b92f-7b85721597e8"}}
2019-04-21 10:30:17:140 - info: [debug] [W3C] Responding to client with driver.findElement() result: {"element-6066-11e4-a52e-4f735466cecf":"e89f000f-c402-48a9-b92f-7b85721597e8"}
2019-04-21 10:30:17:140 - info: [HTTP] <-- POST /wd/hub/session/3ba097ce-4cde-4e36-aebd-89265a15db72/element 200 265 ms - 88
2019-04-21 10:30:17:155 - info: [HTTP] 
2019-04-21 10:30:17:155 - info: [HTTP] --> GET /wd/hub/session/3ba097ce-4cde-4e36-aebd-89265a15db72/screenshot
2019-04-21 10:30:17:155 - info: [HTTP] {}
2019-04-21 10:30:17:155 - info: [debug] [W3C] Calling AppiumDriver.getScreenshot() with args: ["3ba097ce-4cde-4e36-aebd-89265a15db72"]
2019-04-21 10:30:17:155 - info: [debug] [JSONWP Proxy] Proxying [GET /screenshot] to [GET http://localhost:8201/wd/hub/session/51705656-984c-4ff0-94d7-1bd73c6025fc/screenshot] with no body
2019-04-21 10:30:18:061 - info: [debug] [JSONWP Proxy] Got response with status 200: "{\"sessionId\":\"51705656-984c-4ff0-94d7-1bd73c6025fc\",\"status\":0,\"value\":\"iVBORw0KGgoAAAANSUhEUgAABDgAAAhwCAIAAABH2RmtAAAAA3NCSVQICAjb4U\\/gAAAgAElEQVR4\\nnOydd3wcxfn\\/P3v9Tqdere5uuTfZxgV302MIMb13Qg2k\\/BKSECDfNCAhQOglNIfQjA3EGGzcccO9\\nyZZlyWqWJavretnfH7e6uru3u7dXdJ73Sy8478589tl5ZnZ2dhq1YgMNQlKwYgOumBdvIwgyQbyZ\\nTBBvJhPEm8nEig149vN58baCIA+PXr6BeDNp2PLcBs8PRVzNIBAIBAKBQCAQCAQWSEOFQCAQCAQC\\ngUAgJBykoUIgEAgEAoFAIBASDtJQIRAIBAKBQCAQCAkHaagQCAQCgUAgEAiEhEPl+V9LU81PbxwR\\nepqiqLT0nNy80gmVS5bd+FuNRiftMr09HV+vfGnfrm86208rlKqsnMLps5YuvPh2nT5FlM43X77+\\n8jN3zZp\\/1c8f\\/6+Qi9573RClUv3OyjZpZiclP16gpN3up57bMHbi3E\\/e\\/9MHbzwG4IIf3X3PI6+E\\nBq46vO3xRxbabZaZ85b94g8fib1WhH6XK9skMf7efPKXF+7duYZSKH79x88rZ17GGr6n++yjd04+\\n29owqGjYs6\\/v0RtSRV2OODQSol3cBEKcKAsxKG4CIQ6VhTq7dfqRHaHHKSBLrSlWa+enZj6SX6ZV\\nxPnzbpfLOeXIDjVFVY2dKSrWW21NG\\/o6Wxx2FUUVqDQXpedcnz3IEO\\/biSpOt\\/vTrraPO8\\/U2Sxn\\nnHYVpchTqcu0+huzCi7LyPUP+e7Z5kcbqws1uv2jp8fL2lCIrz2ovL9otzv0NA10dZzp6jhTXbVr\\n55aVT\\/59XXpmnthrNJw6+pffXt7ccNx7pKm+6uCe7zat...
2019-04-21 10:30:18:076 - info: [debug] [W3C] Responding to client with driver.getScreenshot() result: "iVBORw0KGgoAAAANSUhEUgAABDgAAAhwCAIAAABH2RmtAAAAA3NCSVQICAjb4U/gAAAgAElEQVR4\nnOydd3wcxfn/P3v9Tqdere5uuTfZxgV302MIMb13Qg2k/BKSECDfNCAhQOglNIfQjA3EGGzcccO9\nyZZlyWqWJavretnfH7e6uru3u7dXdJ73Sy8478589tl5ZnZ2dhq1YgMNQlKwYgOumBdvIwgyQbyZ\nTBBvJhPEm8nEig149vN58baCIA+PXr6BeDNp2PLcBs8PRVzNIBAIBAKBQCAQCAQWSEOFQCAQCAQC\ngUAgJBykoUIgEAgEAoFAIBASDtJQIRAIBAKBQCAQCAkHaagQCAQCgUAgEAiEhEPl+V9LU81PbxwR\nepqiqLT0nNy80gmVS5bd+FuNRiftMr09HV+vfGnfrm86208rlKqsnMLps5YuvPh2nT5FlM43X77+\n8jN3zZp/1c8f/6+Qi9573RClUv3OyjZpZiclP16gpN3up57bMHbi3E/e/9MHbzwG4IIf3X3PI6+E\nBq46vO3xRxbabZaZ85b94g8fib1WhH6XK9skMf7efPKXF+7duYZSKH79x88rZ17GGr6n++yjd04+\n29owqGjYs6/v0RtSRV2OODQSol3cBEKcKAsxKG4CIQ6VhTq7dfqRHaHHKSBLrSlWa+enZj6SX6ZV\nxPnzbpfLOeXIDjVFVY2dKSrWW21NG/o6Wxx2FUUVqDQXpedcnz3IEO/biSpOt/vTrraPO8/U2Sxn\nnHYVpchTqcu0+huzCi7LyPUP+e7Z5kcbqws1uv2jp8fL2lCIrz2ovL9otzv0NA10dZzp6jhTXbVr\n55aVT/59XXpmnthrNJw6+pffXt7ccNx7pKm+6uCe7zat+8+vnvosK3uQcKkNa94FsOTSu4QE/uqz\n50193WnpOWINPne4/Jpf7Nmx+ujBLev+99as+VePmzTf/6zT6Xjj+QfsNktWTuFt9/1DrHiEfpcx\n25wj3H...
2019-04-21 10:30:18:076 - info: [HTTP] <-- GET /wd/hub/session/3ba097ce-4cde-4e36-aebd-89265a15db72/screenshot 200 926 ms - 403126
2019-04-21 10:30:18:076 - info: [HTTP] 
2019-04-21 10:30:18:092 - info: [HTTP] --> GET /wd/hub/session/3ba097ce-4cde-4e36-aebd-89265a15db72/screenshot
2019-04-21 10:30:18:092 - info: [HTTP] {}
2019-04-21 10:30:18:092 - info: [debug] [W3C] Calling AppiumDriver.getScreenshot() with args: ["3ba097ce-4cde-4e36-aebd-89265a15db72"]
2019-04-21 10:30:18:092 - info: [debug] [JSONWP Proxy] Proxying [GET /screenshot] to [GET http://localhost:8201/wd/hub/session/51705656-984c-4ff0-94d7-1bd73c6025fc/screenshot] with no body
2019-04-21 10:30:18:951 - info: [debug] [JSONWP Proxy] Got response with status 200: "{\"sessionId\":\"51705656-984c-4ff0-94d7-1bd73c6025fc\",\"status\":0,\"value\":\"iVBORw0KGgoAAAANSUhEUgAABDgAAAhwCAIAAABH2RmtAAAAA3NCSVQICAjb4U\\/gAAAgAElEQVR4\\nnOydd3wUZf7HP7N9s5teSaGE0HtHEOnYCyr23v1Z77zzit55el7xLOfp2ctZOc+G2EWQLgLSIUBC\\nIEASQnrbXub3x062zsxO25Lleb946Wbmmc985ynzPN95GrVsDQ1CSrBsDRbPSbQRBIUgqZlKkNRM\\nJUhqphLL1uDpz+Yk2gqCMjxw0RqSminDhmfX+H6oEmoGgUAgEAgEAoFAILBAHBUCgUAgEAgEAoGQ\\ndBBHhUAgEAgEAoFAICQdxFEhEAgEAoFAIBAISQdxVAgEAoFAIBAIBELSofH9r7G+5v+uHRp5mqKo\\njMy8\\/IL+46YsWnLtwzqdQdpturvavl3+4s6tK9pbT6jUmpy84mkzL5x\\/zs0Go0mUzoovX3vpqdtm\\nzr3sV4\\/8T8hN77yqXK3Wvr28WZrZKcnF89S01\\/vnZ9eMHj\\/74\\/f++v7rDwE484Lb7\\/jly5GBD+zb\\n9Mgv5zsdthlzlvz6Tx+KvZfMdFcq26Qwwan52INn7djyHaVS\\/e7xz6bMOJ81fFdnywO3TmxpOt6v\\npOLp17Yb09JF3Y4kqBxiXdwEQhJREeJQ3ARCElQRap32aZWbI49TQI5WV6rVz03P\\/mXhAL0qwZ93\\nOzzuSZWbtRR1YPQMUVe92Vy\\/pqe90eXUUFSRRnd2Zt7Vuf3SEv04McXt9X7S0fxR+8lah+2k26mh\\nVAUa7QC98dqcovOz8oNDvtPS8EBddbHOsGvktERZGwlJax8a\\/y\\/a6408TQMdbSc72k5WH9i6ZcPy\\nx55ZlZldIPYex4\\/u\\/\\/vDFzUcr\\/IfqT92YM\\...
2019-04-21 10:30:18:967 - info: [debug] [W3C] Responding to client with driver.getScreenshot() result: "iVBORw0KGgoAAAANSUhEUgAABDgAAAhwCAIAAABH2RmtAAAAA3NCSVQICAjb4U/gAAAgAElEQVR4\nnOydd3wUZf7HP7N9s5teSaGE0HtHEOnYCyr23v1Z77zzit55el7xLOfp2ctZOc+G2EWQLgLSIUBC\nIEASQnrbXub3x062zsxO25Lleb946Wbmmc985ynzPN95GrVsDQ1CSrBsDRbPSbQRBIUgqZlKkNRM\nJUhqphLL1uDpz+Yk2gqCMjxw0RqSminDhmfX+H6oEmoGgUAgEAgEAoFAILBAHBUCgUAgEAgEAoGQ\ndBBHhUAgEAgEAoFAICQdxFEhEAgEAoFAIBAISQdxVAgEAoFAIBAIBELSofH9r7G+5v+uHRp5mqKo\njMy8/IL+46YsWnLtwzqdQdpturvavl3+4s6tK9pbT6jUmpy84mkzL5x/zs0Go0mUzoovX3vpqdtm\nzr3sV4/8T8hN77yqXK3Wvr28WZrZKcnF89S01/vnZ9eMHj/74/f++v7rDwE484Lb7/jly5GBD+zb\n9Mgv5zsdthlzlvz6Tx+KvZfMdFcq26Qwwan52INn7djyHaVS/e7xz6bMOJ81fFdnywO3TmxpOt6v\npOLp17Yb09JF3Y4kqBxiXdwEQhJREeJQ3ARCElQRap32aZWbI49TQI5WV6rVz03P/mXhAL0qwZ93\nOzzuSZWbtRR1YPQMUVe92Vy/pqe90eXUUFSRRnd2Zt7Vuf3SEv04McXt9X7S0fxR+8lah+2k26mh\nVAUa7QC98dqcovOz8oNDvtPS8EBddbHOsGvktERZGwlJax8a/y/a6408TQMdbSc72k5WH9i6ZcPy\nx55ZlZldIPYex4/u//vDFzUcr/IfqT92YM/2H9at+u9v/vxpTm4/4VJrvnsHwKLzbhMS+KtPn7P0\ndGZk5ok1+NThoit+vX3zN/v3bFj19Zsz514+ZsLc4LNut+v15+5xOmw5ecU33fVPseIy013BbHOK\ncNPdz/...
2019-04-21 10:30:18:967 - info: [HTTP] <-- GET /wd/hub/session/3ba097ce-4cde-4e36-aebd-89265a15db72/screenshot 200 886 ms - 407234
2019-04-21 10:30:18:967 - info: [HTTP] 
2019-04-21 10:30:18:998 - info: [HTTP] --> GET /wd/hub/session/3ba097ce-4cde-4e36-aebd-89265a15db72/screenshot
2019-04-21 10:30:18:998 - info: [HTTP] {}
2019-04-21 10:30:18:998 - info: [debug] [W3C] Calling AppiumDriver.getScreenshot() with args: ["3ba097ce-4cde-4e36-aebd-89265a15db72"]
2019-04-21 10:30:18:998 - info: [debug] [JSONWP Proxy] Proxying [GET /screenshot] to [GET http://localhost:8201/wd/hub/session/51705656-984c-4ff0-94d7-1bd73c6025fc/screenshot] with no body
2019-04-21 10:30:19:868 - info: [debug] [JSONWP Proxy] Got response with status 200: "{\"sessionId\":\"51705656-984c-4ff0-94d7-1bd73c6025fc\",\"status\":0,\"value\":\"iVBORw0KGgoAAAANSUhEUgAABDgAAAhwCAIAAABH2RmtAAAAA3NCSVQICAjb4U\\/gAAAgAElEQVR4\\nnOydd3wUZf7HP7N9s5teSaGE0HtHEOlgV1Tsvfuz3nnnFb3z9LziWU7Ps5ezcp4NsYsgVRGQDgES\\nAgGSENLb9jK\\/P3aydWZ22pYsz\\/vFSzczz3zmO0+Z5\\/nO06jla2kQUoLla7FkTqKNICgESc1UgqRm\\nKkFSM5VYvhZPfTon0VYQlOH+C9eS1EwZNj6z1vdDlVAzCAQCgUAgEAgEAoEF4qgQCAQCgUAgEAiE\\npIM4KgQCgUAgEAgEAiHpII4KgUAgEAgEAoFASDqIo0IgEAgEAoFAIBCSDo3vf431Nf93zdDI0xRF\\nZWTm5Rf0Hzdl0dJrHtLpDNJu093V9s2KF3ZuXdneekKl1uTkFU+becH8s28yGE2idFZ+8eqLT946\\nc+6lv3r4f0JueseV5Wq19q0VzdLMTkkumqemvd4\\/P7N29PjZH7371\\/deexDA4vNvu\\/2XL0UGPrBv\\n08O\\/nO902GbMWfrrP30g9l4y012pbJPCBKfmow+cuWPLt5RK9bvHPp0y4zzW8F2dLfffMrGl6Xi\\/\\nkoqnXt1uTEsXdTuSoHKIdXETCElERYhDcRMISVBFqHXap1VujjxOATlaXalWPzc9+5eFA\\/SqBH\\/e\\n7fC4J1Vu1lLUgdEzRF31RnP92p72RpdTQ1FFGt1ZmXlX5fZLS\\/TjxBS31\\/txR\\/OH7SdrHbaTbqeG\\nUhVotAP0xmtyis7Lyg8O+XZLw\\/111cU6w66R0xJlbSQkrX1o\\/L9orzfyNA10tJ3saDtZfWDrlo0r\\nHn16dWZ2gdh7HD+6\\/+8PXdhwvMp\\/pP7YgT...
2019-04-21 10:30:19:884 - info: [debug] [W3C] Responding to client with driver.getScreenshot() result: "iVBORw0KGgoAAAANSUhEUgAABDgAAAhwCAIAAABH2RmtAAAAA3NCSVQICAjb4U/gAAAgAElEQVR4\nnOydd3wUZf7HP7N9s5teSaGE0HtHEOlgV1Tsvfuz3nnnFb3z9LziWU7Ps5ezcp4NsYsgVRGQDgES\nAgGSENLb9jK/P3aydWZ22pYsz/vFSzczz3zmO0+Z5/nO06jla2kQUoLla7FkTqKNICgESc1UgqRm\nKkFSM5VYvhZPfTon0VYQlOH+C9eS1EwZNj6z1vdDlVAzCAQCgUAgEAgEAoEF4qgQCAQCgUAgEAiE\npIM4KgQCgUAgEAgEAiHpII4KgUAgEAgEAoFASDqIo0IgEAgEAoFAIBCSDo3vf431Nf93zdDI0xRF\nZWTm5Rf0Hzdl0dJrHtLpDNJu093V9s2KF3ZuXdneekKl1uTkFU+becH8s28yGE2idFZ+8eqLT946\nc+6lv3r4f0JueseV5Wq19q0VzdLMTkkumqemvd4/P7N29PjZH7371/deexDA4vNvu/2XL0UGPrBv\n08O/nO902GbMWfrrP30g9l4y012pbJPCBKfmow+cuWPLt5RK9bvHPp0y4zzW8F2dLfffMrGl6Xi/\nkoqnXt1uTEsXdTuSoHKIdXETCElERYhDcRMISVBFqHXap1VujjxOATlaXalWPzc9+5eFA/SqBH/e\n7fC4J1Vu1lLUgdEzRF31RnP92p72RpdTQ1FFGt1ZmXlX5fZLS/TjxBS31/txR/OH7SdrHbaTbqeG\nUhVotAP0xmtyis7Lyg8O+XZLw/111cU6w66R0xJlbSQkrX1o/L9orzfyNA10tJ3saDtZfWDrlo0r\nHn16dWZ2gdh7HD+6/+8PXdhwvMp/pP7YgT3bv1+/+r+/+fMnObn9hEut/fZtAIvOvVVI4C8/+Zel\npzMjM0+swacOF17+6+2bv96/Z+Pqr96YOfeyMRPmBp91u12v/etup8OWk1d8453/FCsuM90VzDan\nCDfe9c...
2019-04-21 10:30:19:900 - info: [HTTP] <-- GET /wd/hub/session/3ba097ce-4cde-4e36-aebd-89265a15db72/screenshot 200 901 ms - 395096
2019-04-21 10:30:19:900 - info: [HTTP] 
2019-04-21 10:31:19:885 - warn: [BaseDriver] Shutting down because we waited 60 seconds for a command
2019-04-21 10:31:19:885 - info: [debug] [UiAutomator2] Deleting UiAutomator2 session
2019-04-21 10:31:19:889 - info: [debug] [UiAutomator2] Deleting UiAutomator2 server session
2019-04-21 10:31:19:889 - info: [debug] [JSONWP Proxy] Proxying [DELETE /] to [DELETE http://localhost:8201/wd/hub/session/51705656-984c-4ff0-94d7-1bd73c6025fc] with no body
2019-04-21 10:31:19:889 - warn: [Appium] Closing session, cause was 'New Command Timeout of 60 seconds expired. Try customizing the timeout using the 'newCommandTimeout' desired capability'
2019-04-21 10:31:19:889 - info: [Appium] Removing session 3ba097ce-4cde-4e36-aebd-89265a15db72 from our master session list
2019-04-21 10:31:19:921 - info: [debug] [JSONWP Proxy] Got response with status 200: "{\"sessionId\":\"51705656-984c-4ff0-94d7-1bd73c6025fc\",\"status\":0,\"value\":\"Session deleted\"}"
2019-04-21 10:31:19:921 - info: [debug] [UiAutomator2] Resetting IME to 'io.appium.android.ime/.UnicodeIME'
2019-04-21 10:31:19:921 - info: [debug] [ADB] Running 'E:\sdk\platform-tools\adb.exe -P 5037 -s 2116ca98 shell ime set io.appium.android.ime/.UnicodeIME'
2019-04-21 10:31:20:470 - info: [debug] [ADB] Running 'E:\sdk\platform-tools\adb.exe -P 5037 -s 2116ca98 shell am force-stop com.cy.patrol'
2019-04-21 10:31:21:043 - info: [debug] [Logcat] Stopping logcat capture
2019-04-21 10:31:21:047 - info: [debug] [ADB] Removing forwarded port socket connection: 8201 
2019-04-21 10:31:21:047 - info: [debug] [ADB] Running 'E:\sdk\platform-tools\adb.exe -P 5037 -s 2116ca98 forward --remove tcp\:8201'
2019-04-21 10:31:21:131 - info: [debug] [UiAutomator2] [UIAutomator2] io.appium.uiautomator2.server.test.AppiumUiAutomator2Server:.
2019-04-21 10:31:21:131 - info: [debug] [UiAutomator2] [UIAutomator2] Time: 72.048
2019-04-21 10:31:21:135 - info: [debug] [UiAutomator2] [UIAutomator2] OK (1 test)
