2019-04-22 13:52:33:488 - warn: [Appium] Appium support for versions of node < 8 has been deprecated and will be removed in a future version. Please upgrade!
2019-04-22 13:52:33:500 - info: [Appium] Welcome to Appium v1.8.1
2019-04-22 13:52:33:501 - info: [Appium] Non-default server args:
2019-04-22 13:52:33:502 - info: [Appium]   port: 4700
2019-04-22 13:52:33:502 - info: [Appium]   bootstrapPort: 4900
2019-04-22 13:52:33:502 - info: [Appium]   sessionOverride: true
2019-04-22 13:52:33:502 - info: [Appium]   log: D:/pythonProgram/Appium27/log/2116ca982019-04-22-21_52_30.log
2019-04-22 13:52:33:502 - info: [Appium]   udid: 2116ca98
2019-04-22 13:52:33:503 - info: [Appium]   noReset: true
2019-04-22 13:52:33:503 - warn: [Appium] Deprecated server args:
2019-04-22 13:52:33:503 - warn: [Appium]   -U,--udid => --default-capabilities '{"udid":"2116ca98"}'
2019-04-22 13:52:33:503 - warn: [Appium]   --no-reset => --default-capabilities '{"noReset":true}'
2019-04-22 13:52:33:504 - info: [Appium] Default capabilities, which will be added to each request unless overridden by desired capabilities:
2019-04-22 13:52:33:504 - info: [Appium]   udid: 2116ca98
2019-04-22 13:52:33:504 - info: [Appium]   noReset: true
2019-04-22 13:52:33:540 - info: [Appium] Appium REST http interface listener started on 0.0.0.0:4700
2019-04-22 13:52:53:117 - info: [HTTP] --> POST /wd/hub/session
2019-04-22 13:52:53:118 - info: [HTTP] {"capabilities":{"firstMatch":[{"appium:unicodeKeyboard":true,"appium:resetKeyboard":true,"appium:appWaitActivity":"com.cy.patrol.act.LoginAct","appium:automationName":"uiautomator2","appium:app":"E:\\work\\appium\\xcry_appium/apk/0421.apk","appium:deviceName":"2116ca98","platformName":"Android"}]},"desiredCapabilities":{"deviceName":"2116ca98","unicodeKeyboard":true,"app":"E:\\work\\appium\\xcry_appium/apk/0421.apk","appWaitActivity":"com.cy.patrol.act.LoginAct","resetKeyboard":true,"platformName":"Android","automationName":"uiautomator2"}}
2019-04-22 13:52:53:123 - info: [debug] [MJSONWP] Calling AppiumDriver.createSession() with args: [{"deviceName":"2116ca98","unicodeKeyboard":true,"app":"E:\\work\\appium\\xcry_appium/apk/0421.apk","appWaitActivity":"com.cy.patrol.act.LoginAct","resetKeyboard":true,"platformName":"Android","automationName":"uiautomator2"},null,{"firstMatch":[{"appium:unicodeKeyboard":true,"appium:resetKeyboard":true,"appium:appWaitActivity":"com.cy.patrol.act.LoginAct","appium:automationName":"uiautomator2","appium:app":"E:\\work\\appium\\xcry_appium/apk/0421.apk","appium:deviceName":"2116ca98","platformName":"Android"}]}]
2019-04-22 13:52:53:125 - info: [debug] [BaseDriver] Event 'newSessionRequested' logged at 1555941173125 (21:52:53 GMT+0800 (中国标准时间))
2019-04-22 13:52:53:132 - warn: [BaseDriver] The capabilities ["udid","noReset"] are not standard capabilities and should have an extension prefix
2019-04-22 13:52:53:142 - info: [Appium] Creating new AndroidUiautomator2Driver (v1.12.0) session
2019-04-22 13:52:53:142 - info: [Appium] Capabilities:
2019-04-22 13:52:53:143 - info: [Appium]   udid: 2116ca98
2019-04-22 13:52:53:143 - info: [Appium]   noReset: true
2019-04-22 13:52:53:143 - info: [Appium]   platformName: Android
2019-04-22 13:52:53:143 - info: [Appium]   unicodeKeyboard: true
2019-04-22 13:52:53:143 - info: [Appium]   resetKeyboard: true
2019-04-22 13:52:53:143 - info: [Appium]   appWaitActivity: com.cy.patrol.act.LoginAct
2019-04-22 13:52:53:144 - info: [Appium]   automationName: uiautomator2
2019-04-22 13:52:53:144 - info: [Appium]   app: E:\work\appium\xcry_appium/apk/0421.apk
2019-04-22 13:52:53:144 - info: [Appium]   deviceName: 2116ca98
2019-04-22 13:52:53:149 - info: [debug] [BaseDriver] W3C capabilities {"alwaysMatch":{"appium:udi... and MJSONWP desired capabilities [object Object] were provided
2019-04-22 13:52:53:149 - info: [debug] [BaseDriver] Creating session with W3C capabilities: {"alwaysMatch":{"appium:udi...
2019-04-22 13:52:53:167 - info: [BaseDriver] Session created with session id: 4464a0ca-46c7-459b-87cb-51596ba17101
2019-04-22 13:52:53:170 - info: [BaseDriver] Using local app 'E:\work\appium\xcry_appium/apk/0421.apk'
2019-04-22 13:52:53:171 - info: [debug] [UiAutomator2] Checking whether app is actually present
2019-04-22 13:52:53:579 - info: [debug] [AndroidDriver] Getting Java version
2019-04-22 13:52:53:794 - info: [AndroidDriver] Java version is: 1.8.0_151
2019-04-22 13:52:53:796 - info: [ADB] Checking whether adb is present
2019-04-22 13:52:53:802 - info: [ADB] Found 1 'build-tools' folders under 'E:\sdk' (newest first):
2019-04-22 13:52:53:802 - info: [ADB]     E:/sdk/build-tools/android-4.3
2019-04-22 13:52:53:803 - info: [ADB] Using adb.exe from E:\sdk\platform-tools\adb.exe
2019-04-22 13:52:53:803 - info: [AndroidDriver] Retrieving device list
2019-04-22 13:52:53:803 - info: [debug] [ADB] Trying to find a connected android device
2019-04-22 13:52:53:804 - info: [debug] [ADB] Getting connected devices...
2019-04-22 13:52:53:842 - info: [debug] [ADB] 1 device(s) connected
2019-04-22 13:52:53:844 - info: [AndroidDriver] Using device: 2116ca98
2019-04-22 13:52:53:848 - info: [debug] [ADB] Setting device id to 2116ca98
2019-04-22 13:52:53:851 - info: [debug] [ADB] Running 'E:\sdk\platform-tools\adb.exe -P 5037 -s 2116ca98 shell getprop ro.build.version.sdk'
2019-04-22 13:52:53:924 - info: [debug] [ADB] Current device property 'ro.build.version.sdk': 25
2019-04-22 13:52:53:925 - info: [debug] [ADB] Device API level: 25
2019-04-22 13:52:53:926 - info: [debug] [AndroidDriver] Parsing package and activity from app manifest
2019-04-22 13:52:53:931 - info: [ADB] Using the alternative activity name detection method because of: Could not find apkanalyzer.bat in E:\sdk\platform-tools\apkanalyzer.bat,E:\sdk\emulator\apkanalyzer.bat,E:\sdk\tools\apkanalyzer.bat,E:\sdk\tools\bin\apkanalyzer.bat,E:\sdk\build-tools\android-4.3\apkanalyzer.bat. Do you have the Android SDK installed at 'E:\sdk'?
2019-04-22 13:52:53:932 - info: [ADB] Checking whether aapt is present
2019-04-22 13:52:53:934 - info: [ADB] Using aapt.exe from E:\sdk\tools\aapt.exe
2019-04-22 13:52:53:936 - info: [ADB] Extracting package and launch activity from manifest
2019-04-22 13:52:53:975 - info: [ADB] Package name: 'com.cy.patrol'
2019-04-22 13:52:53:976 - info: [ADB] Main activity name: 'com.cy.patrol.act.LoadingAct'
2019-04-22 13:52:53:976 - info: [debug] [AndroidDriver] Parsed package and activity are: com.cy.patrol/com.cy.patrol.act.LoadingAct
2019-04-22 13:52:53:977 - info: [ADB] Getting device platform version
2019-04-22 13:52:53:977 - info: [debug] [ADB] Running 'E:\sdk\platform-tools\adb.exe -P 5037 -s 2116ca98 shell getprop ro.build.version.release'
2019-04-22 13:52:54:075 - info: [debug] [ADB] Current device property 'ro.build.version.release': 7.1.1
2019-04-22 13:52:54:078 - info: [debug] [ADB] Running 'E:\sdk\platform-tools\adb.exe -P 5037 -s 2116ca98 shell wm size'
2019-04-22 13:52:54:655 - info: [debug] [ADB] Running 'E:\sdk\platform-tools\adb.exe -P 5037 -s 2116ca98 shell wm density'
2019-04-22 13:52:55:200 - info: [debug] [ADB] Running 'E:\sdk\platform-tools\adb.exe -P 5037 -s 2116ca98 shell getprop ro.product.model'
2019-04-22 13:52:55:317 - info: [debug] [ADB] Current device property 'ro.product.model': OS103
2019-04-22 13:52:55:319 - info: [debug] [ADB] Running 'E:\sdk\platform-tools\adb.exe -P 5037 -s 2116ca98 shell getprop ro.product.manufacturer'
2019-04-22 13:52:55:431 - info: [debug] [ADB] Current device property 'ro.product.manufacturer': smartisan
2019-04-22 13:52:55:432 - info: [debug] [ADB] Device API level: 25
2019-04-22 13:52:55:437 - info: [debug] [ADB] Running 'E:\sdk\platform-tools\adb.exe -P 5037 -s 2116ca98 shell am force-stop io.appium.uiautomator2.server'
2019-04-22 13:52:56:057 - info: [debug] [ADB] Checking app cert for C:\Users\30280\AppData\Roaming\npm\node_modules\appium\node_modules\appium-uiautomator2-server\apks\appium-uiautomator2-server-v1.12.0.apk
2019-04-22 13:52:56:064 - warn: [ADB] Cannot use apksigner tool for signature verification. Defaulting to verify.jar. Original error: Could not find apksigner.bat in E:\sdk\platform-tools\apksigner.bat,E:\sdk\emulator\apksigner.bat,E:\sdk\tools\apksigner.bat,E:\sdk\tools\bin\apksigner.bat,E:\sdk\build-tools\android-4.3\apksigner.bat. Do you have the Android SDK installed at 'E:\sdk'?
2019-04-22 13:52:56:464 - info: [debug] [ADB] 'C:\Users\30280\AppData\Roaming\npm\node_modules\appium\node_modules\appium-uiautomator2-server\apks\appium-uiautomator2-server-v1.12.0.apk' is already signed.
2019-04-22 13:52:56:464 - info: [debug] [ADB] Checking app cert for C:\Users\30280\AppData\Roaming\npm\node_modules\appium\node_modules\appium-uiautomator2-server\apks\appium-uiautomator2-server-debug-androidTest.apk
2019-04-22 13:52:56:465 - warn: [ADB] Cannot use apksigner tool for signature verification. Defaulting to verify.jar. Original error: Could not find apksigner.bat in E:\sdk\platform-tools\apksigner.bat,E:\sdk\emulator\apksigner.bat,E:\sdk\tools\apksigner.bat,E:\sdk\tools\bin\apksigner.bat,E:\sdk\build-tools\android-4.3\apksigner.bat. Do you have the Android SDK installed at 'E:\sdk'?
2019-04-22 13:52:56:942 - info: [debug] [ADB] 'C:\Users\30280\AppData\Roaming\npm\node_modules\appium\node_modules\appium-uiautomator2-server\apks\appium-uiautomator2-server-debug-androidTest.apk' is already signed.
2019-04-22 13:52:56:946 - info: [debug] [ADB] Getting install status for io.appium.uiautomator2.server
2019-04-22 13:52:56:948 - info: [debug] [ADB] Running 'E:\sdk\platform-tools\adb.exe -P 5037 -s 2116ca98 shell pm list packages io.appium.uiautomator2.server'
2019-04-22 13:52:57:508 - info: [debug] [ADB] App is installed
2019-04-22 13:52:57:511 - info: [debug] [ADB] Getting package info for 'io.appium.uiautomator2.server'
2019-04-22 13:52:57:512 - info: [debug] [ADB] Running 'E:\sdk\platform-tools\adb.exe -P 5037 -s 2116ca98 shell dumpsys package io.appium.uiautomator2.server'
2019-04-22 13:52:57:664 - info: [debug] [ADB] The installed 'io.appium.uiautomator2.server' package does not require upgrade ('1.12.0' >= '1.12.0')
2019-04-22 13:52:57:667 - info: [debug] [ADB] Getting install status for io.appium.uiautomator2.server.test
2019-04-22 13:52:57:667 - info: [debug] [ADB] Running 'E:\sdk\platform-tools\adb.exe -P 5037 -s 2116ca98 shell pm list packages io.appium.uiautomator2.server.test'
2019-04-22 13:52:58:245 - info: [debug] [ADB] App is installed
2019-04-22 13:52:58:248 - info: [debug] [ADB] Getting package info for 'io.appium.uiautomator2.server.test'
2019-04-22 13:52:58:249 - info: [debug] [ADB] Running 'E:\sdk\platform-tools\adb.exe -P 5037 -s 2116ca98 shell dumpsys package io.appium.uiautomator2.server.test'
2019-04-22 13:52:58:424 - warn: [ADB] Cannot read version codes of 'C:\Users\30280\AppData\Roaming\npm\node_modules\appium\node_modules\appium-uiautomator2-server\apks\appium-uiautomator2-server-debug-androidTest.apk' and/or 'io.appium.uiautomator2.server.test'
2019-04-22 13:52:58:429 - warn: [ADB] Cannot read version names of 'C:\Users\30280\AppData\Roaming\npm\node_modules\appium\node_modules\appium-uiautomator2-server\apks\appium-uiautomator2-server-debug-androidTest.apk' and/or 'io.appium.uiautomator2.server.test'. Assuming correct app version is already installed
2019-04-22 13:52:58:430 - info: [debug] [UiAutomator2] Waiting up to 20000ms for instrumentation 'io.appium.uiautomator2.server.test/android.support.test.runner.AndroidJUnitRunner' to be available
2019-04-22 13:52:58:435 - info: [debug] [ADB] Running 'E:\sdk\platform-tools\adb.exe -P 5037 -s 2116ca98 shell pm list instrumentation'
2019-04-22 13:52:59:043 - info: [debug] [UiAutomator2] Instrumentation 'io.appium.uiautomator2.server.test/android.support.test.runner.AndroidJUnitRunner' available
2019-04-22 13:52:59:048 - info: [debug] [ADB] Running 'E:\sdk\platform-tools\adb.exe -P 5037 -s 2116ca98 wait-for-device'
2019-04-22 13:52:59:108 - info: [debug] [ADB] Running 'E:\sdk\platform-tools\adb.exe -P 5037 -s 2116ca98 shell echo ping'
2019-04-22 13:52:59:207 - info: [debug] [AndroidDriver] Pushing settings apk to device...
2019-04-22 13:52:59:209 - info: [debug] [ADB] Getting install status for io.appium.settings
2019-04-22 13:52:59:210 - info: [debug] [ADB] Running 'E:\sdk\platform-tools\adb.exe -P 5037 -s 2116ca98 shell pm list packages io.appium.settings'
2019-04-22 13:52:59:792 - info: [debug] [ADB] App is installed
2019-04-22 13:52:59:793 - info: [debug] [ADB] Getting package info for 'io.appium.settings'
2019-04-22 13:52:59:796 - info: [debug] [ADB] Running 'E:\sdk\platform-tools\adb.exe -P 5037 -s 2116ca98 shell dumpsys package io.appium.settings'
2019-04-22 13:52:59:971 - info: [debug] [ADB] The installed 'io.appium.settings' package does not require upgrade (13 > 5)
2019-04-22 13:52:59:974 - info: [debug] [ADB] Running 'E:\sdk\platform-tools\adb.exe -P 5037 -s 2116ca98 shell ps'
2019-04-22 13:53:00:165 - info: [debug] [AndroidDriver] io.appium.settings is already running. There is no need to reset its permissions.
2019-04-22 13:53:00:166 - info: [debug] [ADB] Device API level: 25
2019-04-22 13:53:00:166 - info: [debug] [ADB] Running 'E:\sdk\platform-tools\adb.exe -P 5037 -s 2116ca98 shell appops set io.appium.settings android\:mock_location allow'
2019-04-22 13:53:00:273 - warn: [AndroidDriver] setDeviceLanguageCountry requires language or country.
2019-04-22 13:53:00:274 - warn: [AndroidDriver] Got language: 'null' and country: 'null'
2019-04-22 13:53:00:279 - info: [debug] [Logcat] Starting logcat capture
2019-04-22 13:53:00:381 - info: [debug] [AndroidDriver] Enabling Unicode keyboard support
2019-04-22 13:53:00:381 - info: [debug] [AndroidDriver] Pushing unicode ime to device...
2019-04-22 13:53:00:385 - info: [debug] [ADB] Running 'E:\sdk\platform-tools\adb.exe -P 5037 -s 2116ca98 install C\:\\Users\\30280\\AppData\\Roaming\\npm\\node_modules\\appium\\node_modules\\appium-android-ime\\bin\\UnicodeIME-debug.apk'
2019-04-22 13:53:01:311 - info: [debug] [ADB] Install command stdout: Failure [INSTALL_FAILED_ALREADY_EXISTS: Attempt to re-install io.appium.android.ime without first uninstalling.]
2019-04-22 13:53:01:312 - info: [debug] [ADB] Application 'C:\Users\30280\AppData\Roaming\npm\node_modules\appium\node_modules\appium-android-ime\bin\UnicodeIME-debug.apk' already installed. Continuing.
2019-04-22 13:53:01:315 - info: [debug] [ADB] Running 'E:\sdk\platform-tools\adb.exe -P 5037 -s 2116ca98 shell settings get secure default_input_method'
2019-04-22 13:53:01:920 - info: [debug] [AndroidDriver] Unsetting previous IME com.iflytek.inputmethod.smartisan/com.iflytek.inputmethod.FlyIME
2019-04-22 13:53:01:921 - info: [debug] [AndroidDriver] Setting IME to 'io.appium.android.ime/.UnicodeIME'
2019-04-22 13:53:01:923 - info: [debug] [ADB] Running 'E:\sdk\platform-tools\adb.exe -P 5037 -s 2116ca98 shell ime enable io.appium.android.ime/.UnicodeIME'
2019-04-22 13:53:02:501 - info: [debug] [ADB] Running 'E:\sdk\platform-tools\adb.exe -P 5037 -s 2116ca98 shell ime set io.appium.android.ime/.UnicodeIME'
2019-04-22 13:53:03:100 - info: [debug] [AndroidDriver] Pushing unlock helper app to device...
2019-04-22 13:53:03:101 - info: [debug] [ADB] Getting install status for io.appium.unlock
2019-04-22 13:53:03:103 - info: [debug] [ADB] Running 'E:\sdk\platform-tools\adb.exe -P 5037 -s 2116ca98 shell pm list packages io.appium.unlock'
2019-04-22 13:53:03:672 - info: [debug] [ADB] App is installed
2019-04-22 13:53:03:673 - info: [debug] [ADB] Getting package info for 'io.appium.unlock'
2019-04-22 13:53:03:674 - info: [debug] [ADB] Running 'E:\sdk\platform-tools\adb.exe -P 5037 -s 2116ca98 shell dumpsys package io.appium.unlock'
2019-04-22 13:53:03:849 - info: [debug] [ADB] The installed 'io.appium.unlock' package does not require upgrade ('2.0.0' >= '2.0.0')
2019-04-22 13:53:03:850 - info: [debug] [UiAutomator2] Forwarding UiAutomator2 Server port 6790 to 8200
2019-04-22 13:53:03:852 - info: [debug] [ADB] Forwarding system: 8200 to device: 6790
2019-04-22 13:53:03:853 - info: [debug] [ADB] Running 'E:\sdk\platform-tools\adb.exe -P 5037 -s 2116ca98 forward tcp\:8200 tcp\:6790'
2019-04-22 13:53:03:934 - info: [debug] [ADB] Running 'E:\sdk\platform-tools\adb.exe -P 5037 -s 2116ca98 shell rm -rf /data/local/tmp/strings.json'
2019-04-22 13:53:04:037 - info: [debug] [AndroidDriver] Extracting strings from apk
2019-04-22 13:53:04:039 - info: [debug] [AndroidDriver] E:\work\appium\xcry_appium/apk/0421.apk
2019-04-22 13:53:04:040 - info: [debug] [AndroidDriver] null
2019-04-22 13:53:04:040 - info: [debug] [AndroidDriver] C:\Users\30280\AppData\Local\Temp\com.cy.patrol
2019-04-22 13:53:04:043 - info: [debug] [ADB] Extracting strings for language: default
2019-04-22 13:53:04:308 - info: [ADB] Successfully extracted 498 strings from 'E:\work\appium\xcry_appium/apk/0421.apk' resources for '(default)' configuration
2019-04-22 13:53:04:334 - info: [debug] [ADB] Running 'E:\sdk\platform-tools\adb.exe -P 5037 -s 2116ca98 push C\:\\Users\\30280\\AppData\\Local\\Temp\\com.cy.patrol\\strings.json /data/local/tmp'
2019-04-22 13:53:04:486 - info: [debug] [ADB] Checking app cert for E:\work\appium\xcry_appium/apk/0421.apk
2019-04-22 13:53:04:487 - warn: [ADB] Cannot use apksigner tool for signature verification. Defaulting to verify.jar. Original error: Could not find apksigner.bat in E:\sdk\platform-tools\apksigner.bat,E:\sdk\emulator\apksigner.bat,E:\sdk\tools\apksigner.bat,E:\sdk\tools\bin\apksigner.bat,E:\sdk\build-tools\android-4.3\apksigner.bat. Do you have the Android SDK installed at 'E:\sdk'?
2019-04-22 13:53:05:900 - info: [debug] [ADB] 'E:\work\appium\xcry_appium/apk/0421.apk' is already signed.
2019-04-22 13:53:05:902 - info: [debug] [ADB] Getting install status for com.cy.patrol
2019-04-22 13:53:05:902 - info: [debug] [ADB] Running 'E:\sdk\platform-tools\adb.exe -P 5037 -s 2116ca98 shell pm list packages com.cy.patrol'
2019-04-22 13:53:06:477 - info: [debug] [ADB] App is installed
2019-04-22 13:53:06:477 - info: [debug] [ADB] Getting package info for 'com.cy.patrol'
2019-04-22 13:53:06:478 - info: [debug] [ADB] Running 'E:\sdk\platform-tools\adb.exe -P 5037 -s 2116ca98 shell dumpsys package com.cy.patrol'
2019-04-22 13:53:06:722 - info: [debug] [ADB] The installed 'com.cy.patrol' package does not require upgrade ('1.0.0' >= '1.0.0')
2019-04-22 13:53:06:726 - info: [debug] [ADB] Running 'E:\sdk\platform-tools\adb.exe -P 5037 -s 2116ca98 shell am force-stop io.appium.uiautomator2.server'
2019-04-22 13:53:07:303 - info: [UiAutomator2] Starting uiautomator2 server 1.12.0
2019-04-22 13:53:07:305 - info: [UiAutomator2] Using UIAutomator2 server from 'C:\Users\30280\AppData\Roaming\npm\node_modules\appium\node_modules\appium-uiautomator2-server\apks\appium-uiautomator2-server-v1.12.0.apk' and test from 'C:\Users\30280\AppData\Roaming\npm\node_modules\appium\node_modules\appium-uiautomator2-server\apks\appium-uiautomator2-server-debug-androidTest.apk'
2019-04-22 13:53:07:307 - info: [UiAutomator2] Running command: 'adb -s 2116ca98 shell am instrument -w io.appium.uiautomator2.server.test/android.support.test.runner.AndroidJUnitRunner'
2019-04-22 13:53:07:314 - info: [UiAutomator2] Waiting up to 20000ms for UiAutomator2 to be online...
2019-04-22 13:53:07:319 - info: [debug] [JSONWP Proxy] Proxying [GET /status] to [GET http://localhost:8200/wd/hub/status] with no body
2019-04-22 13:53:08:367 - info: [debug] [JSONWP Proxy] Proxying [GET /status] to [GET http://localhost:8200/wd/hub/status] with no body
2019-04-22 13:53:09:386 - info: [debug] [JSONWP Proxy] Proxying [GET /status] to [GET http://localhost:8200/wd/hub/status] with no body
2019-04-22 13:53:10:452 - info: [debug] [JSONWP Proxy] Proxying [GET /status] to [GET http://localhost:8200/wd/hub/status] with no body
2019-04-22 13:53:10:512 - info: [debug] [JSONWP Proxy] Got response with status 200: "{\"sessionId\":\"SESSIONID\",\"status\":0,\"value\":\"Status Invoked\"}"
2019-04-22 13:53:10:515 - info: [debug] [JSONWP Proxy] Proxying [POST /session] to [POST http://localhost:8200/wd/hub/session] with body: {"desiredCapabilities":{"platform":"LINUX","webStorageEnabled":false,"takesScreenshot":true,"javascriptEnabled":true,"databaseEnabled":false,"networkConnectionEnabled":true,"locationContextEnabled":false,"warnings":{},"desired":{"platformName":"Android","udid":"2116ca98","noReset":true,"unicodeKeyboard":true,"resetKeyboard":true,"appWaitActivity":"com.cy.patrol.act.LoginAct","automationName":"uiautomator2","app":"E:\\work\\appium\\xcry_appium/apk/0421.apk","deviceName":"2116ca98"},"platformName":"Android","udid":"2116ca98","noReset":true,"unicodeKeyboard":true,"resetKeyboard":true,"appWaitActivity":"com.cy.patrol.act.LoginAct","automationName":"uiautomator2","app":"E:\\work\\appium\\xcry_appium/apk/0421.apk","deviceName":"2116ca98","deviceUDID":"2116ca98","platformVersion":"7.1.1","deviceScreenSize":"1080x2160","deviceScreenDensity":400,"deviceModel":"OS103","deviceManufacturer":"smartisan","deviceApiLevel":25,"appPackage":"com.cy.patrol"}}
2019-04-22 13:53:10:554 - info: [debug] [JSONWP Proxy] Got response with status 200: {"sessionId":"d581dfa2-a9dc-426f-9933-8153c53f1dfb","status":0,"value":"Created Session"}
2019-04-22 13:53:10:559 - info: [debug] [ADB] Running 'E:\sdk\platform-tools\adb.exe -P 5037 -s 2116ca98 shell dumpsys window'
2019-04-22 13:53:10:717 - info: [AndroidDriver] Screen already unlocked, doing nothing
2019-04-22 13:53:10:719 - info: [UiAutomator2] UiAutomator2 did not start the activity we were waiting for, 'com.cy.patrol/com.cy.patrol.act.LoginAct'. Starting it ourselves
2019-04-22 13:53:10:721 - info: [debug] [ADB] Device API level: 25
2019-04-22 13:53:10:723 - info: [debug] [ADB] Running 'E:\sdk\platform-tools\adb.exe -P 5037 -s 2116ca98 shell am start -W -n com.cy.patrol/com.cy.patrol.act.LoadingAct -S -a android.intent.action.MAIN -c android.intent.category.LAUNCHER -f 0x10200000'
2019-04-22 13:53:12:526 - info: [debug] [ADB] Waiting up to 20000ms for activity matching pkg: 'com.cy.patrol' and activity: 'com.cy.patrol.act.LoginAct' to be focused
2019-04-22 13:53:12:529 - info: [debug] [ADB] Possible activities, to be checked: 'com.cy.patrol.act.LoginAct', 'com.cy.patrol.com.cy.patrol.act.LoginAct'
2019-04-22 13:53:12:535 - info: [debug] [ADB] Getting focused package and activity
2019-04-22 13:53:12:536 - info: [debug] [ADB] Running 'E:\sdk\platform-tools\adb.exe -P 5037 -s 2116ca98 shell dumpsys window windows'
2019-04-22 13:53:12:706 - info: [debug] [ADB] Found package: 'com.cy.patrol' and fully qualified activity name : 'com.cy.patrol.act.LoginAct'
2019-04-22 13:53:12:710 - info: [debug] [JSONWP Proxy] Proxying [GET /appium/device/pixel_ratio] to [GET http://localhost:8200/wd/hub/session/d581dfa2-a9dc-426f-9933-8153c53f1dfb/appium/device/pixel_ratio] with body: {}
2019-04-22 13:53:12:731 - info: [debug] [JSONWP Proxy] Got response with status 200: "{\"sessionId\":\"d581dfa2-a9dc-426f-9933-8153c53f1dfb\",\"status\":0,\"value\":2.5}"
2019-04-22 13:53:12:734 - info: [debug] [JSONWP Proxy] Proxying [GET /appium/device/system_bars] to [GET http://localhost:8200/wd/hub/session/d581dfa2-a9dc-426f-9933-8153c53f1dfb/appium/device/system_bars] with body: {}
2019-04-22 13:53:12:755 - info: [debug] [JSONWP Proxy] Got response with status 200: "{\"sessionId\":\"d581dfa2-a9dc-426f-9933-8153c53f1dfb\",\"status\":0,\"value\":{\"statusBar\":60}}"
2019-04-22 13:53:12:758 - info: [debug] [JSONWP Proxy] Proxying [GET /window/current/size] to [GET http://localhost:8200/wd/hub/session/d581dfa2-a9dc-426f-9933-8153c53f1dfb/window/current/size] with body: {}
2019-04-22 13:53:12:776 - info: [debug] [JSONWP Proxy] Got response with status 200: "{\"sessionId\":\"d581dfa2-a9dc-426f-9933-8153c53f1dfb\",\"status\":0,\"value\":{\"height\":2070,\"width\":1080}}"
2019-04-22 13:53:12:780 - info: [Appium] New AndroidUiautomator2Driver session created successfully, session 4464a0ca-46c7-459b-87cb-51596ba17101 added to master session list
2019-04-22 13:53:12:784 - info: [debug] [BaseDriver] Event 'newSessionStarted' logged at 1555941192783 (21:53:12 GMT+0800 (中国标准时间))
2019-04-22 13:53:12:792 - info: [debug] [W3C] Responding to client with driver.createSession() result: {"capabilities":{"platform":"LINUX","webStorageEnabled":false,"takesScreenshot":true,"javascriptEnabled":true,"databaseEnabled":false,"networkConnectionEnabled":true,"locationContextEnabled":false,"warnings":{},"desired":{"platformName":"Android","udid":"2116ca98","noReset":true,"unicodeKeyboard":true,"resetKeyboard":true,"appWaitActivity":"com.cy.patrol.act.LoginAct","automationName":"uiautomator2","app":"E:\\work\\appium\\xcry_appium/apk/0421.apk","deviceName":"2116ca98"},"platformName":"Android","udid":"2116ca98","noReset":true,"unicodeKeyboard":true,"resetKeyboard":true,"appWaitActivity":"com.cy.patrol.act.LoginAct","automationName":"uiautomator2","app":"E:\\work\\appium\\xcry_appium/apk/0421.apk","deviceName":"2116ca98","deviceUDID":"2116ca98","platformVersion":"7.1.1","deviceScreenSize":"1080x2160","deviceScreenDensity":400,"deviceModel":"OS103","deviceManufacturer":"smartisan","deviceApiLevel":25,"appPackage":"com.cy.patrol","pixelRatio":2.5,"statBarHeight":60,"viewportRect":{"left":0,"top":60,"widt...
2019-04-22 13:53:12:814 - info: [HTTP] <-- POST /wd/hub/session 200 19685 ms - 1106
2019-04-22 13:53:12:814 - info: [HTTP] 
2019-04-22 13:53:12:872 - info: [HTTP] --> POST /wd/hub/session/4464a0ca-46c7-459b-87cb-51596ba17101/element
2019-04-22 13:53:12:874 - info: [HTTP] {"using":"id","sessionId":"4464a0ca-46c7-459b-87cb-51596ba17101","value":"com.cy.patrol:id/v_mobile"}
2019-04-22 13:53:12:883 - info: [debug] [W3C] Calling AppiumDriver.findElement() with args: ["id","com.cy.patrol:id/v_mobile","4464a0ca-46c7-459b-87cb-51596ba17101"]
2019-04-22 13:53:12:891 - info: [debug] [BaseDriver] Valid locator strategies for this request: xpath, id, class name, accessibility id, -android uiautomator
2019-04-22 13:53:12:893 - info: [debug] [BaseDriver] Waiting up to 0 ms for condition
2019-04-22 13:53:12:900 - info: [debug] [JSONWP Proxy] Proxying [POST /element] to [POST http://localhost:8200/wd/hub/session/d581dfa2-a9dc-426f-9933-8153c53f1dfb/element] with body: {"strategy":"id","selector":"com.cy.patrol:id/v_mobile","context":"","multiple":false}
2019-04-22 13:53:13:208 - info: [debug] [JSONWP Proxy] Got response with status 200: {"sessionId":"d581dfa2-a9dc-426f-9933-8153c53f1dfb","status":0,"value":{"ELEMENT":"a116c72d-6f47-4752-9c12-15a20e3859d6"}}
2019-04-22 13:53:13:213 - info: [debug] [W3C] Responding to client with driver.findElement() result: {"element-6066-11e4-a52e-4f735466cecf":"a116c72d-6f47-4752-9c12-15a20e3859d6"}
2019-04-22 13:53:13:218 - info: [HTTP] <-- POST /wd/hub/session/4464a0ca-46c7-459b-87cb-51596ba17101/element 200 343 ms - 88
2019-04-22 13:53:13:219 - info: [HTTP] 
2019-04-22 13:53:13:225 - info: [HTTP] --> POST /wd/hub/session/4464a0ca-46c7-459b-87cb-51596ba17101/element/a116c72d-6f47-4752-9c12-15a20e3859d6/value
2019-04-22 13:53:13:226 - info: [HTTP] {"text":"15234093915","sessionId":"4464a0ca-46c7-459b-87cb-51596ba17101","id":"a116c72d-6f47-4752-9c12-15a20e3859d6","value":["1","5","2","3","4","0","9","3","9","1","5"]}
2019-04-22 13:53:13:229 - info: [debug] [W3C] Calling AppiumDriver.setValue() with args: [["1","5","2","3","4","0","9","3","9","1","5"],"a116c72d-6f47-4752-9c12-15a20e3859d6","4464a0ca-46c7-459b-87cb-51596ba17101"]
2019-04-22 13:53:13:233 - info: [debug] [JSONWP Proxy] Proxying [POST /element/a116c72d-6f47-4752-9c12-15a20e3859d6/value] to [POST http://localhost:8200/wd/hub/session/d581dfa2-a9dc-426f-9933-8153c53f1dfb/element/a116c72d-6f47-4752-9c12-15a20e3859d6/value] with body: {"elementId":"a116c72d-6f47-4752-9c12-15a20e3859d6","text":"15234093915","replace":false,"unicodeKeyboard":true}
2019-04-22 13:53:13:896 - info: [debug] [JSONWP Proxy] Got response with status 200: {"sessionId":"d581dfa2-a9dc-426f-9933-8153c53f1dfb","status":0,"value":""}
2019-04-22 13:53:13:899 - info: [debug] [W3C] Responding to client with driver.setValue() result: ""
2019-04-22 13:53:13:903 - info: [HTTP] <-- POST /wd/hub/session/4464a0ca-46c7-459b-87cb-51596ba17101/element/a116c72d-6f47-4752-9c12-15a20e3859d6/value 200 677 ms - 12
2019-04-22 13:53:13:907 - info: [HTTP] 
2019-04-22 13:53:13:911 - info: [HTTP] --> POST /wd/hub/session/4464a0ca-46c7-459b-87cb-51596ba17101/element
2019-04-22 13:53:13:912 - info: [HTTP] {"using":"id","sessionId":"4464a0ca-46c7-459b-87cb-51596ba17101","value":"com.cy.patrol:id/v_pwd"}
2019-04-22 13:53:13:913 - info: [debug] [W3C] Calling AppiumDriver.findElement() with args: ["id","com.cy.patrol:id/v_pwd","4464a0ca-46c7-459b-87cb-51596ba17101"]
2019-04-22 13:53:13:918 - info: [debug] [BaseDriver] Valid locator strategies for this request: xpath, id, class name, accessibility id, -android uiautomator
2019-04-22 13:53:13:919 - info: [debug] [BaseDriver] Waiting up to 0 ms for condition
2019-04-22 13:53:13:921 - info: [debug] [JSONWP Proxy] Proxying [POST /element] to [POST http://localhost:8200/wd/hub/session/d581dfa2-a9dc-426f-9933-8153c53f1dfb/element] with body: {"strategy":"id","selector":"com.cy.patrol:id/v_pwd","context":"","multiple":false}
2019-04-22 13:53:14:426 - info: [debug] [JSONWP Proxy] Got response with status 200: {"sessionId":"d581dfa2-a9dc-426f-9933-8153c53f1dfb","status":0,"value":{"ELEMENT":"9bc093af-a1e0-459a-ba90-f634628c055c"}}
2019-04-22 13:53:14:430 - info: [debug] [W3C] Responding to client with driver.findElement() result: {"element-6066-11e4-a52e-4f735466cecf":"9bc093af-a1e0-459a-ba90-f634628c055c"}
2019-04-22 13:53:14:432 - info: [HTTP] <-- POST /wd/hub/session/4464a0ca-46c7-459b-87cb-51596ba17101/element 200 520 ms - 88
2019-04-22 13:53:14:432 - info: [HTTP] 
2019-04-22 13:53:14:440 - info: [HTTP] --> POST /wd/hub/session/4464a0ca-46c7-459b-87cb-51596ba17101/element/9bc093af-a1e0-459a-ba90-f634628c055c/value
2019-04-22 13:53:14:441 - info: [HTTP] {"text":"@@@@@@","sessionId":"4464a0ca-46c7-459b-87cb-51596ba17101","id":"9bc093af-a1e0-459a-ba90-f634628c055c","value":["@","@","@","@","@","@"]}
2019-04-22 13:53:14:443 - info: [debug] [W3C] Calling AppiumDriver.setValue() with args: [["@","@","@","@","@","@"],"9bc093af-a1e0-459a-ba90-f634628c055c","4464a0ca-46c7-459b-87cb-51596ba17101"]
2019-04-22 13:53:14:447 - info: [debug] [JSONWP Proxy] Proxying [POST /element/9bc093af-a1e0-459a-ba90-f634628c055c/value] to [POST http://localhost:8200/wd/hub/session/d581dfa2-a9dc-426f-9933-8153c53f1dfb/element/9bc093af-a1e0-459a-ba90-f634628c055c/value] with body: {"elementId":"9bc093af-a1e0-459a-ba90-f634628c055c","text":"@@@@@@","replace":false,"unicodeKeyboard":true}
2019-04-22 13:53:15:038 - info: [debug] [JSONWP Proxy] Got response with status 200: {"sessionId":"d581dfa2-a9dc-426f-9933-8153c53f1dfb","status":0,"value":""}
2019-04-22 13:53:15:042 - info: [debug] [W3C] Responding to client with driver.setValue() result: ""
2019-04-22 13:53:15:044 - info: [HTTP] <-- POST /wd/hub/session/4464a0ca-46c7-459b-87cb-51596ba17101/element/9bc093af-a1e0-459a-ba90-f634628c055c/value 200 603 ms - 12
2019-04-22 13:53:15:045 - info: [HTTP] 
2019-04-22 13:53:15:052 - info: [HTTP] --> POST /wd/hub/session/4464a0ca-46c7-459b-87cb-51596ba17101/element
2019-04-22 13:53:15:052 - info: [HTTP] {"using":"id","sessionId":"4464a0ca-46c7-459b-87cb-51596ba17101","value":"com.cy.patrol:id/l_login"}
2019-04-22 13:53:15:055 - info: [debug] [W3C] Calling AppiumDriver.findElement() with args: ["id","com.cy.patrol:id/l_login","4464a0ca-46c7-459b-87cb-51596ba17101"]
2019-04-22 13:53:15:058 - info: [debug] [BaseDriver] Valid locator strategies for this request: xpath, id, class name, accessibility id, -android uiautomator
2019-04-22 13:53:15:059 - info: [debug] [BaseDriver] Waiting up to 0 ms for condition
2019-04-22 13:53:15:060 - info: [debug] [JSONWP Proxy] Proxying [POST /element] to [POST http://localhost:8200/wd/hub/session/d581dfa2-a9dc-426f-9933-8153c53f1dfb/element] with body: {"strategy":"id","selector":"com.cy.patrol:id/l_login","context":"","multiple":false}
2019-04-22 13:53:15:550 - info: [debug] [JSONWP Proxy] Got response with status 200: {"sessionId":"d581dfa2-a9dc-426f-9933-8153c53f1dfb","status":0,"value":{"ELEMENT":"2c9348ee-fbbc-454c-9e0e-62999e462dd3"}}
2019-04-22 13:53:15:554 - info: [debug] [W3C] Responding to client with driver.findElement() result: {"element-6066-11e4-a52e-4f735466cecf":"2c9348ee-fbbc-454c-9e0e-62999e462dd3"}
2019-04-22 13:53:15:560 - info: [HTTP] <-- POST /wd/hub/session/4464a0ca-46c7-459b-87cb-51596ba17101/element 200 505 ms - 88
2019-04-22 13:53:15:561 - info: [HTTP] 
2019-04-22 13:53:15:565 - info: [HTTP] --> POST /wd/hub/session/4464a0ca-46c7-459b-87cb-51596ba17101/element/2c9348ee-fbbc-454c-9e0e-62999e462dd3/click
2019-04-22 13:53:15:566 - info: [HTTP] {"sessionId":"4464a0ca-46c7-459b-87cb-51596ba17101","id":"2c9348ee-fbbc-454c-9e0e-62999e462dd3"}
2019-04-22 13:53:15:567 - info: [debug] [W3C] Calling AppiumDriver.click() with args: ["2c9348ee-fbbc-454c-9e0e-62999e462dd3","4464a0ca-46c7-459b-87cb-51596ba17101"]
2019-04-22 13:53:15:569 - info: [debug] [JSONWP Proxy] Proxying [POST /element/2c9348ee-fbbc-454c-9e0e-62999e462dd3/click] to [POST http://localhost:8200/wd/hub/session/d581dfa2-a9dc-426f-9933-8153c53f1dfb/element/2c9348ee-fbbc-454c-9e0e-62999e462dd3/click] with body: {"element":"2c9348ee-fbbc-454c-9e0e-62999e462dd3"}
2019-04-22 13:53:17:255 - info: [debug] [JSONWP Proxy] Got response with status 200: {"sessionId":"d581dfa2-a9dc-426f-9933-8153c53f1dfb","status":0,"value":true}
2019-04-22 13:53:17:256 - info: [debug] [W3C] Responding to client with driver.click() result: true
2019-04-22 13:53:17:259 - info: [HTTP] <-- POST /wd/hub/session/4464a0ca-46c7-459b-87cb-51596ba17101/element/2c9348ee-fbbc-454c-9e0e-62999e462dd3/click 200 1693 ms - 14
2019-04-22 13:53:17:260 - info: [HTTP] 
2019-04-22 13:53:17:267 - info: [HTTP] --> POST /wd/hub/session/4464a0ca-46c7-459b-87cb-51596ba17101/element
2019-04-22 13:53:17:268 - info: [HTTP] {"using":"id","sessionId":"4464a0ca-46c7-459b-87cb-51596ba17101","value":"com.cy.patrol:id/v_title"}
2019-04-22 13:53:17:269 - info: [debug] [W3C] Calling AppiumDriver.findElement() with args: ["id","com.cy.patrol:id/v_title","4464a0ca-46c7-459b-87cb-51596ba17101"]
2019-04-22 13:53:17:270 - info: [debug] [BaseDriver] Valid locator strategies for this request: xpath, id, class name, accessibility id, -android uiautomator
2019-04-22 13:53:17:272 - info: [debug] [BaseDriver] Waiting up to 0 ms for condition
2019-04-22 13:53:17:273 - info: [debug] [JSONWP Proxy] Proxying [POST /element] to [POST http://localhost:8200/wd/hub/session/d581dfa2-a9dc-426f-9933-8153c53f1dfb/element] with body: {"strategy":"id","selector":"com.cy.patrol:id/v_title","context":"","multiple":false}
2019-04-22 13:53:17:324 - info: [debug] [JSONWP Proxy] Got response with status 200: {"sessionId":"d581dfa2-a9dc-426f-9933-8153c53f1dfb","status":0,"value":{"ELEMENT":"33e3bd28-d8fa-4daa-a104-fed40dc53ec0"}}
2019-04-22 13:53:17:327 - info: [debug] [W3C] Responding to client with driver.findElement() result: {"element-6066-11e4-a52e-4f735466cecf":"33e3bd28-d8fa-4daa-a104-fed40dc53ec0"}
2019-04-22 13:53:17:329 - info: [HTTP] <-- POST /wd/hub/session/4464a0ca-46c7-459b-87cb-51596ba17101/element 200 62 ms - 88
2019-04-22 13:53:17:330 - info: [HTTP] 
2019-04-22 13:53:17:341 - info: [HTTP] --> GET /wd/hub/session/4464a0ca-46c7-459b-87cb-51596ba17101/element/33e3bd28-d8fa-4daa-a104-fed40dc53ec0/text
2019-04-22 13:53:17:341 - info: [HTTP] {}
2019-04-22 13:53:17:346 - info: [W3C] Driver proxy active, passing request on via HTTP proxy
2019-04-22 13:53:17:350 - info: [debug] [JSONWP Proxy] Proxying [GET /wd/hub/session/4464a0ca-46c7-459b-87cb-51596ba17101/element/33e3bd28-d8fa-4daa-a104-fed40dc53ec0/text] to [GET http://localhost:8200/wd/hub/session/d581dfa2-a9dc-426f-9933-8153c53f1dfb/element/33e3bd28-d8fa-4daa-a104-fed40dc53ec0/text] with body: {}
2019-04-22 13:53:17:382 - info: [debug] [JSONWP Proxy] Got response with status 200: "{\"sessionId\":\"d581dfa2-a9dc-426f-9933-8153c53f1dfb\",\"status\":0,\"value\":\"万博智慧交通\"}"
2019-04-22 13:53:17:383 - info: [JSONWP Proxy] Replacing sessionId d581dfa2-a9dc-426f-9933-8153c53f1dfb with 4464a0ca-46c7-459b-87cb-51596ba17101
2019-04-22 13:53:17:388 - info: [HTTP] <-- GET /wd/hub/session/4464a0ca-46c7-459b-87cb-51596ba17101/element/33e3bd28-d8fa-4daa-a104-fed40dc53ec0/text 200 45 ms - 92
2019-04-22 13:53:17:388 - info: [HTTP] 
2019-04-22 13:53:17:393 - info: [HTTP] --> DELETE /wd/hub/session/4464a0ca-46c7-459b-87cb-51596ba17101
2019-04-22 13:53:17:394 - info: [HTTP] {}
2019-04-22 13:53:17:395 - info: [debug] [W3C] Calling AppiumDriver.deleteSession() with args: ["4464a0ca-46c7-459b-87cb-51596ba17101"]
2019-04-22 13:53:17:396 - info: [debug] [BaseDriver] Event 'quitSessionRequested' logged at 1555941197395 (21:53:17 GMT+0800 (中国标准时间))
2019-04-22 13:53:17:399 - info: [Appium] Removing session 4464a0ca-46c7-459b-87cb-51596ba17101 from our master session list
2019-04-22 13:53:17:403 - info: [debug] [UiAutomator2] Deleting UiAutomator2 session
2019-04-22 13:53:17:408 - info: [debug] [UiAutomator2] Deleting UiAutomator2 server session
2019-04-22 13:53:17:409 - info: [debug] [JSONWP Proxy] Proxying [DELETE /] to [DELETE http://localhost:8200/wd/hub/session/d581dfa2-a9dc-426f-9933-8153c53f1dfb] with no body
2019-04-22 13:53:17:427 - info: [debug] [JSONWP Proxy] Got response with status 200: "{\"sessionId\":\"d581dfa2-a9dc-426f-9933-8153c53f1dfb\",\"status\":0,\"value\":\"Session deleted\"}"
2019-04-22 13:53:17:427 - info: [debug] [UiAutomator2] Resetting IME to 'com.iflytek.inputmethod.smartisan/com.iflytek.inputmethod.FlyIME'
2019-04-22 13:53:17:428 - info: [debug] [ADB] Running 'E:\sdk\platform-tools\adb.exe -P 5037 -s 2116ca98 shell ime set com.iflytek.inputmethod.smartisan/com.iflytek.inputmethod.FlyIME'
2019-04-22 13:53:18:006 - info: [debug] [ADB] Running 'E:\sdk\platform-tools\adb.exe -P 5037 -s 2116ca98 shell am force-stop com.cy.patrol'
2019-04-22 13:53:18:517 - info: [debug] [UiAutomator2] [UIAutomator2] io.appium.uiautomator2.server.test.AppiumUiAutomator2Server:.
2019-04-22 13:53:18:518 - info: [debug] [UiAutomator2] [UIAutomator2] Time: 9.02
2019-04-22 13:53:18:518 - info: [debug] [UiAutomator2] [UIAutomator2] OK (1 test)
2019-04-22 13:53:18:720 - info: [debug] [Logcat] Stopping logcat capture
2019-04-22 13:53:18:739 - info: [debug] [ADB] Removing forwarded port socket connection: 8200 
2019-04-22 13:53:18:741 - info: [debug] [ADB] Running 'E:\sdk\platform-tools\adb.exe -P 5037 -s 2116ca98 forward --remove tcp\:8200'
2019-04-22 13:53:18:839 - info: [debug] [BaseDriver] Event 'quitSessionFinished' logged at 1555941198839 (21:53:18 GMT+0800 (中国标准时间))
2019-04-22 13:53:18:840 - info: [debug] [W3C] Received response: null
2019-04-22 13:53:18:841 - info: [debug] [W3C] But deleting session, so not returning
2019-04-22 13:53:18:841 - info: [debug] [W3C] Responding to client with driver.deleteSession() result: null
2019-04-22 13:53:18:843 - info: [HTTP] <-- DELETE /wd/hub/session/4464a0ca-46c7-459b-87cb-51596ba17101 200 1450 ms - 14
2019-04-22 13:53:18:844 - info: [HTTP] 
