2019-04-21 12:32:35:638 - warn: [Appium] Appium support for versions of node < 8 has been deprecated and will be removed in a future version. Please upgrade!
2019-04-21 12:32:35:652 - info: [Appium] Welcome to Appium v1.8.1
2019-04-21 12:32:35:652 - info: [Appium] Non-default server args:
2019-04-21 12:32:35:653 - info: [Appium]   port: 4700
2019-04-21 12:32:35:653 - info: [Appium]   bootstrapPort: 4900
2019-04-21 12:32:35:653 - info: [Appium]   sessionOverride: true
2019-04-21 12:32:35:653 - info: [Appium]   log: D:/pythonProgram/Appium27/log/2116ca982019-04-21-20_32_33.log
2019-04-21 12:32:35:653 - info: [Appium]   udid: 2116ca98
2019-04-21 12:32:35:653 - info: [Appium]   noReset: true
2019-04-21 12:32:35:654 - warn: [Appium] Deprecated server args:
2019-04-21 12:32:35:654 - warn: [Appium]   -U,--udid => --default-capabilities '{"udid":"2116ca98"}'
2019-04-21 12:32:35:654 - warn: [Appium]   --no-reset => --default-capabilities '{"noReset":true}'
2019-04-21 12:32:35:654 - info: [Appium] Default capabilities, which will be added to each request unless overridden by desired capabilities:
2019-04-21 12:32:35:654 - info: [Appium]   udid: 2116ca98
2019-04-21 12:32:35:655 - info: [Appium]   noReset: true
2019-04-21 12:32:35:691 - info: [Appium] Appium REST http interface listener started on 0.0.0.0:4700
2019-04-21 12:32:54:094 - info: [HTTP] --> POST /wd/hub/session
2019-04-21 12:32:54:095 - info: [HTTP] {"capabilities":{"firstMatch":[{"appium:unicodeKeyboard":true,"appium:resetKeyboard":true,"appium:appWaitActivity":"com.cy.patrol.act.LoginAct","appium:automationName":"uiautomator2","appium:app":"E:\\work\\appium\\xcry_appium/apk/ryxc.apk","appium:deviceName":"2116ca98","platformName":"Android"}]},"desiredCapabilities":{"deviceName":"2116ca98","unicodeKeyboard":true,"app":"E:\\work\\appium\\xcry_appium/apk/ryxc.apk","appWaitActivity":"com.cy.patrol.act.LoginAct","resetKeyboard":true,"platformName":"Android","automationName":"uiautomator2"}}
2019-04-21 12:32:54:097 - info: [debug] [MJSONWP] Calling AppiumDriver.createSession() with args: [{"deviceName":"2116ca98","unicodeKeyboard":true,"app":"E:\\work\\appium\\xcry_appium/apk/ryxc.apk","appWaitActivity":"com.cy.patrol.act.LoginAct","resetKeyboard":true,"platformName":"Android","automationName":"uiautomator2"},null,{"firstMatch":[{"appium:unicodeKeyboard":true,"appium:resetKeyboard":true,"appium:appWaitActivity":"com.cy.patrol.act.LoginAct","appium:automationName":"uiautomator2","appium:app":"E:\\work\\appium\\xcry_appium/apk/ryxc.apk","appium:deviceName":"2116ca98","platformName":"Android"}]}]
2019-04-21 12:32:54:098 - info: [debug] [BaseDriver] Event 'newSessionRequested' logged at 1555849974098 (20:32:54 GMT+0800 (中国标准时间))
2019-04-21 12:32:54:101 - warn: [BaseDriver] The capabilities ["udid","noReset"] are not standard capabilities and should have an extension prefix
2019-04-21 12:32:54:106 - info: [Appium] Creating new AndroidUiautomator2Driver (v1.12.0) session
2019-04-21 12:32:54:106 - info: [Appium] Capabilities:
2019-04-21 12:32:54:106 - info: [Appium]   udid: 2116ca98
2019-04-21 12:32:54:106 - info: [Appium]   noReset: true
2019-04-21 12:32:54:111 - info: [Appium]   platformName: Android
2019-04-21 12:32:54:111 - info: [Appium]   unicodeKeyboard: true
2019-04-21 12:32:54:111 - info: [Appium]   resetKeyboard: true
2019-04-21 12:32:54:111 - info: [Appium]   appWaitActivity: com.cy.patrol.act.LoginAct
2019-04-21 12:32:54:111 - info: [Appium]   automationName: uiautomator2
2019-04-21 12:32:54:112 - info: [Appium]   app: E:\work\appium\xcry_appium/apk/ryxc.apk
2019-04-21 12:32:54:112 - info: [Appium]   deviceName: 2116ca98
2019-04-21 12:32:54:115 - info: [debug] [BaseDriver] W3C capabilities {"alwaysMatch":{"appium:udi... and MJSONWP desired capabilities [object Object] were provided
2019-04-21 12:32:54:115 - info: [debug] [BaseDriver] Creating session with W3C capabilities: {"alwaysMatch":{"appium:udi...
2019-04-21 12:32:54:128 - info: [BaseDriver] Session created with session id: f284e1a8-c189-4904-9d08-6c95c46a8e3f
2019-04-21 12:32:54:131 - info: [BaseDriver] Using local app 'E:\work\appium\xcry_appium/apk/ryxc.apk'
2019-04-21 12:32:54:131 - info: [debug] [UiAutomator2] Checking whether app is actually present
2019-04-21 12:32:54:542 - info: [debug] [AndroidDriver] Getting Java version
2019-04-21 12:32:54:706 - info: [AndroidDriver] Java version is: 1.8.0_151
2019-04-21 12:32:54:708 - info: [ADB] Checking whether adb is present
2019-04-21 12:32:54:713 - info: [ADB] Found 1 'build-tools' folders under 'E:\sdk' (newest first):
2019-04-21 12:32:54:713 - info: [ADB]     E:/sdk/build-tools/android-4.3
2019-04-21 12:32:54:714 - info: [ADB] Using adb.exe from E:\sdk\platform-tools\adb.exe
2019-04-21 12:32:54:714 - info: [AndroidDriver] Retrieving device list
2019-04-21 12:32:54:714 - info: [debug] [ADB] Trying to find a connected android device
2019-04-21 12:32:54:715 - info: [debug] [ADB] Getting connected devices...
2019-04-21 12:32:54:742 - info: [debug] [ADB] 1 device(s) connected
2019-04-21 12:32:54:745 - info: [AndroidDriver] Using device: 2116ca98
2019-04-21 12:32:54:750 - info: [debug] [ADB] Setting device id to 2116ca98
2019-04-21 12:32:54:755 - info: [debug] [ADB] Running 'E:\sdk\platform-tools\adb.exe -P 5037 -s 2116ca98 shell getprop ro.build.version.sdk'
2019-04-21 12:32:54:801 - info: [debug] [ADB] Current device property 'ro.build.version.sdk': 25
2019-04-21 12:32:54:801 - info: [debug] [ADB] Device API level: 25
2019-04-21 12:32:54:802 - info: [debug] [AndroidDriver] Parsing package and activity from app manifest
2019-04-21 12:32:54:806 - info: [ADB] Using the alternative activity name detection method because of: Could not find apkanalyzer.bat in E:\sdk\platform-tools\apkanalyzer.bat,E:\sdk\emulator\apkanalyzer.bat,E:\sdk\tools\apkanalyzer.bat,E:\sdk\tools\bin\apkanalyzer.bat,E:\sdk\build-tools\android-4.3\apkanalyzer.bat. Do you have the Android SDK installed at 'E:\sdk'?
2019-04-21 12:32:54:807 - info: [ADB] Checking whether aapt is present
2019-04-21 12:32:54:808 - info: [ADB] Using aapt.exe from E:\sdk\tools\aapt.exe
2019-04-21 12:32:54:808 - info: [ADB] Extracting package and launch activity from manifest
2019-04-21 12:32:54:838 - info: [ADB] Package name: 'com.cy.patrol'
2019-04-21 12:32:54:838 - info: [ADB] Main activity name: 'com.cy.patrol.act.LoadingAct'
2019-04-21 12:32:54:839 - info: [debug] [AndroidDriver] Parsed package and activity are: com.cy.patrol/com.cy.patrol.act.LoadingAct
2019-04-21 12:32:54:840 - info: [ADB] Getting device platform version
2019-04-21 12:32:54:840 - info: [debug] [ADB] Running 'E:\sdk\platform-tools\adb.exe -P 5037 -s 2116ca98 shell getprop ro.build.version.release'
2019-04-21 12:32:54:892 - info: [debug] [ADB] Current device property 'ro.build.version.release': 7.1.1
2019-04-21 12:32:54:893 - info: [debug] [ADB] Running 'E:\sdk\platform-tools\adb.exe -P 5037 -s 2116ca98 shell wm size'
2019-04-21 12:32:55:428 - info: [debug] [ADB] Running 'E:\sdk\platform-tools\adb.exe -P 5037 -s 2116ca98 shell wm density'
2019-04-21 12:32:55:981 - info: [debug] [ADB] Running 'E:\sdk\platform-tools\adb.exe -P 5037 -s 2116ca98 shell getprop ro.product.model'
2019-04-21 12:32:56:038 - info: [debug] [ADB] Current device property 'ro.product.model': OS103
2019-04-21 12:32:56:040 - info: [debug] [ADB] Running 'E:\sdk\platform-tools\adb.exe -P 5037 -s 2116ca98 shell getprop ro.product.manufacturer'
2019-04-21 12:32:56:094 - info: [debug] [ADB] Current device property 'ro.product.manufacturer': smartisan
2019-04-21 12:32:56:095 - info: [debug] [ADB] Device API level: 25
2019-04-21 12:32:56:098 - info: [debug] [ADB] Running 'E:\sdk\platform-tools\adb.exe -P 5037 -s 2116ca98 shell am force-stop io.appium.uiautomator2.server'
2019-04-21 12:32:56:637 - info: [debug] [ADB] Checking app cert for C:\Users\30280\AppData\Roaming\npm\node_modules\appium\node_modules\appium-uiautomator2-server\apks\appium-uiautomator2-server-v1.12.0.apk
2019-04-21 12:32:56:644 - warn: [ADB] Cannot use apksigner tool for signature verification. Defaulting to verify.jar. Original error: Could not find apksigner.bat in E:\sdk\platform-tools\apksigner.bat,E:\sdk\emulator\apksigner.bat,E:\sdk\tools\apksigner.bat,E:\sdk\tools\bin\apksigner.bat,E:\sdk\build-tools\android-4.3\apksigner.bat. Do you have the Android SDK installed at 'E:\sdk'?
2019-04-21 12:32:56:928 - info: [debug] [ADB] 'C:\Users\30280\AppData\Roaming\npm\node_modules\appium\node_modules\appium-uiautomator2-server\apks\appium-uiautomator2-server-v1.12.0.apk' is already signed.
2019-04-21 12:32:56:928 - info: [debug] [ADB] Checking app cert for C:\Users\30280\AppData\Roaming\npm\node_modules\appium\node_modules\appium-uiautomator2-server\apks\appium-uiautomator2-server-debug-androidTest.apk
2019-04-21 12:32:56:929 - warn: [ADB] Cannot use apksigner tool for signature verification. Defaulting to verify.jar. Original error: Could not find apksigner.bat in E:\sdk\platform-tools\apksigner.bat,E:\sdk\emulator\apksigner.bat,E:\sdk\tools\apksigner.bat,E:\sdk\tools\bin\apksigner.bat,E:\sdk\build-tools\android-4.3\apksigner.bat. Do you have the Android SDK installed at 'E:\sdk'?
2019-04-21 12:32:57:219 - info: [debug] [ADB] 'C:\Users\30280\AppData\Roaming\npm\node_modules\appium\node_modules\appium-uiautomator2-server\apks\appium-uiautomator2-server-debug-androidTest.apk' is already signed.
2019-04-21 12:32:57:221 - info: [debug] [ADB] Getting install status for io.appium.uiautomator2.server
2019-04-21 12:32:57:221 - info: [debug] [ADB] Running 'E:\sdk\platform-tools\adb.exe -P 5037 -s 2116ca98 shell pm list packages io.appium.uiautomator2.server'
2019-04-21 12:32:57:738 - info: [debug] [ADB] App is installed
2019-04-21 12:32:57:740 - info: [debug] [ADB] Getting package info for 'io.appium.uiautomator2.server'
2019-04-21 12:32:57:742 - info: [debug] [ADB] Running 'E:\sdk\platform-tools\adb.exe -P 5037 -s 2116ca98 shell dumpsys package io.appium.uiautomator2.server'
2019-04-21 12:32:57:839 - info: [debug] [ADB] The installed 'io.appium.uiautomator2.server' package does not require upgrade ('1.12.0' >= '1.12.0')
2019-04-21 12:32:57:840 - info: [debug] [ADB] Getting install status for io.appium.uiautomator2.server.test
2019-04-21 12:32:57:841 - info: [debug] [ADB] Running 'E:\sdk\platform-tools\adb.exe -P 5037 -s 2116ca98 shell pm list packages io.appium.uiautomator2.server.test'
2019-04-21 12:32:58:377 - info: [debug] [ADB] App is installed
2019-04-21 12:32:58:380 - info: [debug] [ADB] Getting package info for 'io.appium.uiautomator2.server.test'
2019-04-21 12:32:58:380 - info: [debug] [ADB] Running 'E:\sdk\platform-tools\adb.exe -P 5037 -s 2116ca98 shell dumpsys package io.appium.uiautomator2.server.test'
2019-04-21 12:32:58:479 - warn: [ADB] Cannot read version codes of 'C:\Users\30280\AppData\Roaming\npm\node_modules\appium\node_modules\appium-uiautomator2-server\apks\appium-uiautomator2-server-debug-androidTest.apk' and/or 'io.appium.uiautomator2.server.test'
2019-04-21 12:32:58:480 - warn: [ADB] Cannot read version names of 'C:\Users\30280\AppData\Roaming\npm\node_modules\appium\node_modules\appium-uiautomator2-server\apks\appium-uiautomator2-server-debug-androidTest.apk' and/or 'io.appium.uiautomator2.server.test'. Assuming correct app version is already installed
2019-04-21 12:32:58:480 - info: [debug] [UiAutomator2] Waiting up to 20000ms for instrumentation 'io.appium.uiautomator2.server.test/android.support.test.runner.AndroidJUnitRunner' to be available
2019-04-21 12:32:58:481 - info: [debug] [ADB] Running 'E:\sdk\platform-tools\adb.exe -P 5037 -s 2116ca98 shell pm list instrumentation'
2019-04-21 12:32:58:989 - info: [debug] [UiAutomator2] Instrumentation 'io.appium.uiautomator2.server.test/android.support.test.runner.AndroidJUnitRunner' available
2019-04-21 12:32:58:992 - info: [debug] [ADB] Running 'E:\sdk\platform-tools\adb.exe -P 5037 -s 2116ca98 wait-for-device'
2019-04-21 12:32:59:035 - info: [debug] [ADB] Running 'E:\sdk\platform-tools\adb.exe -P 5037 -s 2116ca98 shell echo ping'
2019-04-21 12:32:59:070 - info: [debug] [AndroidDriver] Pushing settings apk to device...
2019-04-21 12:32:59:070 - info: [debug] [ADB] Getting install status for io.appium.settings
2019-04-21 12:32:59:070 - info: [debug] [ADB] Running 'E:\sdk\platform-tools\adb.exe -P 5037 -s 2116ca98 shell pm list packages io.appium.settings'
2019-04-21 12:32:59:599 - info: [debug] [ADB] App is installed
2019-04-21 12:32:59:600 - info: [debug] [ADB] Getting package info for 'io.appium.settings'
2019-04-21 12:32:59:602 - info: [debug] [ADB] Running 'E:\sdk\platform-tools\adb.exe -P 5037 -s 2116ca98 shell dumpsys package io.appium.settings'
2019-04-21 12:32:59:744 - info: [debug] [ADB] The installed 'io.appium.settings' package does not require upgrade (13 > 5)
2019-04-21 12:32:59:745 - info: [debug] [ADB] Running 'E:\sdk\platform-tools\adb.exe -P 5037 -s 2116ca98 shell ps'
2019-04-21 12:32:59:868 - info: [debug] [AndroidDriver] io.appium.settings is already running. There is no need to reset its permissions.
2019-04-21 12:32:59:870 - info: [debug] [ADB] Device API level: 25
2019-04-21 12:32:59:872 - info: [debug] [ADB] Running 'E:\sdk\platform-tools\adb.exe -P 5037 -s 2116ca98 shell appops set io.appium.settings android\:mock_location allow'
2019-04-21 12:32:59:969 - warn: [AndroidDriver] setDeviceLanguageCountry requires language or country.
2019-04-21 12:32:59:969 - warn: [AndroidDriver] Got language: 'null' and country: 'null'
2019-04-21 12:32:59:972 - info: [debug] [Logcat] Starting logcat capture
2019-04-21 12:33:00:020 - info: [debug] [AndroidDriver] Enabling Unicode keyboard support
2019-04-21 12:33:00:020 - info: [debug] [AndroidDriver] Pushing unicode ime to device...
2019-04-21 12:33:00:021 - info: [debug] [ADB] Running 'E:\sdk\platform-tools\adb.exe -P 5037 -s 2116ca98 install C\:\\Users\\30280\\AppData\\Roaming\\npm\\node_modules\\appium\\node_modules\\appium-android-ime\\bin\\UnicodeIME-debug.apk'
2019-04-21 12:33:00:807 - info: [debug] [ADB] Install command stdout: Failure [INSTALL_FAILED_ALREADY_EXISTS: Attempt to re-install io.appium.android.ime without first uninstalling.]
2019-04-21 12:33:00:807 - info: [debug] [ADB] Application 'C:\Users\30280\AppData\Roaming\npm\node_modules\appium\node_modules\appium-android-ime\bin\UnicodeIME-debug.apk' already installed. Continuing.
2019-04-21 12:33:00:808 - info: [debug] [ADB] Running 'E:\sdk\platform-tools\adb.exe -P 5037 -s 2116ca98 shell settings get secure default_input_method'
2019-04-21 12:33:01:361 - info: [debug] [AndroidDriver] Unsetting previous IME io.appium.android.ime/.UnicodeIME
2019-04-21 12:33:01:362 - info: [debug] [AndroidDriver] Setting IME to 'io.appium.android.ime/.UnicodeIME'
2019-04-21 12:33:01:363 - info: [debug] [ADB] Running 'E:\sdk\platform-tools\adb.exe -P 5037 -s 2116ca98 shell ime enable io.appium.android.ime/.UnicodeIME'
2019-04-21 12:33:01:929 - info: [debug] [ADB] Running 'E:\sdk\platform-tools\adb.exe -P 5037 -s 2116ca98 shell ime set io.appium.android.ime/.UnicodeIME'
2019-04-21 12:33:02:490 - info: [debug] [AndroidDriver] Pushing unlock helper app to device...
2019-04-21 12:33:02:490 - info: [debug] [ADB] Getting install status for io.appium.unlock
2019-04-21 12:33:02:492 - info: [debug] [ADB] Running 'E:\sdk\platform-tools\adb.exe -P 5037 -s 2116ca98 shell pm list packages io.appium.unlock'
2019-04-21 12:33:03:046 - info: [debug] [ADB] App is installed
2019-04-21 12:33:03:047 - info: [debug] [ADB] Getting package info for 'io.appium.unlock'
2019-04-21 12:33:03:048 - info: [debug] [ADB] Running 'E:\sdk\platform-tools\adb.exe -P 5037 -s 2116ca98 shell dumpsys package io.appium.unlock'
2019-04-21 12:33:03:195 - info: [debug] [ADB] The installed 'io.appium.unlock' package does not require upgrade ('2.0.0' >= '2.0.0')
2019-04-21 12:33:03:195 - info: [debug] [UiAutomator2] Forwarding UiAutomator2 Server port 6790 to 8205
2019-04-21 12:33:03:196 - info: [debug] [ADB] Forwarding system: 8205 to device: 6790
2019-04-21 12:33:03:197 - info: [debug] [ADB] Running 'E:\sdk\platform-tools\adb.exe -P 5037 -s 2116ca98 forward tcp\:8205 tcp\:6790'
2019-04-21 12:33:03:253 - info: [debug] [ADB] Running 'E:\sdk\platform-tools\adb.exe -P 5037 -s 2116ca98 shell rm -rf /data/local/tmp/strings.json'
2019-04-21 12:33:03:297 - info: [debug] [AndroidDriver] Extracting strings from apk
2019-04-21 12:33:03:299 - info: [debug] [AndroidDriver] E:\work\appium\xcry_appium/apk/ryxc.apk
2019-04-21 12:33:03:300 - info: [debug] [AndroidDriver] null
2019-04-21 12:33:03:300 - info: [debug] [AndroidDriver] C:\Users\30280\AppData\Local\Temp\com.cy.patrol
2019-04-21 12:33:03:301 - info: [debug] [ADB] Extracting strings for language: default
2019-04-21 12:33:03:472 - info: [ADB] Successfully extracted 498 strings from 'E:\work\appium\xcry_appium/apk/ryxc.apk' resources for '(default)' configuration
2019-04-21 12:33:03:484 - info: [debug] [ADB] Running 'E:\sdk\platform-tools\adb.exe -P 5037 -s 2116ca98 push C\:\\Users\\30280\\AppData\\Local\\Temp\\com.cy.patrol\\strings.json /data/local/tmp'
2019-04-21 12:33:03:535 - info: [debug] [ADB] Checking app cert for E:\work\appium\xcry_appium/apk/ryxc.apk
2019-04-21 12:33:03:535 - warn: [ADB] Cannot use apksigner tool for signature verification. Defaulting to verify.jar. Original error: Could not find apksigner.bat in E:\sdk\platform-tools\apksigner.bat,E:\sdk\emulator\apksigner.bat,E:\sdk\tools\apksigner.bat,E:\sdk\tools\bin\apksigner.bat,E:\sdk\build-tools\android-4.3\apksigner.bat. Do you have the Android SDK installed at 'E:\sdk'?
2019-04-21 12:33:04:708 - info: [debug] [ADB] 'E:\work\appium\xcry_appium/apk/ryxc.apk' is already signed.
2019-04-21 12:33:04:709 - info: [debug] [ADB] Getting install status for com.cy.patrol
2019-04-21 12:33:04:709 - info: [debug] [ADB] Running 'E:\sdk\platform-tools\adb.exe -P 5037 -s 2116ca98 shell pm list packages com.cy.patrol'
2019-04-21 12:33:05:227 - info: [debug] [ADB] App is not installed
2019-04-21 12:33:05:229 - info: [debug] [ADB] App 'E:\work\appium\xcry_appium/apk/ryxc.apk' not installed. Installing
2019-04-21 12:33:05:230 - info: [debug] [ADB] Running 'E:\sdk\platform-tools\adb.exe -P 5037 -s 2116ca98 install E\:\\work\\appium\\xcry_appium/apk/ryxc.apk'
2019-04-21 12:33:24:261 - info: [debug] [ADB] Install command stdout: Success
2019-04-21 12:33:24:266 - info: [debug] [ADB] Running 'E:\sdk\platform-tools\adb.exe -P 5037 -s 2116ca98 shell am force-stop io.appium.uiautomator2.server'
2019-04-21 12:33:24:891 - info: [UiAutomator2] Starting uiautomator2 server 1.12.0
2019-04-21 12:33:24:893 - info: [UiAutomator2] Using UIAutomator2 server from 'C:\Users\30280\AppData\Roaming\npm\node_modules\appium\node_modules\appium-uiautomator2-server\apks\appium-uiautomator2-server-v1.12.0.apk' and test from 'C:\Users\30280\AppData\Roaming\npm\node_modules\appium\node_modules\appium-uiautomator2-server\apks\appium-uiautomator2-server-debug-androidTest.apk'
2019-04-21 12:33:24:895 - info: [UiAutomator2] Running command: 'adb -s 2116ca98 shell am instrument -w io.appium.uiautomator2.server.test/android.support.test.runner.AndroidJUnitRunner'
2019-04-21 12:33:24:903 - info: [UiAutomator2] Waiting up to 20000ms for UiAutomator2 to be online...
2019-04-21 12:33:24:908 - info: [debug] [JSONWP Proxy] Proxying [GET /status] to [GET http://localhost:8205/wd/hub/status] with no body
2019-04-21 12:33:25:943 - info: [debug] [JSONWP Proxy] Proxying [GET /status] to [GET http://localhost:8205/wd/hub/status] with no body
2019-04-21 12:33:26:961 - info: [debug] [JSONWP Proxy] Proxying [GET /status] to [GET http://localhost:8205/wd/hub/status] with no body
2019-04-21 12:33:27:972 - info: [debug] [JSONWP Proxy] Proxying [GET /status] to [GET http://localhost:8205/wd/hub/status] with no body
2019-04-21 12:33:28:027 - info: [debug] [JSONWP Proxy] Got response with status 200: "{\"sessionId\":\"SESSIONID\",\"status\":0,\"value\":\"Status Invoked\"}"
2019-04-21 12:33:28:036 - info: [debug] [JSONWP Proxy] Proxying [POST /session] to [POST http://localhost:8205/wd/hub/session] with body: {"desiredCapabilities":{"platform":"LINUX","webStorageEnabled":false,"takesScreenshot":true,"javascriptEnabled":true,"databaseEnabled":false,"networkConnectionEnabled":true,"locationContextEnabled":false,"warnings":{},"desired":{"platformName":"Android","udid":"2116ca98","noReset":true,"unicodeKeyboard":true,"resetKeyboard":true,"appWaitActivity":"com.cy.patrol.act.LoginAct","automationName":"uiautomator2","app":"E:\\work\\appium\\xcry_appium/apk/ryxc.apk","deviceName":"2116ca98"},"platformName":"Android","udid":"2116ca98","noReset":true,"unicodeKeyboard":true,"resetKeyboard":true,"appWaitActivity":"com.cy.patrol.act.LoginAct","automationName":"uiautomator2","app":"E:\\work\\appium\\xcry_appium/apk/ryxc.apk","deviceName":"2116ca98","deviceUDID":"2116ca98","platformVersion":"7.1.1","deviceScreenSize":"1080x2160","deviceScreenDensity":400,"deviceModel":"OS103","deviceManufacturer":"smartisan","deviceApiLevel":25,"appPackage":"com.cy.patrol"}}
2019-04-21 12:33:28:071 - info: [debug] [JSONWP Proxy] Got response with status 200: {"sessionId":"686ca8a2-615f-4b0b-afa0-c91284f3cbb5","status":0,"value":"Created Session"}
2019-04-21 12:33:28:074 - info: [debug] [ADB] Running 'E:\sdk\platform-tools\adb.exe -P 5037 -s 2116ca98 shell dumpsys window'
2019-04-21 12:33:28:202 - info: [AndroidDriver] Screen already unlocked, doing nothing
2019-04-21 12:33:28:204 - info: [UiAutomator2] UiAutomator2 did not start the activity we were waiting for, 'com.cy.patrol/com.cy.patrol.act.LoginAct'. Starting it ourselves
2019-04-21 12:33:28:207 - info: [debug] [ADB] Device API level: 25
2019-04-21 12:33:28:209 - info: [debug] [ADB] Running 'E:\sdk\platform-tools\adb.exe -P 5037 -s 2116ca98 shell am start -W -n com.cy.patrol/com.cy.patrol.act.LoadingAct -S -a android.intent.action.MAIN -c android.intent.category.LAUNCHER -f 0x10200000'
2019-04-21 12:33:30:140 - info: [debug] [ADB] Waiting up to 20000ms for activity matching pkg: 'com.cy.patrol' and activity: 'com.cy.patrol.act.LoginAct' to be focused
2019-04-21 12:33:30:142 - info: [debug] [ADB] Possible activities, to be checked: 'com.cy.patrol.act.LoginAct', 'com.cy.patrol.com.cy.patrol.act.LoginAct'
2019-04-21 12:33:30:146 - info: [debug] [ADB] Getting focused package and activity
2019-04-21 12:33:30:147 - info: [debug] [ADB] Running 'E:\sdk\platform-tools\adb.exe -P 5037 -s 2116ca98 shell dumpsys window windows'
2019-04-21 12:33:30:270 - info: [debug] [ADB] Found package: 'com.cy.patrol' and fully qualified activity name : 'com.cy.patrol.act.LoginAct'
2019-04-21 12:33:30:271 - info: [debug] [JSONWP Proxy] Proxying [GET /appium/device/pixel_ratio] to [GET http://localhost:8205/wd/hub/session/686ca8a2-615f-4b0b-afa0-c91284f3cbb5/appium/device/pixel_ratio] with body: {}
2019-04-21 12:33:30:292 - info: [debug] [JSONWP Proxy] Got response with status 200: "{\"sessionId\":\"686ca8a2-615f-4b0b-afa0-c91284f3cbb5\",\"status\":0,\"value\":2.5}"
2019-04-21 12:33:30:295 - info: [debug] [JSONWP Proxy] Proxying [GET /appium/device/system_bars] to [GET http://localhost:8205/wd/hub/session/686ca8a2-615f-4b0b-afa0-c91284f3cbb5/appium/device/system_bars] with body: {}
2019-04-21 12:33:30:314 - info: [debug] [JSONWP Proxy] Got response with status 200: "{\"sessionId\":\"686ca8a2-615f-4b0b-afa0-c91284f3cbb5\",\"status\":0,\"value\":{\"statusBar\":60}}"
2019-04-21 12:33:30:317 - info: [debug] [JSONWP Proxy] Proxying [GET /window/current/size] to [GET http://localhost:8205/wd/hub/session/686ca8a2-615f-4b0b-afa0-c91284f3cbb5/window/current/size] with body: {}
2019-04-21 12:33:30:338 - info: [debug] [JSONWP Proxy] Got response with status 200: "{\"sessionId\":\"686ca8a2-615f-4b0b-afa0-c91284f3cbb5\",\"status\":0,\"value\":{\"height\":2070,\"width\":1080}}"
2019-04-21 12:33:30:342 - info: [Appium] New AndroidUiautomator2Driver session created successfully, session f284e1a8-c189-4904-9d08-6c95c46a8e3f added to master session list
2019-04-21 12:33:30:344 - info: [debug] [BaseDriver] Event 'newSessionStarted' logged at 1555850010343 (20:33:30 GMT+0800 (中国标准时间))
2019-04-21 12:33:30:349 - info: [debug] [W3C] Responding to client with driver.createSession() result: {"capabilities":{"platform":"LINUX","webStorageEnabled":false,"takesScreenshot":true,"javascriptEnabled":true,"databaseEnabled":false,"networkConnectionEnabled":true,"locationContextEnabled":false,"warnings":{},"desired":{"platformName":"Android","udid":"2116ca98","noReset":true,"unicodeKeyboard":true,"resetKeyboard":true,"appWaitActivity":"com.cy.patrol.act.LoginAct","automationName":"uiautomator2","app":"E:\\work\\appium\\xcry_appium/apk/ryxc.apk","deviceName":"2116ca98"},"platformName":"Android","udid":"2116ca98","noReset":true,"unicodeKeyboard":true,"resetKeyboard":true,"appWaitActivity":"com.cy.patrol.act.LoginAct","automationName":"uiautomator2","app":"E:\\work\\appium\\xcry_appium/apk/ryxc.apk","deviceName":"2116ca98","deviceUDID":"2116ca98","platformVersion":"7.1.1","deviceScreenSize":"1080x2160","deviceScreenDensity":400,"deviceModel":"OS103","deviceManufacturer":"smartisan","deviceApiLevel":25,"appPackage":"com.cy.patrol","pixelRatio":2.5,"statBarHeight":60,"viewportRect":{"left":0,"top":60,"widt...
2019-04-21 12:33:30:358 - info: [HTTP] <-- POST /wd/hub/session 200 36259 ms - 1106
2019-04-21 12:33:30:358 - info: [HTTP] 
2019-04-21 12:33:30:371 - info: [HTTP] --> POST /wd/hub/session/f284e1a8-c189-4904-9d08-6c95c46a8e3f/element
2019-04-21 12:33:30:371 - info: [HTTP] {"using":"id","sessionId":"f284e1a8-c189-4904-9d08-6c95c46a8e3f","value":"com.cy.patrol:id/v_mobile"}
2019-04-21 12:33:30:375 - info: [debug] [W3C] Calling AppiumDriver.findElement() with args: ["id","com.cy.patrol:id/v_mobile","f284e1a8-c189-4904-9d08-6c95c46a8e3f"]
2019-04-21 12:33:30:377 - info: [debug] [BaseDriver] Valid locator strategies for this request: xpath, id, class name, accessibility id, -android uiautomator
2019-04-21 12:33:30:378 - info: [debug] [BaseDriver] Waiting up to 0 ms for condition
2019-04-21 12:33:30:380 - info: [debug] [JSONWP Proxy] Proxying [POST /element] to [POST http://localhost:8205/wd/hub/session/686ca8a2-615f-4b0b-afa0-c91284f3cbb5/element] with body: {"strategy":"id","selector":"com.cy.patrol:id/v_mobile","context":"","multiple":false}
2019-04-21 12:33:30:826 - error: [W3C] Encountered internal error running command:  {"w3cStatus":400,"jsonwp":{"sessionId":"686ca8a2-615f-4b0b-afa0-c91284f3cbb5","status":7,"value":"An element could not be located on the page using the given search parameters."}} ProxyRequestError: Could not proxy command to remote server. Original error: 500 - {"sessionId":"686ca8a2-615f-4b0b-afa0-c91284f3cbb5","status":7,"value":"An element could not be located on the page using the given search parameters."}
2019-04-21 12:33:30:826 - error: [W3C]     at JWProxy.proxy$ (C:\Users\30280\AppData\Roaming\npm\node_modules\appium\node_modules\appium-base-driver\lib\jsonwp-proxy\proxy.js:152:13)
2019-04-21 12:33:30:826 - error: [W3C]     at tryCatch (C:\Users\30280\AppData\Roaming\npm\node_modules\appium\node_modules\babel-runtime\regenerator\runtime.js:67:40)
2019-04-21 12:33:30:826 - error: [W3C]     at GeneratorFunctionPrototype.invoke [as _invoke] (C:\Users\30280\AppData\Roaming\npm\node_modules\appium\node_modules\babel-runtime\regenerator\runtime.js:315:22)
2019-04-21 12:33:30:826 - error: [W3C]     at GeneratorFunctionPrototype.prototype.(anonymous function) [as throw] (C:\Users\30280\AppData\Roaming\npm\node_modules\appium\node_modules\babel-runtime\regenerator\runtime.js:100:21)
2019-04-21 12:33:30:826 - error: [W3C]     at GeneratorFunctionPrototype.invoke (C:\Users\30280\AppData\Roaming\npm\node_modules\appium\node_modules\babel-runtime\regenerator\runtime.js:136:37)
2019-04-21 12:33:30:826 - info: [debug] [MJSONWP] Matched JSONWP error code 7 to NoSuchElementError
2019-04-21 12:33:30:844 - info: [HTTP] <-- POST /wd/hub/session/f284e1a8-c189-4904-9d08-6c95c46a8e3f/element 404 473 ms - 1424
2019-04-21 12:33:30:844 - info: [HTTP] 
2019-04-21 12:33:30:848 - info: [HTTP] --> GET /wd/hub/session/f284e1a8-c189-4904-9d08-6c95c46a8e3f/screenshot
2019-04-21 12:33:30:848 - info: [HTTP] {}
2019-04-21 12:33:30:850 - info: [debug] [W3C] Calling AppiumDriver.getScreenshot() with args: ["f284e1a8-c189-4904-9d08-6c95c46a8e3f"]
2019-04-21 12:33:30:852 - info: [debug] [JSONWP Proxy] Proxying [GET /screenshot] to [GET http://localhost:8205/wd/hub/session/686ca8a2-615f-4b0b-afa0-c91284f3cbb5/screenshot] with no body
2019-04-21 12:33:31:409 - info: [debug] [JSONWP Proxy] Got response with status 200: "{\"sessionId\":\"686ca8a2-615f-4b0b-afa0-c91284f3cbb5\",\"status\":0,\"value\":\"iVBORw0KGgoAAAANSUhEUgAABDgAAAhwCAIAAABH2RmtAAAAA3NCSVQICAjb4U\\/gAAAgAElEQVR4\\nnOzdeZwcdYH\\/\\/093V99z9VyZK5lkkgm5ExKSEM6EJCSyHCs8RAFRV0Fw3e\\/qd0XZh6vuTxdk9ff1\\n8XW\\/62+\\/CuuB64WwIkQRBUNCQkISchByTjL3fU\\/fd\\/fvj9rUFt09ne6enpmayev54PFgurqqujqf\\nqZp61+fS7dq1S2BW2LVr1x133DHdR4H8oDRnE0pzNqE0Z5Ndu3Z988CB6T4K5MeXr7tuCkrz4FNP\\nTfZHQE0\\/3QcAAAAAAIkIKgAAAAA0h6ACAAAAQHMIKgAAAAA0h6ACAAAAQHMk+X+9vb2PPPJI8ts6\\nna6oqKiiouLqq6\\/+8Ic\\/bDKZcvsYt9v9yiuvHD9+fGRkxGAwlJaWXnvttdu3b7dYLFnt549\\/\\/OP3\\nvve9G2644fHHH8\\/kQx9++GGDwfDzn\\/88t8Oele688854PP7Nb35z5cqVv\\/71r\\/\\/jP\\/5DCLFz587P\\nfvazySufO3fuK1\\/5SjAYzPDfPMEEyz1fvzazmLo0\\/\\/Ef\\/\\/HYsWM6ne4rX\\/nKhg0bUq7vcrk+\\/\\/nP\\nDw4OVldXf\\/e737XZbFl9HAU6EZN9umWIQsyLKTjdMkSB5kVbOLzh\\/Pnk5TohSiWpzmjcUlDwhcpK\\ns0439cemNhaLrT1\\/3qjTnV+yJKutfjg0tMfr7Y9EDEJUSdIHioo+Wlpqm+6vM6ki8fh\\/Op2\\/Hhtr\\nD4X6wmFJr58jSfUm00dLSu4sLlav+ezIyBd6empNpncXL56uo1VM8JQcGxt76aWX3nvvvdHR0YKC\\ngsrKys...
2019-04-21 12:33:31:413 - info: [debug] [W3C] Responding to client with driver.getScreenshot() result: "iVBORw0KGgoAAAANSUhEUgAABDgAAAhwCAIAAABH2RmtAAAAA3NCSVQICAjb4U/gAAAgAElEQVR4\nnOzdeZwcdYH//093V99z9VyZK5lkkgm5ExKSEM6EJCSyHCs8RAFRV0Fw3e/qd0XZh6vuTxdk9ff1\n8XW/62+/CuuB64WwIkQRBUNCQkISchByTjL3fU/fd/fvj9rUFt09ne6enpmayev54PFgurqqujqf\nqZp61+fS7dq1S2BW2LVr1x133DHdR4H8oDRnE0pzNqE0Z5Ndu3Z988CB6T4K5MeXr7tuCkrz4FNP\nTfZHQE0/3QcAAAAAAIkIKgAAAAA0h6ACAAAAQHMIKgAAAAA0h6ACAAAAQHMk+X+9vb2PPPJI8ts6\nna6oqKiiouLqq6/+8Ic/bDKZcvsYt9v9yiuvHD9+fGRkxGAwlJaWXnvttdu3b7dYLFnt549//OP3\nvve9G2644fHHH8/kQx9++GGDwfDzn/88t8Oele688854PP7Nb35z5cqVv/71r//jP/5DCLFz587P\nfvazySufO3fuK1/5SjAYzPDfPMEEyz1fvzazmLo0//Ef//HYsWM6ne4rX/nKhg0bUq7vcrk+//nP\nDw4OVldXf/e737XZbFl9HAU6EZN9umWIQsyLKTjdMkSB5kVbOLzh/Pnk5TohSiWpzmjcUlDwhcpK\ns0439cemNhaLrT1/3qjTnV+yJKutfjg0tMfr7Y9EDEJUSdIHioo+Wlpqm+6vM6ki8fh/Op2/Hhtr\nD4X6wmFJr58jSfUm00dLSu4sLlav+ezIyBd6empNpncXL56uo1VM8JQcGxt76aWX3nvvvdHR0YKC\ngsrKys2bN19//fUTWXN6ScpP8Xg8+e14PD42NjY2NnbhwoVDhw498cQTJSUl2X5GZ2fnk08+2d3d\nrSzp6uo6efLk3r17v/zlL5eWlma+q927dwshdu7cmcnKu3bt8nq9RUVF2R7wlePuu+8+evTomTNn\nXn/99R...
2019-04-21 12:33:31:415 - info: [HTTP] <-- GET /wd/hub/session/f284e1a8-c189-4904-9d08-6c95c46a8e3f/screenshot 200 566 ms - 143064
2019-04-21 12:33:31:415 - info: [HTTP] 
2019-04-21 12:33:31:418 - info: [HTTP] --> GET /wd/hub/session/f284e1a8-c189-4904-9d08-6c95c46a8e3f/screenshot
2019-04-21 12:33:31:419 - info: [HTTP] {}
2019-04-21 12:33:31:419 - info: [debug] [W3C] Calling AppiumDriver.getScreenshot() with args: ["f284e1a8-c189-4904-9d08-6c95c46a8e3f"]
2019-04-21 12:33:31:420 - info: [debug] [JSONWP Proxy] Proxying [GET /screenshot] to [GET http://localhost:8205/wd/hub/session/686ca8a2-615f-4b0b-afa0-c91284f3cbb5/screenshot] with no body
2019-04-21 12:33:31:993 - info: [debug] [JSONWP Proxy] Got response with status 200: "{\"sessionId\":\"686ca8a2-615f-4b0b-afa0-c91284f3cbb5\",\"status\":0,\"value\":\"iVBORw0KGgoAAAANSUhEUgAABDgAAAhwCAIAAABH2RmtAAAAA3NCSVQICAjb4U\\/gAAAgAElEQVR4\\nnOzdeXQc5YHv\\/ae7q3dtrc3abNnygvGOjW3MZhYbTBJggAkJCdkhwE3uncwNSeZyM5n3TVgmOZMz\\nmRveZBKGkGTIChMmOCEkgLGxsfFujDdZi7XvkqVu9b69fzzXNUV3S+5utaSS\\/P0czkFdXVX9tEtV\\nql89m2H79u0Cs8L27dtvv\\/326S4FcoOjOZtwNGcTjuZssn379if37p3uUiA3Hrv66sk4mvueeirn\\n+0T6jNNdAAAAAABIRFABAAAAoDsEFQAAAAC6Q1ABAAAAoDsEFQAAAAC6o8j\\/dXd3P\\/TQQ8lvGwyG\\ngoKCsrKyK6644iMf+YjFYsnuYzwezyuvvHL06NGhoSGTyVRcXHzVVVdt3brVZrNltJ8\\/\\/\\/nPTz\\/9\\n9LXXXvu1r30tnQ998MEHTSbTL37xi+yKPSvdcccd8Xj8ySefXLly5W9\\/+9t\\/\\/\\/d\\/F0Js27btC1\\/4\\nQvLKZ86c+frXvx4MBtP8N08wweOeq1+bWUx7NP\\/hH\\/7hyJEjBoPh61\\/\\/+oYNG1Ku73a7v\\/SlL\\/X3\\n91dWVn7ve99zOBwZfRwHdCIm+3RLEwcxJ6bgdEsTBzQnWsLhDfX1ycsNQhQrSo3ZfGNe3pfLy60G\\nw9SXTWs4FltbX282GOqXLs1oq2cHBnZ6vb2RiEmICkW5raDg\\/uJix3R\\/nUkVicf\\/Y2Tkt8PDraFQ\\nTzisGI1zFKXWYrm\\/qOiOwkLtmj8bGvpyV1e1xfLukiXTVVpVrk7Ji94DDw4O\\/u53v2ttbe3r63M6\\nnZWVlVdfffW1116b...
2019-04-21 12:33:32:000 - info: [debug] [W3C] Responding to client with driver.getScreenshot() result: "iVBORw0KGgoAAAANSUhEUgAABDgAAAhwCAIAAABH2RmtAAAAA3NCSVQICAjb4U/gAAAgAElEQVR4\nnOzdeXQc5YHv/ae7q3dtrc3abNnygvGOjW3MZhYbTBJggAkJCdkhwE3uncwNSeZyM5n3TVgmOZMz\nmRveZBKGkGTIChMmOCEkgLGxsfFujDdZi7XvkqVu9b69fzzXNUV3S+5utaSS/P0czkFdXVX9tEtV\nql89m2H79u0Cs8L27dtvv/326S4FcoOjOZtwNGcTjuZssn379if37p3uUiA3Hrv66sk4mvueeirn\n+0T6jNNdAAAAAABIRFABAAAAoDsEFQAAAAC6Q1ABAAAAoDsEFQAAAAC6o8j/dXd3P/TQQ8lvGwyG\ngoKCsrKyK6644iMf+YjFYsnuYzwezyuvvHL06NGhoSGTyVRcXHzVVVdt3brVZrNltJ8///nPTz/9\n9LXXXvu1r30tnQ998MEHTSbTL37xi+yKPSvdcccd8Xj8ySefXLly5W9/+9t///d/F0Js27btC1/4\nQvLKZ86c+frXvx4MBtP8N08wweOeq1+bWUx7NP/hH/7hyJEjBoPh61//+oYNG1Ku73a7v/SlL/X3\n91dWVn7ve99zOBwZfRwHdCIm+3RLEwcxJ6bgdEsTBzQnWsLhDfX1ycsNQhQrSo3ZfGNe3pfLy60G\nw9SXTWs4FltbX282GOqXLs1oq2cHBnZ6vb2RiEmICkW5raDg/uJix3R/nUkVicf/Y2Tkt8PDraFQ\nTzisGI1zFKXWYrm/qOiOwkLtmj8bGvpyV1e1xfLukiXTVVpVrk7Ji94DDw4O/u53v2ttbe3r63M6\nnZWVlVdfffW1116biy+RS4r6UzweT347Ho8PDw8PDw83NDTs37//8ccfLyoqyvQz2tvbn3jiic7O\nTnVJR0fH8ePHd+3a9dhjjxUXF6e/qx07dgghtm3bls7K27dv93q9BQUFmRb40nH33XcfPnz41KlT\nr7/++n...
2019-04-21 12:33:32:007 - info: [HTTP] <-- GET /wd/hub/session/f284e1a8-c189-4904-9d08-6c95c46a8e3f/screenshot 200 587 ms - 143250
2019-04-21 12:33:32:007 - info: [HTTP] 
2019-04-21 12:33:32:016 - info: [HTTP] --> GET /wd/hub/session/f284e1a8-c189-4904-9d08-6c95c46a8e3f/screenshot
2019-04-21 12:33:32:016 - info: [HTTP] {}
2019-04-21 12:33:32:017 - info: [debug] [W3C] Calling AppiumDriver.getScreenshot() with args: ["f284e1a8-c189-4904-9d08-6c95c46a8e3f"]
2019-04-21 12:33:32:018 - info: [debug] [JSONWP Proxy] Proxying [GET /screenshot] to [GET http://localhost:8205/wd/hub/session/686ca8a2-615f-4b0b-afa0-c91284f3cbb5/screenshot] with no body
2019-04-21 12:33:32:564 - info: [debug] [JSONWP Proxy] Got response with status 200: "{\"sessionId\":\"686ca8a2-615f-4b0b-afa0-c91284f3cbb5\",\"status\":0,\"value\":\"iVBORw0KGgoAAAANSUhEUgAABDgAAAhwCAIAAABH2RmtAAAAA3NCSVQICAjb4U\\/gAAAgAElEQVR4\\nnOzdeVxU5cIH8GdWhmHfNxETFBBXULHIFbTStKw01zI107ar2dXKSktT720zNdOb3szUzN1wD1xx\\nwX1BERRB9h2GgZlh1veP5\\/Xc08yAwzDAAX\\/fj3\\/MHM7y4OHMnN95Np7BYCAAAAAAj6FBg1q6BGAj\\nJ040ydk8ccL2+wSL8Vu6AAAAAAAAAMYQVAAAAAAAgHMQVAAAAAAAgHMQVAAAAAAAgHMQVAAAAAAA\\ngHP+P6hkZGQIzBEKhb6+vn379v30009VKpXVhykvL1+yZMmAAQM6deoUHh4eGxu7cuXKmpqahu7n\\n559\\/5vF4r776qoUHdXV19fLyanh52zKBQMDj8U6ePEkIWbp0KY\\/H4\\/F4M2fONLvyuXPnpFIpj8cb\\nO3asFcdq5Hm31Z9NG8Y+m88++yyPxxMIBPHx8XWtX1pa2r59ex6P16lTJ7lc3tDD4YQ2RlNfbhbC\\nSbSJZrjcLIQTahMZKpXg5EnTf8KTJ33Pnet75cqnmZkqvb6li0nKtVrXM2e8zp5t6FZLHjwYcO1a\\npwsXwi9ejL1+fWVeXg0Hfp0mpdHrNxUVDb1xIzg5WXr6tPOZM50vXHj25s2dJSVGa67Lz+edPNk+\\nOblFymnEVpfkI++B8\\/Ly5syZExcXFxIS0qdPn3Hjxm3fvr1xZW8SPDo8cUZGRkhISP2rdu3aNTEx\\n0dvbu6HHSE1NffHFF9PT042W9+vXb\\/fu3X5+fpbvqn\\/\\/\\/klJSQkJCbGxsY9cedGiRV988YWnp2eJ\\nyR\\/l40wgEOj1+hMnTgwcOFCj0QwZMiQpKUkkEh05cmTw...
2019-04-21 12:33:32:572 - info: [debug] [W3C] Responding to client with driver.getScreenshot() result: "iVBORw0KGgoAAAANSUhEUgAABDgAAAhwCAIAAABH2RmtAAAAA3NCSVQICAjb4U/gAAAgAElEQVR4\nnOzdeVxU5cIH8GdWhmHfNxETFBBXULHIFbTStKw01zI107ar2dXKSktT720zNdOb3szUzN1wD1xx\nwX1BERRB9h2GgZlh1veP5/Xc08yAwzDAAX/fj3/MHM7y4OHMnN95Np7BYCAAAAAAj6FBg1q6BGAj\nJ040ydk8ccL2+wSL8Vu6AAAAAAAAAMYQVAAAAAAAgHMQVAAAAAAAgHMQVAAAAAAAgHMQVAAAAAAA\ngHP+P6hkZGQIzBEKhb6+vn379v30009VKpXVhykvL1+yZMmAAQM6deoUHh4eGxu7cuXKmpqahu7n\n559/5vF4r776qoUHdXV19fLyanh52zKBQMDj8U6ePEkIWbp0KY/H4/F4M2fONLvyuXPnpFIpj8cb\nO3asFcdq5Hm31Z9NG8Y+m88++yyPxxMIBPHx8XWtX1pa2r59ex6P16lTJ7lc3tDD4YQ2RlNfbhbC\nSbSJZrjcLIQTahMZKpXg5EnTf8KTJ33Pnet75cqnmZkqvb6li0nKtVrXM2e8zp5t6FZLHjwYcO1a\npwsXwi9ejL1+fWVeXg0Hfp0mpdHrNxUVDb1xIzg5WXr6tPOZM50vXHj25s2dJSVGa67Lz+edPNk+\nOblFymnEVpfkI++B8/Ly5syZExcXFxIS0qdPn3Hjxm3fvr1xZW8SPDo8cUZGRkhISP2rdu3aNTEx\n0dvbu6HHSE1NffHFF9PT042W9+vXb/fu3X5+fpbvqn///klJSQkJCbGxsY9cedGiRV988YWnp2eJ\nyR/l40wgEOj1+hMnTgwcOFCj0QwZMiQpKUkkEh05cmTw4MHsNTUazZNPPnn58mV/f/8LFy4EBAQ0\n6ECNPO82/LNpw9hn886dO/369ZPJZGFhYZcuXXJwcDBdf9asWWvXruXz+bt27XrxxRcbdCyc0EZq\n0svNQj...
2019-04-21 12:33:32:579 - info: [HTTP] <-- GET /wd/hub/session/f284e1a8-c189-4904-9d08-6c95c46a8e3f/screenshot 200 560 ms - 110166
2019-04-21 12:33:32:582 - info: [HTTP] 
