2019-04-21 10:43:24:398 - warn: [Appium] Appium support for versions of node < 8 has been deprecated and will be removed in a future version. Please upgrade!
2019-04-21 10:43:24:414 - info: [Appium] Welcome to Appium v1.8.1
2019-04-21 10:43:24:414 - info: [Appium] Non-default server args:
2019-04-21 10:43:24:414 - info: [Appium]   port: 4700
2019-04-21 10:43:24:414 - info: [Appium]   bootstrapPort: 4900
2019-04-21 10:43:24:414 - info: [Appium]   sessionOverride: true
2019-04-21 10:43:24:414 - info: [Appium]   log: D:/pythonProgram/Appium27/log/2116ca982019-04-21-18_43_21.log
2019-04-21 10:43:24:414 - info: [Appium]   udid: 2116ca98
2019-04-21 10:43:24:414 - info: [Appium]   noReset: true
2019-04-21 10:43:24:414 - warn: [Appium] Deprecated server args:
2019-04-21 10:43:24:414 - warn: [Appium]   -U,--udid => --default-capabilities '{"udid":"2116ca98"}'
2019-04-21 10:43:24:414 - warn: [Appium]   --no-reset => --default-capabilities '{"noReset":true}'
2019-04-21 10:43:24:414 - info: [Appium] Default capabilities, which will be added to each request unless overridden by desired capabilities:
2019-04-21 10:43:24:414 - info: [Appium]   udid: 2116ca98
2019-04-21 10:43:24:414 - info: [Appium]   noReset: true
2019-04-21 10:43:24:445 - info: [Appium] Appium REST http interface listener started on 0.0.0.0:4700
2019-04-21 10:43:42:545 - info: [HTTP] --> POST /wd/hub/session
2019-04-21 10:43:42:545 - info: [HTTP] {"capabilities":{"firstMatch":[{"appium:unicodeKeyboard":true,"appium:resetKeyboard":true,"appium:appWaitActivity":"com.cy.patrol.act.LoginAct","appium:automationName":"uiautomator2","appium:app":"E:\\work\\appium\\xcry_appium/apk/ryxc.apk","appium:deviceName":"2116ca98","platformName":"Android"}]},"desiredCapabilities":{"deviceName":"2116ca98","unicodeKeyboard":true,"app":"E:\\work\\appium\\xcry_appium/apk/ryxc.apk","appWaitActivity":"com.cy.patrol.act.LoginAct","resetKeyboard":true,"platformName":"Android","automationName":"uiautomator2"}}
2019-04-21 10:43:42:545 - info: [debug] [MJSONWP] Calling AppiumDriver.createSession() with args: [{"deviceName":"2116ca98","unicodeKeyboard":true,"app":"E:\\work\\appium\\xcry_appium/apk/ryxc.apk","appWaitActivity":"com.cy.patrol.act.LoginAct","resetKeyboard":true,"platformName":"Android","automationName":"uiautomator2"},null,{"firstMatch":[{"appium:unicodeKeyboard":true,"appium:resetKeyboard":true,"appium:appWaitActivity":"com.cy.patrol.act.LoginAct","appium:automationName":"uiautomator2","appium:app":"E:\\work\\appium\\xcry_appium/apk/ryxc.apk","appium:deviceName":"2116ca98","platformName":"Android"}]}]
2019-04-21 10:43:42:545 - info: [debug] [BaseDriver] Event 'newSessionRequested' logged at 1555843422545 (18:43:42 GMT+0800 (中国标准时间))
2019-04-21 10:43:42:561 - warn: [BaseDriver] The capabilities ["udid","noReset"] are not standard capabilities and should have an extension prefix
2019-04-21 10:43:42:561 - info: [Appium] Creating new AndroidUiautomator2Driver (v1.12.0) session
2019-04-21 10:43:42:561 - info: [Appium] Capabilities:
2019-04-21 10:43:42:561 - info: [Appium]   udid: 2116ca98
2019-04-21 10:43:42:561 - info: [Appium]   noReset: true
2019-04-21 10:43:42:561 - info: [Appium]   platformName: Android
2019-04-21 10:43:42:561 - info: [Appium]   unicodeKeyboard: true
2019-04-21 10:43:42:561 - info: [Appium]   resetKeyboard: true
2019-04-21 10:43:42:561 - info: [Appium]   appWaitActivity: com.cy.patrol.act.LoginAct
2019-04-21 10:43:42:561 - info: [Appium]   automationName: uiautomator2
2019-04-21 10:43:42:561 - info: [Appium]   app: E:\work\appium\xcry_appium/apk/ryxc.apk
2019-04-21 10:43:42:561 - info: [Appium]   deviceName: 2116ca98
2019-04-21 10:43:42:561 - info: [debug] [BaseDriver] W3C capabilities {"alwaysMatch":{"appium:udi... and MJSONWP desired capabilities [object Object] were provided
2019-04-21 10:43:42:561 - info: [debug] [BaseDriver] Creating session with W3C capabilities: {"alwaysMatch":{"appium:udi...
2019-04-21 10:43:42:576 - info: [BaseDriver] Session created with session id: 1e9bca35-dc16-423e-8225-811d11b6464a
2019-04-21 10:43:42:576 - info: [BaseDriver] Using local app 'E:\work\appium\xcry_appium/apk/ryxc.apk'
2019-04-21 10:43:42:576 - info: [debug] [UiAutomator2] Checking whether app is actually present
2019-04-21 10:43:42:998 - info: [debug] [AndroidDriver] Getting Java version
2019-04-21 10:43:43:122 - info: [AndroidDriver] Java version is: 1.8.0_151
2019-04-21 10:43:43:122 - info: [ADB] Checking whether adb is present
2019-04-21 10:43:43:138 - info: [ADB] Found 1 'build-tools' folders under 'E:\sdk' (newest first):
2019-04-21 10:43:43:138 - info: [ADB]     E:/sdk/build-tools/android-4.3
2019-04-21 10:43:43:138 - info: [ADB] Using adb.exe from E:\sdk\platform-tools\adb.exe
2019-04-21 10:43:43:138 - info: [AndroidDriver] Retrieving device list
2019-04-21 10:43:43:138 - info: [debug] [ADB] Trying to find a connected android device
2019-04-21 10:43:43:138 - info: [debug] [ADB] Getting connected devices...
2019-04-21 10:43:43:153 - info: [debug] [ADB] 1 device(s) connected
2019-04-21 10:43:43:153 - info: [AndroidDriver] Using device: 2116ca98
2019-04-21 10:43:43:153 - info: [debug] [ADB] Setting device id to 2116ca98
2019-04-21 10:43:43:169 - info: [debug] [ADB] Running 'E:\sdk\platform-tools\adb.exe -P 5037 -s 2116ca98 shell getprop ro.build.version.sdk'
2019-04-21 10:43:43:200 - info: [debug] [ADB] Current device property 'ro.build.version.sdk': 25
2019-04-21 10:43:43:200 - info: [debug] [ADB] Device API level: 25
2019-04-21 10:43:43:216 - info: [debug] [AndroidDriver] Parsing package and activity from app manifest
2019-04-21 10:43:43:216 - info: [ADB] Using the alternative activity name detection method because of: Could not find apkanalyzer.bat in E:\sdk\platform-tools\apkanalyzer.bat,E:\sdk\emulator\apkanalyzer.bat,E:\sdk\tools\apkanalyzer.bat,E:\sdk\tools\bin\apkanalyzer.bat,E:\sdk\build-tools\android-4.3\apkanalyzer.bat. Do you have the Android SDK installed at 'E:\sdk'?
2019-04-21 10:43:43:216 - info: [ADB] Checking whether aapt is present
2019-04-21 10:43:43:216 - info: [ADB] Using aapt.exe from E:\sdk\tools\aapt.exe
2019-04-21 10:43:43:216 - info: [ADB] Extracting package and launch activity from manifest
2019-04-21 10:43:43:231 - info: [ADB] Package name: 'com.cy.patrol'
2019-04-21 10:43:43:231 - info: [ADB] Main activity name: 'com.cy.patrol.act.LoadingAct'
2019-04-21 10:43:43:231 - info: [debug] [AndroidDriver] Parsed package and activity are: com.cy.patrol/com.cy.patrol.act.LoadingAct
2019-04-21 10:43:43:231 - info: [ADB] Getting device platform version
2019-04-21 10:43:43:231 - info: [debug] [ADB] Running 'E:\sdk\platform-tools\adb.exe -P 5037 -s 2116ca98 shell getprop ro.build.version.release'
2019-04-21 10:43:43:278 - info: [debug] [ADB] Current device property 'ro.build.version.release': 7.1.1
2019-04-21 10:43:43:278 - info: [debug] [ADB] Running 'E:\sdk\platform-tools\adb.exe -P 5037 -s 2116ca98 shell wm size'
2019-04-21 10:43:43:827 - info: [debug] [ADB] Running 'E:\sdk\platform-tools\adb.exe -P 5037 -s 2116ca98 shell wm density'
2019-04-21 10:43:44:358 - info: [debug] [ADB] Running 'E:\sdk\platform-tools\adb.exe -P 5037 -s 2116ca98 shell getprop ro.product.model'
2019-04-21 10:43:44:452 - info: [debug] [ADB] Current device property 'ro.product.model': OS103
2019-04-21 10:43:44:452 - info: [debug] [ADB] Running 'E:\sdk\platform-tools\adb.exe -P 5037 -s 2116ca98 shell getprop ro.product.manufacturer'
2019-04-21 10:43:44:499 - info: [debug] [ADB] Current device property 'ro.product.manufacturer': smartisan
2019-04-21 10:43:44:499 - info: [debug] [ADB] Device API level: 25
2019-04-21 10:43:44:499 - info: [debug] [ADB] Running 'E:\sdk\platform-tools\adb.exe -P 5037 -s 2116ca98 shell am force-stop io.appium.uiautomator2.server'
2019-04-21 10:43:45:072 - info: [debug] [ADB] Checking app cert for C:\Users\30280\AppData\Roaming\npm\node_modules\appium\node_modules\appium-uiautomator2-server\apks\appium-uiautomator2-server-v1.12.0.apk
2019-04-21 10:43:45:072 - warn: [ADB] Cannot use apksigner tool for signature verification. Defaulting to verify.jar. Original error: Could not find apksigner.bat in E:\sdk\platform-tools\apksigner.bat,E:\sdk\emulator\apksigner.bat,E:\sdk\tools\apksigner.bat,E:\sdk\tools\bin\apksigner.bat,E:\sdk\build-tools\android-4.3\apksigner.bat. Do you have the Android SDK installed at 'E:\sdk'?
2019-04-21 10:43:45:300 - info: [debug] [ADB] 'C:\Users\30280\AppData\Roaming\npm\node_modules\appium\node_modules\appium-uiautomator2-server\apks\appium-uiautomator2-server-v1.12.0.apk' is already signed.
2019-04-21 10:43:45:300 - info: [debug] [ADB] Checking app cert for C:\Users\30280\AppData\Roaming\npm\node_modules\appium\node_modules\appium-uiautomator2-server\apks\appium-uiautomator2-server-debug-androidTest.apk
2019-04-21 10:43:45:300 - warn: [ADB] Cannot use apksigner tool for signature verification. Defaulting to verify.jar. Original error: Could not find apksigner.bat in E:\sdk\platform-tools\apksigner.bat,E:\sdk\emulator\apksigner.bat,E:\sdk\tools\apksigner.bat,E:\sdk\tools\bin\apksigner.bat,E:\sdk\build-tools\android-4.3\apksigner.bat. Do you have the Android SDK installed at 'E:\sdk'?
2019-04-21 10:43:45:588 - info: [debug] [ADB] 'C:\Users\30280\AppData\Roaming\npm\node_modules\appium\node_modules\appium-uiautomator2-server\apks\appium-uiautomator2-server-debug-androidTest.apk' is already signed.
2019-04-21 10:43:45:588 - info: [debug] [ADB] Getting install status for io.appium.uiautomator2.server
2019-04-21 10:43:45:588 - info: [debug] [ADB] Running 'E:\sdk\platform-tools\adb.exe -P 5037 -s 2116ca98 shell pm list packages io.appium.uiautomator2.server'
2019-04-21 10:43:46:097 - info: [debug] [ADB] App is installed
2019-04-21 10:43:46:097 - info: [debug] [ADB] Getting package info for 'io.appium.uiautomator2.server'
2019-04-21 10:43:46:097 - info: [debug] [ADB] Running 'E:\sdk\platform-tools\adb.exe -P 5037 -s 2116ca98 shell dumpsys package io.appium.uiautomator2.server'
2019-04-21 10:43:46:253 - info: [debug] [ADB] The installed 'io.appium.uiautomator2.server' package does not require upgrade ('1.12.0' >= '1.12.0')
2019-04-21 10:43:46:253 - info: [debug] [ADB] Getting install status for io.appium.uiautomator2.server.test
2019-04-21 10:43:46:253 - info: [debug] [ADB] Running 'E:\sdk\platform-tools\adb.exe -P 5037 -s 2116ca98 shell pm list packages io.appium.uiautomator2.server.test'
2019-04-21 10:43:46:779 - info: [debug] [ADB] App is installed
2019-04-21 10:43:46:779 - info: [debug] [ADB] Getting package info for 'io.appium.uiautomator2.server.test'
2019-04-21 10:43:46:779 - info: [debug] [ADB] Running 'E:\sdk\platform-tools\adb.exe -P 5037 -s 2116ca98 shell dumpsys package io.appium.uiautomator2.server.test'
2019-04-21 10:43:46:920 - warn: [ADB] Cannot read version codes of 'C:\Users\30280\AppData\Roaming\npm\node_modules\appium\node_modules\appium-uiautomator2-server\apks\appium-uiautomator2-server-debug-androidTest.apk' and/or 'io.appium.uiautomator2.server.test'
2019-04-21 10:43:46:920 - warn: [ADB] Cannot read version names of 'C:\Users\30280\AppData\Roaming\npm\node_modules\appium\node_modules\appium-uiautomator2-server\apks\appium-uiautomator2-server-debug-androidTest.apk' and/or 'io.appium.uiautomator2.server.test'. Assuming correct app version is already installed
2019-04-21 10:43:46:920 - info: [debug] [UiAutomator2] Waiting up to 20000ms for instrumentation 'io.appium.uiautomator2.server.test/android.support.test.runner.AndroidJUnitRunner' to be available
2019-04-21 10:43:46:920 - info: [debug] [ADB] Running 'E:\sdk\platform-tools\adb.exe -P 5037 -s 2116ca98 shell pm list instrumentation'
2019-04-21 10:43:47:436 - info: [debug] [UiAutomator2] Instrumentation 'io.appium.uiautomator2.server.test/android.support.test.runner.AndroidJUnitRunner' available
2019-04-21 10:43:47:451 - info: [debug] [ADB] Running 'E:\sdk\platform-tools\adb.exe -P 5037 -s 2116ca98 wait-for-device'
2019-04-21 10:43:47:545 - info: [debug] [ADB] Running 'E:\sdk\platform-tools\adb.exe -P 5037 -s 2116ca98 shell echo ping'
2019-04-21 10:43:47:592 - info: [debug] [AndroidDriver] Pushing settings apk to device...
2019-04-21 10:43:47:592 - info: [debug] [ADB] Getting install status for io.appium.settings
2019-04-21 10:43:47:592 - info: [debug] [ADB] Running 'E:\sdk\platform-tools\adb.exe -P 5037 -s 2116ca98 shell pm list packages io.appium.settings'
2019-04-21 10:43:48:124 - info: [debug] [ADB] App is installed
2019-04-21 10:43:48:124 - info: [debug] [ADB] Getting package info for 'io.appium.settings'
2019-04-21 10:43:48:140 - info: [debug] [ADB] Running 'E:\sdk\platform-tools\adb.exe -P 5037 -s 2116ca98 shell dumpsys package io.appium.settings'
2019-04-21 10:43:48:265 - info: [debug] [ADB] The installed 'io.appium.settings' package does not require upgrade (13 > 5)
2019-04-21 10:43:48:265 - info: [debug] [ADB] Running 'E:\sdk\platform-tools\adb.exe -P 5037 -s 2116ca98 shell ps'
2019-04-21 10:43:48:374 - info: [debug] [AndroidDriver] io.appium.settings is already running. There is no need to reset its permissions.
2019-04-21 10:43:48:374 - info: [debug] [ADB] Device API level: 25
2019-04-21 10:43:48:374 - info: [debug] [ADB] Running 'E:\sdk\platform-tools\adb.exe -P 5037 -s 2116ca98 shell appops set io.appium.settings android\:mock_location allow'
2019-04-21 10:43:48:452 - warn: [AndroidDriver] setDeviceLanguageCountry requires language or country.
2019-04-21 10:43:48:452 - warn: [AndroidDriver] Got language: 'null' and country: 'null'
2019-04-21 10:43:48:452 - info: [debug] [Logcat] Starting logcat capture
2019-04-21 10:43:48:499 - info: [debug] [AndroidDriver] Enabling Unicode keyboard support
2019-04-21 10:43:48:499 - info: [debug] [AndroidDriver] Pushing unicode ime to device...
2019-04-21 10:43:48:499 - info: [debug] [ADB] Running 'E:\sdk\platform-tools\adb.exe -P 5037 -s 2116ca98 install C\:\\Users\\30280\\AppData\\Roaming\\npm\\node_modules\\appium\\node_modules\\appium-android-ime\\bin\\UnicodeIME-debug.apk'
2019-04-21 10:43:49:326 - info: [debug] [ADB] Install command stdout: Failure [INSTALL_FAILED_ALREADY_EXISTS: Attempt to re-install io.appium.android.ime without first uninstalling.]
2019-04-21 10:43:49:326 - info: [debug] [ADB] Application 'C:\Users\30280\AppData\Roaming\npm\node_modules\appium\node_modules\appium-android-ime\bin\UnicodeIME-debug.apk' already installed. Continuing.
2019-04-21 10:43:49:326 - info: [debug] [ADB] Running 'E:\sdk\platform-tools\adb.exe -P 5037 -s 2116ca98 shell settings get secure default_input_method'
2019-04-21 10:43:49:859 - info: [debug] [AndroidDriver] Unsetting previous IME io.appium.android.ime/.UnicodeIME
2019-04-21 10:43:49:859 - info: [debug] [AndroidDriver] Setting IME to 'io.appium.android.ime/.UnicodeIME'
2019-04-21 10:43:49:859 - info: [debug] [ADB] Running 'E:\sdk\platform-tools\adb.exe -P 5037 -s 2116ca98 shell ime enable io.appium.android.ime/.UnicodeIME'
2019-04-21 10:43:50:405 - info: [debug] [ADB] Running 'E:\sdk\platform-tools\adb.exe -P 5037 -s 2116ca98 shell ime set io.appium.android.ime/.UnicodeIME'
2019-04-21 10:43:50:951 - info: [debug] [AndroidDriver] Pushing unlock helper app to device...
2019-04-21 10:43:50:951 - info: [debug] [ADB] Getting install status for io.appium.unlock
2019-04-21 10:43:50:951 - info: [debug] [ADB] Running 'E:\sdk\platform-tools\adb.exe -P 5037 -s 2116ca98 shell pm list packages io.appium.unlock'
2019-04-21 10:43:51:513 - info: [debug] [ADB] App is installed
2019-04-21 10:43:51:513 - info: [debug] [ADB] Getting package info for 'io.appium.unlock'
2019-04-21 10:43:51:513 - info: [debug] [ADB] Running 'E:\sdk\platform-tools\adb.exe -P 5037 -s 2116ca98 shell dumpsys package io.appium.unlock'
2019-04-21 10:43:51:670 - info: [debug] [ADB] The installed 'io.appium.unlock' package does not require upgrade ('2.0.0' >= '2.0.0')
2019-04-21 10:43:51:670 - info: [debug] [UiAutomator2] Forwarding UiAutomator2 Server port 6790 to 8202
2019-04-21 10:43:51:671 - info: [debug] [ADB] Forwarding system: 8202 to device: 6790
2019-04-21 10:43:51:671 - info: [debug] [ADB] Running 'E:\sdk\platform-tools\adb.exe -P 5037 -s 2116ca98 forward tcp\:8202 tcp\:6790'
2019-04-21 10:43:51:696 - info: [debug] [ADB] Running 'E:\sdk\platform-tools\adb.exe -P 5037 -s 2116ca98 shell rm -rf /data/local/tmp/strings.json'
2019-04-21 10:43:51:728 - info: [debug] [AndroidDriver] Extracting strings from apk
2019-04-21 10:43:51:728 - info: [debug] [AndroidDriver] E:\work\appium\xcry_appium/apk/ryxc.apk
2019-04-21 10:43:51:728 - info: [debug] [AndroidDriver] null
2019-04-21 10:43:51:728 - info: [debug] [AndroidDriver] C:\Users\30280\AppData\Local\Temp\com.cy.patrol
2019-04-21 10:43:51:728 - info: [debug] [ADB] Extracting strings for language: default
2019-04-21 10:43:51:868 - info: [ADB] Successfully extracted 498 strings from 'E:\work\appium\xcry_appium/apk/ryxc.apk' resources for '(default)' configuration
2019-04-21 10:43:51:883 - info: [debug] [ADB] Running 'E:\sdk\platform-tools\adb.exe -P 5037 -s 2116ca98 push C\:\\Users\\30280\\AppData\\Local\\Temp\\com.cy.patrol\\strings.json /data/local/tmp'
2019-04-21 10:43:51:930 - info: [debug] [ADB] Checking app cert for E:\work\appium\xcry_appium/apk/ryxc.apk
2019-04-21 10:43:51:930 - warn: [ADB] Cannot use apksigner tool for signature verification. Defaulting to verify.jar. Original error: Could not find apksigner.bat in E:\sdk\platform-tools\apksigner.bat,E:\sdk\emulator\apksigner.bat,E:\sdk\tools\apksigner.bat,E:\sdk\tools\bin\apksigner.bat,E:\sdk\build-tools\android-4.3\apksigner.bat. Do you have the Android SDK installed at 'E:\sdk'?
2019-04-21 10:43:53:060 - info: [debug] [ADB] 'E:\work\appium\xcry_appium/apk/ryxc.apk' is already signed.
2019-04-21 10:43:53:060 - info: [debug] [ADB] Getting install status for com.cy.patrol
2019-04-21 10:43:53:076 - info: [debug] [ADB] Running 'E:\sdk\platform-tools\adb.exe -P 5037 -s 2116ca98 shell pm list packages com.cy.patrol'
2019-04-21 10:43:53:591 - info: [debug] [ADB] App is not installed
2019-04-21 10:43:53:591 - info: [debug] [ADB] App 'E:\work\appium\xcry_appium/apk/ryxc.apk' not installed. Installing
2019-04-21 10:43:53:591 - info: [debug] [ADB] Running 'E:\sdk\platform-tools\adb.exe -P 5037 -s 2116ca98 install E\:\\work\\appium\\xcry_appium/apk/ryxc.apk'
2019-04-21 10:44:12:645 - info: [debug] [ADB] Install command stdout: Success
2019-04-21 10:44:12:649 - info: [debug] [ADB] Running 'E:\sdk\platform-tools\adb.exe -P 5037 -s 2116ca98 shell am force-stop io.appium.uiautomator2.server'
2019-04-21 10:44:13:274 - info: [UiAutomator2] Starting uiautomator2 server 1.12.0
2019-04-21 10:44:13:289 - info: [UiAutomator2] Using UIAutomator2 server from 'C:\Users\30280\AppData\Roaming\npm\node_modules\appium\node_modules\appium-uiautomator2-server\apks\appium-uiautomator2-server-v1.12.0.apk' and test from 'C:\Users\30280\AppData\Roaming\npm\node_modules\appium\node_modules\appium-uiautomator2-server\apks\appium-uiautomator2-server-debug-androidTest.apk'
2019-04-21 10:44:13:289 - info: [UiAutomator2] Running command: 'adb -s 2116ca98 shell am instrument -w io.appium.uiautomator2.server.test/android.support.test.runner.AndroidJUnitRunner'
2019-04-21 10:44:13:289 - info: [UiAutomator2] Waiting up to 20000ms for UiAutomator2 to be online...
2019-04-21 10:44:13:289 - info: [debug] [JSONWP Proxy] Proxying [GET /status] to [GET http://localhost:8202/wd/hub/status] with no body
2019-04-21 10:44:14:347 - info: [debug] [JSONWP Proxy] Proxying [GET /status] to [GET http://localhost:8202/wd/hub/status] with no body
2019-04-21 10:44:15:376 - info: [debug] [JSONWP Proxy] Proxying [GET /status] to [GET http://localhost:8202/wd/hub/status] with no body
2019-04-21 10:44:16:405 - info: [debug] [JSONWP Proxy] Proxying [GET /status] to [GET http://localhost:8202/wd/hub/status] with no body
2019-04-21 10:44:16:451 - info: [debug] [JSONWP Proxy] Got response with status 200: "{\"sessionId\":\"SESSIONID\",\"status\":0,\"value\":\"Status Invoked\"}"
2019-04-21 10:44:16:451 - info: [debug] [JSONWP Proxy] Proxying [POST /session] to [POST http://localhost:8202/wd/hub/session] with body: {"desiredCapabilities":{"platform":"LINUX","webStorageEnabled":false,"takesScreenshot":true,"javascriptEnabled":true,"databaseEnabled":false,"networkConnectionEnabled":true,"locationContextEnabled":false,"warnings":{},"desired":{"platformName":"Android","udid":"2116ca98","noReset":true,"unicodeKeyboard":true,"resetKeyboard":true,"appWaitActivity":"com.cy.patrol.act.LoginAct","automationName":"uiautomator2","app":"E:\\work\\appium\\xcry_appium/apk/ryxc.apk","deviceName":"2116ca98"},"platformName":"Android","udid":"2116ca98","noReset":true,"unicodeKeyboard":true,"resetKeyboard":true,"appWaitActivity":"com.cy.patrol.act.LoginAct","automationName":"uiautomator2","app":"E:\\work\\appium\\xcry_appium/apk/ryxc.apk","deviceName":"2116ca98","deviceUDID":"2116ca98","platformVersion":"7.1.1","deviceScreenSize":"1080x2160","deviceScreenDensity":400,"deviceModel":"OS103","deviceManufacturer":"smartisan","deviceApiLevel":25,"appPackage":"com.cy.patrol"}}
2019-04-21 10:44:16:483 - info: [debug] [JSONWP Proxy] Got response with status 200: {"sessionId":"a6f31639-d82f-4929-99d3-96f14d783c2c","status":0,"value":"Created Session"}
2019-04-21 10:44:16:498 - info: [debug] [ADB] Running 'E:\sdk\platform-tools\adb.exe -P 5037 -s 2116ca98 shell dumpsys window'
2019-04-21 10:44:16:634 - info: [AndroidDriver] Screen already unlocked, doing nothing
2019-04-21 10:44:16:635 - info: [UiAutomator2] UiAutomator2 did not start the activity we were waiting for, 'com.cy.patrol/com.cy.patrol.act.LoginAct'. Starting it ourselves
2019-04-21 10:44:16:636 - info: [debug] [ADB] Device API level: 25
2019-04-21 10:44:16:637 - info: [debug] [ADB] Running 'E:\sdk\platform-tools\adb.exe -P 5037 -s 2116ca98 shell am start -W -n com.cy.patrol/com.cy.patrol.act.LoadingAct -S -a android.intent.action.MAIN -c android.intent.category.LAUNCHER -f 0x10200000'
2019-04-21 10:44:19:060 - info: [debug] [ADB] Waiting up to 20000ms for activity matching pkg: 'com.cy.patrol' and activity: 'com.cy.patrol.act.LoginAct' to be focused
2019-04-21 10:44:19:060 - info: [debug] [ADB] Possible activities, to be checked: 'com.cy.patrol.act.LoginAct', 'com.cy.patrol.com.cy.patrol.act.LoginAct'
2019-04-21 10:44:19:060 - info: [debug] [ADB] Getting focused package and activity
2019-04-21 10:44:19:076 - info: [debug] [ADB] Running 'E:\sdk\platform-tools\adb.exe -P 5037 -s 2116ca98 shell dumpsys window windows'
2019-04-21 10:44:19:154 - info: [debug] [ADB] Found package: 'com.cy.patrol' and fully qualified activity name : 'com.cy.patrol.act.LoginAct'
2019-04-21 10:44:19:154 - info: [debug] [JSONWP Proxy] Proxying [GET /appium/device/pixel_ratio] to [GET http://localhost:8202/wd/hub/session/a6f31639-d82f-4929-99d3-96f14d783c2c/appium/device/pixel_ratio] with body: {}
2019-04-21 10:44:19:170 - info: [debug] [JSONWP Proxy] Got response with status 200: "{\"sessionId\":\"a6f31639-d82f-4929-99d3-96f14d783c2c\",\"status\":0,\"value\":2.5}"
2019-04-21 10:44:19:185 - info: [debug] [JSONWP Proxy] Proxying [GET /appium/device/system_bars] to [GET http://localhost:8202/wd/hub/session/a6f31639-d82f-4929-99d3-96f14d783c2c/appium/device/system_bars] with body: {}
2019-04-21 10:44:19:201 - info: [debug] [JSONWP Proxy] Got response with status 200: "{\"sessionId\":\"a6f31639-d82f-4929-99d3-96f14d783c2c\",\"status\":0,\"value\":{\"statusBar\":60}}"
2019-04-21 10:44:19:201 - info: [debug] [JSONWP Proxy] Proxying [GET /window/current/size] to [GET http://localhost:8202/wd/hub/session/a6f31639-d82f-4929-99d3-96f14d783c2c/window/current/size] with body: {}
2019-04-21 10:44:19:232 - info: [debug] [JSONWP Proxy] Got response with status 200: "{\"sessionId\":\"a6f31639-d82f-4929-99d3-96f14d783c2c\",\"status\":0,\"value\":{\"height\":2070,\"width\":1080}}"
2019-04-21 10:44:19:232 - info: [Appium] New AndroidUiautomator2Driver session created successfully, session 1e9bca35-dc16-423e-8225-811d11b6464a added to master session list
2019-04-21 10:44:19:232 - info: [debug] [BaseDriver] Event 'newSessionStarted' logged at 1555843459232 (18:44:19 GMT+0800 (中国标准时间))
2019-04-21 10:44:19:248 - info: [debug] [W3C] Responding to client with driver.createSession() result: {"capabilities":{"platform":"LINUX","webStorageEnabled":false,"takesScreenshot":true,"javascriptEnabled":true,"databaseEnabled":false,"networkConnectionEnabled":true,"locationContextEnabled":false,"warnings":{},"desired":{"platformName":"Android","udid":"2116ca98","noReset":true,"unicodeKeyboard":true,"resetKeyboard":true,"appWaitActivity":"com.cy.patrol.act.LoginAct","automationName":"uiautomator2","app":"E:\\work\\appium\\xcry_appium/apk/ryxc.apk","deviceName":"2116ca98"},"platformName":"Android","udid":"2116ca98","noReset":true,"unicodeKeyboard":true,"resetKeyboard":true,"appWaitActivity":"com.cy.patrol.act.LoginAct","automationName":"uiautomator2","app":"E:\\work\\appium\\xcry_appium/apk/ryxc.apk","deviceName":"2116ca98","deviceUDID":"2116ca98","platformVersion":"7.1.1","deviceScreenSize":"1080x2160","deviceScreenDensity":400,"deviceModel":"OS103","deviceManufacturer":"smartisan","deviceApiLevel":25,"appPackage":"com.cy.patrol","pixelRatio":2.5,"statBarHeight":60,"viewportRect":{"left":0,"top":60,"widt...
2019-04-21 10:44:19:248 - info: [HTTP] <-- POST /wd/hub/session 200 36698 ms - 1106
2019-04-21 10:44:19:248 - info: [HTTP] 
2019-04-21 10:44:19:263 - info: [HTTP] --> POST /wd/hub/session/1e9bca35-dc16-423e-8225-811d11b6464a/element
2019-04-21 10:44:19:279 - info: [HTTP] {"using":"id","sessionId":"1e9bca35-dc16-423e-8225-811d11b6464a","value":"com.cy.patrol:id/v_mobile"}
2019-04-21 10:44:19:279 - info: [debug] [W3C] Calling AppiumDriver.findElement() with args: ["id","com.cy.patrol:id/v_mobile","1e9bca35-dc16-423e-8225-811d11b6464a"]
2019-04-21 10:44:19:279 - info: [debug] [BaseDriver] Valid locator strategies for this request: xpath, id, class name, accessibility id, -android uiautomator
2019-04-21 10:44:19:279 - info: [debug] [BaseDriver] Waiting up to 0 ms for condition
2019-04-21 10:44:19:279 - info: [debug] [JSONWP Proxy] Proxying [POST /element] to [POST http://localhost:8202/wd/hub/session/a6f31639-d82f-4929-99d3-96f14d783c2c/element] with body: {"strategy":"id","selector":"com.cy.patrol:id/v_mobile","context":"","multiple":false}
2019-04-21 10:44:20:070 - info: [debug] [JSONWP Proxy] Got response with status 200: {"sessionId":"a6f31639-d82f-4929-99d3-96f14d783c2c","status":0,"value":{"ELEMENT":"ec3bfa86-d50c-4ad6-923f-eb5ef1907d7f"}}
2019-04-21 10:44:20:102 - info: [debug] [W3C] Responding to client with driver.findElement() result: {"element-6066-11e4-a52e-4f735466cecf":"ec3bfa86-d50c-4ad6-923f-eb5ef1907d7f"}
2019-04-21 10:44:20:117 - info: [HTTP] <-- POST /wd/hub/session/1e9bca35-dc16-423e-8225-811d11b6464a/element 200 840 ms - 88
2019-04-21 10:44:20:117 - info: [HTTP] 
2019-04-21 10:44:20:117 - info: [HTTP] --> POST /wd/hub/session/1e9bca35-dc16-423e-8225-811d11b6464a/element/ec3bfa86-d50c-4ad6-923f-eb5ef1907d7f/value
2019-04-21 10:44:20:117 - info: [HTTP] {"text":"shange","sessionId":"1e9bca35-dc16-423e-8225-811d11b6464a","id":"ec3bfa86-d50c-4ad6-923f-eb5ef1907d7f","value":["s","h","a","n","g","e"]}
2019-04-21 10:44:20:117 - info: [debug] [W3C] Calling AppiumDriver.setValue() with args: [["s","h","a","n","g","e"],"ec3bfa86-d50c-4ad6-923f-eb5ef1907d7f","1e9bca35-dc16-423e-8225-811d11b6464a"]
2019-04-21 10:44:20:117 - info: [debug] [JSONWP Proxy] Proxying [POST /element/ec3bfa86-d50c-4ad6-923f-eb5ef1907d7f/value] to [POST http://localhost:8202/wd/hub/session/a6f31639-d82f-4929-99d3-96f14d783c2c/element/ec3bfa86-d50c-4ad6-923f-eb5ef1907d7f/value] with body: {"elementId":"ec3bfa86-d50c-4ad6-923f-eb5ef1907d7f","text":"shange","replace":false,"unicodeKeyboard":true}
2019-04-21 10:44:20:687 - info: [debug] [JSONWP Proxy] Got response with status 200: {"sessionId":"a6f31639-d82f-4929-99d3-96f14d783c2c","status":0,"value":""}
2019-04-21 10:44:20:687 - info: [debug] [W3C] Responding to client with driver.setValue() result: ""
2019-04-21 10:44:20:687 - info: [HTTP] <-- POST /wd/hub/session/1e9bca35-dc16-423e-8225-811d11b6464a/element/ec3bfa86-d50c-4ad6-923f-eb5ef1907d7f/value 200 580 ms - 12
2019-04-21 10:44:20:702 - info: [HTTP] 
2019-04-21 10:44:20:702 - info: [HTTP] --> POST /wd/hub/session/1e9bca35-dc16-423e-8225-811d11b6464a/element
2019-04-21 10:44:20:702 - info: [HTTP] {"using":"id","sessionId":"1e9bca35-dc16-423e-8225-811d11b6464a","value":"com.cy.patrol:id/v_pwd"}
2019-04-21 10:44:20:702 - info: [debug] [W3C] Calling AppiumDriver.findElement() with args: ["id","com.cy.patrol:id/v_pwd","1e9bca35-dc16-423e-8225-811d11b6464a"]
2019-04-21 10:44:20:718 - info: [debug] [BaseDriver] Valid locator strategies for this request: xpath, id, class name, accessibility id, -android uiautomator
2019-04-21 10:44:20:718 - info: [debug] [BaseDriver] Waiting up to 0 ms for condition
2019-04-21 10:44:20:718 - info: [debug] [JSONWP Proxy] Proxying [POST /element] to [POST http://localhost:8202/wd/hub/session/a6f31639-d82f-4929-99d3-96f14d783c2c/element] with body: {"strategy":"id","selector":"com.cy.patrol:id/v_pwd","context":"","multiple":false}
2019-04-21 10:44:21:221 - info: [debug] [JSONWP Proxy] Got response with status 200: {"sessionId":"a6f31639-d82f-4929-99d3-96f14d783c2c","status":0,"value":{"ELEMENT":"5b8a0568-5423-43e0-8fa4-51ee0eb70af1"}}
2019-04-21 10:44:21:221 - info: [debug] [W3C] Responding to client with driver.findElement() result: {"element-6066-11e4-a52e-4f735466cecf":"5b8a0568-5423-43e0-8fa4-51ee0eb70af1"}
2019-04-21 10:44:21:221 - info: [HTTP] <-- POST /wd/hub/session/1e9bca35-dc16-423e-8225-811d11b6464a/element 200 520 ms - 88
2019-04-21 10:44:21:221 - info: [HTTP] 
2019-04-21 10:44:21:236 - info: [HTTP] --> POST /wd/hub/session/1e9bca35-dc16-423e-8225-811d11b6464a/element/5b8a0568-5423-43e0-8fa4-51ee0eb70af1/value
2019-04-21 10:44:21:236 - info: [HTTP] {"text":"123456","sessionId":"1e9bca35-dc16-423e-8225-811d11b6464a","id":"5b8a0568-5423-43e0-8fa4-51ee0eb70af1","value":["1","2","3","4","5","6"]}
2019-04-21 10:44:21:236 - info: [debug] [W3C] Calling AppiumDriver.setValue() with args: [["1","2","3","4","5","6"],"5b8a0568-5423-43e0-8fa4-51ee0eb70af1","1e9bca35-dc16-423e-8225-811d11b6464a"]
2019-04-21 10:44:21:236 - info: [debug] [JSONWP Proxy] Proxying [POST /element/5b8a0568-5423-43e0-8fa4-51ee0eb70af1/value] to [POST http://localhost:8202/wd/hub/session/a6f31639-d82f-4929-99d3-96f14d783c2c/element/5b8a0568-5423-43e0-8fa4-51ee0eb70af1/value] with body: {"elementId":"5b8a0568-5423-43e0-8fa4-51ee0eb70af1","text":"123456","replace":false,"unicodeKeyboard":true}
2019-04-21 10:44:21:796 - info: [debug] [JSONWP Proxy] Got response with status 200: {"sessionId":"a6f31639-d82f-4929-99d3-96f14d783c2c","status":0,"value":""}
2019-04-21 10:44:21:796 - info: [debug] [W3C] Responding to client with driver.setValue() result: ""
2019-04-21 10:44:21:796 - info: [HTTP] <-- POST /wd/hub/session/1e9bca35-dc16-423e-8225-811d11b6464a/element/5b8a0568-5423-43e0-8fa4-51ee0eb70af1/value 200 568 ms - 12
2019-04-21 10:44:21:796 - info: [HTTP] 
2019-04-21 10:44:21:811 - info: [HTTP] --> POST /wd/hub/session/1e9bca35-dc16-423e-8225-811d11b6464a/element
2019-04-21 10:44:21:811 - info: [HTTP] {"using":"id","sessionId":"1e9bca35-dc16-423e-8225-811d11b6464a","value":"com.cy.patrol:id/l_login"}
2019-04-21 10:44:21:811 - info: [debug] [W3C] Calling AppiumDriver.findElement() with args: ["id","com.cy.patrol:id/l_login","1e9bca35-dc16-423e-8225-811d11b6464a"]
2019-04-21 10:44:21:811 - info: [debug] [BaseDriver] Valid locator strategies for this request: xpath, id, class name, accessibility id, -android uiautomator
2019-04-21 10:44:21:811 - info: [debug] [BaseDriver] Waiting up to 0 ms for condition
2019-04-21 10:44:21:811 - info: [debug] [JSONWP Proxy] Proxying [POST /element] to [POST http://localhost:8202/wd/hub/session/a6f31639-d82f-4929-99d3-96f14d783c2c/element] with body: {"strategy":"id","selector":"com.cy.patrol:id/l_login","context":"","multiple":false}
2019-04-21 10:44:22:779 - info: [debug] [JSONWP Proxy] Got response with status 200: {"sessionId":"a6f31639-d82f-4929-99d3-96f14d783c2c","status":0,"value":{"ELEMENT":"9c15d2c5-4175-44f3-844d-232e6c4f5334"}}
2019-04-21 10:44:22:779 - info: [debug] [W3C] Responding to client with driver.findElement() result: {"element-6066-11e4-a52e-4f735466cecf":"9c15d2c5-4175-44f3-844d-232e6c4f5334"}
2019-04-21 10:44:22:779 - info: [HTTP] <-- POST /wd/hub/session/1e9bca35-dc16-423e-8225-811d11b6464a/element 200 972 ms - 88
2019-04-21 10:44:22:779 - info: [HTTP] 
2019-04-21 10:44:22:779 - info: [HTTP] --> POST /wd/hub/session/1e9bca35-dc16-423e-8225-811d11b6464a/element/9c15d2c5-4175-44f3-844d-232e6c4f5334/click
2019-04-21 10:44:22:779 - info: [HTTP] {"sessionId":"1e9bca35-dc16-423e-8225-811d11b6464a","id":"9c15d2c5-4175-44f3-844d-232e6c4f5334"}
2019-04-21 10:44:22:779 - info: [debug] [W3C] Calling AppiumDriver.click() with args: ["9c15d2c5-4175-44f3-844d-232e6c4f5334","1e9bca35-dc16-423e-8225-811d11b6464a"]
2019-04-21 10:44:22:795 - info: [debug] [JSONWP Proxy] Proxying [POST /element/9c15d2c5-4175-44f3-844d-232e6c4f5334/click] to [POST http://localhost:8202/wd/hub/session/a6f31639-d82f-4929-99d3-96f14d783c2c/element/9c15d2c5-4175-44f3-844d-232e6c4f5334/click] with body: {"element":"9c15d2c5-4175-44f3-844d-232e6c4f5334"}
2019-04-21 10:44:24:216 - info: [debug] [JSONWP Proxy] Got response with status 200: {"sessionId":"a6f31639-d82f-4929-99d3-96f14d783c2c","status":0,"value":true}
2019-04-21 10:44:24:216 - info: [debug] [W3C] Responding to client with driver.click() result: true
2019-04-21 10:44:24:216 - info: [HTTP] <-- POST /wd/hub/session/1e9bca35-dc16-423e-8225-811d11b6464a/element/9c15d2c5-4175-44f3-844d-232e6c4f5334/click 200 1433 ms - 14
2019-04-21 10:44:24:216 - info: [HTTP] 
2019-04-21 10:44:24:216 - info: [HTTP] --> POST /wd/hub/session/1e9bca35-dc16-423e-8225-811d11b6464a/element
2019-04-21 10:44:24:232 - info: [HTTP] {"using":"xpath","sessionId":"1e9bca35-dc16-423e-8225-811d11b6464a","value":"//*[contains(@text,登录成功)]"}
2019-04-21 10:44:24:232 - info: [debug] [W3C] Calling AppiumDriver.findElement() with args: ["xpath","//*[contains(@text,登录成功)]","1e9bca35-dc16-423e-8225-811d11b6464a"]
2019-04-21 10:44:24:232 - info: [debug] [BaseDriver] Valid locator strategies for this request: xpath, id, class name, accessibility id, -android uiautomator
2019-04-21 10:44:24:232 - info: [debug] [BaseDriver] Waiting up to 0 ms for condition
2019-04-21 10:44:24:232 - info: [debug] [JSONWP Proxy] Proxying [POST /element] to [POST http://localhost:8202/wd/hub/session/a6f31639-d82f-4929-99d3-96f14d783c2c/element] with body: {"strategy":"xpath","selector":"//*[contains(@text,登录成功)]","context":"","multiple":false}
2019-04-21 10:44:24:544 - info: [debug] [JSONWP Proxy] Got response with status 200: {"sessionId":"a6f31639-d82f-4929-99d3-96f14d783c2c","status":0,"value":{"ELEMENT":"f43525c0-040e-4009-8278-2067f5ea91ca"}}
2019-04-21 10:44:24:544 - info: [debug] [W3C] Responding to client with driver.findElement() result: {"element-6066-11e4-a52e-4f735466cecf":"f43525c0-040e-4009-8278-2067f5ea91ca"}
2019-04-21 10:44:24:544 - info: [HTTP] <-- POST /wd/hub/session/1e9bca35-dc16-423e-8225-811d11b6464a/element 200 320 ms - 88
2019-04-21 10:44:24:544 - info: [HTTP] 
2019-04-21 10:45:24:551 - warn: [BaseDriver] Shutting down because we waited 60 seconds for a command
2019-04-21 10:45:24:551 - info: [debug] [UiAutomator2] Deleting UiAutomator2 session
2019-04-21 10:45:24:566 - info: [debug] [UiAutomator2] Deleting UiAutomator2 server session
2019-04-21 10:45:24:566 - info: [debug] [JSONWP Proxy] Proxying [DELETE /] to [DELETE http://localhost:8202/wd/hub/session/a6f31639-d82f-4929-99d3-96f14d783c2c] with no body
2019-04-21 10:45:24:566 - warn: [Appium] Closing session, cause was 'New Command Timeout of 60 seconds expired. Try customizing the timeout using the 'newCommandTimeout' desired capability'
2019-04-21 10:45:24:582 - info: [Appium] Removing session 1e9bca35-dc16-423e-8225-811d11b6464a from our master session list
2019-04-21 10:45:24:597 - info: [debug] [JSONWP Proxy] Got response with status 200: "{\"sessionId\":\"a6f31639-d82f-4929-99d3-96f14d783c2c\",\"status\":0,\"value\":\"Session deleted\"}"
2019-04-21 10:45:24:597 - info: [debug] [UiAutomator2] Resetting IME to 'io.appium.android.ime/.UnicodeIME'
2019-04-21 10:45:24:613 - info: [debug] [ADB] Running 'E:\sdk\platform-tools\adb.exe -P 5037 -s 2116ca98 shell ime set io.appium.android.ime/.UnicodeIME'
2019-04-21 10:45:25:154 - info: [debug] [ADB] Running 'E:\sdk\platform-tools\adb.exe -P 5037 -s 2116ca98 shell am force-stop com.cy.patrol'
2019-04-21 10:45:25:279 - info: [debug] [UiAutomator2] [UIAutomator2] io.appium.uiautomator2.server.test.AppiumUiAutomator2Server:.
2019-04-21 10:45:25:279 - info: [debug] [UiAutomator2] [UIAutomator2] Time: 70.046
2019-04-21 10:45:25:279 - info: [debug] [UiAutomator2] [UIAutomator2] OK (1 test)
2019-04-21 10:45:25:749 - info: [debug] [Logcat] Stopping logcat capture
2019-04-21 10:45:25:764 - info: [debug] [ADB] Removing forwarded port socket connection: 8202 
2019-04-21 10:45:25:764 - info: [debug] [ADB] Running 'E:\sdk\platform-tools\adb.exe -P 5037 -s 2116ca98 forward --remove tcp\:8202'
