2019-04-21 12:43:00:768 - warn: [Appium] Appium support for versions of node < 8 has been deprecated and will be removed in a future version. Please upgrade!
2019-04-21 12:43:00:781 - info: [Appium] Welcome to Appium v1.8.1
2019-04-21 12:43:00:782 - info: [Appium] Non-default server args:
2019-04-21 12:43:00:782 - info: [Appium]   port: 4701
2019-04-21 12:43:00:782 - info: [Appium]   bootstrapPort: 4900
2019-04-21 12:43:00:782 - info: [Appium]   sessionOverride: true
2019-04-21 12:43:00:783 - info: [Appium]   log: D:/pythonProgram/Appium27/log/2116ca982019-04-21-20_42_58.log
2019-04-21 12:43:00:783 - info: [Appium]   udid: 2116ca98
2019-04-21 12:43:00:783 - info: [Appium]   noReset: true
2019-04-21 12:43:00:783 - warn: [Appium] Deprecated server args:
2019-04-21 12:43:00:784 - warn: [Appium]   -U,--udid => --default-capabilities '{"udid":"2116ca98"}'
2019-04-21 12:43:00:784 - warn: [Appium]   --no-reset => --default-capabilities '{"noReset":true}'
2019-04-21 12:43:00:784 - info: [Appium] Default capabilities, which will be added to each request unless overridden by desired capabilities:
2019-04-21 12:43:00:784 - info: [Appium]   udid: 2116ca98
2019-04-21 12:43:00:784 - info: [Appium]   noReset: true
2019-04-21 12:43:00:826 - info: [Appium] Appium REST http interface listener started on 0.0.0.0:4701
2019-04-21 12:43:18:902 - info: [HTTP] --> POST /wd/hub/session
2019-04-21 12:43:18:903 - info: [HTTP] {"capabilities":{"firstMatch":[{"appium:unicodeKeyboard":true,"appium:resetKeyboard":true,"appium:appWaitActivity":"com.cy.patrol.act.LoginAct","appium:automationName":"uiautomator2","appium:app":"E:\\work\\appium\\xcry_appium/apk/ryxc.apk","appium:deviceName":"2116ca98","platformName":"Android"}]},"desiredCapabilities":{"deviceName":"2116ca98","unicodeKeyboard":true,"app":"E:\\work\\appium\\xcry_appium/apk/ryxc.apk","appWaitActivity":"com.cy.patrol.act.LoginAct","resetKeyboard":true,"platformName":"Android","automationName":"uiautomator2"}}
2019-04-21 12:43:18:905 - info: [debug] [MJSONWP] Calling AppiumDriver.createSession() with args: [{"deviceName":"2116ca98","unicodeKeyboard":true,"app":"E:\\work\\appium\\xcry_appium/apk/ryxc.apk","appWaitActivity":"com.cy.patrol.act.LoginAct","resetKeyboard":true,"platformName":"Android","automationName":"uiautomator2"},null,{"firstMatch":[{"appium:unicodeKeyboard":true,"appium:resetKeyboard":true,"appium:appWaitActivity":"com.cy.patrol.act.LoginAct","appium:automationName":"uiautomator2","appium:app":"E:\\work\\appium\\xcry_appium/apk/ryxc.apk","appium:deviceName":"2116ca98","platformName":"Android"}]}]
2019-04-21 12:43:18:906 - info: [debug] [BaseDriver] Event 'newSessionRequested' logged at 1555850598906 (20:43:18 GMT+0800 (中国标准时间))
2019-04-21 12:43:18:909 - warn: [BaseDriver] The capabilities ["udid","noReset"] are not standard capabilities and should have an extension prefix
2019-04-21 12:43:18:914 - info: [Appium] Creating new AndroidUiautomator2Driver (v1.12.0) session
2019-04-21 12:43:18:914 - info: [Appium] Capabilities:
2019-04-21 12:43:18:914 - info: [Appium]   udid: 2116ca98
2019-04-21 12:43:18:914 - info: [Appium]   noReset: true
2019-04-21 12:43:18:915 - info: [Appium]   platformName: Android
2019-04-21 12:43:18:915 - info: [Appium]   unicodeKeyboard: true
2019-04-21 12:43:18:915 - info: [Appium]   resetKeyboard: true
2019-04-21 12:43:18:915 - info: [Appium]   appWaitActivity: com.cy.patrol.act.LoginAct
2019-04-21 12:43:18:915 - info: [Appium]   automationName: uiautomator2
2019-04-21 12:43:18:915 - info: [Appium]   app: E:\work\appium\xcry_appium/apk/ryxc.apk
2019-04-21 12:43:18:915 - info: [Appium]   deviceName: 2116ca98
2019-04-21 12:43:18:919 - info: [debug] [BaseDriver] W3C capabilities {"alwaysMatch":{"appium:udi... and MJSONWP desired capabilities [object Object] were provided
2019-04-21 12:43:18:919 - info: [debug] [BaseDriver] Creating session with W3C capabilities: {"alwaysMatch":{"appium:udi...
2019-04-21 12:43:18:930 - info: [BaseDriver] Session created with session id: 9419c41d-55ca-4c3a-897b-0cfa51acdd87
2019-04-21 12:43:18:933 - info: [BaseDriver] Using local app 'E:\work\appium\xcry_appium/apk/ryxc.apk'
2019-04-21 12:43:18:933 - info: [debug] [UiAutomator2] Checking whether app is actually present
2019-04-21 12:43:19:339 - info: [debug] [AndroidDriver] Getting Java version
2019-04-21 12:43:19:441 - info: [AndroidDriver] Java version is: 1.8.0_151
2019-04-21 12:43:19:443 - info: [ADB] Checking whether adb is present
2019-04-21 12:43:19:448 - info: [ADB] Found 1 'build-tools' folders under 'E:\sdk' (newest first):
2019-04-21 12:43:19:448 - info: [ADB]     E:/sdk/build-tools/android-4.3
2019-04-21 12:43:19:449 - info: [ADB] Using adb.exe from E:\sdk\platform-tools\adb.exe
2019-04-21 12:43:19:449 - info: [AndroidDriver] Retrieving device list
2019-04-21 12:43:19:449 - info: [debug] [ADB] Trying to find a connected android device
2019-04-21 12:43:19:450 - info: [debug] [ADB] Getting connected devices...
2019-04-21 12:43:19:472 - info: [debug] [ADB] 1 device(s) connected
2019-04-21 12:43:19:473 - info: [AndroidDriver] Using device: 2116ca98
2019-04-21 12:43:19:475 - info: [debug] [ADB] Setting device id to 2116ca98
2019-04-21 12:43:19:476 - info: [debug] [ADB] Running 'E:\sdk\platform-tools\adb.exe -P 5037 -s 2116ca98 shell getprop ro.build.version.sdk'
2019-04-21 12:43:19:520 - info: [debug] [ADB] Current device property 'ro.build.version.sdk': 25
2019-04-21 12:43:19:521 - info: [debug] [ADB] Device API level: 25
2019-04-21 12:43:19:521 - info: [debug] [AndroidDriver] Parsing package and activity from app manifest
2019-04-21 12:43:19:524 - info: [ADB] Using the alternative activity name detection method because of: Could not find apkanalyzer.bat in E:\sdk\platform-tools\apkanalyzer.bat,E:\sdk\emulator\apkanalyzer.bat,E:\sdk\tools\apkanalyzer.bat,E:\sdk\tools\bin\apkanalyzer.bat,E:\sdk\build-tools\android-4.3\apkanalyzer.bat. Do you have the Android SDK installed at 'E:\sdk'?
2019-04-21 12:43:19:524 - info: [ADB] Checking whether aapt is present
2019-04-21 12:43:19:525 - info: [ADB] Using aapt.exe from E:\sdk\tools\aapt.exe
2019-04-21 12:43:19:525 - info: [ADB] Extracting package and launch activity from manifest
2019-04-21 12:43:19:565 - info: [ADB] Package name: 'com.cy.patrol'
2019-04-21 12:43:19:565 - info: [ADB] Main activity name: 'com.cy.patrol.act.LoadingAct'
2019-04-21 12:43:19:565 - info: [debug] [AndroidDriver] Parsed package and activity are: com.cy.patrol/com.cy.patrol.act.LoadingAct
2019-04-21 12:43:19:566 - info: [ADB] Getting device platform version
2019-04-21 12:43:19:566 - info: [debug] [ADB] Running 'E:\sdk\platform-tools\adb.exe -P 5037 -s 2116ca98 shell getprop ro.build.version.release'
2019-04-21 12:43:19:610 - info: [debug] [ADB] Current device property 'ro.build.version.release': 7.1.1
2019-04-21 12:43:19:610 - info: [debug] [ADB] Running 'E:\sdk\platform-tools\adb.exe -P 5037 -s 2116ca98 shell wm size'
2019-04-21 12:43:20:134 - info: [debug] [ADB] Running 'E:\sdk\platform-tools\adb.exe -P 5037 -s 2116ca98 shell wm density'
2019-04-21 12:43:20:677 - info: [debug] [ADB] Running 'E:\sdk\platform-tools\adb.exe -P 5037 -s 2116ca98 shell getprop ro.product.model'
2019-04-21 12:43:20:774 - info: [debug] [ADB] Current device property 'ro.product.model': OS103
2019-04-21 12:43:20:775 - info: [debug] [ADB] Running 'E:\sdk\platform-tools\adb.exe -P 5037 -s 2116ca98 shell getprop ro.product.manufacturer'
2019-04-21 12:43:20:839 - info: [debug] [ADB] Current device property 'ro.product.manufacturer': smartisan
2019-04-21 12:43:20:839 - info: [debug] [ADB] Device API level: 25
2019-04-21 12:43:20:841 - info: [debug] [ADB] Running 'E:\sdk\platform-tools\adb.exe -P 5037 -s 2116ca98 shell am force-stop io.appium.uiautomator2.server'
2019-04-21 12:43:21:382 - info: [debug] [ADB] Checking app cert for C:\Users\30280\AppData\Roaming\npm\node_modules\appium\node_modules\appium-uiautomator2-server\apks\appium-uiautomator2-server-v1.12.0.apk
2019-04-21 12:43:21:390 - warn: [ADB] Cannot use apksigner tool for signature verification. Defaulting to verify.jar. Original error: Could not find apksigner.bat in E:\sdk\platform-tools\apksigner.bat,E:\sdk\emulator\apksigner.bat,E:\sdk\tools\apksigner.bat,E:\sdk\tools\bin\apksigner.bat,E:\sdk\build-tools\android-4.3\apksigner.bat. Do you have the Android SDK installed at 'E:\sdk'?
2019-04-21 12:43:21:613 - info: [debug] [ADB] 'C:\Users\30280\AppData\Roaming\npm\node_modules\appium\node_modules\appium-uiautomator2-server\apks\appium-uiautomator2-server-v1.12.0.apk' is already signed.
2019-04-21 12:43:21:614 - info: [debug] [ADB] Checking app cert for C:\Users\30280\AppData\Roaming\npm\node_modules\appium\node_modules\appium-uiautomator2-server\apks\appium-uiautomator2-server-debug-androidTest.apk
2019-04-21 12:43:21:614 - warn: [ADB] Cannot use apksigner tool for signature verification. Defaulting to verify.jar. Original error: Could not find apksigner.bat in E:\sdk\platform-tools\apksigner.bat,E:\sdk\emulator\apksigner.bat,E:\sdk\tools\apksigner.bat,E:\sdk\tools\bin\apksigner.bat,E:\sdk\build-tools\android-4.3\apksigner.bat. Do you have the Android SDK installed at 'E:\sdk'?
2019-04-21 12:43:21:880 - info: [debug] [ADB] 'C:\Users\30280\AppData\Roaming\npm\node_modules\appium\node_modules\appium-uiautomator2-server\apks\appium-uiautomator2-server-debug-androidTest.apk' is already signed.
2019-04-21 12:43:21:882 - info: [debug] [ADB] Getting install status for io.appium.uiautomator2.server
2019-04-21 12:43:21:882 - info: [debug] [ADB] Running 'E:\sdk\platform-tools\adb.exe -P 5037 -s 2116ca98 shell pm list packages io.appium.uiautomator2.server'
2019-04-21 12:43:22:390 - info: [debug] [ADB] App is installed
2019-04-21 12:43:22:391 - info: [debug] [ADB] Getting package info for 'io.appium.uiautomator2.server'
2019-04-21 12:43:22:391 - info: [debug] [ADB] Running 'E:\sdk\platform-tools\adb.exe -P 5037 -s 2116ca98 shell dumpsys package io.appium.uiautomator2.server'
2019-04-21 12:43:22:465 - info: [debug] [ADB] The installed 'io.appium.uiautomator2.server' package does not require upgrade ('1.12.0' >= '1.12.0')
2019-04-21 12:43:22:466 - info: [debug] [ADB] Getting install status for io.appium.uiautomator2.server.test
2019-04-21 12:43:22:466 - info: [debug] [ADB] Running 'E:\sdk\platform-tools\adb.exe -P 5037 -s 2116ca98 shell pm list packages io.appium.uiautomator2.server.test'
2019-04-21 12:43:22:984 - info: [debug] [ADB] App is installed
2019-04-21 12:43:22:986 - info: [debug] [ADB] Getting package info for 'io.appium.uiautomator2.server.test'
2019-04-21 12:43:22:986 - info: [debug] [ADB] Running 'E:\sdk\platform-tools\adb.exe -P 5037 -s 2116ca98 shell dumpsys package io.appium.uiautomator2.server.test'
2019-04-21 12:43:23:113 - warn: [ADB] Cannot read version codes of 'C:\Users\30280\AppData\Roaming\npm\node_modules\appium\node_modules\appium-uiautomator2-server\apks\appium-uiautomator2-server-debug-androidTest.apk' and/or 'io.appium.uiautomator2.server.test'
2019-04-21 12:43:23:114 - warn: [ADB] Cannot read version names of 'C:\Users\30280\AppData\Roaming\npm\node_modules\appium\node_modules\appium-uiautomator2-server\apks\appium-uiautomator2-server-debug-androidTest.apk' and/or 'io.appium.uiautomator2.server.test'. Assuming correct app version is already installed
2019-04-21 12:43:23:115 - info: [debug] [UiAutomator2] Waiting up to 20000ms for instrumentation 'io.appium.uiautomator2.server.test/android.support.test.runner.AndroidJUnitRunner' to be available
2019-04-21 12:43:23:120 - info: [debug] [ADB] Running 'E:\sdk\platform-tools\adb.exe -P 5037 -s 2116ca98 shell pm list instrumentation'
2019-04-21 12:43:23:681 - info: [debug] [UiAutomator2] Instrumentation 'io.appium.uiautomator2.server.test/android.support.test.runner.AndroidJUnitRunner' available
2019-04-21 12:43:23:686 - info: [debug] [ADB] Running 'E:\sdk\platform-tools\adb.exe -P 5037 -s 2116ca98 wait-for-device'
2019-04-21 12:43:23:745 - info: [debug] [ADB] Running 'E:\sdk\platform-tools\adb.exe -P 5037 -s 2116ca98 shell echo ping'
2019-04-21 12:43:23:804 - info: [debug] [AndroidDriver] Pushing settings apk to device...
2019-04-21 12:43:23:804 - info: [debug] [ADB] Getting install status for io.appium.settings
2019-04-21 12:43:23:804 - info: [debug] [ADB] Running 'E:\sdk\platform-tools\adb.exe -P 5037 -s 2116ca98 shell pm list packages io.appium.settings'
2019-04-21 12:43:24:329 - info: [debug] [ADB] App is installed
2019-04-21 12:43:24:330 - info: [debug] [ADB] Getting package info for 'io.appium.settings'
2019-04-21 12:43:24:330 - info: [debug] [ADB] Running 'E:\sdk\platform-tools\adb.exe -P 5037 -s 2116ca98 shell dumpsys package io.appium.settings'
2019-04-21 12:43:24:452 - info: [debug] [ADB] The installed 'io.appium.settings' package does not require upgrade (13 > 5)
2019-04-21 12:43:24:453 - info: [debug] [ADB] Running 'E:\sdk\platform-tools\adb.exe -P 5037 -s 2116ca98 shell ps'
2019-04-21 12:43:24:562 - info: [debug] [AndroidDriver] io.appium.settings is already running. There is no need to reset its permissions.
2019-04-21 12:43:24:563 - info: [debug] [ADB] Device API level: 25
2019-04-21 12:43:24:563 - info: [debug] [ADB] Running 'E:\sdk\platform-tools\adb.exe -P 5037 -s 2116ca98 shell appops set io.appium.settings android\:mock_location allow'
2019-04-21 12:43:24:620 - warn: [AndroidDriver] setDeviceLanguageCountry requires language or country.
2019-04-21 12:43:24:621 - warn: [AndroidDriver] Got language: 'null' and country: 'null'
2019-04-21 12:43:24:622 - info: [debug] [Logcat] Starting logcat capture
2019-04-21 12:43:24:665 - info: [debug] [AndroidDriver] Enabling Unicode keyboard support
2019-04-21 12:43:24:665 - info: [debug] [AndroidDriver] Pushing unicode ime to device...
2019-04-21 12:43:24:667 - info: [debug] [ADB] Running 'E:\sdk\platform-tools\adb.exe -P 5037 -s 2116ca98 install C\:\\Users\\30280\\AppData\\Roaming\\npm\\node_modules\\appium\\node_modules\\appium-android-ime\\bin\\UnicodeIME-debug.apk'
2019-04-21 12:43:25:451 - info: [debug] [ADB] Install command stdout: Failure [INSTALL_FAILED_ALREADY_EXISTS: Attempt to re-install io.appium.android.ime without first uninstalling.]
2019-04-21 12:43:25:452 - info: [debug] [ADB] Application 'C:\Users\30280\AppData\Roaming\npm\node_modules\appium\node_modules\appium-android-ime\bin\UnicodeIME-debug.apk' already installed. Continuing.
2019-04-21 12:43:25:453 - info: [debug] [ADB] Running 'E:\sdk\platform-tools\adb.exe -P 5037 -s 2116ca98 shell settings get secure default_input_method'
2019-04-21 12:43:26:000 - info: [debug] [AndroidDriver] Unsetting previous IME io.appium.android.ime/.UnicodeIME
2019-04-21 12:43:26:001 - info: [debug] [AndroidDriver] Setting IME to 'io.appium.android.ime/.UnicodeIME'
2019-04-21 12:43:26:002 - info: [debug] [ADB] Running 'E:\sdk\platform-tools\adb.exe -P 5037 -s 2116ca98 shell ime enable io.appium.android.ime/.UnicodeIME'
2019-04-21 12:43:26:546 - info: [debug] [ADB] Running 'E:\sdk\platform-tools\adb.exe -P 5037 -s 2116ca98 shell ime set io.appium.android.ime/.UnicodeIME'
2019-04-21 12:43:27:087 - info: [debug] [AndroidDriver] Pushing unlock helper app to device...
2019-04-21 12:43:27:088 - info: [debug] [ADB] Getting install status for io.appium.unlock
2019-04-21 12:43:27:089 - info: [debug] [ADB] Running 'E:\sdk\platform-tools\adb.exe -P 5037 -s 2116ca98 shell pm list packages io.appium.unlock'
2019-04-21 12:43:27:654 - info: [debug] [ADB] App is installed
2019-04-21 12:43:27:655 - info: [debug] [ADB] Getting package info for 'io.appium.unlock'
2019-04-21 12:43:27:656 - info: [debug] [ADB] Running 'E:\sdk\platform-tools\adb.exe -P 5037 -s 2116ca98 shell dumpsys package io.appium.unlock'
2019-04-21 12:43:27:750 - info: [debug] [ADB] The installed 'io.appium.unlock' package does not require upgrade ('2.0.0' >= '2.0.0')
2019-04-21 12:43:27:751 - info: [debug] [UiAutomator2] Forwarding UiAutomator2 Server port 6790 to 8208
2019-04-21 12:43:27:751 - info: [debug] [ADB] Forwarding system: 8208 to device: 6790
2019-04-21 12:43:27:752 - info: [debug] [ADB] Running 'E:\sdk\platform-tools\adb.exe -P 5037 -s 2116ca98 forward tcp\:8208 tcp\:6790'
2019-04-21 12:43:27:778 - info: [debug] [ADB] Running 'E:\sdk\platform-tools\adb.exe -P 5037 -s 2116ca98 shell rm -rf /data/local/tmp/strings.json'
2019-04-21 12:43:27:820 - info: [debug] [AndroidDriver] Extracting strings from apk
2019-04-21 12:43:27:822 - info: [debug] [AndroidDriver] E:\work\appium\xcry_appium/apk/ryxc.apk
2019-04-21 12:43:27:822 - info: [debug] [AndroidDriver] null
2019-04-21 12:43:27:822 - info: [debug] [AndroidDriver] C:\Users\30280\AppData\Local\Temp\com.cy.patrol
2019-04-21 12:43:27:824 - info: [debug] [ADB] Extracting strings for language: default
2019-04-21 12:43:27:971 - info: [ADB] Successfully extracted 498 strings from 'E:\work\appium\xcry_appium/apk/ryxc.apk' resources for '(default)' configuration
2019-04-21 12:43:27:986 - info: [debug] [ADB] Running 'E:\sdk\platform-tools\adb.exe -P 5037 -s 2116ca98 push C\:\\Users\\30280\\AppData\\Local\\Temp\\com.cy.patrol\\strings.json /data/local/tmp'
2019-04-21 12:43:28:038 - info: [debug] [ADB] Checking app cert for E:\work\appium\xcry_appium/apk/ryxc.apk
2019-04-21 12:43:28:038 - warn: [ADB] Cannot use apksigner tool for signature verification. Defaulting to verify.jar. Original error: Could not find apksigner.bat in E:\sdk\platform-tools\apksigner.bat,E:\sdk\emulator\apksigner.bat,E:\sdk\tools\apksigner.bat,E:\sdk\tools\bin\apksigner.bat,E:\sdk\build-tools\android-4.3\apksigner.bat. Do you have the Android SDK installed at 'E:\sdk'?
2019-04-21 12:43:29:210 - info: [debug] [ADB] 'E:\work\appium\xcry_appium/apk/ryxc.apk' is already signed.
2019-04-21 12:43:29:211 - info: [debug] [ADB] Getting install status for com.cy.patrol
2019-04-21 12:43:29:211 - info: [debug] [ADB] Running 'E:\sdk\platform-tools\adb.exe -P 5037 -s 2116ca98 shell pm list packages com.cy.patrol'
2019-04-21 12:43:29:735 - info: [debug] [ADB] App is installed
2019-04-21 12:43:29:736 - info: [debug] [ADB] Getting package info for 'com.cy.patrol'
2019-04-21 12:43:29:736 - info: [debug] [ADB] Running 'E:\sdk\platform-tools\adb.exe -P 5037 -s 2116ca98 shell dumpsys package com.cy.patrol'
2019-04-21 12:43:29:938 - info: [debug] [ADB] The installed 'com.cy.patrol' package does not require upgrade ('1.0.0' >= '1.0.0')
2019-04-21 12:43:29:940 - info: [debug] [ADB] Running 'E:\sdk\platform-tools\adb.exe -P 5037 -s 2116ca98 shell am force-stop io.appium.uiautomator2.server'
2019-04-21 12:43:30:452 - info: [UiAutomator2] Starting uiautomator2 server 1.12.0
2019-04-21 12:43:30:453 - info: [UiAutomator2] Using UIAutomator2 server from 'C:\Users\30280\AppData\Roaming\npm\node_modules\appium\node_modules\appium-uiautomator2-server\apks\appium-uiautomator2-server-v1.12.0.apk' and test from 'C:\Users\30280\AppData\Roaming\npm\node_modules\appium\node_modules\appium-uiautomator2-server\apks\appium-uiautomator2-server-debug-androidTest.apk'
2019-04-21 12:43:30:454 - info: [UiAutomator2] Running command: 'adb -s 2116ca98 shell am instrument -w io.appium.uiautomator2.server.test/android.support.test.runner.AndroidJUnitRunner'
2019-04-21 12:43:30:460 - info: [UiAutomator2] Waiting up to 20000ms for UiAutomator2 to be online...
2019-04-21 12:43:30:463 - info: [debug] [JSONWP Proxy] Proxying [GET /status] to [GET http://localhost:8208/wd/hub/status] with no body
2019-04-21 12:43:31:503 - info: [debug] [JSONWP Proxy] Proxying [GET /status] to [GET http://localhost:8208/wd/hub/status] with no body
2019-04-21 12:43:32:522 - info: [debug] [JSONWP Proxy] Proxying [GET /status] to [GET http://localhost:8208/wd/hub/status] with no body
2019-04-21 12:43:33:549 - info: [debug] [JSONWP Proxy] Proxying [GET /status] to [GET http://localhost:8208/wd/hub/status] with no body
2019-04-21 12:43:33:605 - info: [debug] [JSONWP Proxy] Got response with status 200: "{\"sessionId\":\"SESSIONID\",\"status\":0,\"value\":\"Status Invoked\"}"
2019-04-21 12:43:33:608 - info: [debug] [JSONWP Proxy] Proxying [POST /session] to [POST http://localhost:8208/wd/hub/session] with body: {"desiredCapabilities":{"platform":"LINUX","webStorageEnabled":false,"takesScreenshot":true,"javascriptEnabled":true,"databaseEnabled":false,"networkConnectionEnabled":true,"locationContextEnabled":false,"warnings":{},"desired":{"platformName":"Android","udid":"2116ca98","noReset":true,"unicodeKeyboard":true,"resetKeyboard":true,"appWaitActivity":"com.cy.patrol.act.LoginAct","automationName":"uiautomator2","app":"E:\\work\\appium\\xcry_appium/apk/ryxc.apk","deviceName":"2116ca98"},"platformName":"Android","udid":"2116ca98","noReset":true,"unicodeKeyboard":true,"resetKeyboard":true,"appWaitActivity":"com.cy.patrol.act.LoginAct","automationName":"uiautomator2","app":"E:\\work\\appium\\xcry_appium/apk/ryxc.apk","deviceName":"2116ca98","deviceUDID":"2116ca98","platformVersion":"7.1.1","deviceScreenSize":"1080x2160","deviceScreenDensity":400,"deviceModel":"OS103","deviceManufacturer":"smartisan","deviceApiLevel":25,"appPackage":"com.cy.patrol"}}
2019-04-21 12:43:33:641 - info: [debug] [JSONWP Proxy] Got response with status 200: {"sessionId":"1bc18227-a71d-4a5d-8aef-06e47ff73b77","status":0,"value":"Created Session"}
2019-04-21 12:43:33:643 - info: [debug] [ADB] Running 'E:\sdk\platform-tools\adb.exe -P 5037 -s 2116ca98 shell dumpsys window'
2019-04-21 12:43:33:751 - info: [AndroidDriver] Screen already unlocked, doing nothing
2019-04-21 12:43:33:753 - info: [UiAutomator2] UiAutomator2 did not start the activity we were waiting for, 'com.cy.patrol/com.cy.patrol.act.LoginAct'. Starting it ourselves
2019-04-21 12:43:33:756 - info: [debug] [ADB] Device API level: 25
2019-04-21 12:43:33:758 - info: [debug] [ADB] Running 'E:\sdk\platform-tools\adb.exe -P 5037 -s 2116ca98 shell am start -W -n com.cy.patrol/com.cy.patrol.act.LoadingAct -S -a android.intent.action.MAIN -c android.intent.category.LAUNCHER -f 0x10200000'
2019-04-21 12:43:35:437 - info: [debug] [ADB] Waiting up to 20000ms for activity matching pkg: 'com.cy.patrol' and activity: 'com.cy.patrol.act.LoginAct' to be focused
2019-04-21 12:43:35:438 - info: [debug] [ADB] Possible activities, to be checked: 'com.cy.patrol.act.LoginAct', 'com.cy.patrol.com.cy.patrol.act.LoginAct'
2019-04-21 12:43:35:442 - info: [debug] [ADB] Getting focused package and activity
2019-04-21 12:43:35:444 - info: [debug] [ADB] Running 'E:\sdk\platform-tools\adb.exe -P 5037 -s 2116ca98 shell dumpsys window windows'
2019-04-21 12:43:35:566 - info: [debug] [ADB] Found package: 'com.cy.patrol' and fully qualified activity name : 'com.cy.patrol.act.LoginAct'
2019-04-21 12:43:35:568 - info: [debug] [JSONWP Proxy] Proxying [GET /appium/device/pixel_ratio] to [GET http://localhost:8208/wd/hub/session/1bc18227-a71d-4a5d-8aef-06e47ff73b77/appium/device/pixel_ratio] with body: {}
2019-04-21 12:43:35:585 - info: [debug] [JSONWP Proxy] Got response with status 200: "{\"sessionId\":\"1bc18227-a71d-4a5d-8aef-06e47ff73b77\",\"status\":0,\"value\":2.5}"
2019-04-21 12:43:35:586 - info: [debug] [JSONWP Proxy] Proxying [GET /appium/device/system_bars] to [GET http://localhost:8208/wd/hub/session/1bc18227-a71d-4a5d-8aef-06e47ff73b77/appium/device/system_bars] with body: {}
2019-04-21 12:43:35:607 - info: [debug] [JSONWP Proxy] Got response with status 200: "{\"sessionId\":\"1bc18227-a71d-4a5d-8aef-06e47ff73b77\",\"status\":0,\"value\":{\"statusBar\":60}}"
2019-04-21 12:43:35:609 - info: [debug] [JSONWP Proxy] Proxying [GET /window/current/size] to [GET http://localhost:8208/wd/hub/session/1bc18227-a71d-4a5d-8aef-06e47ff73b77/window/current/size] with body: {}
2019-04-21 12:43:35:627 - info: [debug] [JSONWP Proxy] Got response with status 200: "{\"sessionId\":\"1bc18227-a71d-4a5d-8aef-06e47ff73b77\",\"status\":0,\"value\":{\"height\":2070,\"width\":1080}}"
2019-04-21 12:43:35:632 - info: [Appium] New AndroidUiautomator2Driver session created successfully, session 9419c41d-55ca-4c3a-897b-0cfa51acdd87 added to master session list
2019-04-21 12:43:35:636 - info: [debug] [BaseDriver] Event 'newSessionStarted' logged at 1555850615635 (20:43:35 GMT+0800 (中国标准时间))
2019-04-21 12:43:35:640 - info: [debug] [W3C] Responding to client with driver.createSession() result: {"capabilities":{"platform":"LINUX","webStorageEnabled":false,"takesScreenshot":true,"javascriptEnabled":true,"databaseEnabled":false,"networkConnectionEnabled":true,"locationContextEnabled":false,"warnings":{},"desired":{"platformName":"Android","udid":"2116ca98","noReset":true,"unicodeKeyboard":true,"resetKeyboard":true,"appWaitActivity":"com.cy.patrol.act.LoginAct","automationName":"uiautomator2","app":"E:\\work\\appium\\xcry_appium/apk/ryxc.apk","deviceName":"2116ca98"},"platformName":"Android","udid":"2116ca98","noReset":true,"unicodeKeyboard":true,"resetKeyboard":true,"appWaitActivity":"com.cy.patrol.act.LoginAct","automationName":"uiautomator2","app":"E:\\work\\appium\\xcry_appium/apk/ryxc.apk","deviceName":"2116ca98","deviceUDID":"2116ca98","platformVersion":"7.1.1","deviceScreenSize":"1080x2160","deviceScreenDensity":400,"deviceModel":"OS103","deviceManufacturer":"smartisan","deviceApiLevel":25,"appPackage":"com.cy.patrol","pixelRatio":2.5,"statBarHeight":60,"viewportRect":{"left":0,"top":60,"widt...
2019-04-21 12:43:35:652 - info: [HTTP] <-- POST /wd/hub/session 200 16745 ms - 1106
2019-04-21 12:43:35:652 - info: [HTTP] 
2019-04-21 12:43:35:664 - info: [HTTP] --> POST /wd/hub/session/9419c41d-55ca-4c3a-897b-0cfa51acdd87/element
2019-04-21 12:43:35:665 - info: [HTTP] {"using":"id","sessionId":"9419c41d-55ca-4c3a-897b-0cfa51acdd87","value":"com.cy.patrol:id/v_mobile"}
2019-04-21 12:43:35:671 - info: [debug] [W3C] Calling AppiumDriver.findElement() with args: ["id","com.cy.patrol:id/v_mobile","9419c41d-55ca-4c3a-897b-0cfa51acdd87"]
2019-04-21 12:43:35:674 - info: [debug] [BaseDriver] Valid locator strategies for this request: xpath, id, class name, accessibility id, -android uiautomator
2019-04-21 12:43:35:675 - info: [debug] [BaseDriver] Waiting up to 0 ms for condition
2019-04-21 12:43:35:678 - info: [debug] [JSONWP Proxy] Proxying [POST /element] to [POST http://localhost:8208/wd/hub/session/1bc18227-a71d-4a5d-8aef-06e47ff73b77/element] with body: {"strategy":"id","selector":"com.cy.patrol:id/v_mobile","context":"","multiple":false}
2019-04-21 12:43:36:133 - info: [debug] [JSONWP Proxy] Got response with status 200: {"sessionId":"1bc18227-a71d-4a5d-8aef-06e47ff73b77","status":0,"value":{"ELEMENT":"3fa98416-1f36-4984-a729-45d40d2d05d5"}}
2019-04-21 12:43:36:135 - info: [debug] [W3C] Responding to client with driver.findElement() result: {"element-6066-11e4-a52e-4f735466cecf":"3fa98416-1f36-4984-a729-45d40d2d05d5"}
2019-04-21 12:43:36:137 - info: [HTTP] <-- POST /wd/hub/session/9419c41d-55ca-4c3a-897b-0cfa51acdd87/element 200 473 ms - 88
2019-04-21 12:43:36:138 - info: [HTTP] 
2019-04-21 12:43:36:141 - info: [HTTP] --> POST /wd/hub/session/9419c41d-55ca-4c3a-897b-0cfa51acdd87/element/3fa98416-1f36-4984-a729-45d40d2d05d5/value
2019-04-21 12:43:36:141 - info: [HTTP] {"text":"shange","sessionId":"9419c41d-55ca-4c3a-897b-0cfa51acdd87","id":"3fa98416-1f36-4984-a729-45d40d2d05d5","value":["s","h","a","n","g","e"]}
2019-04-21 12:43:36:141 - info: [debug] [W3C] Calling AppiumDriver.setValue() with args: [["s","h","a","n","g","e"],"3fa98416-1f36-4984-a729-45d40d2d05d5","9419c41d-55ca-4c3a-897b-0cfa51acdd87"]
2019-04-21 12:43:36:142 - info: [debug] [JSONWP Proxy] Proxying [POST /element/3fa98416-1f36-4984-a729-45d40d2d05d5/value] to [POST http://localhost:8208/wd/hub/session/1bc18227-a71d-4a5d-8aef-06e47ff73b77/element/3fa98416-1f36-4984-a729-45d40d2d05d5/value] with body: {"elementId":"3fa98416-1f36-4984-a729-45d40d2d05d5","text":"shange","replace":false,"unicodeKeyboard":true}
2019-04-21 12:43:36:947 - info: [debug] [JSONWP Proxy] Got response with status 200: {"sessionId":"1bc18227-a71d-4a5d-8aef-06e47ff73b77","status":0,"value":""}
2019-04-21 12:43:36:950 - info: [debug] [W3C] Responding to client with driver.setValue() result: ""
2019-04-21 12:43:36:953 - info: [HTTP] <-- POST /wd/hub/session/9419c41d-55ca-4c3a-897b-0cfa51acdd87/element/3fa98416-1f36-4984-a729-45d40d2d05d5/value 200 811 ms - 12
2019-04-21 12:43:36:954 - info: [HTTP] 
2019-04-21 12:43:36:961 - info: [HTTP] --> POST /wd/hub/session/9419c41d-55ca-4c3a-897b-0cfa51acdd87/element
2019-04-21 12:43:36:962 - info: [HTTP] {"using":"id","sessionId":"9419c41d-55ca-4c3a-897b-0cfa51acdd87","value":"com.cy.patrol:id/v_pwd"}
2019-04-21 12:43:36:965 - info: [debug] [W3C] Calling AppiumDriver.findElement() with args: ["id","com.cy.patrol:id/v_pwd","9419c41d-55ca-4c3a-897b-0cfa51acdd87"]
2019-04-21 12:43:36:968 - info: [debug] [BaseDriver] Valid locator strategies for this request: xpath, id, class name, accessibility id, -android uiautomator
2019-04-21 12:43:36:969 - info: [debug] [BaseDriver] Waiting up to 0 ms for condition
2019-04-21 12:43:36:970 - info: [debug] [JSONWP Proxy] Proxying [POST /element] to [POST http://localhost:8208/wd/hub/session/1bc18227-a71d-4a5d-8aef-06e47ff73b77/element] with body: {"strategy":"id","selector":"com.cy.patrol:id/v_pwd","context":"","multiple":false}
2019-04-21 12:43:37:464 - info: [debug] [JSONWP Proxy] Got response with status 200: {"sessionId":"1bc18227-a71d-4a5d-8aef-06e47ff73b77","status":0,"value":{"ELEMENT":"15d6a270-d250-4651-955a-515ab6a736b0"}}
2019-04-21 12:43:37:467 - info: [debug] [W3C] Responding to client with driver.findElement() result: {"element-6066-11e4-a52e-4f735466cecf":"15d6a270-d250-4651-955a-515ab6a736b0"}
2019-04-21 12:43:37:469 - info: [HTTP] <-- POST /wd/hub/session/9419c41d-55ca-4c3a-897b-0cfa51acdd87/element 200 508 ms - 88
2019-04-21 12:43:37:470 - info: [HTTP] 
2019-04-21 12:43:37:477 - info: [HTTP] --> POST /wd/hub/session/9419c41d-55ca-4c3a-897b-0cfa51acdd87/element/15d6a270-d250-4651-955a-515ab6a736b0/value
2019-04-21 12:43:37:478 - info: [HTTP] {"text":"123456","sessionId":"9419c41d-55ca-4c3a-897b-0cfa51acdd87","id":"15d6a270-d250-4651-955a-515ab6a736b0","value":["1","2","3","4","5","6"]}
2019-04-21 12:43:37:480 - info: [debug] [W3C] Calling AppiumDriver.setValue() with args: [["1","2","3","4","5","6"],"15d6a270-d250-4651-955a-515ab6a736b0","9419c41d-55ca-4c3a-897b-0cfa51acdd87"]
2019-04-21 12:43:37:484 - info: [debug] [JSONWP Proxy] Proxying [POST /element/15d6a270-d250-4651-955a-515ab6a736b0/value] to [POST http://localhost:8208/wd/hub/session/1bc18227-a71d-4a5d-8aef-06e47ff73b77/element/15d6a270-d250-4651-955a-515ab6a736b0/value] with body: {"elementId":"15d6a270-d250-4651-955a-515ab6a736b0","text":"123456","replace":false,"unicodeKeyboard":true}
2019-04-21 12:43:38:040 - info: [debug] [JSONWP Proxy] Got response with status 200: {"sessionId":"1bc18227-a71d-4a5d-8aef-06e47ff73b77","status":0,"value":""}
2019-04-21 12:43:38:043 - info: [debug] [W3C] Responding to client with driver.setValue() result: ""
2019-04-21 12:43:38:044 - info: [HTTP] <-- POST /wd/hub/session/9419c41d-55ca-4c3a-897b-0cfa51acdd87/element/15d6a270-d250-4651-955a-515ab6a736b0/value 200 568 ms - 12
2019-04-21 12:43:38:045 - info: [HTTP] 
2019-04-21 12:43:38:049 - info: [HTTP] --> POST /wd/hub/session/9419c41d-55ca-4c3a-897b-0cfa51acdd87/element
2019-04-21 12:43:38:052 - info: [HTTP] {"using":"id","sessionId":"9419c41d-55ca-4c3a-897b-0cfa51acdd87","value":"com.cy.patrol:id/l_login"}
2019-04-21 12:43:38:054 - info: [debug] [W3C] Calling AppiumDriver.findElement() with args: ["id","com.cy.patrol:id/l_login","9419c41d-55ca-4c3a-897b-0cfa51acdd87"]
2019-04-21 12:43:38:056 - info: [debug] [BaseDriver] Valid locator strategies for this request: xpath, id, class name, accessibility id, -android uiautomator
2019-04-21 12:43:38:069 - info: [debug] [BaseDriver] Waiting up to 0 ms for condition
2019-04-21 12:43:38:070 - info: [debug] [JSONWP Proxy] Proxying [POST /element] to [POST http://localhost:8208/wd/hub/session/1bc18227-a71d-4a5d-8aef-06e47ff73b77/element] with body: {"strategy":"id","selector":"com.cy.patrol:id/l_login","context":"","multiple":false}
2019-04-21 12:43:38:562 - info: [debug] [JSONWP Proxy] Got response with status 200: {"sessionId":"1bc18227-a71d-4a5d-8aef-06e47ff73b77","status":0,"value":{"ELEMENT":"7a353d3a-b0d2-47c0-882a-8939a2a8a63b"}}
2019-04-21 12:43:38:566 - info: [debug] [W3C] Responding to client with driver.findElement() result: {"element-6066-11e4-a52e-4f735466cecf":"7a353d3a-b0d2-47c0-882a-8939a2a8a63b"}
2019-04-21 12:43:38:570 - info: [HTTP] <-- POST /wd/hub/session/9419c41d-55ca-4c3a-897b-0cfa51acdd87/element 200 518 ms - 88
2019-04-21 12:43:38:571 - info: [HTTP] 
2019-04-21 12:43:38:576 - info: [HTTP] --> POST /wd/hub/session/9419c41d-55ca-4c3a-897b-0cfa51acdd87/element/7a353d3a-b0d2-47c0-882a-8939a2a8a63b/click
2019-04-21 12:43:38:577 - info: [HTTP] {"sessionId":"9419c41d-55ca-4c3a-897b-0cfa51acdd87","id":"7a353d3a-b0d2-47c0-882a-8939a2a8a63b"}
2019-04-21 12:43:38:578 - info: [debug] [W3C] Calling AppiumDriver.click() with args: ["7a353d3a-b0d2-47c0-882a-8939a2a8a63b","9419c41d-55ca-4c3a-897b-0cfa51acdd87"]
2019-04-21 12:43:38:579 - info: [debug] [JSONWP Proxy] Proxying [POST /element/7a353d3a-b0d2-47c0-882a-8939a2a8a63b/click] to [POST http://localhost:8208/wd/hub/session/1bc18227-a71d-4a5d-8aef-06e47ff73b77/element/7a353d3a-b0d2-47c0-882a-8939a2a8a63b/click] with body: {"element":"7a353d3a-b0d2-47c0-882a-8939a2a8a63b"}
2019-04-21 12:43:40:089 - info: [debug] [JSONWP Proxy] Got response with status 200: {"sessionId":"1bc18227-a71d-4a5d-8aef-06e47ff73b77","status":0,"value":true}
2019-04-21 12:43:40:091 - info: [debug] [W3C] Responding to client with driver.click() result: true
2019-04-21 12:43:40:094 - info: [HTTP] <-- POST /wd/hub/session/9419c41d-55ca-4c3a-897b-0cfa51acdd87/element/7a353d3a-b0d2-47c0-882a-8939a2a8a63b/click 200 1516 ms - 14
2019-04-21 12:43:40:095 - info: [HTTP] 
2019-04-21 12:43:40:109 - info: [HTTP] --> GET /wd/hub/session/9419c41d-55ca-4c3a-897b-0cfa51acdd87/screenshot
2019-04-21 12:43:40:110 - info: [HTTP] {}
2019-04-21 12:43:40:113 - info: [debug] [W3C] Calling AppiumDriver.getScreenshot() with args: ["9419c41d-55ca-4c3a-897b-0cfa51acdd87"]
2019-04-21 12:43:40:115 - info: [debug] [JSONWP Proxy] Proxying [GET /screenshot] to [GET http://localhost:8208/wd/hub/session/1bc18227-a71d-4a5d-8aef-06e47ff73b77/screenshot] with no body
2019-04-21 12:43:40:992 - info: [debug] [JSONWP Proxy] Got response with status 200: "{\"sessionId\":\"1bc18227-a71d-4a5d-8aef-06e47ff73b77\",\"status\":0,\"value\":\"iVBORw0KGgoAAAANSUhEUgAABDgAAAhwCAIAAABH2RmtAAAAA3NCSVQICAjb4U\\/gAAAgAElEQVR4\\nnOyddZgcVfq2n+qutuke14xEJhP3hAhxhwDBg0Nw+dCFhRXYZZEVFlkWdyc\\/FgvBAwnEICSBuM5k\\nkklGMhm3dvv+6JrWquqylpk595ULeqpOPfXWkTrnrWPUynVeEHoFK9fhvLmJNoKgECQ1exMkNXsT\\nJDV7EyvX4cnP5ibaCoIy3HPuOpKavYZNT6\\/z\\/VAl1AwCgUAgEAgEAoFAYIE4KgQCgUAgEAgEAiHp\\nII4KgUAgEAgEAoFASDqIo0IgEAgEAoFAIBCSDuKoEAgEAoFAIBAIhKSD9v2vvrby\\/105NPI0RVFp\\n6Tm5ef3HTV687MoHtFq9tNt0drR8u+qFndu+a20+oVLTWTmFU2ecs+CM6\\/QGoyid77589cUnbpwx\\n76LfP\\/g\\/ITe95bJStVrz9qpGaWb3Ss6fr\\/Z6PI88vW70+Dkfv\\/eP91+7H8BpZ990890vRQY+uG\\/z\\ng3cvcNit0+cuu\\/dvH4q9l8x0Vyrb9GKCU\\/Ph+07fsXU1pVL96dHPJk9fyhq+o73pnhsmNjVU9ysq\\ne\\/LV7YaUVFG3Iwkqh1gXN4GQRFSEOBQ3gZAEVYQqh23q\\/i2RxykgS6Mt1ujmpWbenT9Ap0rw5902\\nt2vS\\/i0aijo4erqoq95orF3X1VrvdNAUVUBrl6TnXJ7dLyXRjxNTXB7PJ22NH7WerLJbT7ocNKXK\\nozUDdIYrswqWZuQGh3ynqe6emopCrX7XyKmJsjYSktY+aP8vr8cTedoLtLWcbGs5WXFw29ZNqx5+\\nam16Zp7Ye1QfO\\/CvB86tqy73H6k9fnDP9h82...
2019-04-21 12:43:41:004 - info: [debug] [W3C] Responding to client with driver.getScreenshot() result: "iVBORw0KGgoAAAANSUhEUgAABDgAAAhwCAIAAABH2RmtAAAAA3NCSVQICAjb4U/gAAAgAElEQVR4\nnOyddZgcVfq2n+qutuke14xEJhP3hAhxhwDBg0Nw+dCFhRXYZZEVFlkWdyc/FgvBAwnEICSBuM5k\nkklGMhm3dvv+6JrWquqylpk595ULeqpOPfXWkTrnrWPUynVeEHoFK9fhvLmJNoKgECQ1exMkNXsT\nJDV7EyvX4cnP5ibaCoIy3HPuOpKavYZNT6/z/VAl1AwCgUAgEAgEAoFAYIE4KgQCgUAgEAgEAiHp\nII4KgUAgEAgEAoFASDqIo0IgEAgEAoFAIBCSDuKoEAgEAoFAIBAIhKSD9v2vvrby/105NPI0RVFp\n6Tm5ef3HTV687MoHtFq9tNt0drR8u+qFndu+a20+oVLTWTmFU2ecs+CM6/QGoyid77589cUnbpwx\n76LfP/g/ITe95bJStVrz9qpGaWb3Ss6fr/Z6PI88vW70+Dkfv/eP91+7H8BpZ990890vRQY+uG/z\ng3cvcNit0+cuu/dvH4q9l8x0Vyrb9GKCU/Ph+07fsXU1pVL96dHPJk9fyhq+o73pnhsmNjVU9ysq\ne/LV7YaUVFG3Iwkqh1gXN4GQRFSEOBQ3gZAEVYQqh23q/i2RxykgS6Mt1ujmpWbenT9Ap0rw5902\nt2vS/i0aijo4erqoq95orF3X1VrvdNAUVUBrl6TnXJ7dLyXRjxNTXB7PJ22NH7WerLJbT7ocNKXK\nozUDdIYrswqWZuQGh3ynqe6emopCrX7XyKmJsjYSktY+aP8vr8cTedoLtLWcbGs5WXFw29ZNqx5+\nam16Zp7Ye1QfO/CvB86tqy73H6k9fnDP9h82rP2/PzzyaVZ2P+FS61a/A2DxWTcKCfzVp8+Yu9rT\n0nPEGtx3OPeSe7dv+ebAnk1rv35jxryLx0yYF3zW5XK+9sztDrs1K6fw2lv/I1ZcZrormG36CNfe\n9vQf/9...
2019-04-21 12:43:41:016 - info: [HTTP] <-- GET /wd/hub/session/9419c41d-55ca-4c3a-897b-0cfa51acdd87/screenshot 200 904 ms - 404020
2019-04-21 12:43:41:016 - info: [HTTP] 
2019-04-21 12:43:41:021 - info: [HTTP] --> GET /wd/hub/session/9419c41d-55ca-4c3a-897b-0cfa51acdd87/screenshot
2019-04-21 12:43:41:021 - info: [HTTP] {}
2019-04-21 12:43:41:022 - info: [debug] [W3C] Calling AppiumDriver.getScreenshot() with args: ["9419c41d-55ca-4c3a-897b-0cfa51acdd87"]
2019-04-21 12:43:41:022 - info: [debug] [JSONWP Proxy] Proxying [GET /screenshot] to [GET http://localhost:8208/wd/hub/session/1bc18227-a71d-4a5d-8aef-06e47ff73b77/screenshot] with no body
2019-04-21 12:43:41:909 - info: [debug] [JSONWP Proxy] Got response with status 200: "{\"sessionId\":\"1bc18227-a71d-4a5d-8aef-06e47ff73b77\",\"status\":0,\"value\":\"iVBORw0KGgoAAAANSUhEUgAABDgAAAhwCAIAAABH2RmtAAAAA3NCSVQICAjb4U\\/gAAAgAElEQVR4\\nnOyddZgcVfq2n+qutuke14xEJhP3hAhxhwDBg0Nw+dCFhRXYZZEVFlkWdyc\\/FgvBAwnEICSBuM5k\\nkklGMhm3dvv+6JrWquqylpk595ULeqpOPfXWkTrnrWPUynVeEHoFK9fhvLmJNoKgECQ1exMkNXsT\\nJDV7EyvX4cnP5ibaCoIy3HPuOpKavYZNT6\\/z\\/VAl1AwCgUAgEAgEAoFAYIE4KgQCgUAgEAgEAiHp\\nII4KgUAgEAgEAoFASDqIo0IgEAgEAoFAIBCSDuKoEAgEAoFAIBAIhKSD9v2vvrby\\/105NPI0RVFp\\n6Tm5ef3HTV687MoHtFq9tNt0drR8u+qFndu+a20+oVLTWTmFU2ecs+CM6\\/QGoyid77589cUnbpwx\\n76LfP\\/g\\/ITe95bJStVrz9qpGaWb3Ss6fr\\/Z6PI88vW70+Dkfv\\/eP91+7H8BpZ990890vRQY+uG\\/z\\ng3cvcNit0+cuu\\/dvH4q9l8x0Vyrb9GKCU\\/Ph+07fsXU1pVL96dHPJk9fyhq+o73pnhsmNjVU9ysq\\ne\\/LV7YaUVFG3Iwkqh1gXN4GQRFSEOBQ3gZAEVYQqh23q\\/i2RxykgS6Mt1ujmpWbenT9Ap0rw5902\\nt2vS\\/i0aijo4erqoq95orF3X1VrvdNAUVUBrl6TnXJ7dLyXRjxNTXB7PJ22NH7WerLJbT7ocNKXK\\nozUDdIYrswqWZuQGh3ynqe6emopCrX7XyKmJsjYSktY+aP8vr8cTedoLtLWcbGs5WXFw29ZNqx5+\\nam16Zp7Ye1QfO\\/CvB86tqy73H6k9fnDP9h82...
2019-04-21 12:43:41:924 - info: [debug] [W3C] Responding to client with driver.getScreenshot() result: "iVBORw0KGgoAAAANSUhEUgAABDgAAAhwCAIAAABH2RmtAAAAA3NCSVQICAjb4U/gAAAgAElEQVR4\nnOyddZgcVfq2n+qutuke14xEJhP3hAhxhwDBg0Nw+dCFhRXYZZEVFlkWdyc/FgvBAwnEICSBuM5k\nkklGMhm3dvv+6JrWquqylpk595ULeqpOPfXWkTrnrWPUynVeEHoFK9fhvLmJNoKgECQ1exMkNXsT\nJDV7EyvX4cnP5ibaCoIy3HPuOpKavYZNT6/z/VAl1AwCgUAgEAgEAoFAYIE4KgQCgUAgEAgEAiHp\nII4KgUAgEAgEAoFASDqIo0IgEAgEAoFAIBCSDuKoEAgEAoFAIBAIhKSD9v2vvrby/105NPI0RVFp\n6Tm5ef3HTV687MoHtFq9tNt0drR8u+qFndu+a20+oVLTWTmFU2ecs+CM6/QGoyid77589cUnbpwx\n76LfP/g/ITe95bJStVrz9qpGaWb3Ss6fr/Z6PI88vW70+Dkfv/eP91+7H8BpZ990890vRQY+uG/z\ng3cvcNit0+cuu/dvH4q9l8x0Vyrb9GKCU/Ph+07fsXU1pVL96dHPJk9fyhq+o73pnhsmNjVU9ysq\ne/LV7YaUVFG3Iwkqh1gXN4GQRFSEOBQ3gZAEVYQqh23q/i2RxykgS6Mt1ujmpWbenT9Ap0rw5902\nt2vS/i0aijo4erqoq95orF3X1VrvdNAUVUBrl6TnXJ7dLyXRjxNTXB7PJ22NH7WerLJbT7ocNKXK\nozUDdIYrswqWZuQGh3ynqe6emopCrX7XyKmJsjYSktY+aP8vr8cTedoLtLWcbGs5WXFw29ZNqx5+\nam16Zp7Ye1QfO/CvB86tqy73H6k9fnDP9h82rP2/PzzyaVZ2P+FS61a/A2DxWTcKCfzVp8+Yu9rT\n0nPEGtx3OPeSe7dv+ebAnk1rv35jxryLx0yYF3zW5XK+9sztDrs1K6fw2lv/I1ZcZrormG36CNfe\n9vQf/9...
2019-04-21 12:43:41:939 - info: [HTTP] <-- GET /wd/hub/session/9419c41d-55ca-4c3a-897b-0cfa51acdd87/screenshot 200 913 ms - 405264
2019-04-21 12:43:41:940 - info: [HTTP] 
2019-04-21 12:43:41:952 - info: [HTTP] --> GET /wd/hub/session/9419c41d-55ca-4c3a-897b-0cfa51acdd87/screenshot
2019-04-21 12:43:41:952 - info: [HTTP] {}
2019-04-21 12:43:41:953 - info: [debug] [W3C] Calling AppiumDriver.getScreenshot() with args: ["9419c41d-55ca-4c3a-897b-0cfa51acdd87"]
2019-04-21 12:43:41:953 - info: [debug] [JSONWP Proxy] Proxying [GET /screenshot] to [GET http://localhost:8208/wd/hub/session/1bc18227-a71d-4a5d-8aef-06e47ff73b77/screenshot] with no body
2019-04-21 12:43:42:812 - info: [debug] [JSONWP Proxy] Got response with status 200: "{\"sessionId\":\"1bc18227-a71d-4a5d-8aef-06e47ff73b77\",\"status\":0,\"value\":\"iVBORw0KGgoAAAANSUhEUgAABDgAAAhwCAIAAABH2RmtAAAAA3NCSVQICAjb4U\\/gAAAgAElEQVR4\\nnOyddZgcVfq2n+qutuke14xEJhP3hAhxhwDBg0Nw+dCFhRXYZZEVFlkWdyc\\/FgvBAwnEICSBuM5k\\nkklGMhm3dvv+6JrWquqylpk595ULeqpOPfXWkTrnrWPUynVeEHoFK9fhvLmJNoKgECQ1exMkNXsT\\nJDV7EyvX4cnP5ibaCoIy3HPuOpKavYZNT6\\/z\\/VAl1AwCgUAgEAgEAoFAYIE4KgQCgUAgEAgEAiHp\\nII4KgUAgEAgEAoFASDqIo0IgEAgEAoFAIBCSDuKoEAgEAoFAIBAIhKSD9v2vvrby\\/105NPI0RVFp\\n6Tm5ef3HTV687MoHtFq9tNt0drR8u+qFndu+a20+oVLTWTmFU2ecs+CM6\\/QGoyid77589cUnbpwx\\n76LfP\\/g\\/ITe95bJStVrz9qpGaWb3Ss6fr\\/Z6PI88vW70+Dkfv\\/eP91+7H8BpZ990890vRQY+uG\\/z\\ng3cvcNit0+cuu\\/dvH4q9l8x0Vyrb9GKCU\\/Ph+07fsXU1pVL96dHPJk9fyhq+o73pnhsmNjVU9ysq\\ne\\/LV7YaUVFG3Iwkqh1gXN4GQRFSEOBQ3gZAEVYQqh23q\\/i2RxykgS6Mt1ujmpWbenT9Ap0rw5902\\nt2vS\\/i0aijo4erqoq95orF3X1VrvdNAUVUBrl6TnXJ7dLyXRjxNTXB7PJ22NH7WerLJbT7ocNKXK\\nozUDdIYrswqWZuQGh3ynqe6emopCrX7XyKmJsjYSktY+aP8vr8cTedoLtLWcbGs5WXFw29ZNqx5+\\nam16Zp7Ye1QfO\\/CvB86tqy73H6k9fnDP9h82...
2019-04-21 12:43:42:816 - info: [debug] [W3C] Responding to client with driver.getScreenshot() result: "iVBORw0KGgoAAAANSUhEUgAABDgAAAhwCAIAAABH2RmtAAAAA3NCSVQICAjb4U/gAAAgAElEQVR4\nnOyddZgcVfq2n+qutuke14xEJhP3hAhxhwDBg0Nw+dCFhRXYZZEVFlkWdyc/FgvBAwnEICSBuM5k\nkklGMhm3dvv+6JrWquqylpk595ULeqpOPfXWkTrnrWPUynVeEHoFK9fhvLmJNoKgECQ1exMkNXsT\nJDV7EyvX4cnP5ibaCoIy3HPuOpKavYZNT6/z/VAl1AwCgUAgEAgEAoFAYIE4KgQCgUAgEAgEAiHp\nII4KgUAgEAgEAoFASDqIo0IgEAgEAoFAIBCSDuKoEAgEAoFAIBAIhKSD9v2vvrby/105NPI0RVFp\n6Tm5ef3HTV687MoHtFq9tNt0drR8u+qFndu+a20+oVLTWTmFU2ecs+CM6/QGoyid77589cUnbpwx\n76LfP/g/ITe95bJStVrz9qpGaWb3Ss6fr/Z6PI88vW70+Dkfv/eP91+7H8BpZ990890vRQY+uG/z\ng3cvcNit0+cuu/dvH4q9l8x0Vyrb9GKCU/Ph+07fsXU1pVL96dHPJk9fyhq+o73pnhsmNjVU9ysq\ne/LV7YaUVFG3Iwkqh1gXN4GQRFSEOBQ3gZAEVYQqh23q/i2RxykgS6Mt1ujmpWbenT9Ap0rw5902\nt2vS/i0aijo4erqoq95orF3X1VrvdNAUVUBrl6TnXJ7dLyXRjxNTXB7PJ22NH7WerLJbT7ocNKXK\nozUDdIYrswqWZuQGh3ynqe6emopCrX7XyKmJsjYSktY+aP8vr8cTedoLtLWcbGs5WXFw29ZNqx5+\nam16Zp7Ye1QfO/CvB86tqy73H6k9fnDP9h82rP2/PzzyaVZ2P+FS61a/A2DxWTcKCfzVp8+Yu9rT\n0nPEGtx3OPeSe7dv+ebAnk1rv35jxryLx0yYF3zW5XK+9sztDrs1K6fw2lv/I1ZcZrormG36CNfe\n9vQf/9...
2019-04-21 12:43:42:821 - info: [HTTP] <-- GET /wd/hub/session/9419c41d-55ca-4c3a-897b-0cfa51acdd87/screenshot 200 867 ms - 394508
2019-04-21 12:43:42:821 - info: [HTTP] 
