2019-04-21 08:55:57:345 - warn: [Appium] Appium support for versions of node < 8 has been deprecated and will be removed in a future version. Please upgrade!
2019-04-21 08:55:57:345 - info: [Appium] Welcome to Appium v1.8.1
2019-04-21 08:55:57:345 - info: [Appium] Non-default server args:
2019-04-21 08:55:57:345 - info: [Appium]   port: 4700
2019-04-21 08:55:57:345 - info: [Appium]   bootstrapPort: 4900
2019-04-21 08:55:57:345 - info: [Appium]   sessionOverride: true
2019-04-21 08:55:57:345 - info: [Appium]   log: D:/pythonProgram/Appium27/log/2116ca982019-04-21-16_55_54.log
2019-04-21 08:55:57:345 - info: [Appium]   udid: 2116ca98
2019-04-21 08:55:57:345 - info: [Appium]   noReset: true
2019-04-21 08:55:57:360 - warn: [Appium] Deprecated server args:
2019-04-21 08:55:57:360 - warn: [Appium]   -U,--udid => --default-capabilities '{"udid":"2116ca98"}'
2019-04-21 08:55:57:360 - warn: [Appium]   --no-reset => --default-capabilities '{"noReset":true}'
2019-04-21 08:55:57:360 - info: [Appium] Default capabilities, which will be added to each request unless overridden by desired capabilities:
2019-04-21 08:55:57:360 - info: [Appium]   udid: 2116ca98
2019-04-21 08:55:57:360 - info: [Appium]   noReset: true
2019-04-21 08:55:57:392 - info: [Appium] Appium REST http interface listener started on 0.0.0.0:4700
2019-04-21 08:56:15:559 - info: [HTTP] --> POST /wd/hub/session
2019-04-21 08:56:15:559 - info: [HTTP] {"capabilities":{"firstMatch":[{"appium:unicodeKeyboard":true,"appium:resetKeyboard":true,"appium:automationName":"uiautomator2","appium:app":"E:\\work\\appium\\xcry_appium/apk/ryxc.apk","appium:deviceName":"2116ca98","platformName":"Android"}]},"desiredCapabilities":{"deviceName":"2116ca98","unicodeKeyboard":true,"automationName":"uiautomator2","resetKeyboard":true,"platformName":"Android","app":"E:\\work\\appium\\xcry_appium/apk/ryxc.apk"}}
2019-04-21 08:56:15:559 - info: [debug] [MJSONWP] Calling AppiumDriver.createSession() with args: [{"deviceName":"2116ca98","unicodeKeyboard":true,"automationName":"uiautomator2","resetKeyboard":true,"platformName":"Android","app":"E:\\work\\appium\\xcry_appium/apk/ryxc.apk"},null,{"firstMatch":[{"appium:unicodeKeyboard":true,"appium:resetKeyboard":true,"appium:automationName":"uiautomator2","appium:app":"E:\\work\\appium\\xcry_appium/apk/ryxc.apk","appium:deviceName":"2116ca98","platformName":"Android"}]}]
2019-04-21 08:56:15:559 - info: [debug] [BaseDriver] Event 'newSessionRequested' logged at 1555836975559 (16:56:15 GMT+0800 (中国标准时间))
2019-04-21 08:56:15:559 - warn: [BaseDriver] The capabilities ["udid","noReset"] are not standard capabilities and should have an extension prefix
2019-04-21 08:56:15:575 - info: [Appium] Creating new AndroidUiautomator2Driver (v1.12.0) session
2019-04-21 08:56:15:575 - info: [Appium] Capabilities:
2019-04-21 08:56:15:575 - info: [Appium]   udid: 2116ca98
2019-04-21 08:56:15:575 - info: [Appium]   noReset: true
2019-04-21 08:56:15:575 - info: [Appium]   platformName: Android
2019-04-21 08:56:15:575 - info: [Appium]   unicodeKeyboard: true
2019-04-21 08:56:15:575 - info: [Appium]   resetKeyboard: true
2019-04-21 08:56:15:575 - info: [Appium]   automationName: uiautomator2
2019-04-21 08:56:15:575 - info: [Appium]   app: E:\work\appium\xcry_appium/apk/ryxc.apk
2019-04-21 08:56:15:575 - info: [Appium]   deviceName: 2116ca98
2019-04-21 08:56:15:575 - info: [debug] [BaseDriver] W3C capabilities {"alwaysMatch":{"appium:udi... and MJSONWP desired capabilities [object Object] were provided
2019-04-21 08:56:15:575 - info: [debug] [BaseDriver] Creating session with W3C capabilities: {"alwaysMatch":{"appium:udi...
2019-04-21 08:56:15:591 - info: [BaseDriver] Session created with session id: 2226a68e-1b15-42e2-bd09-782695ecace1
2019-04-21 08:56:15:591 - info: [BaseDriver] Using local app 'E:\work\appium\xcry_appium/apk/ryxc.apk'
2019-04-21 08:56:15:591 - info: [debug] [UiAutomator2] Checking whether app is actually present
2019-04-21 08:56:16:012 - info: [debug] [AndroidDriver] Getting Java version
2019-04-21 08:56:16:160 - info: [AndroidDriver] Java version is: 1.8.0_151
2019-04-21 08:56:16:160 - info: [ADB] Checking whether adb is present
2019-04-21 08:56:16:176 - info: [ADB] Found 1 'build-tools' folders under 'E:\sdk' (newest first):
2019-04-21 08:56:16:176 - info: [ADB]     E:/sdk/build-tools/android-4.3
2019-04-21 08:56:16:176 - info: [ADB] Using adb.exe from E:\sdk\platform-tools\adb.exe
2019-04-21 08:56:16:176 - info: [AndroidDriver] Retrieving device list
2019-04-21 08:56:16:176 - info: [debug] [ADB] Trying to find a connected android device
2019-04-21 08:56:16:176 - info: [debug] [ADB] Getting connected devices...
2019-04-21 08:56:16:192 - info: [debug] [ADB] 1 device(s) connected
2019-04-21 08:56:16:192 - info: [AndroidDriver] Using device: 2116ca98
2019-04-21 08:56:16:192 - info: [debug] [ADB] Setting device id to 2116ca98
2019-04-21 08:56:16:192 - info: [debug] [ADB] Running 'E:\sdk\platform-tools\adb.exe -P 5037 -s 2116ca98 shell getprop ro.build.version.sdk'
2019-04-21 08:56:16:254 - info: [debug] [ADB] Current device property 'ro.build.version.sdk': 25
2019-04-21 08:56:16:254 - info: [debug] [ADB] Device API level: 25
2019-04-21 08:56:16:254 - info: [debug] [AndroidDriver] Parsing package and activity from app manifest
2019-04-21 08:56:16:270 - info: [ADB] Using the alternative activity name detection method because of: Could not find apkanalyzer.bat in E:\sdk\platform-tools\apkanalyzer.bat,E:\sdk\emulator\apkanalyzer.bat,E:\sdk\tools\apkanalyzer.bat,E:\sdk\tools\bin\apkanalyzer.bat,E:\sdk\build-tools\android-4.3\apkanalyzer.bat. Do you have the Android SDK installed at 'E:\sdk'?
2019-04-21 08:56:16:270 - info: [ADB] Checking whether aapt is present
2019-04-21 08:56:16:270 - info: [ADB] Using aapt.exe from E:\sdk\tools\aapt.exe
2019-04-21 08:56:16:270 - info: [ADB] Extracting package and launch activity from manifest
2019-04-21 08:56:16:301 - info: [ADB] Package name: 'com.cy.patrol'
2019-04-21 08:56:16:301 - info: [ADB] Main activity name: 'com.cy.patrol.act.LoadingAct'
2019-04-21 08:56:16:301 - info: [debug] [AndroidDriver] Parsed package and activity are: com.cy.patrol/com.cy.patrol.act.LoadingAct
2019-04-21 08:56:16:301 - info: [ADB] Getting device platform version
2019-04-21 08:56:16:301 - info: [debug] [ADB] Running 'E:\sdk\platform-tools\adb.exe -P 5037 -s 2116ca98 shell getprop ro.build.version.release'
2019-04-21 08:56:16:348 - info: [debug] [ADB] Current device property 'ro.build.version.release': 7.1.1
2019-04-21 08:56:16:348 - info: [debug] [ADB] Running 'E:\sdk\platform-tools\adb.exe -P 5037 -s 2116ca98 shell wm size'
2019-04-21 08:56:16:879 - info: [debug] [ADB] Running 'E:\sdk\platform-tools\adb.exe -P 5037 -s 2116ca98 shell wm density'
2019-04-21 08:56:17:442 - info: [debug] [ADB] Running 'E:\sdk\platform-tools\adb.exe -P 5037 -s 2116ca98 shell getprop ro.product.model'
2019-04-21 08:56:17:520 - info: [debug] [ADB] Current device property 'ro.product.model': OS103
2019-04-21 08:56:17:520 - info: [debug] [ADB] Running 'E:\sdk\platform-tools\adb.exe -P 5037 -s 2116ca98 shell getprop ro.product.manufacturer'
2019-04-21 08:56:17:567 - info: [debug] [ADB] Current device property 'ro.product.manufacturer': smartisan
2019-04-21 08:56:17:567 - info: [debug] [ADB] Device API level: 25
2019-04-21 08:56:17:567 - info: [debug] [ADB] Running 'E:\sdk\platform-tools\adb.exe -P 5037 -s 2116ca98 shell am force-stop io.appium.uiautomator2.server'
2019-04-21 08:56:18:160 - info: [debug] [ADB] Checking app cert for C:\Users\30280\AppData\Roaming\npm\node_modules\appium\node_modules\appium-uiautomator2-server\apks\appium-uiautomator2-server-v1.12.0.apk
2019-04-21 08:56:18:160 - warn: [ADB] Cannot use apksigner tool for signature verification. Defaulting to verify.jar. Original error: Could not find apksigner.bat in E:\sdk\platform-tools\apksigner.bat,E:\sdk\emulator\apksigner.bat,E:\sdk\tools\apksigner.bat,E:\sdk\tools\bin\apksigner.bat,E:\sdk\build-tools\android-4.3\apksigner.bat. Do you have the Android SDK installed at 'E:\sdk'?
2019-04-21 08:56:18:391 - info: [debug] [ADB] 'C:\Users\30280\AppData\Roaming\npm\node_modules\appium\node_modules\appium-uiautomator2-server\apks\appium-uiautomator2-server-v1.12.0.apk' is already signed.
2019-04-21 08:56:18:391 - info: [debug] [ADB] Checking app cert for C:\Users\30280\AppData\Roaming\npm\node_modules\appium\node_modules\appium-uiautomator2-server\apks\appium-uiautomator2-server-debug-androidTest.apk
2019-04-21 08:56:18:391 - warn: [ADB] Cannot use apksigner tool for signature verification. Defaulting to verify.jar. Original error: Could not find apksigner.bat in E:\sdk\platform-tools\apksigner.bat,E:\sdk\emulator\apksigner.bat,E:\sdk\tools\apksigner.bat,E:\sdk\tools\bin\apksigner.bat,E:\sdk\build-tools\android-4.3\apksigner.bat. Do you have the Android SDK installed at 'E:\sdk'?
2019-04-21 08:56:18:663 - info: [debug] [ADB] 'C:\Users\30280\AppData\Roaming\npm\node_modules\appium\node_modules\appium-uiautomator2-server\apks\appium-uiautomator2-server-debug-androidTest.apk' is already signed.
2019-04-21 08:56:18:663 - info: [debug] [ADB] Getting install status for io.appium.uiautomator2.server
2019-04-21 08:56:18:663 - info: [debug] [ADB] Running 'E:\sdk\platform-tools\adb.exe -P 5037 -s 2116ca98 shell pm list packages io.appium.uiautomator2.server'
2019-04-21 08:56:19:209 - info: [debug] [ADB] App is installed
2019-04-21 08:56:19:209 - info: [debug] [ADB] Getting package info for 'io.appium.uiautomator2.server'
2019-04-21 08:56:19:209 - info: [debug] [ADB] Running 'E:\sdk\platform-tools\adb.exe -P 5037 -s 2116ca98 shell dumpsys package io.appium.uiautomator2.server'
2019-04-21 08:56:19:381 - info: [debug] [ADB] The installed 'io.appium.uiautomator2.server' package does not require upgrade ('1.12.0' >= '1.12.0')
2019-04-21 08:56:19:381 - info: [debug] [ADB] Getting install status for io.appium.uiautomator2.server.test
2019-04-21 08:56:19:381 - info: [debug] [ADB] Running 'E:\sdk\platform-tools\adb.exe -P 5037 -s 2116ca98 shell pm list packages io.appium.uiautomator2.server.test'
2019-04-21 08:56:19:928 - info: [debug] [ADB] App is installed
2019-04-21 08:56:19:928 - info: [debug] [ADB] Getting package info for 'io.appium.uiautomator2.server.test'
2019-04-21 08:56:19:928 - info: [debug] [ADB] Running 'E:\sdk\platform-tools\adb.exe -P 5037 -s 2116ca98 shell dumpsys package io.appium.uiautomator2.server.test'
2019-04-21 08:56:20:037 - warn: [ADB] Cannot read version codes of 'C:\Users\30280\AppData\Roaming\npm\node_modules\appium\node_modules\appium-uiautomator2-server\apks\appium-uiautomator2-server-debug-androidTest.apk' and/or 'io.appium.uiautomator2.server.test'
2019-04-21 08:56:20:037 - warn: [ADB] Cannot read version names of 'C:\Users\30280\AppData\Roaming\npm\node_modules\appium\node_modules\appium-uiautomator2-server\apks\appium-uiautomator2-server-debug-androidTest.apk' and/or 'io.appium.uiautomator2.server.test'. Assuming correct app version is already installed
2019-04-21 08:56:20:037 - info: [debug] [UiAutomator2] Waiting up to 20000ms for instrumentation 'io.appium.uiautomator2.server.test/android.support.test.runner.AndroidJUnitRunner' to be available
2019-04-21 08:56:20:053 - info: [debug] [ADB] Running 'E:\sdk\platform-tools\adb.exe -P 5037 -s 2116ca98 shell pm list instrumentation'
2019-04-21 08:56:20:553 - info: [debug] [UiAutomator2] Instrumentation 'io.appium.uiautomator2.server.test/android.support.test.runner.AndroidJUnitRunner' available
2019-04-21 08:56:20:553 - info: [debug] [ADB] Running 'E:\sdk\platform-tools\adb.exe -P 5037 -s 2116ca98 wait-for-device'
2019-04-21 08:56:20:615 - info: [debug] [ADB] Running 'E:\sdk\platform-tools\adb.exe -P 5037 -s 2116ca98 shell echo ping'
2019-04-21 08:56:20:646 - info: [debug] [AndroidDriver] Pushing settings apk to device...
2019-04-21 08:56:20:646 - info: [debug] [ADB] Getting install status for io.appium.settings
2019-04-21 08:56:20:646 - info: [debug] [ADB] Running 'E:\sdk\platform-tools\adb.exe -P 5037 -s 2116ca98 shell pm list packages io.appium.settings'
2019-04-21 08:56:21:193 - info: [debug] [ADB] App is installed
2019-04-21 08:56:21:193 - info: [debug] [ADB] Getting package info for 'io.appium.settings'
2019-04-21 08:56:21:193 - info: [debug] [ADB] Running 'E:\sdk\platform-tools\adb.exe -P 5037 -s 2116ca98 shell dumpsys package io.appium.settings'
2019-04-21 08:56:21:334 - info: [debug] [ADB] The installed 'io.appium.settings' package does not require upgrade (13 > 5)
2019-04-21 08:56:21:334 - info: [debug] [ADB] Running 'E:\sdk\platform-tools\adb.exe -P 5037 -s 2116ca98 shell ps'
2019-04-21 08:56:21:474 - info: [debug] [AndroidDriver] io.appium.settings is already running. There is no need to reset its permissions.
2019-04-21 08:56:21:474 - info: [debug] [ADB] Device API level: 25
2019-04-21 08:56:21:474 - info: [debug] [ADB] Running 'E:\sdk\platform-tools\adb.exe -P 5037 -s 2116ca98 shell appops set io.appium.settings android\:mock_location allow'
2019-04-21 08:56:21:537 - warn: [AndroidDriver] setDeviceLanguageCountry requires language or country.
2019-04-21 08:56:21:537 - warn: [AndroidDriver] Got language: 'null' and country: 'null'
2019-04-21 08:56:21:552 - info: [debug] [Logcat] Starting logcat capture
2019-04-21 08:56:21:615 - info: [debug] [AndroidDriver] Enabling Unicode keyboard support
2019-04-21 08:56:21:615 - info: [debug] [AndroidDriver] Pushing unicode ime to device...
2019-04-21 08:56:21:631 - info: [debug] [ADB] Running 'E:\sdk\platform-tools\adb.exe -P 5037 -s 2116ca98 install C\:\\Users\\30280\\AppData\\Roaming\\npm\\node_modules\\appium\\node_modules\\appium-android-ime\\bin\\UnicodeIME-debug.apk'
2019-04-21 08:56:22:505 - info: [debug] [ADB] Install command stdout: Failure [INSTALL_FAILED_ALREADY_EXISTS: Attempt to re-install io.appium.android.ime without first uninstalling.]
2019-04-21 08:56:22:505 - info: [debug] [ADB] Application 'C:\Users\30280\AppData\Roaming\npm\node_modules\appium\node_modules\appium-android-ime\bin\UnicodeIME-debug.apk' already installed. Continuing.
2019-04-21 08:56:22:505 - info: [debug] [ADB] Running 'E:\sdk\platform-tools\adb.exe -P 5037 -s 2116ca98 shell settings get secure default_input_method'
2019-04-21 08:56:23:068 - info: [debug] [AndroidDriver] Unsetting previous IME com.iflytek.inputmethod.smartisan/com.iflytek.inputmethod.FlyIME
2019-04-21 08:56:23:068 - info: [debug] [AndroidDriver] Setting IME to 'io.appium.android.ime/.UnicodeIME'
2019-04-21 08:56:23:068 - info: [debug] [ADB] Running 'E:\sdk\platform-tools\adb.exe -P 5037 -s 2116ca98 shell ime enable io.appium.android.ime/.UnicodeIME'
2019-04-21 08:56:23:646 - info: [debug] [ADB] Running 'E:\sdk\platform-tools\adb.exe -P 5037 -s 2116ca98 shell ime set io.appium.android.ime/.UnicodeIME'
2019-04-21 08:56:24:192 - info: [debug] [AndroidDriver] Pushing unlock helper app to device...
2019-04-21 08:56:24:192 - info: [debug] [ADB] Getting install status for io.appium.unlock
2019-04-21 08:56:24:192 - info: [debug] [ADB] Running 'E:\sdk\platform-tools\adb.exe -P 5037 -s 2116ca98 shell pm list packages io.appium.unlock'
2019-04-21 08:56:24:770 - info: [debug] [ADB] App is installed
2019-04-21 08:56:24:770 - info: [debug] [ADB] Getting package info for 'io.appium.unlock'
2019-04-21 08:56:24:770 - info: [debug] [ADB] Running 'E:\sdk\platform-tools\adb.exe -P 5037 -s 2116ca98 shell dumpsys package io.appium.unlock'
2019-04-21 08:56:24:911 - info: [debug] [ADB] The installed 'io.appium.unlock' package does not require upgrade ('2.0.0' >= '2.0.0')
2019-04-21 08:56:24:911 - info: [debug] [UiAutomator2] Forwarding UiAutomator2 Server port 6790 to 8200
2019-04-21 08:56:24:911 - info: [debug] [ADB] Forwarding system: 8200 to device: 6790
2019-04-21 08:56:24:911 - info: [debug] [ADB] Running 'E:\sdk\platform-tools\adb.exe -P 5037 -s 2116ca98 forward tcp\:8200 tcp\:6790'
2019-04-21 08:56:24:958 - info: [debug] [ADB] Running 'E:\sdk\platform-tools\adb.exe -P 5037 -s 2116ca98 shell rm -rf /data/local/tmp/strings.json'
2019-04-21 08:56:25:005 - info: [debug] [AndroidDriver] Extracting strings from apk
2019-04-21 08:56:25:005 - info: [debug] [AndroidDriver] E:\work\appium\xcry_appium/apk/ryxc.apk
2019-04-21 08:56:25:005 - info: [debug] [AndroidDriver] null
2019-04-21 08:56:25:005 - info: [debug] [AndroidDriver] C:\Users\30280\AppData\Local\Temp\com.cy.patrol
2019-04-21 08:56:25:005 - info: [debug] [ADB] Extracting strings for language: default
2019-04-21 08:56:25:177 - info: [ADB] Successfully extracted 498 strings from 'E:\work\appium\xcry_appium/apk/ryxc.apk' resources for '(default)' configuration
2019-04-21 08:56:25:192 - info: [debug] [ADB] Running 'E:\sdk\platform-tools\adb.exe -P 5037 -s 2116ca98 push C\:\\Users\\30280\\AppData\\Local\\Temp\\com.cy.patrol\\strings.json /data/local/tmp'
2019-04-21 08:56:25:255 - info: [debug] [ADB] Checking app cert for E:\work\appium\xcry_appium/apk/ryxc.apk
2019-04-21 08:56:25:255 - warn: [ADB] Cannot use apksigner tool for signature verification. Defaulting to verify.jar. Original error: Could not find apksigner.bat in E:\sdk\platform-tools\apksigner.bat,E:\sdk\emulator\apksigner.bat,E:\sdk\tools\apksigner.bat,E:\sdk\tools\bin\apksigner.bat,E:\sdk\build-tools\android-4.3\apksigner.bat. Do you have the Android SDK installed at 'E:\sdk'?
2019-04-21 08:56:26:370 - info: [debug] [ADB] 'E:\work\appium\xcry_appium/apk/ryxc.apk' is already signed.
2019-04-21 08:56:26:370 - info: [debug] [ADB] Getting install status for com.cy.patrol
2019-04-21 08:56:26:370 - info: [debug] [ADB] Running 'E:\sdk\platform-tools\adb.exe -P 5037 -s 2116ca98 shell pm list packages com.cy.patrol'
2019-04-21 08:56:26:901 - info: [debug] [ADB] App is not installed
2019-04-21 08:56:26:901 - info: [debug] [ADB] App 'E:\work\appium\xcry_appium/apk/ryxc.apk' not installed. Installing
2019-04-21 08:56:26:901 - info: [debug] [ADB] Running 'E:\sdk\platform-tools\adb.exe -P 5037 -s 2116ca98 install E\:\\work\\appium\\xcry_appium/apk/ryxc.apk'
2019-04-21 08:56:45:600 - info: [debug] [ADB] Install command stdout: Success
2019-04-21 08:56:45:600 - info: [debug] [ADB] Running 'E:\sdk\platform-tools\adb.exe -P 5037 -s 2116ca98 shell am force-stop io.appium.uiautomator2.server'
2019-04-21 08:56:46:334 - info: [UiAutomator2] Starting uiautomator2 server 1.12.0
2019-04-21 08:56:46:334 - info: [UiAutomator2] Using UIAutomator2 server from 'C:\Users\30280\AppData\Roaming\npm\node_modules\appium\node_modules\appium-uiautomator2-server\apks\appium-uiautomator2-server-v1.12.0.apk' and test from 'C:\Users\30280\AppData\Roaming\npm\node_modules\appium\node_modules\appium-uiautomator2-server\apks\appium-uiautomator2-server-debug-androidTest.apk'
2019-04-21 08:56:46:334 - info: [UiAutomator2] Running command: 'adb -s 2116ca98 shell am instrument -w io.appium.uiautomator2.server.test/android.support.test.runner.AndroidJUnitRunner'
2019-04-21 08:56:46:350 - info: [UiAutomator2] Waiting up to 20000ms for UiAutomator2 to be online...
2019-04-21 08:56:46:350 - info: [debug] [JSONWP Proxy] Proxying [GET /status] to [GET http://localhost:8200/wd/hub/status] with no body
2019-04-21 08:56:47:397 - info: [debug] [JSONWP Proxy] Proxying [GET /status] to [GET http://localhost:8200/wd/hub/status] with no body
2019-04-21 08:56:48:428 - info: [debug] [JSONWP Proxy] Proxying [GET /status] to [GET http://localhost:8200/wd/hub/status] with no body
2019-04-21 08:56:49:443 - info: [debug] [JSONWP Proxy] Proxying [GET /status] to [GET http://localhost:8200/wd/hub/status] with no body
2019-04-21 08:56:49:490 - info: [debug] [JSONWP Proxy] Got response with status 200: "{\"sessionId\":\"SESSIONID\",\"status\":0,\"value\":\"Status Invoked\"}"
2019-04-21 08:56:49:490 - info: [debug] [JSONWP Proxy] Proxying [POST /session] to [POST http://localhost:8200/wd/hub/session] with body: {"desiredCapabilities":{"platform":"LINUX","webStorageEnabled":false,"takesScreenshot":true,"javascriptEnabled":true,"databaseEnabled":false,"networkConnectionEnabled":true,"locationContextEnabled":false,"warnings":{},"desired":{"platformName":"Android","udid":"2116ca98","noReset":true,"unicodeKeyboard":true,"resetKeyboard":true,"automationName":"uiautomator2","app":"E:\\work\\appium\\xcry_appium/apk/ryxc.apk","deviceName":"2116ca98"},"platformName":"Android","udid":"2116ca98","noReset":true,"unicodeKeyboard":true,"resetKeyboard":true,"automationName":"uiautomator2","app":"E:\\work\\appium\\xcry_appium/apk/ryxc.apk","deviceName":"2116ca98","deviceUDID":"2116ca98","platformVersion":"7.1.1","deviceScreenSize":"1080x2160","deviceScreenDensity":400,"deviceModel":"OS103","deviceManufacturer":"smartisan","deviceApiLevel":25,"appPackage":"com.cy.patrol"}}
2019-04-21 08:56:49:521 - info: [debug] [JSONWP Proxy] Got response with status 200: {"sessionId":"7356aafe-cfe2-4f2e-906c-a4fd51e53bfd","status":0,"value":"Created Session"}
2019-04-21 08:56:49:521 - info: [debug] [ADB] Running 'E:\sdk\platform-tools\adb.exe -P 5037 -s 2116ca98 shell dumpsys window'
2019-04-21 08:56:49:661 - info: [AndroidDriver] Screen already unlocked, doing nothing
2019-04-21 08:56:49:661 - info: [UiAutomator2] UiAutomator2 did not start the activity we were waiting for, 'com.cy.patrol/com.cy.patrol.act.LoadingAct'. Starting it ourselves
2019-04-21 08:56:49:677 - info: [debug] [ADB] Device API level: 25
2019-04-21 08:56:49:677 - info: [debug] [ADB] Running 'E:\sdk\platform-tools\adb.exe -P 5037 -s 2116ca98 shell am start -W -n com.cy.patrol/com.cy.patrol.act.LoadingAct -S -a android.intent.action.MAIN -c android.intent.category.LAUNCHER -f 0x10200000'
2019-04-21 08:56:52:395 - info: [debug] [ADB] Waiting up to 20000ms for activity matching pkg: 'com.cy.patrol' and activity: 'com.cy.patrol.act.LoadingAct' to be focused
2019-04-21 08:56:52:395 - info: [debug] [ADB] Possible activities, to be checked: 'com.cy.patrol.act.LoadingAct', 'com.cy.patrol.com.cy.patrol.act.LoadingAct'
2019-04-21 08:56:52:395 - info: [debug] [ADB] Getting focused package and activity
2019-04-21 08:56:52:395 - info: [debug] [ADB] Running 'E:\sdk\platform-tools\adb.exe -P 5037 -s 2116ca98 shell dumpsys window windows'
2019-04-21 08:56:52:520 - info: [debug] [ADB] Found package: 'com.cy.patrol' and fully qualified activity name : 'com.cy.patrol.act.LoginAct'
2019-04-21 08:56:52:520 - info: [debug] [ADB] Incorrect package and activity. Retrying.
2019-04-21 08:56:53:286 - info: [debug] [ADB] Getting focused package and activity
2019-04-21 08:56:53:286 - info: [debug] [ADB] Running 'E:\sdk\platform-tools\adb.exe -P 5037 -s 2116ca98 shell dumpsys window windows'
2019-04-21 08:56:53:379 - info: [debug] [ADB] Found package: 'com.cy.patrol' and fully qualified activity name : 'com.cy.patrol.act.LoginAct'
2019-04-21 08:56:53:379 - info: [debug] [ADB] Incorrect package and activity. Retrying.
2019-04-21 08:56:54:145 - info: [debug] [ADB] Getting focused package and activity
2019-04-21 08:56:54:145 - info: [debug] [ADB] Running 'E:\sdk\platform-tools\adb.exe -P 5037 -s 2116ca98 shell dumpsys window windows'
2019-04-21 08:56:54:270 - info: [debug] [ADB] Found package: 'com.cy.patrol' and fully qualified activity name : 'com.cy.patrol.act.LoginAct'
2019-04-21 08:56:54:270 - info: [debug] [ADB] Incorrect package and activity. Retrying.
2019-04-21 08:56:55:035 - info: [debug] [ADB] Getting focused package and activity
2019-04-21 08:56:55:035 - info: [debug] [ADB] Running 'E:\sdk\platform-tools\adb.exe -P 5037 -s 2116ca98 shell dumpsys window windows'
2019-04-21 08:56:55:160 - info: [debug] [ADB] Found package: 'com.cy.patrol' and fully qualified activity name : 'com.cy.patrol.act.LoginAct'
2019-04-21 08:56:55:160 - info: [debug] [ADB] Incorrect package and activity. Retrying.
2019-04-21 08:56:55:926 - info: [debug] [ADB] Getting focused package and activity
2019-04-21 08:56:55:926 - info: [debug] [ADB] Running 'E:\sdk\platform-tools\adb.exe -P 5037 -s 2116ca98 shell dumpsys window windows'
2019-04-21 08:56:56:035 - info: [debug] [ADB] Found package: 'com.cy.patrol' and fully qualified activity name : 'com.cy.patrol.act.LoginAct'
2019-04-21 08:56:56:035 - info: [debug] [ADB] Incorrect package and activity. Retrying.
2019-04-21 08:56:56:801 - info: [debug] [ADB] Getting focused package and activity
2019-04-21 08:56:56:801 - info: [debug] [ADB] Running 'E:\sdk\platform-tools\adb.exe -P 5037 -s 2116ca98 shell dumpsys window windows'
2019-04-21 08:56:56:925 - info: [debug] [ADB] Found package: 'com.cy.patrol' and fully qualified activity name : 'com.cy.patrol.act.LoginAct'
2019-04-21 08:56:56:925 - info: [debug] [ADB] Incorrect package and activity. Retrying.
2019-04-21 08:56:57:691 - info: [debug] [ADB] Getting focused package and activity
2019-04-21 08:56:57:691 - info: [debug] [ADB] Running 'E:\sdk\platform-tools\adb.exe -P 5037 -s 2116ca98 shell dumpsys window windows'
2019-04-21 08:56:57:816 - info: [debug] [ADB] Found package: 'com.cy.patrol' and fully qualified activity name : 'com.cy.patrol.act.LoginAct'
2019-04-21 08:56:57:816 - info: [debug] [ADB] Incorrect package and activity. Retrying.
2019-04-21 08:56:58:581 - info: [debug] [ADB] Getting focused package and activity
2019-04-21 08:56:58:581 - info: [debug] [ADB] Running 'E:\sdk\platform-tools\adb.exe -P 5037 -s 2116ca98 shell dumpsys window windows'
2019-04-21 08:56:58:691 - info: [debug] [ADB] Found package: 'com.cy.patrol' and fully qualified activity name : 'com.cy.patrol.act.LoginAct'
2019-04-21 08:56:58:691 - info: [debug] [ADB] Incorrect package and activity. Retrying.
2019-04-21 08:56:59:456 - info: [debug] [ADB] Getting focused package and activity
2019-04-21 08:56:59:456 - info: [debug] [ADB] Running 'E:\sdk\platform-tools\adb.exe -P 5037 -s 2116ca98 shell dumpsys window windows'
2019-04-21 08:56:59:581 - info: [debug] [ADB] Found package: 'com.cy.patrol' and fully qualified activity name : 'com.cy.patrol.act.LoginAct'
2019-04-21 08:56:59:581 - info: [debug] [ADB] Incorrect package and activity. Retrying.
2019-04-21 08:57:00:347 - info: [debug] [ADB] Getting focused package and activity
2019-04-21 08:57:00:347 - info: [debug] [ADB] Running 'E:\sdk\platform-tools\adb.exe -P 5037 -s 2116ca98 shell dumpsys window windows'
2019-04-21 08:57:00:471 - info: [debug] [ADB] Found package: 'com.cy.patrol' and fully qualified activity name : 'com.cy.patrol.act.LoginAct'
2019-04-21 08:57:00:471 - info: [debug] [ADB] Incorrect package and activity. Retrying.
2019-04-21 08:57:01:237 - info: [debug] [ADB] Getting focused package and activity
2019-04-21 08:57:01:237 - info: [debug] [ADB] Running 'E:\sdk\platform-tools\adb.exe -P 5037 -s 2116ca98 shell dumpsys window windows'
2019-04-21 08:57:01:362 - info: [debug] [ADB] Found package: 'com.cy.patrol' and fully qualified activity name : 'com.cy.patrol.act.LoginAct'
2019-04-21 08:57:01:362 - info: [debug] [ADB] Incorrect package and activity. Retrying.
2019-04-21 08:57:02:127 - info: [debug] [ADB] Getting focused package and activity
2019-04-21 08:57:02:127 - info: [debug] [ADB] Running 'E:\sdk\platform-tools\adb.exe -P 5037 -s 2116ca98 shell dumpsys window windows'
2019-04-21 08:57:02:237 - info: [debug] [ADB] Found package: 'com.cy.patrol' and fully qualified activity name : 'com.cy.patrol.act.LoginAct'
2019-04-21 08:57:02:237 - info: [debug] [ADB] Incorrect package and activity. Retrying.
2019-04-21 08:57:03:002 - info: [debug] [ADB] Getting focused package and activity
2019-04-21 08:57:03:002 - info: [debug] [ADB] Running 'E:\sdk\platform-tools\adb.exe -P 5037 -s 2116ca98 shell dumpsys window windows'
2019-04-21 08:57:03:111 - info: [debug] [ADB] Found package: 'com.cy.patrol' and fully qualified activity name : 'com.cy.patrol.act.LoginAct'
2019-04-21 08:57:03:111 - info: [debug] [ADB] Incorrect package and activity. Retrying.
2019-04-21 08:57:03:877 - info: [debug] [ADB] Getting focused package and activity
2019-04-21 08:57:03:877 - info: [debug] [ADB] Running 'E:\sdk\platform-tools\adb.exe -P 5037 -s 2116ca98 shell dumpsys window windows'
2019-04-21 08:57:03:970 - info: [debug] [ADB] Found package: 'com.cy.patrol' and fully qualified activity name : 'com.cy.patrol.act.LoginAct'
2019-04-21 08:57:03:970 - info: [debug] [ADB] Incorrect package and activity. Retrying.
2019-04-21 08:57:04:736 - info: [debug] [ADB] Getting focused package and activity
2019-04-21 08:57:04:736 - info: [debug] [ADB] Running 'E:\sdk\platform-tools\adb.exe -P 5037 -s 2116ca98 shell dumpsys window windows'
2019-04-21 08:57:04:830 - info: [debug] [ADB] Found package: 'com.cy.patrol' and fully qualified activity name : 'com.cy.patrol.act.LoginAct'
2019-04-21 08:57:04:830 - info: [debug] [ADB] Incorrect package and activity. Retrying.
2019-04-21 08:57:05:595 - info: [debug] [ADB] Getting focused package and activity
2019-04-21 08:57:05:595 - info: [debug] [ADB] Running 'E:\sdk\platform-tools\adb.exe -P 5037 -s 2116ca98 shell dumpsys window windows'
2019-04-21 08:57:05:704 - info: [debug] [ADB] Found package: 'com.cy.patrol' and fully qualified activity name : 'com.cy.patrol.act.LoginAct'
2019-04-21 08:57:05:704 - info: [debug] [ADB] Incorrect package and activity. Retrying.
2019-04-21 08:57:06:470 - info: [debug] [ADB] Getting focused package and activity
2019-04-21 08:57:06:470 - info: [debug] [ADB] Running 'E:\sdk\platform-tools\adb.exe -P 5037 -s 2116ca98 shell dumpsys window windows'
2019-04-21 08:57:06:595 - info: [debug] [ADB] Found package: 'com.cy.patrol' and fully qualified activity name : 'com.cy.patrol.act.LoginAct'
2019-04-21 08:57:06:595 - info: [debug] [ADB] Incorrect package and activity. Retrying.
2019-04-21 08:57:07:361 - info: [debug] [ADB] Getting focused package and activity
2019-04-21 08:57:07:361 - info: [debug] [ADB] Running 'E:\sdk\platform-tools\adb.exe -P 5037 -s 2116ca98 shell dumpsys window windows'
2019-04-21 08:57:07:470 - info: [debug] [ADB] Found package: 'com.cy.patrol' and fully qualified activity name : 'com.cy.patrol.act.LoginAct'
2019-04-21 08:57:07:470 - info: [debug] [ADB] Incorrect package and activity. Retrying.
2019-04-21 08:57:08:235 - info: [debug] [ADB] Getting focused package and activity
2019-04-21 08:57:08:235 - info: [debug] [ADB] Running 'E:\sdk\platform-tools\adb.exe -P 5037 -s 2116ca98 shell dumpsys window windows'
2019-04-21 08:57:08:313 - info: [debug] [ADB] Found package: 'com.cy.patrol' and fully qualified activity name : 'com.cy.patrol.act.LoginAct'
2019-04-21 08:57:08:313 - info: [debug] [ADB] Incorrect package and activity. Retrying.
2019-04-21 08:57:09:079 - info: [debug] [ADB] Getting focused package and activity
2019-04-21 08:57:09:079 - info: [debug] [ADB] Running 'E:\sdk\platform-tools\adb.exe -P 5037 -s 2116ca98 shell dumpsys window windows'
2019-04-21 08:57:09:188 - info: [debug] [ADB] Found package: 'com.cy.patrol' and fully qualified activity name : 'com.cy.patrol.act.LoginAct'
2019-04-21 08:57:09:188 - info: [debug] [ADB] Incorrect package and activity. Retrying.
2019-04-21 08:57:09:954 - info: [debug] [ADB] Getting focused package and activity
2019-04-21 08:57:09:954 - info: [debug] [ADB] Running 'E:\sdk\platform-tools\adb.exe -P 5037 -s 2116ca98 shell dumpsys window windows'
2019-04-21 08:57:10:063 - info: [debug] [ADB] Found package: 'com.cy.patrol' and fully qualified activity name : 'com.cy.patrol.act.LoginAct'
2019-04-21 08:57:10:063 - info: [debug] [ADB] Incorrect package and activity. Retrying.
2019-04-21 08:57:10:829 - info: [debug] [ADB] Getting focused package and activity
2019-04-21 08:57:10:829 - info: [debug] [ADB] Running 'E:\sdk\platform-tools\adb.exe -P 5037 -s 2116ca98 shell dumpsys window windows'
2019-04-21 08:57:10:953 - info: [debug] [ADB] Found package: 'com.cy.patrol' and fully qualified activity name : 'com.cy.patrol.act.LoginAct'
2019-04-21 08:57:10:953 - info: [debug] [ADB] Incorrect package and activity. Retrying.
2019-04-21 08:57:11:719 - info: [debug] [ADB] Getting focused package and activity
2019-04-21 08:57:11:719 - info: [debug] [ADB] Running 'E:\sdk\platform-tools\adb.exe -P 5037 -s 2116ca98 shell dumpsys window windows'
2019-04-21 08:57:11:844 - info: [debug] [ADB] Found package: 'com.cy.patrol' and fully qualified activity name : 'com.cy.patrol.act.LoginAct'
2019-04-21 08:57:11:844 - info: [debug] [ADB] Incorrect package and activity. Retrying.
2019-04-21 08:57:12:609 - info: [debug] [ADB] Getting focused package and activity
2019-04-21 08:57:12:609 - info: [debug] [ADB] Running 'E:\sdk\platform-tools\adb.exe -P 5037 -s 2116ca98 shell dumpsys window windows'
2019-04-21 08:57:12:718 - info: [debug] [ADB] Found package: 'com.cy.patrol' and fully qualified activity name : 'com.cy.patrol.act.LoginAct'
2019-04-21 08:57:12:718 - info: [debug] [ADB] Incorrect package and activity. Retrying.
2019-04-21 08:57:13:484 - info: [debug] [ADB] Getting focused package and activity
2019-04-21 08:57:13:484 - info: [debug] [ADB] Running 'E:\sdk\platform-tools\adb.exe -P 5037 -s 2116ca98 shell dumpsys window windows'
2019-04-21 08:57:13:609 - info: [debug] [ADB] Found package: 'com.cy.patrol' and fully qualified activity name : 'com.cy.patrol.act.LoginAct'
2019-04-21 08:57:13:609 - info: [debug] [ADB] Incorrect package and activity. Retrying.
2019-04-21 08:57:14:375 - info: [debug] [ADB] Getting focused package and activity
2019-04-21 08:57:14:375 - info: [debug] [ADB] Running 'E:\sdk\platform-tools\adb.exe -P 5037 -s 2116ca98 shell dumpsys window windows'
2019-04-21 08:57:14:515 - info: [debug] [ADB] Found package: 'com.cy.patrol' and fully qualified activity name : 'com.cy.patrol.act.LoginAct'
2019-04-21 08:57:14:515 - info: [debug] [ADB] Incorrect package and activity. Retrying.
2019-04-21 08:57:14:515 - info: [debug] [UiAutomator2] Deleting UiAutomator2 session
2019-04-21 08:57:14:515 - info: [debug] [UiAutomator2] Deleting UiAutomator2 server session
2019-04-21 08:57:14:515 - info: [debug] [JSONWP Proxy] Proxying [DELETE /] to [DELETE http://localhost:8200/wd/hub/session/7356aafe-cfe2-4f2e-906c-a4fd51e53bfd] with no body
2019-04-21 08:57:14:546 - info: [debug] [JSONWP Proxy] Got response with status 200: "{\"sessionId\":\"7356aafe-cfe2-4f2e-906c-a4fd51e53bfd\",\"status\":0,\"value\":\"Session deleted\"}"
2019-04-21 08:57:14:546 - info: [debug] [UiAutomator2] Resetting IME to 'com.iflytek.inputmethod.smartisan/com.iflytek.inputmethod.FlyIME'
2019-04-21 08:57:14:546 - info: [debug] [ADB] Running 'E:\sdk\platform-tools\adb.exe -P 5037 -s 2116ca98 shell ime set com.iflytek.inputmethod.smartisan/com.iflytek.inputmethod.FlyIME'
2019-04-21 08:57:15:124 - info: [debug] [ADB] Running 'E:\sdk\platform-tools\adb.exe -P 5037 -s 2116ca98 shell am force-stop com.cy.patrol'
2019-04-21 08:57:15:484 - info: [debug] [UiAutomator2] [UIAutomator2] io.appium.uiautomator2.server.test.AppiumUiAutomator2Server:.
2019-04-21 08:57:15:484 - info: [debug] [UiAutomator2] [UIAutomator2] Time: 27.028
2019-04-21 08:57:15:484 - info: [debug] [UiAutomator2] [UIAutomator2] OK (1 test)
2019-04-21 08:57:15:765 - info: [debug] [Logcat] Stopping logcat capture
2019-04-21 08:57:15:780 - info: [debug] [ADB] Removing forwarded port socket connection: 8200 
2019-04-21 08:57:15:780 - info: [debug] [ADB] Running 'E:\sdk\platform-tools\adb.exe -P 5037 -s 2116ca98 forward --remove tcp\:8200'
2019-04-21 08:57:15:811 - info: [debug] [BaseDriver] Event 'newSessionStarted' logged at 1555837035811 (16:57:15 GMT+0800 (中国标准时间))
2019-04-21 08:57:15:843 - error: [W3C] Encountered internal error running command: Error: Cannot start the 'com.cy.patrol' application. Original error: 'com.cy.patrol.act.LoadingAct' or 'com.cy.patrol.com.cy.patrol.act.LoadingAct' never started
2019-04-21 08:57:15:843 - error: [W3C]     at ADB.callee$0$0$ (C:\Users\30280\AppData\Roaming\npm\node_modules\appium\node_modules\appium-adb\lib\tools\apk-utils.js:125:11)
2019-04-21 08:57:15:843 - error: [W3C]     at tryCatch (C:\Users\30280\AppData\Roaming\npm\node_modules\appium\node_modules\babel-runtime\regenerator\runtime.js:67:40)
2019-04-21 08:57:15:843 - error: [W3C]     at GeneratorFunctionPrototype.invoke [as _invoke] (C:\Users\30280\AppData\Roaming\npm\node_modules\appium\node_modules\babel-runtime\regenerator\runtime.js:315:22)
2019-04-21 08:57:15:843 - error: [W3C]     at GeneratorFunctionPrototype.prototype.(anonymous function) [as throw] (C:\Users\30280\AppData\Roaming\npm\node_modules\appium\node_modules\babel-runtime\regenerator\runtime.js:100:21)
2019-04-21 08:57:15:843 - error: [W3C]     at GeneratorFunctionPrototype.invoke (C:\Users\30280\AppData\Roaming\npm\node_modules\appium\node_modules\babel-runtime\regenerator\runtime.js:136:37)
2019-04-21 08:57:15:858 - info: [HTTP] <-- POST /wd/hub/session 500 60295 ms - 1560
2019-04-21 08:57:15:858 - info: [HTTP] 
