2019-04-22 12:44:54:779 - warn: [Appium] Appium support for versions of node < 8 has been deprecated and will be removed in a future version. Please upgrade!
2019-04-22 12:44:54:821 - info: [Appium] Welcome to Appium v1.8.1
2019-04-22 12:44:54:823 - info: [Appium] Non-default server args:
2019-04-22 12:44:54:825 - info: [Appium]   port: 4700
2019-04-22 12:44:54:825 - info: [Appium]   bootstrapPort: 4900
2019-04-22 12:44:54:826 - info: [Appium]   sessionOverride: true
2019-04-22 12:44:54:827 - info: [Appium]   log: D:/pythonProgram/Appium27/log/2116ca982019-04-22-20_44_48.log
2019-04-22 12:44:54:828 - info: [Appium]   udid: 2116ca98
2019-04-22 12:44:54:829 - info: [Appium]   noReset: true
2019-04-22 12:44:54:830 - warn: [Appium] Deprecated server args:
2019-04-22 12:44:54:831 - warn: [Appium]   -U,--udid => --default-capabilities '{"udid":"2116ca98"}'
2019-04-22 12:44:54:831 - warn: [Appium]   --no-reset => --default-capabilities '{"noReset":true}'
2019-04-22 12:44:54:832 - info: [Appium] Default capabilities, which will be added to each request unless overridden by desired capabilities:
2019-04-22 12:44:54:833 - info: [Appium]   udid: 2116ca98
2019-04-22 12:44:54:833 - info: [Appium]   noReset: true
2019-04-22 12:44:55:293 - info: [Appium] Appium REST http interface listener started on 0.0.0.0:4700
2019-04-22 12:45:10:738 - info: [HTTP] --> POST /wd/hub/session
2019-04-22 12:45:10:739 - info: [HTTP] {"capabilities":{"firstMatch":[{"appium:unicodeKeyboard":true,"appium:resetKeyboard":true,"appium:appWaitActivity":"com.cy.patrol.act.LoginAct","appium:automationName":"uiautomator2","appium:app":"E:\\work\\appium\\xcry_appium/apk/0421.apk","appium:deviceName":"2116ca98","platformName":"Android"}]},"desiredCapabilities":{"deviceName":"2116ca98","unicodeKeyboard":true,"app":"E:\\work\\appium\\xcry_appium/apk/0421.apk","appWaitActivity":"com.cy.patrol.act.LoginAct","resetKeyboard":true,"platformName":"Android","automationName":"uiautomator2"}}
2019-04-22 12:45:10:750 - info: [debug] [MJSONWP] Calling AppiumDriver.createSession() with args: [{"deviceName":"2116ca98","unicodeKeyboard":true,"app":"E:\\work\\appium\\xcry_appium/apk/0421.apk","appWaitActivity":"com.cy.patrol.act.LoginAct","resetKeyboard":true,"platformName":"Android","automationName":"uiautomator2"},null,{"firstMatch":[{"appium:unicodeKeyboard":true,"appium:resetKeyboard":true,"appium:appWaitActivity":"com.cy.patrol.act.LoginAct","appium:automationName":"uiautomator2","appium:app":"E:\\work\\appium\\xcry_appium/apk/0421.apk","appium:deviceName":"2116ca98","platformName":"Android"}]}]
2019-04-22 12:45:10:754 - info: [debug] [BaseDriver] Event 'newSessionRequested' logged at 1555937110754 (20:45:10 GMT+0800 (中国标准时间))
2019-04-22 12:45:10:771 - warn: [BaseDriver] The capabilities ["udid","noReset"] are not standard capabilities and should have an extension prefix
2019-04-22 12:45:10:796 - info: [Appium] Creating new AndroidUiautomator2Driver (v1.12.0) session
2019-04-22 12:45:10:797 - info: [Appium] Capabilities:
2019-04-22 12:45:10:797 - info: [Appium]   udid: 2116ca98
2019-04-22 12:45:10:798 - info: [Appium]   noReset: true
2019-04-22 12:45:10:798 - info: [Appium]   platformName: Android
2019-04-22 12:45:10:800 - info: [Appium]   unicodeKeyboard: true
2019-04-22 12:45:10:800 - info: [Appium]   resetKeyboard: true
2019-04-22 12:45:10:800 - info: [Appium]   appWaitActivity: com.cy.patrol.act.LoginAct
2019-04-22 12:45:10:801 - info: [Appium]   automationName: uiautomator2
2019-04-22 12:45:10:801 - info: [Appium]   app: E:\work\appium\xcry_appium/apk/0421.apk
2019-04-22 12:45:10:802 - info: [Appium]   deviceName: 2116ca98
2019-04-22 12:45:10:820 - info: [debug] [BaseDriver] W3C capabilities {"alwaysMatch":{"appium:udi... and MJSONWP desired capabilities [object Object] were provided
2019-04-22 12:45:10:821 - info: [debug] [BaseDriver] Creating session with W3C capabilities: {"alwaysMatch":{"appium:udi...
2019-04-22 12:45:10:862 - info: [BaseDriver] Session created with session id: 2c10a22d-a7da-4f40-a071-d7f9c14f9111
2019-04-22 12:45:10:881 - info: [BaseDriver] Using local app 'E:\work\appium\xcry_appium/apk/0421.apk'
2019-04-22 12:45:10:882 - info: [debug] [UiAutomator2] Checking whether app is actually present
2019-04-22 12:45:11:291 - info: [debug] [AndroidDriver] Getting Java version
2019-04-22 12:45:14:231 - info: [AndroidDriver] Java version is: 1.8.0_151
2019-04-22 12:45:14:237 - info: [ADB] Checking whether adb is present
2019-04-22 12:45:14:251 - info: [ADB] Found 1 'build-tools' folders under 'E:\sdk' (newest first):
2019-04-22 12:45:14:251 - info: [ADB]     E:/sdk/build-tools/android-4.3
2019-04-22 12:45:14:252 - info: [ADB] Using adb.exe from E:\sdk\platform-tools\adb.exe
2019-04-22 12:45:14:253 - info: [AndroidDriver] Retrieving device list
2019-04-22 12:45:14:254 - info: [debug] [ADB] Trying to find a connected android device
2019-04-22 12:45:14:256 - info: [debug] [ADB] Getting connected devices...
2019-04-22 12:45:14:291 - info: [debug] [ADB] 1 device(s) connected
2019-04-22 12:45:14:292 - info: [AndroidDriver] Using device: 2116ca98
2019-04-22 12:45:14:295 - info: [debug] [ADB] Setting device id to 2116ca98
2019-04-22 12:45:14:297 - info: [debug] [ADB] Running 'E:\sdk\platform-tools\adb.exe -P 5037 -s 2116ca98 shell getprop ro.build.version.sdk'
2019-04-22 12:45:14:375 - info: [debug] [ADB] Current device property 'ro.build.version.sdk': 25
2019-04-22 12:45:14:377 - info: [debug] [ADB] Device API level: 25
2019-04-22 12:45:14:379 - info: [debug] [AndroidDriver] Parsing package and activity from app manifest
2019-04-22 12:45:14:386 - info: [ADB] Using the alternative activity name detection method because of: Could not find apkanalyzer.bat in E:\sdk\platform-tools\apkanalyzer.bat,E:\sdk\emulator\apkanalyzer.bat,E:\sdk\tools\apkanalyzer.bat,E:\sdk\tools\bin\apkanalyzer.bat,E:\sdk\build-tools\android-4.3\apkanalyzer.bat. Do you have the Android SDK installed at 'E:\sdk'?
2019-04-22 12:45:14:388 - info: [ADB] Checking whether aapt is present
2019-04-22 12:45:14:391 - info: [ADB] Using aapt.exe from E:\sdk\tools\aapt.exe
2019-04-22 12:45:14:392 - info: [ADB] Extracting package and launch activity from manifest
2019-04-22 12:45:14:591 - info: [ADB] Package name: 'com.cy.patrol'
2019-04-22 12:45:14:592 - info: [ADB] Main activity name: 'com.cy.patrol.act.LoadingAct'
2019-04-22 12:45:14:592 - info: [debug] [AndroidDriver] Parsed package and activity are: com.cy.patrol/com.cy.patrol.act.LoadingAct
2019-04-22 12:45:14:594 - info: [ADB] Getting device platform version
2019-04-22 12:45:14:595 - info: [debug] [ADB] Running 'E:\sdk\platform-tools\adb.exe -P 5037 -s 2116ca98 shell getprop ro.build.version.release'
2019-04-22 12:45:14:686 - info: [debug] [ADB] Current device property 'ro.build.version.release': 7.1.1
2019-04-22 12:45:14:688 - info: [debug] [ADB] Running 'E:\sdk\platform-tools\adb.exe -P 5037 -s 2116ca98 shell wm size'
2019-04-22 12:45:15:333 - info: [debug] [ADB] Running 'E:\sdk\platform-tools\adb.exe -P 5037 -s 2116ca98 shell wm density'
2019-04-22 12:45:15:920 - info: [debug] [ADB] Running 'E:\sdk\platform-tools\adb.exe -P 5037 -s 2116ca98 shell getprop ro.product.model'
2019-04-22 12:45:16:042 - info: [debug] [ADB] Current device property 'ro.product.model': OS103
2019-04-22 12:45:16:046 - info: [debug] [ADB] Running 'E:\sdk\platform-tools\adb.exe -P 5037 -s 2116ca98 shell getprop ro.product.manufacturer'
2019-04-22 12:45:16:161 - info: [debug] [ADB] Current device property 'ro.product.manufacturer': smartisan
2019-04-22 12:45:16:162 - info: [debug] [ADB] Device API level: 25
2019-04-22 12:45:16:168 - info: [debug] [ADB] Running 'E:\sdk\platform-tools\adb.exe -P 5037 -s 2116ca98 shell am force-stop io.appium.uiautomator2.server'
2019-04-22 12:45:16:797 - info: [debug] [ADB] Checking app cert for C:\Users\30280\AppData\Roaming\npm\node_modules\appium\node_modules\appium-uiautomator2-server\apks\appium-uiautomator2-server-v1.12.0.apk
2019-04-22 12:45:16:807 - warn: [ADB] Cannot use apksigner tool for signature verification. Defaulting to verify.jar. Original error: Could not find apksigner.bat in E:\sdk\platform-tools\apksigner.bat,E:\sdk\emulator\apksigner.bat,E:\sdk\tools\apksigner.bat,E:\sdk\tools\bin\apksigner.bat,E:\sdk\build-tools\android-4.3\apksigner.bat. Do you have the Android SDK installed at 'E:\sdk'?
2019-04-22 12:45:21:115 - info: [debug] [ADB] 'C:\Users\30280\AppData\Roaming\npm\node_modules\appium\node_modules\appium-uiautomator2-server\apks\appium-uiautomator2-server-v1.12.0.apk' is already signed.
2019-04-22 12:45:21:116 - info: [debug] [ADB] Checking app cert for C:\Users\30280\AppData\Roaming\npm\node_modules\appium\node_modules\appium-uiautomator2-server\apks\appium-uiautomator2-server-debug-androidTest.apk
2019-04-22 12:45:21:116 - warn: [ADB] Cannot use apksigner tool for signature verification. Defaulting to verify.jar. Original error: Could not find apksigner.bat in E:\sdk\platform-tools\apksigner.bat,E:\sdk\emulator\apksigner.bat,E:\sdk\tools\apksigner.bat,E:\sdk\tools\bin\apksigner.bat,E:\sdk\build-tools\android-4.3\apksigner.bat. Do you have the Android SDK installed at 'E:\sdk'?
2019-04-22 12:45:21:534 - info: [debug] [ADB] 'C:\Users\30280\AppData\Roaming\npm\node_modules\appium\node_modules\appium-uiautomator2-server\apks\appium-uiautomator2-server-debug-androidTest.apk' is already signed.
2019-04-22 12:45:21:535 - info: [debug] [ADB] Getting install status for io.appium.uiautomator2.server
2019-04-22 12:45:21:537 - info: [debug] [ADB] Running 'E:\sdk\platform-tools\adb.exe -P 5037 -s 2116ca98 shell pm list packages io.appium.uiautomator2.server'
2019-04-22 12:45:22:131 - info: [debug] [ADB] App is installed
2019-04-22 12:45:22:134 - info: [debug] [ADB] Getting package info for 'io.appium.uiautomator2.server'
2019-04-22 12:45:22:136 - info: [debug] [ADB] Running 'E:\sdk\platform-tools\adb.exe -P 5037 -s 2116ca98 shell dumpsys package io.appium.uiautomator2.server'
2019-04-22 12:45:22:336 - info: [debug] [ADB] The installed 'io.appium.uiautomator2.server' package does not require upgrade ('1.12.0' >= '1.12.0')
2019-04-22 12:45:22:345 - info: [debug] [ADB] Getting install status for io.appium.uiautomator2.server.test
2019-04-22 12:45:22:346 - info: [debug] [ADB] Running 'E:\sdk\platform-tools\adb.exe -P 5037 -s 2116ca98 shell pm list packages io.appium.uiautomator2.server.test'
2019-04-22 12:45:22:929 - info: [debug] [ADB] App is installed
2019-04-22 12:45:22:932 - info: [debug] [ADB] Getting package info for 'io.appium.uiautomator2.server.test'
2019-04-22 12:45:22:933 - info: [debug] [ADB] Running 'E:\sdk\platform-tools\adb.exe -P 5037 -s 2116ca98 shell dumpsys package io.appium.uiautomator2.server.test'
2019-04-22 12:45:23:132 - warn: [ADB] Cannot read version codes of 'C:\Users\30280\AppData\Roaming\npm\node_modules\appium\node_modules\appium-uiautomator2-server\apks\appium-uiautomator2-server-debug-androidTest.apk' and/or 'io.appium.uiautomator2.server.test'
2019-04-22 12:45:23:142 - warn: [ADB] Cannot read version names of 'C:\Users\30280\AppData\Roaming\npm\node_modules\appium\node_modules\appium-uiautomator2-server\apks\appium-uiautomator2-server-debug-androidTest.apk' and/or 'io.appium.uiautomator2.server.test'. Assuming correct app version is already installed
2019-04-22 12:45:23:151 - info: [debug] [UiAutomator2] Waiting up to 20000ms for instrumentation 'io.appium.uiautomator2.server.test/android.support.test.runner.AndroidJUnitRunner' to be available
2019-04-22 12:45:23:154 - info: [debug] [ADB] Running 'E:\sdk\platform-tools\adb.exe -P 5037 -s 2116ca98 shell pm list instrumentation'
2019-04-22 12:45:23:741 - info: [debug] [UiAutomator2] Instrumentation 'io.appium.uiautomator2.server.test/android.support.test.runner.AndroidJUnitRunner' available
2019-04-22 12:45:23:747 - info: [debug] [ADB] Running 'E:\sdk\platform-tools\adb.exe -P 5037 -s 2116ca98 wait-for-device'
2019-04-22 12:45:23:829 - info: [debug] [ADB] Running 'E:\sdk\platform-tools\adb.exe -P 5037 -s 2116ca98 shell echo ping'
2019-04-22 12:45:23:901 - info: [debug] [AndroidDriver] Pushing settings apk to device...
2019-04-22 12:45:23:903 - info: [debug] [ADB] Getting install status for io.appium.settings
2019-04-22 12:45:23:903 - info: [debug] [ADB] Running 'E:\sdk\platform-tools\adb.exe -P 5037 -s 2116ca98 shell pm list packages io.appium.settings'
2019-04-22 12:45:24:474 - info: [debug] [ADB] App is installed
2019-04-22 12:45:24:476 - info: [debug] [ADB] Getting package info for 'io.appium.settings'
2019-04-22 12:45:24:477 - info: [debug] [ADB] Running 'E:\sdk\platform-tools\adb.exe -P 5037 -s 2116ca98 shell dumpsys package io.appium.settings'
2019-04-22 12:45:24:701 - info: [debug] [ADB] The installed 'io.appium.settings' package does not require upgrade (13 > 5)
2019-04-22 12:45:24:705 - info: [debug] [ADB] Running 'E:\sdk\platform-tools\adb.exe -P 5037 -s 2116ca98 shell ps'
2019-04-22 12:45:24:898 - info: [debug] [ADB] Device API level: 25
2019-04-22 12:45:24:901 - info: [debug] [ADB] Running 'E:\sdk\platform-tools\adb.exe -P 5037 -s 2116ca98 shell am start -W -n io.appium.settings/.Settings -a android.intent.action.MAIN -c android.intent.category.LAUNCHER -f 0x10200000'
2019-04-22 12:45:25:714 - info: [debug] [ADB] Device API level: 25
2019-04-22 12:45:25:716 - info: [debug] [ADB] Running 'E:\sdk\platform-tools\adb.exe -P 5037 -s 2116ca98 shell appops set io.appium.settings android\:mock_location allow'
2019-04-22 12:45:25:854 - warn: [AndroidDriver] setDeviceLanguageCountry requires language or country.
2019-04-22 12:45:25:855 - warn: [AndroidDriver] Got language: 'null' and country: 'null'
2019-04-22 12:45:25:860 - info: [debug] [Logcat] Starting logcat capture
2019-04-22 12:45:25:967 - info: [debug] [AndroidDriver] Enabling Unicode keyboard support
2019-04-22 12:45:25:968 - info: [debug] [AndroidDriver] Pushing unicode ime to device...
2019-04-22 12:45:25:974 - info: [debug] [ADB] Running 'E:\sdk\platform-tools\adb.exe -P 5037 -s 2116ca98 install C\:\\Users\\30280\\AppData\\Roaming\\npm\\node_modules\\appium\\node_modules\\appium-android-ime\\bin\\UnicodeIME-debug.apk'
2019-04-22 12:45:27:000 - info: [debug] [ADB] Install command stdout: Failure [INSTALL_FAILED_ALREADY_EXISTS: Attempt to re-install io.appium.android.ime without first uninstalling.]
2019-04-22 12:45:27:001 - info: [debug] [ADB] Application 'C:\Users\30280\AppData\Roaming\npm\node_modules\appium\node_modules\appium-android-ime\bin\UnicodeIME-debug.apk' already installed. Continuing.
2019-04-22 12:45:27:002 - info: [debug] [ADB] Running 'E:\sdk\platform-tools\adb.exe -P 5037 -s 2116ca98 shell settings get secure default_input_method'
2019-04-22 12:45:27:571 - info: [debug] [AndroidDriver] Unsetting previous IME com.iflytek.inputmethod.smartisan/com.iflytek.inputmethod.FlyIME
2019-04-22 12:45:27:572 - info: [debug] [AndroidDriver] Setting IME to 'io.appium.android.ime/.UnicodeIME'
2019-04-22 12:45:27:578 - info: [debug] [ADB] Running 'E:\sdk\platform-tools\adb.exe -P 5037 -s 2116ca98 shell ime enable io.appium.android.ime/.UnicodeIME'
2019-04-22 12:45:28:151 - info: [debug] [ADB] Running 'E:\sdk\platform-tools\adb.exe -P 5037 -s 2116ca98 shell ime set io.appium.android.ime/.UnicodeIME'
2019-04-22 12:45:28:756 - info: [debug] [AndroidDriver] Pushing unlock helper app to device...
2019-04-22 12:45:28:757 - info: [debug] [ADB] Getting install status for io.appium.unlock
2019-04-22 12:45:28:758 - info: [debug] [ADB] Running 'E:\sdk\platform-tools\adb.exe -P 5037 -s 2116ca98 shell pm list packages io.appium.unlock'
2019-04-22 12:45:29:400 - info: [debug] [ADB] App is installed
2019-04-22 12:45:29:401 - info: [debug] [ADB] Getting package info for 'io.appium.unlock'
2019-04-22 12:45:29:403 - info: [debug] [ADB] Running 'E:\sdk\platform-tools\adb.exe -P 5037 -s 2116ca98 shell dumpsys package io.appium.unlock'
2019-04-22 12:45:29:619 - info: [debug] [ADB] The installed 'io.appium.unlock' package does not require upgrade ('2.0.0' >= '2.0.0')
2019-04-22 12:45:29:621 - info: [debug] [UiAutomator2] Forwarding UiAutomator2 Server port 6790 to 8200
2019-04-22 12:45:29:623 - info: [debug] [ADB] Forwarding system: 8200 to device: 6790
2019-04-22 12:45:29:627 - info: [debug] [ADB] Running 'E:\sdk\platform-tools\adb.exe -P 5037 -s 2116ca98 forward tcp\:8200 tcp\:6790'
2019-04-22 12:45:29:719 - info: [debug] [ADB] Running 'E:\sdk\platform-tools\adb.exe -P 5037 -s 2116ca98 shell rm -rf /data/local/tmp/strings.json'
2019-04-22 12:45:29:835 - info: [debug] [AndroidDriver] Extracting strings from apk
2019-04-22 12:45:29:839 - info: [debug] [AndroidDriver] E:\work\appium\xcry_appium/apk/0421.apk
2019-04-22 12:45:29:840 - info: [debug] [AndroidDriver] null
2019-04-22 12:45:29:840 - info: [debug] [AndroidDriver] C:\Users\30280\AppData\Local\Temp\com.cy.patrol
2019-04-22 12:45:29:845 - info: [debug] [ADB] Extracting strings for language: default
2019-04-22 12:45:30:091 - info: [ADB] Successfully extracted 498 strings from 'E:\work\appium\xcry_appium/apk/0421.apk' resources for '(default)' configuration
2019-04-22 12:45:30:111 - info: [debug] [ADB] Running 'E:\sdk\platform-tools\adb.exe -P 5037 -s 2116ca98 push C\:\\Users\\30280\\AppData\\Local\\Temp\\com.cy.patrol\\strings.json /data/local/tmp'
2019-04-22 12:45:30:239 - info: [debug] [ADB] Checking app cert for E:\work\appium\xcry_appium/apk/0421.apk
2019-04-22 12:45:30:243 - warn: [ADB] Cannot use apksigner tool for signature verification. Defaulting to verify.jar. Original error: Could not find apksigner.bat in E:\sdk\platform-tools\apksigner.bat,E:\sdk\emulator\apksigner.bat,E:\sdk\tools\apksigner.bat,E:\sdk\tools\bin\apksigner.bat,E:\sdk\build-tools\android-4.3\apksigner.bat. Do you have the Android SDK installed at 'E:\sdk'?
2019-04-22 12:45:30:602 - info: [debug] [ADB] 'E:\work\appium\xcry_appium/apk/0421.apk' is not signed with debug cert.
2019-04-22 12:45:30:604 - info: [debug] [ADB] Signing 'E:\work\appium\xcry_appium/apk/0421.apk' with default cert
2019-04-22 12:45:30:605 - warn: [ADB] Cannot use apksigner tool for signing. Defaulting to sign.jar. Original error: Could not find apksigner.bat in E:\sdk\platform-tools\apksigner.bat,E:\sdk\emulator\apksigner.bat,E:\sdk\tools\apksigner.bat,E:\sdk\tools\bin\apksigner.bat,E:\sdk\build-tools\android-4.3\apksigner.bat. Do you have the Android SDK installed at 'E:\sdk'?
2019-04-22 12:45:30:605 - info: [debug] [ADB] Resigning apk.
2019-04-22 12:45:39:494 - info: [debug] [ADB] Zip-aligning 'E:\work\appium\xcry_appium/apk/0421.apk'
2019-04-22 12:45:39:495 - info: [ADB] Checking whether zipalign is present
2019-04-22 12:45:39:499 - info: [ADB] Using zipalign.exe from E:\sdk\tools\zipalign.exe
2019-04-22 12:45:40:184 - info: [debug] [ADB] Getting install status for com.cy.patrol
2019-04-22 12:45:40:186 - info: [debug] [ADB] Running 'E:\sdk\platform-tools\adb.exe -P 5037 -s 2116ca98 shell pm list packages com.cy.patrol'
2019-04-22 12:45:40:726 - info: [debug] [ADB] App is not installed
2019-04-22 12:45:40:728 - info: [debug] [ADB] App 'E:\work\appium\xcry_appium/apk/0421.apk' not installed. Installing
2019-04-22 12:45:40:729 - info: [debug] [ADB] Running 'E:\sdk\platform-tools\adb.exe -P 5037 -s 2116ca98 install E\:\\work\\appium\\xcry_appium/apk/0421.apk'
2019-04-22 12:46:05:172 - info: [debug] [ADB] Install command stdout: Success
2019-04-22 12:46:05:174 - info: [debug] [ADB] Running 'E:\sdk\platform-tools\adb.exe -P 5037 -s 2116ca98 shell am force-stop io.appium.uiautomator2.server'
2019-04-22 12:46:05:875 - info: [UiAutomator2] Starting uiautomator2 server 1.12.0
2019-04-22 12:46:05:876 - info: [UiAutomator2] Using UIAutomator2 server from 'C:\Users\30280\AppData\Roaming\npm\node_modules\appium\node_modules\appium-uiautomator2-server\apks\appium-uiautomator2-server-v1.12.0.apk' and test from 'C:\Users\30280\AppData\Roaming\npm\node_modules\appium\node_modules\appium-uiautomator2-server\apks\appium-uiautomator2-server-debug-androidTest.apk'
2019-04-22 12:46:05:878 - info: [UiAutomator2] Running command: 'adb -s 2116ca98 shell am instrument -w io.appium.uiautomator2.server.test/android.support.test.runner.AndroidJUnitRunner'
2019-04-22 12:46:05:896 - info: [UiAutomator2] Waiting up to 20000ms for UiAutomator2 to be online...
2019-04-22 12:46:05:903 - info: [debug] [JSONWP Proxy] Proxying [GET /status] to [GET http://localhost:8200/wd/hub/status] with no body
2019-04-22 12:46:06:982 - info: [debug] [JSONWP Proxy] Proxying [GET /status] to [GET http://localhost:8200/wd/hub/status] with no body
2019-04-22 12:46:08:003 - info: [debug] [JSONWP Proxy] Proxying [GET /status] to [GET http://localhost:8200/wd/hub/status] with no body
2019-04-22 12:46:09:020 - info: [debug] [JSONWP Proxy] Proxying [GET /status] to [GET http://localhost:8200/wd/hub/status] with no body
2019-04-22 12:46:09:077 - info: [debug] [JSONWP Proxy] Got response with status 200: "{\"sessionId\":\"SESSIONID\",\"status\":0,\"value\":\"Status Invoked\"}"
2019-04-22 12:46:09:088 - info: [debug] [JSONWP Proxy] Proxying [POST /session] to [POST http://localhost:8200/wd/hub/session] with body: {"desiredCapabilities":{"platform":"LINUX","webStorageEnabled":false,"takesScreenshot":true,"javascriptEnabled":true,"databaseEnabled":false,"networkConnectionEnabled":true,"locationContextEnabled":false,"warnings":{},"desired":{"platformName":"Android","udid":"2116ca98","noReset":true,"unicodeKeyboard":true,"resetKeyboard":true,"appWaitActivity":"com.cy.patrol.act.LoginAct","automationName":"uiautomator2","app":"E:\\work\\appium\\xcry_appium/apk/0421.apk","deviceName":"2116ca98"},"platformName":"Android","udid":"2116ca98","noReset":true,"unicodeKeyboard":true,"resetKeyboard":true,"appWaitActivity":"com.cy.patrol.act.LoginAct","automationName":"uiautomator2","app":"E:\\work\\appium\\xcry_appium/apk/0421.apk","deviceName":"2116ca98","deviceUDID":"2116ca98","platformVersion":"7.1.1","deviceScreenSize":"1080x2160","deviceScreenDensity":400,"deviceModel":"OS103","deviceManufacturer":"smartisan","deviceApiLevel":25,"appPackage":"com.cy.patrol"}}
2019-04-22 12:46:09:122 - info: [debug] [JSONWP Proxy] Got response with status 200: {"sessionId":"0adfd33b-3c1e-4bfc-ac02-027fac646d6f","status":0,"value":"Created Session"}
2019-04-22 12:46:09:125 - info: [debug] [ADB] Running 'E:\sdk\platform-tools\adb.exe -P 5037 -s 2116ca98 shell dumpsys window'
2019-04-22 12:46:09:267 - info: [AndroidDriver] Screen already unlocked, doing nothing
2019-04-22 12:46:09:269 - info: [UiAutomator2] UiAutomator2 did not start the activity we were waiting for, 'com.cy.patrol/com.cy.patrol.act.LoginAct'. Starting it ourselves
2019-04-22 12:46:09:271 - info: [debug] [ADB] Device API level: 25
2019-04-22 12:46:09:275 - info: [debug] [ADB] Running 'E:\sdk\platform-tools\adb.exe -P 5037 -s 2116ca98 shell am start -W -n com.cy.patrol/com.cy.patrol.act.LoadingAct -S -a android.intent.action.MAIN -c android.intent.category.LAUNCHER -f 0x10200000'
2019-04-22 12:46:11:070 - info: [debug] [ADB] Waiting up to 20000ms for activity matching pkg: 'com.cy.patrol' and activity: 'com.cy.patrol.act.LoginAct' to be focused
2019-04-22 12:46:11:072 - info: [debug] [ADB] Possible activities, to be checked: 'com.cy.patrol.act.LoginAct', 'com.cy.patrol.com.cy.patrol.act.LoginAct'
2019-04-22 12:46:11:076 - info: [debug] [ADB] Getting focused package and activity
2019-04-22 12:46:11:077 - info: [debug] [ADB] Running 'E:\sdk\platform-tools\adb.exe -P 5037 -s 2116ca98 shell dumpsys window windows'
2019-04-22 12:46:11:217 - info: [debug] [ADB] Found package: 'com.cy.patrol' and fully qualified activity name : 'com.cy.patrol.act.LoginAct'
2019-04-22 12:46:11:220 - info: [debug] [JSONWP Proxy] Proxying [GET /appium/device/pixel_ratio] to [GET http://localhost:8200/wd/hub/session/0adfd33b-3c1e-4bfc-ac02-027fac646d6f/appium/device/pixel_ratio] with body: {}
2019-04-22 12:46:11:248 - info: [debug] [JSONWP Proxy] Got response with status 200: "{\"sessionId\":\"0adfd33b-3c1e-4bfc-ac02-027fac646d6f\",\"status\":0,\"value\":2.5}"
2019-04-22 12:46:11:250 - info: [debug] [JSONWP Proxy] Proxying [GET /appium/device/system_bars] to [GET http://localhost:8200/wd/hub/session/0adfd33b-3c1e-4bfc-ac02-027fac646d6f/appium/device/system_bars] with body: {}
2019-04-22 12:46:11:268 - info: [debug] [JSONWP Proxy] Got response with status 200: "{\"sessionId\":\"0adfd33b-3c1e-4bfc-ac02-027fac646d6f\",\"status\":0,\"value\":{\"statusBar\":60}}"
2019-04-22 12:46:11:271 - info: [debug] [JSONWP Proxy] Proxying [GET /window/current/size] to [GET http://localhost:8200/wd/hub/session/0adfd33b-3c1e-4bfc-ac02-027fac646d6f/window/current/size] with body: {}
2019-04-22 12:46:11:290 - info: [debug] [JSONWP Proxy] Got response with status 200: "{\"sessionId\":\"0adfd33b-3c1e-4bfc-ac02-027fac646d6f\",\"status\":0,\"value\":{\"height\":2070,\"width\":1080}}"
2019-04-22 12:46:11:295 - info: [Appium] New AndroidUiautomator2Driver session created successfully, session 2c10a22d-a7da-4f40-a071-d7f9c14f9111 added to master session list
2019-04-22 12:46:11:301 - info: [debug] [BaseDriver] Event 'newSessionStarted' logged at 1555937171300 (20:46:11 GMT+0800 (中国标准时间))
2019-04-22 12:46:11:310 - info: [debug] [W3C] Responding to client with driver.createSession() result: {"capabilities":{"platform":"LINUX","webStorageEnabled":false,"takesScreenshot":true,"javascriptEnabled":true,"databaseEnabled":false,"networkConnectionEnabled":true,"locationContextEnabled":false,"warnings":{},"desired":{"platformName":"Android","udid":"2116ca98","noReset":true,"unicodeKeyboard":true,"resetKeyboard":true,"appWaitActivity":"com.cy.patrol.act.LoginAct","automationName":"uiautomator2","app":"E:\\work\\appium\\xcry_appium/apk/0421.apk","deviceName":"2116ca98"},"platformName":"Android","udid":"2116ca98","noReset":true,"unicodeKeyboard":true,"resetKeyboard":true,"appWaitActivity":"com.cy.patrol.act.LoginAct","automationName":"uiautomator2","app":"E:\\work\\appium\\xcry_appium/apk/0421.apk","deviceName":"2116ca98","deviceUDID":"2116ca98","platformVersion":"7.1.1","deviceScreenSize":"1080x2160","deviceScreenDensity":400,"deviceModel":"OS103","deviceManufacturer":"smartisan","deviceApiLevel":25,"appPackage":"com.cy.patrol","pixelRatio":2.5,"statBarHeight":60,"viewportRect":{"left":0,"top":60,"widt...
2019-04-22 12:46:11:327 - info: [HTTP] <-- POST /wd/hub/session 200 60582 ms - 1106
2019-04-22 12:46:11:328 - info: [HTTP] 
2019-04-22 12:46:11:423 - info: [HTTP] --> POST /wd/hub/session/2c10a22d-a7da-4f40-a071-d7f9c14f9111/element
2019-04-22 12:46:11:424 - info: [HTTP] {"using":"id","sessionId":"2c10a22d-a7da-4f40-a071-d7f9c14f9111","value":"com.cy.patrol:id/v_mobile"}
2019-04-22 12:46:11:430 - info: [debug] [W3C] Calling AppiumDriver.findElement() with args: ["id","com.cy.patrol:id/v_mobile","2c10a22d-a7da-4f40-a071-d7f9c14f9111"]
2019-04-22 12:46:11:436 - info: [debug] [BaseDriver] Valid locator strategies for this request: xpath, id, class name, accessibility id, -android uiautomator
2019-04-22 12:46:11:438 - info: [debug] [BaseDriver] Waiting up to 0 ms for condition
2019-04-22 12:46:11:441 - info: [debug] [JSONWP Proxy] Proxying [POST /element] to [POST http://localhost:8200/wd/hub/session/0adfd33b-3c1e-4bfc-ac02-027fac646d6f/element] with body: {"strategy":"id","selector":"com.cy.patrol:id/v_mobile","context":"","multiple":false}
2019-04-22 12:46:12:098 - info: [debug] [JSONWP Proxy] Got response with status 200: {"sessionId":"0adfd33b-3c1e-4bfc-ac02-027fac646d6f","status":0,"value":{"ELEMENT":"8f069441-386f-4859-b554-26524acd014e"}}
2019-04-22 12:46:12:103 - info: [debug] [W3C] Responding to client with driver.findElement() result: {"element-6066-11e4-a52e-4f735466cecf":"8f069441-386f-4859-b554-26524acd014e"}
2019-04-22 12:46:12:114 - info: [HTTP] <-- POST /wd/hub/session/2c10a22d-a7da-4f40-a071-d7f9c14f9111/element 200 689 ms - 88
2019-04-22 12:46:12:114 - info: [HTTP] 
2019-04-22 12:46:12:136 - info: [HTTP] --> POST /wd/hub/session/2c10a22d-a7da-4f40-a071-d7f9c14f9111/element/8f069441-386f-4859-b554-26524acd014e/value
2019-04-22 12:46:12:136 - info: [HTTP] {"text":"15234093915","sessionId":"2c10a22d-a7da-4f40-a071-d7f9c14f9111","id":"8f069441-386f-4859-b554-26524acd014e","value":["1","5","2","3","4","0","9","3","9","1","5"]}
2019-04-22 12:46:12:144 - info: [debug] [W3C] Calling AppiumDriver.setValue() with args: [["1","5","2","3","4","0","9","3","9","1","5"],"8f069441-386f-4859-b554-26524acd014e","2c10a22d-a7da-4f40-a071-d7f9c14f9111"]
2019-04-22 12:46:12:149 - info: [debug] [JSONWP Proxy] Proxying [POST /element/8f069441-386f-4859-b554-26524acd014e/value] to [POST http://localhost:8200/wd/hub/session/0adfd33b-3c1e-4bfc-ac02-027fac646d6f/element/8f069441-386f-4859-b554-26524acd014e/value] with body: {"elementId":"8f069441-386f-4859-b554-26524acd014e","text":"15234093915","replace":false,"unicodeKeyboard":true}
2019-04-22 12:46:12:734 - info: [debug] [JSONWP Proxy] Got response with status 200: {"sessionId":"0adfd33b-3c1e-4bfc-ac02-027fac646d6f","status":0,"value":""}
2019-04-22 12:46:12:737 - info: [debug] [W3C] Responding to client with driver.setValue() result: ""
2019-04-22 12:46:12:743 - info: [HTTP] <-- POST /wd/hub/session/2c10a22d-a7da-4f40-a071-d7f9c14f9111/element/8f069441-386f-4859-b554-26524acd014e/value 200 605 ms - 12
2019-04-22 12:46:12:744 - info: [HTTP] 
2019-04-22 12:46:12:752 - info: [HTTP] --> POST /wd/hub/session/2c10a22d-a7da-4f40-a071-d7f9c14f9111/element
2019-04-22 12:46:12:753 - info: [HTTP] {"using":"id","sessionId":"2c10a22d-a7da-4f40-a071-d7f9c14f9111","value":"com.cy.patrol:id/v_pwd"}
2019-04-22 12:46:12:756 - info: [debug] [W3C] Calling AppiumDriver.findElement() with args: ["id","com.cy.patrol:id/v_pwd","2c10a22d-a7da-4f40-a071-d7f9c14f9111"]
2019-04-22 12:46:12:759 - info: [debug] [BaseDriver] Valid locator strategies for this request: xpath, id, class name, accessibility id, -android uiautomator
2019-04-22 12:46:12:761 - info: [debug] [BaseDriver] Waiting up to 0 ms for condition
2019-04-22 12:46:12:763 - info: [debug] [JSONWP Proxy] Proxying [POST /element] to [POST http://localhost:8200/wd/hub/session/0adfd33b-3c1e-4bfc-ac02-027fac646d6f/element] with body: {"strategy":"id","selector":"com.cy.patrol:id/v_pwd","context":"","multiple":false}
2019-04-22 12:46:13:259 - info: [debug] [JSONWP Proxy] Got response with status 200: {"sessionId":"0adfd33b-3c1e-4bfc-ac02-027fac646d6f","status":0,"value":{"ELEMENT":"cc493c73-af72-46b1-839d-7d8840ceae73"}}
2019-04-22 12:46:13:267 - info: [debug] [W3C] Responding to client with driver.findElement() result: {"element-6066-11e4-a52e-4f735466cecf":"cc493c73-af72-46b1-839d-7d8840ceae73"}
2019-04-22 12:46:13:271 - info: [HTTP] <-- POST /wd/hub/session/2c10a22d-a7da-4f40-a071-d7f9c14f9111/element 200 518 ms - 88
2019-04-22 12:46:13:272 - info: [HTTP] 
2019-04-22 12:46:13:276 - info: [HTTP] --> POST /wd/hub/session/2c10a22d-a7da-4f40-a071-d7f9c14f9111/element/cc493c73-af72-46b1-839d-7d8840ceae73/value
2019-04-22 12:46:13:277 - info: [HTTP] {"text":"123456","sessionId":"2c10a22d-a7da-4f40-a071-d7f9c14f9111","id":"cc493c73-af72-46b1-839d-7d8840ceae73","value":["1","2","3","4","5","6"]}
2019-04-22 12:46:13:278 - info: [debug] [W3C] Calling AppiumDriver.setValue() with args: [["1","2","3","4","5","6"],"cc493c73-af72-46b1-839d-7d8840ceae73","2c10a22d-a7da-4f40-a071-d7f9c14f9111"]
2019-04-22 12:46:13:280 - info: [debug] [JSONWP Proxy] Proxying [POST /element/cc493c73-af72-46b1-839d-7d8840ceae73/value] to [POST http://localhost:8200/wd/hub/session/0adfd33b-3c1e-4bfc-ac02-027fac646d6f/element/cc493c73-af72-46b1-839d-7d8840ceae73/value] with body: {"elementId":"cc493c73-af72-46b1-839d-7d8840ceae73","text":"123456","replace":false,"unicodeKeyboard":true}
2019-04-22 12:46:13:836 - info: [debug] [JSONWP Proxy] Got response with status 200: {"sessionId":"0adfd33b-3c1e-4bfc-ac02-027fac646d6f","status":0,"value":""}
2019-04-22 12:46:13:839 - info: [debug] [W3C] Responding to client with driver.setValue() result: ""
2019-04-22 12:46:13:841 - info: [HTTP] <-- POST /wd/hub/session/2c10a22d-a7da-4f40-a071-d7f9c14f9111/element/cc493c73-af72-46b1-839d-7d8840ceae73/value 200 564 ms - 12
2019-04-22 12:46:13:842 - info: [HTTP] 
2019-04-22 12:46:13:849 - info: [HTTP] --> POST /wd/hub/session/2c10a22d-a7da-4f40-a071-d7f9c14f9111/element
2019-04-22 12:46:13:850 - info: [HTTP] {"using":"id","sessionId":"2c10a22d-a7da-4f40-a071-d7f9c14f9111","value":"com.cy.patrol:id/l_login"}
2019-04-22 12:46:13:852 - info: [debug] [W3C] Calling AppiumDriver.findElement() with args: ["id","com.cy.patrol:id/l_login","2c10a22d-a7da-4f40-a071-d7f9c14f9111"]
2019-04-22 12:46:13:855 - info: [debug] [BaseDriver] Valid locator strategies for this request: xpath, id, class name, accessibility id, -android uiautomator
2019-04-22 12:46:13:855 - info: [debug] [BaseDriver] Waiting up to 0 ms for condition
2019-04-22 12:46:13:856 - info: [debug] [JSONWP Proxy] Proxying [POST /element] to [POST http://localhost:8200/wd/hub/session/0adfd33b-3c1e-4bfc-ac02-027fac646d6f/element] with body: {"strategy":"id","selector":"com.cy.patrol:id/l_login","context":"","multiple":false}
2019-04-22 12:46:14:635 - info: [debug] [JSONWP Proxy] Got response with status 200: {"sessionId":"0adfd33b-3c1e-4bfc-ac02-027fac646d6f","status":0,"value":{"ELEMENT":"0cb2cca4-54b3-4733-9840-691291181f3c"}}
2019-04-22 12:46:14:636 - info: [debug] [W3C] Responding to client with driver.findElement() result: {"element-6066-11e4-a52e-4f735466cecf":"0cb2cca4-54b3-4733-9840-691291181f3c"}
2019-04-22 12:46:14:638 - info: [HTTP] <-- POST /wd/hub/session/2c10a22d-a7da-4f40-a071-d7f9c14f9111/element 200 789 ms - 88
2019-04-22 12:46:14:638 - info: [HTTP] 
2019-04-22 12:46:14:640 - info: [HTTP] --> POST /wd/hub/session/2c10a22d-a7da-4f40-a071-d7f9c14f9111/element/0cb2cca4-54b3-4733-9840-691291181f3c/click
2019-04-22 12:46:14:640 - info: [HTTP] {"sessionId":"2c10a22d-a7da-4f40-a071-d7f9c14f9111","id":"0cb2cca4-54b3-4733-9840-691291181f3c"}
2019-04-22 12:46:14:641 - info: [debug] [W3C] Calling AppiumDriver.click() with args: ["0cb2cca4-54b3-4733-9840-691291181f3c","2c10a22d-a7da-4f40-a071-d7f9c14f9111"]
2019-04-22 12:46:14:642 - info: [debug] [JSONWP Proxy] Proxying [POST /element/0cb2cca4-54b3-4733-9840-691291181f3c/click] to [POST http://localhost:8200/wd/hub/session/0adfd33b-3c1e-4bfc-ac02-027fac646d6f/element/0cb2cca4-54b3-4733-9840-691291181f3c/click] with body: {"element":"0cb2cca4-54b3-4733-9840-691291181f3c"}
2019-04-22 12:46:15:468 - info: [debug] [JSONWP Proxy] Got response with status 200: {"sessionId":"0adfd33b-3c1e-4bfc-ac02-027fac646d6f","status":0,"value":true}
2019-04-22 12:46:15:470 - info: [debug] [W3C] Responding to client with driver.click() result: true
2019-04-22 12:46:15:472 - info: [HTTP] <-- POST /wd/hub/session/2c10a22d-a7da-4f40-a071-d7f9c14f9111/element/0cb2cca4-54b3-4733-9840-691291181f3c/click 200 830 ms - 14
2019-04-22 12:46:15:473 - info: [HTTP] 
2019-04-22 12:46:15:478 - info: [HTTP] --> POST /wd/hub/session/2c10a22d-a7da-4f40-a071-d7f9c14f9111/element
2019-04-22 12:46:15:479 - info: [HTTP] {"using":"id","sessionId":"2c10a22d-a7da-4f40-a071-d7f9c14f9111","value":"com.cy.patrol:id/v_title"}
2019-04-22 12:46:15:484 - info: [debug] [W3C] Calling AppiumDriver.findElement() with args: ["id","com.cy.patrol:id/v_title","2c10a22d-a7da-4f40-a071-d7f9c14f9111"]
2019-04-22 12:46:15:486 - info: [debug] [BaseDriver] Valid locator strategies for this request: xpath, id, class name, accessibility id, -android uiautomator
2019-04-22 12:46:15:486 - info: [debug] [BaseDriver] Waiting up to 0 ms for condition
2019-04-22 12:46:15:487 - info: [debug] [JSONWP Proxy] Proxying [POST /element] to [POST http://localhost:8200/wd/hub/session/0adfd33b-3c1e-4bfc-ac02-027fac646d6f/element] with body: {"strategy":"id","selector":"com.cy.patrol:id/v_title","context":"","multiple":false}
2019-04-22 12:46:16:064 - error: [W3C] Encountered internal error running command:  {"w3cStatus":400,"jsonwp":{"sessionId":"0adfd33b-3c1e-4bfc-ac02-027fac646d6f","status":7,"value":"An element could not be located on the page using the given search parameters."}} ProxyRequestError: Could not proxy command to remote server. Original error: 500 - {"sessionId":"0adfd33b-3c1e-4bfc-ac02-027fac646d6f","status":7,"value":"An element could not be located on the page using the given search parameters."}
2019-04-22 12:46:16:065 - error: [W3C]     at JWProxy.proxy$ (C:\Users\30280\AppData\Roaming\npm\node_modules\appium\node_modules\appium-base-driver\lib\jsonwp-proxy\proxy.js:152:13)
2019-04-22 12:46:16:066 - error: [W3C]     at tryCatch (C:\Users\30280\AppData\Roaming\npm\node_modules\appium\node_modules\babel-runtime\regenerator\runtime.js:67:40)
2019-04-22 12:46:16:066 - error: [W3C]     at GeneratorFunctionPrototype.invoke [as _invoke] (C:\Users\30280\AppData\Roaming\npm\node_modules\appium\node_modules\babel-runtime\regenerator\runtime.js:315:22)
2019-04-22 12:46:16:067 - error: [W3C]     at GeneratorFunctionPrototype.prototype.(anonymous function) [as throw] (C:\Users\30280\AppData\Roaming\npm\node_modules\appium\node_modules\babel-runtime\regenerator\runtime.js:100:21)
2019-04-22 12:46:16:067 - error: [W3C]     at GeneratorFunctionPrototype.invoke (C:\Users\30280\AppData\Roaming\npm\node_modules\appium\node_modules\babel-runtime\regenerator\runtime.js:136:37)
2019-04-22 12:46:16:069 - info: [debug] [MJSONWP] Matched JSONWP error code 7 to NoSuchElementError
2019-04-22 12:46:16:114 - info: [HTTP] <-- POST /wd/hub/session/2c10a22d-a7da-4f40-a071-d7f9c14f9111/element 404 635 ms - 1424
2019-04-22 12:46:16:117 - info: [HTTP] 
2019-04-22 12:46:16:134 - info: [HTTP] --> GET /wd/hub/session/2c10a22d-a7da-4f40-a071-d7f9c14f9111/screenshot
2019-04-22 12:46:16:134 - info: [HTTP] {}
2019-04-22 12:46:16:135 - info: [debug] [W3C] Calling AppiumDriver.getScreenshot() with args: ["2c10a22d-a7da-4f40-a071-d7f9c14f9111"]
2019-04-22 12:46:16:136 - info: [debug] [JSONWP Proxy] Proxying [GET /screenshot] to [GET http://localhost:8200/wd/hub/session/0adfd33b-3c1e-4bfc-ac02-027fac646d6f/screenshot] with no body
2019-04-22 12:46:16:713 - info: [debug] [JSONWP Proxy] Got response with status 200: "{\"sessionId\":\"0adfd33b-3c1e-4bfc-ac02-027fac646d6f\",\"status\":0,\"value\":\"iVBORw0KGgoAAAANSUhEUgAABDgAAAhwCAIAAABH2RmtAAAAA3NCSVQICAjb4U\\/gAAAgAElEQVR4\\nnOzdeVxU1eP\\/8TMsw47KKuAWKaCCJGhu5b5lqblgqaktfnItt8wtlywXfpVbaZn5cUkzNS0\\/5FYi\\n7muiBoZL4oKIIKIwIsug8\\/vjfruf+xkWh\\/0Cr+cfPeacOXPvmR4+mHnP2TQGg0EAAAAAgJqYlXcH\\nAAAAAMAYQQUAAACA6hBUAAAAAKgOQQUAAACA6hBUAAAAAKgOQQUAAACA6hBUAAAAAKgOQQUAAACA\\n6hBUAAAAAKgOQQUAAACA6hBUAAAAAKgOQQUAAACA6hBUAAAAAKhOpQ0qK1asyM7ONqVlZmbm119\\/\\nXdr9AQAAAGA6jcFgKO8+lIqePXu6uLisXLlSq9Xu2LFj27Zt6enper1eo9FYW1vXqlXro48+qlGj\\nRlZW1rvvvpuSkhIWFlbeXQYAAADwf8ouqBgMhgsXLvzxxx8xMTG3b99++PChEMLe3t7T09PPz695\\n8+aNGzfWaDQldbubN2++9957jo6OOp3u8ePHebZp0KBBYmJienr68uXLvby8SurWAAAAKG13797d\\nunXrH3\\/8cf\\/+\\/Ro1ajRr1iwkJMTV1bX4jaESZRFUDAbDvn37tm7dmpCQUEAzDw+PkJCQzp07l1Rc\\n2bhx448\\/\\/vjUZrNnz27WrFmJ3BEAAABl4Ny5c\\/Pnz8\\/IyJBrNBpNs2bNpkyZYmVlZdQ4KysrNDT0\\njz\\/+UH7vtbGxmTZtWtOmTQt768zMzPHjxz948ED+nhkZGblx48abN286OTl179791VdfLcK32Z49\\nexrVFGG+z5kzZ5YtW5aSklLYFxaNk5PT+++\\/Hxwc...
2019-04-22 12:46:16:718 - info: [debug] [W3C] Responding to client with driver.getScreenshot() result: "iVBORw0KGgoAAAANSUhEUgAABDgAAAhwCAIAAABH2RmtAAAAA3NCSVQICAjb4U/gAAAgAElEQVR4\nnOzdeVxU1eP/8TMsw47KKuAWKaCCJGhu5b5lqblgqaktfnItt8wtlywXfpVbaZn5cUkzNS0/5FYi\n7muiBoZL4oKIIKIwIsug8/vjfruf+xkWh/0Cr+cfPeacOXPvmR4+mHnP2TQGg0EAAAAAgJqYlXcH\nAAAAAMAYQQUAAACA6hBUAAAAAKgOQQUAAACA6hBUAAAAAKgOQQUAAACA6hBUAAAAAKgOQQUAAACA\n6hBUAAAAAKgOQQUAAACA6hBUAAAAAKgOQQUAAACA6hBUAAAAAKhOpQ0qK1asyM7ONqVlZmbm119/\nXdr9AQAAAGA6jcFgKO8+lIqePXu6uLisXLlSq9Xu2LFj27Zt6enper1eo9FYW1vXqlXro48+qlGj\nRlZW1rvvvpuSkhIWFlbeXQYAAADwf8ouqBgMhgsXLvzxxx8xMTG3b99++PChEMLe3t7T09PPz695\n8+aNGzfWaDQldbubN2++9957jo6OOp3u8ePHebZp0KBBYmJienr68uXLvby8SurWAAAAKG13797d\nunXrH3/8cf/+/Ro1ajRr1iwkJMTV1bX4jaESZRFUDAbDvn37tm7dmpCQUEAzDw+PkJCQzp07l1Rc\n2bhx448//vjUZrNnz27WrFmJ3BEAAABl4Ny5c/Pnz8/IyJBrNBpNs2bNpkyZYmVlZdQ4KysrNDT0\njz/+UH7vtbGxmTZtWtOmTQt768zMzPHjxz948ED+nhkZGblx48abN286OTl179791VdfLcK32Z49\nexrVFGG+z5kzZ5YtW5aSklLYFxaNk5PT+++/HxwcXErXL/WgkpiYGBoaeuXKFRPbN2jQYMqUKe7u\n7sW8740bN8aOHWtKy2eeeWbJkiVmZpV2uQ4AAEBlkpiYOG7cuPT0dKmo0Wg6deo0YMCArKysY8eO\nRUdHx8...
2019-04-22 12:46:16:725 - info: [HTTP] <-- GET /wd/hub/session/2c10a22d-a7da-4f40-a071-d7f9c14f9111/screenshot 200 588 ms - 106470
2019-04-22 12:46:16:730 - info: [HTTP] 
2019-04-22 12:46:16:737 - info: [HTTP] --> GET /wd/hub/session/2c10a22d-a7da-4f40-a071-d7f9c14f9111/screenshot
2019-04-22 12:46:16:738 - info: [HTTP] {}
2019-04-22 12:46:16:748 - info: [debug] [W3C] Calling AppiumDriver.getScreenshot() with args: ["2c10a22d-a7da-4f40-a071-d7f9c14f9111"]
2019-04-22 12:46:16:752 - info: [debug] [JSONWP Proxy] Proxying [GET /screenshot] to [GET http://localhost:8200/wd/hub/session/0adfd33b-3c1e-4bfc-ac02-027fac646d6f/screenshot] with no body
2019-04-22 12:46:17:298 - info: [debug] [JSONWP Proxy] Got response with status 200: "{\"sessionId\":\"0adfd33b-3c1e-4bfc-ac02-027fac646d6f\",\"status\":0,\"value\":\"iVBORw0KGgoAAAANSUhEUgAABDgAAAhwCAIAAABH2RmtAAAAA3NCSVQICAjb4U\\/gAAAgAElEQVR4\\nnOzdeVxU9eL\\/8TMsA8O+I6BihIAKkrillvuWZa5YamqZ172bS+aWS5YLv0pt0dQylzRTr6aX3ErF\\nfcFETQ3XXHBAEFEYkWXQ+f1xvvfcc4fFYdgO8Hr+0WM+n\\/nMOZ\\/p4YOZ93w2lcFgEAAAAABASSwq\\nugMAAAAAYIygAgAAAEBxCCoAAAAAFIegAgAAAEBxCCoAAAAAFIegAgAAAEBxCCoAAAAAFIegAgAA\\nAEBxCCoAAAAAFIegAgAAAEBxCCoAAAAAFIegAgAAAEBxCCoAAAAAFKfKBpWlS5fm5uaa0jI7O\\/vb\\nb78t6\\/4AAAAAMJ3KYDBUdB\\/KRPfu3T08PJYvX65Wq7dv375ly5bMzEy9Xq9SqWxtbWvWrPnRRx+5\\nurrm5OQMHz48LS0tOjq6orsMAAAA4P+UX1AxGAwXL178448\\/4uPjExMTHz16JAiCg4ODr69vSEhI\\n06ZNGzRooFKpSut2t2\\/ffu+995ycnHQ63ZMnTwpsU7du3eTk5MzMzCVLlvj5+ZXWrQEAAFDW7t27\\nt3nz5j\\/++OPBgweurq5NmjSJjIz09PQseWMoRHkEFYPBsHfv3s2bNyclJRXRzMfHJzIysmPHjqUV\\nV9avX\\/\\/zzz8\\/s9msWbOaNGlSKncEAABAOTh79uy8efOysrKkGpVK1aRJk8mTJ9vY2Bg1zsnJiYqK\\n+uOPP+TfezUazdSpUxs1alTcW2dnZ48bN+7hw4fS98y4uLj169ffvn3bzc2ta9euPXv2NOPbbPfu\\n3Y1qzJjvc\\/To0W+\\/\\/TY9Pb24LzSPs7PzqFGjWr...
2019-04-22 12:46:17:303 - info: [debug] [W3C] Responding to client with driver.getScreenshot() result: "iVBORw0KGgoAAAANSUhEUgAABDgAAAhwCAIAAABH2RmtAAAAA3NCSVQICAjb4U/gAAAgAElEQVR4\nnOzdeVxU9eL/8TMsA8O+I6BihIAKkrillvuWZa5YamqZ172bS+aWS5YLv0pt0dQylzRTr6aX3ErF\nfcFETQ3XXHBAEFEYkWXQ+f1xvvfcc4fFYdgO8Hr+0WM+n/nMOZ/p4YOZ93w2lcFgEAAAAABASSwq\nugMAAAAAYIygAgAAAEBxCCoAAAAAFIegAgAAAEBxCCoAAAAAFIegAgAAAEBxCCoAAAAAFIegAgAA\nAEBxCCoAAAAAFIegAgAAAEBxCCoAAAAAFIegAgAAAEBxCCoAAAAAFKfKBpWlS5fm5uaa0jI7O/vb\nb78t6/4AAAAAMJ3KYDBUdB/KRPfu3T08PJYvX65Wq7dv375ly5bMzEy9Xq9SqWxtbWvWrPnRRx+5\nurrm5OQMHz48LS0tOjq6orsMAAAA4P+UX1AxGAwXL178448/4uPjExMTHz16JAiCg4ODr69vSEhI\n06ZNGzRooFKpSut2t2/ffu+995ycnHQ63ZMnTwpsU7du3eTk5MzMzCVLlvj5+ZXWrQEAAFDW7t27\nt3nz5j/++OPBgweurq5NmjSJjIz09PQseWMoRHkEFYPBsHfv3s2bNyclJRXRzMfHJzIysmPHjqUV\nV9avX//zzz8/s9msWbOaNGlSKncEAABAOTh79uy8efOysrKkGpVK1aRJk8mTJ9vY2Bg1zsnJiYqK\n+uOPP+TfezUazdSpUxs1alTcW2dnZ48bN+7hw4fS98y4uLj169ffvn3bzc2ta9euPXv2NOPbbPfu\n3Y1qzJjvc/To0W+//TY9Pb24LzSPs7PzqFGjWrVqVUbXL/OgkpycHBUVdfXqVRPb161bd/Lkyd7e\n3iW8761bt8aOHWtKy+eee27x4sUWFlV2uQ4AAEBVkpyc/P7772dmZopFlUrVoUOHfv365eTkHDt2\n7MKFC1...
2019-04-22 12:46:17:308 - info: [HTTP] <-- GET /wd/hub/session/2c10a22d-a7da-4f40-a071-d7f9c14f9111/screenshot 200 569 ms - 106216
2019-04-22 12:46:17:309 - info: [HTTP] 
2019-04-22 12:46:17:333 - info: [HTTP] --> GET /wd/hub/session/2c10a22d-a7da-4f40-a071-d7f9c14f9111/screenshot
2019-04-22 12:46:17:334 - info: [HTTP] {}
2019-04-22 12:46:17:338 - info: [debug] [W3C] Calling AppiumDriver.getScreenshot() with args: ["2c10a22d-a7da-4f40-a071-d7f9c14f9111"]
2019-04-22 12:46:17:341 - info: [debug] [JSONWP Proxy] Proxying [GET /screenshot] to [GET http://localhost:8200/wd/hub/session/0adfd33b-3c1e-4bfc-ac02-027fac646d6f/screenshot] with no body
2019-04-22 12:46:17:882 - info: [debug] [JSONWP Proxy] Got response with status 200: "{\"sessionId\":\"0adfd33b-3c1e-4bfc-ac02-027fac646d6f\",\"status\":0,\"value\":\"iVBORw0KGgoAAAANSUhEUgAABDgAAAhwCAIAAABH2RmtAAAAA3NCSVQICAjb4U\\/gAAAgAElEQVR4\\nnOzdeVxU9eL\\/8TMwDMOqsgq4kgIqSqLmmrlnlpkLXnet\\/ObazSVzyyXLhV+5tZhW5pJk6tU0cisV\\n9zVxw3DJXBARRBRGZGAG5vfH+Xa+5w6Lw7Ad4PX84z7m85lzPudD1wczbz6bymQyCQAAAACgJDZl\\n3QEAAAAAMEdQAQAAAKA4BBUAAAAAikNQAQAAAKA4BBUAAAAAikNQAQAAAKA4BBUAAAAAikNQAQAA\\nAKA4BBUAAAAAikNQAQAAAKA4BBUAAAAAikNQAQAAAKA4BBUAAAAAilNhg8qKFSuysrIsuVKv13\\/9\\n9dcl3R8AAAAAllOZTKay7kOJ6Nmzp4eHx6pVqzQazY4dO7Zu3Zqenm4wGFQqlVarrVGjxocfflit\\nWrXMzMx33nknJSUlMjKyrLsMAAAA4H+VXlAxmUyXL1\\/+448\\/YmNj79279+TJE0EQnJ2dfX19g4KC\\nWrRo0ahRI5VKVVyPu3Pnzrvvvuvq6qrT6bKzs\\/O8pn79+omJienp6V999ZWfn19xPRoAAAAl7cGD\\nB1u2bPnjjz8ePXpUrVq15s2bh4WFeXp6Fv1iKERpBBWTybRv374tW7YkJCQUcJmPj09YWFiXLl2K\\nK65ERET89NNPz7xszpw5zZs3L5YnAgAAoBScP39+wYIFGRkZUo1KpWrevPnUqVPt7e3NLs7MzAwP\\nD\\/\\/jjz\\/k33sdHBymT5\\/etGnTwj5ar9dPmDDh8ePH0vfM6OjoiIiIO3fuuLm5de\\/e\\/Y033rDi22zP\\nnj3NaqyY77Nly5YNGzbk5OQU9kbr2NjYDBkyJCwsrITa...
2019-04-22 12:46:17:889 - info: [debug] [W3C] Responding to client with driver.getScreenshot() result: "iVBORw0KGgoAAAANSUhEUgAABDgAAAhwCAIAAABH2RmtAAAAA3NCSVQICAjb4U/gAAAgAElEQVR4\nnOzdeVxU9eL/8TMwDMOqsgq4kgIqSqLmmrlnlpkLXnet/ObazSVzyyXLhV+5tZhW5pJk6tU0cisV\n9zVxw3DJXBARRBRGZGAG5vfH+Xa+5w6Lw7Ad4PX84z7m85lzPudD1wczbz6bymQyCQAAAACgJDZl\n3QEAAAAAMEdQAQAAAKA4BBUAAAAAikNQAQAAAKA4BBUAAAAAikNQAQAAAKA4BBUAAAAAikNQAQAA\nAKA4BBUAAAAAikNQAQAAAKA4BBUAAAAAikNQAQAAAKA4BBUAAAAAilNhg8qKFSuysrIsuVKv13/9\n9dcl3R8AAAAAllOZTKay7kOJ6Nmzp4eHx6pVqzQazY4dO7Zu3Zqenm4wGFQqlVarrVGjxocfflit\nWrXMzMx33nknJSUlMjKyrLsMAAAA4H+VXlAxmUyXL1/+448/YmNj79279+TJE0EQnJ2dfX19g4KC\nWrRo0ahRI5VKVVyPu3Pnzrvvvuvq6qrT6bKzs/O8pn79+omJienp6V999ZWfn19xPRoAAAAl7cGD\nB1u2bPnjjz8ePXpUrVq15s2bh4WFeXp6Fv1iKERpBBWTybRv374tW7YkJCQUcJmPj09YWFiXLl2K\nK65ERET89NNPz7xszpw5zZs3L5YnAgAAoBScP39+wYIFGRkZUo1KpWrevPnUqVPt7e3NLs7MzAwP\nD//jjz/k33sdHBymT5/etGnTwj5ar9dPmDDh8ePH0vfM6OjoiIiIO3fuuLm5de/e/Y033rDi22zP\nnj3NaqyY77Nly5YNGzbk5OQU9kbr2NjYDBkyJCwsrITaL/GgkpiYGB4efv36dQuvr1+//tSpU729\nvYv43Nu3b48fP96SK+vWrbts2TIbmwq7XAcAAKAiSUxMfO+999LT08WiSqXq3Llz//79MzMzjx8/\nHhMTEx...
2019-04-22 12:46:17:896 - info: [HTTP] <-- GET /wd/hub/session/2c10a22d-a7da-4f40-a071-d7f9c14f9111/screenshot 200 560 ms - 105416
2019-04-22 12:46:17:896 - info: [HTTP] 
2019-04-22 12:46:17:903 - info: [HTTP] --> DELETE /wd/hub/session/2c10a22d-a7da-4f40-a071-d7f9c14f9111
2019-04-22 12:46:17:905 - info: [HTTP] {}
2019-04-22 12:46:17:907 - info: [debug] [W3C] Calling AppiumDriver.deleteSession() with args: ["2c10a22d-a7da-4f40-a071-d7f9c14f9111"]
2019-04-22 12:46:17:908 - info: [debug] [BaseDriver] Event 'quitSessionRequested' logged at 1555937177907 (20:46:17 GMT+0800 (中国标准时间))
2019-04-22 12:46:17:912 - info: [Appium] Removing session 2c10a22d-a7da-4f40-a071-d7f9c14f9111 from our master session list
2019-04-22 12:46:17:915 - info: [debug] [UiAutomator2] Deleting UiAutomator2 session
2019-04-22 12:46:17:921 - info: [debug] [UiAutomator2] Deleting UiAutomator2 server session
2019-04-22 12:46:17:922 - info: [debug] [JSONWP Proxy] Proxying [DELETE /] to [DELETE http://localhost:8200/wd/hub/session/0adfd33b-3c1e-4bfc-ac02-027fac646d6f] with no body
2019-04-22 12:46:17:955 - info: [debug] [JSONWP Proxy] Got response with status 200: "{\"sessionId\":\"0adfd33b-3c1e-4bfc-ac02-027fac646d6f\",\"status\":0,\"value\":\"Session deleted\"}"
2019-04-22 12:46:17:956 - info: [debug] [UiAutomator2] Resetting IME to 'com.iflytek.inputmethod.smartisan/com.iflytek.inputmethod.FlyIME'
2019-04-22 12:46:17:958 - info: [debug] [ADB] Running 'E:\sdk\platform-tools\adb.exe -P 5037 -s 2116ca98 shell ime set com.iflytek.inputmethod.smartisan/com.iflytek.inputmethod.FlyIME'
2019-04-22 12:46:18:784 - info: [debug] [ADB] Running 'E:\sdk\platform-tools\adb.exe -P 5037 -s 2116ca98 shell am force-stop com.cy.patrol'
2019-04-22 12:46:19:242 - info: [debug] [UiAutomator2] [UIAutomator2] io.appium.uiautomator2.server.test.AppiumUiAutomator2Server:.
2019-04-22 12:46:19:243 - info: [debug] [UiAutomator2] [UIAutomator2] Time: 11.025
2019-04-22 12:46:19:244 - info: [debug] [UiAutomator2] [UIAutomator2] OK (1 test)
2019-04-22 12:46:19:497 - info: [debug] [Logcat] Stopping logcat capture
2019-04-22 12:46:19:519 - info: [debug] [ADB] Removing forwarded port socket connection: 8200 
2019-04-22 12:46:19:520 - info: [debug] [ADB] Running 'E:\sdk\platform-tools\adb.exe -P 5037 -s 2116ca98 forward --remove tcp\:8200'
2019-04-22 12:46:19:629 - info: [debug] [BaseDriver] Event 'quitSessionFinished' logged at 1555937179628 (20:46:19 GMT+0800 (中国标准时间))
2019-04-22 12:46:19:631 - info: [debug] [W3C] Received response: null
2019-04-22 12:46:19:632 - info: [debug] [W3C] But deleting session, so not returning
2019-04-22 12:46:19:632 - info: [debug] [W3C] Responding to client with driver.deleteSession() result: null
2019-04-22 12:46:19:634 - info: [HTTP] <-- DELETE /wd/hub/session/2c10a22d-a7da-4f40-a071-d7f9c14f9111 200 1730 ms - 14
2019-04-22 12:46:19:635 - info: [HTTP] 
