2019-04-21 12:55:18:884 - warn: [Appium] Appium support for versions of node < 8 has been deprecated and will be removed in a future version. Please upgrade!
2019-04-21 12:55:18:896 - info: [Appium] Welcome to Appium v1.8.1
2019-04-21 12:55:18:898 - info: [Appium] Non-default server args:
2019-04-21 12:55:18:898 - info: [Appium]   port: 4701
2019-04-21 12:55:18:898 - info: [Appium]   bootstrapPort: 4900
2019-04-21 12:55:18:898 - info: [Appium]   sessionOverride: true
2019-04-21 12:55:18:898 - info: [Appium]   log: D:/pythonProgram/Appium27/log/2116ca982019-04-21-20_55_16.log
2019-04-21 12:55:18:898 - info: [Appium]   udid: 2116ca98
2019-04-21 12:55:18:898 - info: [Appium]   noReset: true
2019-04-21 12:55:18:899 - warn: [Appium] Deprecated server args:
2019-04-21 12:55:18:899 - warn: [Appium]   -U,--udid => --default-capabilities '{"udid":"2116ca98"}'
2019-04-21 12:55:18:899 - warn: [Appium]   --no-reset => --default-capabilities '{"noReset":true}'
2019-04-21 12:55:18:899 - info: [Appium] Default capabilities, which will be added to each request unless overridden by desired capabilities:
2019-04-21 12:55:18:899 - info: [Appium]   udid: 2116ca98
2019-04-21 12:55:18:900 - info: [Appium]   noReset: true
2019-04-21 12:55:18:937 - info: [Appium] Appium REST http interface listener started on 0.0.0.0:4701
2019-04-21 12:55:37:004 - info: [HTTP] --> POST /wd/hub/session
2019-04-21 12:55:37:004 - info: [HTTP] {"capabilities":{"firstMatch":[{"appium:unicodeKeyboard":true,"appium:resetKeyboard":true,"appium:appWaitActivity":"com.cy.patrol.act.LoginAct","appium:automationName":"uiautomator2","appium:app":"E:\\work\\appium\\xcry_appium/apk/ryxc.apk","appium:deviceName":"2116ca98","platformName":"Android"}]},"desiredCapabilities":{"deviceName":"2116ca98","unicodeKeyboard":true,"app":"E:\\work\\appium\\xcry_appium/apk/ryxc.apk","appWaitActivity":"com.cy.patrol.act.LoginAct","resetKeyboard":true,"platformName":"Android","automationName":"uiautomator2"}}
2019-04-21 12:55:37:006 - info: [debug] [MJSONWP] Calling AppiumDriver.createSession() with args: [{"deviceName":"2116ca98","unicodeKeyboard":true,"app":"E:\\work\\appium\\xcry_appium/apk/ryxc.apk","appWaitActivity":"com.cy.patrol.act.LoginAct","resetKeyboard":true,"platformName":"Android","automationName":"uiautomator2"},null,{"firstMatch":[{"appium:unicodeKeyboard":true,"appium:resetKeyboard":true,"appium:appWaitActivity":"com.cy.patrol.act.LoginAct","appium:automationName":"uiautomator2","appium:app":"E:\\work\\appium\\xcry_appium/apk/ryxc.apk","appium:deviceName":"2116ca98","platformName":"Android"}]}]
2019-04-21 12:55:37:008 - info: [debug] [BaseDriver] Event 'newSessionRequested' logged at 1555851337008 (20:55:37 GMT+0800 (中国标准时间))
2019-04-21 12:55:37:011 - warn: [BaseDriver] The capabilities ["udid","noReset"] are not standard capabilities and should have an extension prefix
2019-04-21 12:55:37:016 - info: [Appium] Creating new AndroidUiautomator2Driver (v1.12.0) session
2019-04-21 12:55:37:016 - info: [Appium] Capabilities:
2019-04-21 12:55:37:016 - info: [Appium]   udid: 2116ca98
2019-04-21 12:55:37:016 - info: [Appium]   noReset: true
2019-04-21 12:55:37:016 - info: [Appium]   platformName: Android
2019-04-21 12:55:37:016 - info: [Appium]   unicodeKeyboard: true
2019-04-21 12:55:37:016 - info: [Appium]   resetKeyboard: true
2019-04-21 12:55:37:017 - info: [Appium]   appWaitActivity: com.cy.patrol.act.LoginAct
2019-04-21 12:55:37:017 - info: [Appium]   automationName: uiautomator2
2019-04-21 12:55:37:017 - info: [Appium]   app: E:\work\appium\xcry_appium/apk/ryxc.apk
2019-04-21 12:55:37:017 - info: [Appium]   deviceName: 2116ca98
2019-04-21 12:55:37:020 - info: [debug] [BaseDriver] W3C capabilities {"alwaysMatch":{"appium:udi... and MJSONWP desired capabilities [object Object] were provided
2019-04-21 12:55:37:020 - info: [debug] [BaseDriver] Creating session with W3C capabilities: {"alwaysMatch":{"appium:udi...
2019-04-21 12:55:37:033 - info: [BaseDriver] Session created with session id: 76312594-04e3-41fb-b5b5-b55fe02210cd
2019-04-21 12:55:37:036 - info: [BaseDriver] Using local app 'E:\work\appium\xcry_appium/apk/ryxc.apk'
2019-04-21 12:55:37:036 - info: [debug] [UiAutomator2] Checking whether app is actually present
2019-04-21 12:55:37:444 - info: [debug] [AndroidDriver] Getting Java version
2019-04-21 12:55:37:561 - info: [AndroidDriver] Java version is: 1.8.0_151
2019-04-21 12:55:37:563 - info: [ADB] Checking whether adb is present
2019-04-21 12:55:37:568 - info: [ADB] Found 1 'build-tools' folders under 'E:\sdk' (newest first):
2019-04-21 12:55:37:568 - info: [ADB]     E:/sdk/build-tools/android-4.3
2019-04-21 12:55:37:569 - info: [ADB] Using adb.exe from E:\sdk\platform-tools\adb.exe
2019-04-21 12:55:37:569 - info: [AndroidDriver] Retrieving device list
2019-04-21 12:55:37:570 - info: [debug] [ADB] Trying to find a connected android device
2019-04-21 12:55:37:571 - info: [debug] [ADB] Getting connected devices...
2019-04-21 12:55:37:592 - info: [debug] [ADB] 1 device(s) connected
2019-04-21 12:55:37:593 - info: [AndroidDriver] Using device: 2116ca98
2019-04-21 12:55:37:594 - info: [debug] [ADB] Setting device id to 2116ca98
2019-04-21 12:55:37:596 - info: [debug] [ADB] Running 'E:\sdk\platform-tools\adb.exe -P 5037 -s 2116ca98 shell getprop ro.build.version.sdk'
2019-04-21 12:55:37:658 - info: [debug] [ADB] Current device property 'ro.build.version.sdk': 25
2019-04-21 12:55:37:658 - info: [debug] [ADB] Device API level: 25
2019-04-21 12:55:37:659 - info: [debug] [AndroidDriver] Parsing package and activity from app manifest
2019-04-21 12:55:37:662 - info: [ADB] Using the alternative activity name detection method because of: Could not find apkanalyzer.bat in E:\sdk\platform-tools\apkanalyzer.bat,E:\sdk\emulator\apkanalyzer.bat,E:\sdk\tools\apkanalyzer.bat,E:\sdk\tools\bin\apkanalyzer.bat,E:\sdk\build-tools\android-4.3\apkanalyzer.bat. Do you have the Android SDK installed at 'E:\sdk'?
2019-04-21 12:55:37:662 - info: [ADB] Checking whether aapt is present
2019-04-21 12:55:37:663 - info: [ADB] Using aapt.exe from E:\sdk\tools\aapt.exe
2019-04-21 12:55:37:664 - info: [ADB] Extracting package and launch activity from manifest
2019-04-21 12:55:37:683 - info: [ADB] Package name: 'com.cy.patrol'
2019-04-21 12:55:37:684 - info: [ADB] Main activity name: 'com.cy.patrol.act.LoadingAct'
2019-04-21 12:55:37:684 - info: [debug] [AndroidDriver] Parsed package and activity are: com.cy.patrol/com.cy.patrol.act.LoadingAct
2019-04-21 12:55:37:684 - info: [ADB] Getting device platform version
2019-04-21 12:55:37:684 - info: [debug] [ADB] Running 'E:\sdk\platform-tools\adb.exe -P 5037 -s 2116ca98 shell getprop ro.build.version.release'
2019-04-21 12:55:37:731 - info: [debug] [ADB] Current device property 'ro.build.version.release': 7.1.1
2019-04-21 12:55:37:733 - info: [debug] [ADB] Running 'E:\sdk\platform-tools\adb.exe -P 5037 -s 2116ca98 shell wm size'
2019-04-21 12:55:38:259 - info: [debug] [ADB] Running 'E:\sdk\platform-tools\adb.exe -P 5037 -s 2116ca98 shell wm density'
2019-04-21 12:55:38:815 - info: [debug] [ADB] Running 'E:\sdk\platform-tools\adb.exe -P 5037 -s 2116ca98 shell getprop ro.product.model'
2019-04-21 12:55:38:876 - info: [debug] [ADB] Current device property 'ro.product.model': OS103
2019-04-21 12:55:38:877 - info: [debug] [ADB] Running 'E:\sdk\platform-tools\adb.exe -P 5037 -s 2116ca98 shell getprop ro.product.manufacturer'
2019-04-21 12:55:38:926 - info: [debug] [ADB] Current device property 'ro.product.manufacturer': smartisan
2019-04-21 12:55:38:926 - info: [debug] [ADB] Device API level: 25
2019-04-21 12:55:38:929 - info: [debug] [ADB] Running 'E:\sdk\platform-tools\adb.exe -P 5037 -s 2116ca98 shell am force-stop io.appium.uiautomator2.server'
2019-04-21 12:55:39:468 - info: [debug] [ADB] Checking app cert for C:\Users\30280\AppData\Roaming\npm\node_modules\appium\node_modules\appium-uiautomator2-server\apks\appium-uiautomator2-server-v1.12.0.apk
2019-04-21 12:55:39:484 - warn: [ADB] Cannot use apksigner tool for signature verification. Defaulting to verify.jar. Original error: Could not find apksigner.bat in E:\sdk\platform-tools\apksigner.bat,E:\sdk\emulator\apksigner.bat,E:\sdk\tools\apksigner.bat,E:\sdk\tools\bin\apksigner.bat,E:\sdk\build-tools\android-4.3\apksigner.bat. Do you have the Android SDK installed at 'E:\sdk'?
2019-04-21 12:55:39:729 - info: [debug] [ADB] 'C:\Users\30280\AppData\Roaming\npm\node_modules\appium\node_modules\appium-uiautomator2-server\apks\appium-uiautomator2-server-v1.12.0.apk' is already signed.
2019-04-21 12:55:39:729 - info: [debug] [ADB] Checking app cert for C:\Users\30280\AppData\Roaming\npm\node_modules\appium\node_modules\appium-uiautomator2-server\apks\appium-uiautomator2-server-debug-androidTest.apk
2019-04-21 12:55:39:730 - warn: [ADB] Cannot use apksigner tool for signature verification. Defaulting to verify.jar. Original error: Could not find apksigner.bat in E:\sdk\platform-tools\apksigner.bat,E:\sdk\emulator\apksigner.bat,E:\sdk\tools\apksigner.bat,E:\sdk\tools\bin\apksigner.bat,E:\sdk\build-tools\android-4.3\apksigner.bat. Do you have the Android SDK installed at 'E:\sdk'?
2019-04-21 12:55:40:010 - info: [debug] [ADB] 'C:\Users\30280\AppData\Roaming\npm\node_modules\appium\node_modules\appium-uiautomator2-server\apks\appium-uiautomator2-server-debug-androidTest.apk' is already signed.
2019-04-21 12:55:40:011 - info: [debug] [ADB] Getting install status for io.appium.uiautomator2.server
2019-04-21 12:55:40:011 - info: [debug] [ADB] Running 'E:\sdk\platform-tools\adb.exe -P 5037 -s 2116ca98 shell pm list packages io.appium.uiautomator2.server'
2019-04-21 12:55:40:526 - info: [debug] [ADB] App is installed
2019-04-21 12:55:40:527 - info: [debug] [ADB] Getting package info for 'io.appium.uiautomator2.server'
2019-04-21 12:55:40:527 - info: [debug] [ADB] Running 'E:\sdk\platform-tools\adb.exe -P 5037 -s 2116ca98 shell dumpsys package io.appium.uiautomator2.server'
2019-04-21 12:55:40:600 - info: [debug] [ADB] The installed 'io.appium.uiautomator2.server' package does not require upgrade ('1.12.0' >= '1.12.0')
2019-04-21 12:55:40:600 - info: [debug] [ADB] Getting install status for io.appium.uiautomator2.server.test
2019-04-21 12:55:40:601 - info: [debug] [ADB] Running 'E:\sdk\platform-tools\adb.exe -P 5037 -s 2116ca98 shell pm list packages io.appium.uiautomator2.server.test'
2019-04-21 12:55:41:130 - info: [debug] [ADB] App is installed
2019-04-21 12:55:41:131 - info: [debug] [ADB] Getting package info for 'io.appium.uiautomator2.server.test'
2019-04-21 12:55:41:131 - info: [debug] [ADB] Running 'E:\sdk\platform-tools\adb.exe -P 5037 -s 2116ca98 shell dumpsys package io.appium.uiautomator2.server.test'
2019-04-21 12:55:41:201 - warn: [ADB] Cannot read version codes of 'C:\Users\30280\AppData\Roaming\npm\node_modules\appium\node_modules\appium-uiautomator2-server\apks\appium-uiautomator2-server-debug-androidTest.apk' and/or 'io.appium.uiautomator2.server.test'
2019-04-21 12:55:41:202 - warn: [ADB] Cannot read version names of 'C:\Users\30280\AppData\Roaming\npm\node_modules\appium\node_modules\appium-uiautomator2-server\apks\appium-uiautomator2-server-debug-androidTest.apk' and/or 'io.appium.uiautomator2.server.test'. Assuming correct app version is already installed
2019-04-21 12:55:41:202 - info: [debug] [UiAutomator2] Waiting up to 20000ms for instrumentation 'io.appium.uiautomator2.server.test/android.support.test.runner.AndroidJUnitRunner' to be available
2019-04-21 12:55:41:203 - info: [debug] [ADB] Running 'E:\sdk\platform-tools\adb.exe -P 5037 -s 2116ca98 shell pm list instrumentation'
2019-04-21 12:55:41:718 - info: [debug] [UiAutomator2] Instrumentation 'io.appium.uiautomator2.server.test/android.support.test.runner.AndroidJUnitRunner' available
2019-04-21 12:55:41:722 - info: [debug] [ADB] Running 'E:\sdk\platform-tools\adb.exe -P 5037 -s 2116ca98 wait-for-device'
2019-04-21 12:55:41:781 - info: [debug] [ADB] Running 'E:\sdk\platform-tools\adb.exe -P 5037 -s 2116ca98 shell echo ping'
2019-04-21 12:55:41:824 - info: [debug] [AndroidDriver] Pushing settings apk to device...
2019-04-21 12:55:41:824 - info: [debug] [ADB] Getting install status for io.appium.settings
2019-04-21 12:55:41:825 - info: [debug] [ADB] Running 'E:\sdk\platform-tools\adb.exe -P 5037 -s 2116ca98 shell pm list packages io.appium.settings'
2019-04-21 12:55:42:386 - info: [debug] [ADB] App is installed
2019-04-21 12:55:42:387 - info: [debug] [ADB] Getting package info for 'io.appium.settings'
2019-04-21 12:55:42:387 - info: [debug] [ADB] Running 'E:\sdk\platform-tools\adb.exe -P 5037 -s 2116ca98 shell dumpsys package io.appium.settings'
2019-04-21 12:55:42:532 - info: [debug] [ADB] The installed 'io.appium.settings' package does not require upgrade (13 > 5)
2019-04-21 12:55:42:535 - info: [debug] [ADB] Running 'E:\sdk\platform-tools\adb.exe -P 5037 -s 2116ca98 shell ps'
2019-04-21 12:55:42:662 - info: [debug] [AndroidDriver] io.appium.settings is already running. There is no need to reset its permissions.
2019-04-21 12:55:42:663 - info: [debug] [ADB] Device API level: 25
2019-04-21 12:55:42:663 - info: [debug] [ADB] Running 'E:\sdk\platform-tools\adb.exe -P 5037 -s 2116ca98 shell appops set io.appium.settings android\:mock_location allow'
2019-04-21 12:55:42:721 - warn: [AndroidDriver] setDeviceLanguageCountry requires language or country.
2019-04-21 12:55:42:721 - warn: [AndroidDriver] Got language: 'null' and country: 'null'
2019-04-21 12:55:42:723 - info: [debug] [Logcat] Starting logcat capture
2019-04-21 12:55:42:769 - info: [debug] [AndroidDriver] Enabling Unicode keyboard support
2019-04-21 12:55:42:770 - info: [debug] [AndroidDriver] Pushing unicode ime to device...
2019-04-21 12:55:42:772 - info: [debug] [ADB] Running 'E:\sdk\platform-tools\adb.exe -P 5037 -s 2116ca98 install C\:\\Users\\30280\\AppData\\Roaming\\npm\\node_modules\\appium\\node_modules\\appium-android-ime\\bin\\UnicodeIME-debug.apk'
2019-04-21 12:55:43:591 - info: [debug] [ADB] Install command stdout: Failure [INSTALL_FAILED_ALREADY_EXISTS: Attempt to re-install io.appium.android.ime without first uninstalling.]
2019-04-21 12:55:43:591 - info: [debug] [ADB] Application 'C:\Users\30280\AppData\Roaming\npm\node_modules\appium\node_modules\appium-android-ime\bin\UnicodeIME-debug.apk' already installed. Continuing.
2019-04-21 12:55:43:592 - info: [debug] [ADB] Running 'E:\sdk\platform-tools\adb.exe -P 5037 -s 2116ca98 shell settings get secure default_input_method'
2019-04-21 12:55:44:117 - info: [debug] [AndroidDriver] Unsetting previous IME io.appium.android.ime/.UnicodeIME
2019-04-21 12:55:44:118 - info: [debug] [AndroidDriver] Setting IME to 'io.appium.android.ime/.UnicodeIME'
2019-04-21 12:55:44:119 - info: [debug] [ADB] Running 'E:\sdk\platform-tools\adb.exe -P 5037 -s 2116ca98 shell ime enable io.appium.android.ime/.UnicodeIME'
2019-04-21 12:55:44:654 - info: [debug] [ADB] Running 'E:\sdk\platform-tools\adb.exe -P 5037 -s 2116ca98 shell ime set io.appium.android.ime/.UnicodeIME'
2019-04-21 12:55:45:202 - info: [debug] [AndroidDriver] Pushing unlock helper app to device...
2019-04-21 12:55:45:203 - info: [debug] [ADB] Getting install status for io.appium.unlock
2019-04-21 12:55:45:204 - info: [debug] [ADB] Running 'E:\sdk\platform-tools\adb.exe -P 5037 -s 2116ca98 shell pm list packages io.appium.unlock'
2019-04-21 12:55:45:763 - info: [debug] [ADB] App is installed
2019-04-21 12:55:45:764 - info: [debug] [ADB] Getting package info for 'io.appium.unlock'
2019-04-21 12:55:45:765 - info: [debug] [ADB] Running 'E:\sdk\platform-tools\adb.exe -P 5037 -s 2116ca98 shell dumpsys package io.appium.unlock'
2019-04-21 12:55:45:894 - info: [debug] [ADB] The installed 'io.appium.unlock' package does not require upgrade ('2.0.0' >= '2.0.0')
2019-04-21 12:55:45:895 - info: [debug] [UiAutomator2] Forwarding UiAutomator2 Server port 6790 to 8211
2019-04-21 12:55:45:896 - info: [debug] [ADB] Forwarding system: 8211 to device: 6790
2019-04-21 12:55:45:897 - info: [debug] [ADB] Running 'E:\sdk\platform-tools\adb.exe -P 5037 -s 2116ca98 forward tcp\:8211 tcp\:6790'
2019-04-21 12:55:45:944 - info: [debug] [ADB] Running 'E:\sdk\platform-tools\adb.exe -P 5037 -s 2116ca98 shell rm -rf /data/local/tmp/strings.json'
2019-04-21 12:55:45:996 - info: [debug] [AndroidDriver] Extracting strings from apk
2019-04-21 12:55:45:998 - info: [debug] [AndroidDriver] E:\work\appium\xcry_appium/apk/ryxc.apk
2019-04-21 12:55:45:999 - info: [debug] [AndroidDriver] null
2019-04-21 12:55:45:999 - info: [debug] [AndroidDriver] C:\Users\30280\AppData\Local\Temp\com.cy.patrol
2019-04-21 12:55:46:000 - info: [debug] [ADB] Extracting strings for language: default
2019-04-21 12:55:46:149 - info: [ADB] Successfully extracted 498 strings from 'E:\work\appium\xcry_appium/apk/ryxc.apk' resources for '(default)' configuration
2019-04-21 12:55:46:163 - info: [debug] [ADB] Running 'E:\sdk\platform-tools\adb.exe -P 5037 -s 2116ca98 push C\:\\Users\\30280\\AppData\\Local\\Temp\\com.cy.patrol\\strings.json /data/local/tmp'
2019-04-21 12:55:46:210 - info: [debug] [ADB] Checking app cert for E:\work\appium\xcry_appium/apk/ryxc.apk
2019-04-21 12:55:46:211 - warn: [ADB] Cannot use apksigner tool for signature verification. Defaulting to verify.jar. Original error: Could not find apksigner.bat in E:\sdk\platform-tools\apksigner.bat,E:\sdk\emulator\apksigner.bat,E:\sdk\tools\apksigner.bat,E:\sdk\tools\bin\apksigner.bat,E:\sdk\build-tools\android-4.3\apksigner.bat. Do you have the Android SDK installed at 'E:\sdk'?
2019-04-21 12:55:47:381 - info: [debug] [ADB] 'E:\work\appium\xcry_appium/apk/ryxc.apk' is already signed.
2019-04-21 12:55:47:381 - info: [debug] [ADB] Getting install status for com.cy.patrol
2019-04-21 12:55:47:382 - info: [debug] [ADB] Running 'E:\sdk\platform-tools\adb.exe -P 5037 -s 2116ca98 shell pm list packages com.cy.patrol'
2019-04-21 12:55:47:905 - info: [debug] [ADB] App is installed
2019-04-21 12:55:47:906 - info: [debug] [ADB] Getting package info for 'com.cy.patrol'
2019-04-21 12:55:47:907 - info: [debug] [ADB] Running 'E:\sdk\platform-tools\adb.exe -P 5037 -s 2116ca98 shell dumpsys package com.cy.patrol'
2019-04-21 12:55:48:136 - info: [debug] [ADB] The installed 'com.cy.patrol' package does not require upgrade ('1.0.0' >= '1.0.0')
2019-04-21 12:55:48:137 - info: [debug] [ADB] Running 'E:\sdk\platform-tools\adb.exe -P 5037 -s 2116ca98 shell am force-stop io.appium.uiautomator2.server'
2019-04-21 12:55:48:648 - info: [UiAutomator2] Starting uiautomator2 server 1.12.0
2019-04-21 12:55:48:648 - info: [UiAutomator2] Using UIAutomator2 server from 'C:\Users\30280\AppData\Roaming\npm\node_modules\appium\node_modules\appium-uiautomator2-server\apks\appium-uiautomator2-server-v1.12.0.apk' and test from 'C:\Users\30280\AppData\Roaming\npm\node_modules\appium\node_modules\appium-uiautomator2-server\apks\appium-uiautomator2-server-debug-androidTest.apk'
2019-04-21 12:55:48:649 - info: [UiAutomator2] Running command: 'adb -s 2116ca98 shell am instrument -w io.appium.uiautomator2.server.test/android.support.test.runner.AndroidJUnitRunner'
2019-04-21 12:55:48:652 - info: [UiAutomator2] Waiting up to 20000ms for UiAutomator2 to be online...
2019-04-21 12:55:48:653 - info: [debug] [JSONWP Proxy] Proxying [GET /status] to [GET http://localhost:8211/wd/hub/status] with no body
2019-04-21 12:55:49:677 - info: [debug] [JSONWP Proxy] Proxying [GET /status] to [GET http://localhost:8211/wd/hub/status] with no body
2019-04-21 12:55:50:685 - info: [debug] [JSONWP Proxy] Proxying [GET /status] to [GET http://localhost:8211/wd/hub/status] with no body
2019-04-21 12:55:51:698 - info: [debug] [JSONWP Proxy] Proxying [GET /status] to [GET http://localhost:8211/wd/hub/status] with no body
2019-04-21 12:55:51:750 - info: [debug] [JSONWP Proxy] Got response with status 200: "{\"sessionId\":\"SESSIONID\",\"status\":0,\"value\":\"Status Invoked\"}"
2019-04-21 12:55:51:752 - info: [debug] [JSONWP Proxy] Proxying [POST /session] to [POST http://localhost:8211/wd/hub/session] with body: {"desiredCapabilities":{"platform":"LINUX","webStorageEnabled":false,"takesScreenshot":true,"javascriptEnabled":true,"databaseEnabled":false,"networkConnectionEnabled":true,"locationContextEnabled":false,"warnings":{},"desired":{"platformName":"Android","udid":"2116ca98","noReset":true,"unicodeKeyboard":true,"resetKeyboard":true,"appWaitActivity":"com.cy.patrol.act.LoginAct","automationName":"uiautomator2","app":"E:\\work\\appium\\xcry_appium/apk/ryxc.apk","deviceName":"2116ca98"},"platformName":"Android","udid":"2116ca98","noReset":true,"unicodeKeyboard":true,"resetKeyboard":true,"appWaitActivity":"com.cy.patrol.act.LoginAct","automationName":"uiautomator2","app":"E:\\work\\appium\\xcry_appium/apk/ryxc.apk","deviceName":"2116ca98","deviceUDID":"2116ca98","platformVersion":"7.1.1","deviceScreenSize":"1080x2160","deviceScreenDensity":400,"deviceModel":"OS103","deviceManufacturer":"smartisan","deviceApiLevel":25,"appPackage":"com.cy.patrol"}}
2019-04-21 12:55:51:781 - info: [debug] [JSONWP Proxy] Got response with status 200: {"sessionId":"07b6117c-854b-4dc7-ac60-6009d911691f","status":0,"value":"Created Session"}
2019-04-21 12:55:51:784 - info: [debug] [ADB] Running 'E:\sdk\platform-tools\adb.exe -P 5037 -s 2116ca98 shell dumpsys window'
2019-04-21 12:55:51:878 - info: [AndroidDriver] Screen already unlocked, doing nothing
2019-04-21 12:55:51:885 - info: [UiAutomator2] UiAutomator2 did not start the activity we were waiting for, 'com.cy.patrol/com.cy.patrol.act.LoginAct'. Starting it ourselves
2019-04-21 12:55:51:886 - info: [debug] [ADB] Device API level: 25
2019-04-21 12:55:51:887 - info: [debug] [ADB] Running 'E:\sdk\platform-tools\adb.exe -P 5037 -s 2116ca98 shell am start -W -n com.cy.patrol/com.cy.patrol.act.LoadingAct -S -a android.intent.action.MAIN -c android.intent.category.LAUNCHER -f 0x10200000'
2019-04-21 12:55:53:610 - info: [debug] [ADB] Waiting up to 20000ms for activity matching pkg: 'com.cy.patrol' and activity: 'com.cy.patrol.act.LoginAct' to be focused
2019-04-21 12:55:53:611 - info: [debug] [ADB] Possible activities, to be checked: 'com.cy.patrol.act.LoginAct', 'com.cy.patrol.com.cy.patrol.act.LoginAct'
2019-04-21 12:55:53:615 - info: [debug] [ADB] Getting focused package and activity
2019-04-21 12:55:53:617 - info: [debug] [ADB] Running 'E:\sdk\platform-tools\adb.exe -P 5037 -s 2116ca98 shell dumpsys window windows'
2019-04-21 12:55:53:741 - info: [debug] [ADB] Found package: 'com.cy.patrol' and fully qualified activity name : 'com.cy.patrol.act.LoginAct'
2019-04-21 12:55:53:743 - info: [debug] [JSONWP Proxy] Proxying [GET /appium/device/pixel_ratio] to [GET http://localhost:8211/wd/hub/session/07b6117c-854b-4dc7-ac60-6009d911691f/appium/device/pixel_ratio] with body: {}
2019-04-21 12:55:53:760 - info: [debug] [JSONWP Proxy] Got response with status 200: "{\"sessionId\":\"07b6117c-854b-4dc7-ac60-6009d911691f\",\"status\":0,\"value\":2.5}"
2019-04-21 12:55:53:762 - info: [debug] [JSONWP Proxy] Proxying [GET /appium/device/system_bars] to [GET http://localhost:8211/wd/hub/session/07b6117c-854b-4dc7-ac60-6009d911691f/appium/device/system_bars] with body: {}
2019-04-21 12:55:53:782 - info: [debug] [JSONWP Proxy] Got response with status 200: "{\"sessionId\":\"07b6117c-854b-4dc7-ac60-6009d911691f\",\"status\":0,\"value\":{\"statusBar\":60}}"
2019-04-21 12:55:53:783 - info: [debug] [JSONWP Proxy] Proxying [GET /window/current/size] to [GET http://localhost:8211/wd/hub/session/07b6117c-854b-4dc7-ac60-6009d911691f/window/current/size] with body: {}
2019-04-21 12:55:53:798 - info: [debug] [JSONWP Proxy] Got response with status 200: "{\"sessionId\":\"07b6117c-854b-4dc7-ac60-6009d911691f\",\"status\":0,\"value\":{\"height\":2070,\"width\":1080}}"
2019-04-21 12:55:53:802 - info: [Appium] New AndroidUiautomator2Driver session created successfully, session 76312594-04e3-41fb-b5b5-b55fe02210cd added to master session list
2019-04-21 12:55:53:804 - info: [debug] [BaseDriver] Event 'newSessionStarted' logged at 1555851353803 (20:55:53 GMT+0800 (中国标准时间))
2019-04-21 12:55:53:807 - info: [debug] [W3C] Responding to client with driver.createSession() result: {"capabilities":{"platform":"LINUX","webStorageEnabled":false,"takesScreenshot":true,"javascriptEnabled":true,"databaseEnabled":false,"networkConnectionEnabled":true,"locationContextEnabled":false,"warnings":{},"desired":{"platformName":"Android","udid":"2116ca98","noReset":true,"unicodeKeyboard":true,"resetKeyboard":true,"appWaitActivity":"com.cy.patrol.act.LoginAct","automationName":"uiautomator2","app":"E:\\work\\appium\\xcry_appium/apk/ryxc.apk","deviceName":"2116ca98"},"platformName":"Android","udid":"2116ca98","noReset":true,"unicodeKeyboard":true,"resetKeyboard":true,"appWaitActivity":"com.cy.patrol.act.LoginAct","automationName":"uiautomator2","app":"E:\\work\\appium\\xcry_appium/apk/ryxc.apk","deviceName":"2116ca98","deviceUDID":"2116ca98","platformVersion":"7.1.1","deviceScreenSize":"1080x2160","deviceScreenDensity":400,"deviceModel":"OS103","deviceManufacturer":"smartisan","deviceApiLevel":25,"appPackage":"com.cy.patrol","pixelRatio":2.5,"statBarHeight":60,"viewportRect":{"left":0,"top":60,"widt...
2019-04-21 12:55:53:817 - info: [HTTP] <-- POST /wd/hub/session 200 16808 ms - 1106
2019-04-21 12:55:53:818 - info: [HTTP] 
2019-04-21 12:55:53:827 - info: [HTTP] --> POST /wd/hub/session/76312594-04e3-41fb-b5b5-b55fe02210cd/element
2019-04-21 12:55:53:828 - info: [HTTP] {"using":"id","sessionId":"76312594-04e3-41fb-b5b5-b55fe02210cd","value":"com.cy.patrol:id/v_mobile"}
2019-04-21 12:55:53:832 - info: [debug] [W3C] Calling AppiumDriver.findElement() with args: ["id","com.cy.patrol:id/v_mobile","76312594-04e3-41fb-b5b5-b55fe02210cd"]
2019-04-21 12:55:53:834 - info: [debug] [BaseDriver] Valid locator strategies for this request: xpath, id, class name, accessibility id, -android uiautomator
2019-04-21 12:55:53:835 - info: [debug] [BaseDriver] Waiting up to 0 ms for condition
2019-04-21 12:55:53:838 - info: [debug] [JSONWP Proxy] Proxying [POST /element] to [POST http://localhost:8211/wd/hub/session/07b6117c-854b-4dc7-ac60-6009d911691f/element] with body: {"strategy":"id","selector":"com.cy.patrol:id/v_mobile","context":"","multiple":false}
2019-04-21 12:55:54:277 - info: [debug] [JSONWP Proxy] Got response with status 200: {"sessionId":"07b6117c-854b-4dc7-ac60-6009d911691f","status":0,"value":{"ELEMENT":"ddd17944-004e-4c12-8d70-26e96295cd91"}}
2019-04-21 12:55:54:282 - info: [debug] [W3C] Responding to client with driver.findElement() result: {"element-6066-11e4-a52e-4f735466cecf":"ddd17944-004e-4c12-8d70-26e96295cd91"}
2019-04-21 12:55:54:287 - info: [HTTP] <-- POST /wd/hub/session/76312594-04e3-41fb-b5b5-b55fe02210cd/element 200 457 ms - 88
2019-04-21 12:55:54:288 - info: [HTTP] 
2019-04-21 12:55:54:295 - info: [HTTP] --> POST /wd/hub/session/76312594-04e3-41fb-b5b5-b55fe02210cd/element/ddd17944-004e-4c12-8d70-26e96295cd91/value
2019-04-21 12:55:54:296 - info: [HTTP] {"text":"shange","sessionId":"76312594-04e3-41fb-b5b5-b55fe02210cd","id":"ddd17944-004e-4c12-8d70-26e96295cd91","value":["s","h","a","n","g","e"]}
2019-04-21 12:55:54:299 - info: [debug] [W3C] Calling AppiumDriver.setValue() with args: [["s","h","a","n","g","e"],"ddd17944-004e-4c12-8d70-26e96295cd91","76312594-04e3-41fb-b5b5-b55fe02210cd"]
2019-04-21 12:55:54:303 - info: [debug] [JSONWP Proxy] Proxying [POST /element/ddd17944-004e-4c12-8d70-26e96295cd91/value] to [POST http://localhost:8211/wd/hub/session/07b6117c-854b-4dc7-ac60-6009d911691f/element/ddd17944-004e-4c12-8d70-26e96295cd91/value] with body: {"elementId":"ddd17944-004e-4c12-8d70-26e96295cd91","text":"shange","replace":false,"unicodeKeyboard":true}
2019-04-21 12:55:54:872 - info: [debug] [JSONWP Proxy] Got response with status 200: {"sessionId":"07b6117c-854b-4dc7-ac60-6009d911691f","status":0,"value":""}
2019-04-21 12:55:54:873 - info: [debug] [W3C] Responding to client with driver.setValue() result: ""
2019-04-21 12:55:54:875 - info: [HTTP] <-- POST /wd/hub/session/76312594-04e3-41fb-b5b5-b55fe02210cd/element/ddd17944-004e-4c12-8d70-26e96295cd91/value 200 580 ms - 12
2019-04-21 12:55:54:877 - info: [HTTP] 
2019-04-21 12:55:54:881 - info: [HTTP] --> POST /wd/hub/session/76312594-04e3-41fb-b5b5-b55fe02210cd/element
2019-04-21 12:55:54:882 - info: [HTTP] {"using":"id","sessionId":"76312594-04e3-41fb-b5b5-b55fe02210cd","value":"com.cy.patrol:id/v_pwd"}
2019-04-21 12:55:54:888 - info: [debug] [W3C] Calling AppiumDriver.findElement() with args: ["id","com.cy.patrol:id/v_pwd","76312594-04e3-41fb-b5b5-b55fe02210cd"]
2019-04-21 12:55:54:892 - info: [debug] [BaseDriver] Valid locator strategies for this request: xpath, id, class name, accessibility id, -android uiautomator
2019-04-21 12:55:54:893 - info: [debug] [BaseDriver] Waiting up to 0 ms for condition
2019-04-21 12:55:54:895 - info: [debug] [JSONWP Proxy] Proxying [POST /element] to [POST http://localhost:8211/wd/hub/session/07b6117c-854b-4dc7-ac60-6009d911691f/element] with body: {"strategy":"id","selector":"com.cy.patrol:id/v_pwd","context":"","multiple":false}
2019-04-21 12:55:55:401 - info: [debug] [JSONWP Proxy] Got response with status 200: {"sessionId":"07b6117c-854b-4dc7-ac60-6009d911691f","status":0,"value":{"ELEMENT":"34d716d5-0ce3-4d94-b08a-abd0e6e519ff"}}
2019-04-21 12:55:55:404 - info: [debug] [W3C] Responding to client with driver.findElement() result: {"element-6066-11e4-a52e-4f735466cecf":"34d716d5-0ce3-4d94-b08a-abd0e6e519ff"}
2019-04-21 12:55:55:406 - info: [HTTP] <-- POST /wd/hub/session/76312594-04e3-41fb-b5b5-b55fe02210cd/element 200 525 ms - 88
2019-04-21 12:55:55:406 - info: [HTTP] 
2019-04-21 12:55:55:415 - info: [HTTP] --> POST /wd/hub/session/76312594-04e3-41fb-b5b5-b55fe02210cd/element/34d716d5-0ce3-4d94-b08a-abd0e6e519ff/value
2019-04-21 12:55:55:416 - info: [HTTP] {"text":"123456","sessionId":"76312594-04e3-41fb-b5b5-b55fe02210cd","id":"34d716d5-0ce3-4d94-b08a-abd0e6e519ff","value":["1","2","3","4","5","6"]}
2019-04-21 12:55:55:418 - info: [debug] [W3C] Calling AppiumDriver.setValue() with args: [["1","2","3","4","5","6"],"34d716d5-0ce3-4d94-b08a-abd0e6e519ff","76312594-04e3-41fb-b5b5-b55fe02210cd"]
2019-04-21 12:55:55:419 - info: [debug] [JSONWP Proxy] Proxying [POST /element/34d716d5-0ce3-4d94-b08a-abd0e6e519ff/value] to [POST http://localhost:8211/wd/hub/session/07b6117c-854b-4dc7-ac60-6009d911691f/element/34d716d5-0ce3-4d94-b08a-abd0e6e519ff/value] with body: {"elementId":"34d716d5-0ce3-4d94-b08a-abd0e6e519ff","text":"123456","replace":false,"unicodeKeyboard":true}
2019-04-21 12:55:56:355 - info: [debug] [JSONWP Proxy] Got response with status 200: {"sessionId":"07b6117c-854b-4dc7-ac60-6009d911691f","status":0,"value":""}
2019-04-21 12:55:56:359 - info: [debug] [W3C] Responding to client with driver.setValue() result: ""
2019-04-21 12:55:56:361 - info: [HTTP] <-- POST /wd/hub/session/76312594-04e3-41fb-b5b5-b55fe02210cd/element/34d716d5-0ce3-4d94-b08a-abd0e6e519ff/value 200 945 ms - 12
2019-04-21 12:55:56:362 - info: [HTTP] 
2019-04-21 12:55:56:368 - info: [HTTP] --> POST /wd/hub/session/76312594-04e3-41fb-b5b5-b55fe02210cd/element
2019-04-21 12:55:56:369 - info: [HTTP] {"using":"id","sessionId":"76312594-04e3-41fb-b5b5-b55fe02210cd","value":"com.cy.patrol:id/l_login"}
2019-04-21 12:55:56:370 - info: [debug] [W3C] Calling AppiumDriver.findElement() with args: ["id","com.cy.patrol:id/l_login","76312594-04e3-41fb-b5b5-b55fe02210cd"]
2019-04-21 12:55:56:373 - info: [debug] [BaseDriver] Valid locator strategies for this request: xpath, id, class name, accessibility id, -android uiautomator
2019-04-21 12:55:56:374 - info: [debug] [BaseDriver] Waiting up to 0 ms for condition
2019-04-21 12:55:56:375 - info: [debug] [JSONWP Proxy] Proxying [POST /element] to [POST http://localhost:8211/wd/hub/session/07b6117c-854b-4dc7-ac60-6009d911691f/element] with body: {"strategy":"id","selector":"com.cy.patrol:id/l_login","context":"","multiple":false}
2019-04-21 12:55:56:925 - info: [debug] [JSONWP Proxy] Got response with status 200: {"sessionId":"07b6117c-854b-4dc7-ac60-6009d911691f","status":0,"value":{"ELEMENT":"7e205a10-c26a-4bdd-9bc7-d483b4053fcc"}}
2019-04-21 12:55:56:934 - info: [debug] [W3C] Responding to client with driver.findElement() result: {"element-6066-11e4-a52e-4f735466cecf":"7e205a10-c26a-4bdd-9bc7-d483b4053fcc"}
2019-04-21 12:55:56:935 - info: [HTTP] <-- POST /wd/hub/session/76312594-04e3-41fb-b5b5-b55fe02210cd/element 200 567 ms - 88
2019-04-21 12:55:56:935 - info: [HTTP] 
2019-04-21 12:55:56:938 - info: [HTTP] --> POST /wd/hub/session/76312594-04e3-41fb-b5b5-b55fe02210cd/element/7e205a10-c26a-4bdd-9bc7-d483b4053fcc/click
2019-04-21 12:55:56:938 - info: [HTTP] {"sessionId":"76312594-04e3-41fb-b5b5-b55fe02210cd","id":"7e205a10-c26a-4bdd-9bc7-d483b4053fcc"}
2019-04-21 12:55:56:939 - info: [debug] [W3C] Calling AppiumDriver.click() with args: ["7e205a10-c26a-4bdd-9bc7-d483b4053fcc","76312594-04e3-41fb-b5b5-b55fe02210cd"]
2019-04-21 12:55:56:939 - info: [debug] [JSONWP Proxy] Proxying [POST /element/7e205a10-c26a-4bdd-9bc7-d483b4053fcc/click] to [POST http://localhost:8211/wd/hub/session/07b6117c-854b-4dc7-ac60-6009d911691f/element/7e205a10-c26a-4bdd-9bc7-d483b4053fcc/click] with body: {"element":"7e205a10-c26a-4bdd-9bc7-d483b4053fcc"}
2019-04-21 12:55:58:351 - info: [debug] [JSONWP Proxy] Got response with status 200: {"sessionId":"07b6117c-854b-4dc7-ac60-6009d911691f","status":0,"value":true}
2019-04-21 12:55:58:354 - info: [debug] [W3C] Responding to client with driver.click() result: true
2019-04-21 12:55:58:357 - info: [HTTP] <-- POST /wd/hub/session/76312594-04e3-41fb-b5b5-b55fe02210cd/element/7e205a10-c26a-4bdd-9bc7-d483b4053fcc/click 200 1417 ms - 14
2019-04-21 12:55:58:358 - info: [HTTP] 
2019-04-21 12:55:58:365 - info: [HTTP] --> POST /wd/hub/session/76312594-04e3-41fb-b5b5-b55fe02210cd/element
2019-04-21 12:55:58:366 - info: [HTTP] {"using":"id","sessionId":"76312594-04e3-41fb-b5b5-b55fe02210cd","value":"com.cy.patrol:id/v_title"}
2019-04-21 12:55:58:367 - info: [debug] [W3C] Calling AppiumDriver.findElement() with args: ["id","com.cy.patrol:id/v_title","76312594-04e3-41fb-b5b5-b55fe02210cd"]
2019-04-21 12:55:58:369 - info: [debug] [BaseDriver] Valid locator strategies for this request: xpath, id, class name, accessibility id, -android uiautomator
2019-04-21 12:55:58:369 - info: [debug] [BaseDriver] Waiting up to 0 ms for condition
2019-04-21 12:55:58:370 - info: [debug] [JSONWP Proxy] Proxying [POST /element] to [POST http://localhost:8211/wd/hub/session/07b6117c-854b-4dc7-ac60-6009d911691f/element] with body: {"strategy":"id","selector":"com.cy.patrol:id/v_title","context":"","multiple":false}
2019-04-21 12:55:58:421 - info: [debug] [JSONWP Proxy] Got response with status 200: {"sessionId":"07b6117c-854b-4dc7-ac60-6009d911691f","status":0,"value":{"ELEMENT":"34962515-8498-4548-8979-e8076a89297a"}}
2019-04-21 12:55:58:423 - info: [debug] [W3C] Responding to client with driver.findElement() result: {"element-6066-11e4-a52e-4f735466cecf":"34962515-8498-4548-8979-e8076a89297a"}
2019-04-21 12:55:58:428 - info: [HTTP] <-- POST /wd/hub/session/76312594-04e3-41fb-b5b5-b55fe02210cd/element 200 61 ms - 88
2019-04-21 12:55:58:429 - info: [HTTP] 
2019-04-21 12:55:58:438 - info: [HTTP] --> GET /wd/hub/session/76312594-04e3-41fb-b5b5-b55fe02210cd/element/34962515-8498-4548-8979-e8076a89297a/displayed
2019-04-21 12:55:58:439 - info: [HTTP] {}
2019-04-21 12:55:58:441 - info: [debug] [W3C] Calling AppiumDriver.elementDisplayed() with args: ["34962515-8498-4548-8979-e8076a89297a","76312594-04e3-41fb-b5b5-b55fe02210cd"]
2019-04-21 12:55:58:444 - info: [debug] [JSONWP Proxy] Proxying [GET /element/34962515-8498-4548-8979-e8076a89297a/attribute/displayed] to [GET http://localhost:8211/wd/hub/session/07b6117c-854b-4dc7-ac60-6009d911691f/element/34962515-8498-4548-8979-e8076a89297a/attribute/displayed] with body: {}
2019-04-21 12:55:58:481 - info: [debug] [JSONWP Proxy] Got response with status 200: "{\"sessionId\":\"07b6117c-854b-4dc7-ac60-6009d911691f\",\"status\":0,\"value\":\"true\"}"
2019-04-21 12:55:58:482 - info: [debug] [W3C] Responding to client with driver.elementDisplayed() result: true
2019-04-21 12:55:58:484 - info: [HTTP] <-- GET /wd/hub/session/76312594-04e3-41fb-b5b5-b55fe02210cd/element/34962515-8498-4548-8979-e8076a89297a/displayed 200 46 ms - 14
2019-04-21 12:55:58:485 - info: [HTTP] 
2019-04-21 12:56:58:512 - warn: [BaseDriver] Shutting down because we waited 60 seconds for a command
2019-04-21 12:56:58:515 - info: [debug] [UiAutomator2] Deleting UiAutomator2 session
2019-04-21 12:56:58:518 - info: [debug] [UiAutomator2] Deleting UiAutomator2 server session
2019-04-21 12:56:58:518 - info: [debug] [JSONWP Proxy] Proxying [DELETE /] to [DELETE http://localhost:8211/wd/hub/session/07b6117c-854b-4dc7-ac60-6009d911691f] with no body
2019-04-21 12:56:58:521 - warn: [Appium] Closing session, cause was 'New Command Timeout of 60 seconds expired. Try customizing the timeout using the 'newCommandTimeout' desired capability'
2019-04-21 12:56:58:521 - info: [Appium] Removing session 76312594-04e3-41fb-b5b5-b55fe02210cd from our master session list
2019-04-21 12:56:58:542 - info: [debug] [JSONWP Proxy] Got response with status 200: "{\"sessionId\":\"07b6117c-854b-4dc7-ac60-6009d911691f\",\"status\":0,\"value\":\"Session deleted\"}"
2019-04-21 12:56:58:544 - info: [debug] [UiAutomator2] Resetting IME to 'io.appium.android.ime/.UnicodeIME'
2019-04-21 12:56:58:547 - info: [debug] [ADB] Running 'E:\sdk\platform-tools\adb.exe -P 5037 -s 2116ca98 shell ime set io.appium.android.ime/.UnicodeIME'
2019-04-21 12:56:59:117 - info: [debug] [ADB] Running 'E:\sdk\platform-tools\adb.exe -P 5037 -s 2116ca98 shell am force-stop com.cy.patrol'
2019-04-21 12:56:59:678 - info: [debug] [UiAutomator2] [UIAutomator2] io.appium.uiautomator2.server.test.AppiumUiAutomator2Server:.
2019-04-21 12:56:59:681 - info: [debug] [UiAutomator2] [UIAutomator2] Time: 69.057
2019-04-21 12:56:59:682 - info: [debug] [UiAutomator2] [UIAutomator2] OK (1 test)
2019-04-21 12:56:59:729 - info: [debug] [Logcat] Stopping logcat capture
2019-04-21 12:56:59:743 - info: [debug] [ADB] Removing forwarded port socket connection: 8211 
2019-04-21 12:56:59:744 - info: [debug] [ADB] Running 'E:\sdk\platform-tools\adb.exe -P 5037 -s 2116ca98 forward --remove tcp\:8211'
