2019-04-21 10:56:32:290 - warn: [Appium] Appium support for versions of node < 8 has been deprecated and will be removed in a future version. Please upgrade!
2019-04-21 10:56:32:303 - info: [Appium] Welcome to Appium v1.8.1
2019-04-21 10:56:32:304 - info: [Appium] Non-default server args:
2019-04-21 10:56:32:305 - info: [Appium]   port: 4701
2019-04-21 10:56:32:305 - info: [Appium]   bootstrapPort: 4900
2019-04-21 10:56:32:305 - info: [Appium]   sessionOverride: true
2019-04-21 10:56:32:305 - info: [Appium]   log: D:/pythonProgram/Appium27/log/2116ca982019-04-21-18_56_29.log
2019-04-21 10:56:32:305 - info: [Appium]   udid: 2116ca98
2019-04-21 10:56:32:305 - info: [Appium]   noReset: true
2019-04-21 10:56:32:306 - warn: [Appium] Deprecated server args:
2019-04-21 10:56:32:306 - warn: [Appium]   -U,--udid => --default-capabilities '{"udid":"2116ca98"}'
2019-04-21 10:56:32:306 - warn: [Appium]   --no-reset => --default-capabilities '{"noReset":true}'
2019-04-21 10:56:32:306 - info: [Appium] Default capabilities, which will be added to each request unless overridden by desired capabilities:
2019-04-21 10:56:32:306 - info: [Appium]   udid: 2116ca98
2019-04-21 10:56:32:307 - info: [Appium]   noReset: true
2019-04-21 10:56:32:343 - info: [Appium] Appium REST http interface listener started on 0.0.0.0:4701
2019-04-21 10:56:50:406 - info: [HTTP] --> POST /wd/hub/session
2019-04-21 10:56:50:407 - info: [HTTP] {"capabilities":{"firstMatch":[{"appium:unicodeKeyboard":true,"appium:resetKeyboard":true,"appium:appWaitActivity":"com.cy.patrol.act.LoginAct","appium:automationName":"uiautomator2","appium:app":"E:\\work\\appium\\xcry_appium/apk/ryxc.apk","appium:deviceName":"2116ca98","platformName":"Android"}]},"desiredCapabilities":{"deviceName":"2116ca98","unicodeKeyboard":true,"app":"E:\\work\\appium\\xcry_appium/apk/ryxc.apk","appWaitActivity":"com.cy.patrol.act.LoginAct","resetKeyboard":true,"platformName":"Android","automationName":"uiautomator2"}}
2019-04-21 10:56:50:409 - info: [debug] [MJSONWP] Calling AppiumDriver.createSession() with args: [{"deviceName":"2116ca98","unicodeKeyboard":true,"app":"E:\\work\\appium\\xcry_appium/apk/ryxc.apk","appWaitActivity":"com.cy.patrol.act.LoginAct","resetKeyboard":true,"platformName":"Android","automationName":"uiautomator2"},null,{"firstMatch":[{"appium:unicodeKeyboard":true,"appium:resetKeyboard":true,"appium:appWaitActivity":"com.cy.patrol.act.LoginAct","appium:automationName":"uiautomator2","appium:app":"E:\\work\\appium\\xcry_appium/apk/ryxc.apk","appium:deviceName":"2116ca98","platformName":"Android"}]}]
2019-04-21 10:56:50:410 - info: [debug] [BaseDriver] Event 'newSessionRequested' logged at 1555844210410 (18:56:50 GMT+0800 (中国标准时间))
2019-04-21 10:56:50:413 - warn: [BaseDriver] The capabilities ["udid","noReset"] are not standard capabilities and should have an extension prefix
2019-04-21 10:56:50:417 - info: [Appium] Creating new AndroidUiautomator2Driver (v1.12.0) session
2019-04-21 10:56:50:418 - info: [Appium] Capabilities:
2019-04-21 10:56:50:418 - info: [Appium]   udid: 2116ca98
2019-04-21 10:56:50:418 - info: [Appium]   noReset: true
2019-04-21 10:56:50:418 - info: [Appium]   platformName: Android
2019-04-21 10:56:50:418 - info: [Appium]   unicodeKeyboard: true
2019-04-21 10:56:50:418 - info: [Appium]   resetKeyboard: true
2019-04-21 10:56:50:418 - info: [Appium]   appWaitActivity: com.cy.patrol.act.LoginAct
2019-04-21 10:56:50:418 - info: [Appium]   automationName: uiautomator2
2019-04-21 10:56:50:418 - info: [Appium]   app: E:\work\appium\xcry_appium/apk/ryxc.apk
2019-04-21 10:56:50:419 - info: [Appium]   deviceName: 2116ca98
2019-04-21 10:56:50:423 - info: [debug] [BaseDriver] W3C capabilities {"alwaysMatch":{"appium:udi... and MJSONWP desired capabilities [object Object] were provided
2019-04-21 10:56:50:423 - info: [debug] [BaseDriver] Creating session with W3C capabilities: {"alwaysMatch":{"appium:udi...
2019-04-21 10:56:50:435 - info: [BaseDriver] Session created with session id: 9b31590d-1aa5-4f91-b187-53066ac57ff7
2019-04-21 10:56:50:439 - info: [BaseDriver] Using local app 'E:\work\appium\xcry_appium/apk/ryxc.apk'
2019-04-21 10:56:50:439 - info: [debug] [UiAutomator2] Checking whether app is actually present
2019-04-21 10:56:50:844 - info: [debug] [AndroidDriver] Getting Java version
2019-04-21 10:56:50:947 - info: [AndroidDriver] Java version is: 1.8.0_151
2019-04-21 10:56:50:950 - info: [ADB] Checking whether adb is present
2019-04-21 10:56:50:956 - info: [ADB] Found 1 'build-tools' folders under 'E:\sdk' (newest first):
2019-04-21 10:56:50:956 - info: [ADB]     E:/sdk/build-tools/android-4.3
2019-04-21 10:56:50:956 - info: [ADB] Using adb.exe from E:\sdk\platform-tools\adb.exe
2019-04-21 10:56:50:957 - info: [AndroidDriver] Retrieving device list
2019-04-21 10:56:50:957 - info: [debug] [ADB] Trying to find a connected android device
2019-04-21 10:56:50:958 - info: [debug] [ADB] Getting connected devices...
2019-04-21 10:56:50:979 - info: [debug] [ADB] 1 device(s) connected
2019-04-21 10:56:50:980 - info: [AndroidDriver] Using device: 2116ca98
2019-04-21 10:56:50:981 - info: [debug] [ADB] Setting device id to 2116ca98
2019-04-21 10:56:50:983 - info: [debug] [ADB] Running 'E:\sdk\platform-tools\adb.exe -P 5037 -s 2116ca98 shell getprop ro.build.version.sdk'
2019-04-21 10:56:51:030 - info: [debug] [ADB] Current device property 'ro.build.version.sdk': 25
2019-04-21 10:56:51:030 - info: [debug] [ADB] Device API level: 25
2019-04-21 10:56:51:031 - info: [debug] [AndroidDriver] Parsing package and activity from app manifest
2019-04-21 10:56:51:034 - info: [ADB] Using the alternative activity name detection method because of: Could not find apkanalyzer.bat in E:\sdk\platform-tools\apkanalyzer.bat,E:\sdk\emulator\apkanalyzer.bat,E:\sdk\tools\apkanalyzer.bat,E:\sdk\tools\bin\apkanalyzer.bat,E:\sdk\build-tools\android-4.3\apkanalyzer.bat. Do you have the Android SDK installed at 'E:\sdk'?
2019-04-21 10:56:51:034 - info: [ADB] Checking whether aapt is present
2019-04-21 10:56:51:035 - info: [ADB] Using aapt.exe from E:\sdk\tools\aapt.exe
2019-04-21 10:56:51:035 - info: [ADB] Extracting package and launch activity from manifest
2019-04-21 10:56:51:055 - info: [ADB] Package name: 'com.cy.patrol'
2019-04-21 10:56:51:055 - info: [ADB] Main activity name: 'com.cy.patrol.act.LoadingAct'
2019-04-21 10:56:51:055 - info: [debug] [AndroidDriver] Parsed package and activity are: com.cy.patrol/com.cy.patrol.act.LoadingAct
2019-04-21 10:56:51:057 - info: [ADB] Getting device platform version
2019-04-21 10:56:51:057 - info: [debug] [ADB] Running 'E:\sdk\platform-tools\adb.exe -P 5037 -s 2116ca98 shell getprop ro.build.version.release'
2019-04-21 10:56:51:098 - info: [debug] [ADB] Current device property 'ro.build.version.release': 7.1.1
2019-04-21 10:56:51:099 - info: [debug] [ADB] Running 'E:\sdk\platform-tools\adb.exe -P 5037 -s 2116ca98 shell wm size'
2019-04-21 10:56:51:616 - info: [debug] [ADB] Running 'E:\sdk\platform-tools\adb.exe -P 5037 -s 2116ca98 shell wm density'
2019-04-21 10:56:52:130 - info: [debug] [ADB] Running 'E:\sdk\platform-tools\adb.exe -P 5037 -s 2116ca98 shell getprop ro.product.model'
2019-04-21 10:56:52:183 - info: [debug] [ADB] Current device property 'ro.product.model': OS103
2019-04-21 10:56:52:184 - info: [debug] [ADB] Running 'E:\sdk\platform-tools\adb.exe -P 5037 -s 2116ca98 shell getprop ro.product.manufacturer'
2019-04-21 10:56:52:224 - info: [debug] [ADB] Current device property 'ro.product.manufacturer': smartisan
2019-04-21 10:56:52:225 - info: [debug] [ADB] Device API level: 25
2019-04-21 10:56:52:226 - info: [debug] [ADB] Running 'E:\sdk\platform-tools\adb.exe -P 5037 -s 2116ca98 shell am force-stop io.appium.uiautomator2.server'
2019-04-21 10:56:52:755 - info: [debug] [ADB] Checking app cert for C:\Users\30280\AppData\Roaming\npm\node_modules\appium\node_modules\appium-uiautomator2-server\apks\appium-uiautomator2-server-v1.12.0.apk
2019-04-21 10:56:52:763 - warn: [ADB] Cannot use apksigner tool for signature verification. Defaulting to verify.jar. Original error: Could not find apksigner.bat in E:\sdk\platform-tools\apksigner.bat,E:\sdk\emulator\apksigner.bat,E:\sdk\tools\apksigner.bat,E:\sdk\tools\bin\apksigner.bat,E:\sdk\build-tools\android-4.3\apksigner.bat. Do you have the Android SDK installed at 'E:\sdk'?
2019-04-21 10:56:53:039 - info: [debug] [ADB] 'C:\Users\30280\AppData\Roaming\npm\node_modules\appium\node_modules\appium-uiautomator2-server\apks\appium-uiautomator2-server-v1.12.0.apk' is already signed.
2019-04-21 10:56:53:039 - info: [debug] [ADB] Checking app cert for C:\Users\30280\AppData\Roaming\npm\node_modules\appium\node_modules\appium-uiautomator2-server\apks\appium-uiautomator2-server-debug-androidTest.apk
2019-04-21 10:56:53:040 - warn: [ADB] Cannot use apksigner tool for signature verification. Defaulting to verify.jar. Original error: Could not find apksigner.bat in E:\sdk\platform-tools\apksigner.bat,E:\sdk\emulator\apksigner.bat,E:\sdk\tools\apksigner.bat,E:\sdk\tools\bin\apksigner.bat,E:\sdk\build-tools\android-4.3\apksigner.bat. Do you have the Android SDK installed at 'E:\sdk'?
2019-04-21 10:56:53:335 - info: [debug] [ADB] 'C:\Users\30280\AppData\Roaming\npm\node_modules\appium\node_modules\appium-uiautomator2-server\apks\appium-uiautomator2-server-debug-androidTest.apk' is already signed.
2019-04-21 10:56:53:336 - info: [debug] [ADB] Getting install status for io.appium.uiautomator2.server
2019-04-21 10:56:53:337 - info: [debug] [ADB] Running 'E:\sdk\platform-tools\adb.exe -P 5037 -s 2116ca98 shell pm list packages io.appium.uiautomator2.server'
2019-04-21 10:56:53:852 - info: [debug] [ADB] App is installed
2019-04-21 10:56:53:854 - info: [debug] [ADB] Getting package info for 'io.appium.uiautomator2.server'
2019-04-21 10:56:53:855 - info: [debug] [ADB] Running 'E:\sdk\platform-tools\adb.exe -P 5037 -s 2116ca98 shell dumpsys package io.appium.uiautomator2.server'
2019-04-21 10:56:53:986 - info: [debug] [ADB] The installed 'io.appium.uiautomator2.server' package does not require upgrade ('1.12.0' >= '1.12.0')
2019-04-21 10:56:53:988 - info: [debug] [ADB] Getting install status for io.appium.uiautomator2.server.test
2019-04-21 10:56:53:989 - info: [debug] [ADB] Running 'E:\sdk\platform-tools\adb.exe -P 5037 -s 2116ca98 shell pm list packages io.appium.uiautomator2.server.test'
2019-04-21 10:56:54:518 - info: [debug] [ADB] App is installed
2019-04-21 10:56:54:522 - info: [debug] [ADB] Getting package info for 'io.appium.uiautomator2.server.test'
2019-04-21 10:56:54:522 - info: [debug] [ADB] Running 'E:\sdk\platform-tools\adb.exe -P 5037 -s 2116ca98 shell dumpsys package io.appium.uiautomator2.server.test'
2019-04-21 10:56:54:663 - warn: [ADB] Cannot read version codes of 'C:\Users\30280\AppData\Roaming\npm\node_modules\appium\node_modules\appium-uiautomator2-server\apks\appium-uiautomator2-server-debug-androidTest.apk' and/or 'io.appium.uiautomator2.server.test'
2019-04-21 10:56:54:664 - warn: [ADB] Cannot read version names of 'C:\Users\30280\AppData\Roaming\npm\node_modules\appium\node_modules\appium-uiautomator2-server\apks\appium-uiautomator2-server-debug-androidTest.apk' and/or 'io.appium.uiautomator2.server.test'. Assuming correct app version is already installed
2019-04-21 10:56:54:665 - info: [debug] [UiAutomator2] Waiting up to 20000ms for instrumentation 'io.appium.uiautomator2.server.test/android.support.test.runner.AndroidJUnitRunner' to be available
2019-04-21 10:56:54:670 - info: [debug] [ADB] Running 'E:\sdk\platform-tools\adb.exe -P 5037 -s 2116ca98 shell pm list instrumentation'
2019-04-21 10:56:55:201 - info: [debug] [UiAutomator2] Instrumentation 'io.appium.uiautomator2.server.test/android.support.test.runner.AndroidJUnitRunner' available
2019-04-21 10:56:55:202 - info: [debug] [ADB] Running 'E:\sdk\platform-tools\adb.exe -P 5037 -s 2116ca98 wait-for-device'
2019-04-21 10:56:55:231 - info: [debug] [ADB] Running 'E:\sdk\platform-tools\adb.exe -P 5037 -s 2116ca98 shell echo ping'
2019-04-21 10:56:55:284 - info: [debug] [AndroidDriver] Pushing settings apk to device...
2019-04-21 10:56:55:285 - info: [debug] [ADB] Getting install status for io.appium.settings
2019-04-21 10:56:55:285 - info: [debug] [ADB] Running 'E:\sdk\platform-tools\adb.exe -P 5037 -s 2116ca98 shell pm list packages io.appium.settings'
2019-04-21 10:56:55:802 - info: [debug] [ADB] App is installed
2019-04-21 10:56:55:803 - info: [debug] [ADB] Getting package info for 'io.appium.settings'
2019-04-21 10:56:55:804 - info: [debug] [ADB] Running 'E:\sdk\platform-tools\adb.exe -P 5037 -s 2116ca98 shell dumpsys package io.appium.settings'
2019-04-21 10:56:55:959 - info: [debug] [ADB] The installed 'io.appium.settings' package does not require upgrade (13 > 5)
2019-04-21 10:56:55:962 - info: [debug] [ADB] Running 'E:\sdk\platform-tools\adb.exe -P 5037 -s 2116ca98 shell ps'
2019-04-21 10:56:56:090 - info: [debug] [AndroidDriver] io.appium.settings is already running. There is no need to reset its permissions.
2019-04-21 10:56:56:091 - info: [debug] [ADB] Device API level: 25
2019-04-21 10:56:56:093 - info: [debug] [ADB] Running 'E:\sdk\platform-tools\adb.exe -P 5037 -s 2116ca98 shell appops set io.appium.settings android\:mock_location allow'
2019-04-21 10:56:56:159 - warn: [AndroidDriver] setDeviceLanguageCountry requires language or country.
2019-04-21 10:56:56:160 - warn: [AndroidDriver] Got language: 'null' and country: 'null'
2019-04-21 10:56:56:165 - info: [debug] [Logcat] Starting logcat capture
2019-04-21 10:56:56:236 - info: [debug] [AndroidDriver] Enabling Unicode keyboard support
2019-04-21 10:56:56:236 - info: [debug] [AndroidDriver] Pushing unicode ime to device...
2019-04-21 10:56:56:238 - info: [debug] [ADB] Running 'E:\sdk\platform-tools\adb.exe -P 5037 -s 2116ca98 install C\:\\Users\\30280\\AppData\\Roaming\\npm\\node_modules\\appium\\node_modules\\appium-android-ime\\bin\\UnicodeIME-debug.apk'
2019-04-21 10:56:57:047 - info: [debug] [ADB] Install command stdout: Failure [INSTALL_FAILED_ALREADY_EXISTS: Attempt to re-install io.appium.android.ime without first uninstalling.]
2019-04-21 10:56:57:048 - info: [debug] [ADB] Application 'C:\Users\30280\AppData\Roaming\npm\node_modules\appium\node_modules\appium-android-ime\bin\UnicodeIME-debug.apk' already installed. Continuing.
2019-04-21 10:56:57:049 - info: [debug] [ADB] Running 'E:\sdk\platform-tools\adb.exe -P 5037 -s 2116ca98 shell settings get secure default_input_method'
2019-04-21 10:56:57:589 - info: [debug] [AndroidDriver] Unsetting previous IME io.appium.android.ime/.UnicodeIME
2019-04-21 10:56:57:589 - info: [debug] [AndroidDriver] Setting IME to 'io.appium.android.ime/.UnicodeIME'
2019-04-21 10:56:57:590 - info: [debug] [ADB] Running 'E:\sdk\platform-tools\adb.exe -P 5037 -s 2116ca98 shell ime enable io.appium.android.ime/.UnicodeIME'
2019-04-21 10:56:58:171 - info: [debug] [ADB] Running 'E:\sdk\platform-tools\adb.exe -P 5037 -s 2116ca98 shell ime set io.appium.android.ime/.UnicodeIME'
2019-04-21 10:56:58:730 - info: [debug] [AndroidDriver] Pushing unlock helper app to device...
2019-04-21 10:56:58:730 - info: [debug] [ADB] Getting install status for io.appium.unlock
2019-04-21 10:56:58:732 - info: [debug] [ADB] Running 'E:\sdk\platform-tools\adb.exe -P 5037 -s 2116ca98 shell pm list packages io.appium.unlock'
2019-04-21 10:56:59:292 - info: [debug] [ADB] App is installed
2019-04-21 10:56:59:293 - info: [debug] [ADB] Getting package info for 'io.appium.unlock'
2019-04-21 10:56:59:294 - info: [debug] [ADB] Running 'E:\sdk\platform-tools\adb.exe -P 5037 -s 2116ca98 shell dumpsys package io.appium.unlock'
2019-04-21 10:56:59:413 - info: [debug] [ADB] The installed 'io.appium.unlock' package does not require upgrade ('2.0.0' >= '2.0.0')
2019-04-21 10:56:59:414 - info: [debug] [UiAutomator2] Forwarding UiAutomator2 Server port 6790 to 8204
2019-04-21 10:56:59:414 - info: [debug] [ADB] Forwarding system: 8204 to device: 6790
2019-04-21 10:56:59:415 - info: [debug] [ADB] Running 'E:\sdk\platform-tools\adb.exe -P 5037 -s 2116ca98 forward tcp\:8204 tcp\:6790'
2019-04-21 10:56:59:440 - info: [debug] [ADB] Running 'E:\sdk\platform-tools\adb.exe -P 5037 -s 2116ca98 shell rm -rf /data/local/tmp/strings.json'
2019-04-21 10:56:59:487 - info: [debug] [AndroidDriver] Extracting strings from apk
2019-04-21 10:56:59:487 - info: [debug] [AndroidDriver] E:\work\appium\xcry_appium/apk/ryxc.apk
2019-04-21 10:56:59:488 - info: [debug] [AndroidDriver] null
2019-04-21 10:56:59:488 - info: [debug] [AndroidDriver] C:\Users\30280\AppData\Local\Temp\com.cy.patrol
2019-04-21 10:56:59:489 - info: [debug] [ADB] Extracting strings for language: default
2019-04-21 10:56:59:634 - info: [ADB] Successfully extracted 498 strings from 'E:\work\appium\xcry_appium/apk/ryxc.apk' resources for '(default)' configuration
2019-04-21 10:56:59:647 - info: [debug] [ADB] Running 'E:\sdk\platform-tools\adb.exe -P 5037 -s 2116ca98 push C\:\\Users\\30280\\AppData\\Local\\Temp\\com.cy.patrol\\strings.json /data/local/tmp'
2019-04-21 10:56:59:692 - info: [debug] [ADB] Checking app cert for E:\work\appium\xcry_appium/apk/ryxc.apk
2019-04-21 10:56:59:692 - warn: [ADB] Cannot use apksigner tool for signature verification. Defaulting to verify.jar. Original error: Could not find apksigner.bat in E:\sdk\platform-tools\apksigner.bat,E:\sdk\emulator\apksigner.bat,E:\sdk\tools\apksigner.bat,E:\sdk\tools\bin\apksigner.bat,E:\sdk\build-tools\android-4.3\apksigner.bat. Do you have the Android SDK installed at 'E:\sdk'?
2019-04-21 10:57:00:814 - info: [debug] [ADB] 'E:\work\appium\xcry_appium/apk/ryxc.apk' is already signed.
2019-04-21 10:57:00:815 - info: [debug] [ADB] Getting install status for com.cy.patrol
2019-04-21 10:57:00:815 - info: [debug] [ADB] Running 'E:\sdk\platform-tools\adb.exe -P 5037 -s 2116ca98 shell pm list packages com.cy.patrol'
2019-04-21 10:57:01:332 - info: [debug] [ADB] App is not installed
2019-04-21 10:57:01:333 - info: [debug] [ADB] App 'E:\work\appium\xcry_appium/apk/ryxc.apk' not installed. Installing
2019-04-21 10:57:01:335 - info: [debug] [ADB] Running 'E:\sdk\platform-tools\adb.exe -P 5037 -s 2116ca98 install E\:\\work\\appium\\xcry_appium/apk/ryxc.apk'
2019-04-21 10:57:22:345 - info: [debug] [ADB] Install command stdout: Success
2019-04-21 10:57:22:350 - info: [debug] [ADB] Running 'E:\sdk\platform-tools\adb.exe -P 5037 -s 2116ca98 shell am force-stop io.appium.uiautomator2.server'
2019-04-21 10:57:22:972 - info: [UiAutomator2] Starting uiautomator2 server 1.12.0
2019-04-21 10:57:22:974 - info: [UiAutomator2] Using UIAutomator2 server from 'C:\Users\30280\AppData\Roaming\npm\node_modules\appium\node_modules\appium-uiautomator2-server\apks\appium-uiautomator2-server-v1.12.0.apk' and test from 'C:\Users\30280\AppData\Roaming\npm\node_modules\appium\node_modules\appium-uiautomator2-server\apks\appium-uiautomator2-server-debug-androidTest.apk'
2019-04-21 10:57:22:976 - info: [UiAutomator2] Running command: 'adb -s 2116ca98 shell am instrument -w io.appium.uiautomator2.server.test/android.support.test.runner.AndroidJUnitRunner'
2019-04-21 10:57:22:982 - info: [UiAutomator2] Waiting up to 20000ms for UiAutomator2 to be online...
2019-04-21 10:57:22:988 - info: [debug] [JSONWP Proxy] Proxying [GET /status] to [GET http://localhost:8204/wd/hub/status] with no body
2019-04-21 10:57:24:024 - info: [debug] [JSONWP Proxy] Proxying [GET /status] to [GET http://localhost:8204/wd/hub/status] with no body
2019-04-21 10:57:25:042 - info: [debug] [JSONWP Proxy] Proxying [GET /status] to [GET http://localhost:8204/wd/hub/status] with no body
2019-04-21 10:57:26:054 - info: [debug] [JSONWP Proxy] Proxying [GET /status] to [GET http://localhost:8204/wd/hub/status] with no body
2019-04-21 10:57:26:109 - info: [debug] [JSONWP Proxy] Got response with status 200: "{\"sessionId\":\"SESSIONID\",\"status\":0,\"value\":\"Status Invoked\"}"
2019-04-21 10:57:26:110 - info: [debug] [JSONWP Proxy] Proxying [POST /session] to [POST http://localhost:8204/wd/hub/session] with body: {"desiredCapabilities":{"platform":"LINUX","webStorageEnabled":false,"takesScreenshot":true,"javascriptEnabled":true,"databaseEnabled":false,"networkConnectionEnabled":true,"locationContextEnabled":false,"warnings":{},"desired":{"platformName":"Android","udid":"2116ca98","noReset":true,"unicodeKeyboard":true,"resetKeyboard":true,"appWaitActivity":"com.cy.patrol.act.LoginAct","automationName":"uiautomator2","app":"E:\\work\\appium\\xcry_appium/apk/ryxc.apk","deviceName":"2116ca98"},"platformName":"Android","udid":"2116ca98","noReset":true,"unicodeKeyboard":true,"resetKeyboard":true,"appWaitActivity":"com.cy.patrol.act.LoginAct","automationName":"uiautomator2","app":"E:\\work\\appium\\xcry_appium/apk/ryxc.apk","deviceName":"2116ca98","deviceUDID":"2116ca98","platformVersion":"7.1.1","deviceScreenSize":"1080x2160","deviceScreenDensity":400,"deviceModel":"OS103","deviceManufacturer":"smartisan","deviceApiLevel":25,"appPackage":"com.cy.patrol"}}
2019-04-21 10:57:26:136 - info: [debug] [JSONWP Proxy] Got response with status 200: {"sessionId":"f2a6bd34-da30-42f4-913f-695cfb31c78a","status":0,"value":"Created Session"}
2019-04-21 10:57:26:138 - info: [debug] [ADB] Running 'E:\sdk\platform-tools\adb.exe -P 5037 -s 2116ca98 shell dumpsys window'
2019-04-21 10:57:26:237 - info: [AndroidDriver] Screen already unlocked, doing nothing
2019-04-21 10:57:26:238 - info: [UiAutomator2] UiAutomator2 did not start the activity we were waiting for, 'com.cy.patrol/com.cy.patrol.act.LoginAct'. Starting it ourselves
2019-04-21 10:57:26:239 - info: [debug] [ADB] Device API level: 25
2019-04-21 10:57:26:240 - info: [debug] [ADB] Running 'E:\sdk\platform-tools\adb.exe -P 5037 -s 2116ca98 shell am start -W -n com.cy.patrol/com.cy.patrol.act.LoadingAct -S -a android.intent.action.MAIN -c android.intent.category.LAUNCHER -f 0x10200000'
2019-04-21 10:57:27:863 - info: [debug] [ADB] Waiting up to 20000ms for activity matching pkg: 'com.cy.patrol' and activity: 'com.cy.patrol.act.LoginAct' to be focused
2019-04-21 10:57:27:865 - info: [debug] [ADB] Possible activities, to be checked: 'com.cy.patrol.act.LoginAct', 'com.cy.patrol.com.cy.patrol.act.LoginAct'
2019-04-21 10:57:27:867 - info: [debug] [ADB] Getting focused package and activity
2019-04-21 10:57:27:868 - info: [debug] [ADB] Running 'E:\sdk\platform-tools\adb.exe -P 5037 -s 2116ca98 shell dumpsys window windows'
2019-04-21 10:57:27:974 - info: [debug] [ADB] Found package: 'com.cy.patrol' and fully qualified activity name : 'com.cy.patrol.act.LoginAct'
2019-04-21 10:57:27:978 - info: [debug] [JSONWP Proxy] Proxying [GET /appium/device/pixel_ratio] to [GET http://localhost:8204/wd/hub/session/f2a6bd34-da30-42f4-913f-695cfb31c78a/appium/device/pixel_ratio] with body: {}
2019-04-21 10:57:27:996 - info: [debug] [JSONWP Proxy] Got response with status 200: "{\"sessionId\":\"f2a6bd34-da30-42f4-913f-695cfb31c78a\",\"status\":0,\"value\":2.5}"
2019-04-21 10:57:27:997 - info: [debug] [JSONWP Proxy] Proxying [GET /appium/device/system_bars] to [GET http://localhost:8204/wd/hub/session/f2a6bd34-da30-42f4-913f-695cfb31c78a/appium/device/system_bars] with body: {}
2019-04-21 10:57:28:014 - info: [debug] [JSONWP Proxy] Got response with status 200: "{\"sessionId\":\"f2a6bd34-da30-42f4-913f-695cfb31c78a\",\"status\":0,\"value\":{\"statusBar\":60}}"
2019-04-21 10:57:28:014 - info: [debug] [JSONWP Proxy] Proxying [GET /window/current/size] to [GET http://localhost:8204/wd/hub/session/f2a6bd34-da30-42f4-913f-695cfb31c78a/window/current/size] with body: {}
2019-04-21 10:57:28:027 - info: [debug] [JSONWP Proxy] Got response with status 200: "{\"sessionId\":\"f2a6bd34-da30-42f4-913f-695cfb31c78a\",\"status\":0,\"value\":{\"height\":2070,\"width\":1080}}"
2019-04-21 10:57:28:028 - info: [Appium] New AndroidUiautomator2Driver session created successfully, session 9b31590d-1aa5-4f91-b187-53066ac57ff7 added to master session list
2019-04-21 10:57:28:029 - info: [debug] [BaseDriver] Event 'newSessionStarted' logged at 1555844248029 (18:57:28 GMT+0800 (中国标准时间))
2019-04-21 10:57:28:030 - info: [debug] [W3C] Responding to client with driver.createSession() result: {"capabilities":{"platform":"LINUX","webStorageEnabled":false,"takesScreenshot":true,"javascriptEnabled":true,"databaseEnabled":false,"networkConnectionEnabled":true,"locationContextEnabled":false,"warnings":{},"desired":{"platformName":"Android","udid":"2116ca98","noReset":true,"unicodeKeyboard":true,"resetKeyboard":true,"appWaitActivity":"com.cy.patrol.act.LoginAct","automationName":"uiautomator2","app":"E:\\work\\appium\\xcry_appium/apk/ryxc.apk","deviceName":"2116ca98"},"platformName":"Android","udid":"2116ca98","noReset":true,"unicodeKeyboard":true,"resetKeyboard":true,"appWaitActivity":"com.cy.patrol.act.LoginAct","automationName":"uiautomator2","app":"E:\\work\\appium\\xcry_appium/apk/ryxc.apk","deviceName":"2116ca98","deviceUDID":"2116ca98","platformVersion":"7.1.1","deviceScreenSize":"1080x2160","deviceScreenDensity":400,"deviceModel":"OS103","deviceManufacturer":"smartisan","deviceApiLevel":25,"appPackage":"com.cy.patrol","pixelRatio":2.5,"statBarHeight":60,"viewportRect":{"left":0,"top":60,"widt...
2019-04-21 10:57:28:035 - info: [HTTP] <-- POST /wd/hub/session 200 37627 ms - 1106
2019-04-21 10:57:28:035 - info: [HTTP] 
2019-04-21 10:57:28:041 - info: [HTTP] --> POST /wd/hub/session/9b31590d-1aa5-4f91-b187-53066ac57ff7/element
2019-04-21 10:57:28:041 - info: [HTTP] {"using":"id","sessionId":"9b31590d-1aa5-4f91-b187-53066ac57ff7","value":"com.cy.patrol:id/v_mobile"}
2019-04-21 10:57:28:043 - info: [debug] [W3C] Calling AppiumDriver.findElement() with args: ["id","com.cy.patrol:id/v_mobile","9b31590d-1aa5-4f91-b187-53066ac57ff7"]
2019-04-21 10:57:28:045 - info: [debug] [BaseDriver] Valid locator strategies for this request: xpath, id, class name, accessibility id, -android uiautomator
2019-04-21 10:57:28:046 - info: [debug] [BaseDriver] Waiting up to 0 ms for condition
2019-04-21 10:57:28:047 - info: [debug] [JSONWP Proxy] Proxying [POST /element] to [POST http://localhost:8204/wd/hub/session/f2a6bd34-da30-42f4-913f-695cfb31c78a/element] with body: {"strategy":"id","selector":"com.cy.patrol:id/v_mobile","context":"","multiple":false}
2019-04-21 10:57:28:600 - info: [debug] [JSONWP Proxy] Got response with status 200: {"sessionId":"f2a6bd34-da30-42f4-913f-695cfb31c78a","status":0,"value":{"ELEMENT":"003d770e-a170-49e9-8d6e-0b529eee39e3"}}
2019-04-21 10:57:28:604 - info: [debug] [W3C] Responding to client with driver.findElement() result: {"element-6066-11e4-a52e-4f735466cecf":"003d770e-a170-49e9-8d6e-0b529eee39e3"}
2019-04-21 10:57:28:609 - info: [HTTP] <-- POST /wd/hub/session/9b31590d-1aa5-4f91-b187-53066ac57ff7/element 200 566 ms - 88
2019-04-21 10:57:28:610 - info: [HTTP] 
2019-04-21 10:57:28:620 - info: [HTTP] --> POST /wd/hub/session/9b31590d-1aa5-4f91-b187-53066ac57ff7/element/003d770e-a170-49e9-8d6e-0b529eee39e3/value
2019-04-21 10:57:28:621 - info: [HTTP] {"text":"shange","sessionId":"9b31590d-1aa5-4f91-b187-53066ac57ff7","id":"003d770e-a170-49e9-8d6e-0b529eee39e3","value":["s","h","a","n","g","e"]}
2019-04-21 10:57:28:625 - info: [debug] [W3C] Calling AppiumDriver.setValue() with args: [["s","h","a","n","g","e"],"003d770e-a170-49e9-8d6e-0b529eee39e3","9b31590d-1aa5-4f91-b187-53066ac57ff7"]
2019-04-21 10:57:28:629 - info: [debug] [JSONWP Proxy] Proxying [POST /element/003d770e-a170-49e9-8d6e-0b529eee39e3/value] to [POST http://localhost:8204/wd/hub/session/f2a6bd34-da30-42f4-913f-695cfb31c78a/element/003d770e-a170-49e9-8d6e-0b529eee39e3/value] with body: {"elementId":"003d770e-a170-49e9-8d6e-0b529eee39e3","text":"shange","replace":false,"unicodeKeyboard":true}
2019-04-21 10:57:29:194 - info: [debug] [JSONWP Proxy] Got response with status 200: {"sessionId":"f2a6bd34-da30-42f4-913f-695cfb31c78a","status":0,"value":""}
2019-04-21 10:57:29:196 - info: [debug] [W3C] Responding to client with driver.setValue() result: ""
2019-04-21 10:57:29:198 - info: [HTTP] <-- POST /wd/hub/session/9b31590d-1aa5-4f91-b187-53066ac57ff7/element/003d770e-a170-49e9-8d6e-0b529eee39e3/value 200 576 ms - 12
2019-04-21 10:57:29:200 - info: [HTTP] 
2019-04-21 10:57:29:203 - info: [HTTP] --> POST /wd/hub/session/9b31590d-1aa5-4f91-b187-53066ac57ff7/element
2019-04-21 10:57:29:203 - info: [HTTP] {"using":"id","sessionId":"9b31590d-1aa5-4f91-b187-53066ac57ff7","value":"com.cy.patrol:id/v_pwd"}
2019-04-21 10:57:29:206 - info: [debug] [W3C] Calling AppiumDriver.findElement() with args: ["id","com.cy.patrol:id/v_pwd","9b31590d-1aa5-4f91-b187-53066ac57ff7"]
2019-04-21 10:57:29:206 - info: [debug] [BaseDriver] Valid locator strategies for this request: xpath, id, class name, accessibility id, -android uiautomator
2019-04-21 10:57:29:207 - info: [debug] [BaseDriver] Waiting up to 0 ms for condition
2019-04-21 10:57:29:207 - info: [debug] [JSONWP Proxy] Proxying [POST /element] to [POST http://localhost:8204/wd/hub/session/f2a6bd34-da30-42f4-913f-695cfb31c78a/element] with body: {"strategy":"id","selector":"com.cy.patrol:id/v_pwd","context":"","multiple":false}
2019-04-21 10:57:29:723 - info: [debug] [JSONWP Proxy] Got response with status 200: {"sessionId":"f2a6bd34-da30-42f4-913f-695cfb31c78a","status":0,"value":{"ELEMENT":"81714e25-7c15-4e4d-9400-45d25984363a"}}
2019-04-21 10:57:29:727 - info: [debug] [W3C] Responding to client with driver.findElement() result: {"element-6066-11e4-a52e-4f735466cecf":"81714e25-7c15-4e4d-9400-45d25984363a"}
2019-04-21 10:57:29:731 - info: [HTTP] <-- POST /wd/hub/session/9b31590d-1aa5-4f91-b187-53066ac57ff7/element 200 526 ms - 88
2019-04-21 10:57:29:734 - info: [HTTP] 
2019-04-21 10:57:29:741 - info: [HTTP] --> POST /wd/hub/session/9b31590d-1aa5-4f91-b187-53066ac57ff7/element/81714e25-7c15-4e4d-9400-45d25984363a/value
2019-04-21 10:57:29:741 - info: [HTTP] {"text":"123456","sessionId":"9b31590d-1aa5-4f91-b187-53066ac57ff7","id":"81714e25-7c15-4e4d-9400-45d25984363a","value":["1","2","3","4","5","6"]}
2019-04-21 10:57:29:743 - info: [debug] [W3C] Calling AppiumDriver.setValue() with args: [["1","2","3","4","5","6"],"81714e25-7c15-4e4d-9400-45d25984363a","9b31590d-1aa5-4f91-b187-53066ac57ff7"]
2019-04-21 10:57:29:748 - info: [debug] [JSONWP Proxy] Proxying [POST /element/81714e25-7c15-4e4d-9400-45d25984363a/value] to [POST http://localhost:8204/wd/hub/session/f2a6bd34-da30-42f4-913f-695cfb31c78a/element/81714e25-7c15-4e4d-9400-45d25984363a/value] with body: {"elementId":"81714e25-7c15-4e4d-9400-45d25984363a","text":"123456","replace":false,"unicodeKeyboard":true}
2019-04-21 10:57:30:303 - info: [debug] [JSONWP Proxy] Got response with status 200: {"sessionId":"f2a6bd34-da30-42f4-913f-695cfb31c78a","status":0,"value":""}
2019-04-21 10:57:30:306 - info: [debug] [W3C] Responding to client with driver.setValue() result: ""
2019-04-21 10:57:30:306 - info: [HTTP] <-- POST /wd/hub/session/9b31590d-1aa5-4f91-b187-53066ac57ff7/element/81714e25-7c15-4e4d-9400-45d25984363a/value 200 567 ms - 12
2019-04-21 10:57:30:306 - info: [HTTP] 
2019-04-21 10:57:30:307 - info: [HTTP] --> POST /wd/hub/session/9b31590d-1aa5-4f91-b187-53066ac57ff7/element
2019-04-21 10:57:30:309 - info: [HTTP] {"using":"id","sessionId":"9b31590d-1aa5-4f91-b187-53066ac57ff7","value":"com.cy.patrol:id/l_login"}
2019-04-21 10:57:30:309 - info: [debug] [W3C] Calling AppiumDriver.findElement() with args: ["id","com.cy.patrol:id/l_login","9b31590d-1aa5-4f91-b187-53066ac57ff7"]
2019-04-21 10:57:30:309 - info: [debug] [BaseDriver] Valid locator strategies for this request: xpath, id, class name, accessibility id, -android uiautomator
2019-04-21 10:57:30:311 - info: [debug] [BaseDriver] Waiting up to 0 ms for condition
2019-04-21 10:57:30:311 - info: [debug] [JSONWP Proxy] Proxying [POST /element] to [POST http://localhost:8204/wd/hub/session/f2a6bd34-da30-42f4-913f-695cfb31c78a/element] with body: {"strategy":"id","selector":"com.cy.patrol:id/l_login","context":"","multiple":false}
2019-04-21 10:57:30:827 - info: [debug] [JSONWP Proxy] Got response with status 200: {"sessionId":"f2a6bd34-da30-42f4-913f-695cfb31c78a","status":0,"value":{"ELEMENT":"dd278b79-75dd-4b77-84f6-653da3c7640f"}}
2019-04-21 10:57:30:829 - info: [debug] [W3C] Responding to client with driver.findElement() result: {"element-6066-11e4-a52e-4f735466cecf":"dd278b79-75dd-4b77-84f6-653da3c7640f"}
2019-04-21 10:57:30:836 - info: [HTTP] <-- POST /wd/hub/session/9b31590d-1aa5-4f91-b187-53066ac57ff7/element 200 522 ms - 88
2019-04-21 10:57:30:836 - info: [HTTP] 
2019-04-21 10:57:30:841 - info: [HTTP] --> POST /wd/hub/session/9b31590d-1aa5-4f91-b187-53066ac57ff7/element/dd278b79-75dd-4b77-84f6-653da3c7640f/click
2019-04-21 10:57:30:842 - info: [HTTP] {"sessionId":"9b31590d-1aa5-4f91-b187-53066ac57ff7","id":"dd278b79-75dd-4b77-84f6-653da3c7640f"}
2019-04-21 10:57:30:843 - info: [debug] [W3C] Calling AppiumDriver.click() with args: ["dd278b79-75dd-4b77-84f6-653da3c7640f","9b31590d-1aa5-4f91-b187-53066ac57ff7"]
2019-04-21 10:57:30:846 - info: [debug] [JSONWP Proxy] Proxying [POST /element/dd278b79-75dd-4b77-84f6-653da3c7640f/click] to [POST http://localhost:8204/wd/hub/session/f2a6bd34-da30-42f4-913f-695cfb31c78a/element/dd278b79-75dd-4b77-84f6-653da3c7640f/click] with body: {"element":"dd278b79-75dd-4b77-84f6-653da3c7640f"}
2019-04-21 10:57:32:461 - info: [debug] [JSONWP Proxy] Got response with status 200: {"sessionId":"f2a6bd34-da30-42f4-913f-695cfb31c78a","status":0,"value":true}
2019-04-21 10:57:32:463 - info: [debug] [W3C] Responding to client with driver.click() result: true
2019-04-21 10:57:32:466 - info: [HTTP] <-- POST /wd/hub/session/9b31590d-1aa5-4f91-b187-53066ac57ff7/element/dd278b79-75dd-4b77-84f6-653da3c7640f/click 200 1624 ms - 14
2019-04-21 10:57:32:467 - info: [HTTP] 
2019-04-21 10:57:32:474 - info: [HTTP] --> POST /wd/hub/session/9b31590d-1aa5-4f91-b187-53066ac57ff7/element
2019-04-21 10:57:32:475 - info: [HTTP] {"using":"xpath","sessionId":"9b31590d-1aa5-4f91-b187-53066ac57ff7","value":"//*[contains(@text,hahaha)]"}
2019-04-21 10:57:32:478 - info: [debug] [W3C] Calling AppiumDriver.findElement() with args: ["xpath","//*[contains(@text,hahaha)]","9b31590d-1aa5-4f91-b187-53066ac57ff7"]
2019-04-21 10:57:32:480 - info: [debug] [BaseDriver] Valid locator strategies for this request: xpath, id, class name, accessibility id, -android uiautomator
2019-04-21 10:57:32:481 - info: [debug] [BaseDriver] Waiting up to 0 ms for condition
2019-04-21 10:57:32:483 - info: [debug] [JSONWP Proxy] Proxying [POST /element] to [POST http://localhost:8204/wd/hub/session/f2a6bd34-da30-42f4-913f-695cfb31c78a/element] with body: {"strategy":"xpath","selector":"//*[contains(@text,hahaha)]","context":"","multiple":false}
2019-04-21 10:57:32:764 - info: [debug] [JSONWP Proxy] Got response with status 200: {"sessionId":"f2a6bd34-da30-42f4-913f-695cfb31c78a","status":0,"value":{"ELEMENT":"ae05e306-c28f-439b-b4a6-5542939ea9a2"}}
2019-04-21 10:57:32:766 - info: [debug] [W3C] Responding to client with driver.findElement() result: {"element-6066-11e4-a52e-4f735466cecf":"ae05e306-c28f-439b-b4a6-5542939ea9a2"}
2019-04-21 10:57:32:767 - info: [HTTP] <-- POST /wd/hub/session/9b31590d-1aa5-4f91-b187-53066ac57ff7/element 200 294 ms - 88
2019-04-21 10:57:32:767 - info: [HTTP] 
2019-04-21 10:58:32:773 - warn: [BaseDriver] Shutting down because we waited 60 seconds for a command
2019-04-21 10:58:32:779 - info: [debug] [UiAutomator2] Deleting UiAutomator2 session
2019-04-21 10:58:32:785 - info: [debug] [UiAutomator2] Deleting UiAutomator2 server session
2019-04-21 10:58:32:785 - info: [debug] [JSONWP Proxy] Proxying [DELETE /] to [DELETE http://localhost:8204/wd/hub/session/f2a6bd34-da30-42f4-913f-695cfb31c78a] with no body
2019-04-21 10:58:32:790 - warn: [Appium] Closing session, cause was 'New Command Timeout of 60 seconds expired. Try customizing the timeout using the 'newCommandTimeout' desired capability'
2019-04-21 10:58:32:791 - info: [Appium] Removing session 9b31590d-1aa5-4f91-b187-53066ac57ff7 from our master session list
2019-04-21 10:58:32:821 - info: [debug] [JSONWP Proxy] Got response with status 200: "{\"sessionId\":\"f2a6bd34-da30-42f4-913f-695cfb31c78a\",\"status\":0,\"value\":\"Session deleted\"}"
2019-04-21 10:58:32:821 - info: [debug] [UiAutomator2] Resetting IME to 'io.appium.android.ime/.UnicodeIME'
2019-04-21 10:58:32:822 - info: [debug] [ADB] Running 'E:\sdk\platform-tools\adb.exe -P 5037 -s 2116ca98 shell ime set io.appium.android.ime/.UnicodeIME'
2019-04-21 10:58:33:332 - info: [debug] [ADB] Running 'E:\sdk\platform-tools\adb.exe -P 5037 -s 2116ca98 shell am force-stop com.cy.patrol'
2019-04-21 10:58:33:924 - info: [debug] [Logcat] Stopping logcat capture
2019-04-21 10:58:33:938 - info: [debug] [ADB] Removing forwarded port socket connection: 8204 
2019-04-21 10:58:33:941 - info: [debug] [ADB] Running 'E:\sdk\platform-tools\adb.exe -P 5037 -s 2116ca98 forward --remove tcp\:8204'
2019-04-21 10:58:33:983 - info: [debug] [UiAutomator2] [UIAutomator2] io.appium.uiautomator2.server.test.AppiumUiAutomator2Server:.
2019-04-21 10:58:33:984 - info: [debug] [UiAutomator2] [UIAutomator2] Time: 69.036
2019-04-21 10:58:33:984 - info: [debug] [UiAutomator2] [UIAutomator2] OK (1 test)
