2019-04-21 12:26:55:681 - warn: [Appium] Appium support for versions of node < 8 has been deprecated and will be removed in a future version. Please upgrade!
2019-04-21 12:26:55:694 - info: [Appium] Welcome to Appium v1.8.1
2019-04-21 12:26:55:695 - info: [Appium] Non-default server args:
2019-04-21 12:26:55:695 - info: [Appium]   port: 4701
2019-04-21 12:26:55:695 - info: [Appium]   bootstrapPort: 4900
2019-04-21 12:26:55:696 - info: [Appium]   sessionOverride: true
2019-04-21 12:26:55:696 - info: [Appium]   log: D:/pythonProgram/Appium27/log/2116ca982019-04-21-20_26_53.log
2019-04-21 12:26:55:696 - info: [Appium]   udid: 2116ca98
2019-04-21 12:26:55:696 - info: [Appium]   noReset: true
2019-04-21 12:26:55:697 - warn: [Appium] Deprecated server args:
2019-04-21 12:26:55:697 - warn: [Appium]   -U,--udid => --default-capabilities '{"udid":"2116ca98"}'
2019-04-21 12:26:55:697 - warn: [Appium]   --no-reset => --default-capabilities '{"noReset":true}'
2019-04-21 12:26:55:697 - info: [Appium] Default capabilities, which will be added to each request unless overridden by desired capabilities:
2019-04-21 12:26:55:698 - info: [Appium]   udid: 2116ca98
2019-04-21 12:26:55:698 - info: [Appium]   noReset: true
2019-04-21 12:26:55:737 - info: [Appium] Appium REST http interface listener started on 0.0.0.0:4701
2019-04-21 12:27:13:844 - info: [HTTP] --> POST /wd/hub/session
2019-04-21 12:27:13:845 - info: [HTTP] {"capabilities":{"firstMatch":[{"appium:unicodeKeyboard":true,"appium:resetKeyboard":true,"appium:appWaitActivity":"com.cy.patrol.act.LoginAct","appium:automationName":"uiautomator2","appium:app":"E:\\work\\appium\\xcry_appium/apk/ryxc.apk","appium:deviceName":"2116ca98","platformName":"Android"}]},"desiredCapabilities":{"deviceName":"2116ca98","unicodeKeyboard":true,"app":"E:\\work\\appium\\xcry_appium/apk/ryxc.apk","appWaitActivity":"com.cy.patrol.act.LoginAct","resetKeyboard":true,"platformName":"Android","automationName":"uiautomator2"}}
2019-04-21 12:27:13:847 - info: [debug] [MJSONWP] Calling AppiumDriver.createSession() with args: [{"deviceName":"2116ca98","unicodeKeyboard":true,"app":"E:\\work\\appium\\xcry_appium/apk/ryxc.apk","appWaitActivity":"com.cy.patrol.act.LoginAct","resetKeyboard":true,"platformName":"Android","automationName":"uiautomator2"},null,{"firstMatch":[{"appium:unicodeKeyboard":true,"appium:resetKeyboard":true,"appium:appWaitActivity":"com.cy.patrol.act.LoginAct","appium:automationName":"uiautomator2","appium:app":"E:\\work\\appium\\xcry_appium/apk/ryxc.apk","appium:deviceName":"2116ca98","platformName":"Android"}]}]
2019-04-21 12:27:13:848 - info: [debug] [BaseDriver] Event 'newSessionRequested' logged at 1555849633848 (20:27:13 GMT+0800 (中国标准时间))
2019-04-21 12:27:13:852 - warn: [BaseDriver] The capabilities ["udid","noReset"] are not standard capabilities and should have an extension prefix
2019-04-21 12:27:13:863 - info: [Appium] Creating new AndroidUiautomator2Driver (v1.12.0) session
2019-04-21 12:27:13:864 - info: [Appium] Capabilities:
2019-04-21 12:27:13:864 - info: [Appium]   udid: 2116ca98
2019-04-21 12:27:13:864 - info: [Appium]   noReset: true
2019-04-21 12:27:13:864 - info: [Appium]   platformName: Android
2019-04-21 12:27:13:864 - info: [Appium]   unicodeKeyboard: true
2019-04-21 12:27:13:864 - info: [Appium]   resetKeyboard: true
2019-04-21 12:27:13:864 - info: [Appium]   appWaitActivity: com.cy.patrol.act.LoginAct
2019-04-21 12:27:13:864 - info: [Appium]   automationName: uiautomator2
2019-04-21 12:27:13:864 - info: [Appium]   app: E:\work\appium\xcry_appium/apk/ryxc.apk
2019-04-21 12:27:13:865 - info: [Appium]   deviceName: 2116ca98
2019-04-21 12:27:13:868 - info: [debug] [BaseDriver] W3C capabilities {"alwaysMatch":{"appium:udi... and MJSONWP desired capabilities [object Object] were provided
2019-04-21 12:27:13:868 - info: [debug] [BaseDriver] Creating session with W3C capabilities: {"alwaysMatch":{"appium:udi...
2019-04-21 12:27:13:882 - info: [BaseDriver] Session created with session id: 9dfe04e8-4514-4fcc-8ab3-9e9decae6609
2019-04-21 12:27:13:885 - info: [BaseDriver] Using local app 'E:\work\appium\xcry_appium/apk/ryxc.apk'
2019-04-21 12:27:13:886 - info: [debug] [UiAutomator2] Checking whether app is actually present
2019-04-21 12:27:14:293 - info: [debug] [AndroidDriver] Getting Java version
2019-04-21 12:27:14:438 - info: [AndroidDriver] Java version is: 1.8.0_151
2019-04-21 12:27:14:440 - info: [ADB] Checking whether adb is present
2019-04-21 12:27:14:446 - info: [ADB] Found 1 'build-tools' folders under 'E:\sdk' (newest first):
2019-04-21 12:27:14:446 - info: [ADB]     E:/sdk/build-tools/android-4.3
2019-04-21 12:27:14:447 - info: [ADB] Using adb.exe from E:\sdk\platform-tools\adb.exe
2019-04-21 12:27:14:447 - info: [AndroidDriver] Retrieving device list
2019-04-21 12:27:14:447 - info: [debug] [ADB] Trying to find a connected android device
2019-04-21 12:27:14:448 - info: [debug] [ADB] Getting connected devices...
2019-04-21 12:27:14:473 - info: [debug] [ADB] 1 device(s) connected
2019-04-21 12:27:14:474 - info: [AndroidDriver] Using device: 2116ca98
2019-04-21 12:27:14:476 - info: [debug] [ADB] Setting device id to 2116ca98
2019-04-21 12:27:14:478 - info: [debug] [ADB] Running 'E:\sdk\platform-tools\adb.exe -P 5037 -s 2116ca98 shell getprop ro.build.version.sdk'
2019-04-21 12:27:14:521 - info: [debug] [ADB] Current device property 'ro.build.version.sdk': 25
2019-04-21 12:27:14:521 - info: [debug] [ADB] Device API level: 25
2019-04-21 12:27:14:522 - info: [debug] [AndroidDriver] Parsing package and activity from app manifest
2019-04-21 12:27:14:525 - info: [ADB] Using the alternative activity name detection method because of: Could not find apkanalyzer.bat in E:\sdk\platform-tools\apkanalyzer.bat,E:\sdk\emulator\apkanalyzer.bat,E:\sdk\tools\apkanalyzer.bat,E:\sdk\tools\bin\apkanalyzer.bat,E:\sdk\build-tools\android-4.3\apkanalyzer.bat. Do you have the Android SDK installed at 'E:\sdk'?
2019-04-21 12:27:14:525 - info: [ADB] Checking whether aapt is present
2019-04-21 12:27:14:526 - info: [ADB] Using aapt.exe from E:\sdk\tools\aapt.exe
2019-04-21 12:27:14:527 - info: [ADB] Extracting package and launch activity from manifest
2019-04-21 12:27:14:549 - info: [ADB] Package name: 'com.cy.patrol'
2019-04-21 12:27:14:549 - info: [ADB] Main activity name: 'com.cy.patrol.act.LoadingAct'
2019-04-21 12:27:14:549 - info: [debug] [AndroidDriver] Parsed package and activity are: com.cy.patrol/com.cy.patrol.act.LoadingAct
2019-04-21 12:27:14:550 - info: [ADB] Getting device platform version
2019-04-21 12:27:14:550 - info: [debug] [ADB] Running 'E:\sdk\platform-tools\adb.exe -P 5037 -s 2116ca98 shell getprop ro.build.version.release'
2019-04-21 12:27:14:592 - info: [debug] [ADB] Current device property 'ro.build.version.release': 7.1.1
2019-04-21 12:27:14:593 - info: [debug] [ADB] Running 'E:\sdk\platform-tools\adb.exe -P 5037 -s 2116ca98 shell wm size'
2019-04-21 12:27:15:102 - info: [debug] [ADB] Running 'E:\sdk\platform-tools\adb.exe -P 5037 -s 2116ca98 shell wm density'
2019-04-21 12:27:15:642 - info: [debug] [ADB] Running 'E:\sdk\platform-tools\adb.exe -P 5037 -s 2116ca98 shell getprop ro.product.model'
2019-04-21 12:27:15:728 - info: [debug] [ADB] Current device property 'ro.product.model': OS103
2019-04-21 12:27:15:729 - info: [debug] [ADB] Running 'E:\sdk\platform-tools\adb.exe -P 5037 -s 2116ca98 shell getprop ro.product.manufacturer'
2019-04-21 12:27:15:778 - info: [debug] [ADB] Current device property 'ro.product.manufacturer': smartisan
2019-04-21 12:27:15:778 - info: [debug] [ADB] Device API level: 25
2019-04-21 12:27:15:781 - info: [debug] [ADB] Running 'E:\sdk\platform-tools\adb.exe -P 5037 -s 2116ca98 shell am force-stop io.appium.uiautomator2.server'
2019-04-21 12:27:16:334 - info: [debug] [ADB] Checking app cert for C:\Users\30280\AppData\Roaming\npm\node_modules\appium\node_modules\appium-uiautomator2-server\apks\appium-uiautomator2-server-v1.12.0.apk
2019-04-21 12:27:16:342 - warn: [ADB] Cannot use apksigner tool for signature verification. Defaulting to verify.jar. Original error: Could not find apksigner.bat in E:\sdk\platform-tools\apksigner.bat,E:\sdk\emulator\apksigner.bat,E:\sdk\tools\apksigner.bat,E:\sdk\tools\bin\apksigner.bat,E:\sdk\build-tools\android-4.3\apksigner.bat. Do you have the Android SDK installed at 'E:\sdk'?
2019-04-21 12:27:16:648 - info: [debug] [ADB] 'C:\Users\30280\AppData\Roaming\npm\node_modules\appium\node_modules\appium-uiautomator2-server\apks\appium-uiautomator2-server-v1.12.0.apk' is already signed.
2019-04-21 12:27:16:648 - info: [debug] [ADB] Checking app cert for C:\Users\30280\AppData\Roaming\npm\node_modules\appium\node_modules\appium-uiautomator2-server\apks\appium-uiautomator2-server-debug-androidTest.apk
2019-04-21 12:27:16:649 - warn: [ADB] Cannot use apksigner tool for signature verification. Defaulting to verify.jar. Original error: Could not find apksigner.bat in E:\sdk\platform-tools\apksigner.bat,E:\sdk\emulator\apksigner.bat,E:\sdk\tools\apksigner.bat,E:\sdk\tools\bin\apksigner.bat,E:\sdk\build-tools\android-4.3\apksigner.bat. Do you have the Android SDK installed at 'E:\sdk'?
2019-04-21 12:27:16:919 - info: [debug] [ADB] 'C:\Users\30280\AppData\Roaming\npm\node_modules\appium\node_modules\appium-uiautomator2-server\apks\appium-uiautomator2-server-debug-androidTest.apk' is already signed.
2019-04-21 12:27:16:921 - info: [debug] [ADB] Getting install status for io.appium.uiautomator2.server
2019-04-21 12:27:16:921 - info: [debug] [ADB] Running 'E:\sdk\platform-tools\adb.exe -P 5037 -s 2116ca98 shell pm list packages io.appium.uiautomator2.server'
2019-04-21 12:27:17:436 - info: [debug] [ADB] App is installed
2019-04-21 12:27:17:438 - info: [debug] [ADB] Getting package info for 'io.appium.uiautomator2.server'
2019-04-21 12:27:17:439 - info: [debug] [ADB] Running 'E:\sdk\platform-tools\adb.exe -P 5037 -s 2116ca98 shell dumpsys package io.appium.uiautomator2.server'
2019-04-21 12:27:17:576 - info: [debug] [ADB] The installed 'io.appium.uiautomator2.server' package does not require upgrade ('1.12.0' >= '1.12.0')
2019-04-21 12:27:17:579 - info: [debug] [ADB] Getting install status for io.appium.uiautomator2.server.test
2019-04-21 12:27:17:581 - info: [debug] [ADB] Running 'E:\sdk\platform-tools\adb.exe -P 5037 -s 2116ca98 shell pm list packages io.appium.uiautomator2.server.test'
2019-04-21 12:27:18:125 - info: [debug] [ADB] App is installed
2019-04-21 12:27:18:128 - info: [debug] [ADB] Getting package info for 'io.appium.uiautomator2.server.test'
2019-04-21 12:27:18:129 - info: [debug] [ADB] Running 'E:\sdk\platform-tools\adb.exe -P 5037 -s 2116ca98 shell dumpsys package io.appium.uiautomator2.server.test'
2019-04-21 12:27:18:271 - warn: [ADB] Cannot read version codes of 'C:\Users\30280\AppData\Roaming\npm\node_modules\appium\node_modules\appium-uiautomator2-server\apks\appium-uiautomator2-server-debug-androidTest.apk' and/or 'io.appium.uiautomator2.server.test'
2019-04-21 12:27:18:274 - warn: [ADB] Cannot read version names of 'C:\Users\30280\AppData\Roaming\npm\node_modules\appium\node_modules\appium-uiautomator2-server\apks\appium-uiautomator2-server-debug-androidTest.apk' and/or 'io.appium.uiautomator2.server.test'. Assuming correct app version is already installed
2019-04-21 12:27:18:275 - info: [debug] [UiAutomator2] Waiting up to 20000ms for instrumentation 'io.appium.uiautomator2.server.test/android.support.test.runner.AndroidJUnitRunner' to be available
2019-04-21 12:27:18:278 - info: [debug] [ADB] Running 'E:\sdk\platform-tools\adb.exe -P 5037 -s 2116ca98 shell pm list instrumentation'
2019-04-21 12:27:18:805 - info: [debug] [UiAutomator2] Instrumentation 'io.appium.uiautomator2.server.test/android.support.test.runner.AndroidJUnitRunner' available
2019-04-21 12:27:18:809 - info: [debug] [ADB] Running 'E:\sdk\platform-tools\adb.exe -P 5037 -s 2116ca98 wait-for-device'
2019-04-21 12:27:18:900 - info: [debug] [ADB] Running 'E:\sdk\platform-tools\adb.exe -P 5037 -s 2116ca98 shell echo ping'
2019-04-21 12:27:18:939 - info: [debug] [AndroidDriver] Pushing settings apk to device...
2019-04-21 12:27:18:940 - info: [debug] [ADB] Getting install status for io.appium.settings
2019-04-21 12:27:18:940 - info: [debug] [ADB] Running 'E:\sdk\platform-tools\adb.exe -P 5037 -s 2116ca98 shell pm list packages io.appium.settings'
2019-04-21 12:27:19:464 - info: [debug] [ADB] App is installed
2019-04-21 12:27:19:465 - info: [debug] [ADB] Getting package info for 'io.appium.settings'
2019-04-21 12:27:19:466 - info: [debug] [ADB] Running 'E:\sdk\platform-tools\adb.exe -P 5037 -s 2116ca98 shell dumpsys package io.appium.settings'
2019-04-21 12:27:19:608 - info: [debug] [ADB] The installed 'io.appium.settings' package does not require upgrade (13 > 5)
2019-04-21 12:27:19:610 - info: [debug] [ADB] Running 'E:\sdk\platform-tools\adb.exe -P 5037 -s 2116ca98 shell ps'
2019-04-21 12:27:19:750 - info: [debug] [AndroidDriver] io.appium.settings is already running. There is no need to reset its permissions.
2019-04-21 12:27:19:752 - info: [debug] [ADB] Device API level: 25
2019-04-21 12:27:19:753 - info: [debug] [ADB] Running 'E:\sdk\platform-tools\adb.exe -P 5037 -s 2116ca98 shell appops set io.appium.settings android\:mock_location allow'
2019-04-21 12:27:19:822 - warn: [AndroidDriver] setDeviceLanguageCountry requires language or country.
2019-04-21 12:27:19:823 - warn: [AndroidDriver] Got language: 'null' and country: 'null'
2019-04-21 12:27:19:826 - info: [debug] [Logcat] Starting logcat capture
2019-04-21 12:27:19:899 - info: [debug] [AndroidDriver] Enabling Unicode keyboard support
2019-04-21 12:27:19:899 - info: [debug] [AndroidDriver] Pushing unicode ime to device...
2019-04-21 12:27:19:900 - info: [debug] [ADB] Running 'E:\sdk\platform-tools\adb.exe -P 5037 -s 2116ca98 install C\:\\Users\\30280\\AppData\\Roaming\\npm\\node_modules\\appium\\node_modules\\appium-android-ime\\bin\\UnicodeIME-debug.apk'
2019-04-21 12:27:20:696 - info: [debug] [ADB] Install command stdout: Failure [INSTALL_FAILED_ALREADY_EXISTS: Attempt to re-install io.appium.android.ime without first uninstalling.]
2019-04-21 12:27:20:697 - info: [debug] [ADB] Application 'C:\Users\30280\AppData\Roaming\npm\node_modules\appium\node_modules\appium-android-ime\bin\UnicodeIME-debug.apk' already installed. Continuing.
2019-04-21 12:27:20:697 - info: [debug] [ADB] Running 'E:\sdk\platform-tools\adb.exe -P 5037 -s 2116ca98 shell settings get secure default_input_method'
2019-04-21 12:27:21:213 - info: [debug] [AndroidDriver] Unsetting previous IME io.appium.android.ime/.UnicodeIME
2019-04-21 12:27:21:214 - info: [debug] [AndroidDriver] Setting IME to 'io.appium.android.ime/.UnicodeIME'
2019-04-21 12:27:21:215 - info: [debug] [ADB] Running 'E:\sdk\platform-tools\adb.exe -P 5037 -s 2116ca98 shell ime enable io.appium.android.ime/.UnicodeIME'
2019-04-21 12:27:21:752 - info: [debug] [ADB] Running 'E:\sdk\platform-tools\adb.exe -P 5037 -s 2116ca98 shell ime set io.appium.android.ime/.UnicodeIME'
2019-04-21 12:27:22:303 - info: [debug] [AndroidDriver] Pushing unlock helper app to device...
2019-04-21 12:27:22:304 - info: [debug] [ADB] Getting install status for io.appium.unlock
2019-04-21 12:27:22:305 - info: [debug] [ADB] Running 'E:\sdk\platform-tools\adb.exe -P 5037 -s 2116ca98 shell pm list packages io.appium.unlock'
2019-04-21 12:27:22:843 - info: [debug] [ADB] App is installed
2019-04-21 12:27:22:845 - info: [debug] [ADB] Getting package info for 'io.appium.unlock'
2019-04-21 12:27:22:845 - info: [debug] [ADB] Running 'E:\sdk\platform-tools\adb.exe -P 5037 -s 2116ca98 shell dumpsys package io.appium.unlock'
2019-04-21 12:27:23:000 - info: [debug] [ADB] The installed 'io.appium.unlock' package does not require upgrade ('2.0.0' >= '2.0.0')
2019-04-21 12:27:23:000 - info: [debug] [UiAutomator2] Forwarding UiAutomator2 Server port 6790 to 8204
2019-04-21 12:27:23:001 - info: [debug] [ADB] Forwarding system: 8204 to device: 6790
2019-04-21 12:27:23:001 - info: [debug] [ADB] Running 'E:\sdk\platform-tools\adb.exe -P 5037 -s 2116ca98 forward tcp\:8204 tcp\:6790'
2019-04-21 12:27:23:051 - info: [debug] [ADB] Running 'E:\sdk\platform-tools\adb.exe -P 5037 -s 2116ca98 shell rm -rf /data/local/tmp/strings.json'
2019-04-21 12:27:23:101 - info: [debug] [AndroidDriver] Extracting strings from apk
2019-04-21 12:27:23:103 - info: [debug] [AndroidDriver] E:\work\appium\xcry_appium/apk/ryxc.apk
2019-04-21 12:27:23:103 - info: [debug] [AndroidDriver] null
2019-04-21 12:27:23:104 - info: [debug] [AndroidDriver] C:\Users\30280\AppData\Local\Temp\com.cy.patrol
2019-04-21 12:27:23:104 - info: [debug] [ADB] Extracting strings for language: default
2019-04-21 12:27:23:266 - info: [ADB] Successfully extracted 498 strings from 'E:\work\appium\xcry_appium/apk/ryxc.apk' resources for '(default)' configuration
2019-04-21 12:27:23:278 - info: [debug] [ADB] Running 'E:\sdk\platform-tools\adb.exe -P 5037 -s 2116ca98 push C\:\\Users\\30280\\AppData\\Local\\Temp\\com.cy.patrol\\strings.json /data/local/tmp'
2019-04-21 12:27:23:329 - info: [debug] [ADB] Checking app cert for E:\work\appium\xcry_appium/apk/ryxc.apk
2019-04-21 12:27:23:329 - warn: [ADB] Cannot use apksigner tool for signature verification. Defaulting to verify.jar. Original error: Could not find apksigner.bat in E:\sdk\platform-tools\apksigner.bat,E:\sdk\emulator\apksigner.bat,E:\sdk\tools\apksigner.bat,E:\sdk\tools\bin\apksigner.bat,E:\sdk\build-tools\android-4.3\apksigner.bat. Do you have the Android SDK installed at 'E:\sdk'?
2019-04-21 12:27:24:492 - info: [debug] [ADB] 'E:\work\appium\xcry_appium/apk/ryxc.apk' is already signed.
2019-04-21 12:27:24:492 - info: [debug] [ADB] Getting install status for com.cy.patrol
2019-04-21 12:27:24:493 - info: [debug] [ADB] Running 'E:\sdk\platform-tools\adb.exe -P 5037 -s 2116ca98 shell pm list packages com.cy.patrol'
2019-04-21 12:27:25:006 - info: [debug] [ADB] App is installed
2019-04-21 12:27:25:007 - info: [debug] [ADB] Getting package info for 'com.cy.patrol'
2019-04-21 12:27:25:008 - info: [debug] [ADB] Running 'E:\sdk\platform-tools\adb.exe -P 5037 -s 2116ca98 shell dumpsys package com.cy.patrol'
2019-04-21 12:27:25:167 - info: [debug] [ADB] The installed 'com.cy.patrol' package does not require upgrade ('1.0.0' >= '1.0.0')
2019-04-21 12:27:25:167 - info: [debug] [ADB] Running 'E:\sdk\platform-tools\adb.exe -P 5037 -s 2116ca98 shell am force-stop io.appium.uiautomator2.server'
2019-04-21 12:27:25:696 - info: [UiAutomator2] Starting uiautomator2 server 1.12.0
2019-04-21 12:27:25:698 - info: [UiAutomator2] Using UIAutomator2 server from 'C:\Users\30280\AppData\Roaming\npm\node_modules\appium\node_modules\appium-uiautomator2-server\apks\appium-uiautomator2-server-v1.12.0.apk' and test from 'C:\Users\30280\AppData\Roaming\npm\node_modules\appium\node_modules\appium-uiautomator2-server\apks\appium-uiautomator2-server-debug-androidTest.apk'
2019-04-21 12:27:25:700 - info: [UiAutomator2] Running command: 'adb -s 2116ca98 shell am instrument -w io.appium.uiautomator2.server.test/android.support.test.runner.AndroidJUnitRunner'
2019-04-21 12:27:25:708 - info: [UiAutomator2] Waiting up to 20000ms for UiAutomator2 to be online...
2019-04-21 12:27:25:713 - info: [debug] [JSONWP Proxy] Proxying [GET /status] to [GET http://localhost:8204/wd/hub/status] with no body
2019-04-21 12:27:26:752 - info: [debug] [JSONWP Proxy] Proxying [GET /status] to [GET http://localhost:8204/wd/hub/status] with no body
2019-04-21 12:27:27:766 - info: [debug] [JSONWP Proxy] Proxying [GET /status] to [GET http://localhost:8204/wd/hub/status] with no body
2019-04-21 12:27:28:780 - info: [debug] [JSONWP Proxy] Proxying [GET /status] to [GET http://localhost:8204/wd/hub/status] with no body
2019-04-21 12:27:28:834 - info: [debug] [JSONWP Proxy] Got response with status 200: "{\"sessionId\":\"SESSIONID\",\"status\":0,\"value\":\"Status Invoked\"}"
2019-04-21 12:27:28:837 - info: [debug] [JSONWP Proxy] Proxying [POST /session] to [POST http://localhost:8204/wd/hub/session] with body: {"desiredCapabilities":{"platform":"LINUX","webStorageEnabled":false,"takesScreenshot":true,"javascriptEnabled":true,"databaseEnabled":false,"networkConnectionEnabled":true,"locationContextEnabled":false,"warnings":{},"desired":{"platformName":"Android","udid":"2116ca98","noReset":true,"unicodeKeyboard":true,"resetKeyboard":true,"appWaitActivity":"com.cy.patrol.act.LoginAct","automationName":"uiautomator2","app":"E:\\work\\appium\\xcry_appium/apk/ryxc.apk","deviceName":"2116ca98"},"platformName":"Android","udid":"2116ca98","noReset":true,"unicodeKeyboard":true,"resetKeyboard":true,"appWaitActivity":"com.cy.patrol.act.LoginAct","automationName":"uiautomator2","app":"E:\\work\\appium\\xcry_appium/apk/ryxc.apk","deviceName":"2116ca98","deviceUDID":"2116ca98","platformVersion":"7.1.1","deviceScreenSize":"1080x2160","deviceScreenDensity":400,"deviceModel":"OS103","deviceManufacturer":"smartisan","deviceApiLevel":25,"appPackage":"com.cy.patrol"}}
2019-04-21 12:27:28:867 - info: [debug] [JSONWP Proxy] Got response with status 200: {"sessionId":"69714aa4-6088-46ff-9784-48790ab7999e","status":0,"value":"Created Session"}
2019-04-21 12:27:28:869 - info: [debug] [ADB] Running 'E:\sdk\platform-tools\adb.exe -P 5037 -s 2116ca98 shell dumpsys window'
2019-04-21 12:27:28:960 - info: [AndroidDriver] Screen already unlocked, doing nothing
2019-04-21 12:27:28:963 - info: [UiAutomator2] UiAutomator2 did not start the activity we were waiting for, 'com.cy.patrol/com.cy.patrol.act.LoginAct'. Starting it ourselves
2019-04-21 12:27:28:966 - info: [debug] [ADB] Device API level: 25
2019-04-21 12:27:28:968 - info: [debug] [ADB] Running 'E:\sdk\platform-tools\adb.exe -P 5037 -s 2116ca98 shell am start -W -n com.cy.patrol/com.cy.patrol.act.LoadingAct -S -a android.intent.action.MAIN -c android.intent.category.LAUNCHER -f 0x10200000'
2019-04-21 12:27:30:723 - info: [debug] [ADB] Waiting up to 20000ms for activity matching pkg: 'com.cy.patrol' and activity: 'com.cy.patrol.act.LoginAct' to be focused
2019-04-21 12:27:30:724 - info: [debug] [ADB] Possible activities, to be checked: 'com.cy.patrol.act.LoginAct', 'com.cy.patrol.com.cy.patrol.act.LoginAct'
2019-04-21 12:27:30:729 - info: [debug] [ADB] Getting focused package and activity
2019-04-21 12:27:30:730 - info: [debug] [ADB] Running 'E:\sdk\platform-tools\adb.exe -P 5037 -s 2116ca98 shell dumpsys window windows'
2019-04-21 12:27:30:848 - info: [debug] [ADB] Found package: 'com.cy.patrol' and fully qualified activity name : 'com.cy.patrol.act.LoginAct'
2019-04-21 12:27:30:851 - info: [debug] [JSONWP Proxy] Proxying [GET /appium/device/pixel_ratio] to [GET http://localhost:8204/wd/hub/session/69714aa4-6088-46ff-9784-48790ab7999e/appium/device/pixel_ratio] with body: {}
2019-04-21 12:27:30:869 - info: [debug] [JSONWP Proxy] Got response with status 200: "{\"sessionId\":\"69714aa4-6088-46ff-9784-48790ab7999e\",\"status\":0,\"value\":2.5}"
2019-04-21 12:27:30:870 - info: [debug] [JSONWP Proxy] Proxying [GET /appium/device/system_bars] to [GET http://localhost:8204/wd/hub/session/69714aa4-6088-46ff-9784-48790ab7999e/appium/device/system_bars] with body: {}
2019-04-21 12:27:30:889 - info: [debug] [JSONWP Proxy] Got response with status 200: "{\"sessionId\":\"69714aa4-6088-46ff-9784-48790ab7999e\",\"status\":0,\"value\":{\"statusBar\":60}}"
2019-04-21 12:27:30:891 - info: [debug] [JSONWP Proxy] Proxying [GET /window/current/size] to [GET http://localhost:8204/wd/hub/session/69714aa4-6088-46ff-9784-48790ab7999e/window/current/size] with body: {}
2019-04-21 12:27:30:905 - info: [debug] [JSONWP Proxy] Got response with status 200: "{\"sessionId\":\"69714aa4-6088-46ff-9784-48790ab7999e\",\"status\":0,\"value\":{\"height\":2070,\"width\":1080}}"
2019-04-21 12:27:30:906 - info: [Appium] New AndroidUiautomator2Driver session created successfully, session 9dfe04e8-4514-4fcc-8ab3-9e9decae6609 added to master session list
2019-04-21 12:27:30:908 - info: [debug] [BaseDriver] Event 'newSessionStarted' logged at 1555849650908 (20:27:30 GMT+0800 (中国标准时间))
2019-04-21 12:27:30:911 - info: [debug] [W3C] Responding to client with driver.createSession() result: {"capabilities":{"platform":"LINUX","webStorageEnabled":false,"takesScreenshot":true,"javascriptEnabled":true,"databaseEnabled":false,"networkConnectionEnabled":true,"locationContextEnabled":false,"warnings":{},"desired":{"platformName":"Android","udid":"2116ca98","noReset":true,"unicodeKeyboard":true,"resetKeyboard":true,"appWaitActivity":"com.cy.patrol.act.LoginAct","automationName":"uiautomator2","app":"E:\\work\\appium\\xcry_appium/apk/ryxc.apk","deviceName":"2116ca98"},"platformName":"Android","udid":"2116ca98","noReset":true,"unicodeKeyboard":true,"resetKeyboard":true,"appWaitActivity":"com.cy.patrol.act.LoginAct","automationName":"uiautomator2","app":"E:\\work\\appium\\xcry_appium/apk/ryxc.apk","deviceName":"2116ca98","deviceUDID":"2116ca98","platformVersion":"7.1.1","deviceScreenSize":"1080x2160","deviceScreenDensity":400,"deviceModel":"OS103","deviceManufacturer":"smartisan","deviceApiLevel":25,"appPackage":"com.cy.patrol","pixelRatio":2.5,"statBarHeight":60,"viewportRect":{"left":0,"top":60,"widt...
2019-04-21 12:27:30:918 - info: [HTTP] <-- POST /wd/hub/session 200 17070 ms - 1106
2019-04-21 12:27:30:918 - info: [HTTP] 
2019-04-21 12:27:30:926 - info: [HTTP] --> POST /wd/hub/session/9dfe04e8-4514-4fcc-8ab3-9e9decae6609/element
2019-04-21 12:27:30:927 - info: [HTTP] {"using":"id","sessionId":"9dfe04e8-4514-4fcc-8ab3-9e9decae6609","value":"com.cy.patrol:id/v_mobile"}
2019-04-21 12:27:30:930 - info: [debug] [W3C] Calling AppiumDriver.findElement() with args: ["id","com.cy.patrol:id/v_mobile","9dfe04e8-4514-4fcc-8ab3-9e9decae6609"]
2019-04-21 12:27:30:932 - info: [debug] [BaseDriver] Valid locator strategies for this request: xpath, id, class name, accessibility id, -android uiautomator
2019-04-21 12:27:30:933 - info: [debug] [BaseDriver] Waiting up to 0 ms for condition
2019-04-21 12:27:30:934 - info: [debug] [JSONWP Proxy] Proxying [POST /element] to [POST http://localhost:8204/wd/hub/session/69714aa4-6088-46ff-9784-48790ab7999e/element] with body: {"strategy":"id","selector":"com.cy.patrol:id/v_mobile","context":"","multiple":false}
2019-04-21 12:27:31:375 - info: [debug] [JSONWP Proxy] Got response with status 200: {"sessionId":"69714aa4-6088-46ff-9784-48790ab7999e","status":0,"value":{"ELEMENT":"b86557b2-bc29-4aef-941b-02bb95a8c5e5"}}
2019-04-21 12:27:31:377 - info: [debug] [W3C] Responding to client with driver.findElement() result: {"element-6066-11e4-a52e-4f735466cecf":"b86557b2-bc29-4aef-941b-02bb95a8c5e5"}
2019-04-21 12:27:31:379 - info: [HTTP] <-- POST /wd/hub/session/9dfe04e8-4514-4fcc-8ab3-9e9decae6609/element 200 451 ms - 88
2019-04-21 12:27:31:379 - info: [HTTP] 
2019-04-21 12:27:31:380 - info: [HTTP] --> POST /wd/hub/session/9dfe04e8-4514-4fcc-8ab3-9e9decae6609/element/b86557b2-bc29-4aef-941b-02bb95a8c5e5/value
2019-04-21 12:27:31:380 - info: [HTTP] {"text":"shange","sessionId":"9dfe04e8-4514-4fcc-8ab3-9e9decae6609","id":"b86557b2-bc29-4aef-941b-02bb95a8c5e5","value":["s","h","a","n","g","e"]}
2019-04-21 12:27:31:381 - info: [debug] [W3C] Calling AppiumDriver.setValue() with args: [["s","h","a","n","g","e"],"b86557b2-bc29-4aef-941b-02bb95a8c5e5","9dfe04e8-4514-4fcc-8ab3-9e9decae6609"]
2019-04-21 12:27:31:382 - info: [debug] [JSONWP Proxy] Proxying [POST /element/b86557b2-bc29-4aef-941b-02bb95a8c5e5/value] to [POST http://localhost:8204/wd/hub/session/69714aa4-6088-46ff-9784-48790ab7999e/element/b86557b2-bc29-4aef-941b-02bb95a8c5e5/value] with body: {"elementId":"b86557b2-bc29-4aef-941b-02bb95a8c5e5","text":"shange","replace":false,"unicodeKeyboard":true}
2019-04-21 12:27:31:938 - info: [debug] [JSONWP Proxy] Got response with status 200: {"sessionId":"69714aa4-6088-46ff-9784-48790ab7999e","status":0,"value":""}
2019-04-21 12:27:31:940 - info: [debug] [W3C] Responding to client with driver.setValue() result: ""
2019-04-21 12:27:31:943 - info: [HTTP] <-- POST /wd/hub/session/9dfe04e8-4514-4fcc-8ab3-9e9decae6609/element/b86557b2-bc29-4aef-941b-02bb95a8c5e5/value 200 562 ms - 12
2019-04-21 12:27:31:944 - info: [HTTP] 
2019-04-21 12:27:31:949 - info: [HTTP] --> POST /wd/hub/session/9dfe04e8-4514-4fcc-8ab3-9e9decae6609/element
2019-04-21 12:27:31:949 - info: [HTTP] {"using":"id","sessionId":"9dfe04e8-4514-4fcc-8ab3-9e9decae6609","value":"com.cy.patrol:id/v_pwd"}
2019-04-21 12:27:31:951 - info: [debug] [W3C] Calling AppiumDriver.findElement() with args: ["id","com.cy.patrol:id/v_pwd","9dfe04e8-4514-4fcc-8ab3-9e9decae6609"]
2019-04-21 12:27:31:952 - info: [debug] [BaseDriver] Valid locator strategies for this request: xpath, id, class name, accessibility id, -android uiautomator
2019-04-21 12:27:31:953 - info: [debug] [BaseDriver] Waiting up to 0 ms for condition
2019-04-21 12:27:31:954 - info: [debug] [JSONWP Proxy] Proxying [POST /element] to [POST http://localhost:8204/wd/hub/session/69714aa4-6088-46ff-9784-48790ab7999e/element] with body: {"strategy":"id","selector":"com.cy.patrol:id/v_pwd","context":"","multiple":false}
2019-04-21 12:27:32:472 - info: [debug] [JSONWP Proxy] Got response with status 200: {"sessionId":"69714aa4-6088-46ff-9784-48790ab7999e","status":0,"value":{"ELEMENT":"92dd36ff-f982-43d6-9eab-04d96fa93e9d"}}
2019-04-21 12:27:32:492 - info: [debug] [W3C] Responding to client with driver.findElement() result: {"element-6066-11e4-a52e-4f735466cecf":"92dd36ff-f982-43d6-9eab-04d96fa93e9d"}
2019-04-21 12:27:32:494 - info: [HTTP] <-- POST /wd/hub/session/9dfe04e8-4514-4fcc-8ab3-9e9decae6609/element 200 544 ms - 88
2019-04-21 12:27:32:495 - info: [HTTP] 
2019-04-21 12:27:32:501 - info: [HTTP] --> POST /wd/hub/session/9dfe04e8-4514-4fcc-8ab3-9e9decae6609/element/92dd36ff-f982-43d6-9eab-04d96fa93e9d/value
2019-04-21 12:27:32:502 - info: [HTTP] {"text":"123456","sessionId":"9dfe04e8-4514-4fcc-8ab3-9e9decae6609","id":"92dd36ff-f982-43d6-9eab-04d96fa93e9d","value":["1","2","3","4","5","6"]}
2019-04-21 12:27:32:504 - info: [debug] [W3C] Calling AppiumDriver.setValue() with args: [["1","2","3","4","5","6"],"92dd36ff-f982-43d6-9eab-04d96fa93e9d","9dfe04e8-4514-4fcc-8ab3-9e9decae6609"]
2019-04-21 12:27:32:508 - info: [debug] [JSONWP Proxy] Proxying [POST /element/92dd36ff-f982-43d6-9eab-04d96fa93e9d/value] to [POST http://localhost:8204/wd/hub/session/69714aa4-6088-46ff-9784-48790ab7999e/element/92dd36ff-f982-43d6-9eab-04d96fa93e9d/value] with body: {"elementId":"92dd36ff-f982-43d6-9eab-04d96fa93e9d","text":"123456","replace":false,"unicodeKeyboard":true}
2019-04-21 12:27:33:063 - info: [debug] [JSONWP Proxy] Got response with status 200: {"sessionId":"69714aa4-6088-46ff-9784-48790ab7999e","status":0,"value":""}
2019-04-21 12:27:33:065 - info: [debug] [W3C] Responding to client with driver.setValue() result: ""
2019-04-21 12:27:33:066 - info: [HTTP] <-- POST /wd/hub/session/9dfe04e8-4514-4fcc-8ab3-9e9decae6609/element/92dd36ff-f982-43d6-9eab-04d96fa93e9d/value 200 565 ms - 12
2019-04-21 12:27:33:067 - info: [HTTP] 
2019-04-21 12:27:33:071 - info: [HTTP] --> POST /wd/hub/session/9dfe04e8-4514-4fcc-8ab3-9e9decae6609/element
2019-04-21 12:27:33:072 - info: [HTTP] {"using":"id","sessionId":"9dfe04e8-4514-4fcc-8ab3-9e9decae6609","value":"com.cy.patrol:id/l_login"}
2019-04-21 12:27:33:073 - info: [debug] [W3C] Calling AppiumDriver.findElement() with args: ["id","com.cy.patrol:id/l_login","9dfe04e8-4514-4fcc-8ab3-9e9decae6609"]
2019-04-21 12:27:33:075 - info: [debug] [BaseDriver] Valid locator strategies for this request: xpath, id, class name, accessibility id, -android uiautomator
2019-04-21 12:27:33:075 - info: [debug] [BaseDriver] Waiting up to 0 ms for condition
2019-04-21 12:27:33:076 - info: [debug] [JSONWP Proxy] Proxying [POST /element] to [POST http://localhost:8204/wd/hub/session/69714aa4-6088-46ff-9784-48790ab7999e/element] with body: {"strategy":"id","selector":"com.cy.patrol:id/l_login","context":"","multiple":false}
2019-04-21 12:27:33:586 - info: [debug] [JSONWP Proxy] Got response with status 200: {"sessionId":"69714aa4-6088-46ff-9784-48790ab7999e","status":0,"value":{"ELEMENT":"81c85114-781e-44c4-ba7e-18b30625a875"}}
2019-04-21 12:27:33:588 - info: [debug] [W3C] Responding to client with driver.findElement() result: {"element-6066-11e4-a52e-4f735466cecf":"81c85114-781e-44c4-ba7e-18b30625a875"}
2019-04-21 12:27:33:590 - info: [HTTP] <-- POST /wd/hub/session/9dfe04e8-4514-4fcc-8ab3-9e9decae6609/element 200 518 ms - 88
2019-04-21 12:27:33:590 - info: [HTTP] 
2019-04-21 12:27:33:592 - info: [HTTP] --> POST /wd/hub/session/9dfe04e8-4514-4fcc-8ab3-9e9decae6609/element/81c85114-781e-44c4-ba7e-18b30625a875/click
2019-04-21 12:27:33:592 - info: [HTTP] {"sessionId":"9dfe04e8-4514-4fcc-8ab3-9e9decae6609","id":"81c85114-781e-44c4-ba7e-18b30625a875"}
2019-04-21 12:27:33:593 - info: [debug] [W3C] Calling AppiumDriver.click() with args: ["81c85114-781e-44c4-ba7e-18b30625a875","9dfe04e8-4514-4fcc-8ab3-9e9decae6609"]
2019-04-21 12:27:33:593 - info: [debug] [JSONWP Proxy] Proxying [POST /element/81c85114-781e-44c4-ba7e-18b30625a875/click] to [POST http://localhost:8204/wd/hub/session/69714aa4-6088-46ff-9784-48790ab7999e/element/81c85114-781e-44c4-ba7e-18b30625a875/click] with body: {"element":"81c85114-781e-44c4-ba7e-18b30625a875"}
2019-04-21 12:27:35:071 - info: [debug] [JSONWP Proxy] Got response with status 200: {"sessionId":"69714aa4-6088-46ff-9784-48790ab7999e","status":0,"value":true}
2019-04-21 12:27:35:074 - info: [debug] [W3C] Responding to client with driver.click() result: true
2019-04-21 12:27:35:077 - info: [HTTP] <-- POST /wd/hub/session/9dfe04e8-4514-4fcc-8ab3-9e9decae6609/element/81c85114-781e-44c4-ba7e-18b30625a875/click 200 1483 ms - 14
2019-04-21 12:27:35:078 - info: [HTTP] 
2019-04-21 12:27:35:084 - info: [HTTP] --> POST /wd/hub/session/9dfe04e8-4514-4fcc-8ab3-9e9decae6609/element
2019-04-21 12:27:35:084 - info: [HTTP] {"using":"id","sessionId":"9dfe04e8-4514-4fcc-8ab3-9e9decae6609","value":"com.cy.patrol:id/v_title"}
2019-04-21 12:27:35:086 - info: [debug] [W3C] Calling AppiumDriver.findElement() with args: ["id","com.cy.patrol:id/v_title","9dfe04e8-4514-4fcc-8ab3-9e9decae6609"]
2019-04-21 12:27:35:087 - info: [debug] [BaseDriver] Valid locator strategies for this request: xpath, id, class name, accessibility id, -android uiautomator
2019-04-21 12:27:35:088 - info: [debug] [BaseDriver] Waiting up to 0 ms for condition
2019-04-21 12:27:35:089 - info: [debug] [JSONWP Proxy] Proxying [POST /element] to [POST http://localhost:8204/wd/hub/session/69714aa4-6088-46ff-9784-48790ab7999e/element] with body: {"strategy":"id","selector":"com.cy.patrol:id/v_title","context":"","multiple":false}
2019-04-21 12:27:35:134 - info: [debug] [JSONWP Proxy] Got response with status 200: {"sessionId":"69714aa4-6088-46ff-9784-48790ab7999e","status":0,"value":{"ELEMENT":"b864b250-cf7c-4804-bc0e-0dd5fe63e98f"}}
2019-04-21 12:27:35:136 - info: [debug] [W3C] Responding to client with driver.findElement() result: {"element-6066-11e4-a52e-4f735466cecf":"b864b250-cf7c-4804-bc0e-0dd5fe63e98f"}
2019-04-21 12:27:35:138 - info: [HTTP] <-- POST /wd/hub/session/9dfe04e8-4514-4fcc-8ab3-9e9decae6609/element 200 53 ms - 88
2019-04-21 12:27:35:138 - info: [HTTP] 
2019-04-21 12:27:35:155 - info: [HTTP] --> GET /wd/hub/session/9dfe04e8-4514-4fcc-8ab3-9e9decae6609/screenshot
2019-04-21 12:27:35:156 - info: [HTTP] {}
2019-04-21 12:27:35:158 - info: [debug] [W3C] Calling AppiumDriver.getScreenshot() with args: ["9dfe04e8-4514-4fcc-8ab3-9e9decae6609"]
2019-04-21 12:27:35:160 - info: [debug] [JSONWP Proxy] Proxying [GET /screenshot] to [GET http://localhost:8204/wd/hub/session/69714aa4-6088-46ff-9784-48790ab7999e/screenshot] with no body
2019-04-21 12:27:36:069 - info: [debug] [JSONWP Proxy] Got response with status 200: "{\"sessionId\":\"69714aa4-6088-46ff-9784-48790ab7999e\",\"status\":0,\"value\":\"iVBORw0KGgoAAAANSUhEUgAABDgAAAhwCAIAAABH2RmtAAAAA3NCSVQICAjb4U\\/gAAAgAElEQVR4\\nnOydd3wUZf7HP7M7W7K76YWQQgkJvSNFEGmKoqKiYlfs5Wc9PT3v9M6zXPEs59l7l\\/MURewoKE1p\\nSidAQiBAEkJ6295+f+xk68zstC1JnveLl25mnvnMd54yz\\/Odp1HL13hB6BUsX4NFsxNtBEEhSGr2\\nJkhq9iZIavYmlq\\/B05\\/PTrQVBGW49\\/w1JDV7DRueXeP7oUqoGQQCgUAgEAgEAoHAAnFUCAQCgUAg\\nEAgEQtJBHBUCgUAgEAgEAoGQdBBHhUAgEAgEAoFAICQdxFEhEAgEAoFAIBAISQft+199bdX\\/XTU0\\n8jRFUWnpObl5A8ZNnr\\/4qoe0Wr2023R2tHy34qUdW79vbT6uUtNZOQVTZ5w376zr9SlGUTrff\\/X6\\ny0\\/dNGPOxb9\\/+H9Cbnrr5SVqtebdFY3SzO6VXDBX7fV4Hnt2zejxs5Z98PcP33gQwBnn3nzLPa9E\\nBt6\\/d+PD98xz2K3TZy++768fi72XzHRXKtv0YoJT89H7z9y+ZSWlUv3x8c8nT1\\/IGr6jveneGyc2\\nNRzrX1j69OvbUgypom5HElQOsS5uAiGJqAhxKG4CIQmqCNUO29TyzZHHKSBLoy3S6OakZt7Tb6BO\\nleDPu21u16TyzRqK2j96uqir3mqsXdPVWu900BSVT2sXpOdckd3fkOjHiSkuj+fTtsZPWk9U260n\\nXA6aUuXRmoG6lKuy8hdm5AaHfK+p7t6aygKtfufIqYmyNhKS1j5o\\/y+vxxN52gu0tZxoazlRuX\\/r\\nlg0rHn1mdXpmnth7HDuy758PnV93rMJ\\/pPbo\\...
2019-04-21 12:27:36:074 - info: [debug] [W3C] Responding to client with driver.getScreenshot() result: "iVBORw0KGgoAAAANSUhEUgAABDgAAAhwCAIAAABH2RmtAAAAA3NCSVQICAjb4U/gAAAgAElEQVR4\nnOydd3wUZf7HP7M7W7K76YWQQgkJvSNFEGmKoqKiYlfs5Wc9PT3v9M6zXPEs59l7l/MURewoKE1p\nSidAQiBAEkJ6295+f+xk68zstC1JnveLl25mnvnMd54yz/Odp1HL13hB6BUsX4NFsxNtBEEhSGr2\nJkhq9iZIavYmlq/B05/PTrQVBGW49/w1JDV7DRueXeP7oUqoGQQCgUAgEAgEAoHAAnFUCAQCgUAg\nEAgEQtJBHBUCgUAgEAgEAoGQdBBHhUAgEAgEAoFAICQdxFEhEAgEAoFAIBAISQft+199bdX/XTU0\n8jRFUWnpObl5A8ZNnr/4qoe0Wr2023R2tHy34qUdW79vbT6uUtNZOQVTZ5w376zr9SlGUTrff/X6\ny0/dNGPOxb9/+H9Cbnrr5SVqtebdFY3SzO6VXDBX7fV4Hnt2zejxs5Z98PcP33gQwBnn3nzLPa9E\nBt6/d+PD98xz2K3TZy++768fi72XzHRXKtv0YoJT89H7z9y+ZSWlUv3x8c8nT1/IGr6jveneGyc2\nNRzrX1j69OvbUgypom5HElQOsS5uAiGJqAhxKG4CIQmqCNUO29TyzZHHKSBLoy3S6OakZt7Tb6BO\nleDPu21u16TyzRqK2j96uqir3mqsXdPVWu900BSVT2sXpOdckd3fkOjHiSkuj+fTtsZPWk9U260n\nXA6aUuXRmoG6lKuy8hdm5AaHfK+p7t6aygKtfufIqYmyNhKS1j5o/y+vxxN52gu0tZxoazlRuX/r\nlg0rHn1mdXpmnth7HDuy758PnV93rMJ/pPbo/t3bfly3+r9/eOyzrOz+wqXWrHwPwPxzbhIS+OvP\nnjN3tael54g1uO9w/qX3bdv87b7dG1Z/89aMOZeMmTAn+KzL5XzjuTscdmtWTsF1t/1brLjMdFcw\n2/QRrr...
2019-04-21 12:27:36:079 - info: [HTTP] <-- GET /wd/hub/session/9dfe04e8-4514-4fcc-8ab3-9e9decae6609/screenshot 200 923 ms - 403958
2019-04-21 12:27:36:079 - info: [HTTP] 
2019-04-21 12:27:36:083 - info: [HTTP] --> GET /wd/hub/session/9dfe04e8-4514-4fcc-8ab3-9e9decae6609/screenshot
2019-04-21 12:27:36:083 - info: [HTTP] {}
2019-04-21 12:27:36:084 - info: [debug] [W3C] Calling AppiumDriver.getScreenshot() with args: ["9dfe04e8-4514-4fcc-8ab3-9e9decae6609"]
2019-04-21 12:27:36:084 - info: [debug] [JSONWP Proxy] Proxying [GET /screenshot] to [GET http://localhost:8204/wd/hub/session/69714aa4-6088-46ff-9784-48790ab7999e/screenshot] with no body
2019-04-21 12:27:36:980 - info: [debug] [JSONWP Proxy] Got response with status 200: "{\"sessionId\":\"69714aa4-6088-46ff-9784-48790ab7999e\",\"status\":0,\"value\":\"iVBORw0KGgoAAAANSUhEUgAABDgAAAhwCAIAAABH2RmtAAAAA3NCSVQICAjb4U\\/gAAAgAElEQVR4\\nnOydd3wUZf7HP7M7W7K76YWQQgkJvSNFEGmKoqKiYlfs5Wc9PT3v9M6zXPEs59l7l\\/MURewoKE1p\\nSidAQiBAEkJ6295+f+xk68zstC1JnveLl25mnvnMd54yz\\/Odp1HL13hB6BUsX4NFsxNtBEEhSGr2\\nJkhq9iZIavYmlq\\/B05\\/PTrQVBGW49\\/w1JDV7DRueXeP7oUqoGQQCgUAgEAgEAoHAAnFUCAQCgUAg\\nEAgEQtJBHBUCgUAgEAgEAoGQdBBHhUAgEAgEAoFAICQdxFEhEAgEAoFAIBAISQft+199bdX\\/XTU0\\n8jRFUWnpObl5A8ZNnr\\/4qoe0Wr2023R2tHy34qUdW79vbT6uUtNZOQVTZ5w376zr9SlGUTrff\\/X6\\ny0\\/dNGPOxb9\\/+H9Cbnrr5SVqtebdFY3SzO6VXDBX7fV4Hnt2zejxs5Z98PcP33gQwBnn3nzLPa9E\\nBt6\\/d+PD98xz2K3TZy++768fi72XzHRXKtv0YoJT89H7z9y+ZSWlUv3x8c8nT1\\/IGr6jveneGyc2\\nNRzrX1j69OvbUgypom5HElQOsS5uAiGJqAhxKG4CIQmqCNUO29TyzZHHKSBLoy3S6OakZt7Tb6BO\\nleDPu21u16TyzRqK2j96uqir3mqsXdPVWu900BSVT2sXpOdckd3fkOjHiSkuj+fTtsZPWk9U260n\\nXA6aUuXRmoG6lKuy8hdm5AaHfK+p7t6aygKtfufIqYmyNhKS1j5o\\/y+vxxN52gu0tZxoazlRuX\\/r\\nlg0rHn1mdXpmnth7HDuy758PnV93rMJ\\/pPbo\\...
2019-04-21 12:27:36:994 - info: [debug] [W3C] Responding to client with driver.getScreenshot() result: "iVBORw0KGgoAAAANSUhEUgAABDgAAAhwCAIAAABH2RmtAAAAA3NCSVQICAjb4U/gAAAgAElEQVR4\nnOydd3wUZf7HP7M7W7K76YWQQgkJvSNFEGmKoqKiYlfs5Wc9PT3v9M6zXPEs59l7l/MURewoKE1p\nSidAQiBAEkJ6295+f+xk68zstC1JnveLl25mnvnMd54yz/Odp1HL13hB6BUsX4NFsxNtBEEhSGr2\nJkhq9iZIavYmlq/B05/PTrQVBGW49/w1JDV7DRueXeP7oUqoGQQCgUAgEAgEAoHAAnFUCAQCgUAg\nEAgEQtJBHBUCgUAgEAgEAoGQdBBHhUAgEAgEAoFAICQdxFEhEAgEAoFAIBAISQft+199bdX/XTU0\n8jRFUWnpObl5A8ZNnr/4qoe0Wr2023R2tHy34qUdW79vbT6uUtNZOQVTZ5w376zr9SlGUTrff/X6\ny0/dNGPOxb9/+H9Cbnrr5SVqtebdFY3SzO6VXDBX7fV4Hnt2zejxs5Z98PcP33gQwBnn3nzLPa9E\nBt6/d+PD98xz2K3TZy++768fi72XzHRXKtv0YoJT89H7z9y+ZSWlUv3x8c8nT1/IGr6jveneGyc2\nNRzrX1j69OvbUgypom5HElQOsS5uAiGJqAhxKG4CIQmqCNUO29TyzZHHKSBLoy3S6OakZt7Tb6BO\nleDPu21u16TyzRqK2j96uqir3mqsXdPVWu900BSVT2sXpOdckd3fkOjHiSkuj+fTtsZPWk9U260n\nXA6aUuXRmoG6lKuy8hdm5AaHfK+p7t6aygKtfufIqYmyNhKS1j5o/y+vxxN52gu0tZxoazlRuX/r\nlg0rHn1mdXpmnth7HDuy758PnV93rMJ/pPbo/t3bfly3+r9/eOyzrOz+wqXWrHwPwPxzbhIS+OvP\nnjN3tael54g1uO9w/qX3bdv87b7dG1Z/89aMOZeMmTAn+KzL5XzjuTscdmtWTsF1t/1brLjMdFcw\n2/QRrr...
2019-04-21 12:27:37:004 - info: [HTTP] <-- GET /wd/hub/session/9dfe04e8-4514-4fcc-8ab3-9e9decae6609/screenshot 200 917 ms - 406076
2019-04-21 12:27:37:004 - info: [HTTP] 
2019-04-21 12:27:37:024 - info: [HTTP] --> GET /wd/hub/session/9dfe04e8-4514-4fcc-8ab3-9e9decae6609/screenshot
2019-04-21 12:27:37:025 - info: [HTTP] {}
2019-04-21 12:27:37:026 - info: [debug] [W3C] Calling AppiumDriver.getScreenshot() with args: ["9dfe04e8-4514-4fcc-8ab3-9e9decae6609"]
2019-04-21 12:27:37:028 - info: [debug] [JSONWP Proxy] Proxying [GET /screenshot] to [GET http://localhost:8204/wd/hub/session/69714aa4-6088-46ff-9784-48790ab7999e/screenshot] with no body
2019-04-21 12:27:37:897 - info: [debug] [JSONWP Proxy] Got response with status 200: "{\"sessionId\":\"69714aa4-6088-46ff-9784-48790ab7999e\",\"status\":0,\"value\":\"iVBORw0KGgoAAAANSUhEUgAABDgAAAhwCAIAAABH2RmtAAAAA3NCSVQICAjb4U\\/gAAAgAElEQVR4\\nnOydd3wUZf7HP7M7W7K76YWQQgkJvSNFEGmKoqKiYlfs5Wc9PT3v9M6zXPEs59l7l\\/MURewoKE1p\\nSidAQiBAEkJ6295+f+xk68zstC1JnveLl25mnvnMd54yz\\/Odp1HL13hB6BUsX4NFsxNtBEEhSGr2\\nJkhq9iZIavYmlq\\/B05\\/PTrQVBGW49\\/w1JDV7DRueXeP7oUqoGQQCgUAgEAgEAoHAAnFUCAQCgUAg\\nEAgEQtJBHBUCgUAgEAgEAoGQdBBHhUAgEAgEAoFAICQdxFEhEAgEAoFAIBAISQft+199bdX\\/XTU0\\n8jRFUWnpObl5A8ZNnr\\/4qoe0Wr2023R2tHy34qUdW79vbT6uUtNZOQVTZ5w376zr9SlGUTrff\\/X6\\ny0\\/dNGPOxb9\\/+H9Cbnrr5SVqtebdFY3SzO6VXDBX7fV4Hnt2zejxs5Z98PcP33gQwBnn3nzLPa9E\\nBt6\\/d+PD98xz2K3TZy++768fi72XzHRXKtv0YoJT89H7z9y+ZSWlUv3x8c8nT1\\/IGr6jveneGyc2\\nNRzrX1j69OvbUgypom5HElQOsS5uAiGJqAhxKG4CIQmqCNUO29TyzZHHKSBLoy3S6OakZt7Tb6BO\\nleDPu21u16TyzRqK2j96uqir3mqsXdPVWu900BSVT2sXpOdckd3fkOjHiSkuj+fTtsZPWk9U260n\\nXA6aUuXRmoG6lKuy8hdm5AaHfK+p7t6aygKtfufIqYmyNhKS1j5o\\/y+vxxN52gu0tZxoazlRuX\\/r\\nlg0rHn1mdXpmnth7HDuy758PnV93rMJ\\/pPbo\\...
2019-04-21 12:27:37:912 - info: [debug] [W3C] Responding to client with driver.getScreenshot() result: "iVBORw0KGgoAAAANSUhEUgAABDgAAAhwCAIAAABH2RmtAAAAA3NCSVQICAjb4U/gAAAgAElEQVR4\nnOydd3wUZf7HP7M7W7K76YWQQgkJvSNFEGmKoqKiYlfs5Wc9PT3v9M6zXPEs59l7l/MURewoKE1p\nSidAQiBAEkJ6295+f+xk68zstC1JnveLl25mnvnMd54yz/Odp1HL13hB6BUsX4NFsxNtBEEhSGr2\nJkhq9iZIavYmlq/B05/PTrQVBGW49/w1JDV7DRueXeP7oUqoGQQCgUAgEAgEAoHAAnFUCAQCgUAg\nEAgEQtJBHBUCgUAgEAgEAoGQdBBHhUAgEAgEAoFAICQdxFEhEAgEAoFAIBAISQft+199bdX/XTU0\n8jRFUWnpObl5A8ZNnr/4qoe0Wr2023R2tHy34qUdW79vbT6uUtNZOQVTZ5w376zr9SlGUTrff/X6\ny0/dNGPOxb9/+H9Cbnrr5SVqtebdFY3SzO6VXDBX7fV4Hnt2zejxs5Z98PcP33gQwBnn3nzLPa9E\nBt6/d+PD98xz2K3TZy++768fi72XzHRXKtv0YoJT89H7z9y+ZSWlUv3x8c8nT1/IGr6jveneGyc2\nNRzrX1j69OvbUgypom5HElQOsS5uAiGJqAhxKG4CIQmqCNUO29TyzZHHKSBLoy3S6OakZt7Tb6BO\nleDPu21u16TyzRqK2j96uqir3mqsXdPVWu900BSVT2sXpOdckd3fkOjHiSkuj+fTtsZPWk9U260n\nXA6aUuXRmoG6lKuy8hdm5AaHfK+p7t6aygKtfufIqYmyNhKS1j5o/y+vxxN52gu0tZxoazlRuX/r\nlg0rHn1mdXpmnth7HDuy758PnV93rMJ/pPbo/t3bfly3+r9/eOyzrOz+wqXWrHwPwPxzbhIS+OvP\nnjN3tael54g1uO9w/qX3bdv87b7dG1Z/89aMOZeMmTAn+KzL5XzjuTscdmtWTsF1t/1brLjMdFcw\n2/QRrr...
2019-04-21 12:27:37:918 - info: [HTTP] <-- GET /wd/hub/session/9dfe04e8-4514-4fcc-8ab3-9e9decae6609/screenshot 200 892 ms - 394468
2019-04-21 12:27:37:918 - info: [HTTP] 
