2019-04-21 10:20:06:153 - warn: [Appium] Appium support for versions of node < 8 has been deprecated and will be removed in a future version. Please upgrade!
2019-04-21 10:20:06:153 - info: [Appium] Welcome to Appium v1.8.1
2019-04-21 10:20:06:153 - info: [Appium] Non-default server args:
2019-04-21 10:20:06:168 - info: [Appium]   port: 4700
2019-04-21 10:20:06:168 - info: [Appium]   bootstrapPort: 4900
2019-04-21 10:20:06:168 - info: [Appium]   sessionOverride: true
2019-04-21 10:20:06:168 - info: [Appium]   log: D:/pythonProgram/Appium27/log/2116ca982019-04-21-18_20_03.log
2019-04-21 10:20:06:168 - info: [Appium]   udid: 2116ca98
2019-04-21 10:20:06:168 - info: [Appium]   noReset: true
2019-04-21 10:20:06:168 - warn: [Appium] Deprecated server args:
2019-04-21 10:20:06:168 - warn: [Appium]   -U,--udid => --default-capabilities '{"udid":"2116ca98"}'
2019-04-21 10:20:06:168 - warn: [Appium]   --no-reset => --default-capabilities '{"noReset":true}'
2019-04-21 10:20:06:168 - info: [Appium] Default capabilities, which will be added to each request unless overridden by desired capabilities:
2019-04-21 10:20:06:168 - info: [Appium]   udid: 2116ca98
2019-04-21 10:20:06:168 - info: [Appium]   noReset: true
2019-04-21 10:20:06:200 - info: [Appium] Appium REST http interface listener started on 0.0.0.0:4700
2019-04-21 10:20:24:279 - info: [HTTP] --> POST /wd/hub/session
2019-04-21 10:20:24:279 - info: [HTTP] {"capabilities":{"firstMatch":[{"appium:unicodeKeyboard":true,"appium:resetKeyboard":true,"appium:appWaitActivity":"com.cy.patrol.act.LoginAct","appium:automationName":"uiautomator2","appium:app":"E:\\work\\appium\\xcry_appium/apk/ryxc.apk","appium:deviceName":"2116ca98","platformName":"Android"}]},"desiredCapabilities":{"deviceName":"2116ca98","unicodeKeyboard":true,"app":"E:\\work\\appium\\xcry_appium/apk/ryxc.apk","appWaitActivity":"com.cy.patrol.act.LoginAct","resetKeyboard":true,"platformName":"Android","automationName":"uiautomator2"}}
2019-04-21 10:20:24:279 - info: [debug] [MJSONWP] Calling AppiumDriver.createSession() with args: [{"deviceName":"2116ca98","unicodeKeyboard":true,"app":"E:\\work\\appium\\xcry_appium/apk/ryxc.apk","appWaitActivity":"com.cy.patrol.act.LoginAct","resetKeyboard":true,"platformName":"Android","automationName":"uiautomator2"},null,{"firstMatch":[{"appium:unicodeKeyboard":true,"appium:resetKeyboard":true,"appium:appWaitActivity":"com.cy.patrol.act.LoginAct","appium:automationName":"uiautomator2","appium:app":"E:\\work\\appium\\xcry_appium/apk/ryxc.apk","appium:deviceName":"2116ca98","platformName":"Android"}]}]
2019-04-21 10:20:24:279 - info: [debug] [BaseDriver] Event 'newSessionRequested' logged at 1555842024279 (18:20:24 GMT+0800 (中国标准时间))
2019-04-21 10:20:24:279 - warn: [BaseDriver] The capabilities ["udid","noReset"] are not standard capabilities and should have an extension prefix
2019-04-21 10:20:24:294 - info: [Appium] Creating new AndroidUiautomator2Driver (v1.12.0) session
2019-04-21 10:20:24:294 - info: [Appium] Capabilities:
2019-04-21 10:20:24:294 - info: [Appium]   udid: 2116ca98
2019-04-21 10:20:24:294 - info: [Appium]   noReset: true
2019-04-21 10:20:24:294 - info: [Appium]   platformName: Android
2019-04-21 10:20:24:294 - info: [Appium]   unicodeKeyboard: true
2019-04-21 10:20:24:294 - info: [Appium]   resetKeyboard: true
2019-04-21 10:20:24:294 - info: [Appium]   appWaitActivity: com.cy.patrol.act.LoginAct
2019-04-21 10:20:24:294 - info: [Appium]   automationName: uiautomator2
2019-04-21 10:20:24:294 - info: [Appium]   app: E:\work\appium\xcry_appium/apk/ryxc.apk
2019-04-21 10:20:24:294 - info: [Appium]   deviceName: 2116ca98
2019-04-21 10:20:24:294 - info: [debug] [BaseDriver] W3C capabilities {"alwaysMatch":{"appium:udi... and MJSONWP desired capabilities [object Object] were provided
2019-04-21 10:20:24:294 - info: [debug] [BaseDriver] Creating session with W3C capabilities: {"alwaysMatch":{"appium:udi...
2019-04-21 10:20:24:310 - info: [BaseDriver] Session created with session id: c4236fde-3da3-4bc9-9a90-c883c8079704
2019-04-21 10:20:24:310 - info: [BaseDriver] Using local app 'E:\work\appium\xcry_appium/apk/ryxc.apk'
2019-04-21 10:20:24:310 - info: [debug] [UiAutomator2] Checking whether app is actually present
2019-04-21 10:20:24:726 - info: [debug] [AndroidDriver] Getting Java version
2019-04-21 10:20:24:830 - info: [AndroidDriver] Java version is: 1.8.0_151
2019-04-21 10:20:24:830 - info: [ADB] Checking whether adb is present
2019-04-21 10:20:24:830 - info: [ADB] Found 1 'build-tools' folders under 'E:\sdk' (newest first):
2019-04-21 10:20:24:830 - info: [ADB]     E:/sdk/build-tools/android-4.3
2019-04-21 10:20:24:830 - info: [ADB] Using adb.exe from E:\sdk\platform-tools\adb.exe
2019-04-21 10:20:24:830 - info: [AndroidDriver] Retrieving device list
2019-04-21 10:20:24:830 - info: [debug] [ADB] Trying to find a connected android device
2019-04-21 10:20:24:845 - info: [debug] [ADB] Getting connected devices...
2019-04-21 10:20:24:861 - info: [debug] [ADB] 1 device(s) connected
2019-04-21 10:20:24:861 - info: [AndroidDriver] Using device: 2116ca98
2019-04-21 10:20:24:861 - info: [debug] [ADB] Setting device id to 2116ca98
2019-04-21 10:20:24:861 - info: [debug] [ADB] Running 'E:\sdk\platform-tools\adb.exe -P 5037 -s 2116ca98 shell getprop ro.build.version.sdk'
2019-04-21 10:20:24:908 - info: [debug] [ADB] Current device property 'ro.build.version.sdk': 25
2019-04-21 10:20:24:908 - info: [debug] [ADB] Device API level: 25
2019-04-21 10:20:24:908 - info: [debug] [AndroidDriver] Parsing package and activity from app manifest
2019-04-21 10:20:24:923 - info: [ADB] Using the alternative activity name detection method because of: Could not find apkanalyzer.bat in E:\sdk\platform-tools\apkanalyzer.bat,E:\sdk\emulator\apkanalyzer.bat,E:\sdk\tools\apkanalyzer.bat,E:\sdk\tools\bin\apkanalyzer.bat,E:\sdk\build-tools\android-4.3\apkanalyzer.bat. Do you have the Android SDK installed at 'E:\sdk'?
2019-04-21 10:20:24:923 - info: [ADB] Checking whether aapt is present
2019-04-21 10:20:24:923 - info: [ADB] Using aapt.exe from E:\sdk\tools\aapt.exe
2019-04-21 10:20:24:923 - info: [ADB] Extracting package and launch activity from manifest
2019-04-21 10:20:24:955 - info: [ADB] Package name: 'com.cy.patrol'
2019-04-21 10:20:24:955 - info: [ADB] Main activity name: 'com.cy.patrol.act.LoadingAct'
2019-04-21 10:20:24:955 - info: [debug] [AndroidDriver] Parsed package and activity are: com.cy.patrol/com.cy.patrol.act.LoadingAct
2019-04-21 10:20:24:955 - info: [ADB] Getting device platform version
2019-04-21 10:20:24:955 - info: [debug] [ADB] Running 'E:\sdk\platform-tools\adb.exe -P 5037 -s 2116ca98 shell getprop ro.build.version.release'
2019-04-21 10:20:25:002 - info: [debug] [ADB] Current device property 'ro.build.version.release': 7.1.1
2019-04-21 10:20:25:002 - info: [debug] [ADB] Running 'E:\sdk\platform-tools\adb.exe -P 5037 -s 2116ca98 shell wm size'
2019-04-21 10:20:25:564 - info: [debug] [ADB] Running 'E:\sdk\platform-tools\adb.exe -P 5037 -s 2116ca98 shell wm density'
2019-04-21 10:20:26:138 - info: [debug] [ADB] Running 'E:\sdk\platform-tools\adb.exe -P 5037 -s 2116ca98 shell getprop ro.product.model'
2019-04-21 10:20:26:232 - info: [debug] [ADB] Current device property 'ro.product.model': OS103
2019-04-21 10:20:26:232 - info: [debug] [ADB] Running 'E:\sdk\platform-tools\adb.exe -P 5037 -s 2116ca98 shell getprop ro.product.manufacturer'
2019-04-21 10:20:26:310 - info: [debug] [ADB] Current device property 'ro.product.manufacturer': smartisan
2019-04-21 10:20:26:310 - info: [debug] [ADB] Device API level: 25
2019-04-21 10:20:26:310 - info: [debug] [ADB] Running 'E:\sdk\platform-tools\adb.exe -P 5037 -s 2116ca98 shell am force-stop io.appium.uiautomator2.server'
2019-04-21 10:20:26:888 - info: [debug] [ADB] Checking app cert for C:\Users\30280\AppData\Roaming\npm\node_modules\appium\node_modules\appium-uiautomator2-server\apks\appium-uiautomator2-server-v1.12.0.apk
2019-04-21 10:20:26:888 - warn: [ADB] Cannot use apksigner tool for signature verification. Defaulting to verify.jar. Original error: Could not find apksigner.bat in E:\sdk\platform-tools\apksigner.bat,E:\sdk\emulator\apksigner.bat,E:\sdk\tools\apksigner.bat,E:\sdk\tools\bin\apksigner.bat,E:\sdk\build-tools\android-4.3\apksigner.bat. Do you have the Android SDK installed at 'E:\sdk'?
2019-04-21 10:20:27:109 - info: [debug] [ADB] 'C:\Users\30280\AppData\Roaming\npm\node_modules\appium\node_modules\appium-uiautomator2-server\apks\appium-uiautomator2-server-v1.12.0.apk' is already signed.
2019-04-21 10:20:27:109 - info: [debug] [ADB] Checking app cert for C:\Users\30280\AppData\Roaming\npm\node_modules\appium\node_modules\appium-uiautomator2-server\apks\appium-uiautomator2-server-debug-androidTest.apk
2019-04-21 10:20:27:125 - warn: [ADB] Cannot use apksigner tool for signature verification. Defaulting to verify.jar. Original error: Could not find apksigner.bat in E:\sdk\platform-tools\apksigner.bat,E:\sdk\emulator\apksigner.bat,E:\sdk\tools\apksigner.bat,E:\sdk\tools\bin\apksigner.bat,E:\sdk\build-tools\android-4.3\apksigner.bat. Do you have the Android SDK installed at 'E:\sdk'?
2019-04-21 10:20:27:365 - info: [debug] [ADB] 'C:\Users\30280\AppData\Roaming\npm\node_modules\appium\node_modules\appium-uiautomator2-server\apks\appium-uiautomator2-server-debug-androidTest.apk' is already signed.
2019-04-21 10:20:27:365 - info: [debug] [ADB] Getting install status for io.appium.uiautomator2.server
2019-04-21 10:20:27:365 - info: [debug] [ADB] Running 'E:\sdk\platform-tools\adb.exe -P 5037 -s 2116ca98 shell pm list packages io.appium.uiautomator2.server'
2019-04-21 10:20:27:924 - info: [debug] [ADB] App is installed
2019-04-21 10:20:27:924 - info: [debug] [ADB] Getting package info for 'io.appium.uiautomator2.server'
2019-04-21 10:20:27:924 - info: [debug] [ADB] Running 'E:\sdk\platform-tools\adb.exe -P 5037 -s 2116ca98 shell dumpsys package io.appium.uiautomator2.server'
2019-04-21 10:20:28:064 - info: [debug] [ADB] The installed 'io.appium.uiautomator2.server' package does not require upgrade ('1.12.0' >= '1.12.0')
2019-04-21 10:20:28:064 - info: [debug] [ADB] Getting install status for io.appium.uiautomator2.server.test
2019-04-21 10:20:28:064 - info: [debug] [ADB] Running 'E:\sdk\platform-tools\adb.exe -P 5037 -s 2116ca98 shell pm list packages io.appium.uiautomator2.server.test'
2019-04-21 10:20:28:611 - info: [debug] [ADB] App is installed
2019-04-21 10:20:28:611 - info: [debug] [ADB] Getting package info for 'io.appium.uiautomator2.server.test'
2019-04-21 10:20:28:611 - info: [debug] [ADB] Running 'E:\sdk\platform-tools\adb.exe -P 5037 -s 2116ca98 shell dumpsys package io.appium.uiautomator2.server.test'
2019-04-21 10:20:28:794 - warn: [ADB] Cannot read version codes of 'C:\Users\30280\AppData\Roaming\npm\node_modules\appium\node_modules\appium-uiautomator2-server\apks\appium-uiautomator2-server-debug-androidTest.apk' and/or 'io.appium.uiautomator2.server.test'
2019-04-21 10:20:28:794 - warn: [ADB] Cannot read version names of 'C:\Users\30280\AppData\Roaming\npm\node_modules\appium\node_modules\appium-uiautomator2-server\apks\appium-uiautomator2-server-debug-androidTest.apk' and/or 'io.appium.uiautomator2.server.test'. Assuming correct app version is already installed
2019-04-21 10:20:28:794 - info: [debug] [UiAutomator2] Waiting up to 20000ms for instrumentation 'io.appium.uiautomator2.server.test/android.support.test.runner.AndroidJUnitRunner' to be available
2019-04-21 10:20:28:794 - info: [debug] [ADB] Running 'E:\sdk\platform-tools\adb.exe -P 5037 -s 2116ca98 shell pm list instrumentation'
2019-04-21 10:20:29:372 - info: [debug] [UiAutomator2] Instrumentation 'io.appium.uiautomator2.server.test/android.support.test.runner.AndroidJUnitRunner' available
2019-04-21 10:20:29:372 - info: [debug] [ADB] Running 'E:\sdk\platform-tools\adb.exe -P 5037 -s 2116ca98 wait-for-device'
2019-04-21 10:20:29:403 - info: [debug] [ADB] Running 'E:\sdk\platform-tools\adb.exe -P 5037 -s 2116ca98 shell echo ping'
2019-04-21 10:20:29:435 - info: [debug] [AndroidDriver] Pushing settings apk to device...
2019-04-21 10:20:29:435 - info: [debug] [ADB] Getting install status for io.appium.settings
2019-04-21 10:20:29:435 - info: [debug] [ADB] Running 'E:\sdk\platform-tools\adb.exe -P 5037 -s 2116ca98 shell pm list packages io.appium.settings'
2019-04-21 10:20:29:966 - info: [debug] [ADB] App is installed
2019-04-21 10:20:29:966 - info: [debug] [ADB] Getting package info for 'io.appium.settings'
2019-04-21 10:20:29:966 - info: [debug] [ADB] Running 'E:\sdk\platform-tools\adb.exe -P 5037 -s 2116ca98 shell dumpsys package io.appium.settings'
2019-04-21 10:20:30:060 - info: [debug] [ADB] The installed 'io.appium.settings' package does not require upgrade (13 > 5)
2019-04-21 10:20:30:060 - info: [debug] [ADB] Running 'E:\sdk\platform-tools\adb.exe -P 5037 -s 2116ca98 shell ps'
2019-04-21 10:20:30:169 - info: [debug] [AndroidDriver] io.appium.settings is already running. There is no need to reset its permissions.
2019-04-21 10:20:30:169 - info: [debug] [ADB] Device API level: 25
2019-04-21 10:20:30:169 - info: [debug] [ADB] Running 'E:\sdk\platform-tools\adb.exe -P 5037 -s 2116ca98 shell appops set io.appium.settings android\:mock_location allow'
2019-04-21 10:20:30:231 - warn: [AndroidDriver] setDeviceLanguageCountry requires language or country.
2019-04-21 10:20:30:231 - warn: [AndroidDriver] Got language: 'null' and country: 'null'
2019-04-21 10:20:30:231 - info: [debug] [Logcat] Starting logcat capture
2019-04-21 10:20:30:310 - info: [debug] [AndroidDriver] Enabling Unicode keyboard support
2019-04-21 10:20:30:310 - info: [debug] [AndroidDriver] Pushing unicode ime to device...
2019-04-21 10:20:30:310 - info: [debug] [ADB] Running 'E:\sdk\platform-tools\adb.exe -P 5037 -s 2116ca98 install C\:\\Users\\30280\\AppData\\Roaming\\npm\\node_modules\\appium\\node_modules\\appium-android-ime\\bin\\UnicodeIME-debug.apk'
2019-04-21 10:20:31:216 - info: [debug] [ADB] Install command stdout: Failure [INSTALL_FAILED_ALREADY_EXISTS: Attempt to re-install io.appium.android.ime without first uninstalling.]
2019-04-21 10:20:31:216 - info: [debug] [ADB] Application 'C:\Users\30280\AppData\Roaming\npm\node_modules\appium\node_modules\appium-android-ime\bin\UnicodeIME-debug.apk' already installed. Continuing.
2019-04-21 10:20:31:216 - info: [debug] [ADB] Running 'E:\sdk\platform-tools\adb.exe -P 5037 -s 2116ca98 shell settings get secure default_input_method'
2019-04-21 10:20:31:759 - info: [debug] [AndroidDriver] Unsetting previous IME com.iflytek.inputmethod.smartisan/com.iflytek.inputmethod.FlyIME
2019-04-21 10:20:31:759 - info: [debug] [AndroidDriver] Setting IME to 'io.appium.android.ime/.UnicodeIME'
2019-04-21 10:20:31:759 - info: [debug] [ADB] Running 'E:\sdk\platform-tools\adb.exe -P 5037 -s 2116ca98 shell ime enable io.appium.android.ime/.UnicodeIME'
2019-04-21 10:20:32:321 - info: [debug] [ADB] Running 'E:\sdk\platform-tools\adb.exe -P 5037 -s 2116ca98 shell ime set io.appium.android.ime/.UnicodeIME'
2019-04-21 10:20:32:878 - info: [debug] [AndroidDriver] Pushing unlock helper app to device...
2019-04-21 10:20:32:878 - info: [debug] [ADB] Getting install status for io.appium.unlock
2019-04-21 10:20:32:878 - info: [debug] [ADB] Running 'E:\sdk\platform-tools\adb.exe -P 5037 -s 2116ca98 shell pm list packages io.appium.unlock'
2019-04-21 10:20:33:440 - info: [debug] [ADB] App is installed
2019-04-21 10:20:33:440 - info: [debug] [ADB] Getting package info for 'io.appium.unlock'
2019-04-21 10:20:33:440 - info: [debug] [ADB] Running 'E:\sdk\platform-tools\adb.exe -P 5037 -s 2116ca98 shell dumpsys package io.appium.unlock'
2019-04-21 10:20:33:581 - info: [debug] [ADB] The installed 'io.appium.unlock' package does not require upgrade ('2.0.0' >= '2.0.0')
2019-04-21 10:20:33:581 - info: [debug] [UiAutomator2] Forwarding UiAutomator2 Server port 6790 to 8200
2019-04-21 10:20:33:581 - info: [debug] [ADB] Forwarding system: 8200 to device: 6790
2019-04-21 10:20:33:581 - info: [debug] [ADB] Running 'E:\sdk\platform-tools\adb.exe -P 5037 -s 2116ca98 forward tcp\:8200 tcp\:6790'
2019-04-21 10:20:33:597 - info: [debug] [ADB] Running 'E:\sdk\platform-tools\adb.exe -P 5037 -s 2116ca98 shell rm -rf /data/local/tmp/strings.json'
2019-04-21 10:20:33:665 - info: [debug] [AndroidDriver] Extracting strings from apk
2019-04-21 10:20:33:665 - info: [debug] [AndroidDriver] E:\work\appium\xcry_appium/apk/ryxc.apk
2019-04-21 10:20:33:666 - info: [debug] [AndroidDriver] null
2019-04-21 10:20:33:666 - info: [debug] [AndroidDriver] C:\Users\30280\AppData\Local\Temp\com.cy.patrol
2019-04-21 10:20:33:667 - info: [debug] [ADB] Extracting strings for language: default
2019-04-21 10:20:33:794 - info: [ADB] Successfully extracted 498 strings from 'E:\work\appium\xcry_appium/apk/ryxc.apk' resources for '(default)' configuration
2019-04-21 10:20:33:810 - info: [debug] [ADB] Running 'E:\sdk\platform-tools\adb.exe -P 5037 -s 2116ca98 push C\:\\Users\\30280\\AppData\\Local\\Temp\\com.cy.patrol\\strings.json /data/local/tmp'
2019-04-21 10:20:33:857 - info: [debug] [ADB] Checking app cert for E:\work\appium\xcry_appium/apk/ryxc.apk
2019-04-21 10:20:33:857 - warn: [ADB] Cannot use apksigner tool for signature verification. Defaulting to verify.jar. Original error: Could not find apksigner.bat in E:\sdk\platform-tools\apksigner.bat,E:\sdk\emulator\apksigner.bat,E:\sdk\tools\apksigner.bat,E:\sdk\tools\bin\apksigner.bat,E:\sdk\build-tools\android-4.3\apksigner.bat. Do you have the Android SDK installed at 'E:\sdk'?
2019-04-21 10:20:34:981 - info: [debug] [ADB] 'E:\work\appium\xcry_appium/apk/ryxc.apk' is already signed.
2019-04-21 10:20:34:981 - info: [debug] [ADB] Getting install status for com.cy.patrol
2019-04-21 10:20:34:981 - info: [debug] [ADB] Running 'E:\sdk\platform-tools\adb.exe -P 5037 -s 2116ca98 shell pm list packages com.cy.patrol'
2019-04-21 10:20:35:528 - info: [debug] [ADB] App is not installed
2019-04-21 10:20:35:528 - info: [debug] [ADB] App 'E:\work\appium\xcry_appium/apk/ryxc.apk' not installed. Installing
2019-04-21 10:20:35:528 - info: [debug] [ADB] Running 'E:\sdk\platform-tools\adb.exe -P 5037 -s 2116ca98 install E\:\\work\\appium\\xcry_appium/apk/ryxc.apk'
2019-04-21 10:20:54:919 - info: [debug] [ADB] Install command stdout: Success
2019-04-21 10:20:54:919 - info: [debug] [ADB] Running 'E:\sdk\platform-tools\adb.exe -P 5037 -s 2116ca98 shell am force-stop io.appium.uiautomator2.server'
2019-04-21 10:20:55:544 - info: [UiAutomator2] Starting uiautomator2 server 1.12.0
2019-04-21 10:20:55:544 - info: [UiAutomator2] Using UIAutomator2 server from 'C:\Users\30280\AppData\Roaming\npm\node_modules\appium\node_modules\appium-uiautomator2-server\apks\appium-uiautomator2-server-v1.12.0.apk' and test from 'C:\Users\30280\AppData\Roaming\npm\node_modules\appium\node_modules\appium-uiautomator2-server\apks\appium-uiautomator2-server-debug-androidTest.apk'
2019-04-21 10:20:55:560 - info: [UiAutomator2] Running command: 'adb -s 2116ca98 shell am instrument -w io.appium.uiautomator2.server.test/android.support.test.runner.AndroidJUnitRunner'
2019-04-21 10:20:55:560 - info: [UiAutomator2] Waiting up to 20000ms for UiAutomator2 to be online...
2019-04-21 10:20:55:560 - info: [debug] [JSONWP Proxy] Proxying [GET /status] to [GET http://localhost:8200/wd/hub/status] with no body
2019-04-21 10:20:56:623 - info: [debug] [JSONWP Proxy] Proxying [GET /status] to [GET http://localhost:8200/wd/hub/status] with no body
2019-04-21 10:20:57:643 - info: [debug] [JSONWP Proxy] Proxying [GET /status] to [GET http://localhost:8200/wd/hub/status] with no body
2019-04-21 10:20:58:654 - info: [debug] [JSONWP Proxy] Proxying [GET /status] to [GET http://localhost:8200/wd/hub/status] with no body
2019-04-21 10:20:58:701 - info: [debug] [JSONWP Proxy] Got response with status 200: "{\"sessionId\":\"SESSIONID\",\"status\":0,\"value\":\"Status Invoked\"}"
2019-04-21 10:20:58:701 - info: [debug] [JSONWP Proxy] Proxying [POST /session] to [POST http://localhost:8200/wd/hub/session] with body: {"desiredCapabilities":{"platform":"LINUX","webStorageEnabled":false,"takesScreenshot":true,"javascriptEnabled":true,"databaseEnabled":false,"networkConnectionEnabled":true,"locationContextEnabled":false,"warnings":{},"desired":{"platformName":"Android","udid":"2116ca98","noReset":true,"unicodeKeyboard":true,"resetKeyboard":true,"appWaitActivity":"com.cy.patrol.act.LoginAct","automationName":"uiautomator2","app":"E:\\work\\appium\\xcry_appium/apk/ryxc.apk","deviceName":"2116ca98"},"platformName":"Android","udid":"2116ca98","noReset":true,"unicodeKeyboard":true,"resetKeyboard":true,"appWaitActivity":"com.cy.patrol.act.LoginAct","automationName":"uiautomator2","app":"E:\\work\\appium\\xcry_appium/apk/ryxc.apk","deviceName":"2116ca98","deviceUDID":"2116ca98","platformVersion":"7.1.1","deviceScreenSize":"1080x2160","deviceScreenDensity":400,"deviceModel":"OS103","deviceManufacturer":"smartisan","deviceApiLevel":25,"appPackage":"com.cy.patrol"}}
2019-04-21 10:20:58:732 - info: [debug] [JSONWP Proxy] Got response with status 200: {"sessionId":"5760ac8c-f4e5-46fc-98d9-f37f080064ce","status":0,"value":"Created Session"}
2019-04-21 10:20:58:732 - info: [debug] [ADB] Running 'E:\sdk\platform-tools\adb.exe -P 5037 -s 2116ca98 shell dumpsys window'
2019-04-21 10:20:58:857 - info: [AndroidDriver] Screen already unlocked, doing nothing
2019-04-21 10:20:58:857 - info: [UiAutomator2] UiAutomator2 did not start the activity we were waiting for, 'com.cy.patrol/com.cy.patrol.act.LoginAct'. Starting it ourselves
2019-04-21 10:20:58:873 - info: [debug] [ADB] Device API level: 25
2019-04-21 10:20:58:873 - info: [debug] [ADB] Running 'E:\sdk\platform-tools\adb.exe -P 5037 -s 2116ca98 shell am start -W -n com.cy.patrol/com.cy.patrol.act.LoadingAct -S -a android.intent.action.MAIN -c android.intent.category.LAUNCHER -f 0x10200000'
2019-04-21 10:21:01:192 - info: [debug] [ADB] Waiting up to 20000ms for activity matching pkg: 'com.cy.patrol' and activity: 'com.cy.patrol.act.LoginAct' to be focused
2019-04-21 10:21:01:192 - info: [debug] [ADB] Possible activities, to be checked: 'com.cy.patrol.act.LoginAct', 'com.cy.patrol.com.cy.patrol.act.LoginAct'
2019-04-21 10:21:01:207 - info: [debug] [ADB] Getting focused package and activity
2019-04-21 10:21:01:207 - info: [debug] [ADB] Running 'E:\sdk\platform-tools\adb.exe -P 5037 -s 2116ca98 shell dumpsys window windows'
2019-04-21 10:21:01:348 - info: [debug] [ADB] Found package: 'com.cy.patrol' and fully qualified activity name : 'com.cy.patrol.act.LoginAct'
2019-04-21 10:21:01:348 - info: [debug] [JSONWP Proxy] Proxying [GET /appium/device/pixel_ratio] to [GET http://localhost:8200/wd/hub/session/5760ac8c-f4e5-46fc-98d9-f37f080064ce/appium/device/pixel_ratio] with body: {}
2019-04-21 10:21:01:364 - info: [debug] [JSONWP Proxy] Got response with status 200: "{\"sessionId\":\"5760ac8c-f4e5-46fc-98d9-f37f080064ce\",\"status\":0,\"value\":2.5}"
2019-04-21 10:21:01:364 - info: [debug] [JSONWP Proxy] Proxying [GET /appium/device/system_bars] to [GET http://localhost:8200/wd/hub/session/5760ac8c-f4e5-46fc-98d9-f37f080064ce/appium/device/system_bars] with body: {}
2019-04-21 10:21:01:395 - info: [debug] [JSONWP Proxy] Got response with status 200: "{\"sessionId\":\"5760ac8c-f4e5-46fc-98d9-f37f080064ce\",\"status\":0,\"value\":{\"statusBar\":60}}"
2019-04-21 10:21:01:395 - info: [debug] [JSONWP Proxy] Proxying [GET /window/current/size] to [GET http://localhost:8200/wd/hub/session/5760ac8c-f4e5-46fc-98d9-f37f080064ce/window/current/size] with body: {}
2019-04-21 10:21:01:410 - info: [debug] [JSONWP Proxy] Got response with status 200: "{\"sessionId\":\"5760ac8c-f4e5-46fc-98d9-f37f080064ce\",\"status\":0,\"value\":{\"height\":2070,\"width\":1080}}"
2019-04-21 10:21:01:410 - info: [Appium] New AndroidUiautomator2Driver session created successfully, session c4236fde-3da3-4bc9-9a90-c883c8079704 added to master session list
2019-04-21 10:21:01:410 - info: [debug] [BaseDriver] Event 'newSessionStarted' logged at 1555842061410 (18:21:01 GMT+0800 (中国标准时间))
2019-04-21 10:21:01:410 - info: [debug] [W3C] Responding to client with driver.createSession() result: {"capabilities":{"platform":"LINUX","webStorageEnabled":false,"takesScreenshot":true,"javascriptEnabled":true,"databaseEnabled":false,"networkConnectionEnabled":true,"locationContextEnabled":false,"warnings":{},"desired":{"platformName":"Android","udid":"2116ca98","noReset":true,"unicodeKeyboard":true,"resetKeyboard":true,"appWaitActivity":"com.cy.patrol.act.LoginAct","automationName":"uiautomator2","app":"E:\\work\\appium\\xcry_appium/apk/ryxc.apk","deviceName":"2116ca98"},"platformName":"Android","udid":"2116ca98","noReset":true,"unicodeKeyboard":true,"resetKeyboard":true,"appWaitActivity":"com.cy.patrol.act.LoginAct","automationName":"uiautomator2","app":"E:\\work\\appium\\xcry_appium/apk/ryxc.apk","deviceName":"2116ca98","deviceUDID":"2116ca98","platformVersion":"7.1.1","deviceScreenSize":"1080x2160","deviceScreenDensity":400,"deviceModel":"OS103","deviceManufacturer":"smartisan","deviceApiLevel":25,"appPackage":"com.cy.patrol","pixelRatio":2.5,"statBarHeight":60,"viewportRect":{"left":0,"top":60,"widt...
2019-04-21 10:21:01:426 - info: [HTTP] <-- POST /wd/hub/session 200 37142 ms - 1106
2019-04-21 10:21:01:426 - info: [HTTP] 
2019-04-21 10:21:01:457 - info: [HTTP] --> GET /wd/hub/session/c4236fde-3da3-4bc9-9a90-c883c8079704/screenshot
2019-04-21 10:21:01:457 - info: [HTTP] {}
2019-04-21 10:21:01:457 - info: [debug] [W3C] Calling AppiumDriver.getScreenshot() with args: ["c4236fde-3da3-4bc9-9a90-c883c8079704"]
2019-04-21 10:21:01:457 - info: [debug] [JSONWP Proxy] Proxying [GET /screenshot] to [GET http://localhost:8200/wd/hub/session/5760ac8c-f4e5-46fc-98d9-f37f080064ce/screenshot] with no body
2019-04-21 10:21:02:107 - info: [debug] [JSONWP Proxy] Got response with status 200: "{\"sessionId\":\"5760ac8c-f4e5-46fc-98d9-f37f080064ce\",\"status\":0,\"value\":\"iVBORw0KGgoAAAANSUhEUgAABDgAAAhwCAIAAABH2RmtAAAAA3NCSVQICAjb4U\\/gAAAgAElEQVR4\\nnOzddXwU19oH8GfWstmNbNwIEiGB4FIIxSleKrdKod5bl1vvrbu73Nv2vnVHSkuNUtyCO4QkEAjE\\nPSvJ+rx\\/DNkuq7OaSfh9P\\/ljMzuWnJ3Z88w55zmM3mgl6BEMRjZCxnT1WUBwoDR7EpRmT4LS7EkM\\nRjZqztSuPgsIDu3va0JRmqZVa4O+T+BP1NUnAAAAAAAA4AiBCgAAAAAACA4CFQAAAAAAEBwEKgAA\\nAAAAIDgIVAAAAAAAQHBOByrlx44p5BLnH2WktHdm2vhxY55+8gm9Xu\\/3YVqam1968flpUycVDOg\\/\\ndPDAWTPP++D9d3U6na\\/7+fST\\/8llooVXXcnzoClJcRnpyb6fb0+mkEvkMtHGDeuJ6JWXX5TLRHKZ\\n6M47bnO58ratRXGxSrlMtGD+FX4cK8ByD9bHpgezL815c2fLZSKFXPLbr7+4W7+psTEnq49cJioY\\n0F+j0fh6OBRoIEJ9ufGEQgyKMFxuPKFAg6Jcr5duWO\\/8I9uwPn1r0dg9u584flxv7fosqc1mc\\/yW\\nzSlFW3zd6oWKisn79ubt2F6wc8f0\\/fveq6rSCeDPCSmT1fpVXd3MA\\/tzt2+L2rRRtWVz\\/o7tcw4e\\nWNrQ4LDmx9XV4g3r+27f1iXn6SBYl6TXOnB1VdWDD9w3e9b0gfm55xaec\\/WC+UsWLwrs3EOC4dIT\\nlx87NnBArudVCwoGrfhzVVKyz\\/X+I8XFl116cVlZqcPyc8aMXbRoaWpaGv9dTZ0yccvmTX+s+GvK\\n1GleV37+2Weef\\/6ZhMTEqup63864e+KZNFMhl1it...
2019-04-21 10:21:02:123 - info: [debug] [W3C] Responding to client with driver.getScreenshot() result: "iVBORw0KGgoAAAANSUhEUgAABDgAAAhwCAIAAABH2RmtAAAAA3NCSVQICAjb4U/gAAAgAElEQVR4\nnOzddXwU19oH8GfWstmNbNwIEiGB4FIIxSleKrdKod5bl1vvrbu73Nv2vnVHSkuNUtyCO4QkEAjE\nPSvJ+rx/DNkuq7OaSfh9P/ljMzuWnJ3Z88w55zmM3mgl6BEMRjZCxnT1WUBwoDR7EpRmT4LS7EkM\nRjZqztSuPgsIDu3va0JRmqZVa4O+T+BP1NUnAAAAAAAA4AiBCgAAAAAACA4CFQAAAAAAEBwEKgAA\nAAAAIDgIVAAAAAAAQHBOByrlx44p5BLnH2WktHdm2vhxY55+8gm9Xu/3YVqam1968flpUycVDOg/\ndPDAWTPP++D9d3U6na/7+fST/8llooVXXcnzoClJcRnpyb6fb0+mkEvkMtHGDeuJ6JWXX5TLRHKZ\n6M47bnO58ratRXGxSrlMtGD+FX4cK8ByD9bHpgezL815c2fLZSKFXPLbr7+4W7+psTEnq49cJioY\n0F+j0fh6OBRoIEJ9ufGEQgyKMFxuPKFAg6Jcr5duWO/8I9uwPn1r0dg9u584flxv7fosqc1mc/yW\nzSlFW3zd6oWKisn79ubt2F6wc8f0/fveq6rSCeDPCSmT1fpVXd3MA/tzt2+L2rRRtWVz/o7tcw4e\nWNrQ4LDmx9XV4g3r+27f1iXn6SBYl6TXOnB1VdWDD9w3e9b0gfm55xaec/WC+UsWLwrs3EOC4dIT\nlx87NnBArudVCwoGrfhzVVKyz/X+I8XFl116cVlZqcPyc8aMXbRoaWpaGv9dTZ0yccvmTX+s+GvK\n1GleV37+2Weef/6ZhMTEqup63864e+KZNFMhl1it1r9WrZ0wcZLJZJo5Y9qWzZukUumvv62YNHmK\n/Zomk2nShHG7d+9KS0vfvGVbekaGT+cTYLkH8WPTHflRmiVHjkycUNjW1paXl79l6w6lUum8/l13\n3v6/jz...
2019-04-21 10:21:02:123 - info: [HTTP] <-- GET /wd/hub/session/c4236fde-3da3-4bc9-9a90-c883c8079704/screenshot 200 662 ms - 201130
2019-04-21 10:21:02:123 - info: [HTTP] 
2019-04-21 10:21:02:139 - info: [HTTP] --> GET /wd/hub/session/c4236fde-3da3-4bc9-9a90-c883c8079704/screenshot
2019-04-21 10:21:02:139 - info: [HTTP] {}
2019-04-21 10:21:02:139 - info: [debug] [W3C] Calling AppiumDriver.getScreenshot() with args: ["c4236fde-3da3-4bc9-9a90-c883c8079704"]
2019-04-21 10:21:02:139 - info: [debug] [JSONWP Proxy] Proxying [GET /screenshot] to [GET http://localhost:8200/wd/hub/session/5760ac8c-f4e5-46fc-98d9-f37f080064ce/screenshot] with no body
2019-04-21 10:21:02:670 - info: [debug] [JSONWP Proxy] Got response with status 200: "{\"sessionId\":\"5760ac8c-f4e5-46fc-98d9-f37f080064ce\",\"status\":0,\"value\":\"iVBORw0KGgoAAAANSUhEUgAABDgAAAhwCAIAAABH2RmtAAAAA3NCSVQICAjb4U\\/gAAAgAElEQVR4\\nnOzdeVxU5cIH8OfMxjAM+76JCgoIuCGKoiiiVqaVleaStmipWV3NbmVWWm7dbqWpWd20a6ZmmZqR\\na5C7iPuCoiiKssnOwADDrO8fz+u5x5kBZ2CAA\\/6+H\\/+YOZw558GHM3N+82yMwWAgAAAAAA+hIUNa\\nuwRgIwcPNkttHjxo+2OCxQStXQAAAAAAAABjCCoAAAAAAMA7CCoAAAAAAMA7CCoAAAAAAMA7CCoA\\nAAAAAMA7\\/x9UsrKyhOaIRCIfH5++fft+8MEHKpWq0acpKytbvHhxfHx8ly5dwsPDExMTV65cWV1d\\nbe1xvv\\/+e4ZhnnvuOQtP6uLi4unpaX152zOhUMgwzKFDhwghS5cuZRiGYZgZM2aY3Tk1NVUmkzEM\\nM27cuEacq4n1bqs\\/m3aMW5uPPvoowzBCoTApKam+\\/UtKSjp06MAwTJcuXaqqqqw9HSq0KZr7crMQ\\nKtEmWuBysxAq1CayVCrhoUOm\\/0SHDvmkpvY9e\\/aDW7dUen1rF5OUabUux455Hj9u7asW374df\\/58\\nl5Mnw0+dSrxwYWVeXjUPfp1mpdHrNxQWDr94MTgtTXbkiNOxY11Pnnz00qXfiouN9vwuP585dKhD\\nWlqrlNOIrS7JB94D5+XlzZkzZ9iwYSEhITExMePHj\\/\\/111+bVvZmwdDpibOyskJCQhreNTIyMiUl\\nxcvLy9pzZGRkPPXUU5mZmUbbY2Njt2\\/f7uvra\\/mhBg0adPTo0eTk5MTExAfuvHDhwo8\\/\\/tjDw6PY\\n5I\\/yYSYUCvV6\\/cGDBwcPHqzRaIYOHXr06F...
2019-04-21 10:21:02:686 - info: [debug] [W3C] Responding to client with driver.getScreenshot() result: "iVBORw0KGgoAAAANSUhEUgAABDgAAAhwCAIAAABH2RmtAAAAA3NCSVQICAjb4U/gAAAgAElEQVR4\nnOzdeVxU5cIH8OfMxjAM+76JCgoIuCGKoiiiVqaVleaStmipWV3NbmVWWm7dbqWpWd20a6ZmmZqR\na5C7iPuCoiiKssnOwADDrO8fz+u5x5kBZ2CAA/6+H/+YOZw558GHM3N+82yMwWAgAAAAAA+hIUNa\nuwRgIwcPNkttHjxo+2OCxQStXQAAAAAAAABjCCoAAAAAAMA7CCoAAAAAAMA7CCoAAAAAAMA7CCoA\nAAAAAMA7/x9UsrKyhOaIRCIfH5++fft+8MEHKpWq0acpKytbvHhxfHx8ly5dwsPDExMTV65cWV1d\nbe1xvv/+e4ZhnnvuOQtP6uLi4unpaX152zOhUMgwzKFDhwghS5cuZRiGYZgZM2aY3Tk1NVUmkzEM\nM27cuEacq4n1bqs/m3aMW5uPPvoowzBCoTApKam+/UtKSjp06MAwTJcuXaqqqqw9HSq0KZr7crMQ\nKtEmWuBysxAq1CayVCrhoUOm/0SHDvmkpvY9e/aDW7dUen1rF5OUabUux455Hj9u7asW374df/58\nl5Mnw0+dSrxwYWVeXjUPfp1mpdHrNxQWDr94MTgtTXbkiNOxY11Pnnz00qXfiouN9vwuP585dKhD\nWlqrlNOIrS7JB94D5+XlzZkzZ9iwYSEhITExMePHj//111+bVvZmwdDpibOyskJCQhreNTIyMiUl\nxcvLy9pzZGRkPPXUU5mZmUbbY2Njt2/f7uvra/mhBg0adPTo0eTk5MTExAfuvHDhwo8//tjDw6PY\n5I/yYSYUCvV6/cGDBwcPHqzRaIYOHXr06FGxWLxv376EhATunhqNpn///mfOnPHz8zt58qS/v79V\nJ2pivdvwz6Yd49bm1atXY2NjFQpFWFjY6dOnHRwcTPefOXPmt99+KxAItm3b9tRTT1l1LlRoEzXr\n5WYhVK...
2019-04-21 10:21:02:686 - info: [HTTP] <-- GET /wd/hub/session/c4236fde-3da3-4bc9-9a90-c883c8079704/screenshot 200 552 ms - 109488
2019-04-21 10:21:02:686 - info: [HTTP] 
2019-04-21 10:21:02:702 - info: [HTTP] --> GET /wd/hub/session/c4236fde-3da3-4bc9-9a90-c883c8079704/screenshot
2019-04-21 10:21:02:717 - info: [HTTP] {}
2019-04-21 10:21:02:717 - info: [debug] [W3C] Calling AppiumDriver.getScreenshot() with args: ["c4236fde-3da3-4bc9-9a90-c883c8079704"]
2019-04-21 10:21:02:717 - info: [debug] [JSONWP Proxy] Proxying [GET /screenshot] to [GET http://localhost:8200/wd/hub/session/5760ac8c-f4e5-46fc-98d9-f37f080064ce/screenshot] with no body
2019-04-21 10:21:03:264 - info: [debug] [JSONWP Proxy] Got response with status 200: "{\"sessionId\":\"5760ac8c-f4e5-46fc-98d9-f37f080064ce\",\"status\":0,\"value\":\"iVBORw0KGgoAAAANSUhEUgAABDgAAAhwCAIAAABH2RmtAAAAA3NCSVQICAjb4U\\/gAAAgAElEQVR4\\nnOzdeVxU5cIH8OfMxjAM+76JCgoIuCGKoiiiVqaVleaStmipWV3NbmVWWm7dbqWpWd20a6ZmmZqR\\na5C7iPuCoiiKssnOwADDrO8fz+u5x5kBZ2CAA\\/6+H\\/+YOZw558GHM3N+82yMwWAgAAAAAA+hIUNa\\nuwRgIwcPNkttHjxo+2OCxQStXQAAAAAAAABjCCoAAAAAAMA7CCoAAAAAAMA7CCoAAAAAAMA7CCoA\\nAAAAAMA7\\/x9UsrKyhOaIRCIfH5++fft+8MEHKpWq0acpKytbvHhxfHx8ly5dwsPDExMTV65cWV1d\\nbe1xvv\\/+e4ZhnnvuOQtP6uLi4unpaX152zOhUMgwzKFDhwghS5cuZRiGYZgZM2aY3Tk1NVUmkzEM\\nM27cuEacq4n1bqs\\/m3aMW5uPPvoowzBCoTApKam+\\/UtKSjp06MAwTJcuXaqqqqw9HSq0KZr7crMQ\\nKtEmWuBysxAq1CayVCrhoUOm\\/0SHDvmkpvY9e\\/aDW7dUen1rF5OUabUux455Hj9u7asW374df\\/58\\nl5Mnw0+dSrxwYWVeXjUPfp1mpdHrNxQWDr94MTgtTXbkiNOxY11Pnnz00qXfiouN9vwuP585dKhD\\nWlqrlNOIrS7JB94D5+XlzZkzZ9iwYSEhITExMePHj\\/\\/111+bVvZmwdDpibOyskJCQhreNTIyMiUl\\nxcvLy9pzZGRkPPXUU5mZmUbbY2Njt2\\/f7uvra\\/mhBg0adPTo0eTk5MTExAfuvHDhwo8\\/\\/tjDw6PY\\n5I\\/yYSYUCvV6\\/cGDBwcPHqzRaIYOHXr06F...
2019-04-21 10:21:03:280 - info: [debug] [W3C] Responding to client with driver.getScreenshot() result: "iVBORw0KGgoAAAANSUhEUgAABDgAAAhwCAIAAABH2RmtAAAAA3NCSVQICAjb4U/gAAAgAElEQVR4\nnOzdeVxU5cIH8OfMxjAM+76JCgoIuCGKoiiiVqaVleaStmipWV3NbmVWWm7dbqWpWd20a6ZmmZqR\na5C7iPuCoiiKssnOwADDrO8fz+u5x5kBZ2CAA/6+H/+YOZw558GHM3N+82yMwWAgAAAAAA+hIUNa\nuwRgIwcPNkttHjxo+2OCxQStXQAAAAAAAABjCCoAAAAAAMA7CCoAAAAAAMA7CCoAAAAAAMA7CCoA\nAAAAAMA7/x9UsrKyhOaIRCIfH5++fft+8MEHKpWq0acpKytbvHhxfHx8ly5dwsPDExMTV65cWV1d\nbe1xvv/+e4ZhnnvuOQtP6uLi4unpaX152zOhUMgwzKFDhwghS5cuZRiGYZgZM2aY3Tk1NVUmkzEM\nM27cuEacq4n1bqs/m3aMW5uPPvoowzBCoTApKam+/UtKSjp06MAwTJcuXaqqqqw9HSq0KZr7crMQ\nKtEmWuBysxAq1CayVCrhoUOm/0SHDvmkpvY9e/aDW7dUen1rF5OUabUux455Hj9u7asW374df/58\nl5Mnw0+dSrxwYWVeXjUPfp1mpdHrNxQWDr94MTgtTXbkiNOxY11Pnnz00qXfiouN9vwuP585dKhD\nWlqrlNOIrS7JB94D5+XlzZkzZ9iwYSEhITExMePHj//111+bVvZmwdDpibOyskJCQhreNTIyMiUl\nxcvLy9pzZGRkPPXUU5mZmUbbY2Njt2/f7uvra/mhBg0adPTo0eTk5MTExAfuvHDhwo8//tjDw6PY\n5I/yYSYUCvV6/cGDBwcPHqzRaIYOHXr06FGxWLxv376EhATunhqNpn///mfOnPHz8zt58qS/v79V\nJ2pivdvwz6Yd49bm1atXY2NjFQpFWFjY6dOnHRwcTPefOXPmt99+KxAItm3b9tRTT1l1LlRoEzXr\n5WYhVK...
2019-04-21 10:21:03:280 - info: [HTTP] <-- GET /wd/hub/session/c4236fde-3da3-4bc9-9a90-c883c8079704/screenshot 200 565 ms - 109550
2019-04-21 10:21:03:280 - info: [HTTP] 
2019-04-21 10:22:03:290 - warn: [BaseDriver] Shutting down because we waited 60 seconds for a command
2019-04-21 10:22:03:290 - info: [debug] [UiAutomator2] Deleting UiAutomator2 session
2019-04-21 10:22:03:290 - info: [debug] [UiAutomator2] Deleting UiAutomator2 server session
2019-04-21 10:22:03:290 - info: [debug] [JSONWP Proxy] Proxying [DELETE /] to [DELETE http://localhost:8200/wd/hub/session/5760ac8c-f4e5-46fc-98d9-f37f080064ce] with no body
2019-04-21 10:22:03:306 - warn: [Appium] Closing session, cause was 'New Command Timeout of 60 seconds expired. Try customizing the timeout using the 'newCommandTimeout' desired capability'
2019-04-21 10:22:03:306 - info: [Appium] Removing session c4236fde-3da3-4bc9-9a90-c883c8079704 from our master session list
2019-04-21 10:22:03:337 - info: [debug] [JSONWP Proxy] Got response with status 200: "{\"sessionId\":\"5760ac8c-f4e5-46fc-98d9-f37f080064ce\",\"status\":0,\"value\":\"Session deleted\"}"
2019-04-21 10:22:03:337 - info: [debug] [UiAutomator2] Resetting IME to 'com.iflytek.inputmethod.smartisan/com.iflytek.inputmethod.FlyIME'
2019-04-21 10:22:03:337 - info: [debug] [ADB] Running 'E:\sdk\platform-tools\adb.exe -P 5037 -s 2116ca98 shell ime set com.iflytek.inputmethod.smartisan/com.iflytek.inputmethod.FlyIME'
2019-04-21 10:22:03:738 - info: [debug] [UiAutomator2] [UIAutomator2] io.appium.uiautomator2.server.test.AppiumUiAutomator2Server:.
2019-04-21 10:22:03:738 - info: [debug] [UiAutomator2] [UIAutomator2] Time: 66.038
2019-04-21 10:22:03:738 - info: [debug] [UiAutomator2] [UIAutomator2] OK (1 test)
2019-04-21 10:22:03:909 - info: [debug] [ADB] Running 'E:\sdk\platform-tools\adb.exe -P 5037 -s 2116ca98 shell am force-stop com.cy.patrol'
2019-04-21 10:22:04:519 - info: [debug] [Logcat] Stopping logcat capture
2019-04-21 10:22:04:534 - info: [debug] [ADB] Removing forwarded port socket connection: 8200 
2019-04-21 10:22:04:534 - info: [debug] [ADB] Running 'E:\sdk\platform-tools\adb.exe -P 5037 -s 2116ca98 forward --remove tcp\:8200'
