2019-04-21 12:33:44:060 - warn: [Appium] Appium support for versions of node < 8 has been deprecated and will be removed in a future version. Please upgrade!
2019-04-21 12:33:44:073 - info: [Appium] Welcome to Appium v1.8.1
2019-04-21 12:33:44:074 - info: [Appium] Non-default server args:
2019-04-21 12:33:44:074 - info: [Appium]   port: 4701
2019-04-21 12:33:44:074 - info: [Appium]   bootstrapPort: 4900
2019-04-21 12:33:44:075 - info: [Appium]   sessionOverride: true
2019-04-21 12:33:44:075 - info: [Appium]   log: D:/pythonProgram/Appium27/log/2116ca982019-04-21-20_33_41.log
2019-04-21 12:33:44:076 - info: [Appium]   udid: 2116ca98
2019-04-21 12:33:44:076 - info: [Appium]   noReset: true
2019-04-21 12:33:44:076 - warn: [Appium] Deprecated server args:
2019-04-21 12:33:44:076 - warn: [Appium]   -U,--udid => --default-capabilities '{"udid":"2116ca98"}'
2019-04-21 12:33:44:076 - warn: [Appium]   --no-reset => --default-capabilities '{"noReset":true}'
2019-04-21 12:33:44:077 - info: [Appium] Default capabilities, which will be added to each request unless overridden by desired capabilities:
2019-04-21 12:33:44:077 - info: [Appium]   udid: 2116ca98
2019-04-21 12:33:44:077 - info: [Appium]   noReset: true
2019-04-21 12:33:44:115 - info: [Appium] Appium REST http interface listener started on 0.0.0.0:4701
2019-04-21 12:34:02:192 - info: [HTTP] --> POST /wd/hub/session
2019-04-21 12:34:02:193 - info: [HTTP] {"capabilities":{"firstMatch":[{"appium:unicodeKeyboard":true,"appium:resetKeyboard":true,"appium:appWaitActivity":"com.cy.patrol.act.LoginAct","appium:automationName":"uiautomator2","appium:app":"E:\\work\\appium\\xcry_appium/apk/ryxc.apk","appium:deviceName":"2116ca98","platformName":"Android"}]},"desiredCapabilities":{"deviceName":"2116ca98","unicodeKeyboard":true,"app":"E:\\work\\appium\\xcry_appium/apk/ryxc.apk","appWaitActivity":"com.cy.patrol.act.LoginAct","resetKeyboard":true,"platformName":"Android","automationName":"uiautomator2"}}
2019-04-21 12:34:02:195 - info: [debug] [MJSONWP] Calling AppiumDriver.createSession() with args: [{"deviceName":"2116ca98","unicodeKeyboard":true,"app":"E:\\work\\appium\\xcry_appium/apk/ryxc.apk","appWaitActivity":"com.cy.patrol.act.LoginAct","resetKeyboard":true,"platformName":"Android","automationName":"uiautomator2"},null,{"firstMatch":[{"appium:unicodeKeyboard":true,"appium:resetKeyboard":true,"appium:appWaitActivity":"com.cy.patrol.act.LoginAct","appium:automationName":"uiautomator2","appium:app":"E:\\work\\appium\\xcry_appium/apk/ryxc.apk","appium:deviceName":"2116ca98","platformName":"Android"}]}]
2019-04-21 12:34:02:196 - info: [debug] [BaseDriver] Event 'newSessionRequested' logged at 1555850042196 (20:34:02 GMT+0800 (中国标准时间))
2019-04-21 12:34:02:199 - warn: [BaseDriver] The capabilities ["udid","noReset"] are not standard capabilities and should have an extension prefix
2019-04-21 12:34:02:204 - info: [Appium] Creating new AndroidUiautomator2Driver (v1.12.0) session
2019-04-21 12:34:02:204 - info: [Appium] Capabilities:
2019-04-21 12:34:02:204 - info: [Appium]   udid: 2116ca98
2019-04-21 12:34:02:205 - info: [Appium]   noReset: true
2019-04-21 12:34:02:205 - info: [Appium]   platformName: Android
2019-04-21 12:34:02:205 - info: [Appium]   unicodeKeyboard: true
2019-04-21 12:34:02:205 - info: [Appium]   resetKeyboard: true
2019-04-21 12:34:02:205 - info: [Appium]   appWaitActivity: com.cy.patrol.act.LoginAct
2019-04-21 12:34:02:205 - info: [Appium]   automationName: uiautomator2
2019-04-21 12:34:02:205 - info: [Appium]   app: E:\work\appium\xcry_appium/apk/ryxc.apk
2019-04-21 12:34:02:205 - info: [Appium]   deviceName: 2116ca98
2019-04-21 12:34:02:209 - info: [debug] [BaseDriver] W3C capabilities {"alwaysMatch":{"appium:udi... and MJSONWP desired capabilities [object Object] were provided
2019-04-21 12:34:02:209 - info: [debug] [BaseDriver] Creating session with W3C capabilities: {"alwaysMatch":{"appium:udi...
2019-04-21 12:34:02:226 - info: [BaseDriver] Session created with session id: 6d1c896d-bea6-49fd-bded-7f1b2d5b031d
2019-04-21 12:34:02:229 - info: [BaseDriver] Using local app 'E:\work\appium\xcry_appium/apk/ryxc.apk'
2019-04-21 12:34:02:229 - info: [debug] [UiAutomator2] Checking whether app is actually present
2019-04-21 12:34:02:638 - info: [debug] [AndroidDriver] Getting Java version
2019-04-21 12:34:02:767 - info: [AndroidDriver] Java version is: 1.8.0_151
2019-04-21 12:34:02:770 - info: [ADB] Checking whether adb is present
2019-04-21 12:34:02:774 - info: [ADB] Found 1 'build-tools' folders under 'E:\sdk' (newest first):
2019-04-21 12:34:02:774 - info: [ADB]     E:/sdk/build-tools/android-4.3
2019-04-21 12:34:02:775 - info: [ADB] Using adb.exe from E:\sdk\platform-tools\adb.exe
2019-04-21 12:34:02:775 - info: [AndroidDriver] Retrieving device list
2019-04-21 12:34:02:776 - info: [debug] [ADB] Trying to find a connected android device
2019-04-21 12:34:02:776 - info: [debug] [ADB] Getting connected devices...
2019-04-21 12:34:02:798 - info: [debug] [ADB] 1 device(s) connected
2019-04-21 12:34:02:800 - info: [AndroidDriver] Using device: 2116ca98
2019-04-21 12:34:02:802 - info: [debug] [ADB] Setting device id to 2116ca98
2019-04-21 12:34:02:806 - info: [debug] [ADB] Running 'E:\sdk\platform-tools\adb.exe -P 5037 -s 2116ca98 shell getprop ro.build.version.sdk'
2019-04-21 12:34:02:868 - info: [debug] [ADB] Current device property 'ro.build.version.sdk': 25
2019-04-21 12:34:02:869 - info: [debug] [ADB] Device API level: 25
2019-04-21 12:34:02:870 - info: [debug] [AndroidDriver] Parsing package and activity from app manifest
2019-04-21 12:34:02:875 - info: [ADB] Using the alternative activity name detection method because of: Could not find apkanalyzer.bat in E:\sdk\platform-tools\apkanalyzer.bat,E:\sdk\emulator\apkanalyzer.bat,E:\sdk\tools\apkanalyzer.bat,E:\sdk\tools\bin\apkanalyzer.bat,E:\sdk\build-tools\android-4.3\apkanalyzer.bat. Do you have the Android SDK installed at 'E:\sdk'?
2019-04-21 12:34:02:876 - info: [ADB] Checking whether aapt is present
2019-04-21 12:34:02:879 - info: [ADB] Using aapt.exe from E:\sdk\tools\aapt.exe
2019-04-21 12:34:02:880 - info: [ADB] Extracting package and launch activity from manifest
2019-04-21 12:34:02:907 - info: [ADB] Package name: 'com.cy.patrol'
2019-04-21 12:34:02:907 - info: [ADB] Main activity name: 'com.cy.patrol.act.LoadingAct'
2019-04-21 12:34:02:907 - info: [debug] [AndroidDriver] Parsed package and activity are: com.cy.patrol/com.cy.patrol.act.LoadingAct
2019-04-21 12:34:02:908 - info: [ADB] Getting device platform version
2019-04-21 12:34:02:908 - info: [debug] [ADB] Running 'E:\sdk\platform-tools\adb.exe -P 5037 -s 2116ca98 shell getprop ro.build.version.release'
2019-04-21 12:34:02:951 - info: [debug] [ADB] Current device property 'ro.build.version.release': 7.1.1
2019-04-21 12:34:02:951 - info: [debug] [ADB] Running 'E:\sdk\platform-tools\adb.exe -P 5037 -s 2116ca98 shell wm size'
2019-04-21 12:34:03:459 - info: [debug] [ADB] Running 'E:\sdk\platform-tools\adb.exe -P 5037 -s 2116ca98 shell wm density'
2019-04-21 12:34:04:004 - info: [debug] [ADB] Running 'E:\sdk\platform-tools\adb.exe -P 5037 -s 2116ca98 shell getprop ro.product.model'
2019-04-21 12:34:04:083 - info: [debug] [ADB] Current device property 'ro.product.model': OS103
2019-04-21 12:34:04:084 - info: [debug] [ADB] Running 'E:\sdk\platform-tools\adb.exe -P 5037 -s 2116ca98 shell getprop ro.product.manufacturer'
2019-04-21 12:34:04:143 - info: [debug] [ADB] Current device property 'ro.product.manufacturer': smartisan
2019-04-21 12:34:04:144 - info: [debug] [ADB] Device API level: 25
2019-04-21 12:34:04:149 - info: [debug] [ADB] Running 'E:\sdk\platform-tools\adb.exe -P 5037 -s 2116ca98 shell am force-stop io.appium.uiautomator2.server'
2019-04-21 12:34:04:716 - info: [debug] [ADB] Checking app cert for C:\Users\30280\AppData\Roaming\npm\node_modules\appium\node_modules\appium-uiautomator2-server\apks\appium-uiautomator2-server-v1.12.0.apk
2019-04-21 12:34:04:723 - warn: [ADB] Cannot use apksigner tool for signature verification. Defaulting to verify.jar. Original error: Could not find apksigner.bat in E:\sdk\platform-tools\apksigner.bat,E:\sdk\emulator\apksigner.bat,E:\sdk\tools\apksigner.bat,E:\sdk\tools\bin\apksigner.bat,E:\sdk\build-tools\android-4.3\apksigner.bat. Do you have the Android SDK installed at 'E:\sdk'?
2019-04-21 12:34:04:976 - info: [debug] [ADB] 'C:\Users\30280\AppData\Roaming\npm\node_modules\appium\node_modules\appium-uiautomator2-server\apks\appium-uiautomator2-server-v1.12.0.apk' is already signed.
2019-04-21 12:34:04:976 - info: [debug] [ADB] Checking app cert for C:\Users\30280\AppData\Roaming\npm\node_modules\appium\node_modules\appium-uiautomator2-server\apks\appium-uiautomator2-server-debug-androidTest.apk
2019-04-21 12:34:04:977 - warn: [ADB] Cannot use apksigner tool for signature verification. Defaulting to verify.jar. Original error: Could not find apksigner.bat in E:\sdk\platform-tools\apksigner.bat,E:\sdk\emulator\apksigner.bat,E:\sdk\tools\apksigner.bat,E:\sdk\tools\bin\apksigner.bat,E:\sdk\build-tools\android-4.3\apksigner.bat. Do you have the Android SDK installed at 'E:\sdk'?
2019-04-21 12:34:05:250 - info: [debug] [ADB] 'C:\Users\30280\AppData\Roaming\npm\node_modules\appium\node_modules\appium-uiautomator2-server\apks\appium-uiautomator2-server-debug-androidTest.apk' is already signed.
2019-04-21 12:34:05:251 - info: [debug] [ADB] Getting install status for io.appium.uiautomator2.server
2019-04-21 12:34:05:251 - info: [debug] [ADB] Running 'E:\sdk\platform-tools\adb.exe -P 5037 -s 2116ca98 shell pm list packages io.appium.uiautomator2.server'
2019-04-21 12:34:05:777 - info: [debug] [ADB] App is installed
2019-04-21 12:34:05:779 - info: [debug] [ADB] Getting package info for 'io.appium.uiautomator2.server'
2019-04-21 12:34:05:780 - info: [debug] [ADB] Running 'E:\sdk\platform-tools\adb.exe -P 5037 -s 2116ca98 shell dumpsys package io.appium.uiautomator2.server'
2019-04-21 12:34:05:902 - info: [debug] [ADB] The installed 'io.appium.uiautomator2.server' package does not require upgrade ('1.12.0' >= '1.12.0')
2019-04-21 12:34:05:904 - info: [debug] [ADB] Getting install status for io.appium.uiautomator2.server.test
2019-04-21 12:34:05:904 - info: [debug] [ADB] Running 'E:\sdk\platform-tools\adb.exe -P 5037 -s 2116ca98 shell pm list packages io.appium.uiautomator2.server.test'
2019-04-21 12:34:06:423 - info: [debug] [ADB] App is installed
2019-04-21 12:34:06:426 - info: [debug] [ADB] Getting package info for 'io.appium.uiautomator2.server.test'
2019-04-21 12:34:06:427 - info: [debug] [ADB] Running 'E:\sdk\platform-tools\adb.exe -P 5037 -s 2116ca98 shell dumpsys package io.appium.uiautomator2.server.test'
2019-04-21 12:34:06:574 - warn: [ADB] Cannot read version codes of 'C:\Users\30280\AppData\Roaming\npm\node_modules\appium\node_modules\appium-uiautomator2-server\apks\appium-uiautomator2-server-debug-androidTest.apk' and/or 'io.appium.uiautomator2.server.test'
2019-04-21 12:34:06:578 - warn: [ADB] Cannot read version names of 'C:\Users\30280\AppData\Roaming\npm\node_modules\appium\node_modules\appium-uiautomator2-server\apks\appium-uiautomator2-server-debug-androidTest.apk' and/or 'io.appium.uiautomator2.server.test'. Assuming correct app version is already installed
2019-04-21 12:34:06:579 - info: [debug] [UiAutomator2] Waiting up to 20000ms for instrumentation 'io.appium.uiautomator2.server.test/android.support.test.runner.AndroidJUnitRunner' to be available
2019-04-21 12:34:06:583 - info: [debug] [ADB] Running 'E:\sdk\platform-tools\adb.exe -P 5037 -s 2116ca98 shell pm list instrumentation'
2019-04-21 12:34:07:105 - info: [debug] [UiAutomator2] Instrumentation 'io.appium.uiautomator2.server.test/android.support.test.runner.AndroidJUnitRunner' available
2019-04-21 12:34:07:110 - info: [debug] [ADB] Running 'E:\sdk\platform-tools\adb.exe -P 5037 -s 2116ca98 wait-for-device'
2019-04-21 12:34:07:166 - info: [debug] [ADB] Running 'E:\sdk\platform-tools\adb.exe -P 5037 -s 2116ca98 shell echo ping'
2019-04-21 12:34:07:208 - info: [debug] [AndroidDriver] Pushing settings apk to device...
2019-04-21 12:34:07:208 - info: [debug] [ADB] Getting install status for io.appium.settings
2019-04-21 12:34:07:208 - info: [debug] [ADB] Running 'E:\sdk\platform-tools\adb.exe -P 5037 -s 2116ca98 shell pm list packages io.appium.settings'
2019-04-21 12:34:07:768 - info: [debug] [ADB] App is installed
2019-04-21 12:34:07:769 - info: [debug] [ADB] Getting package info for 'io.appium.settings'
2019-04-21 12:34:07:770 - info: [debug] [ADB] Running 'E:\sdk\platform-tools\adb.exe -P 5037 -s 2116ca98 shell dumpsys package io.appium.settings'
2019-04-21 12:34:07:891 - info: [debug] [ADB] The installed 'io.appium.settings' package does not require upgrade (13 > 5)
2019-04-21 12:34:07:893 - info: [debug] [ADB] Running 'E:\sdk\platform-tools\adb.exe -P 5037 -s 2116ca98 shell ps'
2019-04-21 12:34:08:021 - info: [debug] [AndroidDriver] io.appium.settings is already running. There is no need to reset its permissions.
2019-04-21 12:34:08:022 - info: [debug] [ADB] Device API level: 25
2019-04-21 12:34:08:023 - info: [debug] [ADB] Running 'E:\sdk\platform-tools\adb.exe -P 5037 -s 2116ca98 shell appops set io.appium.settings android\:mock_location allow'
2019-04-21 12:34:08:096 - warn: [AndroidDriver] setDeviceLanguageCountry requires language or country.
2019-04-21 12:34:08:097 - warn: [AndroidDriver] Got language: 'null' and country: 'null'
2019-04-21 12:34:08:098 - info: [debug] [Logcat] Starting logcat capture
2019-04-21 12:34:08:142 - info: [debug] [AndroidDriver] Enabling Unicode keyboard support
2019-04-21 12:34:08:143 - info: [debug] [AndroidDriver] Pushing unicode ime to device...
2019-04-21 12:34:08:145 - info: [debug] [ADB] Running 'E:\sdk\platform-tools\adb.exe -P 5037 -s 2116ca98 install C\:\\Users\\30280\\AppData\\Roaming\\npm\\node_modules\\appium\\node_modules\\appium-android-ime\\bin\\UnicodeIME-debug.apk'
2019-04-21 12:34:08:956 - info: [debug] [ADB] Install command stdout: Failure [INSTALL_FAILED_ALREADY_EXISTS: Attempt to re-install io.appium.android.ime without first uninstalling.]
2019-04-21 12:34:08:957 - info: [debug] [ADB] Application 'C:\Users\30280\AppData\Roaming\npm\node_modules\appium\node_modules\appium-android-ime\bin\UnicodeIME-debug.apk' already installed. Continuing.
2019-04-21 12:34:08:959 - info: [debug] [ADB] Running 'E:\sdk\platform-tools\adb.exe -P 5037 -s 2116ca98 shell settings get secure default_input_method'
2019-04-21 12:34:09:525 - info: [debug] [AndroidDriver] Unsetting previous IME io.appium.android.ime/.UnicodeIME
2019-04-21 12:34:09:526 - info: [debug] [AndroidDriver] Setting IME to 'io.appium.android.ime/.UnicodeIME'
2019-04-21 12:34:09:527 - info: [debug] [ADB] Running 'E:\sdk\platform-tools\adb.exe -P 5037 -s 2116ca98 shell ime enable io.appium.android.ime/.UnicodeIME'
2019-04-21 12:34:10:064 - info: [debug] [ADB] Running 'E:\sdk\platform-tools\adb.exe -P 5037 -s 2116ca98 shell ime set io.appium.android.ime/.UnicodeIME'
2019-04-21 12:34:10:605 - info: [debug] [AndroidDriver] Pushing unlock helper app to device...
2019-04-21 12:34:10:606 - info: [debug] [ADB] Getting install status for io.appium.unlock
2019-04-21 12:34:10:607 - info: [debug] [ADB] Running 'E:\sdk\platform-tools\adb.exe -P 5037 -s 2116ca98 shell pm list packages io.appium.unlock'
2019-04-21 12:34:11:158 - info: [debug] [ADB] App is installed
2019-04-21 12:34:11:159 - info: [debug] [ADB] Getting package info for 'io.appium.unlock'
2019-04-21 12:34:11:159 - info: [debug] [ADB] Running 'E:\sdk\platform-tools\adb.exe -P 5037 -s 2116ca98 shell dumpsys package io.appium.unlock'
2019-04-21 12:34:11:284 - info: [debug] [ADB] The installed 'io.appium.unlock' package does not require upgrade ('2.0.0' >= '2.0.0')
2019-04-21 12:34:11:285 - info: [debug] [UiAutomator2] Forwarding UiAutomator2 Server port 6790 to 8206
2019-04-21 12:34:11:286 - info: [debug] [ADB] Forwarding system: 8206 to device: 6790
2019-04-21 12:34:11:286 - info: [debug] [ADB] Running 'E:\sdk\platform-tools\adb.exe -P 5037 -s 2116ca98 forward tcp\:8206 tcp\:6790'
2019-04-21 12:34:11:311 - info: [debug] [ADB] Running 'E:\sdk\platform-tools\adb.exe -P 5037 -s 2116ca98 shell rm -rf /data/local/tmp/strings.json'
2019-04-21 12:34:11:360 - info: [debug] [AndroidDriver] Extracting strings from apk
2019-04-21 12:34:11:361 - info: [debug] [AndroidDriver] E:\work\appium\xcry_appium/apk/ryxc.apk
2019-04-21 12:34:11:363 - info: [debug] [AndroidDriver] null
2019-04-21 12:34:11:363 - info: [debug] [AndroidDriver] C:\Users\30280\AppData\Local\Temp\com.cy.patrol
2019-04-21 12:34:11:365 - info: [debug] [ADB] Extracting strings for language: default
2019-04-21 12:34:11:528 - info: [ADB] Successfully extracted 498 strings from 'E:\work\appium\xcry_appium/apk/ryxc.apk' resources for '(default)' configuration
2019-04-21 12:34:11:540 - info: [debug] [ADB] Running 'E:\sdk\platform-tools\adb.exe -P 5037 -s 2116ca98 push C\:\\Users\\30280\\AppData\\Local\\Temp\\com.cy.patrol\\strings.json /data/local/tmp'
2019-04-21 12:34:11:585 - info: [debug] [ADB] Checking app cert for E:\work\appium\xcry_appium/apk/ryxc.apk
2019-04-21 12:34:11:585 - warn: [ADB] Cannot use apksigner tool for signature verification. Defaulting to verify.jar. Original error: Could not find apksigner.bat in E:\sdk\platform-tools\apksigner.bat,E:\sdk\emulator\apksigner.bat,E:\sdk\tools\apksigner.bat,E:\sdk\tools\bin\apksigner.bat,E:\sdk\build-tools\android-4.3\apksigner.bat. Do you have the Android SDK installed at 'E:\sdk'?
2019-04-21 12:34:12:704 - info: [debug] [ADB] 'E:\work\appium\xcry_appium/apk/ryxc.apk' is already signed.
2019-04-21 12:34:12:704 - info: [debug] [ADB] Getting install status for com.cy.patrol
2019-04-21 12:34:12:705 - info: [debug] [ADB] Running 'E:\sdk\platform-tools\adb.exe -P 5037 -s 2116ca98 shell pm list packages com.cy.patrol'
2019-04-21 12:34:13:219 - info: [debug] [ADB] App is not installed
2019-04-21 12:34:13:219 - info: [debug] [ADB] App 'E:\work\appium\xcry_appium/apk/ryxc.apk' not installed. Installing
2019-04-21 12:34:13:220 - info: [debug] [ADB] Running 'E:\sdk\platform-tools\adb.exe -P 5037 -s 2116ca98 install E\:\\work\\appium\\xcry_appium/apk/ryxc.apk'
2019-04-21 12:34:33:282 - info: [debug] [ADB] Install command stdout: Success
2019-04-21 12:34:33:283 - info: [debug] [ADB] Running 'E:\sdk\platform-tools\adb.exe -P 5037 -s 2116ca98 shell am force-stop io.appium.uiautomator2.server'
2019-04-21 12:34:33:869 - info: [UiAutomator2] Starting uiautomator2 server 1.12.0
2019-04-21 12:34:33:871 - info: [UiAutomator2] Using UIAutomator2 server from 'C:\Users\30280\AppData\Roaming\npm\node_modules\appium\node_modules\appium-uiautomator2-server\apks\appium-uiautomator2-server-v1.12.0.apk' and test from 'C:\Users\30280\AppData\Roaming\npm\node_modules\appium\node_modules\appium-uiautomator2-server\apks\appium-uiautomator2-server-debug-androidTest.apk'
2019-04-21 12:34:33:873 - info: [UiAutomator2] Running command: 'adb -s 2116ca98 shell am instrument -w io.appium.uiautomator2.server.test/android.support.test.runner.AndroidJUnitRunner'
2019-04-21 12:34:33:881 - info: [UiAutomator2] Waiting up to 20000ms for UiAutomator2 to be online...
2019-04-21 12:34:33:884 - info: [debug] [JSONWP Proxy] Proxying [GET /status] to [GET http://localhost:8206/wd/hub/status] with no body
2019-04-21 12:34:34:921 - info: [debug] [JSONWP Proxy] Proxying [GET /status] to [GET http://localhost:8206/wd/hub/status] with no body
2019-04-21 12:34:35:939 - info: [debug] [JSONWP Proxy] Proxying [GET /status] to [GET http://localhost:8206/wd/hub/status] with no body
2019-04-21 12:34:36:944 - info: [debug] [JSONWP Proxy] Proxying [GET /status] to [GET http://localhost:8206/wd/hub/status] with no body
2019-04-21 12:34:37:954 - info: [debug] [JSONWP Proxy] Proxying [GET /status] to [GET http://localhost:8206/wd/hub/status] with no body
2019-04-21 12:34:38:008 - info: [debug] [JSONWP Proxy] Got response with status 200: "{\"sessionId\":\"SESSIONID\",\"status\":0,\"value\":\"Status Invoked\"}"
2019-04-21 12:34:38:011 - info: [debug] [JSONWP Proxy] Proxying [POST /session] to [POST http://localhost:8206/wd/hub/session] with body: {"desiredCapabilities":{"platform":"LINUX","webStorageEnabled":false,"takesScreenshot":true,"javascriptEnabled":true,"databaseEnabled":false,"networkConnectionEnabled":true,"locationContextEnabled":false,"warnings":{},"desired":{"platformName":"Android","udid":"2116ca98","noReset":true,"unicodeKeyboard":true,"resetKeyboard":true,"appWaitActivity":"com.cy.patrol.act.LoginAct","automationName":"uiautomator2","app":"E:\\work\\appium\\xcry_appium/apk/ryxc.apk","deviceName":"2116ca98"},"platformName":"Android","udid":"2116ca98","noReset":true,"unicodeKeyboard":true,"resetKeyboard":true,"appWaitActivity":"com.cy.patrol.act.LoginAct","automationName":"uiautomator2","app":"E:\\work\\appium\\xcry_appium/apk/ryxc.apk","deviceName":"2116ca98","deviceUDID":"2116ca98","platformVersion":"7.1.1","deviceScreenSize":"1080x2160","deviceScreenDensity":400,"deviceModel":"OS103","deviceManufacturer":"smartisan","deviceApiLevel":25,"appPackage":"com.cy.patrol"}}
2019-04-21 12:34:38:043 - info: [debug] [JSONWP Proxy] Got response with status 200: {"sessionId":"cb34634d-7bf3-47e2-ac31-7f1d228d623d","status":0,"value":"Created Session"}
2019-04-21 12:34:38:043 - info: [debug] [ADB] Running 'E:\sdk\platform-tools\adb.exe -P 5037 -s 2116ca98 shell dumpsys window'
2019-04-21 12:34:38:135 - info: [AndroidDriver] Screen already unlocked, doing nothing
2019-04-21 12:34:38:136 - info: [UiAutomator2] UiAutomator2 did not start the activity we were waiting for, 'com.cy.patrol/com.cy.patrol.act.LoginAct'. Starting it ourselves
2019-04-21 12:34:38:138 - info: [debug] [ADB] Device API level: 25
2019-04-21 12:34:38:141 - info: [debug] [ADB] Running 'E:\sdk\platform-tools\adb.exe -P 5037 -s 2116ca98 shell am start -W -n com.cy.patrol/com.cy.patrol.act.LoadingAct -S -a android.intent.action.MAIN -c android.intent.category.LAUNCHER -f 0x10200000'
2019-04-21 12:34:39:795 - info: [debug] [ADB] Waiting up to 20000ms for activity matching pkg: 'com.cy.patrol' and activity: 'com.cy.patrol.act.LoginAct' to be focused
2019-04-21 12:34:39:796 - info: [debug] [ADB] Possible activities, to be checked: 'com.cy.patrol.act.LoginAct', 'com.cy.patrol.com.cy.patrol.act.LoginAct'
2019-04-21 12:34:39:799 - info: [debug] [ADB] Getting focused package and activity
2019-04-21 12:34:39:800 - info: [debug] [ADB] Running 'E:\sdk\platform-tools\adb.exe -P 5037 -s 2116ca98 shell dumpsys window windows'
2019-04-21 12:34:39:927 - info: [debug] [ADB] Found package: 'com.cy.patrol' and fully qualified activity name : 'com.cy.patrol.act.LoginAct'
2019-04-21 12:34:39:930 - info: [debug] [JSONWP Proxy] Proxying [GET /appium/device/pixel_ratio] to [GET http://localhost:8206/wd/hub/session/cb34634d-7bf3-47e2-ac31-7f1d228d623d/appium/device/pixel_ratio] with body: {}
2019-04-21 12:34:39:951 - info: [debug] [JSONWP Proxy] Got response with status 200: "{\"sessionId\":\"cb34634d-7bf3-47e2-ac31-7f1d228d623d\",\"status\":0,\"value\":2.5}"
2019-04-21 12:34:39:954 - info: [debug] [JSONWP Proxy] Proxying [GET /appium/device/system_bars] to [GET http://localhost:8206/wd/hub/session/cb34634d-7bf3-47e2-ac31-7f1d228d623d/appium/device/system_bars] with body: {}
2019-04-21 12:34:39:974 - info: [debug] [JSONWP Proxy] Got response with status 200: "{\"sessionId\":\"cb34634d-7bf3-47e2-ac31-7f1d228d623d\",\"status\":0,\"value\":{\"statusBar\":60}}"
2019-04-21 12:34:39:977 - info: [debug] [JSONWP Proxy] Proxying [GET /window/current/size] to [GET http://localhost:8206/wd/hub/session/cb34634d-7bf3-47e2-ac31-7f1d228d623d/window/current/size] with body: {}
2019-04-21 12:34:39:998 - info: [debug] [JSONWP Proxy] Got response with status 200: "{\"sessionId\":\"cb34634d-7bf3-47e2-ac31-7f1d228d623d\",\"status\":0,\"value\":{\"height\":2070,\"width\":1080}}"
2019-04-21 12:34:40:003 - info: [Appium] New AndroidUiautomator2Driver session created successfully, session 6d1c896d-bea6-49fd-bded-7f1b2d5b031d added to master session list
2019-04-21 12:34:40:005 - info: [debug] [BaseDriver] Event 'newSessionStarted' logged at 1555850080005 (20:34:40 GMT+0800 (中国标准时间))
2019-04-21 12:34:40:009 - info: [debug] [W3C] Responding to client with driver.createSession() result: {"capabilities":{"platform":"LINUX","webStorageEnabled":false,"takesScreenshot":true,"javascriptEnabled":true,"databaseEnabled":false,"networkConnectionEnabled":true,"locationContextEnabled":false,"warnings":{},"desired":{"platformName":"Android","udid":"2116ca98","noReset":true,"unicodeKeyboard":true,"resetKeyboard":true,"appWaitActivity":"com.cy.patrol.act.LoginAct","automationName":"uiautomator2","app":"E:\\work\\appium\\xcry_appium/apk/ryxc.apk","deviceName":"2116ca98"},"platformName":"Android","udid":"2116ca98","noReset":true,"unicodeKeyboard":true,"resetKeyboard":true,"appWaitActivity":"com.cy.patrol.act.LoginAct","automationName":"uiautomator2","app":"E:\\work\\appium\\xcry_appium/apk/ryxc.apk","deviceName":"2116ca98","deviceUDID":"2116ca98","platformVersion":"7.1.1","deviceScreenSize":"1080x2160","deviceScreenDensity":400,"deviceModel":"OS103","deviceManufacturer":"smartisan","deviceApiLevel":25,"appPackage":"com.cy.patrol","pixelRatio":2.5,"statBarHeight":60,"viewportRect":{"left":0,"top":60,"widt...
2019-04-21 12:34:40:018 - info: [HTTP] <-- POST /wd/hub/session 200 37820 ms - 1106
2019-04-21 12:34:40:018 - info: [HTTP] 
2019-04-21 12:34:40:028 - info: [HTTP] --> POST /wd/hub/session/6d1c896d-bea6-49fd-bded-7f1b2d5b031d/element
2019-04-21 12:34:40:028 - info: [HTTP] {"using":"id","sessionId":"6d1c896d-bea6-49fd-bded-7f1b2d5b031d","value":"com.cy.patrol:id/v_mobile"}
2019-04-21 12:34:40:032 - info: [debug] [W3C] Calling AppiumDriver.findElement() with args: ["id","com.cy.patrol:id/v_mobile","6d1c896d-bea6-49fd-bded-7f1b2d5b031d"]
2019-04-21 12:34:40:034 - info: [debug] [BaseDriver] Valid locator strategies for this request: xpath, id, class name, accessibility id, -android uiautomator
2019-04-21 12:34:40:034 - info: [debug] [BaseDriver] Waiting up to 0 ms for condition
2019-04-21 12:34:40:036 - info: [debug] [JSONWP Proxy] Proxying [POST /element] to [POST http://localhost:8206/wd/hub/session/cb34634d-7bf3-47e2-ac31-7f1d228d623d/element] with body: {"strategy":"id","selector":"com.cy.patrol:id/v_mobile","context":"","multiple":false}
2019-04-21 12:34:40:520 - info: [debug] [JSONWP Proxy] Got response with status 200: {"sessionId":"cb34634d-7bf3-47e2-ac31-7f1d228d623d","status":0,"value":{"ELEMENT":"4d7841fe-08a9-437e-99e0-da9093cd97ea"}}
2019-04-21 12:34:40:528 - info: [debug] [W3C] Responding to client with driver.findElement() result: {"element-6066-11e4-a52e-4f735466cecf":"4d7841fe-08a9-437e-99e0-da9093cd97ea"}
2019-04-21 12:34:40:534 - info: [HTTP] <-- POST /wd/hub/session/6d1c896d-bea6-49fd-bded-7f1b2d5b031d/element 200 503 ms - 88
2019-04-21 12:34:40:535 - info: [HTTP] 
2019-04-21 12:34:40:540 - info: [HTTP] --> POST /wd/hub/session/6d1c896d-bea6-49fd-bded-7f1b2d5b031d/element/4d7841fe-08a9-437e-99e0-da9093cd97ea/value
2019-04-21 12:34:40:541 - info: [HTTP] {"text":"shange","sessionId":"6d1c896d-bea6-49fd-bded-7f1b2d5b031d","id":"4d7841fe-08a9-437e-99e0-da9093cd97ea","value":["s","h","a","n","g","e"]}
2019-04-21 12:34:40:543 - info: [debug] [W3C] Calling AppiumDriver.setValue() with args: [["s","h","a","n","g","e"],"4d7841fe-08a9-437e-99e0-da9093cd97ea","6d1c896d-bea6-49fd-bded-7f1b2d5b031d"]
2019-04-21 12:34:40:546 - info: [debug] [JSONWP Proxy] Proxying [POST /element/4d7841fe-08a9-437e-99e0-da9093cd97ea/value] to [POST http://localhost:8206/wd/hub/session/cb34634d-7bf3-47e2-ac31-7f1d228d623d/element/4d7841fe-08a9-437e-99e0-da9093cd97ea/value] with body: {"elementId":"4d7841fe-08a9-437e-99e0-da9093cd97ea","text":"shange","replace":false,"unicodeKeyboard":true}
2019-04-21 12:34:41:116 - info: [debug] [JSONWP Proxy] Got response with status 200: {"sessionId":"cb34634d-7bf3-47e2-ac31-7f1d228d623d","status":0,"value":""}
2019-04-21 12:34:41:119 - info: [debug] [W3C] Responding to client with driver.setValue() result: ""
2019-04-21 12:34:41:130 - info: [HTTP] <-- POST /wd/hub/session/6d1c896d-bea6-49fd-bded-7f1b2d5b031d/element/4d7841fe-08a9-437e-99e0-da9093cd97ea/value 200 583 ms - 12
2019-04-21 12:34:41:131 - info: [HTTP] 
2019-04-21 12:34:41:135 - info: [HTTP] --> POST /wd/hub/session/6d1c896d-bea6-49fd-bded-7f1b2d5b031d/element
2019-04-21 12:34:41:136 - info: [HTTP] {"using":"id","sessionId":"6d1c896d-bea6-49fd-bded-7f1b2d5b031d","value":"com.cy.patrol:id/v_pwd"}
2019-04-21 12:34:41:143 - info: [debug] [W3C] Calling AppiumDriver.findElement() with args: ["id","com.cy.patrol:id/v_pwd","6d1c896d-bea6-49fd-bded-7f1b2d5b031d"]
2019-04-21 12:34:41:144 - info: [debug] [BaseDriver] Valid locator strategies for this request: xpath, id, class name, accessibility id, -android uiautomator
2019-04-21 12:34:41:145 - info: [debug] [BaseDriver] Waiting up to 0 ms for condition
2019-04-21 12:34:41:145 - info: [debug] [JSONWP Proxy] Proxying [POST /element] to [POST http://localhost:8206/wd/hub/session/cb34634d-7bf3-47e2-ac31-7f1d228d623d/element] with body: {"strategy":"id","selector":"com.cy.patrol:id/v_pwd","context":"","multiple":false}
2019-04-21 12:34:41:628 - info: [debug] [JSONWP Proxy] Got response with status 200: {"sessionId":"cb34634d-7bf3-47e2-ac31-7f1d228d623d","status":0,"value":{"ELEMENT":"94c107d6-4e26-441f-8fd8-8b3257edac7f"}}
2019-04-21 12:34:41:629 - info: [debug] [W3C] Responding to client with driver.findElement() result: {"element-6066-11e4-a52e-4f735466cecf":"94c107d6-4e26-441f-8fd8-8b3257edac7f"}
2019-04-21 12:34:41:631 - info: [HTTP] <-- POST /wd/hub/session/6d1c896d-bea6-49fd-bded-7f1b2d5b031d/element 200 494 ms - 88
2019-04-21 12:34:41:632 - info: [HTTP] 
2019-04-21 12:34:41:634 - info: [HTTP] --> POST /wd/hub/session/6d1c896d-bea6-49fd-bded-7f1b2d5b031d/element/94c107d6-4e26-441f-8fd8-8b3257edac7f/value
2019-04-21 12:34:41:634 - info: [HTTP] {"text":"123456","sessionId":"6d1c896d-bea6-49fd-bded-7f1b2d5b031d","id":"94c107d6-4e26-441f-8fd8-8b3257edac7f","value":["1","2","3","4","5","6"]}
2019-04-21 12:34:41:635 - info: [debug] [W3C] Calling AppiumDriver.setValue() with args: [["1","2","3","4","5","6"],"94c107d6-4e26-441f-8fd8-8b3257edac7f","6d1c896d-bea6-49fd-bded-7f1b2d5b031d"]
2019-04-21 12:34:41:635 - info: [debug] [JSONWP Proxy] Proxying [POST /element/94c107d6-4e26-441f-8fd8-8b3257edac7f/value] to [POST http://localhost:8206/wd/hub/session/cb34634d-7bf3-47e2-ac31-7f1d228d623d/element/94c107d6-4e26-441f-8fd8-8b3257edac7f/value] with body: {"elementId":"94c107d6-4e26-441f-8fd8-8b3257edac7f","text":"123456","replace":false,"unicodeKeyboard":true}
2019-04-21 12:34:42:218 - info: [debug] [JSONWP Proxy] Got response with status 200: {"sessionId":"cb34634d-7bf3-47e2-ac31-7f1d228d623d","status":0,"value":""}
2019-04-21 12:34:42:221 - info: [debug] [W3C] Responding to client with driver.setValue() result: ""
2019-04-21 12:34:42:223 - info: [HTTP] <-- POST /wd/hub/session/6d1c896d-bea6-49fd-bded-7f1b2d5b031d/element/94c107d6-4e26-441f-8fd8-8b3257edac7f/value 200 588 ms - 12
2019-04-21 12:34:42:223 - info: [HTTP] 
2019-04-21 12:34:42:227 - info: [HTTP] --> POST /wd/hub/session/6d1c896d-bea6-49fd-bded-7f1b2d5b031d/element
2019-04-21 12:34:42:227 - info: [HTTP] {"using":"id","sessionId":"6d1c896d-bea6-49fd-bded-7f1b2d5b031d","value":"com.cy.patrol:id/l_login"}
2019-04-21 12:34:42:229 - info: [debug] [W3C] Calling AppiumDriver.findElement() with args: ["id","com.cy.patrol:id/l_login","6d1c896d-bea6-49fd-bded-7f1b2d5b031d"]
2019-04-21 12:34:42:230 - info: [debug] [BaseDriver] Valid locator strategies for this request: xpath, id, class name, accessibility id, -android uiautomator
2019-04-21 12:34:42:231 - info: [debug] [BaseDriver] Waiting up to 0 ms for condition
2019-04-21 12:34:42:231 - info: [debug] [JSONWP Proxy] Proxying [POST /element] to [POST http://localhost:8206/wd/hub/session/cb34634d-7bf3-47e2-ac31-7f1d228d623d/element] with body: {"strategy":"id","selector":"com.cy.patrol:id/l_login","context":"","multiple":false}
2019-04-21 12:34:42:701 - info: [debug] [JSONWP Proxy] Got response with status 200: {"sessionId":"cb34634d-7bf3-47e2-ac31-7f1d228d623d","status":0,"value":{"ELEMENT":"04cfd067-4e97-41d3-a560-497f9485f7b6"}}
2019-04-21 12:34:42:704 - info: [debug] [W3C] Responding to client with driver.findElement() result: {"element-6066-11e4-a52e-4f735466cecf":"04cfd067-4e97-41d3-a560-497f9485f7b6"}
2019-04-21 12:34:42:707 - info: [HTTP] <-- POST /wd/hub/session/6d1c896d-bea6-49fd-bded-7f1b2d5b031d/element 200 477 ms - 88
2019-04-21 12:34:42:707 - info: [HTTP] 
2019-04-21 12:34:42:717 - info: [HTTP] --> POST /wd/hub/session/6d1c896d-bea6-49fd-bded-7f1b2d5b031d/element/04cfd067-4e97-41d3-a560-497f9485f7b6/click
2019-04-21 12:34:42:718 - info: [HTTP] {"sessionId":"6d1c896d-bea6-49fd-bded-7f1b2d5b031d","id":"04cfd067-4e97-41d3-a560-497f9485f7b6"}
2019-04-21 12:34:42:721 - info: [debug] [W3C] Calling AppiumDriver.click() with args: ["04cfd067-4e97-41d3-a560-497f9485f7b6","6d1c896d-bea6-49fd-bded-7f1b2d5b031d"]
2019-04-21 12:34:42:724 - info: [debug] [JSONWP Proxy] Proxying [POST /element/04cfd067-4e97-41d3-a560-497f9485f7b6/click] to [POST http://localhost:8206/wd/hub/session/cb34634d-7bf3-47e2-ac31-7f1d228d623d/element/04cfd067-4e97-41d3-a560-497f9485f7b6/click] with body: {"element":"04cfd067-4e97-41d3-a560-497f9485f7b6"}
2019-04-21 12:34:44:237 - info: [debug] [JSONWP Proxy] Got response with status 200: {"sessionId":"cb34634d-7bf3-47e2-ac31-7f1d228d623d","status":0,"value":true}
2019-04-21 12:34:44:241 - info: [debug] [W3C] Responding to client with driver.click() result: true
2019-04-21 12:34:44:244 - info: [HTTP] <-- POST /wd/hub/session/6d1c896d-bea6-49fd-bded-7f1b2d5b031d/element/04cfd067-4e97-41d3-a560-497f9485f7b6/click 200 1526 ms - 14
2019-04-21 12:34:44:245 - info: [HTTP] 
2019-04-21 12:34:44:260 - info: [HTTP] --> GET /wd/hub/session/6d1c896d-bea6-49fd-bded-7f1b2d5b031d/screenshot
2019-04-21 12:34:44:261 - info: [HTTP] {}
2019-04-21 12:34:44:262 - info: [debug] [W3C] Calling AppiumDriver.getScreenshot() with args: ["6d1c896d-bea6-49fd-bded-7f1b2d5b031d"]
2019-04-21 12:34:44:265 - info: [debug] [JSONWP Proxy] Proxying [GET /screenshot] to [GET http://localhost:8206/wd/hub/session/cb34634d-7bf3-47e2-ac31-7f1d228d623d/screenshot] with no body
2019-04-21 12:34:45:108 - info: [debug] [JSONWP Proxy] Got response with status 200: "{\"sessionId\":\"cb34634d-7bf3-47e2-ac31-7f1d228d623d\",\"status\":0,\"value\":\"iVBORw0KGgoAAAANSUhEUgAABDgAAAhwCAIAAABH2RmtAAAAA3NCSVQICAjb4U\\/gAAAgAElEQVR4\\nnOydd3wVVfr\\/P3P7zb3plRRKCL2DFEGkCYqKHXvvfq2rq1t017VscS3r2nuXn6soYkdBqiKgdAIk\\nBAIphPR2e5nfH3dy68zcabckOe8XL72ZOfOZZ06Zc545jVqxjgahT7BiHc6fm2gjCApBUrMvQVKz\\nL0FSsy+xYh2e\\/nxuoq0gKMN9560jqdln2PTsOt8PVULNIBAIBAKBQCAQCAQWiKNCIBAIBAKBQCAQ\\nkg7iqBAIBAKBQCAQCISkgzgqBAKBQCAQCAQCIekgjgqBQCAQCAQCgUBIOjS+\\/zXUVf3fVcMjT1MU\\nlZaek5s3cMLURUuvekinM0i7TVdn63crX9q57fu2luMqtSYrp3D6rHMXnHmDwWgSpfP9V6+\\/\\/NTN\\ns+Zd\\/PuH\\/yfkprddXqpWa99d2STN7D7JBfPVtNf72LPrxk6cs\\/yDf3z4xoMATj\\/nllvvfSUy8IF9\\nmx++d4HTYZs5d+n9f\\/tY7L1kprtS2aYPE5yajz5wxo6tqyiV6k+Pfz515hLW8J0dzffdNLm5sWZA\\nUdnTr283pqSKuh1JUDnEurgJhCSiIsShuAmEJKgiVDvt08u3RB6ngCytrlirn5eaeW\\/+IL0qwZ93\\n2z3uKeVbtBR1YOxMUVe91VS3rrutweXUUFSBRrc4PeeK7AEpiX6cmOL2ej9tb\\/qk7US1w3bC7dRQ\\nqjyNdpDeeFVWwZKM3OCQ7zXX31dbWagz7Bo9PVHWRkLS2ofG\\/4v2eiNP00B764n21hOVB7Zt3bTy\\n0WfWpGfmib1HzdH9\\/3rovPqaCv+RumMH9mz\\/cc...
2019-04-21 12:34:45:117 - info: [debug] [W3C] Responding to client with driver.getScreenshot() result: "iVBORw0KGgoAAAANSUhEUgAABDgAAAhwCAIAAABH2RmtAAAAA3NCSVQICAjb4U/gAAAgAElEQVR4\nnOydd3wVVfr/P3P7zb3plRRKCL2DFEGkCYqKHXvvfq2rq1t017VscS3r2nuXn6soYkdBqiKgdAIk\nBAIphPR2e5nfH3dy68zcabckOe8XL72ZOfOZZ06Zc545jVqxjgahT7BiHc6fm2gjCApBUrMvQVKz\nL0FSsy+xYh2e/nxuoq0gKMN9560jqdln2PTsOt8PVULNIBAIBAKBQCAQCAQWiKNCIBAIBAKBQCAQ\nkg7iqBAIBAKBQCAQCISkgzgqBAKBQCAQCAQCIekgjgqBQCAQCAQCgUBIOjS+/zXUVf3fVcMjT1MU\nlZaek5s3cMLURUuvekinM0i7TVdn63crX9q57fu2luMqtSYrp3D6rHMXnHmDwWgSpfP9V6+//NTN\ns+Zd/PuH/yfkprddXqpWa99d2STN7D7JBfPVtNf72LPrxk6cs/yDf3z4xoMATj/nllvvfSUy8IF9\nmx++d4HTYZs5d+n9f/tY7L1kprtS2aYPE5yajz5wxo6tqyiV6k+Pfz515hLW8J0dzffdNLm5sWZA\nUdnTr283pqSKuh1JUDnEurgJhCSiIsShuAmEJKgiVDvt08u3RB6ngCytrlirn5eaeW/+IL0qwZ93\n2z3uKeVbtBR1YOxMUVe91VS3rrutweXUUFSBRrc4PeeK7AEpiX6cmOL2ej9tb/qk7US1w3bC7dRQ\nqjyNdpDeeFVWwZKM3OCQ7zXX31dbWagz7Bo9PVHWRkLS2ofG/4v2eiNP00B764n21hOVB7Zt3bTy\n0WfWpGfmib1HzdH9/3rovPqaCv+RumMH9mz/ccOa//eHxz7Lyh4gXGrdqvcALDr7ZiGBv/7sOUt3\nR1p6jliD+w/nXXr/9i3f7t+zac03b82ad8m4SfOCz7rdrjeeu9PpsGXlFF5/+3/EistMdwWzTT/h\n+jue/e...
2019-04-21 12:34:45:128 - info: [HTTP] <-- GET /wd/hub/session/6d1c896d-bea6-49fd-bded-7f1b2d5b031d/screenshot 200 865 ms - 404082
2019-04-21 12:34:45:129 - info: [HTTP] 
2019-04-21 12:34:45:137 - info: [HTTP] --> GET /wd/hub/session/6d1c896d-bea6-49fd-bded-7f1b2d5b031d/screenshot
2019-04-21 12:34:45:137 - info: [HTTP] {}
2019-04-21 12:34:45:138 - info: [debug] [W3C] Calling AppiumDriver.getScreenshot() with args: ["6d1c896d-bea6-49fd-bded-7f1b2d5b031d"]
2019-04-21 12:34:45:138 - info: [debug] [JSONWP Proxy] Proxying [GET /screenshot] to [GET http://localhost:8206/wd/hub/session/cb34634d-7bf3-47e2-ac31-7f1d228d623d/screenshot] with no body
2019-04-21 12:34:45:999 - info: [debug] [JSONWP Proxy] Got response with status 200: "{\"sessionId\":\"cb34634d-7bf3-47e2-ac31-7f1d228d623d\",\"status\":0,\"value\":\"iVBORw0KGgoAAAANSUhEUgAABDgAAAhwCAIAAABH2RmtAAAAA3NCSVQICAjb4U\\/gAAAgAElEQVR4\\nnOydd3wVVfr\\/P3P7zb3plRRKCL2DFEGkCYqKHXvvfq2rq1t017VscS3r2nuXn6soYkdBqiKgdAIk\\nBAIphPR2e5nfH3dy68zcabckOe8XL72ZOfOZZ06Zc545jVqxjgahT7BiHc6fm2gjCApBUrMvQVKz\\nL0FSsy+xYh2e\\/nxuoq0gKMN9560jqdln2PTsOt8PVULNIBAIBAKBQCAQCAQWiKNCIBAIBAKBQCAQ\\nkg7iqBAIBAKBQCAQCISkgzgqBAKBQCAQCAQCIekgjgqBQCAQCAQCgUBIOjS+\\/zXUVf3fVcMjT1MU\\nlZaek5s3cMLURUuvekinM0i7TVdn63crX9q57fu2luMqtSYrp3D6rHMXnHmDwWgSpfP9V6+\\/\\/NTN\\ns+Zd\\/PuH\\/yfkprddXqpWa99d2STN7D7JBfPVtNf72LPrxk6cs\\/yDf3z4xoMATj\\/nllvvfSUy8IF9\\nmx++d4HTYZs5d+n9f\\/tY7L1kprtS2aYPE5yajz5wxo6tqyiV6k+Pfz515hLW8J0dzffdNLm5sWZA\\nUdnTr283pqSKuh1JUDnEurgJhCSiIsShuAmEJKgiVDvt08u3RB6ngCytrlirn5eaeW\\/+IL0qwZ93\\n2z3uKeVbtBR1YOxMUVe91VS3rrutweXUUFSBRrc4PeeK7AEpiX6cmOL2ej9tb\\/qk7US1w3bC7dRQ\\nqjyNdpDeeFVWwZKM3OCQ7zXX31dbWagz7Bo9PVHWRkLS2ofG\\/4v2eiNP00B764n21hOVB7Zt3bTy\\n0WfWpGfmib1HzdH9\\/3rovPqaCv+RumMH9mz\\/cc...
2019-04-21 12:34:46:006 - info: [debug] [W3C] Responding to client with driver.getScreenshot() result: "iVBORw0KGgoAAAANSUhEUgAABDgAAAhwCAIAAABH2RmtAAAAA3NCSVQICAjb4U/gAAAgAElEQVR4\nnOydd3wVVfr/P3P7zb3plRRKCL2DFEGkCYqKHXvvfq2rq1t017VscS3r2nuXn6soYkdBqiKgdAIk\nBAIphPR2e5nfH3dy68zcabckOe8XL72ZOfOZZ06Zc545jVqxjgahT7BiHc6fm2gjCApBUrMvQVKz\nL0FSsy+xYh2e/nxuoq0gKMN9560jqdln2PTsOt8PVULNIBAIBAKBQCAQCAQWiKNCIBAIBAKBQCAQ\nkg7iqBAIBAKBQCAQCISkgzgqBAKBQCAQCAQCIekgjgqBQCAQCAQCgUBIOjS+/zXUVf3fVcMjT1MU\nlZaek5s3cMLURUuvekinM0i7TVdn63crX9q57fu2luMqtSYrp3D6rHMXnHmDwWgSpfP9V6+//NTN\ns+Zd/PuH/yfkprddXqpWa99d2STN7D7JBfPVtNf72LPrxk6cs/yDf3z4xoMATj/nllvvfSUy8IF9\nmx++d4HTYZs5d+n9f/tY7L1kprtS2aYPE5yajz5wxo6tqyiV6k+Pfz515hLW8J0dzffdNLm5sWZA\nUdnTr283pqSKuh1JUDnEurgJhCSiIsShuAmEJKgiVDvt08u3RB6ngCytrlirn5eaeW/+IL0qwZ93\n2z3uKeVbtBR1YOxMUVe91VS3rrutweXUUFSBRrc4PeeK7AEpiX6cmOL2ej9tb/qk7US1w3bC7dRQ\nqjyNdpDeeFVWwZKM3OCQ7zXX31dbWagz7Bo9PVHWRkLS2ofG/4v2eiNP00B764n21hOVB7Zt3bTy\n0WfWpGfmib1HzdH9/3rovPqaCv+RumMH9mz/ccOa//eHxz7Lyh4gXGrdqvcALDr7ZiGBv/7sOUt3\nR1p6jliD+w/nXXr/9i3f7t+zac03b82ad8m4SfOCz7rdrjeeu9PpsGXlFF5/+3/EistMdwWzTT/h\n+jue/e...
2019-04-21 12:34:46:012 - info: [HTTP] <-- GET /wd/hub/session/6d1c896d-bea6-49fd-bded-7f1b2d5b031d/screenshot 200 873 ms - 404082
2019-04-21 12:34:46:012 - info: [HTTP] 
2019-04-21 12:34:46:027 - info: [HTTP] --> GET /wd/hub/session/6d1c896d-bea6-49fd-bded-7f1b2d5b031d/screenshot
2019-04-21 12:34:46:028 - info: [HTTP] {}
2019-04-21 12:34:46:028 - info: [debug] [W3C] Calling AppiumDriver.getScreenshot() with args: ["6d1c896d-bea6-49fd-bded-7f1b2d5b031d"]
2019-04-21 12:34:46:028 - info: [debug] [JSONWP Proxy] Proxying [GET /screenshot] to [GET http://localhost:8206/wd/hub/session/cb34634d-7bf3-47e2-ac31-7f1d228d623d/screenshot] with no body
2019-04-21 12:34:46:859 - info: [debug] [JSONWP Proxy] Got response with status 200: "{\"sessionId\":\"cb34634d-7bf3-47e2-ac31-7f1d228d623d\",\"status\":0,\"value\":\"iVBORw0KGgoAAAANSUhEUgAABDgAAAhwCAIAAABH2RmtAAAAA3NCSVQICAjb4U\\/gAAAgAElEQVR4\\nnOydd3wVVfr\\/P3P7zb3plRRKCL2DFEGkCYqKHXvvfq2rq1t017VscS3r2nuXn6soYkdBqiKgdAIk\\nBAIphPR2e5nfH3dy68zcabckOe8XL72ZOfOZZ06Zc545jVqxjgahT7BiHc6fm2gjCApBUrMvQVKz\\nL0FSsy+xYh2e\\/nxuoq0gKMN9560jqdln2PTsOt8PVULNIBAIBAKBQCAQCAQWiKNCIBAIBAKBQCAQ\\nkg7iqBAIBAKBQCAQCISkgzgqBAKBQCAQCAQCIekgjgqBQCAQCAQCgUBIOjS+\\/zXUVf3fVcMjT1MU\\nlZaek5s3cMLURUuvekinM0i7TVdn63crX9q57fu2luMqtSYrp3D6rHMXnHmDwWgSpfP9V6+\\/\\/NTN\\ns+Zd\\/PuH\\/yfkprddXqpWa99d2STN7D7JBfPVtNf72LPrxk6cs\\/yDf3z4xoMATj\\/nllvvfSUy8IF9\\nmx++d4HTYZs5d+n9f\\/tY7L1kprtS2aYPE5yajz5wxo6tqyiV6k+Pfz515hLW8J0dzffdNLm5sWZA\\nUdnTr283pqSKuh1JUDnEurgJhCSiIsShuAmEJKgiVDvt08u3RB6ngCytrlirn5eaeW\\/+IL0qwZ93\\n2z3uKeVbtBR1YOxMUVe91VS3rrutweXUUFSBRrc4PeeK7AEpiX6cmOL2ej9tb\\/qk7US1w3bC7dRQ\\nqjyNdpDeeFVWwZKM3OCQ7zXX31dbWagz7Bo9PVHWRkLS2ofG\\/4v2eiNP00B764n21hOVB7Zt3bTy\\n0WfWpGfmib1HzdH9\\/3rovPqaCv+RumMH9mz\\/cc...
2019-04-21 12:34:46:871 - info: [debug] [W3C] Responding to client with driver.getScreenshot() result: "iVBORw0KGgoAAAANSUhEUgAABDgAAAhwCAIAAABH2RmtAAAAA3NCSVQICAjb4U/gAAAgAElEQVR4\nnOydd3wVVfr/P3P7zb3plRRKCL2DFEGkCYqKHXvvfq2rq1t017VscS3r2nuXn6soYkdBqiKgdAIk\nBAIphPR2e5nfH3dy68zcabckOe8XL72ZOfOZZ06Zc545jVqxjgahT7BiHc6fm2gjCApBUrMvQVKz\nL0FSsy+xYh2e/nxuoq0gKMN9560jqdln2PTsOt8PVULNIBAIBAKBQCAQCAQWiKNCIBAIBAKBQCAQ\nkg7iqBAIBAKBQCAQCISkgzgqBAKBQCAQCAQCIekgjgqBQCAQCAQCgUBIOjS+/zXUVf3fVcMjT1MU\nlZaek5s3cMLURUuvekinM0i7TVdn63crX9q57fu2luMqtSYrp3D6rHMXnHmDwWgSpfP9V6+//NTN\ns+Zd/PuH/yfkprddXqpWa99d2STN7D7JBfPVtNf72LPrxk6cs/yDf3z4xoMATj/nllvvfSUy8IF9\nmx++d4HTYZs5d+n9f/tY7L1kprtS2aYPE5yajz5wxo6tqyiV6k+Pfz515hLW8J0dzffdNLm5sWZA\nUdnTr283pqSKuh1JUDnEurgJhCSiIsShuAmEJKgiVDvt08u3RB6ngCytrlirn5eaeW/+IL0qwZ93\n2z3uKeVbtBR1YOxMUVe91VS3rrutweXUUFSBRrc4PeeK7AEpiX6cmOL2ej9tb/qk7US1w3bC7dRQ\nqjyNdpDeeFVWwZKM3OCQ7zXX31dbWagz7Bo9PVHWRkLS2ofG/4v2eiNP00B764n21hOVB7Zt3bTy\n0WfWpGfmib1HzdH9/3rovPqaCv+RumMH9mz/ccOa//eHxz7Lyh4gXGrdqvcALDr7ZiGBv/7sOUt3\nR1p6jliD+w/nXXr/9i3f7t+zac03b82ad8m4SfOCz7rdrjeeu9PpsGXlFF5/+3/EistMdwWzTT/h\n+jue/e...
2019-04-21 12:34:46:879 - info: [HTTP] <-- GET /wd/hub/session/6d1c896d-bea6-49fd-bded-7f1b2d5b031d/screenshot 200 850 ms - 394582
2019-04-21 12:34:46:880 - info: [HTTP] 
