2018-04-07 05:39:25:678 - info: [Appium] Welcome to Appium v1.7.2
2018-04-07 05:39:25:680 - info: [Appium] Non-default server args:
2018-04-07 05:39:25:681 - info: [Appium]   port: 4701
2018-04-07 05:39:25:682 - info: [Appium]   bootstrapPort: 4900
2018-04-07 05:39:25:682 - info: [Appium]   sessionOverride: true
2018-04-07 05:39:25:682 - info: [Appium]   log: D:/PycharmProjects/Appium27/log/K4Q6T167130016862018-04-07-13_39_16.log
2018-04-07 05:39:25:682 - info: [Appium]   udid: K4Q6T16713001686
2018-04-07 05:39:25:682 - info: [Appium]   noReset: true
2018-04-07 05:39:25:683 - warn: [Appium] Deprecated server args:
2018-04-07 05:39:25:683 - warn: [Appium]   -U,--udid => --default-capabilities '{"udid":"K4Q6T16713001686"}'
2018-04-07 05:39:25:684 - warn: [Appium]   --no-reset => --default-capabilities '{"noReset":true}'
2018-04-07 05:39:25:684 - info: [Appium] Default capabilities, which will be added to each request unless overridden by desired capabilities:
2018-04-07 05:39:25:684 - info: [Appium]   udid: K4Q6T16713001686
2018-04-07 05:39:25:684 - info: [Appium]   noReset: true
2018-04-07 05:39:25:717 - info: [Appium] Appium REST http interface listener started on 0.0.0.0:4701
2018-04-07 05:39:39:068 - info: [HTTP] --> POST /wd/hub/session {"capabilities":{"alwaysMatch":{"platformName":"Android"},"firstMatch":[{}]},"desiredCapabilities":{"deviceName":"K4Q6T16713001686","unicodeKeyboard":true,"automationName":"uiautomator2","resetKeyboard":true,"platformName":"Android","app":"../apk/wdfp.apk"}}
2018-04-07 05:39:39:072 - info: [debug] [MJSONWP] Calling AppiumDriver.createSession() with args: [{"deviceName":"K4Q6T16713001686","unicodeKeyboard":true,"automationName":"uiautomator2","resetKeyboard":true,"platformName":"Android","app":"../apk/wdfp.apk"},null,{"alwaysMatch":{"platformName":"Android"},"firstMatch":[{}]}]
2018-04-07 05:39:39:073 - info: [debug] [BaseDriver] Event 'newSessionRequested' logged at 1523079579073 (13:39:39 GMT+0800 (China Standard Time))
2018-04-07 05:39:39:075 - info: [Appium] Merged W3C capabilities {"alwaysMatch":{"platformName":"Android"},"firs... into desiredCapabilities object {"deviceName":"K4Q6T16713001686","unicodeKeyboa...
2018-04-07 05:39:39:079 - info: [Appium] Creating new AndroidUiautomator2Driver (v0.11.0) session
2018-04-07 05:39:39:079 - info: [Appium] Capabilities:
2018-04-07 05:39:39:079 - info: [Appium]   deviceName: K4Q6T16713001686
2018-04-07 05:39:39:079 - info: [Appium]   unicodeKeyboard: true
2018-04-07 05:39:39:079 - info: [Appium]   automationName: uiautomator2
2018-04-07 05:39:39:080 - info: [Appium]   resetKeyboard: true
2018-04-07 05:39:39:080 - info: [Appium]   platformName: Android
2018-04-07 05:39:39:080 - info: [Appium]   app: ../apk/wdfp.apk
2018-04-07 05:39:39:080 - info: [Appium]   udid: K4Q6T16713001686
2018-04-07 05:39:39:080 - info: [Appium]   noReset: true
2018-04-07 05:39:39:096 - info: [BaseDriver] Session created with session id: e942f8b4-df58-483d-9edf-6af7340e9ec8
2018-04-07 05:39:39:097 - info: [BaseDriver] Using local app '../apk/wdfp.apk'
2018-04-07 05:39:39:132 - info: [debug] [UiAutomator2] Checking whether app is actually present
2018-04-07 05:39:39:580 - info: [debug] [AndroidDriver] Getting Java version
2018-04-07 05:39:39:913 - info: [AndroidDriver] Java version is: 1.8.0_151
2018-04-07 05:39:39:917 - info: [ADB] Checking whether adb is present
2018-04-07 05:39:39:921 - info: [ADB] Using adb.exe from D:\sdk\platform-tools\adb.exe
2018-04-07 05:39:39:921 - info: [AndroidDriver] Retrieving device list
2018-04-07 05:39:39:922 - info: [debug] [ADB] Trying to find a connected android device
2018-04-07 05:39:39:924 - info: [debug] [ADB] Getting connected devices...
2018-04-07 05:39:40:074 - info: [debug] [ADB] 1 device(s) connected
2018-04-07 05:39:40:075 - info: [AndroidDriver] Using device: K4Q6T16713001686
2018-04-07 05:39:40:076 - info: [ADB] Checking whether adb is present
2018-04-07 05:39:40:077 - info: [debug] [ADB] Setting device id to K4Q6T16713001686
2018-04-07 05:39:40:078 - info: [debug] [ADB] Getting connected devices...
2018-04-07 05:39:40:192 - info: [debug] [ADB] 1 device(s) connected
2018-04-07 05:39:40:194 - info: [debug] [ADB] Running 'D:\sdk\platform-tools\adb.exe' with args: ["-P",5037,"-s","K4Q6T16713001686","shell","getprop","ro.build.version.sdk"]
2018-04-07 05:39:40:317 - info: [debug] [ADB] Current device property 'ro.build.version.sdk': 24
2018-04-07 05:39:40:317 - info: [debug] [ADB] Device API level: 24
2018-04-07 05:39:40:318 - info: [debug] [AndroidDriver] Parsing package and activity from app manifest
2018-04-07 05:39:40:319 - info: [ADB] Checking whether aapt is present
2018-04-07 05:39:40:321 - info: [ADB] Using aapt.exe from D:\sdk\tools\aapt.exe
2018-04-07 05:39:40:321 - info: [ADB] Extracting package and launch activity from manifest
2018-04-07 05:39:40:425 - info: [debug] [ADB] badging package: com.elephant.myinvoice
2018-04-07 05:39:40:425 - info: [debug] [ADB] badging act: com.elephant.myinvoice.MainActivity
2018-04-07 05:39:40:425 - info: [debug] [AndroidDriver] Parsed package and activity are: com.elephant.myinvoice/com.elephant.myinvoice.MainActivity
2018-04-07 05:39:40:427 - info: [ADB] Getting device platform version
2018-04-07 05:39:40:427 - info: [debug] [ADB] Getting connected devices...
2018-04-07 05:39:40:521 - info: [debug] [ADB] 1 device(s) connected
2018-04-07 05:39:40:521 - info: [debug] [ADB] Running 'D:\sdk\platform-tools\adb.exe' with args: ["-P",5037,"-s","K4Q6T16713001686","shell","getprop","ro.build.version.release"]
2018-04-07 05:39:40:619 - info: [debug] [ADB] Current device property 'ro.build.version.release': 7.0
2018-04-07 05:39:40:620 - info: [debug] [ADB] Getting connected devices...
2018-04-07 05:39:40:725 - info: [debug] [ADB] 1 device(s) connected
2018-04-07 05:39:40:725 - info: [debug] [ADB] Running 'D:\sdk\platform-tools\adb.exe' with args: ["-P",5037,"-s","K4Q6T16713001686","shell","wm","size"]
2018-04-07 05:39:41:449 - info: [debug] [ADB] Getting connected devices...
2018-04-07 05:39:41:536 - info: [debug] [ADB] 1 device(s) connected
2018-04-07 05:39:41:536 - info: [debug] [ADB] Running 'D:\sdk\platform-tools\adb.exe' with args: ["-P",5037,"-s","K4Q6T16713001686","shell","wm","density"]
2018-04-07 05:39:42:233 - info: [debug] [ADB] Getting connected devices...
2018-04-07 05:39:42:324 - info: [debug] [ADB] 1 device(s) connected
2018-04-07 05:39:42:325 - info: [debug] [ADB] Running 'D:\sdk\platform-tools\adb.exe' with args: ["-P",5037,"-s","K4Q6T16713001686","shell","getprop","ro.product.model"]
2018-04-07 05:39:42:433 - info: [debug] [ADB] Current device property 'ro.product.model': NEM-AL10
2018-04-07 05:39:42:434 - info: [debug] [ADB] Getting connected devices...
2018-04-07 05:39:42:523 - info: [debug] [ADB] 1 device(s) connected
2018-04-07 05:39:42:523 - info: [debug] [ADB] Running 'D:\sdk\platform-tools\adb.exe' with args: ["-P",5037,"-s","K4Q6T16713001686","shell","getprop","ro.product.manufacturer"]
2018-04-07 05:39:42:634 - info: [debug] [ADB] Current device property 'ro.product.manufacturer': HUAWEI
2018-04-07 05:39:42:636 - info: [debug] [ADB] Getting connected devices...
2018-04-07 05:39:42:742 - info: [debug] [ADB] 1 device(s) connected
2018-04-07 05:39:42:743 - info: [debug] [ADB] Running 'D:\sdk\platform-tools\adb.exe' with args: ["-P",5037,"-s","K4Q6T16713001686","shell","am","force-stop","io.appium.uiautomator2.server"]
2018-04-07 05:39:43:451 - info: [ADB] Checking whether aapt is present
2018-04-07 05:39:43:500 - info: [debug] [ADB] Getting install status for io.appium.uiautomator2.server
2018-04-07 05:39:43:501 - info: [debug] [ADB] Getting connected devices...
2018-04-07 05:39:43:593 - info: [debug] [ADB] 1 device(s) connected
2018-04-07 05:39:43:593 - info: [debug] [ADB] Running 'D:\sdk\platform-tools\adb.exe' with args: ["-P",5037,"-s","K4Q6T16713001686","shell","pm","list","packages","io.appium.uiautomator2.server"]
2018-04-07 05:39:44:307 - info: [debug] [ADB] App is installed
2018-04-07 05:39:44:307 - info: [debug] [ADB] Getting install status for io.appium.uiautomator2.server.test
2018-04-07 05:39:44:308 - info: [debug] [ADB] Getting connected devices...
2018-04-07 05:39:44:392 - info: [debug] [ADB] 1 device(s) connected
2018-04-07 05:39:44:393 - info: [debug] [ADB] Running 'D:\sdk\platform-tools\adb.exe' with args: ["-P",5037,"-s","K4Q6T16713001686","shell","pm","list","packages","io.appium.uiautomator2.server.test"]
2018-04-07 05:39:45:134 - info: [debug] [ADB] App is installed
2018-04-07 05:39:45:135 - info: [debug] [ADB] Getting package info for io.appium.uiautomator2.server
2018-04-07 05:39:45:136 - info: [debug] [ADB] Getting connected devices...
2018-04-07 05:39:45:247 - info: [debug] [ADB] 1 device(s) connected
2018-04-07 05:39:45:247 - info: [debug] [ADB] Running 'D:\sdk\platform-tools\adb.exe' with args: ["-P",5037,"-s","K4Q6T16713001686","shell","dumpsys","package","io.appium.uiautomator2.server"]
2018-04-07 05:39:45:373 - info: [debug] [UiAutomator2] Waiting up to 20000ms for instrumentation 'io.appium.uiautomator2.server.test/android.support.test.runner.AndroidJUnitRunner' to be available
2018-04-07 05:39:45:374 - info: [debug] [ADB] Getting connected devices...
2018-04-07 05:39:45:455 - info: [debug] [ADB] 1 device(s) connected
2018-04-07 05:39:45:456 - info: [debug] [ADB] Running 'D:\sdk\platform-tools\adb.exe' with args: ["-P",5037,"-s","K4Q6T16713001686","shell","pm","list","instrumentation"]
2018-04-07 05:39:46:160 - info: [debug] [UiAutomator2] Instrumentation 'io.appium.uiautomator2.server.test/android.support.test.runner.AndroidJUnitRunner' available
2018-04-07 05:39:46:162 - info: [debug] [ADB] Running 'D:\sdk\platform-tools\adb.exe' with args: ["-P",5037,"-s","K4Q6T16713001686","wait-for-device"]
2018-04-07 05:39:46:273 - info: [debug] [ADB] Getting connected devices...
2018-04-07 05:39:46:358 - info: [debug] [ADB] 1 device(s) connected
2018-04-07 05:39:46:358 - info: [debug] [ADB] Running 'D:\sdk\platform-tools\adb.exe' with args: ["-P",5037,"-s","K4Q6T16713001686","shell","echo","ping"]
2018-04-07 05:39:46:453 - warn: [AndroidDriver] setDeviceLanguageCountry requires language or country.
2018-04-07 05:39:46:453 - warn: [AndroidDriver] Got language: 'null' and country: 'null'
2018-04-07 05:39:46:455 - info: [debug] [Logcat] Starting logcat capture
2018-04-07 05:39:46:564 - info: [debug] [AndroidDriver] Enabling Unicode keyboard support
2018-04-07 05:39:46:564 - info: [debug] [AndroidDriver] Pushing unicode ime to device...
2018-04-07 05:39:46:565 - info: [debug] [ADB] Running 'D:\sdk\platform-tools\adb.exe' with args: ["-P",5037,"-s","K4Q6T16713001686","install","C:\\Users\\Myron.Guo\\AppData\\Roaming\\npm\\node_modules\\appium\\node_modules\\appium-android-ime\\bin\\UnicodeIME-debug.apk"]
2018-04-07 05:39:47:783 - info: [debug] [ADB] Getting connected devices...
2018-04-07 05:39:47:876 - info: [debug] [ADB] 1 device(s) connected
2018-04-07 05:39:47:877 - info: [debug] [ADB] Running 'D:\sdk\platform-tools\adb.exe' with args: ["-P",5037,"-s","K4Q6T16713001686","shell","settings","get","secure","default_input_method"]
2018-04-07 05:39:48:577 - info: [debug] [AndroidDriver] Unsetting previous IME io.appium.android.ime/.UnicodeIME
2018-04-07 05:39:48:578 - info: [debug] [AndroidDriver] Setting IME to 'io.appium.android.ime/.UnicodeIME'
2018-04-07 05:39:48:578 - info: [debug] [ADB] Getting connected devices...
2018-04-07 05:39:48:663 - info: [debug] [ADB] 1 device(s) connected
2018-04-07 05:39:48:663 - info: [debug] [ADB] Running 'D:\sdk\platform-tools\adb.exe' with args: ["-P",5037,"-s","K4Q6T16713001686","shell","ime","enable","io.appium.android.ime/.UnicodeIME"]
2018-04-07 05:39:49:366 - info: [debug] [ADB] Getting connected devices...
2018-04-07 05:39:49:462 - info: [debug] [ADB] 1 device(s) connected
2018-04-07 05:39:49:462 - info: [debug] [ADB] Running 'D:\sdk\platform-tools\adb.exe' with args: ["-P",5037,"-s","K4Q6T16713001686","shell","ime","set","io.appium.android.ime/.UnicodeIME"]
2018-04-07 05:39:50:156 - info: [debug] [AndroidDriver] Pushing settings apk to device...
2018-04-07 05:39:50:158 - info: [debug] [ADB] Getting install status for io.appium.settings
2018-04-07 05:39:50:158 - info: [debug] [ADB] Getting connected devices...
2018-04-07 05:39:50:258 - info: [debug] [ADB] 1 device(s) connected
2018-04-07 05:39:50:258 - info: [debug] [ADB] Running 'D:\sdk\platform-tools\adb.exe' with args: ["-P",5037,"-s","K4Q6T16713001686","shell","pm","list","packages","io.appium.settings"]
2018-04-07 05:39:51:011 - info: [debug] [ADB] App is installed
2018-04-07 05:39:51:012 - info: [debug] [ADB] Getting package info for io.appium.settings
2018-04-07 05:39:51:012 - info: [debug] [ADB] Getting connected devices...
2018-04-07 05:39:51:111 - info: [debug] [ADB] 1 device(s) connected
2018-04-07 05:39:51:112 - info: [debug] [ADB] Running 'D:\sdk\platform-tools\adb.exe' with args: ["-P",5037,"-s","K4Q6T16713001686","shell","dumpsys","package","io.appium.settings"]
2018-04-07 05:39:51:247 - info: [ADB] Checking whether aapt is present
2018-04-07 05:39:51:376 - info: [debug] [ADB] The installed 'io.appium.settings' package does not require upgrade (5 >= 5)
2018-04-07 05:39:51:377 - info: [debug] [ADB] Device API level: 24
2018-04-07 05:39:51:378 - info: [debug] [ADB] Getting connected devices...
2018-04-07 05:39:51:466 - info: [debug] [ADB] 1 device(s) connected
2018-04-07 05:39:51:467 - info: [debug] [ADB] Running 'D:\sdk\platform-tools\adb.exe' with args: ["-P",5037,"-s","K4Q6T16713001686","shell","dumpsys","package","io.appium.settings"]
2018-04-07 05:39:51:589 - info: [debug] [ADB] Getting connected devices...
2018-04-07 05:39:51:678 - info: [debug] [ADB] 1 device(s) connected
2018-04-07 05:39:51:679 - info: [debug] [ADB] Running 'D:\sdk\platform-tools\adb.exe' with args: ["-P",5037,"-s","K4Q6T16713001686","shell","pm","dump","io.appium.settings"]
2018-04-07 05:39:52:892 - info: [debug] [ADB] Got the following command chunks to execute: pm,grant,io.appium.settings,android.permission.WRITE_SETTINGS,;,pm,grant,io.appium.settings,android.permission.ACCESS_MOCK_LOCATION,;
2018-04-07 05:39:52:892 - info: [debug] [ADB] Getting connected devices...
2018-04-07 05:39:52:979 - info: [debug] [ADB] 1 device(s) connected
2018-04-07 05:39:52:980 - info: [debug] [ADB] Running 'D:\sdk\platform-tools\adb.exe' with args: ["-P",5037,"-s","K4Q6T16713001686","shell","pm","grant","io.appium.settings","android.permission.WRITE_SETTINGS",";","pm","grant","io.appium.settings","android.permission.ACCESS_MOCK_LOCATION",";"]
2018-04-07 05:39:54:380 - info: [debug] [ADB] Getting connected devices...
2018-04-07 05:39:54:461 - info: [debug] [ADB] 1 device(s) connected
2018-04-07 05:39:54:462 - info: [debug] [ADB] Running 'D:\sdk\platform-tools\adb.exe' with args: ["-P",5037,"-s","K4Q6T16713001686","shell","ps"]
2018-04-07 05:39:54:611 - info: [debug] [ADB] Device API level: 24
2018-04-07 05:39:54:612 - info: [debug] [ADB] Getting connected devices...
2018-04-07 05:39:54:683 - info: [debug] [ADB] 1 device(s) connected
2018-04-07 05:39:54:684 - info: [debug] [ADB] Running 'D:\sdk\platform-tools\adb.exe' with args: ["-P",5037,"-s","K4Q6T16713001686","shell","appops","set","io.appium.settings","android:mock_location","allow"]
2018-04-07 05:39:54:822 - info: [debug] [AndroidDriver] Pushing unlock helper app to device...
2018-04-07 05:39:54:823 - info: [debug] [ADB] Getting install status for io.appium.unlock
2018-04-07 05:39:54:823 - info: [debug] [ADB] Getting connected devices...
2018-04-07 05:39:54:900 - info: [debug] [ADB] 1 device(s) connected
2018-04-07 05:39:54:900 - info: [debug] [ADB] Running 'D:\sdk\platform-tools\adb.exe' with args: ["-P",5037,"-s","K4Q6T16713001686","shell","pm","list","packages","io.appium.unlock"]
2018-04-07 05:39:55:619 - info: [debug] [ADB] App is installed
2018-04-07 05:39:55:619 - info: [debug] [ADB] Getting package info for io.appium.unlock
2018-04-07 05:39:55:619 - info: [debug] [ADB] Getting connected devices...
2018-04-07 05:39:55:685 - info: [debug] [ADB] 1 device(s) connected
2018-04-07 05:39:55:686 - info: [debug] [ADB] Running 'D:\sdk\platform-tools\adb.exe' with args: ["-P",5037,"-s","K4Q6T16713001686","shell","dumpsys","package","io.appium.unlock"]
2018-04-07 05:39:55:834 - info: [ADB] Checking whether aapt is present
2018-04-07 05:39:55:888 - info: [debug] [ADB] The installed 'io.appium.unlock' package does not require upgrade (2 >= 2)
2018-04-07 05:39:55:889 - info: [debug] [UiAutomator2] Forwarding UiAutomator2 Server port 6790 to 8216
2018-04-07 05:39:55:889 - info: [debug] [ADB] Forwarding system: 8216 to device: 6790
2018-04-07 05:39:55:889 - info: [debug] [ADB] Running 'D:\sdk\platform-tools\adb.exe' with args: ["-P",5037,"-s","K4Q6T16713001686","forward","tcp:8216","tcp:6790"]
2018-04-07 05:39:55:976 - info: [debug] [ADB] Getting connected devices...
2018-04-07 05:39:56:051 - info: [debug] [ADB] 1 device(s) connected
2018-04-07 05:39:56:051 - info: [debug] [ADB] Running 'D:\sdk\platform-tools\adb.exe' with args: ["-P",5037,"-s","K4Q6T16713001686","shell","dumpsys","window"]
2018-04-07 05:39:56:174 - info: [AndroidDriver] Screen already unlocked, doing nothing
2018-04-07 05:39:56:175 - info: [debug] [AndroidDriver] Extracting strings from apk ../apk/wdfp.apk null C:\Users\Myron.Guo\AppData\Local\Temp\com.elephant.myinvoice
2018-04-07 05:39:56:176 - info: [debug] [ADB] Extracting strings for language: default
2018-04-07 05:39:56:176 - info: [debug] [ADB] Device API level: 24
2018-04-07 05:39:56:177 - info: [debug] [ADB] Getting connected devices...
2018-04-07 05:39:56:270 - info: [debug] [ADB] 1 device(s) connected
2018-04-07 05:39:56:270 - info: [debug] [ADB] Running 'D:\sdk\platform-tools\adb.exe' with args: ["-P",5037,"-s","K4Q6T16713001686","shell","getprop","persist.sys.locale"]
2018-04-07 05:39:56:409 - info: [debug] [ADB] Current device property 'persist.sys.locale': zh-CN
2018-04-07 05:39:57:993 - info: [debug] [ADB] Reading strings from converted strings.json
2018-04-07 05:39:57:996 - info: [debug] [ADB] Running 'D:\sdk\platform-tools\adb.exe' with args: ["-P",5037,"-s","K4Q6T16713001686","push","C:\\Users\\Myron.Guo\\AppData\\Local\\Temp\\com.elephant.myinvoice\\strings.json","/data/local/tmp"]
2018-04-07 05:39:58:258 - info: [debug] [ADB] Checking app cert for ../apk/wdfp.apk
2018-04-07 05:39:58:263 - warn: [ADB] Cannot use apksigner tool for signature verification. Defaulting to verify.jar. Original error: Could not find apksigner.bat in D:\sdk\platform-tools\apksigner.bat,D:\sdk\emulator\apksigner.bat,D:\sdk\tools\apksigner.bat,D:\sdk\tools\bin\apksigner.bat,D:\sdk\build-tools\android-4.3\apksigner.bat, or supported build-tools under D:\sdk do you have the Android SDK installed at this location?
2018-04-07 05:39:59:792 - info: [debug] [ADB] '../apk/wdfp.apk' is already signed.
2018-04-07 05:40:00:062 - info: [AndroidDriver] Remote apk path is /data/local/tmp/4a9053f45d358d0242a66992e1a83312.apk
2018-04-07 05:40:00:063 - info: [debug] [ADB] Getting connected devices...
2018-04-07 05:40:00:208 - info: [debug] [ADB] 1 device(s) connected
2018-04-07 05:40:00:208 - info: [debug] [ADB] Running 'D:\sdk\platform-tools\adb.exe' with args: ["-P",5037,"-s","K4Q6T16713001686","shell","ls","/data/local/tmp/4a9053f45d358d0242a66992e1a83312.apk"]
2018-04-07 05:40:00:362 - info: [debug] [AndroidDriver] Checking if app is installed
2018-04-07 05:40:00:363 - info: [debug] [ADB] Getting install status for com.elephant.myinvoice
2018-04-07 05:40:00:363 - info: [debug] [ADB] Getting connected devices...
2018-04-07 05:40:00:508 - info: [debug] [ADB] 1 device(s) connected
2018-04-07 05:40:00:508 - info: [debug] [ADB] Running 'D:\sdk\platform-tools\adb.exe' with args: ["-P",5037,"-s","K4Q6T16713001686","shell","pm","list","packages","com.elephant.myinvoice"]
2018-04-07 05:40:01:232 - info: [debug] [ADB] App is not installed
2018-04-07 05:40:01:233 - info: [AndroidDriver] Apk is not yet installed
2018-04-07 05:40:01:233 - info: [AndroidDriver] installing apk from remote
2018-04-07 05:40:01:234 - info: [debug] [ADB] Getting connected devices...
2018-04-07 05:40:01:328 - info: [debug] [ADB] 1 device(s) connected
2018-04-07 05:40:01:328 - info: [debug] [ADB] Running 'D:\sdk\platform-tools\adb.exe' with args: ["-P",5037,"-s","K4Q6T16713001686","shell","mkdir","-p","/data/local/tmp"]
2018-04-07 05:40:01:426 - info: [AndroidDriver] Clearing out any existing remote apks with the same hash
2018-04-07 05:40:01:427 - info: [debug] [AndroidDriver] Removing any old apks
2018-04-07 05:40:01:427 - info: [debug] [AndroidDriver] Except ["4a9053f45d358d0242a66992e1a83312"]
2018-04-07 05:40:01:427 - info: [debug] [ADB] Getting connected devices...
2018-04-07 05:40:01:571 - info: [debug] [ADB] 1 device(s) connected
2018-04-07 05:40:01:571 - info: [debug] [ADB] Running 'D:\sdk\platform-tools\adb.exe' with args: ["-P",5037,"-s","K4Q6T16713001686","shell","ls","/data/local/tmp/*.apk"]
2018-04-07 05:40:01:708 - info: [debug] [ADB] Uninstalling com.elephant.myinvoice
2018-04-07 05:40:01:708 - info: [debug] [ADB] Getting install status for com.elephant.myinvoice
2018-04-07 05:40:01:708 - info: [debug] [ADB] Getting connected devices...
2018-04-07 05:40:01:824 - info: [debug] [ADB] 1 device(s) connected
2018-04-07 05:40:01:824 - info: [debug] [ADB] Running 'D:\sdk\platform-tools\adb.exe' with args: ["-P",5037,"-s","K4Q6T16713001686","shell","pm","list","packages","com.elephant.myinvoice"]
2018-04-07 05:40:02:539 - info: [debug] [ADB] App is not installed
2018-04-07 05:40:02:539 - info: [ADB] com.elephant.myinvoice was not uninstalled, because it was not present on the device
2018-04-07 05:40:02:540 - info: [debug] [ADB] Getting connected devices...
2018-04-07 05:40:02:626 - info: [debug] [ADB] 1 device(s) connected
2018-04-07 05:40:02:627 - info: [debug] [ADB] Running 'D:\sdk\platform-tools\adb.exe' with args: ["-P",5037,"-s","K4Q6T16713001686","shell","pm","install","-r","/data/local/tmp/4a9053f45d358d0242a66992e1a83312.apk"]
2018-04-07 05:40:07:255 - info: [debug] [ADB] Getting connected devices...
2018-04-07 05:40:07:355 - info: [debug] [ADB] 1 device(s) connected
2018-04-07 05:40:07:355 - info: [debug] [ADB] Running 'D:\sdk\platform-tools\adb.exe' with args: ["-P",5037,"-s","K4Q6T16713001686","shell","am","force-stop","io.appium.uiautomator2.server"]
2018-04-07 05:40:08:153 - info: [UiAutomator2] Starting uiautomator2 server v0.3.0
2018-04-07 05:40:08:155 - info: [UiAutomator2] Running command: 'adb -s K4Q6T16713001686 shell am instrument -w io.appium.uiautomator2.server.test/android.support.test.runner.AndroidJUnitRunner'
2018-04-07 05:40:08:158 - info: [UiAutomator2] Waiting up to 20000ms for UiAutomator2 to be online...
2018-04-07 05:40:08:161 - info: [debug] [JSONWP Proxy] Proxying [GET /status] to [GET http://localhost:8216/wd/hub/status] with no body
2018-04-07 05:40:09:195 - info: [debug] [JSONWP Proxy] Proxying [GET /status] to [GET http://localhost:8216/wd/hub/status] with no body
2018-04-07 05:40:10:205 - info: [debug] [JSONWP Proxy] Proxying [GET /status] to [GET http://localhost:8216/wd/hub/status] with no body
2018-04-07 05:40:11:214 - info: [debug] [JSONWP Proxy] Proxying [GET /status] to [GET http://localhost:8216/wd/hub/status] with no body
2018-04-07 05:40:11:248 - info: [debug] [JSONWP Proxy] Got response with status 200: "{\"sessionId\":\"SESSIONID\",\"status\":0,\"value\":\"Status Invoked\"}"
2018-04-07 05:40:11:251 - info: [debug] [JSONWP Proxy] Proxying [POST /session] to [POST http://localhost:8216/wd/hub/session] with body: {"desiredCapabilities":{"platform":"LINUX","webStorageEnabled":false,"takesScreenshot":true,"javascriptEnabled":true,"databaseEnabled":false,"networkConnectionEnabled":true,"locationContextEnabled":false,"warnings":{},"desired":{"deviceName":"K4Q6T16713001686","unicodeKeyboard":true,"automationName":"uiautomator2","resetKeyboard":true,"platformName":"Android","app":"../apk/wdfp.apk","udid":"K4Q6T16713001686","noReset":true},"deviceName":"K4Q6T16713001686","unicodeKeyboard":true,"automationName":"uiautomator2","resetKeyboard":true,"platformName":"Android","app":"../apk/wdfp.apk","udid":"K4Q6T16713001686","noReset":true,"deviceUDID":"K4Q6T16713001686","platformVersion":"7.0","deviceScreenSize":"1080x1920","deviceScreenDensity":480,"deviceModel":"NEM-AL10","deviceManufacturer":"HUAWEI","appPackage":"com.elephant.myinvoice"}}
2018-04-07 05:40:11:268 - info: [debug] [JSONWP Proxy] Got response with status 200: {"sessionId":"c58c430b-fefa-4053-84d5-eb7c33f8015a","status":0,"value":"Created Session"}
2018-04-07 05:40:11:269 - info: [UiAutomator2] UiAutomator2 did not start the activity we were waiting for, 'com.elephant.myinvoice/com.elephant.myinvoice.MainActivity'. Starting it ourselves
2018-04-07 05:40:11:270 - info: [debug] [ADB] Device API level: 24
2018-04-07 05:40:11:271 - info: [debug] [ADB] Getting connected devices...
2018-04-07 05:40:11:369 - info: [debug] [ADB] 1 device(s) connected
2018-04-07 05:40:11:370 - info: [debug] [ADB] Running 'D:\sdk\platform-tools\adb.exe' with args: ["-P",5037,"-s","K4Q6T16713001686","shell","am","start","-W","-n","com.elephant.myinvoice/com.elephant.myinvoice.MainActivity","-S","-a","android.intent.action.MAIN","-c","android.intent.category.LAUNCHER","-f","0x10200000"]
2018-04-07 05:40:13:276 - info: [debug] [ADB] Waiting up to 20000ms for activity matching pkg: 'com.elephant.myinvoice' and activity: 'com.elephant.myinvoice.MainActivity' to be focused
2018-04-07 05:40:13:277 - info: [debug] [ADB] Possible activities, to be checked: 'com.elephant.myinvoice.MainActivity'
2018-04-07 05:40:13:278 - info: [debug] [ADB] Getting focused package and activity
2018-04-07 05:40:13:279 - info: [debug] [ADB] Getting connected devices...
2018-04-07 05:40:13:390 - info: [debug] [ADB] 1 device(s) connected
2018-04-07 05:40:13:391 - info: [debug] [ADB] Running 'D:\sdk\platform-tools\adb.exe' with args: ["-P",5037,"-s","K4Q6T16713001686","shell","dumpsys","window","windows"]
2018-04-07 05:40:13:508 - info: [debug] [ADB] Found package: 'com.elephant.myinvoice' and fully qualified activity name : 'com.elephant.myinvoice.MainActivity'
2018-04-07 05:40:13:510 - info: [Appium] New AndroidUiautomator2Driver session created successfully, session e942f8b4-df58-483d-9edf-6af7340e9ec8 added to master session list
2018-04-07 05:40:13:511 - info: [debug] [BaseDriver] Event 'newSessionStarted' logged at 1523079613511 (13:40:13 GMT+0800 (China Standard Time))
2018-04-07 05:40:13:511 - info: [debug] [MJSONWP] Responding to client with driver.createSession() result: {"deviceName":"K4Q6T16713001686","unicodeKeyboard":true,"automationName":"uiautomator2","resetKeyboard":true,"platformName":"Android","app":"../apk/wdfp.apk","udid":"K4Q6T16713001686","noReset":true}
2018-04-07 05:40:13:517 - info: [HTTP] <-- POST /wd/hub/session 200 34447 ms - 271 
2018-04-07 05:40:15:534 - info: [HTTP] --> GET /wd/hub/session/e942f8b4-df58-483d-9edf-6af7340e9ec8/window/current/size {}
2018-04-07 05:40:15:537 - info: [MJSONWP] Driver proxy active, passing request on via HTTP proxy
2018-04-07 05:40:15:540 - info: [debug] [JSONWP Proxy] Proxying [GET /wd/hub/session/e942f8b4-df58-483d-9edf-6af7340e9ec8/window/current/size] to [GET http://localhost:8216/wd/hub/session/c58c430b-fefa-4053-84d5-eb7c33f8015a/window/current/size] with body: {}
2018-04-07 05:40:15:567 - info: [debug] [JSONWP Proxy] Got response with status 200: "{\"sessionId\":\"c58c430b-fefa-4053-84d5-eb7c33f8015a\",\"status\":0,\"value\":{\"height\":1812,\"width\":1080}}"
2018-04-07 05:40:15:568 - info: [JSONWP Proxy] Replacing sessionId c58c430b-fefa-4053-84d5-eb7c33f8015a with e942f8b4-df58-483d-9edf-6af7340e9ec8
2018-04-07 05:40:15:570 - info: [HTTP] <-- GET /wd/hub/session/e942f8b4-df58-483d-9edf-6af7340e9ec8/window/current/size 200 35 ms - 100 
2018-04-07 05:40:15:573 - info: [HTTP] --> GET /wd/hub/session/e942f8b4-df58-483d-9edf-6af7340e9ec8/window/current/size {}
2018-04-07 05:40:15:574 - info: [MJSONWP] Driver proxy active, passing request on via HTTP proxy
2018-04-07 05:40:15:575 - info: [debug] [JSONWP Proxy] Proxying [GET /wd/hub/session/e942f8b4-df58-483d-9edf-6af7340e9ec8/window/current/size] to [GET http://localhost:8216/wd/hub/session/c58c430b-fefa-4053-84d5-eb7c33f8015a/window/current/size] with body: {}
2018-04-07 05:40:15:593 - info: [debug] [JSONWP Proxy] Got response with status 200: "{\"sessionId\":\"c58c430b-fefa-4053-84d5-eb7c33f8015a\",\"status\":0,\"value\":{\"height\":1812,\"width\":1080}}"
2018-04-07 05:40:15:594 - info: [JSONWP Proxy] Replacing sessionId c58c430b-fefa-4053-84d5-eb7c33f8015a with e942f8b4-df58-483d-9edf-6af7340e9ec8
2018-04-07 05:40:15:595 - info: [HTTP] <-- GET /wd/hub/session/e942f8b4-df58-483d-9edf-6af7340e9ec8/window/current/size 200 21 ms - 100 
2018-04-07 05:40:15:600 - info: [HTTP] --> POST /wd/hub/session/e942f8b4-df58-483d-9edf-6af7340e9ec8/touch/perform {"sessionId":"e942f8b4-df58-483d-9edf-6af7340e9ec8","actions":[{"action":"press","options":{"y":1629,"x":540}},{"action":"wait","options":{"ms":2000}},{"action":"moveTo","options":{"y":181,"x":540}},{"action":"release","options":{}}]}
2018-04-07 05:40:15:603 - info: [debug] [MJSONWP] Calling AppiumDriver.performTouch() with args: [[{"action":"press","options":{"y":1629,"x":540}},{"action":"wait","options":{"ms":2000}},{"action":"moveTo","options":{"y":181,"x":540}},{"action":"release","options":{}}],"e942f8b4-df58-483d-9edf-6af7340e9ec8"]
2018-04-07 05:40:15:607 - info: [debug] [JSONWP Proxy] Proxying [POST /touch/perform] to [POST http://localhost:8216/wd/hub/session/c58c430b-fefa-4053-84d5-eb7c33f8015a/touch/perform] with body: {"startX":540,"startY":1629,"endX":540,"endY":181,"steps":56}
2018-04-07 05:40:16:588 - info: [debug] [JSONWP Proxy] Got response with status 200: {"sessionId":"c58c430b-fefa-4053-84d5-eb7c33f8015a","status":0,"value":true}
2018-04-07 05:40:16:589 - info: [debug] [MJSONWP] Responding to client with driver.performTouch() result: true
2018-04-07 05:40:16:591 - info: [HTTP] <-- POST /wd/hub/session/e942f8b4-df58-483d-9edf-6af7340e9ec8/touch/perform 200 990 ms - 76 
2018-04-07 05:40:17:595 - info: [HTTP] --> GET /wd/hub/session/e942f8b4-df58-483d-9edf-6af7340e9ec8/window/current/size {}
2018-04-07 05:40:17:598 - info: [MJSONWP] Driver proxy active, passing request on via HTTP proxy
2018-04-07 05:40:17:599 - info: [debug] [JSONWP Proxy] Proxying [GET /wd/hub/session/e942f8b4-df58-483d-9edf-6af7340e9ec8/window/current/size] to [GET http://localhost:8216/wd/hub/session/c58c430b-fefa-4053-84d5-eb7c33f8015a/window/current/size] with body: {}
2018-04-07 05:40:17:613 - info: [debug] [JSONWP Proxy] Got response with status 200: "{\"sessionId\":\"c58c430b-fefa-4053-84d5-eb7c33f8015a\",\"status\":0,\"value\":{\"height\":1812,\"width\":1080}}"
2018-04-07 05:40:17:614 - info: [JSONWP Proxy] Replacing sessionId c58c430b-fefa-4053-84d5-eb7c33f8015a with e942f8b4-df58-483d-9edf-6af7340e9ec8
2018-04-07 05:40:17:617 - info: [HTTP] <-- GET /wd/hub/session/e942f8b4-df58-483d-9edf-6af7340e9ec8/window/current/size 200 19 ms - 100 
2018-04-07 05:40:17:621 - info: [HTTP] --> GET /wd/hub/session/e942f8b4-df58-483d-9edf-6af7340e9ec8/window/current/size {}
2018-04-07 05:40:17:621 - info: [MJSONWP] Driver proxy active, passing request on via HTTP proxy
2018-04-07 05:40:17:622 - info: [debug] [JSONWP Proxy] Proxying [GET /wd/hub/session/e942f8b4-df58-483d-9edf-6af7340e9ec8/window/current/size] to [GET http://localhost:8216/wd/hub/session/c58c430b-fefa-4053-84d5-eb7c33f8015a/window/current/size] with body: {}
2018-04-07 05:40:17:639 - info: [debug] [JSONWP Proxy] Got response with status 200: "{\"sessionId\":\"c58c430b-fefa-4053-84d5-eb7c33f8015a\",\"status\":0,\"value\":{\"height\":1812,\"width\":1080}}"
2018-04-07 05:40:17:639 - info: [JSONWP Proxy] Replacing sessionId c58c430b-fefa-4053-84d5-eb7c33f8015a with e942f8b4-df58-483d-9edf-6af7340e9ec8
2018-04-07 05:40:17:640 - info: [HTTP] <-- GET /wd/hub/session/e942f8b4-df58-483d-9edf-6af7340e9ec8/window/current/size 200 19 ms - 100 
2018-04-07 05:40:17:643 - info: [HTTP] --> POST /wd/hub/session/e942f8b4-df58-483d-9edf-6af7340e9ec8/touch/perform {"sessionId":"e942f8b4-df58-483d-9edf-6af7340e9ec8","actions":[{"action":"press","options":{"y":906,"x":972}},{"action":"wait","options":{"ms":1000}},{"action":"moveTo","options":{"y":906,"x":108}},{"action":"release","options":{}}]}
2018-04-07 05:40:17:644 - info: [debug] [MJSONWP] Calling AppiumDriver.performTouch() with args: [[{"action":"press","options":{"y":906,"x":972}},{"action":"wait","options":{"ms":1000}},{"action":"moveTo","options":{"y":906,"x":108}},{"action":"release","options":{}}],"e942f8b4-df58-483d-9edf-6af7340e9ec8"]
2018-04-07 05:40:17:647 - info: [debug] [JSONWP Proxy] Proxying [POST /touch/perform] to [POST http://localhost:8216/wd/hub/session/c58c430b-fefa-4053-84d5-eb7c33f8015a/touch/perform] with body: {"startX":972,"startY":906,"endX":108,"endY":906,"steps":28}
2018-04-07 05:40:18:158 - info: [debug] [JSONWP Proxy] Got response with status 200: {"sessionId":"c58c430b-fefa-4053-84d5-eb7c33f8015a","status":0,"value":true}
2018-04-07 05:40:18:159 - info: [debug] [MJSONWP] Responding to client with driver.performTouch() result: true
2018-04-07 05:40:18:160 - info: [HTTP] <-- POST /wd/hub/session/e942f8b4-df58-483d-9edf-6af7340e9ec8/touch/perform 200 516 ms - 76 
2018-04-07 05:40:19:164 - info: [HTTP] --> GET /wd/hub/session/e942f8b4-df58-483d-9edf-6af7340e9ec8/window/current/size {}
2018-04-07 05:40:19:165 - info: [MJSONWP] Driver proxy active, passing request on via HTTP proxy
2018-04-07 05:40:19:166 - info: [debug] [JSONWP Proxy] Proxying [GET /wd/hub/session/e942f8b4-df58-483d-9edf-6af7340e9ec8/window/current/size] to [GET http://localhost:8216/wd/hub/session/c58c430b-fefa-4053-84d5-eb7c33f8015a/window/current/size] with body: {}
2018-04-07 05:40:19:180 - info: [debug] [JSONWP Proxy] Got response with status 200: "{\"sessionId\":\"c58c430b-fefa-4053-84d5-eb7c33f8015a\",\"status\":0,\"value\":{\"height\":1812,\"width\":1080}}"
2018-04-07 05:40:19:180 - info: [JSONWP Proxy] Replacing sessionId c58c430b-fefa-4053-84d5-eb7c33f8015a with e942f8b4-df58-483d-9edf-6af7340e9ec8
2018-04-07 05:40:19:182 - info: [HTTP] <-- GET /wd/hub/session/e942f8b4-df58-483d-9edf-6af7340e9ec8/window/current/size 200 17 ms - 100 
2018-04-07 05:40:19:188 - info: [HTTP] --> GET /wd/hub/session/e942f8b4-df58-483d-9edf-6af7340e9ec8/window/current/size {}
2018-04-07 05:40:19:189 - info: [MJSONWP] Driver proxy active, passing request on via HTTP proxy
2018-04-07 05:40:19:190 - info: [debug] [JSONWP Proxy] Proxying [GET /wd/hub/session/e942f8b4-df58-483d-9edf-6af7340e9ec8/window/current/size] to [GET http://localhost:8216/wd/hub/session/c58c430b-fefa-4053-84d5-eb7c33f8015a/window/current/size] with body: {}
2018-04-07 05:40:19:213 - info: [debug] [JSONWP Proxy] Got response with status 200: "{\"sessionId\":\"c58c430b-fefa-4053-84d5-eb7c33f8015a\",\"status\":0,\"value\":{\"height\":1812,\"width\":1080}}"
2018-04-07 05:40:19:213 - info: [JSONWP Proxy] Replacing sessionId c58c430b-fefa-4053-84d5-eb7c33f8015a with e942f8b4-df58-483d-9edf-6af7340e9ec8
2018-04-07 05:40:19:214 - info: [HTTP] <-- GET /wd/hub/session/e942f8b4-df58-483d-9edf-6af7340e9ec8/window/current/size 200 26 ms - 100 
2018-04-07 05:40:19:218 - info: [HTTP] --> POST /wd/hub/session/e942f8b4-df58-483d-9edf-6af7340e9ec8/touch/perform {"sessionId":"e942f8b4-df58-483d-9edf-6af7340e9ec8","actions":[{"action":"press","options":{"y":906,"x":972}},{"action":"wait","options":{"ms":1000}},{"action":"moveTo","options":{"y":906,"x":108}},{"action":"release","options":{}}]}
2018-04-07 05:40:19:219 - info: [debug] [MJSONWP] Calling AppiumDriver.performTouch() with args: [[{"action":"press","options":{"y":906,"x":972}},{"action":"wait","options":{"ms":1000}},{"action":"moveTo","options":{"y":906,"x":108}},{"action":"release","options":{}}],"e942f8b4-df58-483d-9edf-6af7340e9ec8"]
2018-04-07 05:40:19:221 - info: [debug] [JSONWP Proxy] Proxying [POST /touch/perform] to [POST http://localhost:8216/wd/hub/session/c58c430b-fefa-4053-84d5-eb7c33f8015a/touch/perform] with body: {"startX":972,"startY":906,"endX":108,"endY":906,"steps":28}
2018-04-07 05:40:19:707 - info: [debug] [JSONWP Proxy] Got response with status 200: {"sessionId":"c58c430b-fefa-4053-84d5-eb7c33f8015a","status":0,"value":true}
2018-04-07 05:40:19:708 - info: [debug] [MJSONWP] Responding to client with driver.performTouch() result: true
2018-04-07 05:40:19:709 - info: [HTTP] <-- POST /wd/hub/session/e942f8b4-df58-483d-9edf-6af7340e9ec8/touch/perform 200 493 ms - 76 
2018-04-07 05:40:20:724 - info: [HTTP] --> GET /wd/hub/session/e942f8b4-df58-483d-9edf-6af7340e9ec8/window/current/size {}
2018-04-07 05:40:20:724 - info: [MJSONWP] Driver proxy active, passing request on via HTTP proxy
2018-04-07 05:40:20:726 - info: [debug] [JSONWP Proxy] Proxying [GET /wd/hub/session/e942f8b4-df58-483d-9edf-6af7340e9ec8/window/current/size] to [GET http://localhost:8216/wd/hub/session/c58c430b-fefa-4053-84d5-eb7c33f8015a/window/current/size] with body: {}
2018-04-07 05:40:20:750 - info: [debug] [JSONWP Proxy] Got response with status 200: "{\"sessionId\":\"c58c430b-fefa-4053-84d5-eb7c33f8015a\",\"status\":0,\"value\":{\"height\":1812,\"width\":1080}}"
2018-04-07 05:40:20:750 - info: [JSONWP Proxy] Replacing sessionId c58c430b-fefa-4053-84d5-eb7c33f8015a with e942f8b4-df58-483d-9edf-6af7340e9ec8
2018-04-07 05:40:20:751 - info: [HTTP] <-- GET /wd/hub/session/e942f8b4-df58-483d-9edf-6af7340e9ec8/window/current/size 200 27 ms - 100 
2018-04-07 05:40:20:754 - info: [HTTP] --> GET /wd/hub/session/e942f8b4-df58-483d-9edf-6af7340e9ec8/window/current/size {}
2018-04-07 05:40:20:755 - info: [MJSONWP] Driver proxy active, passing request on via HTTP proxy
2018-04-07 05:40:20:756 - info: [debug] [JSONWP Proxy] Proxying [GET /wd/hub/session/e942f8b4-df58-483d-9edf-6af7340e9ec8/window/current/size] to [GET http://localhost:8216/wd/hub/session/c58c430b-fefa-4053-84d5-eb7c33f8015a/window/current/size] with body: {}
2018-04-07 05:40:20:778 - info: [debug] [JSONWP Proxy] Got response with status 200: "{\"sessionId\":\"c58c430b-fefa-4053-84d5-eb7c33f8015a\",\"status\":0,\"value\":{\"height\":1812,\"width\":1080}}"
2018-04-07 05:40:20:778 - info: [JSONWP Proxy] Replacing sessionId c58c430b-fefa-4053-84d5-eb7c33f8015a with e942f8b4-df58-483d-9edf-6af7340e9ec8
2018-04-07 05:40:20:779 - info: [HTTP] <-- GET /wd/hub/session/e942f8b4-df58-483d-9edf-6af7340e9ec8/window/current/size 200 24 ms - 100 
2018-04-07 05:40:20:782 - info: [HTTP] --> POST /wd/hub/session/e942f8b4-df58-483d-9edf-6af7340e9ec8/touch/perform {"sessionId":"e942f8b4-df58-483d-9edf-6af7340e9ec8","actions":[{"action":"press","options":{"y":906,"x":972}},{"action":"wait","options":{"ms":1000}},{"action":"moveTo","options":{"y":906,"x":108}},{"action":"release","options":{}}]}
2018-04-07 05:40:20:783 - info: [debug] [MJSONWP] Calling AppiumDriver.performTouch() with args: [[{"action":"press","options":{"y":906,"x":972}},{"action":"wait","options":{"ms":1000}},{"action":"moveTo","options":{"y":906,"x":108}},{"action":"release","options":{}}],"e942f8b4-df58-483d-9edf-6af7340e9ec8"]
2018-04-07 05:40:20:786 - info: [debug] [JSONWP Proxy] Proxying [POST /touch/perform] to [POST http://localhost:8216/wd/hub/session/c58c430b-fefa-4053-84d5-eb7c33f8015a/touch/perform] with body: {"startX":972,"startY":906,"endX":108,"endY":906,"steps":28}
2018-04-07 05:40:21:265 - info: [debug] [JSONWP Proxy] Got response with status 200: {"sessionId":"c58c430b-fefa-4053-84d5-eb7c33f8015a","status":0,"value":true}
2018-04-07 05:40:21:266 - info: [debug] [MJSONWP] Responding to client with driver.performTouch() result: true
2018-04-07 05:40:21:267 - info: [HTTP] <-- POST /wd/hub/session/e942f8b4-df58-483d-9edf-6af7340e9ec8/touch/perform 200 484 ms - 76 
2018-04-07 05:40:22:275 - info: [HTTP] --> GET /wd/hub/session/e942f8b4-df58-483d-9edf-6af7340e9ec8/window/current/size {}
2018-04-07 05:40:22:276 - info: [MJSONWP] Driver proxy active, passing request on via HTTP proxy
2018-04-07 05:40:22:276 - info: [debug] [JSONWP Proxy] Proxying [GET /wd/hub/session/e942f8b4-df58-483d-9edf-6af7340e9ec8/window/current/size] to [GET http://localhost:8216/wd/hub/session/c58c430b-fefa-4053-84d5-eb7c33f8015a/window/current/size] with body: {}
2018-04-07 05:40:22:292 - info: [debug] [JSONWP Proxy] Got response with status 200: "{\"sessionId\":\"c58c430b-fefa-4053-84d5-eb7c33f8015a\",\"status\":0,\"value\":{\"height\":1812,\"width\":1080}}"
2018-04-07 05:40:22:293 - info: [JSONWP Proxy] Replacing sessionId c58c430b-fefa-4053-84d5-eb7c33f8015a with e942f8b4-df58-483d-9edf-6af7340e9ec8
2018-04-07 05:40:22:294 - info: [HTTP] <-- GET /wd/hub/session/e942f8b4-df58-483d-9edf-6af7340e9ec8/window/current/size 200 19 ms - 100 
2018-04-07 05:40:22:297 - info: [HTTP] --> GET /wd/hub/session/e942f8b4-df58-483d-9edf-6af7340e9ec8/window/current/size {}
2018-04-07 05:40:22:298 - info: [MJSONWP] Driver proxy active, passing request on via HTTP proxy
2018-04-07 05:40:22:299 - info: [debug] [JSONWP Proxy] Proxying [GET /wd/hub/session/e942f8b4-df58-483d-9edf-6af7340e9ec8/window/current/size] to [GET http://localhost:8216/wd/hub/session/c58c430b-fefa-4053-84d5-eb7c33f8015a/window/current/size] with body: {}
2018-04-07 05:40:22:313 - info: [debug] [JSONWP Proxy] Got response with status 200: "{\"sessionId\":\"c58c430b-fefa-4053-84d5-eb7c33f8015a\",\"status\":0,\"value\":{\"height\":1812,\"width\":1080}}"
2018-04-07 05:40:22:313 - info: [JSONWP Proxy] Replacing sessionId c58c430b-fefa-4053-84d5-eb7c33f8015a with e942f8b4-df58-483d-9edf-6af7340e9ec8
2018-04-07 05:40:22:314 - info: [HTTP] <-- GET /wd/hub/session/e942f8b4-df58-483d-9edf-6af7340e9ec8/window/current/size 200 17 ms - 100 
2018-04-07 05:40:22:317 - info: [HTTP] --> POST /wd/hub/session/e942f8b4-df58-483d-9edf-6af7340e9ec8/touch/perform {"sessionId":"e942f8b4-df58-483d-9edf-6af7340e9ec8","actions":[{"action":"press","options":{"y":906,"x":972}},{"action":"wait","options":{"ms":1000}},{"action":"moveTo","options":{"y":906,"x":108}},{"action":"release","options":{}}]}
2018-04-07 05:40:22:317 - info: [debug] [MJSONWP] Calling AppiumDriver.performTouch() with args: [[{"action":"press","options":{"y":906,"x":972}},{"action":"wait","options":{"ms":1000}},{"action":"moveTo","options":{"y":906,"x":108}},{"action":"release","options":{}}],"e942f8b4-df58-483d-9edf-6af7340e9ec8"]
2018-04-07 05:40:22:319 - info: [debug] [JSONWP Proxy] Proxying [POST /touch/perform] to [POST http://localhost:8216/wd/hub/session/c58c430b-fefa-4053-84d5-eb7c33f8015a/touch/perform] with body: {"startX":972,"startY":906,"endX":108,"endY":906,"steps":28}
2018-04-07 05:40:22:784 - info: [debug] [JSONWP Proxy] Got response with status 200: {"sessionId":"c58c430b-fefa-4053-84d5-eb7c33f8015a","status":0,"value":true}
2018-04-07 05:40:22:784 - info: [debug] [MJSONWP] Responding to client with driver.performTouch() result: true
2018-04-07 05:40:22:785 - info: [HTTP] <-- POST /wd/hub/session/e942f8b4-df58-483d-9edf-6af7340e9ec8/touch/perform 200 468 ms - 76 
2018-04-07 05:40:22:789 - info: [HTTP] --> POST /wd/hub/session/e942f8b4-df58-483d-9edf-6af7340e9ec8/element {"using":"class name","sessionId":"e942f8b4-df58-483d-9edf-6af7340e9ec8","value":"android.widget.ImageView"}
2018-04-07 05:40:22:790 - info: [debug] [MJSONWP] Calling AppiumDriver.findElement() with args: ["class name","android.widget.ImageView","e942f8b4-df58-483d-9edf-6af7340e9ec8"]
2018-04-07 05:40:22:792 - info: [debug] [BaseDriver] Valid locator strategies for this request: xpath, id, class name, accessibility id, -android uiautomator
2018-04-07 05:40:22:793 - info: [debug] [BaseDriver] Valid locator strategies for this request: xpath, id, class name, accessibility id, -android uiautomator
2018-04-07 05:40:22:793 - info: [debug] [BaseDriver] Waiting up to 0 ms for condition
2018-04-07 05:40:22:795 - info: [debug] [JSONWP Proxy] Proxying [POST /element] to [POST http://localhost:8216/wd/hub/session/c58c430b-fefa-4053-84d5-eb7c33f8015a/element] with body: {"strategy":"class name","selector":"android.widget.ImageView","context":"","multiple":false}
2018-04-07 05:40:23:625 - info: [debug] [JSONWP Proxy] Got response with status 200: {"sessionId":"c58c430b-fefa-4053-84d5-eb7c33f8015a","status":0,"value":{"ELEMENT":"72329e50-2795-4a0b-89dd-e2e00eb7a748"}}
2018-04-07 05:40:23:627 - info: [debug] [MJSONWP] Responding to client with driver.findElement() result: {"ELEMENT":"72329e50-2795-4a0b-89dd-e2e00eb7a748"}
2018-04-07 05:40:23:628 - info: [HTTP] <-- POST /wd/hub/session/e942f8b4-df58-483d-9edf-6af7340e9ec8/element 200 838 ms - 122 
2018-04-07 05:40:23:632 - info: [HTTP] --> POST /wd/hub/session/e942f8b4-df58-483d-9edf-6af7340e9ec8/element/72329e50-2795-4a0b-89dd-e2e00eb7a748/click {"sessionId":"e942f8b4-df58-483d-9edf-6af7340e9ec8","id":"72329e50-2795-4a0b-89dd-e2e00eb7a748"}
2018-04-07 05:40:23:633 - info: [debug] [MJSONWP] Calling AppiumDriver.click() with args: ["72329e50-2795-4a0b-89dd-e2e00eb7a748","e942f8b4-df58-483d-9edf-6af7340e9ec8"]
2018-04-07 05:40:23:634 - info: [debug] [JSONWP Proxy] Proxying [POST /element/72329e50-2795-4a0b-89dd-e2e00eb7a748/click] to [POST http://localhost:8216/wd/hub/session/c58c430b-fefa-4053-84d5-eb7c33f8015a/element/72329e50-2795-4a0b-89dd-e2e00eb7a748/click] with body: {"element":"72329e50-2795-4a0b-89dd-e2e00eb7a748"}
2018-04-07 05:40:23:671 - info: [debug] [JSONWP Proxy] Got response with status 200: {"sessionId":"c58c430b-fefa-4053-84d5-eb7c33f8015a","status":0,"value":true}
2018-04-07 05:40:23:672 - info: [debug] [MJSONWP] Responding to client with driver.click() result: true
2018-04-07 05:40:23:673 - info: [HTTP] <-- POST /wd/hub/session/e942f8b4-df58-483d-9edf-6af7340e9ec8/element/72329e50-2795-4a0b-89dd-e2e00eb7a748/click 200 40 ms - 76 
2018-04-07 05:40:26:678 - info: [HTTP] --> POST /wd/hub/session/e942f8b4-df58-483d-9edf-6af7340e9ec8/elements {"using":"class name","sessionId":"e942f8b4-df58-483d-9edf-6af7340e9ec8","value":"android.widget.EditText"}
2018-04-07 05:40:26:679 - info: [debug] [MJSONWP] Calling AppiumDriver.findElements() with args: ["class name","android.widget.EditText","e942f8b4-df58-483d-9edf-6af7340e9ec8"]
2018-04-07 05:40:26:680 - info: [debug] [BaseDriver] Valid locator strategies for this request: xpath, id, class name, accessibility id, -android uiautomator
2018-04-07 05:40:26:680 - info: [debug] [BaseDriver] Valid locator strategies for this request: xpath, id, class name, accessibility id, -android uiautomator
2018-04-07 05:40:26:680 - info: [debug] [BaseDriver] Waiting up to 0 ms for condition
2018-04-07 05:40:26:681 - info: [debug] [JSONWP Proxy] Proxying [POST /elements] to [POST http://localhost:8216/wd/hub/session/c58c430b-fefa-4053-84d5-eb7c33f8015a/elements] with body: {"strategy":"class name","selector":"android.widget.EditText","context":"","multiple":true}
2018-04-07 05:40:26:700 - info: [debug] [JSONWP Proxy] Got response with status 200: {"sessionId":"c58c430b-fefa-4053-84d5-eb7c33f8015a","status":0,"value":[{"ELEMENT":"5be95a44-87ea-4e3f-8ff8-739cd521e7f4"},{"ELEMENT":"a3d94583-6836-4b95-a78c-cdd56c7325e1"}]}
2018-04-07 05:40:26:701 - info: [debug] [MJSONWP] Responding to client with driver.findElements() result: [{"ELEMENT":"5be95a44-87ea-4e3f-8ff8-739cd521e7f4"},{"ELEMENT":"a3d94583-6836-4b95-a78c-cdd56c7325e1"}]
2018-04-07 05:40:26:702 - info: [HTTP] <-- POST /wd/hub/session/e942f8b4-df58-483d-9edf-6af7340e9ec8/elements 200 23 ms - 175 
2018-04-07 05:40:26:705 - info: [HTTP] --> POST /wd/hub/session/e942f8b4-df58-483d-9edf-6af7340e9ec8/element/5be95a44-87ea-4e3f-8ff8-739cd521e7f4/value {"text":"18550903915","sessionId":"e942f8b4-df58-483d-9edf-6af7340e9ec8","id":"5be95a44-87ea-4e3f-8ff8-739cd521e7f4","value":["1","8","5","5","0","9","0","3","9","1","5"]}
2018-04-07 05:40:26:706 - info: [debug] [MJSONWP] Calling AppiumDriver.setValue() with args: [["1","8","5","5","0","9","0","3","9","1","5"],"5be95a44-87ea-4e3f-8ff8-739cd521e7f4","e942f8b4-df58-483d-9edf-6af7340e9ec8"]
2018-04-07 05:40:26:708 - info: [debug] [JSONWP Proxy] Proxying [POST /element/5be95a44-87ea-4e3f-8ff8-739cd521e7f4/value] to [POST http://localhost:8216/wd/hub/session/c58c430b-fefa-4053-84d5-eb7c33f8015a/element/5be95a44-87ea-4e3f-8ff8-739cd521e7f4/value] with body: {"elementId":"5be95a44-87ea-4e3f-8ff8-739cd521e7f4","text":"18550903915","replace":false,"unicodeKeyboard":true}
2018-04-07 05:40:27:266 - info: [debug] [JSONWP Proxy] Got response with status 200: {"sessionId":"c58c430b-fefa-4053-84d5-eb7c33f8015a","status":0,"value":""}
2018-04-07 05:40:27:267 - info: [debug] [MJSONWP] Responding to client with driver.setValue() result: ""
2018-04-07 05:40:27:269 - info: [HTTP] <-- POST /wd/hub/session/e942f8b4-df58-483d-9edf-6af7340e9ec8/element/5be95a44-87ea-4e3f-8ff8-739cd521e7f4/value 200 563 ms - 74 
2018-04-07 05:40:27:275 - info: [HTTP] --> POST /wd/hub/session/e942f8b4-df58-483d-9edf-6af7340e9ec8/elements {"using":"class name","sessionId":"e942f8b4-df58-483d-9edf-6af7340e9ec8","value":"android.widget.EditText"}
2018-04-07 05:40:27:275 - info: [debug] [MJSONWP] Calling AppiumDriver.findElements() with args: ["class name","android.widget.EditText","e942f8b4-df58-483d-9edf-6af7340e9ec8"]
2018-04-07 05:40:27:276 - info: [debug] [BaseDriver] Valid locator strategies for this request: xpath, id, class name, accessibility id, -android uiautomator
2018-04-07 05:40:27:276 - info: [debug] [BaseDriver] Valid locator strategies for this request: xpath, id, class name, accessibility id, -android uiautomator
2018-04-07 05:40:27:277 - info: [debug] [BaseDriver] Waiting up to 0 ms for condition
2018-04-07 05:40:27:277 - info: [debug] [JSONWP Proxy] Proxying [POST /elements] to [POST http://localhost:8216/wd/hub/session/c58c430b-fefa-4053-84d5-eb7c33f8015a/elements] with body: {"strategy":"class name","selector":"android.widget.EditText","context":"","multiple":true}
2018-04-07 05:40:27:774 - info: [debug] [JSONWP Proxy] Got response with status 200: {"sessionId":"c58c430b-fefa-4053-84d5-eb7c33f8015a","status":0,"value":[{"ELEMENT":"f7a26b9b-ff65-47c8-b8a0-cc7b8bbe65a0"},{"ELEMENT":"db4e8bc6-88e7-41e3-88b3-bd660da5c3ef"}]}
2018-04-07 05:40:27:775 - info: [debug] [MJSONWP] Responding to client with driver.findElements() result: [{"ELEMENT":"f7a26b9b-ff65-47c8-b8a0-cc7b8bbe65a0"},{"ELEMENT":"db4e8bc6-88e7-41e3-88b3-bd660da5c3ef"}]
2018-04-07 05:40:27:776 - info: [HTTP] <-- POST /wd/hub/session/e942f8b4-df58-483d-9edf-6af7340e9ec8/elements 200 501 ms - 175 
2018-04-07 05:40:27:779 - info: [HTTP] --> POST /wd/hub/session/e942f8b4-df58-483d-9edf-6af7340e9ec8/element/db4e8bc6-88e7-41e3-88b3-bd660da5c3ef/value {"text":"qwe123","sessionId":"e942f8b4-df58-483d-9edf-6af7340e9ec8","id":"db4e8bc6-88e7-41e3-88b3-bd660da5c3ef","value":["q","w","e","1","2","3"]}
2018-04-07 05:40:27:780 - info: [debug] [MJSONWP] Calling AppiumDriver.setValue() with args: [["q","w","e","1","2","3"],"db4e8bc6-88e7-41e3-88b3-bd660da5c3ef","e942f8b4-df58-483d-9edf-6af7340e9ec8"]
2018-04-07 05:40:27:781 - info: [debug] [JSONWP Proxy] Proxying [POST /element/db4e8bc6-88e7-41e3-88b3-bd660da5c3ef/value] to [POST http://localhost:8216/wd/hub/session/c58c430b-fefa-4053-84d5-eb7c33f8015a/element/db4e8bc6-88e7-41e3-88b3-bd660da5c3ef/value] with body: {"elementId":"db4e8bc6-88e7-41e3-88b3-bd660da5c3ef","text":"qwe123","replace":false,"unicodeKeyboard":true}
2018-04-07 05:40:28:335 - info: [debug] [JSONWP Proxy] Got response with status 200: {"sessionId":"c58c430b-fefa-4053-84d5-eb7c33f8015a","status":0,"value":""}
2018-04-07 05:40:28:336 - info: [debug] [MJSONWP] Responding to client with driver.setValue() result: ""
2018-04-07 05:40:28:338 - info: [HTTP] <-- POST /wd/hub/session/e942f8b4-df58-483d-9edf-6af7340e9ec8/element/db4e8bc6-88e7-41e3-88b3-bd660da5c3ef/value 200 557 ms - 74 
2018-04-07 05:40:28:343 - info: [HTTP] --> POST /wd/hub/session/e942f8b4-df58-483d-9edf-6af7340e9ec8/element {"using":"-android uiautomator","sessionId":"e942f8b4-df58-483d-9edf-6af7340e9ec8","value":"new UiSelector().text(\"\")"}
2018-04-07 05:40:28:343 - info: [debug] [MJSONWP] Calling AppiumDriver.findElement() with args: ["-android uiautomator","new UiSelector().text(\"\")","e942f8b4-df58-483d-9edf-6af7340e9ec8"]
2018-04-07 05:40:28:344 - info: [debug] [BaseDriver] Valid locator strategies for this request: xpath, id, class name, accessibility id, -android uiautomator
2018-04-07 05:40:28:344 - info: [debug] [BaseDriver] Valid locator strategies for this request: xpath, id, class name, accessibility id, -android uiautomator
2018-04-07 05:40:28:344 - info: [debug] [BaseDriver] Waiting up to 0 ms for condition
2018-04-07 05:40:28:344 - info: [debug] [JSONWP Proxy] Proxying [POST /element] to [POST http://localhost:8216/wd/hub/session/c58c430b-fefa-4053-84d5-eb7c33f8015a/element] with body: {"strategy":"-android uiautomator","selector":"new UiSelector().text(\"\")","context":"","multiple":false}
2018-04-07 05:40:28:858 - info: [debug] [JSONWP Proxy] Got response with status 200: {"sessionId":"c58c430b-fefa-4053-84d5-eb7c33f8015a","status":0,"value":{"ELEMENT":"13f4e25e-0814-44ed-bd96-53aed7678511"}}
2018-04-07 05:40:28:859 - info: [debug] [MJSONWP] Responding to client with driver.findElement() result: {"ELEMENT":"13f4e25e-0814-44ed-bd96-53aed7678511"}
2018-04-07 05:40:28:860 - info: [HTTP] <-- POST /wd/hub/session/e942f8b4-df58-483d-9edf-6af7340e9ec8/element 200 517 ms - 122 
2018-04-07 05:40:28:863 - info: [HTTP] --> POST /wd/hub/session/e942f8b4-df58-483d-9edf-6af7340e9ec8/element/13f4e25e-0814-44ed-bd96-53aed7678511/click {"sessionId":"e942f8b4-df58-483d-9edf-6af7340e9ec8","id":"13f4e25e-0814-44ed-bd96-53aed7678511"}
2018-04-07 05:40:28:863 - info: [debug] [MJSONWP] Calling AppiumDriver.click() with args: ["13f4e25e-0814-44ed-bd96-53aed7678511","e942f8b4-df58-483d-9edf-6af7340e9ec8"]
2018-04-07 05:40:28:864 - info: [debug] [JSONWP Proxy] Proxying [POST /element/13f4e25e-0814-44ed-bd96-53aed7678511/click] to [POST http://localhost:8216/wd/hub/session/c58c430b-fefa-4053-84d5-eb7c33f8015a/element/13f4e25e-0814-44ed-bd96-53aed7678511/click] with body: {"element":"13f4e25e-0814-44ed-bd96-53aed7678511"}
2018-04-07 05:40:31:124 - info: [debug] [JSONWP Proxy] Got response with status 200: {"sessionId":"c58c430b-fefa-4053-84d5-eb7c33f8015a","status":0,"value":true}
2018-04-07 05:40:31:125 - info: [debug] [MJSONWP] Responding to client with driver.click() result: true
2018-04-07 05:40:31:127 - info: [HTTP] <-- POST /wd/hub/session/e942f8b4-df58-483d-9edf-6af7340e9ec8/element/13f4e25e-0814-44ed-bd96-53aed7678511/click 200 2263 ms - 76 
2018-04-07 05:40:31:133 - info: [HTTP] --> POST /wd/hub/session/e942f8b4-df58-483d-9edf-6af7340e9ec8/element {"using":"-android uiautomator","sessionId":"e942f8b4-df58-483d-9edf-6af7340e9ec8","value":"new UiSelector().description(\"plusIcon\")"}
2018-04-07 05:40:31:134 - info: [debug] [MJSONWP] Calling AppiumDriver.findElement() with args: ["-android uiautomator","new UiSelector().description(\"plusIcon\")","e942f8b4-df58-483d-9edf-6af7340e9ec8"]
2018-04-07 05:40:31:135 - info: [debug] [BaseDriver] Valid locator strategies for this request: xpath, id, class name, accessibility id, -android uiautomator
2018-04-07 05:40:31:135 - info: [debug] [BaseDriver] Valid locator strategies for this request: xpath, id, class name, accessibility id, -android uiautomator
2018-04-07 05:40:31:136 - info: [debug] [BaseDriver] Waiting up to 0 ms for condition
2018-04-07 05:40:31:136 - info: [debug] [JSONWP Proxy] Proxying [POST /element] to [POST http://localhost:8216/wd/hub/session/c58c430b-fefa-4053-84d5-eb7c33f8015a/element] with body: {"strategy":"-android uiautomator","selector":"new UiSelector().description(\"plusIcon\")","context":"","multiple":false}
2018-04-07 05:40:31:430 - info: [debug] [JSONWP Proxy] Got response with status 200: {"sessionId":"c58c430b-fefa-4053-84d5-eb7c33f8015a","status":0,"value":{"ELEMENT":"69ca6968-c981-48a3-8f15-59abc9b71cc8"}}
2018-04-07 05:40:31:431 - info: [debug] [MJSONWP] Responding to client with driver.findElement() result: {"ELEMENT":"69ca6968-c981-48a3-8f15-59abc9b71cc8"}
2018-04-07 05:40:31:432 - info: [HTTP] <-- POST /wd/hub/session/e942f8b4-df58-483d-9edf-6af7340e9ec8/element 200 299 ms - 122 
2018-04-07 05:40:31:435 - info: [HTTP] --> GET /wd/hub/session/e942f8b4-df58-483d-9edf-6af7340e9ec8/element/69ca6968-c981-48a3-8f15-59abc9b71cc8/displayed {}
2018-04-07 05:40:31:436 - info: [debug] [MJSONWP] Calling AppiumDriver.elementDisplayed() with args: ["69ca6968-c981-48a3-8f15-59abc9b71cc8","e942f8b4-df58-483d-9edf-6af7340e9ec8"]
2018-04-07 05:40:31:437 - info: [debug] [JSONWP Proxy] Proxying [GET /element/69ca6968-c981-48a3-8f15-59abc9b71cc8/attribute/displayed] to [GET http://localhost:8216/wd/hub/session/c58c430b-fefa-4053-84d5-eb7c33f8015a/element/69ca6968-c981-48a3-8f15-59abc9b71cc8/attribute/displayed] with body: {}
2018-04-07 05:40:32:308 - info: [debug] [JSONWP Proxy] Got response with status 200: "{\"sessionId\":\"c58c430b-fefa-4053-84d5-eb7c33f8015a\",\"status\":0,\"value\":\"true\"}"
2018-04-07 05:40:32:309 - info: [debug] [MJSONWP] Responding to client with driver.elementDisplayed() result: true
2018-04-07 05:40:32:312 - info: [HTTP] <-- GET /wd/hub/session/e942f8b4-df58-483d-9edf-6af7340e9ec8/element/69ca6968-c981-48a3-8f15-59abc9b71cc8/displayed 200 874 ms - 76 
2018-04-07 05:40:42:314 - info: [HTTP] --> POST /wd/hub/session/e942f8b4-df58-483d-9edf-6af7340e9ec8/elements {"using":"-android uiautomator","sessionId":"e942f8b4-df58-483d-9edf-6af7340e9ec8","value":"new UiSelector().text(\":\")"}
2018-04-07 05:40:42:315 - info: [debug] [MJSONWP] Calling AppiumDriver.findElements() with args: ["-android uiautomator","new UiSelector().text(\":\")","e942f8b4-df58-483d-9edf-6af7340e9ec8"]
2018-04-07 05:40:42:315 - info: [debug] [BaseDriver] Valid locator strategies for this request: xpath, id, class name, accessibility id, -android uiautomator
2018-04-07 05:40:42:316 - info: [debug] [BaseDriver] Valid locator strategies for this request: xpath, id, class name, accessibility id, -android uiautomator
2018-04-07 05:40:42:316 - info: [debug] [BaseDriver] Waiting up to 0 ms for condition
2018-04-07 05:40:42:316 - info: [debug] [JSONWP Proxy] Proxying [POST /elements] to [POST http://localhost:8216/wd/hub/session/c58c430b-fefa-4053-84d5-eb7c33f8015a/elements] with body: {"strategy":"-android uiautomator","selector":"new UiSelector().text(\":\")","context":"","multiple":true}
2018-04-07 05:40:42:418 - info: [debug] [JSONWP Proxy] Got response with status 200: {"sessionId":"c58c430b-fefa-4053-84d5-eb7c33f8015a","status":0,"value":[{"ELEMENT":"2f0b258d-d5bd-49d7-ae84-fa693e499b9a"}]}
2018-04-07 05:40:42:419 - info: [debug] [MJSONWP] Responding to client with driver.findElements() result: [{"ELEMENT":"2f0b258d-d5bd-49d7-ae84-fa693e499b9a"}]
2018-04-07 05:40:42:422 - info: [HTTP] <-- POST /wd/hub/session/e942f8b4-df58-483d-9edf-6af7340e9ec8/elements 200 106 ms - 124 
2018-04-07 05:40:42:424 - info: [HTTP] --> GET /wd/hub/session/e942f8b4-df58-483d-9edf-6af7340e9ec8/element/2f0b258d-d5bd-49d7-ae84-fa693e499b9a/location {}
2018-04-07 05:40:42:425 - info: [MJSONWP] Driver proxy active, passing request on via HTTP proxy
2018-04-07 05:40:42:425 - info: [debug] [JSONWP Proxy] Proxying [GET /wd/hub/session/e942f8b4-df58-483d-9edf-6af7340e9ec8/element/2f0b258d-d5bd-49d7-ae84-fa693e499b9a/location] to [GET http://localhost:8216/wd/hub/session/c58c430b-fefa-4053-84d5-eb7c33f8015a/element/2f0b258d-d5bd-49d7-ae84-fa693e499b9a/location] with body: {}
2018-04-07 05:40:42:445 - info: [debug] [JSONWP Proxy] Got response with status 200: "{\"sessionId\":\"c58c430b-fefa-4053-84d5-eb7c33f8015a\",\"status\":0,\"value\":{\"x\":60,\"y\":661}}"
2018-04-07 05:40:42:446 - info: [JSONWP Proxy] Replacing sessionId c58c430b-fefa-4053-84d5-eb7c33f8015a with e942f8b4-df58-483d-9edf-6af7340e9ec8
2018-04-07 05:40:42:447 - info: [HTTP] <-- GET /wd/hub/session/e942f8b4-df58-483d-9edf-6af7340e9ec8/element/2f0b258d-d5bd-49d7-ae84-fa693e499b9a/location 200 23 ms - 88 
2018-04-07 05:40:42:450 - info: [HTTP] --> POST /wd/hub/session/e942f8b4-df58-483d-9edf-6af7340e9ec8/touch/perform {"sessionId":"e942f8b4-df58-483d-9edf-6af7340e9ec8","actions":[{"action":"press","options":{"y":661,"x":160}},{"action":"wait","options":{"ms":0}},{"action":"moveTo","options":{"y":661,"x":0}},{"action":"release","options":{}}]}
2018-04-07 05:40:42:450 - info: [debug] [MJSONWP] Calling AppiumDriver.performTouch() with args: [[{"action":"press","options":{"y":661,"x":160}},{"action":"wait","options":{"ms":0}},{"action":"moveTo","options":{"y":661,"x":0}},{"action":"release","options":{}}],"e942f8b4-df58-483d-9edf-6af7340e9ec8"]
2018-04-07 05:40:42:452 - info: [debug] [JSONWP Proxy] Proxying [POST /touch/perform] to [POST http://localhost:8216/wd/hub/session/c58c430b-fefa-4053-84d5-eb7c33f8015a/touch/perform] with body: {"startX":160,"startY":661,"endX":0,"endY":661,"steps":22}
2018-04-07 05:40:42:830 - info: [debug] [JSONWP Proxy] Got response with status 200: {"sessionId":"c58c430b-fefa-4053-84d5-eb7c33f8015a","status":0,"value":true}
2018-04-07 05:40:42:831 - info: [debug] [MJSONWP] Responding to client with driver.performTouch() result: true
2018-04-07 05:40:42:832 - info: [HTTP] <-- POST /wd/hub/session/e942f8b4-df58-483d-9edf-6af7340e9ec8/touch/perform 200 382 ms - 76 
2018-04-07 05:41:42:829 - warn: [BaseDriver] Shutting down because we waited 60 seconds for a command
2018-04-07 05:41:42:834 - info: [debug] [UiAutomator2] Deleting UiAutomator2 session
2018-04-07 05:41:42:849 - warn: [Appium] Closing session, cause was 'New Command Timeout of 60 seconds expired. Try customizing the timeout using the 'newCommandTimeout' desired capability'
2018-04-07 05:41:42:850 - info: [Appium] Removing session e942f8b4-df58-483d-9edf-6af7340e9ec8 from our master session list
2018-04-07 05:41:42:851 - info: [debug] [UiAutomator2] Deleting UiAutomator2 server session
2018-04-07 05:41:42:852 - info: [debug] [JSONWP Proxy] Proxying [DELETE /] to [DELETE http://localhost:8216/wd/hub/session/c58c430b-fefa-4053-84d5-eb7c33f8015a] with no body
2018-04-07 05:41:42:875 - info: [debug] [JSONWP Proxy] Got response with status 200: "{\"sessionId\":\"c58c430b-fefa-4053-84d5-eb7c33f8015a\",\"status\":0,\"value\":\"Session deleted\"}"
2018-04-07 05:41:42:875 - info: [debug] [UiAutomator2] Resetting IME to 'io.appium.android.ime/.UnicodeIME'
2018-04-07 05:41:42:875 - info: [debug] [ADB] Getting connected devices...
2018-04-07 05:41:43:011 - info: [debug] [ADB] 1 device(s) connected
2018-04-07 05:41:43:011 - info: [debug] [ADB] Running 'D:\sdk\platform-tools\adb.exe' with args: ["-P",5037,"-s","K4Q6T16713001686","shell","ime","set","io.appium.android.ime/.UnicodeIME"]
2018-04-07 05:41:43:886 - info: [debug] [ADB] Getting connected devices...
2018-04-07 05:41:43:913 - info: [debug] [UiAutomator2] [UIAutomator2] io.appium.uiautomator2.server.test.AppiumUiAutomator2Server:.
2018-04-07 05:41:43:913 - info: [debug] [UiAutomator2] [UIAutomator2] Time: 94.032
2018-04-07 05:41:43:913 - info: [debug] [UiAutomator2] [UIAutomator2] OK (1 test)
2018-04-07 05:41:43:972 - info: [debug] [ADB] 1 device(s) connected
2018-04-07 05:41:43:972 - info: [debug] [ADB] Running 'D:\sdk\platform-tools\adb.exe' with args: ["-P",5037,"-s","K4Q6T16713001686","shell","am","force-stop","com.elephant.myinvoice"]
2018-04-07 05:41:44:748 - info: [debug] [Logcat] Stopping logcat capture
2018-04-07 05:41:44:764 - info: [debug] [ADB] Removing forwarded port socket connection: 8216 
2018-04-07 05:41:44:764 - info: [debug] [ADB] Running 'D:\sdk\platform-tools\adb.exe' with args: ["-P",5037,"-s","K4Q6T16713001686","forward","--remove","tcp:8216"]
