2018-04-07 05:34:15:556 - info: [Appium] Welcome to Appium v1.7.2
2018-04-07 05:34:15:559 - info: [Appium] Non-default server args:
2018-04-07 05:34:15:560 - info: [Appium]   port: 4700
2018-04-07 05:34:15:560 - info: [Appium]   bootstrapPort: 4900
2018-04-07 05:34:15:560 - info: [Appium]   sessionOverride: true
2018-04-07 05:34:15:560 - info: [Appium]   log: D:/PycharmProjects/Appium27/log/K4Q6T167130016862018-04-07-13_34_06.log
2018-04-07 05:34:15:560 - info: [Appium]   udid: K4Q6T16713001686
2018-04-07 05:34:15:560 - info: [Appium]   noReset: true
2018-04-07 05:34:15:561 - warn: [Appium] Deprecated server args:
2018-04-07 05:34:15:562 - warn: [Appium]   -U,--udid => --default-capabilities '{"udid":"K4Q6T16713001686"}'
2018-04-07 05:34:15:562 - warn: [Appium]   --no-reset => --default-capabilities '{"noReset":true}'
2018-04-07 05:34:15:562 - info: [Appium] Default capabilities, which will be added to each request unless overridden by desired capabilities:
2018-04-07 05:34:15:562 - info: [Appium]   udid: K4Q6T16713001686
2018-04-07 05:34:15:563 - info: [Appium]   noReset: true
2018-04-07 05:34:15:596 - info: [Appium] Appium REST http interface listener started on 0.0.0.0:4700
2018-04-07 05:34:28:606 - info: [HTTP] --> POST /wd/hub/session {"capabilities":{"alwaysMatch":{"platformName":"Android"},"firstMatch":[{}]},"desiredCapabilities":{"deviceName":"K4Q6T16713001686","unicodeKeyboard":true,"automationName":"uiautomator2","resetKeyboard":true,"platformName":"Android","app":"../apk/wdfp.apk"}}
2018-04-07 05:34:28:611 - info: [debug] [MJSONWP] Calling AppiumDriver.createSession() with args: [{"deviceName":"K4Q6T16713001686","unicodeKeyboard":true,"automationName":"uiautomator2","resetKeyboard":true,"platformName":"Android","app":"../apk/wdfp.apk"},null,{"alwaysMatch":{"platformName":"Android"},"firstMatch":[{}]}]
2018-04-07 05:34:28:612 - info: [debug] [BaseDriver] Event 'newSessionRequested' logged at 1523079268612 (13:34:28 GMT+0800 (China Standard Time))
2018-04-07 05:34:28:614 - info: [Appium] Merged W3C capabilities {"alwaysMatch":{"platformName":"Android"},"firs... into desiredCapabilities object {"deviceName":"K4Q6T16713001686","unicodeKeyboa...
2018-04-07 05:34:28:618 - info: [Appium] Creating new AndroidUiautomator2Driver (v0.11.0) session
2018-04-07 05:34:28:618 - info: [Appium] Capabilities:
2018-04-07 05:34:28:618 - info: [Appium]   deviceName: K4Q6T16713001686
2018-04-07 05:34:28:618 - info: [Appium]   unicodeKeyboard: true
2018-04-07 05:34:28:619 - info: [Appium]   automationName: uiautomator2
2018-04-07 05:34:28:619 - info: [Appium]   resetKeyboard: true
2018-04-07 05:34:28:619 - info: [Appium]   platformName: Android
2018-04-07 05:34:28:619 - info: [Appium]   app: ../apk/wdfp.apk
2018-04-07 05:34:28:619 - info: [Appium]   udid: K4Q6T16713001686
2018-04-07 05:34:28:620 - info: [Appium]   noReset: true
2018-04-07 05:34:28:633 - info: [BaseDriver] Session created with session id: cbc346e4-2079-4771-9503-a483be8a75db
2018-04-07 05:34:28:635 - info: [BaseDriver] Using local app '../apk/wdfp.apk'
2018-04-07 05:34:28:661 - info: [debug] [UiAutomator2] Checking whether app is actually present
2018-04-07 05:34:29:080 - info: [debug] [AndroidDriver] Getting Java version
2018-04-07 05:34:29:388 - info: [AndroidDriver] Java version is: 1.8.0_151
2018-04-07 05:34:29:392 - info: [ADB] Checking whether adb is present
2018-04-07 05:34:29:396 - info: [ADB] Using adb.exe from D:\sdk\platform-tools\adb.exe
2018-04-07 05:34:29:396 - info: [AndroidDriver] Retrieving device list
2018-04-07 05:34:29:397 - info: [debug] [ADB] Trying to find a connected android device
2018-04-07 05:34:29:398 - info: [debug] [ADB] Getting connected devices...
2018-04-07 05:34:29:569 - info: [debug] [ADB] 1 device(s) connected
2018-04-07 05:34:29:569 - info: [AndroidDriver] Using device: K4Q6T16713001686
2018-04-07 05:34:29:571 - info: [ADB] Checking whether adb is present
2018-04-07 05:34:29:571 - info: [debug] [ADB] Setting device id to K4Q6T16713001686
2018-04-07 05:34:29:572 - info: [debug] [ADB] Getting connected devices...
2018-04-07 05:34:29:661 - info: [debug] [ADB] 1 device(s) connected
2018-04-07 05:34:29:663 - info: [debug] [ADB] Running 'D:\sdk\platform-tools\adb.exe' with args: ["-P",5037,"-s","K4Q6T16713001686","shell","getprop","ro.build.version.sdk"]
2018-04-07 05:34:29:794 - info: [debug] [ADB] Current device property 'ro.build.version.sdk': 24
2018-04-07 05:34:29:794 - info: [debug] [ADB] Device API level: 24
2018-04-07 05:34:29:795 - info: [debug] [AndroidDriver] Parsing package and activity from app manifest
2018-04-07 05:34:29:796 - info: [ADB] Checking whether aapt is present
2018-04-07 05:34:29:798 - info: [ADB] Using aapt.exe from D:\sdk\tools\aapt.exe
2018-04-07 05:34:29:799 - info: [ADB] Extracting package and launch activity from manifest
2018-04-07 05:34:29:934 - info: [debug] [ADB] badging package: com.elephant.myinvoice
2018-04-07 05:34:29:934 - info: [debug] [ADB] badging act: com.elephant.myinvoice.MainActivity
2018-04-07 05:34:29:934 - info: [debug] [AndroidDriver] Parsed package and activity are: com.elephant.myinvoice/com.elephant.myinvoice.MainActivity
2018-04-07 05:34:29:935 - info: [ADB] Getting device platform version
2018-04-07 05:34:29:935 - info: [debug] [ADB] Getting connected devices...
2018-04-07 05:34:30:016 - info: [debug] [ADB] 1 device(s) connected
2018-04-07 05:34:30:017 - info: [debug] [ADB] Running 'D:\sdk\platform-tools\adb.exe' with args: ["-P",5037,"-s","K4Q6T16713001686","shell","getprop","ro.build.version.release"]
2018-04-07 05:34:30:113 - info: [debug] [ADB] Current device property 'ro.build.version.release': 7.0
2018-04-07 05:34:30:114 - info: [debug] [ADB] Getting connected devices...
2018-04-07 05:34:30:246 - info: [debug] [ADB] 1 device(s) connected
2018-04-07 05:34:30:246 - info: [debug] [ADB] Running 'D:\sdk\platform-tools\adb.exe' with args: ["-P",5037,"-s","K4Q6T16713001686","shell","wm","size"]
2018-04-07 05:34:30:942 - info: [debug] [ADB] Getting connected devices...
2018-04-07 05:34:31:027 - info: [debug] [ADB] 1 device(s) connected
2018-04-07 05:34:31:027 - info: [debug] [ADB] Running 'D:\sdk\platform-tools\adb.exe' with args: ["-P",5037,"-s","K4Q6T16713001686","shell","wm","density"]
2018-04-07 05:34:31:723 - info: [debug] [ADB] Getting connected devices...
2018-04-07 05:34:31:823 - info: [debug] [ADB] 1 device(s) connected
2018-04-07 05:34:31:823 - info: [debug] [ADB] Running 'D:\sdk\platform-tools\adb.exe' with args: ["-P",5037,"-s","K4Q6T16713001686","shell","getprop","ro.product.model"]
2018-04-07 05:34:31:937 - info: [debug] [ADB] Current device property 'ro.product.model': NEM-AL10
2018-04-07 05:34:31:938 - info: [debug] [ADB] Getting connected devices...
2018-04-07 05:34:32:083 - info: [debug] [ADB] 1 device(s) connected
2018-04-07 05:34:32:083 - info: [debug] [ADB] Running 'D:\sdk\platform-tools\adb.exe' with args: ["-P",5037,"-s","K4Q6T16713001686","shell","getprop","ro.product.manufacturer"]
2018-04-07 05:34:32:201 - info: [debug] [ADB] Current device property 'ro.product.manufacturer': HUAWEI
2018-04-07 05:34:32:204 - info: [debug] [ADB] Getting connected devices...
2018-04-07 05:34:32:303 - info: [debug] [ADB] 1 device(s) connected
2018-04-07 05:34:32:303 - info: [debug] [ADB] Running 'D:\sdk\platform-tools\adb.exe' with args: ["-P",5037,"-s","K4Q6T16713001686","shell","am","force-stop","io.appium.uiautomator2.server"]
2018-04-07 05:34:33:015 - info: [ADB] Checking whether aapt is present
2018-04-07 05:34:33:068 - info: [debug] [ADB] Getting install status for io.appium.uiautomator2.server
2018-04-07 05:34:33:068 - info: [debug] [ADB] Getting connected devices...
2018-04-07 05:34:33:139 - info: [debug] [ADB] 1 device(s) connected
2018-04-07 05:34:33:140 - info: [debug] [ADB] Running 'D:\sdk\platform-tools\adb.exe' with args: ["-P",5037,"-s","K4Q6T16713001686","shell","pm","list","packages","io.appium.uiautomator2.server"]
2018-04-07 05:34:33:856 - info: [debug] [ADB] App is installed
2018-04-07 05:34:33:856 - info: [debug] [ADB] Getting install status for io.appium.uiautomator2.server.test
2018-04-07 05:34:33:856 - info: [debug] [ADB] Getting connected devices...
2018-04-07 05:34:33:965 - info: [debug] [ADB] 1 device(s) connected
2018-04-07 05:34:33:966 - info: [debug] [ADB] Running 'D:\sdk\platform-tools\adb.exe' with args: ["-P",5037,"-s","K4Q6T16713001686","shell","pm","list","packages","io.appium.uiautomator2.server.test"]
2018-04-07 05:34:34:664 - info: [debug] [ADB] App is installed
2018-04-07 05:34:34:665 - info: [debug] [ADB] Getting package info for io.appium.uiautomator2.server
2018-04-07 05:34:34:665 - info: [debug] [ADB] Getting connected devices...
2018-04-07 05:34:34:737 - info: [debug] [ADB] 1 device(s) connected
2018-04-07 05:34:34:737 - info: [debug] [ADB] Running 'D:\sdk\platform-tools\adb.exe' with args: ["-P",5037,"-s","K4Q6T16713001686","shell","dumpsys","package","io.appium.uiautomator2.server"]
2018-04-07 05:34:34:861 - info: [debug] [UiAutomator2] Waiting up to 20000ms for instrumentation 'io.appium.uiautomator2.server.test/android.support.test.runner.AndroidJUnitRunner' to be available
2018-04-07 05:34:34:863 - info: [debug] [ADB] Getting connected devices...
2018-04-07 05:34:34:970 - info: [debug] [ADB] 1 device(s) connected
2018-04-07 05:34:34:970 - info: [debug] [ADB] Running 'D:\sdk\platform-tools\adb.exe' with args: ["-P",5037,"-s","K4Q6T16713001686","shell","pm","list","instrumentation"]
2018-04-07 05:34:35:690 - info: [debug] [UiAutomator2] Instrumentation 'io.appium.uiautomator2.server.test/android.support.test.runner.AndroidJUnitRunner' available
2018-04-07 05:34:35:692 - info: [debug] [ADB] Running 'D:\sdk\platform-tools\adb.exe' with args: ["-P",5037,"-s","K4Q6T16713001686","wait-for-device"]
2018-04-07 05:34:35:779 - info: [debug] [ADB] Getting connected devices...
2018-04-07 05:34:35:872 - info: [debug] [ADB] 1 device(s) connected
2018-04-07 05:34:35:872 - info: [debug] [ADB] Running 'D:\sdk\platform-tools\adb.exe' with args: ["-P",5037,"-s","K4Q6T16713001686","shell","echo","ping"]
2018-04-07 05:34:36:014 - warn: [AndroidDriver] setDeviceLanguageCountry requires language or country.
2018-04-07 05:34:36:014 - warn: [AndroidDriver] Got language: 'null' and country: 'null'
2018-04-07 05:34:36:016 - info: [debug] [Logcat] Starting logcat capture
2018-04-07 05:34:36:118 - info: [debug] [AndroidDriver] Enabling Unicode keyboard support
2018-04-07 05:34:36:118 - info: [debug] [AndroidDriver] Pushing unicode ime to device...
2018-04-07 05:34:36:119 - info: [debug] [ADB] Running 'D:\sdk\platform-tools\adb.exe' with args: ["-P",5037,"-s","K4Q6T16713001686","install","C:\\Users\\Myron.Guo\\AppData\\Roaming\\npm\\node_modules\\appium\\node_modules\\appium-android-ime\\bin\\UnicodeIME-debug.apk"]
2018-04-07 05:34:37:271 - info: [debug] [ADB] Getting connected devices...
2018-04-07 05:34:37:356 - info: [debug] [ADB] 1 device(s) connected
2018-04-07 05:34:37:357 - info: [debug] [ADB] Running 'D:\sdk\platform-tools\adb.exe' with args: ["-P",5037,"-s","K4Q6T16713001686","shell","settings","get","secure","default_input_method"]
2018-04-07 05:34:38:058 - info: [debug] [AndroidDriver] Unsetting previous IME io.appium.android.ime/.UnicodeIME
2018-04-07 05:34:38:058 - info: [debug] [AndroidDriver] Setting IME to 'io.appium.android.ime/.UnicodeIME'
2018-04-07 05:34:38:059 - info: [debug] [ADB] Getting connected devices...
2018-04-07 05:34:38:147 - info: [debug] [ADB] 1 device(s) connected
2018-04-07 05:34:38:148 - info: [debug] [ADB] Running 'D:\sdk\platform-tools\adb.exe' with args: ["-P",5037,"-s","K4Q6T16713001686","shell","ime","enable","io.appium.android.ime/.UnicodeIME"]
2018-04-07 05:34:38:835 - info: [debug] [ADB] Getting connected devices...
2018-04-07 05:34:38:924 - info: [debug] [ADB] 1 device(s) connected
2018-04-07 05:34:38:925 - info: [debug] [ADB] Running 'D:\sdk\platform-tools\adb.exe' with args: ["-P",5037,"-s","K4Q6T16713001686","shell","ime","set","io.appium.android.ime/.UnicodeIME"]
2018-04-07 05:34:39:624 - info: [debug] [AndroidDriver] Pushing settings apk to device...
2018-04-07 05:34:39:626 - info: [debug] [ADB] Getting install status for io.appium.settings
2018-04-07 05:34:39:626 - info: [debug] [ADB] Getting connected devices...
2018-04-07 05:34:39:732 - info: [debug] [ADB] 1 device(s) connected
2018-04-07 05:34:39:733 - info: [debug] [ADB] Running 'D:\sdk\platform-tools\adb.exe' with args: ["-P",5037,"-s","K4Q6T16713001686","shell","pm","list","packages","io.appium.settings"]
2018-04-07 05:34:40:450 - info: [debug] [ADB] App is installed
2018-04-07 05:34:40:451 - info: [debug] [ADB] Getting package info for io.appium.settings
2018-04-07 05:34:40:451 - info: [debug] [ADB] Getting connected devices...
2018-04-07 05:34:40:584 - info: [debug] [ADB] 1 device(s) connected
2018-04-07 05:34:40:584 - info: [debug] [ADB] Running 'D:\sdk\platform-tools\adb.exe' with args: ["-P",5037,"-s","K4Q6T16713001686","shell","dumpsys","package","io.appium.settings"]
2018-04-07 05:34:40:768 - info: [ADB] Checking whether aapt is present
2018-04-07 05:34:40:870 - info: [debug] [ADB] The installed 'io.appium.settings' package does not require upgrade (5 >= 5)
2018-04-07 05:34:40:872 - info: [debug] [ADB] Device API level: 24
2018-04-07 05:34:40:873 - info: [debug] [ADB] Getting connected devices...
2018-04-07 05:34:40:959 - info: [debug] [ADB] 1 device(s) connected
2018-04-07 05:34:40:960 - info: [debug] [ADB] Running 'D:\sdk\platform-tools\adb.exe' with args: ["-P",5037,"-s","K4Q6T16713001686","shell","dumpsys","package","io.appium.settings"]
2018-04-07 05:34:41:108 - info: [debug] [ADB] Getting connected devices...
2018-04-07 05:34:41:175 - info: [debug] [ADB] 1 device(s) connected
2018-04-07 05:34:41:176 - info: [debug] [ADB] Running 'D:\sdk\platform-tools\adb.exe' with args: ["-P",5037,"-s","K4Q6T16713001686","shell","pm","dump","io.appium.settings"]
2018-04-07 05:34:42:371 - info: [debug] [ADB] Got the following command chunks to execute: pm,grant,io.appium.settings,android.permission.WRITE_SETTINGS,;,pm,grant,io.appium.settings,android.permission.ACCESS_MOCK_LOCATION,;
2018-04-07 05:34:42:371 - info: [debug] [ADB] Getting connected devices...
2018-04-07 05:34:42:466 - info: [debug] [ADB] 1 device(s) connected
2018-04-07 05:34:42:467 - info: [debug] [ADB] Running 'D:\sdk\platform-tools\adb.exe' with args: ["-P",5037,"-s","K4Q6T16713001686","shell","pm","grant","io.appium.settings","android.permission.WRITE_SETTINGS",";","pm","grant","io.appium.settings","android.permission.ACCESS_MOCK_LOCATION",";"]
2018-04-07 05:34:43:807 - info: [debug] [ADB] Getting connected devices...
2018-04-07 05:34:43:876 - info: [debug] [ADB] 1 device(s) connected
2018-04-07 05:34:43:876 - info: [debug] [ADB] Running 'D:\sdk\platform-tools\adb.exe' with args: ["-P",5037,"-s","K4Q6T16713001686","shell","ps"]
2018-04-07 05:34:44:027 - info: [debug] [ADB] Device API level: 24
2018-04-07 05:34:44:028 - info: [debug] [ADB] Getting connected devices...
2018-04-07 05:34:44:136 - info: [debug] [ADB] 1 device(s) connected
2018-04-07 05:34:44:136 - info: [debug] [ADB] Running 'D:\sdk\platform-tools\adb.exe' with args: ["-P",5037,"-s","K4Q6T16713001686","shell","appops","set","io.appium.settings","android:mock_location","allow"]
2018-04-07 05:34:44:313 - info: [debug] [AndroidDriver] Pushing unlock helper app to device...
2018-04-07 05:34:44:313 - info: [debug] [ADB] Getting install status for io.appium.unlock
2018-04-07 05:34:44:313 - info: [debug] [ADB] Getting connected devices...
2018-04-07 05:34:44:388 - info: [debug] [ADB] 1 device(s) connected
2018-04-07 05:34:44:389 - info: [debug] [ADB] Running 'D:\sdk\platform-tools\adb.exe' with args: ["-P",5037,"-s","K4Q6T16713001686","shell","pm","list","packages","io.appium.unlock"]
2018-04-07 05:34:45:121 - info: [debug] [ADB] App is installed
2018-04-07 05:34:45:122 - info: [debug] [ADB] Getting package info for io.appium.unlock
2018-04-07 05:34:45:122 - info: [debug] [ADB] Getting connected devices...
2018-04-07 05:34:45:206 - info: [debug] [ADB] 1 device(s) connected
2018-04-07 05:34:45:206 - info: [debug] [ADB] Running 'D:\sdk\platform-tools\adb.exe' with args: ["-P",5037,"-s","K4Q6T16713001686","shell","dumpsys","package","io.appium.unlock"]
2018-04-07 05:34:45:325 - info: [ADB] Checking whether aapt is present
2018-04-07 05:34:45:379 - info: [debug] [ADB] The installed 'io.appium.unlock' package does not require upgrade (2 >= 2)
2018-04-07 05:34:45:379 - info: [debug] [UiAutomator2] Forwarding UiAutomator2 Server port 6790 to 8216
2018-04-07 05:34:45:379 - info: [debug] [ADB] Forwarding system: 8216 to device: 6790
2018-04-07 05:34:45:380 - info: [debug] [ADB] Running 'D:\sdk\platform-tools\adb.exe' with args: ["-P",5037,"-s","K4Q6T16713001686","forward","tcp:8216","tcp:6790"]
2018-04-07 05:34:45:466 - info: [debug] [ADB] Getting connected devices...
2018-04-07 05:34:45:545 - info: [debug] [ADB] 1 device(s) connected
2018-04-07 05:34:45:546 - info: [debug] [ADB] Running 'D:\sdk\platform-tools\adb.exe' with args: ["-P",5037,"-s","K4Q6T16713001686","shell","dumpsys","window"]
2018-04-07 05:34:45:787 - info: [AndroidDriver] Screen already unlocked, doing nothing
2018-04-07 05:34:45:788 - info: [debug] [AndroidDriver] Extracting strings from apk ../apk/wdfp.apk null C:\Users\Myron.Guo\AppData\Local\Temp\com.elephant.myinvoice
2018-04-07 05:34:45:789 - info: [debug] [ADB] Extracting strings for language: default
2018-04-07 05:34:45:789 - info: [debug] [ADB] Device API level: 24
2018-04-07 05:34:45:790 - info: [debug] [ADB] Getting connected devices...
2018-04-07 05:34:45:889 - info: [debug] [ADB] 1 device(s) connected
2018-04-07 05:34:45:889 - info: [debug] [ADB] Running 'D:\sdk\platform-tools\adb.exe' with args: ["-P",5037,"-s","K4Q6T16713001686","shell","getprop","persist.sys.locale"]
2018-04-07 05:34:46:001 - info: [debug] [ADB] Current device property 'persist.sys.locale': zh-CN
2018-04-07 05:34:47:682 - info: [debug] [ADB] Reading strings from converted strings.json
2018-04-07 05:34:47:686 - info: [debug] [ADB] Running 'D:\sdk\platform-tools\adb.exe' with args: ["-P",5037,"-s","K4Q6T16713001686","push","C:\\Users\\Myron.Guo\\AppData\\Local\\Temp\\com.elephant.myinvoice\\strings.json","/data/local/tmp"]
2018-04-07 05:34:47:943 - info: [debug] [ADB] Checking app cert for ../apk/wdfp.apk
2018-04-07 05:34:47:947 - warn: [ADB] Cannot use apksigner tool for signature verification. Defaulting to verify.jar. Original error: Could not find apksigner.bat in D:\sdk\platform-tools\apksigner.bat,D:\sdk\emulator\apksigner.bat,D:\sdk\tools\apksigner.bat,D:\sdk\tools\bin\apksigner.bat,D:\sdk\build-tools\android-4.3\apksigner.bat, or supported build-tools under D:\sdk do you have the Android SDK installed at this location?
2018-04-07 05:34:49:634 - info: [debug] [ADB] '../apk/wdfp.apk' is already signed.
2018-04-07 05:34:49:900 - info: [AndroidDriver] Remote apk path is /data/local/tmp/4a9053f45d358d0242a66992e1a83312.apk
2018-04-07 05:34:49:902 - info: [debug] [ADB] Getting connected devices...
2018-04-07 05:34:50:046 - info: [debug] [ADB] 1 device(s) connected
2018-04-07 05:34:50:046 - info: [debug] [ADB] Running 'D:\sdk\platform-tools\adb.exe' with args: ["-P",5037,"-s","K4Q6T16713001686","shell","ls","/data/local/tmp/4a9053f45d358d0242a66992e1a83312.apk"]
2018-04-07 05:34:50:185 - info: [debug] [AndroidDriver] Checking if app is installed
2018-04-07 05:34:50:185 - info: [debug] [ADB] Getting install status for com.elephant.myinvoice
2018-04-07 05:34:50:185 - info: [debug] [ADB] Getting connected devices...
2018-04-07 05:34:50:363 - info: [debug] [ADB] 1 device(s) connected
2018-04-07 05:34:50:363 - info: [debug] [ADB] Running 'D:\sdk\platform-tools\adb.exe' with args: ["-P",5037,"-s","K4Q6T16713001686","shell","pm","list","packages","com.elephant.myinvoice"]
2018-04-07 05:34:51:075 - info: [debug] [ADB] App is not installed
2018-04-07 05:34:51:076 - info: [AndroidDriver] Apk is not yet installed
2018-04-07 05:34:51:076 - info: [AndroidDriver] installing apk from remote
2018-04-07 05:34:51:076 - info: [debug] [ADB] Getting connected devices...
2018-04-07 05:34:51:192 - info: [debug] [ADB] 1 device(s) connected
2018-04-07 05:34:51:192 - info: [debug] [ADB] Running 'D:\sdk\platform-tools\adb.exe' with args: ["-P",5037,"-s","K4Q6T16713001686","shell","mkdir","-p","/data/local/tmp"]
2018-04-07 05:34:51:301 - info: [AndroidDriver] Clearing out any existing remote apks with the same hash
2018-04-07 05:34:51:302 - info: [debug] [AndroidDriver] Removing any old apks
2018-04-07 05:34:51:302 - info: [debug] [AndroidDriver] Except ["4a9053f45d358d0242a66992e1a83312"]
2018-04-07 05:34:51:302 - info: [debug] [ADB] Getting connected devices...
2018-04-07 05:34:51:392 - info: [debug] [ADB] 1 device(s) connected
2018-04-07 05:34:51:392 - info: [debug] [ADB] Running 'D:\sdk\platform-tools\adb.exe' with args: ["-P",5037,"-s","K4Q6T16713001686","shell","ls","/data/local/tmp/*.apk"]
2018-04-07 05:34:51:494 - info: [debug] [ADB] Uninstalling com.elephant.myinvoice
2018-04-07 05:34:51:494 - info: [debug] [ADB] Getting install status for com.elephant.myinvoice
2018-04-07 05:34:51:494 - info: [debug] [ADB] Getting connected devices...
2018-04-07 05:34:51:610 - info: [debug] [ADB] 1 device(s) connected
2018-04-07 05:34:51:610 - info: [debug] [ADB] Running 'D:\sdk\platform-tools\adb.exe' with args: ["-P",5037,"-s","K4Q6T16713001686","shell","pm","list","packages","com.elephant.myinvoice"]
2018-04-07 05:34:52:324 - info: [debug] [ADB] App is not installed
2018-04-07 05:34:52:324 - info: [ADB] com.elephant.myinvoice was not uninstalled, because it was not present on the device
2018-04-07 05:34:52:325 - info: [debug] [ADB] Getting connected devices...
2018-04-07 05:34:52:415 - info: [debug] [ADB] 1 device(s) connected
2018-04-07 05:34:52:416 - info: [debug] [ADB] Running 'D:\sdk\platform-tools\adb.exe' with args: ["-P",5037,"-s","K4Q6T16713001686","shell","pm","install","-r","/data/local/tmp/4a9053f45d358d0242a66992e1a83312.apk"]
2018-04-07 05:34:57:152 - info: [debug] [ADB] Getting connected devices...
2018-04-07 05:34:57:241 - info: [debug] [ADB] 1 device(s) connected
2018-04-07 05:34:57:242 - info: [debug] [ADB] Running 'D:\sdk\platform-tools\adb.exe' with args: ["-P",5037,"-s","K4Q6T16713001686","shell","am","force-stop","io.appium.uiautomator2.server"]
2018-04-07 05:34:58:219 - info: [UiAutomator2] Starting uiautomator2 server v0.3.0
2018-04-07 05:34:58:220 - info: [UiAutomator2] Running command: 'adb -s K4Q6T16713001686 shell am instrument -w io.appium.uiautomator2.server.test/android.support.test.runner.AndroidJUnitRunner'
2018-04-07 05:34:58:225 - info: [UiAutomator2] Waiting up to 20000ms for UiAutomator2 to be online...
2018-04-07 05:34:58:228 - info: [debug] [JSONWP Proxy] Proxying [GET /status] to [GET http://localhost:8216/wd/hub/status] with no body
2018-04-07 05:34:59:293 - info: [debug] [JSONWP Proxy] Proxying [GET /status] to [GET http://localhost:8216/wd/hub/status] with no body
2018-04-07 05:35:00:308 - info: [debug] [JSONWP Proxy] Proxying [GET /status] to [GET http://localhost:8216/wd/hub/status] with no body
2018-04-07 05:35:01:325 - info: [debug] [JSONWP Proxy] Proxying [GET /status] to [GET http://localhost:8216/wd/hub/status] with no body
2018-04-07 05:35:01:347 - info: [debug] [JSONWP Proxy] Got response with status 200: "{\"sessionId\":\"SESSIONID\",\"status\":0,\"value\":\"Status Invoked\"}"
2018-04-07 05:35:01:348 - info: [debug] [JSONWP Proxy] Proxying [POST /session] to [POST http://localhost:8216/wd/hub/session] with body: {"desiredCapabilities":{"platform":"LINUX","webStorageEnabled":false,"takesScreenshot":true,"javascriptEnabled":true,"databaseEnabled":false,"networkConnectionEnabled":true,"locationContextEnabled":false,"warnings":{},"desired":{"deviceName":"K4Q6T16713001686","unicodeKeyboard":true,"automationName":"uiautomator2","resetKeyboard":true,"platformName":"Android","app":"../apk/wdfp.apk","udid":"K4Q6T16713001686","noReset":true},"deviceName":"K4Q6T16713001686","unicodeKeyboard":true,"automationName":"uiautomator2","resetKeyboard":true,"platformName":"Android","app":"../apk/wdfp.apk","udid":"K4Q6T16713001686","noReset":true,"deviceUDID":"K4Q6T16713001686","platformVersion":"7.0","deviceScreenSize":"1080x1920","deviceScreenDensity":480,"deviceModel":"NEM-AL10","deviceManufacturer":"HUAWEI","appPackage":"com.elephant.myinvoice"}}
2018-04-07 05:35:01:363 - info: [debug] [JSONWP Proxy] Got response with status 200: {"sessionId":"9f933153-9c9f-4ef4-b90f-c1373707062c","status":0,"value":"Created Session"}
2018-04-07 05:35:01:364 - info: [UiAutomator2] UiAutomator2 did not start the activity we were waiting for, 'com.elephant.myinvoice/com.elephant.myinvoice.MainActivity'. Starting it ourselves
2018-04-07 05:35:01:365 - info: [debug] [ADB] Device API level: 24
2018-04-07 05:35:01:365 - info: [debug] [ADB] Getting connected devices...
2018-04-07 05:35:01:453 - info: [debug] [ADB] 1 device(s) connected
2018-04-07 05:35:01:454 - info: [debug] [ADB] Running 'D:\sdk\platform-tools\adb.exe' with args: ["-P",5037,"-s","K4Q6T16713001686","shell","am","start","-W","-n","com.elephant.myinvoice/com.elephant.myinvoice.MainActivity","-S","-a","android.intent.action.MAIN","-c","android.intent.category.LAUNCHER","-f","0x10200000"]
2018-04-07 05:35:03:457 - info: [debug] [ADB] Waiting up to 20000ms for activity matching pkg: 'com.elephant.myinvoice' and activity: 'com.elephant.myinvoice.MainActivity' to be focused
2018-04-07 05:35:03:458 - info: [debug] [ADB] Possible activities, to be checked: 'com.elephant.myinvoice.MainActivity'
2018-04-07 05:35:03:459 - info: [debug] [ADB] Getting focused package and activity
2018-04-07 05:35:03:460 - info: [debug] [ADB] Getting connected devices...
2018-04-07 05:35:03:569 - info: [debug] [ADB] 1 device(s) connected
2018-04-07 05:35:03:569 - info: [debug] [ADB] Running 'D:\sdk\platform-tools\adb.exe' with args: ["-P",5037,"-s","K4Q6T16713001686","shell","dumpsys","window","windows"]
2018-04-07 05:35:03:691 - info: [debug] [ADB] Found package: 'com.elephant.myinvoice' and fully qualified activity name : 'com.elephant.myinvoice.MainActivity'
2018-04-07 05:35:03:693 - info: [Appium] New AndroidUiautomator2Driver session created successfully, session cbc346e4-2079-4771-9503-a483be8a75db added to master session list
2018-04-07 05:35:03:694 - info: [debug] [BaseDriver] Event 'newSessionStarted' logged at 1523079303693 (13:35:03 GMT+0800 (China Standard Time))
2018-04-07 05:35:03:694 - info: [debug] [MJSONWP] Responding to client with driver.createSession() result: {"deviceName":"K4Q6T16713001686","unicodeKeyboard":true,"automationName":"uiautomator2","resetKeyboard":true,"platformName":"Android","app":"../apk/wdfp.apk","udid":"K4Q6T16713001686","noReset":true}
2018-04-07 05:35:03:700 - info: [HTTP] <-- POST /wd/hub/session 200 35091 ms - 271 
2018-04-07 05:35:05:720 - info: [HTTP] --> GET /wd/hub/session/cbc346e4-2079-4771-9503-a483be8a75db/window/current/size {}
2018-04-07 05:35:05:724 - info: [MJSONWP] Driver proxy active, passing request on via HTTP proxy
2018-04-07 05:35:05:726 - info: [debug] [JSONWP Proxy] Proxying [GET /wd/hub/session/cbc346e4-2079-4771-9503-a483be8a75db/window/current/size] to [GET http://localhost:8216/wd/hub/session/9f933153-9c9f-4ef4-b90f-c1373707062c/window/current/size] with body: {}
2018-04-07 05:35:05:759 - info: [debug] [JSONWP Proxy] Got response with status 200: "{\"sessionId\":\"9f933153-9c9f-4ef4-b90f-c1373707062c\",\"status\":0,\"value\":{\"height\":1812,\"width\":1080}}"
2018-04-07 05:35:05:759 - info: [JSONWP Proxy] Replacing sessionId 9f933153-9c9f-4ef4-b90f-c1373707062c with cbc346e4-2079-4771-9503-a483be8a75db
2018-04-07 05:35:05:761 - info: [HTTP] <-- GET /wd/hub/session/cbc346e4-2079-4771-9503-a483be8a75db/window/current/size 200 40 ms - 100 
2018-04-07 05:35:05:766 - info: [HTTP] --> GET /wd/hub/session/cbc346e4-2079-4771-9503-a483be8a75db/window/current/size {}
2018-04-07 05:35:05:767 - info: [MJSONWP] Driver proxy active, passing request on via HTTP proxy
2018-04-07 05:35:05:768 - info: [debug] [JSONWP Proxy] Proxying [GET /wd/hub/session/cbc346e4-2079-4771-9503-a483be8a75db/window/current/size] to [GET http://localhost:8216/wd/hub/session/9f933153-9c9f-4ef4-b90f-c1373707062c/window/current/size] with body: {}
2018-04-07 05:35:05:789 - info: [debug] [JSONWP Proxy] Got response with status 200: "{\"sessionId\":\"9f933153-9c9f-4ef4-b90f-c1373707062c\",\"status\":0,\"value\":{\"height\":1812,\"width\":1080}}"
2018-04-07 05:35:05:789 - info: [JSONWP Proxy] Replacing sessionId 9f933153-9c9f-4ef4-b90f-c1373707062c with cbc346e4-2079-4771-9503-a483be8a75db
2018-04-07 05:35:05:791 - info: [HTTP] <-- GET /wd/hub/session/cbc346e4-2079-4771-9503-a483be8a75db/window/current/size 200 24 ms - 100 
2018-04-07 05:35:05:794 - info: [HTTP] --> POST /wd/hub/session/cbc346e4-2079-4771-9503-a483be8a75db/touch/perform {"sessionId":"cbc346e4-2079-4771-9503-a483be8a75db","actions":[{"action":"press","options":{"y":1629,"x":540}},{"action":"wait","options":{"ms":2000}},{"action":"moveTo","options":{"y":181,"x":540}},{"action":"release","options":{}}]}
2018-04-07 05:35:05:798 - info: [debug] [MJSONWP] Calling AppiumDriver.performTouch() with args: [[{"action":"press","options":{"y":1629,"x":540}},{"action":"wait","options":{"ms":2000}},{"action":"moveTo","options":{"y":181,"x":540}},{"action":"release","options":{}}],"cbc346e4-2079-4771-9503-a483be8a75db"]
2018-04-07 05:35:05:802 - info: [debug] [JSONWP Proxy] Proxying [POST /touch/perform] to [POST http://localhost:8216/wd/hub/session/9f933153-9c9f-4ef4-b90f-c1373707062c/touch/perform] with body: {"startX":540,"startY":1629,"endX":540,"endY":181,"steps":56}
2018-04-07 05:35:06:790 - info: [debug] [JSONWP Proxy] Got response with status 200: {"sessionId":"9f933153-9c9f-4ef4-b90f-c1373707062c","status":0,"value":true}
2018-04-07 05:35:06:791 - info: [debug] [MJSONWP] Responding to client with driver.performTouch() result: true
2018-04-07 05:35:06:793 - info: [HTTP] <-- POST /wd/hub/session/cbc346e4-2079-4771-9503-a483be8a75db/touch/perform 200 998 ms - 76 
2018-04-07 05:35:07:798 - info: [HTTP] --> GET /wd/hub/session/cbc346e4-2079-4771-9503-a483be8a75db/window/current/size {}
2018-04-07 05:35:07:798 - info: [MJSONWP] Driver proxy active, passing request on via HTTP proxy
2018-04-07 05:35:07:799 - info: [debug] [JSONWP Proxy] Proxying [GET /wd/hub/session/cbc346e4-2079-4771-9503-a483be8a75db/window/current/size] to [GET http://localhost:8216/wd/hub/session/9f933153-9c9f-4ef4-b90f-c1373707062c/window/current/size] with body: {}
2018-04-07 05:35:07:813 - info: [debug] [JSONWP Proxy] Got response with status 200: "{\"sessionId\":\"9f933153-9c9f-4ef4-b90f-c1373707062c\",\"status\":0,\"value\":{\"height\":1812,\"width\":1080}}"
2018-04-07 05:35:07:814 - info: [JSONWP Proxy] Replacing sessionId 9f933153-9c9f-4ef4-b90f-c1373707062c with cbc346e4-2079-4771-9503-a483be8a75db
2018-04-07 05:35:07:815 - info: [HTTP] <-- GET /wd/hub/session/cbc346e4-2079-4771-9503-a483be8a75db/window/current/size 200 18 ms - 100 
2018-04-07 05:35:07:819 - info: [HTTP] --> GET /wd/hub/session/cbc346e4-2079-4771-9503-a483be8a75db/window/current/size {}
2018-04-07 05:35:07:820 - info: [MJSONWP] Driver proxy active, passing request on via HTTP proxy
2018-04-07 05:35:07:821 - info: [debug] [JSONWP Proxy] Proxying [GET /wd/hub/session/cbc346e4-2079-4771-9503-a483be8a75db/window/current/size] to [GET http://localhost:8216/wd/hub/session/9f933153-9c9f-4ef4-b90f-c1373707062c/window/current/size] with body: {}
2018-04-07 05:35:07:837 - info: [debug] [JSONWP Proxy] Got response with status 200: "{\"sessionId\":\"9f933153-9c9f-4ef4-b90f-c1373707062c\",\"status\":0,\"value\":{\"height\":1812,\"width\":1080}}"
2018-04-07 05:35:07:838 - info: [JSONWP Proxy] Replacing sessionId 9f933153-9c9f-4ef4-b90f-c1373707062c with cbc346e4-2079-4771-9503-a483be8a75db
2018-04-07 05:35:07:839 - info: [HTTP] <-- GET /wd/hub/session/cbc346e4-2079-4771-9503-a483be8a75db/window/current/size 200 19 ms - 100 
2018-04-07 05:35:07:842 - info: [HTTP] --> POST /wd/hub/session/cbc346e4-2079-4771-9503-a483be8a75db/touch/perform {"sessionId":"cbc346e4-2079-4771-9503-a483be8a75db","actions":[{"action":"press","options":{"y":906,"x":972}},{"action":"wait","options":{"ms":1000}},{"action":"moveTo","options":{"y":906,"x":108}},{"action":"release","options":{}}]}
2018-04-07 05:35:07:843 - info: [debug] [MJSONWP] Calling AppiumDriver.performTouch() with args: [[{"action":"press","options":{"y":906,"x":972}},{"action":"wait","options":{"ms":1000}},{"action":"moveTo","options":{"y":906,"x":108}},{"action":"release","options":{}}],"cbc346e4-2079-4771-9503-a483be8a75db"]
2018-04-07 05:35:07:846 - info: [debug] [JSONWP Proxy] Proxying [POST /touch/perform] to [POST http://localhost:8216/wd/hub/session/9f933153-9c9f-4ef4-b90f-c1373707062c/touch/perform] with body: {"startX":972,"startY":906,"endX":108,"endY":906,"steps":28}
2018-04-07 05:35:08:326 - info: [debug] [JSONWP Proxy] Got response with status 200: {"sessionId":"9f933153-9c9f-4ef4-b90f-c1373707062c","status":0,"value":true}
2018-04-07 05:35:08:327 - info: [debug] [MJSONWP] Responding to client with driver.performTouch() result: true
2018-04-07 05:35:08:328 - info: [HTTP] <-- POST /wd/hub/session/cbc346e4-2079-4771-9503-a483be8a75db/touch/perform 200 486 ms - 76 
2018-04-07 05:35:09:328 - info: [HTTP] --> GET /wd/hub/session/cbc346e4-2079-4771-9503-a483be8a75db/window/current/size {}
2018-04-07 05:35:09:329 - info: [MJSONWP] Driver proxy active, passing request on via HTTP proxy
2018-04-07 05:35:09:329 - info: [debug] [JSONWP Proxy] Proxying [GET /wd/hub/session/cbc346e4-2079-4771-9503-a483be8a75db/window/current/size] to [GET http://localhost:8216/wd/hub/session/9f933153-9c9f-4ef4-b90f-c1373707062c/window/current/size] with body: {}
2018-04-07 05:35:09:347 - info: [debug] [JSONWP Proxy] Got response with status 200: "{\"sessionId\":\"9f933153-9c9f-4ef4-b90f-c1373707062c\",\"status\":0,\"value\":{\"height\":1812,\"width\":1080}}"
2018-04-07 05:35:09:347 - info: [JSONWP Proxy] Replacing sessionId 9f933153-9c9f-4ef4-b90f-c1373707062c with cbc346e4-2079-4771-9503-a483be8a75db
2018-04-07 05:35:09:348 - info: [HTTP] <-- GET /wd/hub/session/cbc346e4-2079-4771-9503-a483be8a75db/window/current/size 200 20 ms - 100 
2018-04-07 05:35:09:351 - info: [HTTP] --> GET /wd/hub/session/cbc346e4-2079-4771-9503-a483be8a75db/window/current/size {}
2018-04-07 05:35:09:352 - info: [MJSONWP] Driver proxy active, passing request on via HTTP proxy
2018-04-07 05:35:09:354 - info: [debug] [JSONWP Proxy] Proxying [GET /wd/hub/session/cbc346e4-2079-4771-9503-a483be8a75db/window/current/size] to [GET http://localhost:8216/wd/hub/session/9f933153-9c9f-4ef4-b90f-c1373707062c/window/current/size] with body: {}
2018-04-07 05:35:09:367 - info: [debug] [JSONWP Proxy] Got response with status 200: "{\"sessionId\":\"9f933153-9c9f-4ef4-b90f-c1373707062c\",\"status\":0,\"value\":{\"height\":1812,\"width\":1080}}"
2018-04-07 05:35:09:367 - info: [JSONWP Proxy] Replacing sessionId 9f933153-9c9f-4ef4-b90f-c1373707062c with cbc346e4-2079-4771-9503-a483be8a75db
2018-04-07 05:35:09:368 - info: [HTTP] <-- GET /wd/hub/session/cbc346e4-2079-4771-9503-a483be8a75db/window/current/size 200 17 ms - 100 
2018-04-07 05:35:09:372 - info: [HTTP] --> POST /wd/hub/session/cbc346e4-2079-4771-9503-a483be8a75db/touch/perform {"sessionId":"cbc346e4-2079-4771-9503-a483be8a75db","actions":[{"action":"press","options":{"y":906,"x":972}},{"action":"wait","options":{"ms":1000}},{"action":"moveTo","options":{"y":906,"x":108}},{"action":"release","options":{}}]}
2018-04-07 05:35:09:372 - info: [debug] [MJSONWP] Calling AppiumDriver.performTouch() with args: [[{"action":"press","options":{"y":906,"x":972}},{"action":"wait","options":{"ms":1000}},{"action":"moveTo","options":{"y":906,"x":108}},{"action":"release","options":{}}],"cbc346e4-2079-4771-9503-a483be8a75db"]
2018-04-07 05:35:09:374 - info: [debug] [JSONWP Proxy] Proxying [POST /touch/perform] to [POST http://localhost:8216/wd/hub/session/9f933153-9c9f-4ef4-b90f-c1373707062c/touch/perform] with body: {"startX":972,"startY":906,"endX":108,"endY":906,"steps":28}
2018-04-07 05:35:09:837 - info: [debug] [JSONWP Proxy] Got response with status 200: {"sessionId":"9f933153-9c9f-4ef4-b90f-c1373707062c","status":0,"value":true}
2018-04-07 05:35:09:838 - info: [debug] [MJSONWP] Responding to client with driver.performTouch() result: true
2018-04-07 05:35:09:839 - info: [HTTP] <-- POST /wd/hub/session/cbc346e4-2079-4771-9503-a483be8a75db/touch/perform 200 467 ms - 76 
2018-04-07 05:35:10:843 - info: [HTTP] --> GET /wd/hub/session/cbc346e4-2079-4771-9503-a483be8a75db/window/current/size {}
2018-04-07 05:35:10:843 - info: [MJSONWP] Driver proxy active, passing request on via HTTP proxy
2018-04-07 05:35:10:844 - info: [debug] [JSONWP Proxy] Proxying [GET /wd/hub/session/cbc346e4-2079-4771-9503-a483be8a75db/window/current/size] to [GET http://localhost:8216/wd/hub/session/9f933153-9c9f-4ef4-b90f-c1373707062c/window/current/size] with body: {}
2018-04-07 05:35:10:863 - info: [debug] [JSONWP Proxy] Got response with status 200: "{\"sessionId\":\"9f933153-9c9f-4ef4-b90f-c1373707062c\",\"status\":0,\"value\":{\"height\":1812,\"width\":1080}}"
2018-04-07 05:35:10:864 - info: [JSONWP Proxy] Replacing sessionId 9f933153-9c9f-4ef4-b90f-c1373707062c with cbc346e4-2079-4771-9503-a483be8a75db
2018-04-07 05:35:10:865 - info: [HTTP] <-- GET /wd/hub/session/cbc346e4-2079-4771-9503-a483be8a75db/window/current/size 200 22 ms - 100 
2018-04-07 05:35:10:868 - info: [HTTP] --> GET /wd/hub/session/cbc346e4-2079-4771-9503-a483be8a75db/window/current/size {}
2018-04-07 05:35:10:868 - info: [MJSONWP] Driver proxy active, passing request on via HTTP proxy
2018-04-07 05:35:10:869 - info: [debug] [JSONWP Proxy] Proxying [GET /wd/hub/session/cbc346e4-2079-4771-9503-a483be8a75db/window/current/size] to [GET http://localhost:8216/wd/hub/session/9f933153-9c9f-4ef4-b90f-c1373707062c/window/current/size] with body: {}
2018-04-07 05:35:10:883 - info: [debug] [JSONWP Proxy] Got response with status 200: "{\"sessionId\":\"9f933153-9c9f-4ef4-b90f-c1373707062c\",\"status\":0,\"value\":{\"height\":1812,\"width\":1080}}"
2018-04-07 05:35:10:884 - info: [JSONWP Proxy] Replacing sessionId 9f933153-9c9f-4ef4-b90f-c1373707062c with cbc346e4-2079-4771-9503-a483be8a75db
2018-04-07 05:35:10:884 - info: [HTTP] <-- GET /wd/hub/session/cbc346e4-2079-4771-9503-a483be8a75db/window/current/size 200 16 ms - 100 
2018-04-07 05:35:10:888 - info: [HTTP] --> POST /wd/hub/session/cbc346e4-2079-4771-9503-a483be8a75db/touch/perform {"sessionId":"cbc346e4-2079-4771-9503-a483be8a75db","actions":[{"action":"press","options":{"y":906,"x":972}},{"action":"wait","options":{"ms":1000}},{"action":"moveTo","options":{"y":906,"x":108}},{"action":"release","options":{}}]}
2018-04-07 05:35:10:888 - info: [debug] [MJSONWP] Calling AppiumDriver.performTouch() with args: [[{"action":"press","options":{"y":906,"x":972}},{"action":"wait","options":{"ms":1000}},{"action":"moveTo","options":{"y":906,"x":108}},{"action":"release","options":{}}],"cbc346e4-2079-4771-9503-a483be8a75db"]
2018-04-07 05:35:10:891 - info: [debug] [JSONWP Proxy] Proxying [POST /touch/perform] to [POST http://localhost:8216/wd/hub/session/9f933153-9c9f-4ef4-b90f-c1373707062c/touch/perform] with body: {"startX":972,"startY":906,"endX":108,"endY":906,"steps":28}
2018-04-07 05:35:11:371 - info: [debug] [JSONWP Proxy] Got response with status 200: {"sessionId":"9f933153-9c9f-4ef4-b90f-c1373707062c","status":0,"value":true}
2018-04-07 05:35:11:372 - info: [debug] [MJSONWP] Responding to client with driver.performTouch() result: true
2018-04-07 05:35:11:373 - info: [HTTP] <-- POST /wd/hub/session/cbc346e4-2079-4771-9503-a483be8a75db/touch/perform 200 485 ms - 76 
2018-04-07 05:35:12:376 - info: [HTTP] --> GET /wd/hub/session/cbc346e4-2079-4771-9503-a483be8a75db/window/current/size {}
2018-04-07 05:35:12:377 - info: [MJSONWP] Driver proxy active, passing request on via HTTP proxy
2018-04-07 05:35:12:378 - info: [debug] [JSONWP Proxy] Proxying [GET /wd/hub/session/cbc346e4-2079-4771-9503-a483be8a75db/window/current/size] to [GET http://localhost:8216/wd/hub/session/9f933153-9c9f-4ef4-b90f-c1373707062c/window/current/size] with body: {}
2018-04-07 05:35:12:394 - info: [debug] [JSONWP Proxy] Got response with status 200: "{\"sessionId\":\"9f933153-9c9f-4ef4-b90f-c1373707062c\",\"status\":0,\"value\":{\"height\":1812,\"width\":1080}}"
2018-04-07 05:35:12:394 - info: [JSONWP Proxy] Replacing sessionId 9f933153-9c9f-4ef4-b90f-c1373707062c with cbc346e4-2079-4771-9503-a483be8a75db
2018-04-07 05:35:12:395 - info: [HTTP] <-- GET /wd/hub/session/cbc346e4-2079-4771-9503-a483be8a75db/window/current/size 200 18 ms - 100 
2018-04-07 05:35:12:398 - info: [HTTP] --> GET /wd/hub/session/cbc346e4-2079-4771-9503-a483be8a75db/window/current/size {}
2018-04-07 05:35:12:399 - info: [MJSONWP] Driver proxy active, passing request on via HTTP proxy
2018-04-07 05:35:12:399 - info: [debug] [JSONWP Proxy] Proxying [GET /wd/hub/session/cbc346e4-2079-4771-9503-a483be8a75db/window/current/size] to [GET http://localhost:8216/wd/hub/session/9f933153-9c9f-4ef4-b90f-c1373707062c/window/current/size] with body: {}
2018-04-07 05:35:12:411 - info: [debug] [JSONWP Proxy] Got response with status 200: "{\"sessionId\":\"9f933153-9c9f-4ef4-b90f-c1373707062c\",\"status\":0,\"value\":{\"height\":1812,\"width\":1080}}"
2018-04-07 05:35:12:412 - info: [JSONWP Proxy] Replacing sessionId 9f933153-9c9f-4ef4-b90f-c1373707062c with cbc346e4-2079-4771-9503-a483be8a75db
2018-04-07 05:35:12:412 - info: [HTTP] <-- GET /wd/hub/session/cbc346e4-2079-4771-9503-a483be8a75db/window/current/size 200 14 ms - 100 
2018-04-07 05:35:12:415 - info: [HTTP] --> POST /wd/hub/session/cbc346e4-2079-4771-9503-a483be8a75db/touch/perform {"sessionId":"cbc346e4-2079-4771-9503-a483be8a75db","actions":[{"action":"press","options":{"y":906,"x":972}},{"action":"wait","options":{"ms":1000}},{"action":"moveTo","options":{"y":906,"x":108}},{"action":"release","options":{}}]}
2018-04-07 05:35:12:416 - info: [debug] [MJSONWP] Calling AppiumDriver.performTouch() with args: [[{"action":"press","options":{"y":906,"x":972}},{"action":"wait","options":{"ms":1000}},{"action":"moveTo","options":{"y":906,"x":108}},{"action":"release","options":{}}],"cbc346e4-2079-4771-9503-a483be8a75db"]
2018-04-07 05:35:12:418 - info: [debug] [JSONWP Proxy] Proxying [POST /touch/perform] to [POST http://localhost:8216/wd/hub/session/9f933153-9c9f-4ef4-b90f-c1373707062c/touch/perform] with body: {"startX":972,"startY":906,"endX":108,"endY":906,"steps":28}
2018-04-07 05:35:12:888 - info: [debug] [JSONWP Proxy] Got response with status 200: {"sessionId":"9f933153-9c9f-4ef4-b90f-c1373707062c","status":0,"value":true}
2018-04-07 05:35:12:889 - info: [debug] [MJSONWP] Responding to client with driver.performTouch() result: true
2018-04-07 05:35:12:890 - info: [HTTP] <-- POST /wd/hub/session/cbc346e4-2079-4771-9503-a483be8a75db/touch/perform 200 474 ms - 76 
2018-04-07 05:35:12:894 - info: [HTTP] --> POST /wd/hub/session/cbc346e4-2079-4771-9503-a483be8a75db/element {"using":"class name","sessionId":"cbc346e4-2079-4771-9503-a483be8a75db","value":"android.widget.ImageView"}
2018-04-07 05:35:12:895 - info: [debug] [MJSONWP] Calling AppiumDriver.findElement() with args: ["class name","android.widget.ImageView","cbc346e4-2079-4771-9503-a483be8a75db"]
2018-04-07 05:35:12:896 - info: [debug] [BaseDriver] Valid locator strategies for this request: xpath, id, class name, accessibility id, -android uiautomator
2018-04-07 05:35:12:897 - info: [debug] [BaseDriver] Valid locator strategies for this request: xpath, id, class name, accessibility id, -android uiautomator
2018-04-07 05:35:12:898 - info: [debug] [BaseDriver] Waiting up to 0 ms for condition
2018-04-07 05:35:12:899 - info: [debug] [JSONWP Proxy] Proxying [POST /element] to [POST http://localhost:8216/wd/hub/session/9f933153-9c9f-4ef4-b90f-c1373707062c/element] with body: {"strategy":"class name","selector":"android.widget.ImageView","context":"","multiple":false}
2018-04-07 05:35:13:703 - info: [debug] [JSONWP Proxy] Got response with status 200: {"sessionId":"9f933153-9c9f-4ef4-b90f-c1373707062c","status":0,"value":{"ELEMENT":"d47d1a0f-ae68-4227-a54c-30d5dd373167"}}
2018-04-07 05:35:13:705 - info: [debug] [MJSONWP] Responding to client with driver.findElement() result: {"ELEMENT":"d47d1a0f-ae68-4227-a54c-30d5dd373167"}
2018-04-07 05:35:13:707 - info: [HTTP] <-- POST /wd/hub/session/cbc346e4-2079-4771-9503-a483be8a75db/element 200 811 ms - 122 
2018-04-07 05:35:13:712 - info: [HTTP] --> POST /wd/hub/session/cbc346e4-2079-4771-9503-a483be8a75db/element/d47d1a0f-ae68-4227-a54c-30d5dd373167/click {"sessionId":"cbc346e4-2079-4771-9503-a483be8a75db","id":"d47d1a0f-ae68-4227-a54c-30d5dd373167"}
2018-04-07 05:35:13:713 - info: [debug] [MJSONWP] Calling AppiumDriver.click() with args: ["d47d1a0f-ae68-4227-a54c-30d5dd373167","cbc346e4-2079-4771-9503-a483be8a75db"]
2018-04-07 05:35:13:714 - info: [debug] [JSONWP Proxy] Proxying [POST /element/d47d1a0f-ae68-4227-a54c-30d5dd373167/click] to [POST http://localhost:8216/wd/hub/session/9f933153-9c9f-4ef4-b90f-c1373707062c/element/d47d1a0f-ae68-4227-a54c-30d5dd373167/click] with body: {"element":"d47d1a0f-ae68-4227-a54c-30d5dd373167"}
2018-04-07 05:35:13:746 - info: [debug] [JSONWP Proxy] Got response with status 200: {"sessionId":"9f933153-9c9f-4ef4-b90f-c1373707062c","status":0,"value":true}
2018-04-07 05:35:13:747 - info: [debug] [MJSONWP] Responding to client with driver.click() result: true
2018-04-07 05:35:13:748 - info: [HTTP] <-- POST /wd/hub/session/cbc346e4-2079-4771-9503-a483be8a75db/element/d47d1a0f-ae68-4227-a54c-30d5dd373167/click 200 36 ms - 76 
2018-04-07 05:35:16:756 - info: [HTTP] --> POST /wd/hub/session/cbc346e4-2079-4771-9503-a483be8a75db/elements {"using":"class name","sessionId":"cbc346e4-2079-4771-9503-a483be8a75db","value":"android.widget.EditText"}
2018-04-07 05:35:16:757 - info: [debug] [MJSONWP] Calling AppiumDriver.findElements() with args: ["class name","android.widget.EditText","cbc346e4-2079-4771-9503-a483be8a75db"]
2018-04-07 05:35:16:758 - info: [debug] [BaseDriver] Valid locator strategies for this request: xpath, id, class name, accessibility id, -android uiautomator
2018-04-07 05:35:16:759 - info: [debug] [BaseDriver] Valid locator strategies for this request: xpath, id, class name, accessibility id, -android uiautomator
2018-04-07 05:35:16:761 - info: [debug] [BaseDriver] Waiting up to 0 ms for condition
2018-04-07 05:35:16:762 - info: [debug] [JSONWP Proxy] Proxying [POST /elements] to [POST http://localhost:8216/wd/hub/session/9f933153-9c9f-4ef4-b90f-c1373707062c/elements] with body: {"strategy":"class name","selector":"android.widget.EditText","context":"","multiple":true}
2018-04-07 05:35:16:800 - info: [debug] [JSONWP Proxy] Got response with status 200: {"sessionId":"9f933153-9c9f-4ef4-b90f-c1373707062c","status":0,"value":[{"ELEMENT":"f16e3ad7-6d44-415d-a388-09f8d985e05d"},{"ELEMENT":"acc0f971-5ec0-41bf-a65f-a2d02bbe9d40"}]}
2018-04-07 05:35:16:801 - info: [debug] [MJSONWP] Responding to client with driver.findElements() result: [{"ELEMENT":"f16e3ad7-6d44-415d-a388-09f8d985e05d"},{"ELEMENT":"acc0f971-5ec0-41bf-a65f-a2d02bbe9d40"}]
2018-04-07 05:35:16:802 - info: [HTTP] <-- POST /wd/hub/session/cbc346e4-2079-4771-9503-a483be8a75db/elements 200 45 ms - 175 
2018-04-07 05:35:16:805 - info: [HTTP] --> POST /wd/hub/session/cbc346e4-2079-4771-9503-a483be8a75db/element/f16e3ad7-6d44-415d-a388-09f8d985e05d/value {"text":"18550903915","sessionId":"cbc346e4-2079-4771-9503-a483be8a75db","id":"f16e3ad7-6d44-415d-a388-09f8d985e05d","value":["1","8","5","5","0","9","0","3","9","1","5"]}
2018-04-07 05:35:16:806 - info: [debug] [MJSONWP] Calling AppiumDriver.setValue() with args: [["1","8","5","5","0","9","0","3","9","1","5"],"f16e3ad7-6d44-415d-a388-09f8d985e05d","cbc346e4-2079-4771-9503-a483be8a75db"]
2018-04-07 05:35:16:807 - info: [debug] [JSONWP Proxy] Proxying [POST /element/f16e3ad7-6d44-415d-a388-09f8d985e05d/value] to [POST http://localhost:8216/wd/hub/session/9f933153-9c9f-4ef4-b90f-c1373707062c/element/f16e3ad7-6d44-415d-a388-09f8d985e05d/value] with body: {"elementId":"f16e3ad7-6d44-415d-a388-09f8d985e05d","text":"18550903915","replace":false,"unicodeKeyboard":true}
2018-04-07 05:35:17:377 - info: [debug] [JSONWP Proxy] Got response with status 200: {"sessionId":"9f933153-9c9f-4ef4-b90f-c1373707062c","status":0,"value":""}
2018-04-07 05:35:17:378 - info: [debug] [MJSONWP] Responding to client with driver.setValue() result: ""
2018-04-07 05:35:17:379 - info: [HTTP] <-- POST /wd/hub/session/cbc346e4-2079-4771-9503-a483be8a75db/element/f16e3ad7-6d44-415d-a388-09f8d985e05d/value 200 573 ms - 74 
2018-04-07 05:35:17:385 - info: [HTTP] --> POST /wd/hub/session/cbc346e4-2079-4771-9503-a483be8a75db/elements {"using":"class name","sessionId":"cbc346e4-2079-4771-9503-a483be8a75db","value":"android.widget.EditText"}
2018-04-07 05:35:17:386 - info: [debug] [MJSONWP] Calling AppiumDriver.findElements() with args: ["class name","android.widget.EditText","cbc346e4-2079-4771-9503-a483be8a75db"]
2018-04-07 05:35:17:388 - info: [debug] [BaseDriver] Valid locator strategies for this request: xpath, id, class name, accessibility id, -android uiautomator
2018-04-07 05:35:17:388 - info: [debug] [BaseDriver] Valid locator strategies for this request: xpath, id, class name, accessibility id, -android uiautomator
2018-04-07 05:35:17:388 - info: [debug] [BaseDriver] Waiting up to 0 ms for condition
2018-04-07 05:35:17:388 - info: [debug] [JSONWP Proxy] Proxying [POST /elements] to [POST http://localhost:8216/wd/hub/session/9f933153-9c9f-4ef4-b90f-c1373707062c/elements] with body: {"strategy":"class name","selector":"android.widget.EditText","context":"","multiple":true}
2018-04-07 05:35:17:891 - info: [debug] [JSONWP Proxy] Got response with status 200: {"sessionId":"9f933153-9c9f-4ef4-b90f-c1373707062c","status":0,"value":[{"ELEMENT":"c3a4c0f3-302d-467e-8cd2-fb207ff05a23"},{"ELEMENT":"8855d480-f530-4ee8-8fb3-638b64d0a813"}]}
2018-04-07 05:35:17:891 - info: [debug] [MJSONWP] Responding to client with driver.findElements() result: [{"ELEMENT":"c3a4c0f3-302d-467e-8cd2-fb207ff05a23"},{"ELEMENT":"8855d480-f530-4ee8-8fb3-638b64d0a813"}]
2018-04-07 05:35:17:892 - info: [HTTP] <-- POST /wd/hub/session/cbc346e4-2079-4771-9503-a483be8a75db/elements 200 506 ms - 175 
2018-04-07 05:35:17:895 - info: [HTTP] --> POST /wd/hub/session/cbc346e4-2079-4771-9503-a483be8a75db/element/8855d480-f530-4ee8-8fb3-638b64d0a813/value {"text":"qwe123","sessionId":"cbc346e4-2079-4771-9503-a483be8a75db","id":"8855d480-f530-4ee8-8fb3-638b64d0a813","value":["q","w","e","1","2","3"]}
2018-04-07 05:35:17:896 - info: [debug] [MJSONWP] Calling AppiumDriver.setValue() with args: [["q","w","e","1","2","3"],"8855d480-f530-4ee8-8fb3-638b64d0a813","cbc346e4-2079-4771-9503-a483be8a75db"]
2018-04-07 05:35:17:897 - info: [debug] [JSONWP Proxy] Proxying [POST /element/8855d480-f530-4ee8-8fb3-638b64d0a813/value] to [POST http://localhost:8216/wd/hub/session/9f933153-9c9f-4ef4-b90f-c1373707062c/element/8855d480-f530-4ee8-8fb3-638b64d0a813/value] with body: {"elementId":"8855d480-f530-4ee8-8fb3-638b64d0a813","text":"qwe123","replace":false,"unicodeKeyboard":true}
2018-04-07 05:35:18:448 - info: [debug] [JSONWP Proxy] Got response with status 200: {"sessionId":"9f933153-9c9f-4ef4-b90f-c1373707062c","status":0,"value":""}
2018-04-07 05:35:18:449 - info: [debug] [MJSONWP] Responding to client with driver.setValue() result: ""
2018-04-07 05:35:18:450 - info: [HTTP] <-- POST /wd/hub/session/cbc346e4-2079-4771-9503-a483be8a75db/element/8855d480-f530-4ee8-8fb3-638b64d0a813/value 200 554 ms - 74 
2018-04-07 05:35:18:456 - info: [HTTP] --> POST /wd/hub/session/cbc346e4-2079-4771-9503-a483be8a75db/element {"using":"-android uiautomator","sessionId":"cbc346e4-2079-4771-9503-a483be8a75db","value":"new UiSelector().text(\"\")"}
2018-04-07 05:35:18:457 - info: [debug] [MJSONWP] Calling AppiumDriver.findElement() with args: ["-android uiautomator","new UiSelector().text(\"\")","cbc346e4-2079-4771-9503-a483be8a75db"]
2018-04-07 05:35:18:457 - info: [debug] [BaseDriver] Valid locator strategies for this request: xpath, id, class name, accessibility id, -android uiautomator
2018-04-07 05:35:18:458 - info: [debug] [BaseDriver] Valid locator strategies for this request: xpath, id, class name, accessibility id, -android uiautomator
2018-04-07 05:35:18:458 - info: [debug] [BaseDriver] Waiting up to 0 ms for condition
2018-04-07 05:35:18:458 - info: [debug] [JSONWP Proxy] Proxying [POST /element] to [POST http://localhost:8216/wd/hub/session/9f933153-9c9f-4ef4-b90f-c1373707062c/element] with body: {"strategy":"-android uiautomator","selector":"new UiSelector().text(\"\")","context":"","multiple":false}
2018-04-07 05:35:18:965 - info: [debug] [JSONWP Proxy] Got response with status 200: {"sessionId":"9f933153-9c9f-4ef4-b90f-c1373707062c","status":0,"value":{"ELEMENT":"9a90c45c-d09b-4155-845e-d6e3fbaa9ed6"}}
2018-04-07 05:35:18:966 - info: [debug] [MJSONWP] Responding to client with driver.findElement() result: {"ELEMENT":"9a90c45c-d09b-4155-845e-d6e3fbaa9ed6"}
2018-04-07 05:35:18:967 - info: [HTTP] <-- POST /wd/hub/session/cbc346e4-2079-4771-9503-a483be8a75db/element 200 512 ms - 122 
2018-04-07 05:35:18:970 - info: [HTTP] --> POST /wd/hub/session/cbc346e4-2079-4771-9503-a483be8a75db/element/9a90c45c-d09b-4155-845e-d6e3fbaa9ed6/click {"sessionId":"cbc346e4-2079-4771-9503-a483be8a75db","id":"9a90c45c-d09b-4155-845e-d6e3fbaa9ed6"}
2018-04-07 05:35:18:971 - info: [debug] [MJSONWP] Calling AppiumDriver.click() with args: ["9a90c45c-d09b-4155-845e-d6e3fbaa9ed6","cbc346e4-2079-4771-9503-a483be8a75db"]
2018-04-07 05:35:18:971 - info: [debug] [JSONWP Proxy] Proxying [POST /element/9a90c45c-d09b-4155-845e-d6e3fbaa9ed6/click] to [POST http://localhost:8216/wd/hub/session/9f933153-9c9f-4ef4-b90f-c1373707062c/element/9a90c45c-d09b-4155-845e-d6e3fbaa9ed6/click] with body: {"element":"9a90c45c-d09b-4155-845e-d6e3fbaa9ed6"}
2018-04-07 05:35:21:110 - info: [debug] [JSONWP Proxy] Got response with status 200: {"sessionId":"9f933153-9c9f-4ef4-b90f-c1373707062c","status":0,"value":true}
2018-04-07 05:35:21:113 - info: [debug] [MJSONWP] Responding to client with driver.click() result: true
2018-04-07 05:35:21:114 - info: [HTTP] <-- POST /wd/hub/session/cbc346e4-2079-4771-9503-a483be8a75db/element/9a90c45c-d09b-4155-845e-d6e3fbaa9ed6/click 200 2143 ms - 76 
2018-04-07 05:35:21:119 - info: [HTTP] --> POST /wd/hub/session/cbc346e4-2079-4771-9503-a483be8a75db/element {"using":"-android uiautomator","sessionId":"cbc346e4-2079-4771-9503-a483be8a75db","value":"new UiSelector().description(\"plusIcon\")"}
2018-04-07 05:35:21:119 - info: [debug] [MJSONWP] Calling AppiumDriver.findElement() with args: ["-android uiautomator","new UiSelector().description(\"plusIcon\")","cbc346e4-2079-4771-9503-a483be8a75db"]
2018-04-07 05:35:21:120 - info: [debug] [BaseDriver] Valid locator strategies for this request: xpath, id, class name, accessibility id, -android uiautomator
2018-04-07 05:35:21:120 - info: [debug] [BaseDriver] Valid locator strategies for this request: xpath, id, class name, accessibility id, -android uiautomator
2018-04-07 05:35:21:120 - info: [debug] [BaseDriver] Waiting up to 0 ms for condition
2018-04-07 05:35:21:121 - info: [debug] [JSONWP Proxy] Proxying [POST /element] to [POST http://localhost:8216/wd/hub/session/9f933153-9c9f-4ef4-b90f-c1373707062c/element] with body: {"strategy":"-android uiautomator","selector":"new UiSelector().description(\"plusIcon\")","context":"","multiple":false}
2018-04-07 05:35:21:347 - info: [debug] [JSONWP Proxy] Got response with status 200: {"sessionId":"9f933153-9c9f-4ef4-b90f-c1373707062c","status":0,"value":{"ELEMENT":"8d44b869-a722-495e-bd47-469ab2becf48"}}
2018-04-07 05:35:21:347 - info: [debug] [MJSONWP] Responding to client with driver.findElement() result: {"ELEMENT":"8d44b869-a722-495e-bd47-469ab2becf48"}
2018-04-07 05:35:21:348 - info: [HTTP] <-- POST /wd/hub/session/cbc346e4-2079-4771-9503-a483be8a75db/element 200 229 ms - 122 
2018-04-07 05:35:21:354 - info: [HTTP] --> GET /wd/hub/session/cbc346e4-2079-4771-9503-a483be8a75db/element/8d44b869-a722-495e-bd47-469ab2becf48/displayed {}
2018-04-07 05:35:21:354 - info: [debug] [MJSONWP] Calling AppiumDriver.elementDisplayed() with args: ["8d44b869-a722-495e-bd47-469ab2becf48","cbc346e4-2079-4771-9503-a483be8a75db"]
2018-04-07 05:35:21:355 - info: [debug] [JSONWP Proxy] Proxying [GET /element/8d44b869-a722-495e-bd47-469ab2becf48/attribute/displayed] to [GET http://localhost:8216/wd/hub/session/9f933153-9c9f-4ef4-b90f-c1373707062c/element/8d44b869-a722-495e-bd47-469ab2becf48/attribute/displayed] with body: {}
2018-04-07 05:35:21:386 - info: [debug] [JSONWP Proxy] Got response with status 200: "{\"sessionId\":\"9f933153-9c9f-4ef4-b90f-c1373707062c\",\"status\":0,\"value\":\"true\"}"
2018-04-07 05:35:21:387 - info: [debug] [MJSONWP] Responding to client with driver.elementDisplayed() result: true
2018-04-07 05:35:21:390 - info: [HTTP] <-- GET /wd/hub/session/cbc346e4-2079-4771-9503-a483be8a75db/element/8d44b869-a722-495e-bd47-469ab2becf48/displayed 200 34 ms - 76 
2018-04-07 05:35:31:394 - info: [HTTP] --> POST /wd/hub/session/cbc346e4-2079-4771-9503-a483be8a75db/elements {"using":"-android uiautomator","sessionId":"cbc346e4-2079-4771-9503-a483be8a75db","value":"new UiSelector().text(\":\")"}
2018-04-07 05:35:31:394 - info: [debug] [MJSONWP] Calling AppiumDriver.findElements() with args: ["-android uiautomator","new UiSelector().text(\":\")","cbc346e4-2079-4771-9503-a483be8a75db"]
2018-04-07 05:35:31:395 - info: [debug] [BaseDriver] Valid locator strategies for this request: xpath, id, class name, accessibility id, -android uiautomator
2018-04-07 05:35:31:395 - info: [debug] [BaseDriver] Valid locator strategies for this request: xpath, id, class name, accessibility id, -android uiautomator
2018-04-07 05:35:31:395 - info: [debug] [BaseDriver] Waiting up to 0 ms for condition
2018-04-07 05:35:31:396 - info: [debug] [JSONWP Proxy] Proxying [POST /elements] to [POST http://localhost:8216/wd/hub/session/9f933153-9c9f-4ef4-b90f-c1373707062c/elements] with body: {"strategy":"-android uiautomator","selector":"new UiSelector().text(\":\")","context":"","multiple":true}
2018-04-07 05:35:31:704 - info: [debug] [JSONWP Proxy] Got response with status 200: {"sessionId":"9f933153-9c9f-4ef4-b90f-c1373707062c","status":0,"value":[{"ELEMENT":"533bafd2-904b-4a82-8ea8-e5d1d0ddd4ff"}]}
2018-04-07 05:35:31:705 - info: [debug] [MJSONWP] Responding to client with driver.findElements() result: [{"ELEMENT":"533bafd2-904b-4a82-8ea8-e5d1d0ddd4ff"}]
2018-04-07 05:35:31:709 - info: [HTTP] <-- POST /wd/hub/session/cbc346e4-2079-4771-9503-a483be8a75db/elements 200 312 ms - 124 
2018-04-07 05:35:31:712 - info: [HTTP] --> GET /wd/hub/session/cbc346e4-2079-4771-9503-a483be8a75db/element/533bafd2-904b-4a82-8ea8-e5d1d0ddd4ff/location {}
2018-04-07 05:35:31:713 - info: [MJSONWP] Driver proxy active, passing request on via HTTP proxy
2018-04-07 05:35:31:714 - info: [debug] [JSONWP Proxy] Proxying [GET /wd/hub/session/cbc346e4-2079-4771-9503-a483be8a75db/element/533bafd2-904b-4a82-8ea8-e5d1d0ddd4ff/location] to [GET http://localhost:8216/wd/hub/session/9f933153-9c9f-4ef4-b90f-c1373707062c/element/533bafd2-904b-4a82-8ea8-e5d1d0ddd4ff/location] with body: {}
2018-04-07 05:35:31:747 - info: [debug] [JSONWP Proxy] Got response with status 200: "{\"sessionId\":\"9f933153-9c9f-4ef4-b90f-c1373707062c\",\"status\":0,\"value\":{\"x\":60,\"y\":661}}"
2018-04-07 05:35:31:748 - info: [JSONWP Proxy] Replacing sessionId 9f933153-9c9f-4ef4-b90f-c1373707062c with cbc346e4-2079-4771-9503-a483be8a75db
2018-04-07 05:35:31:749 - info: [HTTP] <-- GET /wd/hub/session/cbc346e4-2079-4771-9503-a483be8a75db/element/533bafd2-904b-4a82-8ea8-e5d1d0ddd4ff/location 200 37 ms - 88 
2018-04-07 05:35:31:754 - info: [HTTP] --> POST /wd/hub/session/cbc346e4-2079-4771-9503-a483be8a75db/touch/perform {"sessionId":"cbc346e4-2079-4771-9503-a483be8a75db","actions":[{"action":"press","options":{"y":661,"x":160}},{"action":"wait","options":{"ms":2000}},{"action":"moveTo","options":{"y":661,"x":0}},{"action":"release","options":{}}]}
2018-04-07 05:35:31:754 - info: [debug] [MJSONWP] Calling AppiumDriver.performTouch() with args: [[{"action":"press","options":{"y":661,"x":160}},{"action":"wait","options":{"ms":2000}},{"action":"moveTo","options":{"y":661,"x":0}},{"action":"release","options":{}}],"cbc346e4-2079-4771-9503-a483be8a75db"]
2018-04-07 05:35:31:756 - info: [debug] [JSONWP Proxy] Proxying [POST /touch/perform] to [POST http://localhost:8216/wd/hub/session/9f933153-9c9f-4ef4-b90f-c1373707062c/touch/perform] with body: {"startX":160,"startY":661,"endX":0,"endY":661,"steps":56}
2018-04-07 05:35:32:699 - info: [debug] [JSONWP Proxy] Got response with status 200: {"sessionId":"9f933153-9c9f-4ef4-b90f-c1373707062c","status":0,"value":true}
2018-04-07 05:35:32:700 - info: [debug] [MJSONWP] Responding to client with driver.performTouch() result: true
2018-04-07 05:35:32:701 - info: [HTTP] <-- POST /wd/hub/session/cbc346e4-2079-4771-9503-a483be8a75db/touch/perform 200 947 ms - 76 
2018-04-07 05:36:32:698 - warn: [BaseDriver] Shutting down because we waited 60 seconds for a command
2018-04-07 05:36:32:704 - info: [debug] [UiAutomator2] Deleting UiAutomator2 session
2018-04-07 05:36:32:705 - warn: [Appium] Closing session, cause was 'New Command Timeout of 60 seconds expired. Try customizing the timeout using the 'newCommandTimeout' desired capability'
2018-04-07 05:36:32:706 - info: [Appium] Removing session cbc346e4-2079-4771-9503-a483be8a75db from our master session list
2018-04-07 05:36:32:706 - info: [debug] [UiAutomator2] Deleting UiAutomator2 server session
2018-04-07 05:36:32:706 - info: [debug] [JSONWP Proxy] Proxying [DELETE /] to [DELETE http://localhost:8216/wd/hub/session/9f933153-9c9f-4ef4-b90f-c1373707062c] with no body
2018-04-07 05:36:32:734 - info: [debug] [JSONWP Proxy] Got response with status 200: "{\"sessionId\":\"9f933153-9c9f-4ef4-b90f-c1373707062c\",\"status\":0,\"value\":\"Session deleted\"}"
2018-04-07 05:36:32:735 - info: [debug] [UiAutomator2] Resetting IME to 'io.appium.android.ime/.UnicodeIME'
2018-04-07 05:36:32:735 - info: [debug] [ADB] Getting connected devices...
2018-04-07 05:36:32:905 - info: [debug] [ADB] 1 device(s) connected
2018-04-07 05:36:32:905 - info: [debug] [ADB] Running 'D:\sdk\platform-tools\adb.exe' with args: ["-P",5037,"-s","K4Q6T16713001686","shell","ime","set","io.appium.android.ime/.UnicodeIME"]
2018-04-07 05:36:33:719 - info: [debug] [ADB] Getting connected devices...
2018-04-07 05:36:33:816 - info: [debug] [ADB] 1 device(s) connected
2018-04-07 05:36:33:816 - info: [debug] [ADB] Running 'D:\sdk\platform-tools\adb.exe' with args: ["-P",5037,"-s","K4Q6T16713001686","shell","am","force-stop","com.elephant.myinvoice"]
2018-04-07 05:36:33:900 - info: [debug] [UiAutomator2] [UIAutomator2] io.appium.uiautomator2.server.test.AppiumUiAutomator2Server:.
2018-04-07 05:36:33:900 - info: [debug] [UiAutomator2] [UIAutomator2] Time: 94.031
2018-04-07 05:36:33:900 - info: [debug] [UiAutomator2] [UIAutomator2] OK (1 test)
2018-04-07 05:36:34:622 - info: [debug] [Logcat] Stopping logcat capture
2018-04-07 05:36:34:632 - info: [debug] [ADB] Removing forwarded port socket connection: 8216 
2018-04-07 05:36:34:632 - info: [debug] [ADB] Running 'D:\sdk\platform-tools\adb.exe' with args: ["-P",5037,"-s","K4Q6T16713001686","forward","--remove","tcp:8216"]
