2018-04-07 05:30:10:049 - info: [Appium] Welcome to Appium v1.7.2
2018-04-07 05:30:10:052 - info: [Appium] Non-default server args:
2018-04-07 05:30:10:053 - info: [Appium]   port: 4701
2018-04-07 05:30:10:053 - info: [Appium]   bootstrapPort: 4900
2018-04-07 05:30:10:053 - info: [Appium]   sessionOverride: true
2018-04-07 05:30:10:053 - info: [Appium]   log: D:/PycharmProjects/Appium27/log/K4Q6T167130016862018-04-07-13_30_00.log
2018-04-07 05:30:10:053 - info: [Appium]   udid: K4Q6T16713001686
2018-04-07 05:30:10:054 - info: [Appium]   noReset: true
2018-04-07 05:30:10:054 - warn: [Appium] Deprecated server args:
2018-04-07 05:30:10:055 - warn: [Appium]   -U,--udid => --default-capabilities '{"udid":"K4Q6T16713001686"}'
2018-04-07 05:30:10:055 - warn: [Appium]   --no-reset => --default-capabilities '{"noReset":true}'
2018-04-07 05:30:10:055 - info: [Appium] Default capabilities, which will be added to each request unless overridden by desired capabilities:
2018-04-07 05:30:10:056 - info: [Appium]   udid: K4Q6T16713001686
2018-04-07 05:30:10:056 - info: [Appium]   noReset: true
2018-04-07 05:30:10:091 - info: [Appium] Appium REST http interface listener started on 0.0.0.0:4701
2018-04-07 05:30:23:189 - info: [HTTP] --> POST /wd/hub/session {"capabilities":{"alwaysMatch":{"platformName":"Android"},"firstMatch":[{}]},"desiredCapabilities":{"deviceName":"K4Q6T16713001686","unicodeKeyboard":true,"automationName":"uiautomator2","resetKeyboard":true,"platformName":"Android","app":"../apk/wdfp.apk"}}
2018-04-07 05:30:23:193 - info: [debug] [MJSONWP] Calling AppiumDriver.createSession() with args: [{"deviceName":"K4Q6T16713001686","unicodeKeyboard":true,"automationName":"uiautomator2","resetKeyboard":true,"platformName":"Android","app":"../apk/wdfp.apk"},null,{"alwaysMatch":{"platformName":"Android"},"firstMatch":[{}]}]
2018-04-07 05:30:23:194 - info: [debug] [BaseDriver] Event 'newSessionRequested' logged at 1523079023194 (13:30:23 GMT+0800 (China Standard Time))
2018-04-07 05:30:23:196 - info: [Appium] Merged W3C capabilities {"alwaysMatch":{"platformName":"Android"},"firs... into desiredCapabilities object {"deviceName":"K4Q6T16713001686","unicodeKeyboa...
2018-04-07 05:30:23:200 - info: [Appium] Creating new AndroidUiautomator2Driver (v0.11.0) session
2018-04-07 05:30:23:200 - info: [Appium] Capabilities:
2018-04-07 05:30:23:200 - info: [Appium]   deviceName: K4Q6T16713001686
2018-04-07 05:30:23:200 - info: [Appium]   unicodeKeyboard: true
2018-04-07 05:30:23:200 - info: [Appium]   automationName: uiautomator2
2018-04-07 05:30:23:201 - info: [Appium]   resetKeyboard: true
2018-04-07 05:30:23:201 - info: [Appium]   platformName: Android
2018-04-07 05:30:23:201 - info: [Appium]   app: ../apk/wdfp.apk
2018-04-07 05:30:23:201 - info: [Appium]   udid: K4Q6T16713001686
2018-04-07 05:30:23:201 - info: [Appium]   noReset: true
2018-04-07 05:30:23:217 - info: [BaseDriver] Session created with session id: 8b8c4313-4f34-44bd-99fb-3ad5d06f6f5a
2018-04-07 05:30:23:218 - info: [BaseDriver] Using local app '../apk/wdfp.apk'
2018-04-07 05:30:23:244 - info: [debug] [UiAutomator2] Checking whether app is actually present
2018-04-07 05:30:23:664 - info: [debug] [AndroidDriver] Getting Java version
2018-04-07 05:30:23:933 - info: [AndroidDriver] Java version is: 1.8.0_151
2018-04-07 05:30:23:937 - info: [ADB] Checking whether adb is present
2018-04-07 05:30:23:941 - info: [ADB] Using adb.exe from D:\sdk\platform-tools\adb.exe
2018-04-07 05:30:23:941 - info: [AndroidDriver] Retrieving device list
2018-04-07 05:30:23:942 - info: [debug] [ADB] Trying to find a connected android device
2018-04-07 05:30:23:943 - info: [debug] [ADB] Getting connected devices...
2018-04-07 05:30:24:078 - info: [debug] [ADB] 1 device(s) connected
2018-04-07 05:30:24:079 - info: [AndroidDriver] Using device: K4Q6T16713001686
2018-04-07 05:30:24:080 - info: [ADB] Checking whether adb is present
2018-04-07 05:30:24:080 - info: [debug] [ADB] Setting device id to K4Q6T16713001686
2018-04-07 05:30:24:082 - info: [debug] [ADB] Getting connected devices...
2018-04-07 05:30:24:166 - info: [debug] [ADB] 1 device(s) connected
2018-04-07 05:30:24:168 - info: [debug] [ADB] Running 'D:\sdk\platform-tools\adb.exe' with args: ["-P",5037,"-s","K4Q6T16713001686","shell","getprop","ro.build.version.sdk"]
2018-04-07 05:30:24:339 - info: [debug] [ADB] Current device property 'ro.build.version.sdk': 24
2018-04-07 05:30:24:340 - info: [debug] [ADB] Device API level: 24
2018-04-07 05:30:24:341 - info: [debug] [AndroidDriver] Parsing package and activity from app manifest
2018-04-07 05:30:24:342 - info: [ADB] Checking whether aapt is present
2018-04-07 05:30:24:347 - info: [ADB] Using aapt.exe from D:\sdk\tools\aapt.exe
2018-04-07 05:30:24:347 - info: [ADB] Extracting package and launch activity from manifest
2018-04-07 05:30:24:476 - info: [debug] [ADB] badging package: com.elephant.myinvoice
2018-04-07 05:30:24:477 - info: [debug] [ADB] badging act: com.elephant.myinvoice.MainActivity
2018-04-07 05:30:24:477 - info: [debug] [AndroidDriver] Parsed package and activity are: com.elephant.myinvoice/com.elephant.myinvoice.MainActivity
2018-04-07 05:30:24:478 - info: [ADB] Getting device platform version
2018-04-07 05:30:24:478 - info: [debug] [ADB] Getting connected devices...
2018-04-07 05:30:24:588 - info: [debug] [ADB] 1 device(s) connected
2018-04-07 05:30:24:589 - info: [debug] [ADB] Running 'D:\sdk\platform-tools\adb.exe' with args: ["-P",5037,"-s","K4Q6T16713001686","shell","getprop","ro.build.version.release"]
2018-04-07 05:30:24:704 - info: [debug] [ADB] Current device property 'ro.build.version.release': 7.0
2018-04-07 05:30:24:705 - info: [debug] [ADB] Getting connected devices...
2018-04-07 05:30:24:801 - info: [debug] [ADB] 1 device(s) connected
2018-04-07 05:30:24:802 - info: [debug] [ADB] Running 'D:\sdk\platform-tools\adb.exe' with args: ["-P",5037,"-s","K4Q6T16713001686","shell","wm","size"]
2018-04-07 05:30:25:539 - info: [debug] [ADB] Getting connected devices...
2018-04-07 05:30:25:635 - info: [debug] [ADB] 1 device(s) connected
2018-04-07 05:30:25:636 - info: [debug] [ADB] Running 'D:\sdk\platform-tools\adb.exe' with args: ["-P",5037,"-s","K4Q6T16713001686","shell","wm","density"]
2018-04-07 05:30:26:345 - info: [debug] [ADB] Getting connected devices...
2018-04-07 05:30:26:432 - info: [debug] [ADB] 1 device(s) connected
2018-04-07 05:30:26:433 - info: [debug] [ADB] Running 'D:\sdk\platform-tools\adb.exe' with args: ["-P",5037,"-s","K4Q6T16713001686","shell","getprop","ro.product.model"]
2018-04-07 05:30:26:572 - info: [debug] [ADB] Current device property 'ro.product.model': NEM-AL10
2018-04-07 05:30:26:573 - info: [debug] [ADB] Getting connected devices...
2018-04-07 05:30:26:710 - info: [debug] [ADB] 1 device(s) connected
2018-04-07 05:30:26:711 - info: [debug] [ADB] Running 'D:\sdk\platform-tools\adb.exe' with args: ["-P",5037,"-s","K4Q6T16713001686","shell","getprop","ro.product.manufacturer"]
2018-04-07 05:30:26:825 - info: [debug] [ADB] Current device property 'ro.product.manufacturer': HUAWEI
2018-04-07 05:30:26:827 - info: [debug] [ADB] Getting connected devices...
2018-04-07 05:30:26:912 - info: [debug] [ADB] 1 device(s) connected
2018-04-07 05:30:26:912 - info: [debug] [ADB] Running 'D:\sdk\platform-tools\adb.exe' with args: ["-P",5037,"-s","K4Q6T16713001686","shell","am","force-stop","io.appium.uiautomator2.server"]
2018-04-07 05:30:27:629 - info: [ADB] Checking whether aapt is present
2018-04-07 05:30:27:679 - info: [debug] [ADB] Getting install status for io.appium.uiautomator2.server
2018-04-07 05:30:27:679 - info: [debug] [ADB] Getting connected devices...
2018-04-07 05:30:27:757 - info: [debug] [ADB] 1 device(s) connected
2018-04-07 05:30:27:757 - info: [debug] [ADB] Running 'D:\sdk\platform-tools\adb.exe' with args: ["-P",5037,"-s","K4Q6T16713001686","shell","pm","list","packages","io.appium.uiautomator2.server"]
2018-04-07 05:30:28:571 - info: [debug] [ADB] App is installed
2018-04-07 05:30:28:571 - info: [debug] [ADB] Getting install status for io.appium.uiautomator2.server.test
2018-04-07 05:30:28:571 - info: [debug] [ADB] Getting connected devices...
2018-04-07 05:30:28:655 - info: [debug] [ADB] 1 device(s) connected
2018-04-07 05:30:28:655 - info: [debug] [ADB] Running 'D:\sdk\platform-tools\adb.exe' with args: ["-P",5037,"-s","K4Q6T16713001686","shell","pm","list","packages","io.appium.uiautomator2.server.test"]
2018-04-07 05:30:29:381 - info: [debug] [ADB] App is installed
2018-04-07 05:30:29:382 - info: [debug] [ADB] Getting package info for io.appium.uiautomator2.server
2018-04-07 05:30:29:382 - info: [debug] [ADB] Getting connected devices...
2018-04-07 05:30:29:461 - info: [debug] [ADB] 1 device(s) connected
2018-04-07 05:30:29:461 - info: [debug] [ADB] Running 'D:\sdk\platform-tools\adb.exe' with args: ["-P",5037,"-s","K4Q6T16713001686","shell","dumpsys","package","io.appium.uiautomator2.server"]
2018-04-07 05:30:29:612 - info: [debug] [UiAutomator2] Waiting up to 20000ms for instrumentation 'io.appium.uiautomator2.server.test/android.support.test.runner.AndroidJUnitRunner' to be available
2018-04-07 05:30:29:613 - info: [debug] [ADB] Getting connected devices...
2018-04-07 05:30:29:698 - info: [debug] [ADB] 1 device(s) connected
2018-04-07 05:30:29:699 - info: [debug] [ADB] Running 'D:\sdk\platform-tools\adb.exe' with args: ["-P",5037,"-s","K4Q6T16713001686","shell","pm","list","instrumentation"]
2018-04-07 05:30:30:405 - info: [debug] [UiAutomator2] Instrumentation 'io.appium.uiautomator2.server.test/android.support.test.runner.AndroidJUnitRunner' available
2018-04-07 05:30:30:407 - info: [debug] [ADB] Running 'D:\sdk\platform-tools\adb.exe' with args: ["-P",5037,"-s","K4Q6T16713001686","wait-for-device"]
2018-04-07 05:30:30:496 - info: [debug] [ADB] Getting connected devices...
2018-04-07 05:30:30:595 - info: [debug] [ADB] 1 device(s) connected
2018-04-07 05:30:30:595 - info: [debug] [ADB] Running 'D:\sdk\platform-tools\adb.exe' with args: ["-P",5037,"-s","K4Q6T16713001686","shell","echo","ping"]
2018-04-07 05:30:30:711 - warn: [AndroidDriver] setDeviceLanguageCountry requires language or country.
2018-04-07 05:30:30:711 - warn: [AndroidDriver] Got language: 'null' and country: 'null'
2018-04-07 05:30:30:713 - info: [debug] [Logcat] Starting logcat capture
2018-04-07 05:30:30:820 - info: [debug] [AndroidDriver] Enabling Unicode keyboard support
2018-04-07 05:30:30:820 - info: [debug] [AndroidDriver] Pushing unicode ime to device...
2018-04-07 05:30:30:821 - info: [debug] [ADB] Running 'D:\sdk\platform-tools\adb.exe' with args: ["-P",5037,"-s","K4Q6T16713001686","install","C:\\Users\\Myron.Guo\\AppData\\Roaming\\npm\\node_modules\\appium\\node_modules\\appium-android-ime\\bin\\UnicodeIME-debug.apk"]
2018-04-07 05:30:32:436 - info: [debug] [ADB] Getting connected devices...
2018-04-07 05:30:32:545 - info: [debug] [ADB] 1 device(s) connected
2018-04-07 05:30:32:545 - info: [debug] [ADB] Running 'D:\sdk\platform-tools\adb.exe' with args: ["-P",5037,"-s","K4Q6T16713001686","shell","settings","get","secure","default_input_method"]
2018-04-07 05:30:33:273 - info: [debug] [AndroidDriver] Unsetting previous IME io.appium.android.ime/.UnicodeIME
2018-04-07 05:30:33:273 - info: [debug] [AndroidDriver] Setting IME to 'io.appium.android.ime/.UnicodeIME'
2018-04-07 05:30:33:274 - info: [debug] [ADB] Getting connected devices...
2018-04-07 05:30:33:365 - info: [debug] [ADB] 1 device(s) connected
2018-04-07 05:30:33:366 - info: [debug] [ADB] Running 'D:\sdk\platform-tools\adb.exe' with args: ["-P",5037,"-s","K4Q6T16713001686","shell","ime","enable","io.appium.android.ime/.UnicodeIME"]
2018-04-07 05:30:34:068 - info: [debug] [ADB] Getting connected devices...
2018-04-07 05:30:34:152 - info: [debug] [ADB] 1 device(s) connected
2018-04-07 05:30:34:153 - info: [debug] [ADB] Running 'D:\sdk\platform-tools\adb.exe' with args: ["-P",5037,"-s","K4Q6T16713001686","shell","ime","set","io.appium.android.ime/.UnicodeIME"]
2018-04-07 05:30:34:865 - info: [debug] [AndroidDriver] Pushing settings apk to device...
2018-04-07 05:30:34:866 - info: [debug] [ADB] Getting install status for io.appium.settings
2018-04-07 05:30:34:867 - info: [debug] [ADB] Getting connected devices...
2018-04-07 05:30:34:971 - info: [debug] [ADB] 1 device(s) connected
2018-04-07 05:30:34:972 - info: [debug] [ADB] Running 'D:\sdk\platform-tools\adb.exe' with args: ["-P",5037,"-s","K4Q6T16713001686","shell","pm","list","packages","io.appium.settings"]
2018-04-07 05:30:35:694 - info: [debug] [ADB] App is installed
2018-04-07 05:30:35:695 - info: [debug] [ADB] Getting package info for io.appium.settings
2018-04-07 05:30:35:695 - info: [debug] [ADB] Getting connected devices...
2018-04-07 05:30:35:781 - info: [debug] [ADB] 1 device(s) connected
2018-04-07 05:30:35:782 - info: [debug] [ADB] Running 'D:\sdk\platform-tools\adb.exe' with args: ["-P",5037,"-s","K4Q6T16713001686","shell","dumpsys","package","io.appium.settings"]
2018-04-07 05:30:35:891 - info: [ADB] Checking whether aapt is present
2018-04-07 05:30:36:000 - info: [debug] [ADB] The installed 'io.appium.settings' package does not require upgrade (5 >= 5)
2018-04-07 05:30:36:002 - info: [debug] [ADB] Device API level: 24
2018-04-07 05:30:36:003 - info: [debug] [ADB] Getting connected devices...
2018-04-07 05:30:36:094 - info: [debug] [ADB] 1 device(s) connected
2018-04-07 05:30:36:094 - info: [debug] [ADB] Running 'D:\sdk\platform-tools\adb.exe' with args: ["-P",5037,"-s","K4Q6T16713001686","shell","dumpsys","package","io.appium.settings"]
2018-04-07 05:30:36:243 - info: [debug] [ADB] Getting connected devices...
2018-04-07 05:30:36:321 - info: [debug] [ADB] 1 device(s) connected
2018-04-07 05:30:36:321 - info: [debug] [ADB] Running 'D:\sdk\platform-tools\adb.exe' with args: ["-P",5037,"-s","K4Q6T16713001686","shell","pm","dump","io.appium.settings"]
2018-04-07 05:30:37:510 - info: [debug] [ADB] Got the following command chunks to execute: pm,grant,io.appium.settings,android.permission.WRITE_SETTINGS,;,pm,grant,io.appium.settings,android.permission.ACCESS_MOCK_LOCATION,;
2018-04-07 05:30:37:510 - info: [debug] [ADB] Getting connected devices...
2018-04-07 05:30:37:591 - info: [debug] [ADB] 1 device(s) connected
2018-04-07 05:30:37:592 - info: [debug] [ADB] Running 'D:\sdk\platform-tools\adb.exe' with args: ["-P",5037,"-s","K4Q6T16713001686","shell","pm","grant","io.appium.settings","android.permission.WRITE_SETTINGS",";","pm","grant","io.appium.settings","android.permission.ACCESS_MOCK_LOCATION",";"]
2018-04-07 05:30:38:901 - info: [debug] [ADB] Getting connected devices...
2018-04-07 05:30:38:980 - info: [debug] [ADB] 1 device(s) connected
2018-04-07 05:30:38:980 - info: [debug] [ADB] Running 'D:\sdk\platform-tools\adb.exe' with args: ["-P",5037,"-s","K4Q6T16713001686","shell","ps"]
2018-04-07 05:30:39:139 - info: [debug] [ADB] Device API level: 24
2018-04-07 05:30:39:140 - info: [debug] [ADB] Getting connected devices...
2018-04-07 05:30:39:217 - info: [debug] [ADB] 1 device(s) connected
2018-04-07 05:30:39:217 - info: [debug] [ADB] Running 'D:\sdk\platform-tools\adb.exe' with args: ["-P",5037,"-s","K4Q6T16713001686","shell","appops","set","io.appium.settings","android:mock_location","allow"]
2018-04-07 05:30:39:356 - info: [debug] [AndroidDriver] Pushing unlock helper app to device...
2018-04-07 05:30:39:356 - info: [debug] [ADB] Getting install status for io.appium.unlock
2018-04-07 05:30:39:356 - info: [debug] [ADB] Getting connected devices...
2018-04-07 05:30:39:438 - info: [debug] [ADB] 1 device(s) connected
2018-04-07 05:30:39:438 - info: [debug] [ADB] Running 'D:\sdk\platform-tools\adb.exe' with args: ["-P",5037,"-s","K4Q6T16713001686","shell","pm","list","packages","io.appium.unlock"]
2018-04-07 05:30:40:153 - info: [debug] [ADB] App is installed
2018-04-07 05:30:40:153 - info: [debug] [ADB] Getting package info for io.appium.unlock
2018-04-07 05:30:40:154 - info: [debug] [ADB] Getting connected devices...
2018-04-07 05:30:40:224 - info: [debug] [ADB] 1 device(s) connected
2018-04-07 05:30:40:224 - info: [debug] [ADB] Running 'D:\sdk\platform-tools\adb.exe' with args: ["-P",5037,"-s","K4Q6T16713001686","shell","dumpsys","package","io.appium.unlock"]
2018-04-07 05:30:40:360 - info: [ADB] Checking whether aapt is present
2018-04-07 05:30:40:428 - info: [debug] [ADB] The installed 'io.appium.unlock' package does not require upgrade (2 >= 2)
2018-04-07 05:30:40:428 - info: [debug] [UiAutomator2] Forwarding UiAutomator2 Server port 6790 to 8216
2018-04-07 05:30:40:429 - info: [debug] [ADB] Forwarding system: 8216 to device: 6790
2018-04-07 05:30:40:429 - info: [debug] [ADB] Running 'D:\sdk\platform-tools\adb.exe' with args: ["-P",5037,"-s","K4Q6T16713001686","forward","tcp:8216","tcp:6790"]
2018-04-07 05:30:40:527 - info: [debug] [ADB] Getting connected devices...
2018-04-07 05:30:40:628 - info: [debug] [ADB] 1 device(s) connected
2018-04-07 05:30:40:628 - info: [debug] [ADB] Running 'D:\sdk\platform-tools\adb.exe' with args: ["-P",5037,"-s","K4Q6T16713001686","shell","dumpsys","window"]
2018-04-07 05:30:40:773 - info: [AndroidDriver] Screen already unlocked, doing nothing
2018-04-07 05:30:40:774 - info: [debug] [AndroidDriver] Extracting strings from apk ../apk/wdfp.apk null C:\Users\Myron.Guo\AppData\Local\Temp\com.elephant.myinvoice
2018-04-07 05:30:40:775 - info: [debug] [ADB] Extracting strings for language: default
2018-04-07 05:30:40:776 - info: [debug] [ADB] Device API level: 24
2018-04-07 05:30:40:776 - info: [debug] [ADB] Getting connected devices...
2018-04-07 05:30:40:865 - info: [debug] [ADB] 1 device(s) connected
2018-04-07 05:30:40:865 - info: [debug] [ADB] Running 'D:\sdk\platform-tools\adb.exe' with args: ["-P",5037,"-s","K4Q6T16713001686","shell","getprop","persist.sys.locale"]
2018-04-07 05:30:41:037 - info: [debug] [ADB] Current device property 'persist.sys.locale': zh-CN
2018-04-07 05:30:42:598 - info: [debug] [ADB] Reading strings from converted strings.json
2018-04-07 05:30:42:601 - info: [debug] [ADB] Running 'D:\sdk\platform-tools\adb.exe' with args: ["-P",5037,"-s","K4Q6T16713001686","push","C:\\Users\\Myron.Guo\\AppData\\Local\\Temp\\com.elephant.myinvoice\\strings.json","/data/local/tmp"]
2018-04-07 05:30:42:867 - info: [debug] [ADB] Checking app cert for ../apk/wdfp.apk
2018-04-07 05:30:42:872 - warn: [ADB] Cannot use apksigner tool for signature verification. Defaulting to verify.jar. Original error: Could not find apksigner.bat in D:\sdk\platform-tools\apksigner.bat,D:\sdk\emulator\apksigner.bat,D:\sdk\tools\apksigner.bat,D:\sdk\tools\bin\apksigner.bat,D:\sdk\build-tools\android-4.3\apksigner.bat, or supported build-tools under D:\sdk do you have the Android SDK installed at this location?
2018-04-07 05:30:44:343 - info: [debug] [ADB] '../apk/wdfp.apk' is already signed.
2018-04-07 05:30:44:618 - info: [AndroidDriver] Remote apk path is /data/local/tmp/4a9053f45d358d0242a66992e1a83312.apk
2018-04-07 05:30:44:619 - info: [debug] [ADB] Getting connected devices...
2018-04-07 05:30:44:830 - info: [debug] [ADB] 1 device(s) connected
2018-04-07 05:30:44:831 - info: [debug] [ADB] Running 'D:\sdk\platform-tools\adb.exe' with args: ["-P",5037,"-s","K4Q6T16713001686","shell","ls","/data/local/tmp/4a9053f45d358d0242a66992e1a83312.apk"]
2018-04-07 05:30:44:978 - info: [debug] [AndroidDriver] Checking if app is installed
2018-04-07 05:30:44:978 - info: [debug] [ADB] Getting install status for com.elephant.myinvoice
2018-04-07 05:30:44:978 - info: [debug] [ADB] Getting connected devices...
2018-04-07 05:30:45:081 - info: [debug] [ADB] 1 device(s) connected
2018-04-07 05:30:45:082 - info: [debug] [ADB] Running 'D:\sdk\platform-tools\adb.exe' with args: ["-P",5037,"-s","K4Q6T16713001686","shell","pm","list","packages","com.elephant.myinvoice"]
2018-04-07 05:30:45:829 - info: [debug] [ADB] App is not installed
2018-04-07 05:30:45:830 - info: [AndroidDriver] Apk is not yet installed
2018-04-07 05:30:45:831 - info: [AndroidDriver] installing apk from remote
2018-04-07 05:30:45:831 - info: [debug] [ADB] Getting connected devices...
2018-04-07 05:30:45:912 - info: [debug] [ADB] 1 device(s) connected
2018-04-07 05:30:45:913 - info: [debug] [ADB] Running 'D:\sdk\platform-tools\adb.exe' with args: ["-P",5037,"-s","K4Q6T16713001686","shell","mkdir","-p","/data/local/tmp"]
2018-04-07 05:30:46:044 - info: [AndroidDriver] Clearing out any existing remote apks with the same hash
2018-04-07 05:30:46:045 - info: [debug] [AndroidDriver] Removing any old apks
2018-04-07 05:30:46:046 - info: [debug] [AndroidDriver] Except ["4a9053f45d358d0242a66992e1a83312"]
2018-04-07 05:30:46:046 - info: [debug] [ADB] Getting connected devices...
2018-04-07 05:30:46:163 - info: [debug] [ADB] 1 device(s) connected
2018-04-07 05:30:46:163 - info: [debug] [ADB] Running 'D:\sdk\platform-tools\adb.exe' with args: ["-P",5037,"-s","K4Q6T16713001686","shell","ls","/data/local/tmp/*.apk"]
2018-04-07 05:30:46:283 - info: [debug] [ADB] Uninstalling com.elephant.myinvoice
2018-04-07 05:30:46:284 - info: [debug] [ADB] Getting install status for com.elephant.myinvoice
2018-04-07 05:30:46:284 - info: [debug] [ADB] Getting connected devices...
2018-04-07 05:30:46:655 - info: [debug] [ADB] 1 device(s) connected
2018-04-07 05:30:46:656 - info: [debug] [ADB] Running 'D:\sdk\platform-tools\adb.exe' with args: ["-P",5037,"-s","K4Q6T16713001686","shell","pm","list","packages","com.elephant.myinvoice"]
2018-04-07 05:30:47:380 - info: [debug] [ADB] App is not installed
2018-04-07 05:30:47:380 - info: [ADB] com.elephant.myinvoice was not uninstalled, because it was not present on the device
2018-04-07 05:30:47:381 - info: [debug] [ADB] Getting connected devices...
2018-04-07 05:30:47:484 - info: [debug] [ADB] 1 device(s) connected
2018-04-07 05:30:47:484 - info: [debug] [ADB] Running 'D:\sdk\platform-tools\adb.exe' with args: ["-P",5037,"-s","K4Q6T16713001686","shell","pm","install","-r","/data/local/tmp/4a9053f45d358d0242a66992e1a83312.apk"]
2018-04-07 05:30:52:355 - info: [debug] [ADB] Getting connected devices...
2018-04-07 05:30:52:437 - info: [debug] [ADB] 1 device(s) connected
2018-04-07 05:30:52:438 - info: [debug] [ADB] Running 'D:\sdk\platform-tools\adb.exe' with args: ["-P",5037,"-s","K4Q6T16713001686","shell","am","force-stop","io.appium.uiautomator2.server"]
2018-04-07 05:30:53:270 - info: [UiAutomator2] Starting uiautomator2 server v0.3.0
2018-04-07 05:30:53:271 - info: [UiAutomator2] Running command: 'adb -s K4Q6T16713001686 shell am instrument -w io.appium.uiautomator2.server.test/android.support.test.runner.AndroidJUnitRunner'
2018-04-07 05:30:53:274 - info: [UiAutomator2] Waiting up to 20000ms for UiAutomator2 to be online...
2018-04-07 05:30:53:277 - info: [debug] [JSONWP Proxy] Proxying [GET /status] to [GET http://localhost:8216/wd/hub/status] with no body
2018-04-07 05:30:54:311 - info: [debug] [JSONWP Proxy] Proxying [GET /status] to [GET http://localhost:8216/wd/hub/status] with no body
2018-04-07 05:30:55:324 - info: [debug] [JSONWP Proxy] Proxying [GET /status] to [GET http://localhost:8216/wd/hub/status] with no body
2018-04-07 05:30:56:334 - info: [debug] [JSONWP Proxy] Proxying [GET /status] to [GET http://localhost:8216/wd/hub/status] with no body
2018-04-07 05:30:56:366 - info: [debug] [JSONWP Proxy] Got response with status 200: "{\"sessionId\":\"SESSIONID\",\"status\":0,\"value\":\"Status Invoked\"}"
2018-04-07 05:30:56:367 - info: [debug] [JSONWP Proxy] Proxying [POST /session] to [POST http://localhost:8216/wd/hub/session] with body: {"desiredCapabilities":{"platform":"LINUX","webStorageEnabled":false,"takesScreenshot":true,"javascriptEnabled":true,"databaseEnabled":false,"networkConnectionEnabled":true,"locationContextEnabled":false,"warnings":{},"desired":{"deviceName":"K4Q6T16713001686","unicodeKeyboard":true,"automationName":"uiautomator2","resetKeyboard":true,"platformName":"Android","app":"../apk/wdfp.apk","udid":"K4Q6T16713001686","noReset":true},"deviceName":"K4Q6T16713001686","unicodeKeyboard":true,"automationName":"uiautomator2","resetKeyboard":true,"platformName":"Android","app":"../apk/wdfp.apk","udid":"K4Q6T16713001686","noReset":true,"deviceUDID":"K4Q6T16713001686","platformVersion":"7.0","deviceScreenSize":"1080x1920","deviceScreenDensity":480,"deviceModel":"NEM-AL10","deviceManufacturer":"HUAWEI","appPackage":"com.elephant.myinvoice"}}
2018-04-07 05:30:56:382 - info: [debug] [JSONWP Proxy] Got response with status 200: {"sessionId":"a3cd6b15-fbd4-4832-bb3f-23fd8736e7b6","status":0,"value":"Created Session"}
2018-04-07 05:30:56:383 - info: [UiAutomator2] UiAutomator2 did not start the activity we were waiting for, 'com.elephant.myinvoice/com.elephant.myinvoice.MainActivity'. Starting it ourselves
2018-04-07 05:30:56:384 - info: [debug] [ADB] Device API level: 24
2018-04-07 05:30:56:385 - info: [debug] [ADB] Getting connected devices...
2018-04-07 05:30:56:480 - info: [debug] [ADB] 1 device(s) connected
2018-04-07 05:30:56:480 - info: [debug] [ADB] Running 'D:\sdk\platform-tools\adb.exe' with args: ["-P",5037,"-s","K4Q6T16713001686","shell","am","start","-W","-n","com.elephant.myinvoice/com.elephant.myinvoice.MainActivity","-S","-a","android.intent.action.MAIN","-c","android.intent.category.LAUNCHER","-f","0x10200000"]
2018-04-07 05:30:58:500 - info: [debug] [ADB] Waiting up to 20000ms for activity matching pkg: 'com.elephant.myinvoice' and activity: 'com.elephant.myinvoice.MainActivity' to be focused
2018-04-07 05:30:58:502 - info: [debug] [ADB] Possible activities, to be checked: 'com.elephant.myinvoice.MainActivity'
2018-04-07 05:30:58:504 - info: [debug] [ADB] Getting focused package and activity
2018-04-07 05:30:58:504 - info: [debug] [ADB] Getting connected devices...
2018-04-07 05:30:58:598 - info: [debug] [ADB] 1 device(s) connected
2018-04-07 05:30:58:599 - info: [debug] [ADB] Running 'D:\sdk\platform-tools\adb.exe' with args: ["-P",5037,"-s","K4Q6T16713001686","shell","dumpsys","window","windows"]
2018-04-07 05:30:58:720 - info: [debug] [ADB] Found package: 'com.elephant.myinvoice' and fully qualified activity name : 'com.elephant.myinvoice.MainActivity'
2018-04-07 05:30:58:721 - info: [Appium] New AndroidUiautomator2Driver session created successfully, session 8b8c4313-4f34-44bd-99fb-3ad5d06f6f5a added to master session list
2018-04-07 05:30:58:722 - info: [debug] [BaseDriver] Event 'newSessionStarted' logged at 1523079058722 (13:30:58 GMT+0800 (China Standard Time))
2018-04-07 05:30:58:724 - info: [debug] [MJSONWP] Responding to client with driver.createSession() result: {"deviceName":"K4Q6T16713001686","unicodeKeyboard":true,"automationName":"uiautomator2","resetKeyboard":true,"platformName":"Android","app":"../apk/wdfp.apk","udid":"K4Q6T16713001686","noReset":true}
2018-04-07 05:30:58:730 - info: [HTTP] <-- POST /wd/hub/session 200 35538 ms - 271 
2018-04-07 05:31:00:749 - info: [HTTP] --> GET /wd/hub/session/8b8c4313-4f34-44bd-99fb-3ad5d06f6f5a/window/current/size {}
2018-04-07 05:31:00:753 - info: [MJSONWP] Driver proxy active, passing request on via HTTP proxy
2018-04-07 05:31:00:755 - info: [debug] [JSONWP Proxy] Proxying [GET /wd/hub/session/8b8c4313-4f34-44bd-99fb-3ad5d06f6f5a/window/current/size] to [GET http://localhost:8216/wd/hub/session/a3cd6b15-fbd4-4832-bb3f-23fd8736e7b6/window/current/size] with body: {}
2018-04-07 05:31:00:800 - info: [debug] [JSONWP Proxy] Got response with status 200: "{\"sessionId\":\"a3cd6b15-fbd4-4832-bb3f-23fd8736e7b6\",\"status\":0,\"value\":{\"height\":1812,\"width\":1080}}"
2018-04-07 05:31:00:800 - info: [JSONWP Proxy] Replacing sessionId a3cd6b15-fbd4-4832-bb3f-23fd8736e7b6 with 8b8c4313-4f34-44bd-99fb-3ad5d06f6f5a
2018-04-07 05:31:00:802 - info: [HTTP] <-- GET /wd/hub/session/8b8c4313-4f34-44bd-99fb-3ad5d06f6f5a/window/current/size 200 53 ms - 100 
2018-04-07 05:31:00:808 - info: [HTTP] --> GET /wd/hub/session/8b8c4313-4f34-44bd-99fb-3ad5d06f6f5a/window/current/size {}
2018-04-07 05:31:00:809 - info: [MJSONWP] Driver proxy active, passing request on via HTTP proxy
2018-04-07 05:31:00:809 - info: [debug] [JSONWP Proxy] Proxying [GET /wd/hub/session/8b8c4313-4f34-44bd-99fb-3ad5d06f6f5a/window/current/size] to [GET http://localhost:8216/wd/hub/session/a3cd6b15-fbd4-4832-bb3f-23fd8736e7b6/window/current/size] with body: {}
2018-04-07 05:31:00:824 - info: [debug] [JSONWP Proxy] Got response with status 200: "{\"sessionId\":\"a3cd6b15-fbd4-4832-bb3f-23fd8736e7b6\",\"status\":0,\"value\":{\"height\":1812,\"width\":1080}}"
2018-04-07 05:31:00:825 - info: [JSONWP Proxy] Replacing sessionId a3cd6b15-fbd4-4832-bb3f-23fd8736e7b6 with 8b8c4313-4f34-44bd-99fb-3ad5d06f6f5a
2018-04-07 05:31:00:826 - info: [HTTP] <-- GET /wd/hub/session/8b8c4313-4f34-44bd-99fb-3ad5d06f6f5a/window/current/size 200 18 ms - 100 
2018-04-07 05:31:00:829 - info: [HTTP] --> POST /wd/hub/session/8b8c4313-4f34-44bd-99fb-3ad5d06f6f5a/touch/perform {"sessionId":"8b8c4313-4f34-44bd-99fb-3ad5d06f6f5a","actions":[{"action":"press","options":{"y":1629,"x":540}},{"action":"wait","options":{"ms":2000}},{"action":"moveTo","options":{"y":181,"x":540}},{"action":"release","options":{}}]}
2018-04-07 05:31:00:832 - info: [debug] [MJSONWP] Calling AppiumDriver.performTouch() with args: [[{"action":"press","options":{"y":1629,"x":540}},{"action":"wait","options":{"ms":2000}},{"action":"moveTo","options":{"y":181,"x":540}},{"action":"release","options":{}}],"8b8c4313-4f34-44bd-99fb-3ad5d06f6f5a"]
2018-04-07 05:31:00:837 - info: [debug] [JSONWP Proxy] Proxying [POST /touch/perform] to [POST http://localhost:8216/wd/hub/session/a3cd6b15-fbd4-4832-bb3f-23fd8736e7b6/touch/perform] with body: {"startX":540,"startY":1629,"endX":540,"endY":181,"steps":56}
2018-04-07 05:31:01:829 - info: [debug] [JSONWP Proxy] Got response with status 200: {"sessionId":"a3cd6b15-fbd4-4832-bb3f-23fd8736e7b6","status":0,"value":true}
2018-04-07 05:31:01:832 - info: [debug] [MJSONWP] Responding to client with driver.performTouch() result: true
2018-04-07 05:31:01:833 - info: [HTTP] <-- POST /wd/hub/session/8b8c4313-4f34-44bd-99fb-3ad5d06f6f5a/touch/perform 200 1003 ms - 76 
2018-04-07 05:31:02:837 - info: [HTTP] --> GET /wd/hub/session/8b8c4313-4f34-44bd-99fb-3ad5d06f6f5a/window/current/size {}
2018-04-07 05:31:02:838 - info: [MJSONWP] Driver proxy active, passing request on via HTTP proxy
2018-04-07 05:31:02:838 - info: [debug] [JSONWP Proxy] Proxying [GET /wd/hub/session/8b8c4313-4f34-44bd-99fb-3ad5d06f6f5a/window/current/size] to [GET http://localhost:8216/wd/hub/session/a3cd6b15-fbd4-4832-bb3f-23fd8736e7b6/window/current/size] with body: {}
2018-04-07 05:31:02:857 - info: [debug] [JSONWP Proxy] Got response with status 200: "{\"sessionId\":\"a3cd6b15-fbd4-4832-bb3f-23fd8736e7b6\",\"status\":0,\"value\":{\"height\":1812,\"width\":1080}}"
2018-04-07 05:31:02:858 - info: [JSONWP Proxy] Replacing sessionId a3cd6b15-fbd4-4832-bb3f-23fd8736e7b6 with 8b8c4313-4f34-44bd-99fb-3ad5d06f6f5a
2018-04-07 05:31:02:859 - info: [HTTP] <-- GET /wd/hub/session/8b8c4313-4f34-44bd-99fb-3ad5d06f6f5a/window/current/size 200 21 ms - 100 
2018-04-07 05:31:02:865 - info: [HTTP] --> GET /wd/hub/session/8b8c4313-4f34-44bd-99fb-3ad5d06f6f5a/window/current/size {}
2018-04-07 05:31:02:867 - info: [MJSONWP] Driver proxy active, passing request on via HTTP proxy
2018-04-07 05:31:02:868 - info: [debug] [JSONWP Proxy] Proxying [GET /wd/hub/session/8b8c4313-4f34-44bd-99fb-3ad5d06f6f5a/window/current/size] to [GET http://localhost:8216/wd/hub/session/a3cd6b15-fbd4-4832-bb3f-23fd8736e7b6/window/current/size] with body: {}
2018-04-07 05:31:02:886 - info: [debug] [JSONWP Proxy] Got response with status 200: "{\"sessionId\":\"a3cd6b15-fbd4-4832-bb3f-23fd8736e7b6\",\"status\":0,\"value\":{\"height\":1812,\"width\":1080}}"
2018-04-07 05:31:02:887 - info: [JSONWP Proxy] Replacing sessionId a3cd6b15-fbd4-4832-bb3f-23fd8736e7b6 with 8b8c4313-4f34-44bd-99fb-3ad5d06f6f5a
2018-04-07 05:31:02:889 - info: [HTTP] <-- GET /wd/hub/session/8b8c4313-4f34-44bd-99fb-3ad5d06f6f5a/window/current/size 200 22 ms - 100 
2018-04-07 05:31:02:895 - info: [HTTP] --> POST /wd/hub/session/8b8c4313-4f34-44bd-99fb-3ad5d06f6f5a/touch/perform {"sessionId":"8b8c4313-4f34-44bd-99fb-3ad5d06f6f5a","actions":[{"action":"press","options":{"y":906,"x":972}},{"action":"wait","options":{"ms":1000}},{"action":"moveTo","options":{"y":906,"x":108}},{"action":"release","options":{}}]}
2018-04-07 05:31:02:895 - info: [debug] [MJSONWP] Calling AppiumDriver.performTouch() with args: [[{"action":"press","options":{"y":906,"x":972}},{"action":"wait","options":{"ms":1000}},{"action":"moveTo","options":{"y":906,"x":108}},{"action":"release","options":{}}],"8b8c4313-4f34-44bd-99fb-3ad5d06f6f5a"]
2018-04-07 05:31:02:897 - info: [debug] [JSONWP Proxy] Proxying [POST /touch/perform] to [POST http://localhost:8216/wd/hub/session/a3cd6b15-fbd4-4832-bb3f-23fd8736e7b6/touch/perform] with body: {"startX":972,"startY":906,"endX":108,"endY":906,"steps":28}
2018-04-07 05:31:03:379 - info: [debug] [JSONWP Proxy] Got response with status 200: {"sessionId":"a3cd6b15-fbd4-4832-bb3f-23fd8736e7b6","status":0,"value":true}
2018-04-07 05:31:03:380 - info: [debug] [MJSONWP] Responding to client with driver.performTouch() result: true
2018-04-07 05:31:03:381 - info: [HTTP] <-- POST /wd/hub/session/8b8c4313-4f34-44bd-99fb-3ad5d06f6f5a/touch/perform 200 486 ms - 76 
2018-04-07 05:31:04:381 - info: [HTTP] --> GET /wd/hub/session/8b8c4313-4f34-44bd-99fb-3ad5d06f6f5a/window/current/size {}
2018-04-07 05:31:04:382 - info: [MJSONWP] Driver proxy active, passing request on via HTTP proxy
2018-04-07 05:31:04:382 - info: [debug] [JSONWP Proxy] Proxying [GET /wd/hub/session/8b8c4313-4f34-44bd-99fb-3ad5d06f6f5a/window/current/size] to [GET http://localhost:8216/wd/hub/session/a3cd6b15-fbd4-4832-bb3f-23fd8736e7b6/window/current/size] with body: {}
2018-04-07 05:31:04:403 - info: [debug] [JSONWP Proxy] Got response with status 200: "{\"sessionId\":\"a3cd6b15-fbd4-4832-bb3f-23fd8736e7b6\",\"status\":0,\"value\":{\"height\":1812,\"width\":1080}}"
2018-04-07 05:31:04:404 - info: [JSONWP Proxy] Replacing sessionId a3cd6b15-fbd4-4832-bb3f-23fd8736e7b6 with 8b8c4313-4f34-44bd-99fb-3ad5d06f6f5a
2018-04-07 05:31:04:405 - info: [HTTP] <-- GET /wd/hub/session/8b8c4313-4f34-44bd-99fb-3ad5d06f6f5a/window/current/size 200 23 ms - 100 
2018-04-07 05:31:04:409 - info: [HTTP] --> GET /wd/hub/session/8b8c4313-4f34-44bd-99fb-3ad5d06f6f5a/window/current/size {}
2018-04-07 05:31:04:410 - info: [MJSONWP] Driver proxy active, passing request on via HTTP proxy
2018-04-07 05:31:04:411 - info: [debug] [JSONWP Proxy] Proxying [GET /wd/hub/session/8b8c4313-4f34-44bd-99fb-3ad5d06f6f5a/window/current/size] to [GET http://localhost:8216/wd/hub/session/a3cd6b15-fbd4-4832-bb3f-23fd8736e7b6/window/current/size] with body: {}
2018-04-07 05:31:04:432 - info: [debug] [JSONWP Proxy] Got response with status 200: "{\"sessionId\":\"a3cd6b15-fbd4-4832-bb3f-23fd8736e7b6\",\"status\":0,\"value\":{\"height\":1812,\"width\":1080}}"
2018-04-07 05:31:04:432 - info: [JSONWP Proxy] Replacing sessionId a3cd6b15-fbd4-4832-bb3f-23fd8736e7b6 with 8b8c4313-4f34-44bd-99fb-3ad5d06f6f5a
2018-04-07 05:31:04:433 - info: [HTTP] <-- GET /wd/hub/session/8b8c4313-4f34-44bd-99fb-3ad5d06f6f5a/window/current/size 200 23 ms - 100 
2018-04-07 05:31:04:436 - info: [HTTP] --> POST /wd/hub/session/8b8c4313-4f34-44bd-99fb-3ad5d06f6f5a/touch/perform {"sessionId":"8b8c4313-4f34-44bd-99fb-3ad5d06f6f5a","actions":[{"action":"press","options":{"y":906,"x":972}},{"action":"wait","options":{"ms":1000}},{"action":"moveTo","options":{"y":906,"x":108}},{"action":"release","options":{}}]}
2018-04-07 05:31:04:437 - info: [debug] [MJSONWP] Calling AppiumDriver.performTouch() with args: [[{"action":"press","options":{"y":906,"x":972}},{"action":"wait","options":{"ms":1000}},{"action":"moveTo","options":{"y":906,"x":108}},{"action":"release","options":{}}],"8b8c4313-4f34-44bd-99fb-3ad5d06f6f5a"]
2018-04-07 05:31:04:438 - info: [debug] [JSONWP Proxy] Proxying [POST /touch/perform] to [POST http://localhost:8216/wd/hub/session/a3cd6b15-fbd4-4832-bb3f-23fd8736e7b6/touch/perform] with body: {"startX":972,"startY":906,"endX":108,"endY":906,"steps":28}
2018-04-07 05:31:04:926 - info: [debug] [JSONWP Proxy] Got response with status 200: {"sessionId":"a3cd6b15-fbd4-4832-bb3f-23fd8736e7b6","status":0,"value":true}
2018-04-07 05:31:04:927 - info: [debug] [MJSONWP] Responding to client with driver.performTouch() result: true
2018-04-07 05:31:04:928 - info: [HTTP] <-- POST /wd/hub/session/8b8c4313-4f34-44bd-99fb-3ad5d06f6f5a/touch/perform 200 492 ms - 76 
2018-04-07 05:31:05:932 - info: [HTTP] --> GET /wd/hub/session/8b8c4313-4f34-44bd-99fb-3ad5d06f6f5a/window/current/size {}
2018-04-07 05:31:05:933 - info: [MJSONWP] Driver proxy active, passing request on via HTTP proxy
2018-04-07 05:31:05:933 - info: [debug] [JSONWP Proxy] Proxying [GET /wd/hub/session/8b8c4313-4f34-44bd-99fb-3ad5d06f6f5a/window/current/size] to [GET http://localhost:8216/wd/hub/session/a3cd6b15-fbd4-4832-bb3f-23fd8736e7b6/window/current/size] with body: {}
2018-04-07 05:31:05:949 - info: [debug] [JSONWP Proxy] Got response with status 200: "{\"sessionId\":\"a3cd6b15-fbd4-4832-bb3f-23fd8736e7b6\",\"status\":0,\"value\":{\"height\":1812,\"width\":1080}}"
2018-04-07 05:31:05:950 - info: [JSONWP Proxy] Replacing sessionId a3cd6b15-fbd4-4832-bb3f-23fd8736e7b6 with 8b8c4313-4f34-44bd-99fb-3ad5d06f6f5a
2018-04-07 05:31:05:951 - info: [HTTP] <-- GET /wd/hub/session/8b8c4313-4f34-44bd-99fb-3ad5d06f6f5a/window/current/size 200 19 ms - 100 
2018-04-07 05:31:05:954 - info: [HTTP] --> GET /wd/hub/session/8b8c4313-4f34-44bd-99fb-3ad5d06f6f5a/window/current/size {}
2018-04-07 05:31:05:955 - info: [MJSONWP] Driver proxy active, passing request on via HTTP proxy
2018-04-07 05:31:05:955 - info: [debug] [JSONWP Proxy] Proxying [GET /wd/hub/session/8b8c4313-4f34-44bd-99fb-3ad5d06f6f5a/window/current/size] to [GET http://localhost:8216/wd/hub/session/a3cd6b15-fbd4-4832-bb3f-23fd8736e7b6/window/current/size] with body: {}
2018-04-07 05:31:05:971 - info: [debug] [JSONWP Proxy] Got response with status 200: "{\"sessionId\":\"a3cd6b15-fbd4-4832-bb3f-23fd8736e7b6\",\"status\":0,\"value\":{\"height\":1812,\"width\":1080}}"
2018-04-07 05:31:05:972 - info: [JSONWP Proxy] Replacing sessionId a3cd6b15-fbd4-4832-bb3f-23fd8736e7b6 with 8b8c4313-4f34-44bd-99fb-3ad5d06f6f5a
2018-04-07 05:31:05:973 - info: [HTTP] <-- GET /wd/hub/session/8b8c4313-4f34-44bd-99fb-3ad5d06f6f5a/window/current/size 200 18 ms - 100 
2018-04-07 05:31:05:976 - info: [HTTP] --> POST /wd/hub/session/8b8c4313-4f34-44bd-99fb-3ad5d06f6f5a/touch/perform {"sessionId":"8b8c4313-4f34-44bd-99fb-3ad5d06f6f5a","actions":[{"action":"press","options":{"y":906,"x":972}},{"action":"wait","options":{"ms":1000}},{"action":"moveTo","options":{"y":906,"x":108}},{"action":"release","options":{}}]}
2018-04-07 05:31:05:977 - info: [debug] [MJSONWP] Calling AppiumDriver.performTouch() with args: [[{"action":"press","options":{"y":906,"x":972}},{"action":"wait","options":{"ms":1000}},{"action":"moveTo","options":{"y":906,"x":108}},{"action":"release","options":{}}],"8b8c4313-4f34-44bd-99fb-3ad5d06f6f5a"]
2018-04-07 05:31:05:980 - info: [debug] [JSONWP Proxy] Proxying [POST /touch/perform] to [POST http://localhost:8216/wd/hub/session/a3cd6b15-fbd4-4832-bb3f-23fd8736e7b6/touch/perform] with body: {"startX":972,"startY":906,"endX":108,"endY":906,"steps":28}
2018-04-07 05:31:06:458 - info: [debug] [JSONWP Proxy] Got response with status 200: {"sessionId":"a3cd6b15-fbd4-4832-bb3f-23fd8736e7b6","status":0,"value":true}
2018-04-07 05:31:06:459 - info: [debug] [MJSONWP] Responding to client with driver.performTouch() result: true
2018-04-07 05:31:06:460 - info: [HTTP] <-- POST /wd/hub/session/8b8c4313-4f34-44bd-99fb-3ad5d06f6f5a/touch/perform 200 484 ms - 76 
2018-04-07 05:31:07:463 - info: [HTTP] --> GET /wd/hub/session/8b8c4313-4f34-44bd-99fb-3ad5d06f6f5a/window/current/size {}
2018-04-07 05:31:07:463 - info: [MJSONWP] Driver proxy active, passing request on via HTTP proxy
2018-04-07 05:31:07:464 - info: [debug] [JSONWP Proxy] Proxying [GET /wd/hub/session/8b8c4313-4f34-44bd-99fb-3ad5d06f6f5a/window/current/size] to [GET http://localhost:8216/wd/hub/session/a3cd6b15-fbd4-4832-bb3f-23fd8736e7b6/window/current/size] with body: {}
2018-04-07 05:31:07:481 - info: [debug] [JSONWP Proxy] Got response with status 200: "{\"sessionId\":\"a3cd6b15-fbd4-4832-bb3f-23fd8736e7b6\",\"status\":0,\"value\":{\"height\":1812,\"width\":1080}}"
2018-04-07 05:31:07:481 - info: [JSONWP Proxy] Replacing sessionId a3cd6b15-fbd4-4832-bb3f-23fd8736e7b6 with 8b8c4313-4f34-44bd-99fb-3ad5d06f6f5a
2018-04-07 05:31:07:484 - info: [HTTP] <-- GET /wd/hub/session/8b8c4313-4f34-44bd-99fb-3ad5d06f6f5a/window/current/size 200 19 ms - 100 
2018-04-07 05:31:07:492 - info: [HTTP] --> GET /wd/hub/session/8b8c4313-4f34-44bd-99fb-3ad5d06f6f5a/window/current/size {}
2018-04-07 05:31:07:492 - info: [MJSONWP] Driver proxy active, passing request on via HTTP proxy
2018-04-07 05:31:07:493 - info: [debug] [JSONWP Proxy] Proxying [GET /wd/hub/session/8b8c4313-4f34-44bd-99fb-3ad5d06f6f5a/window/current/size] to [GET http://localhost:8216/wd/hub/session/a3cd6b15-fbd4-4832-bb3f-23fd8736e7b6/window/current/size] with body: {}
2018-04-07 05:31:07:504 - info: [debug] [JSONWP Proxy] Got response with status 200: "{\"sessionId\":\"a3cd6b15-fbd4-4832-bb3f-23fd8736e7b6\",\"status\":0,\"value\":{\"height\":1812,\"width\":1080}}"
2018-04-07 05:31:07:504 - info: [JSONWP Proxy] Replacing sessionId a3cd6b15-fbd4-4832-bb3f-23fd8736e7b6 with 8b8c4313-4f34-44bd-99fb-3ad5d06f6f5a
2018-04-07 05:31:07:505 - info: [HTTP] <-- GET /wd/hub/session/8b8c4313-4f34-44bd-99fb-3ad5d06f6f5a/window/current/size 200 13 ms - 100 
2018-04-07 05:31:07:508 - info: [HTTP] --> POST /wd/hub/session/8b8c4313-4f34-44bd-99fb-3ad5d06f6f5a/touch/perform {"sessionId":"8b8c4313-4f34-44bd-99fb-3ad5d06f6f5a","actions":[{"action":"press","options":{"y":906,"x":972}},{"action":"wait","options":{"ms":1000}},{"action":"moveTo","options":{"y":906,"x":108}},{"action":"release","options":{}}]}
2018-04-07 05:31:07:508 - info: [debug] [MJSONWP] Calling AppiumDriver.performTouch() with args: [[{"action":"press","options":{"y":906,"x":972}},{"action":"wait","options":{"ms":1000}},{"action":"moveTo","options":{"y":906,"x":108}},{"action":"release","options":{}}],"8b8c4313-4f34-44bd-99fb-3ad5d06f6f5a"]
2018-04-07 05:31:07:510 - info: [debug] [JSONWP Proxy] Proxying [POST /touch/perform] to [POST http://localhost:8216/wd/hub/session/a3cd6b15-fbd4-4832-bb3f-23fd8736e7b6/touch/perform] with body: {"startX":972,"startY":906,"endX":108,"endY":906,"steps":28}
2018-04-07 05:31:07:974 - info: [debug] [JSONWP Proxy] Got response with status 200: {"sessionId":"a3cd6b15-fbd4-4832-bb3f-23fd8736e7b6","status":0,"value":true}
2018-04-07 05:31:07:976 - info: [debug] [MJSONWP] Responding to client with driver.performTouch() result: true
2018-04-07 05:31:07:977 - info: [HTTP] <-- POST /wd/hub/session/8b8c4313-4f34-44bd-99fb-3ad5d06f6f5a/touch/perform 200 469 ms - 76 
2018-04-07 05:31:07:981 - info: [HTTP] --> POST /wd/hub/session/8b8c4313-4f34-44bd-99fb-3ad5d06f6f5a/element {"using":"class name","sessionId":"8b8c4313-4f34-44bd-99fb-3ad5d06f6f5a","value":"android.widget.ImageView"}
2018-04-07 05:31:07:982 - info: [debug] [MJSONWP] Calling AppiumDriver.findElement() with args: ["class name","android.widget.ImageView","8b8c4313-4f34-44bd-99fb-3ad5d06f6f5a"]
2018-04-07 05:31:07:984 - info: [debug] [BaseDriver] Valid locator strategies for this request: xpath, id, class name, accessibility id, -android uiautomator
2018-04-07 05:31:07:985 - info: [debug] [BaseDriver] Valid locator strategies for this request: xpath, id, class name, accessibility id, -android uiautomator
2018-04-07 05:31:07:986 - info: [debug] [BaseDriver] Waiting up to 0 ms for condition
2018-04-07 05:31:07:988 - info: [debug] [JSONWP Proxy] Proxying [POST /element] to [POST http://localhost:8216/wd/hub/session/a3cd6b15-fbd4-4832-bb3f-23fd8736e7b6/element] with body: {"strategy":"class name","selector":"android.widget.ImageView","context":"","multiple":false}
2018-04-07 05:31:08:781 - info: [debug] [JSONWP Proxy] Got response with status 200: {"sessionId":"a3cd6b15-fbd4-4832-bb3f-23fd8736e7b6","status":0,"value":{"ELEMENT":"5972ede6-1b5b-4999-a4c8-ac0cecf96b9b"}}
2018-04-07 05:31:08:783 - info: [debug] [MJSONWP] Responding to client with driver.findElement() result: {"ELEMENT":"5972ede6-1b5b-4999-a4c8-ac0cecf96b9b"}
2018-04-07 05:31:08:784 - info: [HTTP] <-- POST /wd/hub/session/8b8c4313-4f34-44bd-99fb-3ad5d06f6f5a/element 200 802 ms - 122 
2018-04-07 05:31:08:789 - info: [HTTP] --> POST /wd/hub/session/8b8c4313-4f34-44bd-99fb-3ad5d06f6f5a/element/5972ede6-1b5b-4999-a4c8-ac0cecf96b9b/click {"sessionId":"8b8c4313-4f34-44bd-99fb-3ad5d06f6f5a","id":"5972ede6-1b5b-4999-a4c8-ac0cecf96b9b"}
2018-04-07 05:31:08:789 - info: [debug] [MJSONWP] Calling AppiumDriver.click() with args: ["5972ede6-1b5b-4999-a4c8-ac0cecf96b9b","8b8c4313-4f34-44bd-99fb-3ad5d06f6f5a"]
2018-04-07 05:31:08:791 - info: [debug] [JSONWP Proxy] Proxying [POST /element/5972ede6-1b5b-4999-a4c8-ac0cecf96b9b/click] to [POST http://localhost:8216/wd/hub/session/a3cd6b15-fbd4-4832-bb3f-23fd8736e7b6/element/5972ede6-1b5b-4999-a4c8-ac0cecf96b9b/click] with body: {"element":"5972ede6-1b5b-4999-a4c8-ac0cecf96b9b"}
2018-04-07 05:31:08:818 - info: [debug] [JSONWP Proxy] Got response with status 200: {"sessionId":"a3cd6b15-fbd4-4832-bb3f-23fd8736e7b6","status":0,"value":true}
2018-04-07 05:31:08:819 - info: [debug] [MJSONWP] Responding to client with driver.click() result: true
2018-04-07 05:31:08:820 - info: [HTTP] <-- POST /wd/hub/session/8b8c4313-4f34-44bd-99fb-3ad5d06f6f5a/element/5972ede6-1b5b-4999-a4c8-ac0cecf96b9b/click 200 31 ms - 76 
2018-04-07 05:31:11:823 - info: [HTTP] --> POST /wd/hub/session/8b8c4313-4f34-44bd-99fb-3ad5d06f6f5a/elements {"using":"class name","sessionId":"8b8c4313-4f34-44bd-99fb-3ad5d06f6f5a","value":"android.widget.EditText"}
2018-04-07 05:31:11:824 - info: [debug] [MJSONWP] Calling AppiumDriver.findElements() with args: ["class name","android.widget.EditText","8b8c4313-4f34-44bd-99fb-3ad5d06f6f5a"]
2018-04-07 05:31:11:825 - info: [debug] [BaseDriver] Valid locator strategies for this request: xpath, id, class name, accessibility id, -android uiautomator
2018-04-07 05:31:11:825 - info: [debug] [BaseDriver] Valid locator strategies for this request: xpath, id, class name, accessibility id, -android uiautomator
2018-04-07 05:31:11:825 - info: [debug] [BaseDriver] Waiting up to 0 ms for condition
2018-04-07 05:31:11:826 - info: [debug] [JSONWP Proxy] Proxying [POST /elements] to [POST http://localhost:8216/wd/hub/session/a3cd6b15-fbd4-4832-bb3f-23fd8736e7b6/elements] with body: {"strategy":"class name","selector":"android.widget.EditText","context":"","multiple":true}
2018-04-07 05:31:12:056 - info: [debug] [JSONWP Proxy] Got response with status 200: {"sessionId":"a3cd6b15-fbd4-4832-bb3f-23fd8736e7b6","status":0,"value":[{"ELEMENT":"54349ff3-f693-4ce9-ae58-29c0be1f6bad"},{"ELEMENT":"43676a28-cd05-4b2f-b55a-df1bc472ab20"}]}
2018-04-07 05:31:12:057 - info: [debug] [MJSONWP] Responding to client with driver.findElements() result: [{"ELEMENT":"54349ff3-f693-4ce9-ae58-29c0be1f6bad"},{"ELEMENT":"43676a28-cd05-4b2f-b55a-df1bc472ab20"}]
2018-04-07 05:31:12:058 - info: [HTTP] <-- POST /wd/hub/session/8b8c4313-4f34-44bd-99fb-3ad5d06f6f5a/elements 200 234 ms - 175 
2018-04-07 05:31:12:063 - info: [HTTP] --> POST /wd/hub/session/8b8c4313-4f34-44bd-99fb-3ad5d06f6f5a/element/54349ff3-f693-4ce9-ae58-29c0be1f6bad/value {"text":"18550903915","sessionId":"8b8c4313-4f34-44bd-99fb-3ad5d06f6f5a","id":"54349ff3-f693-4ce9-ae58-29c0be1f6bad","value":["1","8","5","5","0","9","0","3","9","1","5"]}
2018-04-07 05:31:12:064 - info: [debug] [MJSONWP] Calling AppiumDriver.setValue() with args: [["1","8","5","5","0","9","0","3","9","1","5"],"54349ff3-f693-4ce9-ae58-29c0be1f6bad","8b8c4313-4f34-44bd-99fb-3ad5d06f6f5a"]
2018-04-07 05:31:12:066 - info: [debug] [JSONWP Proxy] Proxying [POST /element/54349ff3-f693-4ce9-ae58-29c0be1f6bad/value] to [POST http://localhost:8216/wd/hub/session/a3cd6b15-fbd4-4832-bb3f-23fd8736e7b6/element/54349ff3-f693-4ce9-ae58-29c0be1f6bad/value] with body: {"elementId":"54349ff3-f693-4ce9-ae58-29c0be1f6bad","text":"18550903915","replace":false,"unicodeKeyboard":true}
2018-04-07 05:31:12:619 - info: [debug] [JSONWP Proxy] Got response with status 200: {"sessionId":"a3cd6b15-fbd4-4832-bb3f-23fd8736e7b6","status":0,"value":""}
2018-04-07 05:31:12:619 - info: [debug] [MJSONWP] Responding to client with driver.setValue() result: ""
2018-04-07 05:31:12:621 - info: [HTTP] <-- POST /wd/hub/session/8b8c4313-4f34-44bd-99fb-3ad5d06f6f5a/element/54349ff3-f693-4ce9-ae58-29c0be1f6bad/value 200 556 ms - 74 
2018-04-07 05:31:12:625 - info: [HTTP] --> POST /wd/hub/session/8b8c4313-4f34-44bd-99fb-3ad5d06f6f5a/elements {"using":"class name","sessionId":"8b8c4313-4f34-44bd-99fb-3ad5d06f6f5a","value":"android.widget.EditText"}
2018-04-07 05:31:12:625 - info: [debug] [MJSONWP] Calling AppiumDriver.findElements() with args: ["class name","android.widget.EditText","8b8c4313-4f34-44bd-99fb-3ad5d06f6f5a"]
2018-04-07 05:31:12:626 - info: [debug] [BaseDriver] Valid locator strategies for this request: xpath, id, class name, accessibility id, -android uiautomator
2018-04-07 05:31:12:626 - info: [debug] [BaseDriver] Valid locator strategies for this request: xpath, id, class name, accessibility id, -android uiautomator
2018-04-07 05:31:12:627 - info: [debug] [BaseDriver] Waiting up to 0 ms for condition
2018-04-07 05:31:12:627 - info: [debug] [JSONWP Proxy] Proxying [POST /elements] to [POST http://localhost:8216/wd/hub/session/a3cd6b15-fbd4-4832-bb3f-23fd8736e7b6/elements] with body: {"strategy":"class name","selector":"android.widget.EditText","context":"","multiple":true}
2018-04-07 05:31:13:127 - info: [debug] [JSONWP Proxy] Got response with status 200: {"sessionId":"a3cd6b15-fbd4-4832-bb3f-23fd8736e7b6","status":0,"value":[{"ELEMENT":"861cad0d-d263-4ac7-ab0f-da9436f16a15"},{"ELEMENT":"7e5e7af4-b9fe-455e-805e-6caf8b6e2743"}]}
2018-04-07 05:31:13:128 - info: [debug] [MJSONWP] Responding to client with driver.findElements() result: [{"ELEMENT":"861cad0d-d263-4ac7-ab0f-da9436f16a15"},{"ELEMENT":"7e5e7af4-b9fe-455e-805e-6caf8b6e2743"}]
2018-04-07 05:31:13:129 - info: [HTTP] <-- POST /wd/hub/session/8b8c4313-4f34-44bd-99fb-3ad5d06f6f5a/elements 200 504 ms - 175 
2018-04-07 05:31:13:133 - info: [HTTP] --> POST /wd/hub/session/8b8c4313-4f34-44bd-99fb-3ad5d06f6f5a/element/7e5e7af4-b9fe-455e-805e-6caf8b6e2743/value {"text":"qwe123","sessionId":"8b8c4313-4f34-44bd-99fb-3ad5d06f6f5a","id":"7e5e7af4-b9fe-455e-805e-6caf8b6e2743","value":["q","w","e","1","2","3"]}
2018-04-07 05:31:13:134 - info: [debug] [MJSONWP] Calling AppiumDriver.setValue() with args: [["q","w","e","1","2","3"],"7e5e7af4-b9fe-455e-805e-6caf8b6e2743","8b8c4313-4f34-44bd-99fb-3ad5d06f6f5a"]
2018-04-07 05:31:13:135 - info: [debug] [JSONWP Proxy] Proxying [POST /element/7e5e7af4-b9fe-455e-805e-6caf8b6e2743/value] to [POST http://localhost:8216/wd/hub/session/a3cd6b15-fbd4-4832-bb3f-23fd8736e7b6/element/7e5e7af4-b9fe-455e-805e-6caf8b6e2743/value] with body: {"elementId":"7e5e7af4-b9fe-455e-805e-6caf8b6e2743","text":"qwe123","replace":false,"unicodeKeyboard":true}
2018-04-07 05:31:13:684 - info: [debug] [JSONWP Proxy] Got response with status 200: {"sessionId":"a3cd6b15-fbd4-4832-bb3f-23fd8736e7b6","status":0,"value":""}
2018-04-07 05:31:13:685 - info: [debug] [MJSONWP] Responding to client with driver.setValue() result: ""
2018-04-07 05:31:13:686 - info: [HTTP] <-- POST /wd/hub/session/8b8c4313-4f34-44bd-99fb-3ad5d06f6f5a/element/7e5e7af4-b9fe-455e-805e-6caf8b6e2743/value 200 552 ms - 74 
2018-04-07 05:31:13:691 - info: [HTTP] --> POST /wd/hub/session/8b8c4313-4f34-44bd-99fb-3ad5d06f6f5a/element {"using":"-android uiautomator","sessionId":"8b8c4313-4f34-44bd-99fb-3ad5d06f6f5a","value":"new UiSelector().text(\"\")"}
2018-04-07 05:31:13:691 - info: [debug] [MJSONWP] Calling AppiumDriver.findElement() with args: ["-android uiautomator","new UiSelector().text(\"\")","8b8c4313-4f34-44bd-99fb-3ad5d06f6f5a"]
2018-04-07 05:31:13:693 - info: [debug] [BaseDriver] Valid locator strategies for this request: xpath, id, class name, accessibility id, -android uiautomator
2018-04-07 05:31:13:693 - info: [debug] [BaseDriver] Valid locator strategies for this request: xpath, id, class name, accessibility id, -android uiautomator
2018-04-07 05:31:13:693 - info: [debug] [BaseDriver] Waiting up to 0 ms for condition
2018-04-07 05:31:13:694 - info: [debug] [JSONWP Proxy] Proxying [POST /element] to [POST http://localhost:8216/wd/hub/session/a3cd6b15-fbd4-4832-bb3f-23fd8736e7b6/element] with body: {"strategy":"-android uiautomator","selector":"new UiSelector().text(\"\")","context":"","multiple":false}
2018-04-07 05:31:14:203 - info: [debug] [JSONWP Proxy] Got response with status 200: {"sessionId":"a3cd6b15-fbd4-4832-bb3f-23fd8736e7b6","status":0,"value":{"ELEMENT":"9769ce7b-ab5c-4e30-9171-4b66ef7ab471"}}
2018-04-07 05:31:14:204 - info: [debug] [MJSONWP] Responding to client with driver.findElement() result: {"ELEMENT":"9769ce7b-ab5c-4e30-9171-4b66ef7ab471"}
2018-04-07 05:31:14:205 - info: [HTTP] <-- POST /wd/hub/session/8b8c4313-4f34-44bd-99fb-3ad5d06f6f5a/element 200 514 ms - 122 
2018-04-07 05:31:14:210 - info: [HTTP] --> POST /wd/hub/session/8b8c4313-4f34-44bd-99fb-3ad5d06f6f5a/element/9769ce7b-ab5c-4e30-9171-4b66ef7ab471/click {"sessionId":"8b8c4313-4f34-44bd-99fb-3ad5d06f6f5a","id":"9769ce7b-ab5c-4e30-9171-4b66ef7ab471"}
2018-04-07 05:31:14:210 - info: [debug] [MJSONWP] Calling AppiumDriver.click() with args: ["9769ce7b-ab5c-4e30-9171-4b66ef7ab471","8b8c4313-4f34-44bd-99fb-3ad5d06f6f5a"]
2018-04-07 05:31:14:212 - info: [debug] [JSONWP Proxy] Proxying [POST /element/9769ce7b-ab5c-4e30-9171-4b66ef7ab471/click] to [POST http://localhost:8216/wd/hub/session/a3cd6b15-fbd4-4832-bb3f-23fd8736e7b6/element/9769ce7b-ab5c-4e30-9171-4b66ef7ab471/click] with body: {"element":"9769ce7b-ab5c-4e30-9171-4b66ef7ab471"}
2018-04-07 05:31:16:520 - info: [debug] [JSONWP Proxy] Got response with status 200: {"sessionId":"a3cd6b15-fbd4-4832-bb3f-23fd8736e7b6","status":0,"value":true}
2018-04-07 05:31:16:520 - info: [debug] [MJSONWP] Responding to client with driver.click() result: true
2018-04-07 05:31:16:521 - info: [HTTP] <-- POST /wd/hub/session/8b8c4313-4f34-44bd-99fb-3ad5d06f6f5a/element/9769ce7b-ab5c-4e30-9171-4b66ef7ab471/click 200 2312 ms - 76 
2018-04-07 05:31:16:526 - info: [HTTP] --> POST /wd/hub/session/8b8c4313-4f34-44bd-99fb-3ad5d06f6f5a/element {"using":"-android uiautomator","sessionId":"8b8c4313-4f34-44bd-99fb-3ad5d06f6f5a","value":"new UiSelector().description(\"plusIcon\")"}
2018-04-07 05:31:16:527 - info: [debug] [MJSONWP] Calling AppiumDriver.findElement() with args: ["-android uiautomator","new UiSelector().description(\"plusIcon\")","8b8c4313-4f34-44bd-99fb-3ad5d06f6f5a"]
2018-04-07 05:31:16:528 - info: [debug] [BaseDriver] Valid locator strategies for this request: xpath, id, class name, accessibility id, -android uiautomator
2018-04-07 05:31:16:528 - info: [debug] [BaseDriver] Valid locator strategies for this request: xpath, id, class name, accessibility id, -android uiautomator
2018-04-07 05:31:16:528 - info: [debug] [BaseDriver] Waiting up to 0 ms for condition
2018-04-07 05:31:16:529 - info: [debug] [JSONWP Proxy] Proxying [POST /element] to [POST http://localhost:8216/wd/hub/session/a3cd6b15-fbd4-4832-bb3f-23fd8736e7b6/element] with body: {"strategy":"-android uiautomator","selector":"new UiSelector().description(\"plusIcon\")","context":"","multiple":false}
2018-04-07 05:31:16:733 - info: [debug] [JSONWP Proxy] Got response with status 200: {"sessionId":"a3cd6b15-fbd4-4832-bb3f-23fd8736e7b6","status":0,"value":{"ELEMENT":"50eb217c-3fee-4913-9c4f-6fd2ea0757a5"}}
2018-04-07 05:31:16:734 - info: [debug] [MJSONWP] Responding to client with driver.findElement() result: {"ELEMENT":"50eb217c-3fee-4913-9c4f-6fd2ea0757a5"}
2018-04-07 05:31:16:735 - info: [HTTP] <-- POST /wd/hub/session/8b8c4313-4f34-44bd-99fb-3ad5d06f6f5a/element 200 209 ms - 122 
2018-04-07 05:31:16:740 - info: [HTTP] --> GET /wd/hub/session/8b8c4313-4f34-44bd-99fb-3ad5d06f6f5a/element/50eb217c-3fee-4913-9c4f-6fd2ea0757a5/displayed {}
2018-04-07 05:31:16:741 - info: [debug] [MJSONWP] Calling AppiumDriver.elementDisplayed() with args: ["50eb217c-3fee-4913-9c4f-6fd2ea0757a5","8b8c4313-4f34-44bd-99fb-3ad5d06f6f5a"]
2018-04-07 05:31:16:742 - info: [debug] [JSONWP Proxy] Proxying [GET /element/50eb217c-3fee-4913-9c4f-6fd2ea0757a5/attribute/displayed] to [GET http://localhost:8216/wd/hub/session/a3cd6b15-fbd4-4832-bb3f-23fd8736e7b6/element/50eb217c-3fee-4913-9c4f-6fd2ea0757a5/attribute/displayed] with body: {}
2018-04-07 05:31:16:779 - info: [debug] [JSONWP Proxy] Got response with status 200: "{\"sessionId\":\"a3cd6b15-fbd4-4832-bb3f-23fd8736e7b6\",\"status\":0,\"value\":\"true\"}"
2018-04-07 05:31:16:780 - info: [debug] [MJSONWP] Responding to client with driver.elementDisplayed() result: true
2018-04-07 05:31:16:783 - info: [HTTP] <-- GET /wd/hub/session/8b8c4313-4f34-44bd-99fb-3ad5d06f6f5a/element/50eb217c-3fee-4913-9c4f-6fd2ea0757a5/displayed 200 40 ms - 76 
2018-04-07 05:31:26:785 - info: [HTTP] --> POST /wd/hub/session/8b8c4313-4f34-44bd-99fb-3ad5d06f6f5a/elements {"using":"-android uiautomator","sessionId":"8b8c4313-4f34-44bd-99fb-3ad5d06f6f5a","value":"new UiSelector().text(\":\")"}
2018-04-07 05:31:26:786 - info: [debug] [MJSONWP] Calling AppiumDriver.findElements() with args: ["-android uiautomator","new UiSelector().text(\":\")","8b8c4313-4f34-44bd-99fb-3ad5d06f6f5a"]
2018-04-07 05:31:26:787 - info: [debug] [BaseDriver] Valid locator strategies for this request: xpath, id, class name, accessibility id, -android uiautomator
2018-04-07 05:31:26:787 - info: [debug] [BaseDriver] Valid locator strategies for this request: xpath, id, class name, accessibility id, -android uiautomator
2018-04-07 05:31:26:787 - info: [debug] [BaseDriver] Waiting up to 0 ms for condition
2018-04-07 05:31:26:787 - info: [debug] [JSONWP Proxy] Proxying [POST /elements] to [POST http://localhost:8216/wd/hub/session/a3cd6b15-fbd4-4832-bb3f-23fd8736e7b6/elements] with body: {"strategy":"-android uiautomator","selector":"new UiSelector().text(\":\")","context":"","multiple":true}
2018-04-07 05:31:27:053 - info: [debug] [JSONWP Proxy] Got response with status 200: {"sessionId":"a3cd6b15-fbd4-4832-bb3f-23fd8736e7b6","status":0,"value":[{"ELEMENT":"69470fc6-ef32-4304-a502-4afae832c613"}]}
2018-04-07 05:31:27:054 - info: [debug] [MJSONWP] Responding to client with driver.findElements() result: [{"ELEMENT":"69470fc6-ef32-4304-a502-4afae832c613"}]
2018-04-07 05:31:27:055 - info: [HTTP] <-- POST /wd/hub/session/8b8c4313-4f34-44bd-99fb-3ad5d06f6f5a/elements 200 269 ms - 124 
2018-04-07 05:31:27:058 - info: [HTTP] --> GET /wd/hub/session/8b8c4313-4f34-44bd-99fb-3ad5d06f6f5a/element/69470fc6-ef32-4304-a502-4afae832c613/location {}
2018-04-07 05:31:27:059 - info: [MJSONWP] Driver proxy active, passing request on via HTTP proxy
2018-04-07 05:31:27:060 - info: [debug] [JSONWP Proxy] Proxying [GET /wd/hub/session/8b8c4313-4f34-44bd-99fb-3ad5d06f6f5a/element/69470fc6-ef32-4304-a502-4afae832c613/location] to [GET http://localhost:8216/wd/hub/session/a3cd6b15-fbd4-4832-bb3f-23fd8736e7b6/element/69470fc6-ef32-4304-a502-4afae832c613/location] with body: {}
2018-04-07 05:31:27:087 - info: [debug] [JSONWP Proxy] Got response with status 200: "{\"sessionId\":\"a3cd6b15-fbd4-4832-bb3f-23fd8736e7b6\",\"status\":0,\"value\":{\"x\":60,\"y\":661}}"
2018-04-07 05:31:27:087 - info: [JSONWP Proxy] Replacing sessionId a3cd6b15-fbd4-4832-bb3f-23fd8736e7b6 with 8b8c4313-4f34-44bd-99fb-3ad5d06f6f5a
2018-04-07 05:31:27:088 - info: [HTTP] <-- GET /wd/hub/session/8b8c4313-4f34-44bd-99fb-3ad5d06f6f5a/element/69470fc6-ef32-4304-a502-4afae832c613/location 200 29 ms - 88 
2018-04-07 05:31:27:091 - info: [HTTP] --> POST /wd/hub/session/8b8c4313-4f34-44bd-99fb-3ad5d06f6f5a/touch/perform {"sessionId":"8b8c4313-4f34-44bd-99fb-3ad5d06f6f5a","actions":[{"action":"press","options":{"y":661,"x":160}},{"action":"wait","options":{"ms":3}},{"action":"moveTo","options":{"y":661,"x":0}},{"action":"release","options":{}}]}
2018-04-07 05:31:27:092 - info: [debug] [MJSONWP] Calling AppiumDriver.performTouch() with args: [[{"action":"press","options":{"y":661,"x":160}},{"action":"wait","options":{"ms":3}},{"action":"moveTo","options":{"y":661,"x":0}},{"action":"release","options":{}}],"8b8c4313-4f34-44bd-99fb-3ad5d06f6f5a"]
2018-04-07 05:31:27:095 - info: [debug] [JSONWP Proxy] Proxying [POST /touch/perform] to [POST http://localhost:8216/wd/hub/session/a3cd6b15-fbd4-4832-bb3f-23fd8736e7b6/touch/perform] with body: {"startX":160,"startY":661,"endX":0,"endY":661,"steps":0}
2018-04-07 05:31:27:116 - info: [debug] [JSONWP Proxy] Got response with status 200: {"sessionId":"a3cd6b15-fbd4-4832-bb3f-23fd8736e7b6","status":0,"value":true}
2018-04-07 05:31:27:117 - info: [debug] [MJSONWP] Responding to client with driver.performTouch() result: true
2018-04-07 05:31:27:118 - info: [HTTP] <-- POST /wd/hub/session/8b8c4313-4f34-44bd-99fb-3ad5d06f6f5a/touch/perform 200 26 ms - 76 
2018-04-07 05:32:27:115 - warn: [BaseDriver] Shutting down because we waited 60 seconds for a command
2018-04-07 05:32:27:120 - info: [debug] [UiAutomator2] Deleting UiAutomator2 session
2018-04-07 05:32:27:121 - warn: [Appium] Closing session, cause was 'New Command Timeout of 60 seconds expired. Try customizing the timeout using the 'newCommandTimeout' desired capability'
2018-04-07 05:32:27:122 - info: [Appium] Removing session 8b8c4313-4f34-44bd-99fb-3ad5d06f6f5a from our master session list
2018-04-07 05:32:27:122 - info: [debug] [UiAutomator2] Deleting UiAutomator2 server session
2018-04-07 05:32:27:123 - info: [debug] [JSONWP Proxy] Proxying [DELETE /] to [DELETE http://localhost:8216/wd/hub/session/a3cd6b15-fbd4-4832-bb3f-23fd8736e7b6] with no body
2018-04-07 05:32:27:144 - info: [debug] [JSONWP Proxy] Got response with status 200: "{\"sessionId\":\"a3cd6b15-fbd4-4832-bb3f-23fd8736e7b6\",\"status\":0,\"value\":\"Session deleted\"}"
2018-04-07 05:32:27:145 - info: [debug] [UiAutomator2] Resetting IME to 'io.appium.android.ime/.UnicodeIME'
2018-04-07 05:32:27:146 - info: [debug] [ADB] Getting connected devices...
2018-04-07 05:32:27:294 - info: [debug] [ADB] 1 device(s) connected
2018-04-07 05:32:27:295 - info: [debug] [ADB] Running 'D:\sdk\platform-tools\adb.exe' with args: ["-P",5037,"-s","K4Q6T16713001686","shell","ime","set","io.appium.android.ime/.UnicodeIME"]
2018-04-07 05:32:28:031 - info: [debug] [UiAutomator2] [UIAutomator2] io.appium.uiautomator2.server.test.AppiumUiAutomator2Server:.
2018-04-07 05:32:28:031 - info: [debug] [UiAutomator2] [UIAutomator2] Time: 93.03
2018-04-07 05:32:28:031 - info: [debug] [UiAutomator2] [UIAutomator2] OK (1 test)
2018-04-07 05:32:28:186 - info: [debug] [ADB] Getting connected devices...
2018-04-07 05:32:28:328 - info: [debug] [ADB] 1 device(s) connected
2018-04-07 05:32:28:329 - info: [debug] [ADB] Running 'D:\sdk\platform-tools\adb.exe' with args: ["-P",5037,"-s","K4Q6T16713001686","shell","am","force-stop","com.elephant.myinvoice"]
2018-04-07 05:32:29:088 - info: [debug] [Logcat] Stopping logcat capture
2018-04-07 05:32:29:105 - info: [debug] [ADB] Removing forwarded port socket connection: 8216 
2018-04-07 05:32:29:105 - info: [debug] [ADB] Running 'D:\sdk\platform-tools\adb.exe' with args: ["-P",5037,"-s","K4Q6T16713001686","forward","--remove","tcp:8216"]
