2018-04-07 03:38:57:392 - info: [Appium] Welcome to Appium v1.7.2
2018-04-07 03:38:57:395 - info: [Appium] Non-default server args:
2018-04-07 03:38:57:396 - info: [Appium]   port: 4701
2018-04-07 03:38:57:397 - info: [Appium]   bootstrapPort: 4900
2018-04-07 03:38:57:397 - info: [Appium]   sessionOverride: true
2018-04-07 03:38:57:397 - info: [Appium]   log: D:/PycharmProjects/Appium27/log/K4Q6T167130016862018-04-07-11_38_48.log
2018-04-07 03:38:57:397 - info: [Appium]   udid: K4Q6T16713001686
2018-04-07 03:38:57:398 - info: [Appium]   noReset: true
2018-04-07 03:38:57:399 - warn: [Appium] Deprecated server args:
2018-04-07 03:38:57:400 - warn: [Appium]   -U,--udid => --default-capabilities '{"udid":"K4Q6T16713001686"}'
2018-04-07 03:38:57:400 - warn: [Appium]   --no-reset => --default-capabilities '{"noReset":true}'
2018-04-07 03:38:57:401 - info: [Appium] Default capabilities, which will be added to each request unless overridden by desired capabilities:
2018-04-07 03:38:57:401 - info: [Appium]   udid: K4Q6T16713001686
2018-04-07 03:38:57:401 - info: [Appium]   noReset: true
2018-04-07 03:38:57:439 - info: [Appium] Appium REST http interface listener started on 0.0.0.0:4701
2018-04-07 03:39:11:083 - info: [HTTP] --> POST /wd/hub/session {"capabilities":{"alwaysMatch":{"platformName":"Android"},"firstMatch":[{}]},"desiredCapabilities":{"deviceName":"K4Q6T16713001686","automationName":"uiautomator2","platformName":"Android","app":"../apk/wdfp.apk"}}
2018-04-07 03:39:11:086 - info: [debug] [MJSONWP] Calling AppiumDriver.createSession() with args: [{"deviceName":"K4Q6T16713001686","automationName":"uiautomator2","platformName":"Android","app":"../apk/wdfp.apk"},null,{"alwaysMatch":{"platformName":"Android"},"firstMatch":[{}]}]
2018-04-07 03:39:11:088 - info: [debug] [BaseDriver] Event 'newSessionRequested' logged at 1523072351088 (11:39:11 GMT+0800 (China Standard Time))
2018-04-07 03:39:11:090 - info: [Appium] Merged W3C capabilities {"alwaysMatch":{"platformName":"Android"},"firs... into desiredCapabilities object {"deviceName":"K4Q6T16713001686","automationNam...
2018-04-07 03:39:11:094 - info: [Appium] Creating new AndroidUiautomator2Driver (v0.11.0) session
2018-04-07 03:39:11:094 - info: [Appium] Capabilities:
2018-04-07 03:39:11:094 - info: [Appium]   deviceName: K4Q6T16713001686
2018-04-07 03:39:11:094 - info: [Appium]   automationName: uiautomator2
2018-04-07 03:39:11:094 - info: [Appium]   platformName: Android
2018-04-07 03:39:11:095 - info: [Appium]   app: ../apk/wdfp.apk
2018-04-07 03:39:11:095 - info: [Appium]   udid: K4Q6T16713001686
2018-04-07 03:39:11:095 - info: [Appium]   noReset: true
2018-04-07 03:39:11:120 - info: [BaseDriver] Session created with session id: ddf54fbb-9eca-4ff9-a8ec-77837cf77a22
2018-04-07 03:39:11:124 - info: [BaseDriver] Using local app '../apk/wdfp.apk'
2018-04-07 03:39:11:149 - info: [debug] [UiAutomator2] Checking whether app is actually present
2018-04-07 03:39:11:567 - info: [debug] [AndroidDriver] Getting Java version
2018-04-07 03:39:12:003 - info: [AndroidDriver] Java version is: 1.8.0_151
2018-04-07 03:39:12:007 - info: [ADB] Checking whether adb is present
2018-04-07 03:39:12:011 - info: [ADB] Using adb.exe from D:\sdk\platform-tools\adb.exe
2018-04-07 03:39:12:011 - info: [AndroidDriver] Retrieving device list
2018-04-07 03:39:12:012 - info: [debug] [ADB] Trying to find a connected android device
2018-04-07 03:39:12:014 - info: [debug] [ADB] Getting connected devices...
2018-04-07 03:39:12:235 - info: [debug] [ADB] 1 device(s) connected
2018-04-07 03:39:12:236 - info: [AndroidDriver] Using device: K4Q6T16713001686
2018-04-07 03:39:12:237 - info: [ADB] Checking whether adb is present
2018-04-07 03:39:12:237 - info: [debug] [ADB] Setting device id to K4Q6T16713001686
2018-04-07 03:39:12:239 - info: [debug] [ADB] Getting connected devices...
2018-04-07 03:39:12:357 - info: [debug] [ADB] 1 device(s) connected
2018-04-07 03:39:12:359 - info: [debug] [ADB] Running 'D:\sdk\platform-tools\adb.exe' with args: ["-P",5037,"-s","K4Q6T16713001686","shell","getprop","ro.build.version.sdk"]
2018-04-07 03:39:12:481 - info: [debug] [ADB] Current device property 'ro.build.version.sdk': 24
2018-04-07 03:39:12:481 - info: [debug] [ADB] Device API level: 24
2018-04-07 03:39:12:482 - info: [debug] [AndroidDriver] Parsing package and activity from app manifest
2018-04-07 03:39:12:483 - info: [ADB] Checking whether aapt is present
2018-04-07 03:39:12:486 - info: [ADB] Using aapt.exe from D:\sdk\tools\aapt.exe
2018-04-07 03:39:12:486 - info: [ADB] Extracting package and launch activity from manifest
2018-04-07 03:39:12:616 - info: [debug] [ADB] badging package: com.elephant.myinvoice
2018-04-07 03:39:12:616 - info: [debug] [ADB] badging act: com.elephant.myinvoice.MainActivity
2018-04-07 03:39:12:616 - info: [debug] [AndroidDriver] Parsed package and activity are: com.elephant.myinvoice/com.elephant.myinvoice.MainActivity
2018-04-07 03:39:12:617 - info: [ADB] Getting device platform version
2018-04-07 03:39:12:617 - info: [debug] [ADB] Getting connected devices...
2018-04-07 03:39:12:686 - info: [debug] [ADB] 1 device(s) connected
2018-04-07 03:39:12:686 - info: [debug] [ADB] Running 'D:\sdk\platform-tools\adb.exe' with args: ["-P",5037,"-s","K4Q6T16713001686","shell","getprop","ro.build.version.release"]
2018-04-07 03:39:12:770 - info: [debug] [ADB] Current device property 'ro.build.version.release': 7.0
2018-04-07 03:39:12:771 - info: [debug] [ADB] Getting connected devices...
2018-04-07 03:39:12:850 - info: [debug] [ADB] 1 device(s) connected
2018-04-07 03:39:12:851 - info: [debug] [ADB] Running 'D:\sdk\platform-tools\adb.exe' with args: ["-P",5037,"-s","K4Q6T16713001686","shell","wm","size"]
2018-04-07 03:39:14:056 - info: [debug] [ADB] Getting connected devices...
2018-04-07 03:39:14:144 - info: [debug] [ADB] 1 device(s) connected
2018-04-07 03:39:14:145 - info: [debug] [ADB] Running 'D:\sdk\platform-tools\adb.exe' with args: ["-P",5037,"-s","K4Q6T16713001686","shell","wm","density"]
2018-04-07 03:39:14:886 - info: [debug] [ADB] Getting connected devices...
2018-04-07 03:39:14:956 - info: [debug] [ADB] 1 device(s) connected
2018-04-07 03:39:14:956 - info: [debug] [ADB] Running 'D:\sdk\platform-tools\adb.exe' with args: ["-P",5037,"-s","K4Q6T16713001686","shell","getprop","ro.product.model"]
2018-04-07 03:39:15:071 - info: [debug] [ADB] Current device property 'ro.product.model': NEM-AL10
2018-04-07 03:39:15:071 - info: [debug] [ADB] Getting connected devices...
2018-04-07 03:39:15:148 - info: [debug] [ADB] 1 device(s) connected
2018-04-07 03:39:15:149 - info: [debug] [ADB] Running 'D:\sdk\platform-tools\adb.exe' with args: ["-P",5037,"-s","K4Q6T16713001686","shell","getprop","ro.product.manufacturer"]
2018-04-07 03:39:15:260 - info: [debug] [ADB] Current device property 'ro.product.manufacturer': HUAWEI
2018-04-07 03:39:15:262 - info: [debug] [ADB] Getting connected devices...
2018-04-07 03:39:15:332 - info: [debug] [ADB] 1 device(s) connected
2018-04-07 03:39:15:332 - info: [debug] [ADB] Running 'D:\sdk\platform-tools\adb.exe' with args: ["-P",5037,"-s","K4Q6T16713001686","shell","am","force-stop","io.appium.uiautomator2.server"]
2018-04-07 03:39:16:102 - info: [ADB] Checking whether aapt is present
2018-04-07 03:39:16:161 - info: [debug] [ADB] Getting install status for io.appium.uiautomator2.server
2018-04-07 03:39:16:162 - info: [debug] [ADB] Getting connected devices...
2018-04-07 03:39:16:234 - info: [debug] [ADB] 1 device(s) connected
2018-04-07 03:39:16:234 - info: [debug] [ADB] Running 'D:\sdk\platform-tools\adb.exe' with args: ["-P",5037,"-s","K4Q6T16713001686","shell","pm","list","packages","io.appium.uiautomator2.server"]
2018-04-07 03:39:16:962 - info: [debug] [ADB] App is installed
2018-04-07 03:39:16:963 - info: [debug] [ADB] Getting install status for io.appium.uiautomator2.server.test
2018-04-07 03:39:16:963 - info: [debug] [ADB] Getting connected devices...
2018-04-07 03:39:17:053 - info: [debug] [ADB] 1 device(s) connected
2018-04-07 03:39:17:053 - info: [debug] [ADB] Running 'D:\sdk\platform-tools\adb.exe' with args: ["-P",5037,"-s","K4Q6T16713001686","shell","pm","list","packages","io.appium.uiautomator2.server.test"]
2018-04-07 03:39:17:789 - info: [debug] [ADB] App is installed
2018-04-07 03:39:17:789 - info: [debug] [ADB] Getting package info for io.appium.uiautomator2.server
2018-04-07 03:39:17:790 - info: [debug] [ADB] Getting connected devices...
2018-04-07 03:39:17:872 - info: [debug] [ADB] 1 device(s) connected
2018-04-07 03:39:17:873 - info: [debug] [ADB] Running 'D:\sdk\platform-tools\adb.exe' with args: ["-P",5037,"-s","K4Q6T16713001686","shell","dumpsys","package","io.appium.uiautomator2.server"]
2018-04-07 03:39:17:988 - info: [debug] [UiAutomator2] Waiting up to 20000ms for instrumentation 'io.appium.uiautomator2.server.test/android.support.test.runner.AndroidJUnitRunner' to be available
2018-04-07 03:39:17:990 - info: [debug] [ADB] Getting connected devices...
2018-04-07 03:39:18:068 - info: [debug] [ADB] 1 device(s) connected
2018-04-07 03:39:18:068 - info: [debug] [ADB] Running 'D:\sdk\platform-tools\adb.exe' with args: ["-P",5037,"-s","K4Q6T16713001686","shell","pm","list","instrumentation"]
2018-04-07 03:39:18:765 - info: [debug] [UiAutomator2] Instrumentation 'io.appium.uiautomator2.server.test/android.support.test.runner.AndroidJUnitRunner' available
2018-04-07 03:39:18:768 - info: [debug] [ADB] Running 'D:\sdk\platform-tools\adb.exe' with args: ["-P",5037,"-s","K4Q6T16713001686","wait-for-device"]
2018-04-07 03:39:18:861 - info: [debug] [ADB] Getting connected devices...
2018-04-07 03:39:18:964 - info: [debug] [ADB] 1 device(s) connected
2018-04-07 03:39:18:964 - info: [debug] [ADB] Running 'D:\sdk\platform-tools\adb.exe' with args: ["-P",5037,"-s","K4Q6T16713001686","shell","echo","ping"]
2018-04-07 03:39:19:079 - warn: [AndroidDriver] setDeviceLanguageCountry requires language or country.
2018-04-07 03:39:19:079 - warn: [AndroidDriver] Got language: 'null' and country: 'null'
2018-04-07 03:39:19:081 - info: [debug] [Logcat] Starting logcat capture
2018-04-07 03:39:19:180 - info: [debug] [AndroidDriver] Pushing settings apk to device...
2018-04-07 03:39:19:181 - info: [debug] [ADB] Getting install status for io.appium.settings
2018-04-07 03:39:19:181 - info: [debug] [ADB] Getting connected devices...
2018-04-07 03:39:19:285 - info: [debug] [ADB] 1 device(s) connected
2018-04-07 03:39:19:286 - info: [debug] [ADB] Running 'D:\sdk\platform-tools\adb.exe' with args: ["-P",5037,"-s","K4Q6T16713001686","shell","pm","list","packages","io.appium.settings"]
2018-04-07 03:39:20:007 - info: [debug] [ADB] App is installed
2018-04-07 03:39:20:007 - info: [debug] [ADB] Getting package info for io.appium.settings
2018-04-07 03:39:20:008 - info: [debug] [ADB] Getting connected devices...
2018-04-07 03:39:20:118 - info: [debug] [ADB] 1 device(s) connected
2018-04-07 03:39:20:119 - info: [debug] [ADB] Running 'D:\sdk\platform-tools\adb.exe' with args: ["-P",5037,"-s","K4Q6T16713001686","shell","dumpsys","package","io.appium.settings"]
2018-04-07 03:39:20:256 - info: [ADB] Checking whether aapt is present
2018-04-07 03:39:20:309 - info: [debug] [ADB] The installed 'io.appium.settings' package does not require upgrade (5 >= 5)
2018-04-07 03:39:20:311 - info: [debug] [ADB] Device API level: 24
2018-04-07 03:39:20:311 - info: [debug] [ADB] Getting connected devices...
2018-04-07 03:39:20:377 - info: [debug] [ADB] 1 device(s) connected
2018-04-07 03:39:20:377 - info: [debug] [ADB] Running 'D:\sdk\platform-tools\adb.exe' with args: ["-P",5037,"-s","K4Q6T16713001686","shell","dumpsys","package","io.appium.settings"]
2018-04-07 03:39:20:503 - info: [debug] [ADB] Getting connected devices...
2018-04-07 03:39:20:577 - info: [debug] [ADB] 1 device(s) connected
2018-04-07 03:39:20:577 - info: [debug] [ADB] Running 'D:\sdk\platform-tools\adb.exe' with args: ["-P",5037,"-s","K4Q6T16713001686","shell","pm","dump","io.appium.settings"]
2018-04-07 03:39:21:717 - info: [debug] [ADB] Got the following command chunks to execute: pm,grant,io.appium.settings,android.permission.WRITE_SETTINGS,;,pm,grant,io.appium.settings,android.permission.ACCESS_MOCK_LOCATION,;
2018-04-07 03:39:21:717 - info: [debug] [ADB] Getting connected devices...
2018-04-07 03:39:21:788 - info: [debug] [ADB] 1 device(s) connected
2018-04-07 03:39:21:789 - info: [debug] [ADB] Running 'D:\sdk\platform-tools\adb.exe' with args: ["-P",5037,"-s","K4Q6T16713001686","shell","pm","grant","io.appium.settings","android.permission.WRITE_SETTINGS",";","pm","grant","io.appium.settings","android.permission.ACCESS_MOCK_LOCATION",";"]
2018-04-07 03:39:23:094 - info: [debug] [ADB] Getting connected devices...
2018-04-07 03:39:23:169 - info: [debug] [ADB] 1 device(s) connected
2018-04-07 03:39:23:169 - info: [debug] [ADB] Running 'D:\sdk\platform-tools\adb.exe' with args: ["-P",5037,"-s","K4Q6T16713001686","shell","ps"]
2018-04-07 03:39:23:317 - info: [debug] [ADB] Device API level: 24
2018-04-07 03:39:23:318 - info: [debug] [ADB] Getting connected devices...
2018-04-07 03:39:23:390 - info: [debug] [ADB] 1 device(s) connected
2018-04-07 03:39:23:391 - info: [debug] [ADB] Running 'D:\sdk\platform-tools\adb.exe' with args: ["-P",5037,"-s","K4Q6T16713001686","shell","appops","set","io.appium.settings","android:mock_location","allow"]
2018-04-07 03:39:23:526 - info: [debug] [AndroidDriver] Pushing unlock helper app to device...
2018-04-07 03:39:23:526 - info: [debug] [ADB] Getting install status for io.appium.unlock
2018-04-07 03:39:23:526 - info: [debug] [ADB] Getting connected devices...
2018-04-07 03:39:23:601 - info: [debug] [ADB] 1 device(s) connected
2018-04-07 03:39:23:602 - info: [debug] [ADB] Running 'D:\sdk\platform-tools\adb.exe' with args: ["-P",5037,"-s","K4Q6T16713001686","shell","pm","list","packages","io.appium.unlock"]
2018-04-07 03:39:24:346 - info: [debug] [ADB] App is installed
2018-04-07 03:39:24:346 - info: [debug] [ADB] Getting package info for io.appium.unlock
2018-04-07 03:39:24:346 - info: [debug] [ADB] Getting connected devices...
2018-04-07 03:39:24:419 - info: [debug] [ADB] 1 device(s) connected
2018-04-07 03:39:24:419 - info: [debug] [ADB] Running 'D:\sdk\platform-tools\adb.exe' with args: ["-P",5037,"-s","K4Q6T16713001686","shell","dumpsys","package","io.appium.unlock"]
2018-04-07 03:39:24:543 - info: [ADB] Checking whether aapt is present
2018-04-07 03:39:24:657 - info: [debug] [ADB] The installed 'io.appium.unlock' package does not require upgrade (2 >= 2)
2018-04-07 03:39:24:657 - info: [debug] [UiAutomator2] Forwarding UiAutomator2 Server port 6790 to 8212
2018-04-07 03:39:24:658 - info: [debug] [ADB] Forwarding system: 8212 to device: 6790
2018-04-07 03:39:24:658 - info: [debug] [ADB] Running 'D:\sdk\platform-tools\adb.exe' with args: ["-P",5037,"-s","K4Q6T16713001686","forward","tcp:8212","tcp:6790"]
2018-04-07 03:39:24:750 - info: [debug] [ADB] Getting connected devices...
2018-04-07 03:39:24:853 - info: [debug] [ADB] 1 device(s) connected
2018-04-07 03:39:24:853 - info: [debug] [ADB] Running 'D:\sdk\platform-tools\adb.exe' with args: ["-P",5037,"-s","K4Q6T16713001686","shell","dumpsys","window"]
2018-04-07 03:39:25:011 - info: [AndroidDriver] Screen already unlocked, doing nothing
2018-04-07 03:39:25:012 - info: [debug] [AndroidDriver] Extracting strings from apk ../apk/wdfp.apk null C:\Users\Myron.Guo\AppData\Local\Temp\com.elephant.myinvoice
2018-04-07 03:39:25:013 - info: [debug] [ADB] Extracting strings for language: default
2018-04-07 03:39:25:014 - info: [debug] [ADB] Device API level: 24
2018-04-07 03:39:25:014 - info: [debug] [ADB] Getting connected devices...
2018-04-07 03:39:25:086 - info: [debug] [ADB] 1 device(s) connected
2018-04-07 03:39:25:086 - info: [debug] [ADB] Running 'D:\sdk\platform-tools\adb.exe' with args: ["-P",5037,"-s","K4Q6T16713001686","shell","getprop","persist.sys.locale"]
2018-04-07 03:39:25:188 - info: [debug] [ADB] Current device property 'persist.sys.locale': zh-CN
2018-04-07 03:39:26:654 - info: [debug] [ADB] Reading strings from converted strings.json
2018-04-07 03:39:26:658 - info: [debug] [ADB] Running 'D:\sdk\platform-tools\adb.exe' with args: ["-P",5037,"-s","K4Q6T16713001686","push","C:\\Users\\Myron.Guo\\AppData\\Local\\Temp\\com.elephant.myinvoice\\strings.json","/data/local/tmp"]
2018-04-07 03:39:26:838 - info: [debug] [ADB] Checking app cert for ../apk/wdfp.apk
2018-04-07 03:39:26:841 - warn: [ADB] Cannot use apksigner tool for signature verification. Defaulting to verify.jar. Original error: Could not find apksigner.bat in D:\sdk\platform-tools\apksigner.bat,D:\sdk\emulator\apksigner.bat,D:\sdk\tools\apksigner.bat,D:\sdk\tools\bin\apksigner.bat,D:\sdk\build-tools\android-4.3\apksigner.bat, or supported build-tools under D:\sdk do you have the Android SDK installed at this location?
2018-04-07 03:39:28:372 - info: [debug] [ADB] '../apk/wdfp.apk' is already signed.
2018-04-07 03:39:28:552 - info: [AndroidDriver] Remote apk path is /data/local/tmp/4a9053f45d358d0242a66992e1a83312.apk
2018-04-07 03:39:28:553 - info: [debug] [ADB] Getting connected devices...
2018-04-07 03:39:28:645 - info: [debug] [ADB] 1 device(s) connected
2018-04-07 03:39:28:645 - info: [debug] [ADB] Running 'D:\sdk\platform-tools\adb.exe' with args: ["-P",5037,"-s","K4Q6T16713001686","shell","ls","/data/local/tmp/4a9053f45d358d0242a66992e1a83312.apk"]
2018-04-07 03:39:28:745 - info: [debug] [AndroidDriver] Checking if app is installed
2018-04-07 03:39:28:746 - info: [debug] [ADB] Getting install status for com.elephant.myinvoice
2018-04-07 03:39:28:747 - info: [debug] [ADB] Getting connected devices...
2018-04-07 03:39:28:810 - info: [debug] [ADB] 1 device(s) connected
2018-04-07 03:39:28:810 - info: [debug] [ADB] Running 'D:\sdk\platform-tools\adb.exe' with args: ["-P",5037,"-s","K4Q6T16713001686","shell","pm","list","packages","com.elephant.myinvoice"]
2018-04-07 03:39:29:616 - info: [debug] [ADB] App is not installed
2018-04-07 03:39:29:617 - info: [AndroidDriver] Apk is not yet installed
2018-04-07 03:39:29:617 - info: [AndroidDriver] installing apk from remote
2018-04-07 03:39:29:618 - info: [debug] [ADB] Getting connected devices...
2018-04-07 03:39:29:708 - info: [debug] [ADB] 1 device(s) connected
2018-04-07 03:39:29:709 - info: [debug] [ADB] Running 'D:\sdk\platform-tools\adb.exe' with args: ["-P",5037,"-s","K4Q6T16713001686","shell","mkdir","-p","/data/local/tmp"]
2018-04-07 03:39:29:808 - info: [AndroidDriver] Clearing out any existing remote apks with the same hash
2018-04-07 03:39:29:810 - info: [debug] [AndroidDriver] Removing any old apks
2018-04-07 03:39:29:810 - info: [debug] [AndroidDriver] Except ["4a9053f45d358d0242a66992e1a83312"]
2018-04-07 03:39:29:810 - info: [debug] [ADB] Getting connected devices...
2018-04-07 03:39:29:893 - info: [debug] [ADB] 1 device(s) connected
2018-04-07 03:39:29:893 - info: [debug] [ADB] Running 'D:\sdk\platform-tools\adb.exe' with args: ["-P",5037,"-s","K4Q6T16713001686","shell","ls","/data/local/tmp/*.apk"]
2018-04-07 03:39:29:996 - info: [debug] [ADB] Uninstalling com.elephant.myinvoice
2018-04-07 03:39:29:997 - info: [debug] [ADB] Getting install status for com.elephant.myinvoice
2018-04-07 03:39:29:997 - info: [debug] [ADB] Getting connected devices...
2018-04-07 03:39:30:164 - info: [debug] [ADB] 1 device(s) connected
2018-04-07 03:39:30:164 - info: [debug] [ADB] Running 'D:\sdk\platform-tools\adb.exe' with args: ["-P",5037,"-s","K4Q6T16713001686","shell","pm","list","packages","com.elephant.myinvoice"]
2018-04-07 03:39:30:865 - info: [debug] [ADB] App is not installed
2018-04-07 03:39:30:866 - info: [ADB] com.elephant.myinvoice was not uninstalled, because it was not present on the device
2018-04-07 03:39:30:866 - info: [debug] [ADB] Getting connected devices...
2018-04-07 03:39:30:948 - info: [debug] [ADB] 1 device(s) connected
2018-04-07 03:39:30:948 - info: [debug] [ADB] Running 'D:\sdk\platform-tools\adb.exe' with args: ["-P",5037,"-s","K4Q6T16713001686","shell","pm","install","-r","/data/local/tmp/4a9053f45d358d0242a66992e1a83312.apk"]
2018-04-07 03:39:35:968 - info: [debug] [ADB] Getting connected devices...
2018-04-07 03:39:36:099 - info: [debug] [ADB] 1 device(s) connected
2018-04-07 03:39:36:099 - info: [debug] [ADB] Running 'D:\sdk\platform-tools\adb.exe' with args: ["-P",5037,"-s","K4Q6T16713001686","shell","am","force-stop","io.appium.uiautomator2.server"]
2018-04-07 03:39:36:896 - info: [UiAutomator2] Starting uiautomator2 server v0.3.0
2018-04-07 03:39:36:897 - info: [UiAutomator2] Running command: 'adb -s K4Q6T16713001686 shell am instrument -w io.appium.uiautomator2.server.test/android.support.test.runner.AndroidJUnitRunner'
2018-04-07 03:39:36:900 - info: [UiAutomator2] Waiting up to 20000ms for UiAutomator2 to be online...
2018-04-07 03:39:36:904 - info: [debug] [JSONWP Proxy] Proxying [GET /status] to [GET http://localhost:8212/wd/hub/status] with no body
2018-04-07 03:39:37:946 - info: [debug] [JSONWP Proxy] Proxying [GET /status] to [GET http://localhost:8212/wd/hub/status] with no body
2018-04-07 03:39:38:958 - info: [debug] [JSONWP Proxy] Proxying [GET /status] to [GET http://localhost:8212/wd/hub/status] with no body
2018-04-07 03:39:39:965 - info: [debug] [JSONWP Proxy] Proxying [GET /status] to [GET http://localhost:8212/wd/hub/status] with no body
2018-04-07 03:39:40:971 - info: [debug] [JSONWP Proxy] Proxying [GET /status] to [GET http://localhost:8212/wd/hub/status] with no body
2018-04-07 03:39:41:010 - info: [debug] [JSONWP Proxy] Got response with status 200: "{\"sessionId\":\"SESSIONID\",\"status\":0,\"value\":\"Status Invoked\"}"
2018-04-07 03:39:41:011 - info: [debug] [JSONWP Proxy] Proxying [POST /session] to [POST http://localhost:8212/wd/hub/session] with body: {"desiredCapabilities":{"platform":"LINUX","webStorageEnabled":false,"takesScreenshot":true,"javascriptEnabled":true,"databaseEnabled":false,"networkConnectionEnabled":true,"locationContextEnabled":false,"warnings":{},"desired":{"deviceName":"K4Q6T16713001686","automationName":"uiautomator2","platformName":"Android","app":"../apk/wdfp.apk","udid":"K4Q6T16713001686","noReset":true},"deviceName":"K4Q6T16713001686","automationName":"uiautomator2","platformName":"Android","app":"../apk/wdfp.apk","udid":"K4Q6T16713001686","noReset":true,"deviceUDID":"K4Q6T16713001686","platformVersion":"7.0","deviceScreenSize":"1080x1920","deviceScreenDensity":480,"deviceModel":"NEM-AL10","deviceManufacturer":"HUAWEI","appPackage":"com.elephant.myinvoice"}}
2018-04-07 03:39:41:023 - info: [debug] [JSONWP Proxy] Got response with status 200: {"sessionId":"c9d8467a-b35e-452c-9b2b-a538cab583c4","status":0,"value":"Created Session"}
2018-04-07 03:39:41:024 - info: [UiAutomator2] UiAutomator2 did not start the activity we were waiting for, 'com.elephant.myinvoice/com.elephant.myinvoice.MainActivity'. Starting it ourselves
2018-04-07 03:39:41:025 - info: [debug] [ADB] Device API level: 24
2018-04-07 03:39:41:025 - info: [debug] [ADB] Getting connected devices...
2018-04-07 03:39:41:111 - info: [debug] [ADB] 1 device(s) connected
2018-04-07 03:39:41:112 - info: [debug] [ADB] Running 'D:\sdk\platform-tools\adb.exe' with args: ["-P",5037,"-s","K4Q6T16713001686","shell","am","start","-W","-n","com.elephant.myinvoice/com.elephant.myinvoice.MainActivity","-S","-a","android.intent.action.MAIN","-c","android.intent.category.LAUNCHER","-f","0x10200000"]
2018-04-07 03:39:43:627 - info: [debug] [ADB] Waiting up to 20000ms for activity matching pkg: 'com.elephant.myinvoice' and activity: 'com.elephant.myinvoice.MainActivity' to be focused
2018-04-07 03:39:43:628 - info: [debug] [ADB] Possible activities, to be checked: 'com.elephant.myinvoice.MainActivity'
2018-04-07 03:39:43:630 - info: [debug] [ADB] Getting focused package and activity
2018-04-07 03:39:43:631 - info: [debug] [ADB] Getting connected devices...
2018-04-07 03:39:43:713 - info: [debug] [ADB] 1 device(s) connected
2018-04-07 03:39:43:715 - info: [debug] [ADB] Running 'D:\sdk\platform-tools\adb.exe' with args: ["-P",5037,"-s","K4Q6T16713001686","shell","dumpsys","window","windows"]
2018-04-07 03:39:43:890 - info: [debug] [ADB] Found package: 'com.elephant.myinvoice' and fully qualified activity name : 'com.elephant.myinvoice.MainActivity'
2018-04-07 03:39:43:891 - info: [Appium] New AndroidUiautomator2Driver session created successfully, session ddf54fbb-9eca-4ff9-a8ec-77837cf77a22 added to master session list
2018-04-07 03:39:43:892 - info: [debug] [BaseDriver] Event 'newSessionStarted' logged at 1523072383892 (11:39:43 GMT+0800 (China Standard Time))
2018-04-07 03:39:43:892 - info: [debug] [MJSONWP] Responding to client with driver.createSession() result: {"deviceName":"K4Q6T16713001686","automationName":"uiautomator2","platformName":"Android","app":"../apk/wdfp.apk","udid":"K4Q6T16713001686","noReset":true}
2018-04-07 03:39:43:897 - info: [HTTP] <-- POST /wd/hub/session 200 32812 ms - 227 
2018-04-07 03:39:45:927 - info: [HTTP] --> GET /wd/hub/session/ddf54fbb-9eca-4ff9-a8ec-77837cf77a22/window/current/size {}
2018-04-07 03:39:45:933 - info: [MJSONWP] Driver proxy active, passing request on via HTTP proxy
2018-04-07 03:39:45:936 - info: [debug] [JSONWP Proxy] Proxying [GET /wd/hub/session/ddf54fbb-9eca-4ff9-a8ec-77837cf77a22/window/current/size] to [GET http://localhost:8212/wd/hub/session/c9d8467a-b35e-452c-9b2b-a538cab583c4/window/current/size] with body: {}
2018-04-07 03:39:45:973 - info: [debug] [JSONWP Proxy] Got response with status 200: "{\"sessionId\":\"c9d8467a-b35e-452c-9b2b-a538cab583c4\",\"status\":0,\"value\":{\"height\":1812,\"width\":1080}}"
2018-04-07 03:39:45:973 - info: [JSONWP Proxy] Replacing sessionId c9d8467a-b35e-452c-9b2b-a538cab583c4 with ddf54fbb-9eca-4ff9-a8ec-77837cf77a22
2018-04-07 03:39:45:975 - info: [HTTP] <-- GET /wd/hub/session/ddf54fbb-9eca-4ff9-a8ec-77837cf77a22/window/current/size 200 47 ms - 100 
2018-04-07 03:39:45:979 - info: [HTTP] --> GET /wd/hub/session/ddf54fbb-9eca-4ff9-a8ec-77837cf77a22/window/current/size {}
2018-04-07 03:39:45:980 - info: [MJSONWP] Driver proxy active, passing request on via HTTP proxy
2018-04-07 03:39:45:981 - info: [debug] [JSONWP Proxy] Proxying [GET /wd/hub/session/ddf54fbb-9eca-4ff9-a8ec-77837cf77a22/window/current/size] to [GET http://localhost:8212/wd/hub/session/c9d8467a-b35e-452c-9b2b-a538cab583c4/window/current/size] with body: {}
2018-04-07 03:39:46:000 - info: [debug] [JSONWP Proxy] Got response with status 200: "{\"sessionId\":\"c9d8467a-b35e-452c-9b2b-a538cab583c4\",\"status\":0,\"value\":{\"height\":1812,\"width\":1080}}"
2018-04-07 03:39:46:000 - info: [JSONWP Proxy] Replacing sessionId c9d8467a-b35e-452c-9b2b-a538cab583c4 with ddf54fbb-9eca-4ff9-a8ec-77837cf77a22
2018-04-07 03:39:46:002 - info: [HTTP] <-- GET /wd/hub/session/ddf54fbb-9eca-4ff9-a8ec-77837cf77a22/window/current/size 200 21 ms - 100 
2018-04-07 03:39:46:008 - info: [HTTP] --> POST /wd/hub/session/ddf54fbb-9eca-4ff9-a8ec-77837cf77a22/touch/perform {"sessionId":"ddf54fbb-9eca-4ff9-a8ec-77837cf77a22","actions":[{"action":"press","options":{"y":1629,"x":540}},{"action":"wait","options":{"ms":2000}},{"action":"moveTo","options":{"y":181,"x":540}},{"action":"release","options":{}}]}
2018-04-07 03:39:46:011 - info: [debug] [MJSONWP] Calling AppiumDriver.performTouch() with args: [[{"action":"press","options":{"y":1629,"x":540}},{"action":"wait","options":{"ms":2000}},{"action":"moveTo","options":{"y":181,"x":540}},{"action":"release","options":{}}],"ddf54fbb-9eca-4ff9-a8ec-77837cf77a22"]
2018-04-07 03:39:46:015 - info: [debug] [JSONWP Proxy] Proxying [POST /touch/perform] to [POST http://localhost:8212/wd/hub/session/c9d8467a-b35e-452c-9b2b-a538cab583c4/touch/perform] with body: {"startX":540,"startY":1629,"endX":540,"endY":181,"steps":56}
2018-04-07 03:39:47:004 - info: [debug] [JSONWP Proxy] Got response with status 200: {"sessionId":"c9d8467a-b35e-452c-9b2b-a538cab583c4","status":0,"value":true}
2018-04-07 03:39:47:005 - info: [debug] [MJSONWP] Responding to client with driver.performTouch() result: true
2018-04-07 03:39:47:007 - info: [HTTP] <-- POST /wd/hub/session/ddf54fbb-9eca-4ff9-a8ec-77837cf77a22/touch/perform 200 998 ms - 76 
2018-04-07 03:39:48:013 - info: [HTTP] --> GET /wd/hub/session/ddf54fbb-9eca-4ff9-a8ec-77837cf77a22/window/current/size {}
2018-04-07 03:39:48:014 - info: [MJSONWP] Driver proxy active, passing request on via HTTP proxy
2018-04-07 03:39:48:015 - info: [debug] [JSONWP Proxy] Proxying [GET /wd/hub/session/ddf54fbb-9eca-4ff9-a8ec-77837cf77a22/window/current/size] to [GET http://localhost:8212/wd/hub/session/c9d8467a-b35e-452c-9b2b-a538cab583c4/window/current/size] with body: {}
2018-04-07 03:39:48:031 - info: [debug] [JSONWP Proxy] Got response with status 200: "{\"sessionId\":\"c9d8467a-b35e-452c-9b2b-a538cab583c4\",\"status\":0,\"value\":{\"height\":1812,\"width\":1080}}"
2018-04-07 03:39:48:032 - info: [JSONWP Proxy] Replacing sessionId c9d8467a-b35e-452c-9b2b-a538cab583c4 with ddf54fbb-9eca-4ff9-a8ec-77837cf77a22
2018-04-07 03:39:48:034 - info: [HTTP] <-- GET /wd/hub/session/ddf54fbb-9eca-4ff9-a8ec-77837cf77a22/window/current/size 200 20 ms - 100 
2018-04-07 03:39:48:041 - info: [HTTP] --> GET /wd/hub/session/ddf54fbb-9eca-4ff9-a8ec-77837cf77a22/window/current/size {}
2018-04-07 03:39:48:042 - info: [MJSONWP] Driver proxy active, passing request on via HTTP proxy
2018-04-07 03:39:48:043 - info: [debug] [JSONWP Proxy] Proxying [GET /wd/hub/session/ddf54fbb-9eca-4ff9-a8ec-77837cf77a22/window/current/size] to [GET http://localhost:8212/wd/hub/session/c9d8467a-b35e-452c-9b2b-a538cab583c4/window/current/size] with body: {}
2018-04-07 03:39:48:059 - info: [debug] [JSONWP Proxy] Got response with status 200: "{\"sessionId\":\"c9d8467a-b35e-452c-9b2b-a538cab583c4\",\"status\":0,\"value\":{\"height\":1812,\"width\":1080}}"
2018-04-07 03:39:48:061 - info: [JSONWP Proxy] Replacing sessionId c9d8467a-b35e-452c-9b2b-a538cab583c4 with ddf54fbb-9eca-4ff9-a8ec-77837cf77a22
2018-04-07 03:39:48:062 - info: [HTTP] <-- GET /wd/hub/session/ddf54fbb-9eca-4ff9-a8ec-77837cf77a22/window/current/size 200 20 ms - 100 
2018-04-07 03:39:48:067 - info: [HTTP] --> POST /wd/hub/session/ddf54fbb-9eca-4ff9-a8ec-77837cf77a22/touch/perform {"sessionId":"ddf54fbb-9eca-4ff9-a8ec-77837cf77a22","actions":[{"action":"press","options":{"y":906,"x":972}},{"action":"wait","options":{"ms":1000}},{"action":"moveTo","options":{"y":906,"x":108}},{"action":"release","options":{}}]}
2018-04-07 03:39:48:068 - info: [debug] [MJSONWP] Calling AppiumDriver.performTouch() with args: [[{"action":"press","options":{"y":906,"x":972}},{"action":"wait","options":{"ms":1000}},{"action":"moveTo","options":{"y":906,"x":108}},{"action":"release","options":{}}],"ddf54fbb-9eca-4ff9-a8ec-77837cf77a22"]
2018-04-07 03:39:48:070 - info: [debug] [JSONWP Proxy] Proxying [POST /touch/perform] to [POST http://localhost:8212/wd/hub/session/c9d8467a-b35e-452c-9b2b-a538cab583c4/touch/perform] with body: {"startX":972,"startY":906,"endX":108,"endY":906,"steps":28}
2018-04-07 03:39:48:554 - info: [debug] [JSONWP Proxy] Got response with status 200: {"sessionId":"c9d8467a-b35e-452c-9b2b-a538cab583c4","status":0,"value":true}
2018-04-07 03:39:48:555 - info: [debug] [MJSONWP] Responding to client with driver.performTouch() result: true
2018-04-07 03:39:48:556 - info: [HTTP] <-- POST /wd/hub/session/ddf54fbb-9eca-4ff9-a8ec-77837cf77a22/touch/perform 200 489 ms - 76 
2018-04-07 03:39:49:563 - info: [HTTP] --> GET /wd/hub/session/ddf54fbb-9eca-4ff9-a8ec-77837cf77a22/window/current/size {}
2018-04-07 03:39:49:564 - info: [MJSONWP] Driver proxy active, passing request on via HTTP proxy
2018-04-07 03:39:49:565 - info: [debug] [JSONWP Proxy] Proxying [GET /wd/hub/session/ddf54fbb-9eca-4ff9-a8ec-77837cf77a22/window/current/size] to [GET http://localhost:8212/wd/hub/session/c9d8467a-b35e-452c-9b2b-a538cab583c4/window/current/size] with body: {}
2018-04-07 03:39:49:588 - info: [debug] [JSONWP Proxy] Got response with status 200: "{\"sessionId\":\"c9d8467a-b35e-452c-9b2b-a538cab583c4\",\"status\":0,\"value\":{\"height\":1812,\"width\":1080}}"
2018-04-07 03:39:49:588 - info: [JSONWP Proxy] Replacing sessionId c9d8467a-b35e-452c-9b2b-a538cab583c4 with ddf54fbb-9eca-4ff9-a8ec-77837cf77a22
2018-04-07 03:39:49:589 - info: [HTTP] <-- GET /wd/hub/session/ddf54fbb-9eca-4ff9-a8ec-77837cf77a22/window/current/size 200 26 ms - 100 
2018-04-07 03:39:49:597 - info: [HTTP] --> GET /wd/hub/session/ddf54fbb-9eca-4ff9-a8ec-77837cf77a22/window/current/size {}
2018-04-07 03:39:49:599 - info: [MJSONWP] Driver proxy active, passing request on via HTTP proxy
2018-04-07 03:39:49:601 - info: [debug] [JSONWP Proxy] Proxying [GET /wd/hub/session/ddf54fbb-9eca-4ff9-a8ec-77837cf77a22/window/current/size] to [GET http://localhost:8212/wd/hub/session/c9d8467a-b35e-452c-9b2b-a538cab583c4/window/current/size] with body: {}
2018-04-07 03:39:49:616 - info: [debug] [JSONWP Proxy] Got response with status 200: "{\"sessionId\":\"c9d8467a-b35e-452c-9b2b-a538cab583c4\",\"status\":0,\"value\":{\"height\":1812,\"width\":1080}}"
2018-04-07 03:39:49:617 - info: [JSONWP Proxy] Replacing sessionId c9d8467a-b35e-452c-9b2b-a538cab583c4 with ddf54fbb-9eca-4ff9-a8ec-77837cf77a22
2018-04-07 03:39:49:618 - info: [HTTP] <-- GET /wd/hub/session/ddf54fbb-9eca-4ff9-a8ec-77837cf77a22/window/current/size 200 20 ms - 100 
2018-04-07 03:39:49:622 - info: [HTTP] --> POST /wd/hub/session/ddf54fbb-9eca-4ff9-a8ec-77837cf77a22/touch/perform {"sessionId":"ddf54fbb-9eca-4ff9-a8ec-77837cf77a22","actions":[{"action":"press","options":{"y":906,"x":972}},{"action":"wait","options":{"ms":1000}},{"action":"moveTo","options":{"y":906,"x":108}},{"action":"release","options":{}}]}
2018-04-07 03:39:49:623 - info: [debug] [MJSONWP] Calling AppiumDriver.performTouch() with args: [[{"action":"press","options":{"y":906,"x":972}},{"action":"wait","options":{"ms":1000}},{"action":"moveTo","options":{"y":906,"x":108}},{"action":"release","options":{}}],"ddf54fbb-9eca-4ff9-a8ec-77837cf77a22"]
2018-04-07 03:39:49:626 - info: [debug] [JSONWP Proxy] Proxying [POST /touch/perform] to [POST http://localhost:8212/wd/hub/session/c9d8467a-b35e-452c-9b2b-a538cab583c4/touch/perform] with body: {"startX":972,"startY":906,"endX":108,"endY":906,"steps":28}
2018-04-07 03:39:50:103 - info: [debug] [JSONWP Proxy] Got response with status 200: {"sessionId":"c9d8467a-b35e-452c-9b2b-a538cab583c4","status":0,"value":true}
2018-04-07 03:39:50:104 - info: [debug] [MJSONWP] Responding to client with driver.performTouch() result: true
2018-04-07 03:39:50:105 - info: [HTTP] <-- POST /wd/hub/session/ddf54fbb-9eca-4ff9-a8ec-77837cf77a22/touch/perform 200 482 ms - 76 
2018-04-07 03:39:51:106 - info: [HTTP] --> GET /wd/hub/session/ddf54fbb-9eca-4ff9-a8ec-77837cf77a22/window/current/size {}
2018-04-07 03:39:51:107 - info: [MJSONWP] Driver proxy active, passing request on via HTTP proxy
2018-04-07 03:39:51:108 - info: [debug] [JSONWP Proxy] Proxying [GET /wd/hub/session/ddf54fbb-9eca-4ff9-a8ec-77837cf77a22/window/current/size] to [GET http://localhost:8212/wd/hub/session/c9d8467a-b35e-452c-9b2b-a538cab583c4/window/current/size] with body: {}
2018-04-07 03:39:51:123 - info: [debug] [JSONWP Proxy] Got response with status 200: "{\"sessionId\":\"c9d8467a-b35e-452c-9b2b-a538cab583c4\",\"status\":0,\"value\":{\"height\":1812,\"width\":1080}}"
2018-04-07 03:39:51:124 - info: [JSONWP Proxy] Replacing sessionId c9d8467a-b35e-452c-9b2b-a538cab583c4 with ddf54fbb-9eca-4ff9-a8ec-77837cf77a22
2018-04-07 03:39:51:125 - info: [HTTP] <-- GET /wd/hub/session/ddf54fbb-9eca-4ff9-a8ec-77837cf77a22/window/current/size 200 18 ms - 100 
2018-04-07 03:39:51:128 - info: [HTTP] --> GET /wd/hub/session/ddf54fbb-9eca-4ff9-a8ec-77837cf77a22/window/current/size {}
2018-04-07 03:39:51:129 - info: [MJSONWP] Driver proxy active, passing request on via HTTP proxy
2018-04-07 03:39:51:131 - info: [debug] [JSONWP Proxy] Proxying [GET /wd/hub/session/ddf54fbb-9eca-4ff9-a8ec-77837cf77a22/window/current/size] to [GET http://localhost:8212/wd/hub/session/c9d8467a-b35e-452c-9b2b-a538cab583c4/window/current/size] with body: {}
2018-04-07 03:39:51:146 - info: [debug] [JSONWP Proxy] Got response with status 200: "{\"sessionId\":\"c9d8467a-b35e-452c-9b2b-a538cab583c4\",\"status\":0,\"value\":{\"height\":1812,\"width\":1080}}"
2018-04-07 03:39:51:147 - info: [JSONWP Proxy] Replacing sessionId c9d8467a-b35e-452c-9b2b-a538cab583c4 with ddf54fbb-9eca-4ff9-a8ec-77837cf77a22
2018-04-07 03:39:51:148 - info: [HTTP] <-- GET /wd/hub/session/ddf54fbb-9eca-4ff9-a8ec-77837cf77a22/window/current/size 200 20 ms - 100 
2018-04-07 03:39:51:153 - info: [HTTP] --> POST /wd/hub/session/ddf54fbb-9eca-4ff9-a8ec-77837cf77a22/touch/perform {"sessionId":"ddf54fbb-9eca-4ff9-a8ec-77837cf77a22","actions":[{"action":"press","options":{"y":906,"x":972}},{"action":"wait","options":{"ms":1000}},{"action":"moveTo","options":{"y":906,"x":108}},{"action":"release","options":{}}]}
2018-04-07 03:39:51:153 - info: [debug] [MJSONWP] Calling AppiumDriver.performTouch() with args: [[{"action":"press","options":{"y":906,"x":972}},{"action":"wait","options":{"ms":1000}},{"action":"moveTo","options":{"y":906,"x":108}},{"action":"release","options":{}}],"ddf54fbb-9eca-4ff9-a8ec-77837cf77a22"]
2018-04-07 03:39:51:155 - info: [debug] [JSONWP Proxy] Proxying [POST /touch/perform] to [POST http://localhost:8212/wd/hub/session/c9d8467a-b35e-452c-9b2b-a538cab583c4/touch/perform] with body: {"startX":972,"startY":906,"endX":108,"endY":906,"steps":28}
2018-04-07 03:39:51:633 - info: [debug] [JSONWP Proxy] Got response with status 200: {"sessionId":"c9d8467a-b35e-452c-9b2b-a538cab583c4","status":0,"value":true}
2018-04-07 03:39:51:634 - info: [debug] [MJSONWP] Responding to client with driver.performTouch() result: true
2018-04-07 03:39:51:635 - info: [HTTP] <-- POST /wd/hub/session/ddf54fbb-9eca-4ff9-a8ec-77837cf77a22/touch/perform 200 482 ms - 76 
2018-04-07 03:39:52:641 - info: [HTTP] --> GET /wd/hub/session/ddf54fbb-9eca-4ff9-a8ec-77837cf77a22/window/current/size {}
2018-04-07 03:39:52:642 - info: [MJSONWP] Driver proxy active, passing request on via HTTP proxy
2018-04-07 03:39:52:643 - info: [debug] [JSONWP Proxy] Proxying [GET /wd/hub/session/ddf54fbb-9eca-4ff9-a8ec-77837cf77a22/window/current/size] to [GET http://localhost:8212/wd/hub/session/c9d8467a-b35e-452c-9b2b-a538cab583c4/window/current/size] with body: {}
2018-04-07 03:39:52:667 - info: [debug] [JSONWP Proxy] Got response with status 200: "{\"sessionId\":\"c9d8467a-b35e-452c-9b2b-a538cab583c4\",\"status\":0,\"value\":{\"height\":1812,\"width\":1080}}"
2018-04-07 03:39:52:667 - info: [JSONWP Proxy] Replacing sessionId c9d8467a-b35e-452c-9b2b-a538cab583c4 with ddf54fbb-9eca-4ff9-a8ec-77837cf77a22
2018-04-07 03:39:52:669 - info: [HTTP] <-- GET /wd/hub/session/ddf54fbb-9eca-4ff9-a8ec-77837cf77a22/window/current/size 200 27 ms - 100 
2018-04-07 03:39:52:675 - info: [HTTP] --> GET /wd/hub/session/ddf54fbb-9eca-4ff9-a8ec-77837cf77a22/window/current/size {}
2018-04-07 03:39:52:676 - info: [MJSONWP] Driver proxy active, passing request on via HTTP proxy
2018-04-07 03:39:52:677 - info: [debug] [JSONWP Proxy] Proxying [GET /wd/hub/session/ddf54fbb-9eca-4ff9-a8ec-77837cf77a22/window/current/size] to [GET http://localhost:8212/wd/hub/session/c9d8467a-b35e-452c-9b2b-a538cab583c4/window/current/size] with body: {}
2018-04-07 03:39:52:697 - info: [debug] [JSONWP Proxy] Got response with status 200: "{\"sessionId\":\"c9d8467a-b35e-452c-9b2b-a538cab583c4\",\"status\":0,\"value\":{\"height\":1812,\"width\":1080}}"
2018-04-07 03:39:52:697 - info: [JSONWP Proxy] Replacing sessionId c9d8467a-b35e-452c-9b2b-a538cab583c4 with ddf54fbb-9eca-4ff9-a8ec-77837cf77a22
2018-04-07 03:39:52:698 - info: [HTTP] <-- GET /wd/hub/session/ddf54fbb-9eca-4ff9-a8ec-77837cf77a22/window/current/size 200 23 ms - 100 
2018-04-07 03:39:52:702 - info: [HTTP] --> POST /wd/hub/session/ddf54fbb-9eca-4ff9-a8ec-77837cf77a22/touch/perform {"sessionId":"ddf54fbb-9eca-4ff9-a8ec-77837cf77a22","actions":[{"action":"press","options":{"y":906,"x":972}},{"action":"wait","options":{"ms":1000}},{"action":"moveTo","options":{"y":906,"x":108}},{"action":"release","options":{}}]}
2018-04-07 03:39:52:703 - info: [debug] [MJSONWP] Calling AppiumDriver.performTouch() with args: [[{"action":"press","options":{"y":906,"x":972}},{"action":"wait","options":{"ms":1000}},{"action":"moveTo","options":{"y":906,"x":108}},{"action":"release","options":{}}],"ddf54fbb-9eca-4ff9-a8ec-77837cf77a22"]
2018-04-07 03:39:52:707 - info: [debug] [JSONWP Proxy] Proxying [POST /touch/perform] to [POST http://localhost:8212/wd/hub/session/c9d8467a-b35e-452c-9b2b-a538cab583c4/touch/perform] with body: {"startX":972,"startY":906,"endX":108,"endY":906,"steps":28}
2018-04-07 03:39:53:182 - info: [debug] [JSONWP Proxy] Got response with status 200: {"sessionId":"c9d8467a-b35e-452c-9b2b-a538cab583c4","status":0,"value":true}
2018-04-07 03:39:53:183 - info: [debug] [MJSONWP] Responding to client with driver.performTouch() result: true
2018-04-07 03:39:53:184 - info: [HTTP] <-- POST /wd/hub/session/ddf54fbb-9eca-4ff9-a8ec-77837cf77a22/touch/perform 200 481 ms - 76 
2018-04-07 03:39:53:193 - info: [HTTP] --> POST /wd/hub/session/ddf54fbb-9eca-4ff9-a8ec-77837cf77a22/element {"using":"class name","sessionId":"ddf54fbb-9eca-4ff9-a8ec-77837cf77a22","value":"android.widget.ImageView"}
2018-04-07 03:39:53:194 - info: [debug] [MJSONWP] Calling AppiumDriver.findElement() with args: ["class name","android.widget.ImageView","ddf54fbb-9eca-4ff9-a8ec-77837cf77a22"]
2018-04-07 03:39:53:196 - info: [debug] [BaseDriver] Valid locator strategies for this request: xpath, id, class name, accessibility id, -android uiautomator
2018-04-07 03:39:53:197 - info: [debug] [BaseDriver] Valid locator strategies for this request: xpath, id, class name, accessibility id, -android uiautomator
2018-04-07 03:39:53:198 - info: [debug] [BaseDriver] Waiting up to 0 ms for condition
2018-04-07 03:39:53:200 - info: [debug] [JSONWP Proxy] Proxying [POST /element] to [POST http://localhost:8212/wd/hub/session/c9d8467a-b35e-452c-9b2b-a538cab583c4/element] with body: {"strategy":"class name","selector":"android.widget.ImageView","context":"","multiple":false}
2018-04-07 03:39:53:981 - info: [debug] [JSONWP Proxy] Got response with status 200: {"sessionId":"c9d8467a-b35e-452c-9b2b-a538cab583c4","status":0,"value":{"ELEMENT":"e0215262-2713-47d8-80cd-4e52cd85b84d"}}
2018-04-07 03:39:53:982 - info: [debug] [MJSONWP] Responding to client with driver.findElement() result: {"ELEMENT":"e0215262-2713-47d8-80cd-4e52cd85b84d"}
2018-04-07 03:39:53:983 - info: [HTTP] <-- POST /wd/hub/session/ddf54fbb-9eca-4ff9-a8ec-77837cf77a22/element 200 789 ms - 122 
2018-04-07 03:39:53:988 - info: [HTTP] --> POST /wd/hub/session/ddf54fbb-9eca-4ff9-a8ec-77837cf77a22/element/e0215262-2713-47d8-80cd-4e52cd85b84d/click {"sessionId":"ddf54fbb-9eca-4ff9-a8ec-77837cf77a22","id":"e0215262-2713-47d8-80cd-4e52cd85b84d"}
2018-04-07 03:39:53:988 - info: [debug] [MJSONWP] Calling AppiumDriver.click() with args: ["e0215262-2713-47d8-80cd-4e52cd85b84d","ddf54fbb-9eca-4ff9-a8ec-77837cf77a22"]
2018-04-07 03:39:53:989 - info: [debug] [JSONWP Proxy] Proxying [POST /element/e0215262-2713-47d8-80cd-4e52cd85b84d/click] to [POST http://localhost:8212/wd/hub/session/c9d8467a-b35e-452c-9b2b-a538cab583c4/element/e0215262-2713-47d8-80cd-4e52cd85b84d/click] with body: {"element":"e0215262-2713-47d8-80cd-4e52cd85b84d"}
2018-04-07 03:39:54:019 - info: [debug] [JSONWP Proxy] Got response with status 200: {"sessionId":"c9d8467a-b35e-452c-9b2b-a538cab583c4","status":0,"value":true}
2018-04-07 03:39:54:019 - info: [debug] [MJSONWP] Responding to client with driver.click() result: true
2018-04-07 03:39:54:020 - info: [HTTP] <-- POST /wd/hub/session/ddf54fbb-9eca-4ff9-a8ec-77837cf77a22/element/e0215262-2713-47d8-80cd-4e52cd85b84d/click 200 32 ms - 76 
2018-04-07 03:39:57:026 - info: [HTTP] --> POST /wd/hub/session/ddf54fbb-9eca-4ff9-a8ec-77837cf77a22/elements {"using":"class name","sessionId":"ddf54fbb-9eca-4ff9-a8ec-77837cf77a22","value":"android.widget.EditText"}
2018-04-07 03:39:57:027 - info: [debug] [MJSONWP] Calling AppiumDriver.findElements() with args: ["class name","android.widget.EditText","ddf54fbb-9eca-4ff9-a8ec-77837cf77a22"]
2018-04-07 03:39:57:027 - info: [debug] [BaseDriver] Valid locator strategies for this request: xpath, id, class name, accessibility id, -android uiautomator
2018-04-07 03:39:57:028 - info: [debug] [BaseDriver] Valid locator strategies for this request: xpath, id, class name, accessibility id, -android uiautomator
2018-04-07 03:39:57:028 - info: [debug] [BaseDriver] Waiting up to 0 ms for condition
2018-04-07 03:39:57:028 - info: [debug] [JSONWP Proxy] Proxying [POST /elements] to [POST http://localhost:8212/wd/hub/session/c9d8467a-b35e-452c-9b2b-a538cab583c4/elements] with body: {"strategy":"class name","selector":"android.widget.EditText","context":"","multiple":true}
2018-04-07 03:39:57:067 - info: [debug] [JSONWP Proxy] Got response with status 200: {"sessionId":"c9d8467a-b35e-452c-9b2b-a538cab583c4","status":0,"value":[{"ELEMENT":"250a8098-c15e-466b-85f9-a86b10dd6a9c"},{"ELEMENT":"24438ae6-421b-48e6-a36d-10f1a3e9a2fc"}]}
2018-04-07 03:39:57:068 - info: [debug] [MJSONWP] Responding to client with driver.findElements() result: [{"ELEMENT":"250a8098-c15e-466b-85f9-a86b10dd6a9c"},{"ELEMENT":"24438ae6-421b-48e6-a36d-10f1a3e9a2fc"}]
2018-04-07 03:39:57:069 - info: [HTTP] <-- POST /wd/hub/session/ddf54fbb-9eca-4ff9-a8ec-77837cf77a22/elements 200 42 ms - 175 
2018-04-07 03:39:57:076 - info: [HTTP] --> POST /wd/hub/session/ddf54fbb-9eca-4ff9-a8ec-77837cf77a22/element/250a8098-c15e-466b-85f9-a86b10dd6a9c/value {"text":"18550903915","sessionId":"ddf54fbb-9eca-4ff9-a8ec-77837cf77a22","id":"250a8098-c15e-466b-85f9-a86b10dd6a9c","value":["1","8","5","5","0","9","0","3","9","1","5"]}
2018-04-07 03:39:57:077 - info: [debug] [MJSONWP] Calling AppiumDriver.setValue() with args: [["1","8","5","5","0","9","0","3","9","1","5"],"250a8098-c15e-466b-85f9-a86b10dd6a9c","ddf54fbb-9eca-4ff9-a8ec-77837cf77a22"]
2018-04-07 03:39:57:078 - info: [debug] [JSONWP Proxy] Proxying [POST /element/250a8098-c15e-466b-85f9-a86b10dd6a9c/value] to [POST http://localhost:8212/wd/hub/session/c9d8467a-b35e-452c-9b2b-a538cab583c4/element/250a8098-c15e-466b-85f9-a86b10dd6a9c/value] with body: {"elementId":"250a8098-c15e-466b-85f9-a86b10dd6a9c","text":"18550903915","replace":false}
2018-04-07 03:39:57:640 - info: [debug] [JSONWP Proxy] Got response with status 200: {"sessionId":"c9d8467a-b35e-452c-9b2b-a538cab583c4","status":0,"value":""}
2018-04-07 03:39:57:641 - info: [debug] [MJSONWP] Responding to client with driver.setValue() result: ""
2018-04-07 03:39:57:642 - info: [HTTP] <-- POST /wd/hub/session/ddf54fbb-9eca-4ff9-a8ec-77837cf77a22/element/250a8098-c15e-466b-85f9-a86b10dd6a9c/value 200 565 ms - 74 
2018-04-07 03:39:57:648 - info: [HTTP] --> POST /wd/hub/session/ddf54fbb-9eca-4ff9-a8ec-77837cf77a22/elements {"using":"class name","sessionId":"ddf54fbb-9eca-4ff9-a8ec-77837cf77a22","value":"android.widget.EditText"}
2018-04-07 03:39:57:648 - info: [debug] [MJSONWP] Calling AppiumDriver.findElements() with args: ["class name","android.widget.EditText","ddf54fbb-9eca-4ff9-a8ec-77837cf77a22"]
2018-04-07 03:39:57:649 - info: [debug] [BaseDriver] Valid locator strategies for this request: xpath, id, class name, accessibility id, -android uiautomator
2018-04-07 03:39:57:649 - info: [debug] [BaseDriver] Valid locator strategies for this request: xpath, id, class name, accessibility id, -android uiautomator
2018-04-07 03:39:57:649 - info: [debug] [BaseDriver] Waiting up to 0 ms for condition
2018-04-07 03:39:57:650 - info: [debug] [JSONWP Proxy] Proxying [POST /elements] to [POST http://localhost:8212/wd/hub/session/c9d8467a-b35e-452c-9b2b-a538cab583c4/elements] with body: {"strategy":"class name","selector":"android.widget.EditText","context":"","multiple":true}
2018-04-07 03:39:58:155 - info: [debug] [JSONWP Proxy] Got response with status 200: {"sessionId":"c9d8467a-b35e-452c-9b2b-a538cab583c4","status":0,"value":[{"ELEMENT":"3ca24b61-a8a2-4663-a1f7-0f89226a4c65"},{"ELEMENT":"d398df2e-8410-43c0-9ae4-87343d75d39a"}]}
2018-04-07 03:39:58:156 - info: [debug] [MJSONWP] Responding to client with driver.findElements() result: [{"ELEMENT":"3ca24b61-a8a2-4663-a1f7-0f89226a4c65"},{"ELEMENT":"d398df2e-8410-43c0-9ae4-87343d75d39a"}]
2018-04-07 03:39:58:158 - info: [HTTP] <-- POST /wd/hub/session/ddf54fbb-9eca-4ff9-a8ec-77837cf77a22/elements 200 510 ms - 175 
2018-04-07 03:39:58:163 - info: [HTTP] --> POST /wd/hub/session/ddf54fbb-9eca-4ff9-a8ec-77837cf77a22/element/d398df2e-8410-43c0-9ae4-87343d75d39a/value {"text":"qwe123","sessionId":"ddf54fbb-9eca-4ff9-a8ec-77837cf77a22","id":"d398df2e-8410-43c0-9ae4-87343d75d39a","value":["q","w","e","1","2","3"]}
2018-04-07 03:39:58:164 - info: [debug] [MJSONWP] Calling AppiumDriver.setValue() with args: [["q","w","e","1","2","3"],"d398df2e-8410-43c0-9ae4-87343d75d39a","ddf54fbb-9eca-4ff9-a8ec-77837cf77a22"]
2018-04-07 03:39:58:164 - info: [debug] [JSONWP Proxy] Proxying [POST /element/d398df2e-8410-43c0-9ae4-87343d75d39a/value] to [POST http://localhost:8212/wd/hub/session/c9d8467a-b35e-452c-9b2b-a538cab583c4/element/d398df2e-8410-43c0-9ae4-87343d75d39a/value] with body: {"elementId":"d398df2e-8410-43c0-9ae4-87343d75d39a","text":"qwe123","replace":false}
2018-04-07 03:39:58:715 - info: [debug] [JSONWP Proxy] Got response with status 200: {"sessionId":"c9d8467a-b35e-452c-9b2b-a538cab583c4","status":0,"value":""}
2018-04-07 03:39:58:716 - info: [debug] [MJSONWP] Responding to client with driver.setValue() result: ""
2018-04-07 03:39:58:717 - info: [HTTP] <-- POST /wd/hub/session/ddf54fbb-9eca-4ff9-a8ec-77837cf77a22/element/d398df2e-8410-43c0-9ae4-87343d75d39a/value 200 554 ms - 74 
2018-04-07 03:39:58:727 - info: [HTTP] --> POST /wd/hub/session/ddf54fbb-9eca-4ff9-a8ec-77837cf77a22/element {"using":"-android uiautomator","sessionId":"ddf54fbb-9eca-4ff9-a8ec-77837cf77a22","value":"new UiSelector().text(\"\")"}
2018-04-07 03:39:58:728 - info: [debug] [MJSONWP] Calling AppiumDriver.findElement() with args: ["-android uiautomator","new UiSelector().text(\"\")","ddf54fbb-9eca-4ff9-a8ec-77837cf77a22"]
2018-04-07 03:39:58:729 - info: [debug] [BaseDriver] Valid locator strategies for this request: xpath, id, class name, accessibility id, -android uiautomator
2018-04-07 03:39:58:729 - info: [debug] [BaseDriver] Valid locator strategies for this request: xpath, id, class name, accessibility id, -android uiautomator
2018-04-07 03:39:58:729 - info: [debug] [BaseDriver] Waiting up to 0 ms for condition
2018-04-07 03:39:58:730 - info: [debug] [JSONWP Proxy] Proxying [POST /element] to [POST http://localhost:8212/wd/hub/session/c9d8467a-b35e-452c-9b2b-a538cab583c4/element] with body: {"strategy":"-android uiautomator","selector":"new UiSelector().text(\"\")","context":"","multiple":false}
2018-04-07 03:39:59:242 - info: [debug] [JSONWP Proxy] Got response with status 200: {"sessionId":"c9d8467a-b35e-452c-9b2b-a538cab583c4","status":0,"value":{"ELEMENT":"d19770ef-6b29-4b2c-863a-a8d6420e2c1d"}}
2018-04-07 03:39:59:244 - info: [debug] [MJSONWP] Responding to client with driver.findElement() result: {"ELEMENT":"d19770ef-6b29-4b2c-863a-a8d6420e2c1d"}
2018-04-07 03:39:59:245 - info: [HTTP] <-- POST /wd/hub/session/ddf54fbb-9eca-4ff9-a8ec-77837cf77a22/element 200 517 ms - 122 
2018-04-07 03:39:59:251 - info: [HTTP] --> POST /wd/hub/session/ddf54fbb-9eca-4ff9-a8ec-77837cf77a22/element/d19770ef-6b29-4b2c-863a-a8d6420e2c1d/click {"sessionId":"ddf54fbb-9eca-4ff9-a8ec-77837cf77a22","id":"d19770ef-6b29-4b2c-863a-a8d6420e2c1d"}
2018-04-07 03:39:59:252 - info: [debug] [MJSONWP] Calling AppiumDriver.click() with args: ["d19770ef-6b29-4b2c-863a-a8d6420e2c1d","ddf54fbb-9eca-4ff9-a8ec-77837cf77a22"]
2018-04-07 03:39:59:252 - info: [debug] [JSONWP Proxy] Proxying [POST /element/d19770ef-6b29-4b2c-863a-a8d6420e2c1d/click] to [POST http://localhost:8212/wd/hub/session/c9d8467a-b35e-452c-9b2b-a538cab583c4/element/d19770ef-6b29-4b2c-863a-a8d6420e2c1d/click] with body: {"element":"d19770ef-6b29-4b2c-863a-a8d6420e2c1d"}
2018-04-07 03:40:01:496 - info: [debug] [JSONWP Proxy] Got response with status 200: {"sessionId":"c9d8467a-b35e-452c-9b2b-a538cab583c4","status":0,"value":true}
2018-04-07 03:40:01:497 - info: [debug] [MJSONWP] Responding to client with driver.click() result: true
2018-04-07 03:40:01:499 - info: [HTTP] <-- POST /wd/hub/session/ddf54fbb-9eca-4ff9-a8ec-77837cf77a22/element/d19770ef-6b29-4b2c-863a-a8d6420e2c1d/click 200 2246 ms - 76 
2018-04-07 03:40:01:508 - info: [HTTP] --> POST /wd/hub/session/ddf54fbb-9eca-4ff9-a8ec-77837cf77a22/element {"using":"-android uiautomator","sessionId":"ddf54fbb-9eca-4ff9-a8ec-77837cf77a22","value":"new UiSelector().description(\"plusIcon\")"}
2018-04-07 03:40:01:509 - info: [debug] [MJSONWP] Calling AppiumDriver.findElement() with args: ["-android uiautomator","new UiSelector().description(\"plusIcon\")","ddf54fbb-9eca-4ff9-a8ec-77837cf77a22"]
2018-04-07 03:40:01:510 - info: [debug] [BaseDriver] Valid locator strategies for this request: xpath, id, class name, accessibility id, -android uiautomator
2018-04-07 03:40:01:511 - info: [debug] [BaseDriver] Valid locator strategies for this request: xpath, id, class name, accessibility id, -android uiautomator
2018-04-07 03:40:01:511 - info: [debug] [BaseDriver] Waiting up to 0 ms for condition
2018-04-07 03:40:01:512 - info: [debug] [JSONWP Proxy] Proxying [POST /element] to [POST http://localhost:8212/wd/hub/session/c9d8467a-b35e-452c-9b2b-a538cab583c4/element] with body: {"strategy":"-android uiautomator","selector":"new UiSelector().description(\"plusIcon\")","context":"","multiple":false}
2018-04-07 03:40:01:710 - info: [debug] [JSONWP Proxy] Got response with status 200: {"sessionId":"c9d8467a-b35e-452c-9b2b-a538cab583c4","status":0,"value":{"ELEMENT":"42951127-8586-426e-88c8-8ce8c885a80e"}}
2018-04-07 03:40:01:711 - info: [debug] [MJSONWP] Responding to client with driver.findElement() result: {"ELEMENT":"42951127-8586-426e-88c8-8ce8c885a80e"}
2018-04-07 03:40:01:713 - info: [HTTP] <-- POST /wd/hub/session/ddf54fbb-9eca-4ff9-a8ec-77837cf77a22/element 200 204 ms - 122 
2018-04-07 03:40:01:722 - info: [HTTP] --> GET /wd/hub/session/ddf54fbb-9eca-4ff9-a8ec-77837cf77a22/element/42951127-8586-426e-88c8-8ce8c885a80e/displayed {}
2018-04-07 03:40:01:723 - info: [debug] [MJSONWP] Calling AppiumDriver.elementDisplayed() with args: ["42951127-8586-426e-88c8-8ce8c885a80e","ddf54fbb-9eca-4ff9-a8ec-77837cf77a22"]
2018-04-07 03:40:01:724 - info: [debug] [JSONWP Proxy] Proxying [GET /element/42951127-8586-426e-88c8-8ce8c885a80e/attribute/displayed] to [GET http://localhost:8212/wd/hub/session/c9d8467a-b35e-452c-9b2b-a538cab583c4/element/42951127-8586-426e-88c8-8ce8c885a80e/attribute/displayed] with body: {}
2018-04-07 03:40:01:749 - info: [debug] [JSONWP Proxy] Got response with status 200: "{\"sessionId\":\"c9d8467a-b35e-452c-9b2b-a538cab583c4\",\"status\":0,\"value\":\"true\"}"
2018-04-07 03:40:01:750 - info: [debug] [MJSONWP] Responding to client with driver.elementDisplayed() result: true
2018-04-07 03:40:01:751 - info: [HTTP] <-- GET /wd/hub/session/ddf54fbb-9eca-4ff9-a8ec-77837cf77a22/element/42951127-8586-426e-88c8-8ce8c885a80e/displayed 200 28 ms - 76 
2018-04-07 03:40:01:757 - info: [HTTP] --> POST /wd/hub/session/ddf54fbb-9eca-4ff9-a8ec-77837cf77a22/element {"using":"-android uiautomator","sessionId":"ddf54fbb-9eca-4ff9-a8ec-77837cf77a22","value":"new UiSelector().text(\"\")"}
2018-04-07 03:40:01:758 - info: [debug] [MJSONWP] Calling AppiumDriver.findElement() with args: ["-android uiautomator","new UiSelector().text(\"\")","ddf54fbb-9eca-4ff9-a8ec-77837cf77a22"]
2018-04-07 03:40:01:758 - info: [debug] [BaseDriver] Valid locator strategies for this request: xpath, id, class name, accessibility id, -android uiautomator
2018-04-07 03:40:01:759 - info: [debug] [BaseDriver] Valid locator strategies for this request: xpath, id, class name, accessibility id, -android uiautomator
2018-04-07 03:40:01:760 - info: [debug] [BaseDriver] Waiting up to 0 ms for condition
2018-04-07 03:40:01:760 - info: [debug] [JSONWP Proxy] Proxying [POST /element] to [POST http://localhost:8212/wd/hub/session/c9d8467a-b35e-452c-9b2b-a538cab583c4/element] with body: {"strategy":"-android uiautomator","selector":"new UiSelector().text(\"\")","context":"","multiple":false}
2018-04-07 03:40:01:799 - info: [debug] [JSONWP Proxy] Got response with status 200: {"sessionId":"c9d8467a-b35e-452c-9b2b-a538cab583c4","status":0,"value":{"ELEMENT":"f8f744c5-20d6-4d62-a252-27a287af08ce"}}
2018-04-07 03:40:01:800 - info: [debug] [MJSONWP] Responding to client with driver.findElement() result: {"ELEMENT":"f8f744c5-20d6-4d62-a252-27a287af08ce"}
2018-04-07 03:40:01:801 - info: [HTTP] <-- POST /wd/hub/session/ddf54fbb-9eca-4ff9-a8ec-77837cf77a22/element 200 43 ms - 122 
2018-04-07 03:40:01:805 - info: [HTTP] --> POST /wd/hub/session/ddf54fbb-9eca-4ff9-a8ec-77837cf77a22/element/f8f744c5-20d6-4d62-a252-27a287af08ce/click {"sessionId":"ddf54fbb-9eca-4ff9-a8ec-77837cf77a22","id":"f8f744c5-20d6-4d62-a252-27a287af08ce"}
2018-04-07 03:40:01:806 - info: [debug] [MJSONWP] Calling AppiumDriver.click() with args: ["f8f744c5-20d6-4d62-a252-27a287af08ce","ddf54fbb-9eca-4ff9-a8ec-77837cf77a22"]
2018-04-07 03:40:01:809 - info: [debug] [JSONWP Proxy] Proxying [POST /element/f8f744c5-20d6-4d62-a252-27a287af08ce/click] to [POST http://localhost:8212/wd/hub/session/c9d8467a-b35e-452c-9b2b-a538cab583c4/element/f8f744c5-20d6-4d62-a252-27a287af08ce/click] with body: {"element":"f8f744c5-20d6-4d62-a252-27a287af08ce"}
2018-04-07 03:40:03:140 - info: [debug] [JSONWP Proxy] Got response with status 200: {"sessionId":"c9d8467a-b35e-452c-9b2b-a538cab583c4","status":0,"value":true}
2018-04-07 03:40:03:141 - info: [debug] [MJSONWP] Responding to client with driver.click() result: true
2018-04-07 03:40:03:145 - info: [HTTP] <-- POST /wd/hub/session/ddf54fbb-9eca-4ff9-a8ec-77837cf77a22/element/f8f744c5-20d6-4d62-a252-27a287af08ce/click 200 1336 ms - 76 
2018-04-07 03:40:05:151 - info: [HTTP] --> POST /wd/hub/session/ddf54fbb-9eca-4ff9-a8ec-77837cf77a22/element {"using":"xpath","sessionId":"ddf54fbb-9eca-4ff9-a8ec-77837cf77a22","value":"//*[contains(@text,)]"}
2018-04-07 03:40:05:152 - info: [debug] [MJSONWP] Calling AppiumDriver.findElement() with args: ["xpath","//*[contains(@text,)]","ddf54fbb-9eca-4ff9-a8ec-77837cf77a22"]
2018-04-07 03:40:05:153 - info: [debug] [BaseDriver] Valid locator strategies for this request: xpath, id, class name, accessibility id, -android uiautomator
2018-04-07 03:40:05:153 - info: [debug] [BaseDriver] Valid locator strategies for this request: xpath, id, class name, accessibility id, -android uiautomator
2018-04-07 03:40:05:154 - info: [debug] [BaseDriver] Waiting up to 0 ms for condition
2018-04-07 03:40:05:154 - info: [debug] [JSONWP Proxy] Proxying [POST /element] to [POST http://localhost:8212/wd/hub/session/c9d8467a-b35e-452c-9b2b-a538cab583c4/element] with body: {"strategy":"xpath","selector":"//*[contains(@text,)]","context":"","multiple":false}
2018-04-07 03:40:05:429 - info: [debug] [JSONWP Proxy] Got response with status 200: {"sessionId":"c9d8467a-b35e-452c-9b2b-a538cab583c4","status":0,"value":{"ELEMENT":"94743682-7105-41c8-802b-287fef905d2f"}}
2018-04-07 03:40:05:429 - info: [debug] [MJSONWP] Responding to client with driver.findElement() result: {"ELEMENT":"94743682-7105-41c8-802b-287fef905d2f"}
2018-04-07 03:40:05:430 - info: [HTTP] <-- POST /wd/hub/session/ddf54fbb-9eca-4ff9-a8ec-77837cf77a22/element 200 279 ms - 122 
2018-04-07 03:40:05:435 - info: [HTTP] --> GET /wd/hub/session/ddf54fbb-9eca-4ff9-a8ec-77837cf77a22/element/94743682-7105-41c8-802b-287fef905d2f/text {}
2018-04-07 03:40:05:436 - info: [MJSONWP] Driver proxy active, passing request on via HTTP proxy
2018-04-07 03:40:05:437 - info: [debug] [JSONWP Proxy] Proxying [GET /wd/hub/session/ddf54fbb-9eca-4ff9-a8ec-77837cf77a22/element/94743682-7105-41c8-802b-287fef905d2f/text] to [GET http://localhost:8212/wd/hub/session/c9d8467a-b35e-452c-9b2b-a538cab583c4/element/94743682-7105-41c8-802b-287fef905d2f/text] with body: {}
2018-04-07 03:40:05:448 - info: [debug] [JSONWP Proxy] Got response with status 200: "{\"sessionId\":\"c9d8467a-b35e-452c-9b2b-a538cab583c4\",\"status\":0,\"value\":\"\"}"
2018-04-07 03:40:05:450 - info: [JSONWP Proxy] Replacing sessionId c9d8467a-b35e-452c-9b2b-a538cab583c4 with ddf54fbb-9eca-4ff9-a8ec-77837cf77a22
2018-04-07 03:40:05:451 - info: [HTTP] <-- GET /wd/hub/session/ddf54fbb-9eca-4ff9-a8ec-77837cf77a22/element/94743682-7105-41c8-802b-287fef905d2f/text 200 16 ms - 74 
2018-04-07 03:41:05:449 - warn: [BaseDriver] Shutting down because we waited 60 seconds for a command
2018-04-07 03:41:05:460 - info: [debug] [UiAutomator2] Deleting UiAutomator2 session
2018-04-07 03:41:05:461 - warn: [Appium] Closing session, cause was 'New Command Timeout of 60 seconds expired. Try customizing the timeout using the 'newCommandTimeout' desired capability'
2018-04-07 03:41:05:462 - info: [Appium] Removing session ddf54fbb-9eca-4ff9-a8ec-77837cf77a22 from our master session list
2018-04-07 03:41:05:462 - info: [debug] [UiAutomator2] Deleting UiAutomator2 server session
2018-04-07 03:41:05:463 - info: [debug] [JSONWP Proxy] Proxying [DELETE /] to [DELETE http://localhost:8212/wd/hub/session/c9d8467a-b35e-452c-9b2b-a538cab583c4] with no body
2018-04-07 03:41:05:524 - info: [debug] [JSONWP Proxy] Got response with status 200: "{\"sessionId\":\"c9d8467a-b35e-452c-9b2b-a538cab583c4\",\"status\":0,\"value\":\"Session deleted\"}"
2018-04-07 03:41:05:525 - info: [debug] [ADB] Getting connected devices...
2018-04-07 03:41:05:649 - info: [debug] [ADB] 1 device(s) connected
2018-04-07 03:41:05:649 - info: [debug] [ADB] Running 'D:\sdk\platform-tools\adb.exe' with args: ["-P",5037,"-s","K4Q6T16713001686","shell","am","force-stop","com.elephant.myinvoice"]
2018-04-07 03:41:06:261 - info: [debug] [UiAutomator2] [UIAutomator2] io.appium.uiautomator2.server.test.AppiumUiAutomator2Server:.
2018-04-07 03:41:06:261 - info: [debug] [UiAutomator2] [UIAutomator2] Time: 87.053
2018-04-07 03:41:06:261 - info: [debug] [UiAutomator2] [UIAutomator2] OK (1 test)
2018-04-07 03:41:06:517 - info: [debug] [Logcat] Stopping logcat capture
2018-04-07 03:41:06:533 - info: [debug] [ADB] Removing forwarded port socket connection: 8212 
2018-04-07 03:41:06:533 - info: [debug] [ADB] Running 'D:\sdk\platform-tools\adb.exe' with args: ["-P",5037,"-s","K4Q6T16713001686","forward","--remove","tcp:8212"]
