2018-04-07 05:43:12:976 - info: [Appium] Welcome to Appium v1.7.2
2018-04-07 05:43:12:978 - info: [Appium] Non-default server args:
2018-04-07 05:43:12:979 - info: [Appium]   port: 4700
2018-04-07 05:43:12:979 - info: [Appium]   bootstrapPort: 4900
2018-04-07 05:43:12:980 - info: [Appium]   sessionOverride: true
2018-04-07 05:43:12:980 - info: [Appium]   log: D:/PycharmProjects/Appium27/log/K4Q6T167130016862018-04-07-13_43_04.log
2018-04-07 05:43:12:980 - info: [Appium]   udid: K4Q6T16713001686
2018-04-07 05:43:12:980 - info: [Appium]   noReset: true
2018-04-07 05:43:12:981 - warn: [Appium] Deprecated server args:
2018-04-07 05:43:12:981 - warn: [Appium]   -U,--udid => --default-capabilities '{"udid":"K4Q6T16713001686"}'
2018-04-07 05:43:12:981 - warn: [Appium]   --no-reset => --default-capabilities '{"noReset":true}'
2018-04-07 05:43:12:981 - info: [Appium] Default capabilities, which will be added to each request unless overridden by desired capabilities:
2018-04-07 05:43:12:982 - info: [Appium]   udid: K4Q6T16713001686
2018-04-07 05:43:12:982 - info: [Appium]   noReset: true
2018-04-07 05:43:13:013 - info: [Appium] Appium REST http interface listener started on 0.0.0.0:4700
2018-04-07 05:43:26:190 - info: [HTTP] --> POST /wd/hub/session {"capabilities":{"alwaysMatch":{"platformName":"Android"},"firstMatch":[{}]},"desiredCapabilities":{"deviceName":"K4Q6T16713001686","unicodeKeyboard":true,"automationName":"uiautomator2","resetKeyboard":true,"platformName":"Android","app":"../apk/wdfp.apk"}}
2018-04-07 05:43:26:193 - info: [debug] [MJSONWP] Calling AppiumDriver.createSession() with args: [{"deviceName":"K4Q6T16713001686","unicodeKeyboard":true,"automationName":"uiautomator2","resetKeyboard":true,"platformName":"Android","app":"../apk/wdfp.apk"},null,{"alwaysMatch":{"platformName":"Android"},"firstMatch":[{}]}]
2018-04-07 05:43:26:195 - info: [debug] [BaseDriver] Event 'newSessionRequested' logged at 1523079806195 (13:43:26 GMT+0800 (China Standard Time))
2018-04-07 05:43:26:197 - info: [Appium] Merged W3C capabilities {"alwaysMatch":{"platformName":"Android"},"firs... into desiredCapabilities object {"deviceName":"K4Q6T16713001686","unicodeKeyboa...
2018-04-07 05:43:26:200 - info: [Appium] Creating new AndroidUiautomator2Driver (v0.11.0) session
2018-04-07 05:43:26:201 - info: [Appium] Capabilities:
2018-04-07 05:43:26:201 - info: [Appium]   deviceName: K4Q6T16713001686
2018-04-07 05:43:26:201 - info: [Appium]   unicodeKeyboard: true
2018-04-07 05:43:26:201 - info: [Appium]   automationName: uiautomator2
2018-04-07 05:43:26:201 - info: [Appium]   resetKeyboard: true
2018-04-07 05:43:26:202 - info: [Appium]   platformName: Android
2018-04-07 05:43:26:202 - info: [Appium]   app: ../apk/wdfp.apk
2018-04-07 05:43:26:202 - info: [Appium]   udid: K4Q6T16713001686
2018-04-07 05:43:26:202 - info: [Appium]   noReset: true
2018-04-07 05:43:26:216 - info: [BaseDriver] Session created with session id: 60fbdf27-0b71-4876-a6b8-1d597894f2dc
2018-04-07 05:43:26:217 - info: [BaseDriver] Using local app '../apk/wdfp.apk'
2018-04-07 05:43:26:244 - info: [debug] [UiAutomator2] Checking whether app is actually present
2018-04-07 05:43:26:680 - info: [debug] [AndroidDriver] Getting Java version
2018-04-07 05:43:27:023 - info: [AndroidDriver] Java version is: 1.8.0_151
2018-04-07 05:43:27:026 - info: [ADB] Checking whether adb is present
2018-04-07 05:43:27:030 - info: [ADB] Using adb.exe from D:\sdk\platform-tools\adb.exe
2018-04-07 05:43:27:030 - info: [AndroidDriver] Retrieving device list
2018-04-07 05:43:27:032 - info: [debug] [ADB] Trying to find a connected android device
2018-04-07 05:43:27:033 - info: [debug] [ADB] Getting connected devices...
2018-04-07 05:43:27:143 - info: [debug] [ADB] 1 device(s) connected
2018-04-07 05:43:27:143 - info: [AndroidDriver] Using device: K4Q6T16713001686
2018-04-07 05:43:27:145 - info: [ADB] Checking whether adb is present
2018-04-07 05:43:27:145 - info: [debug] [ADB] Setting device id to K4Q6T16713001686
2018-04-07 05:43:27:147 - info: [debug] [ADB] Getting connected devices...
2018-04-07 05:43:27:281 - info: [debug] [ADB] 1 device(s) connected
2018-04-07 05:43:27:285 - info: [debug] [ADB] Running 'D:\sdk\platform-tools\adb.exe' with args: ["-P",5037,"-s","K4Q6T16713001686","shell","getprop","ro.build.version.sdk"]
2018-04-07 05:43:27:411 - info: [debug] [ADB] Current device property 'ro.build.version.sdk': 24
2018-04-07 05:43:27:411 - info: [debug] [ADB] Device API level: 24
2018-04-07 05:43:27:412 - info: [debug] [AndroidDriver] Parsing package and activity from app manifest
2018-04-07 05:43:27:413 - info: [ADB] Checking whether aapt is present
2018-04-07 05:43:27:416 - info: [ADB] Using aapt.exe from D:\sdk\tools\aapt.exe
2018-04-07 05:43:27:416 - info: [ADB] Extracting package and launch activity from manifest
2018-04-07 05:43:27:530 - info: [debug] [ADB] badging package: com.elephant.myinvoice
2018-04-07 05:43:27:530 - info: [debug] [ADB] badging act: com.elephant.myinvoice.MainActivity
2018-04-07 05:43:27:530 - info: [debug] [AndroidDriver] Parsed package and activity are: com.elephant.myinvoice/com.elephant.myinvoice.MainActivity
2018-04-07 05:43:27:531 - info: [ADB] Getting device platform version
2018-04-07 05:43:27:531 - info: [debug] [ADB] Getting connected devices...
2018-04-07 05:43:27:611 - info: [debug] [ADB] 1 device(s) connected
2018-04-07 05:43:27:612 - info: [debug] [ADB] Running 'D:\sdk\platform-tools\adb.exe' with args: ["-P",5037,"-s","K4Q6T16713001686","shell","getprop","ro.build.version.release"]
2018-04-07 05:43:27:754 - info: [debug] [ADB] Current device property 'ro.build.version.release': 7.0
2018-04-07 05:43:27:755 - info: [debug] [ADB] Getting connected devices...
2018-04-07 05:43:27:849 - info: [debug] [ADB] 1 device(s) connected
2018-04-07 05:43:27:850 - info: [debug] [ADB] Running 'D:\sdk\platform-tools\adb.exe' with args: ["-P",5037,"-s","K4Q6T16713001686","shell","wm","size"]
2018-04-07 05:43:28:567 - info: [debug] [ADB] Getting connected devices...
2018-04-07 05:43:28:636 - info: [debug] [ADB] 1 device(s) connected
2018-04-07 05:43:28:637 - info: [debug] [ADB] Running 'D:\sdk\platform-tools\adb.exe' with args: ["-P",5037,"-s","K4Q6T16713001686","shell","wm","density"]
2018-04-07 05:43:29:352 - info: [debug] [ADB] Getting connected devices...
2018-04-07 05:43:29:434 - info: [debug] [ADB] 1 device(s) connected
2018-04-07 05:43:29:435 - info: [debug] [ADB] Running 'D:\sdk\platform-tools\adb.exe' with args: ["-P",5037,"-s","K4Q6T16713001686","shell","getprop","ro.product.model"]
2018-04-07 05:43:29:533 - info: [debug] [ADB] Current device property 'ro.product.model': NEM-AL10
2018-04-07 05:43:29:534 - info: [debug] [ADB] Getting connected devices...
2018-04-07 05:43:29:626 - info: [debug] [ADB] 1 device(s) connected
2018-04-07 05:43:29:626 - info: [debug] [ADB] Running 'D:\sdk\platform-tools\adb.exe' with args: ["-P",5037,"-s","K4Q6T16713001686","shell","getprop","ro.product.manufacturer"]
2018-04-07 05:43:29:742 - info: [debug] [ADB] Current device property 'ro.product.manufacturer': HUAWEI
2018-04-07 05:43:29:744 - info: [debug] [ADB] Getting connected devices...
2018-04-07 05:43:29:817 - info: [debug] [ADB] 1 device(s) connected
2018-04-07 05:43:29:817 - info: [debug] [ADB] Running 'D:\sdk\platform-tools\adb.exe' with args: ["-P",5037,"-s","K4Q6T16713001686","shell","am","force-stop","io.appium.uiautomator2.server"]
2018-04-07 05:43:30:541 - info: [ADB] Checking whether aapt is present
2018-04-07 05:43:30:596 - info: [debug] [ADB] Getting install status for io.appium.uiautomator2.server
2018-04-07 05:43:30:597 - info: [debug] [ADB] Getting connected devices...
2018-04-07 05:43:30:700 - info: [debug] [ADB] 1 device(s) connected
2018-04-07 05:43:30:701 - info: [debug] [ADB] Running 'D:\sdk\platform-tools\adb.exe' with args: ["-P",5037,"-s","K4Q6T16713001686","shell","pm","list","packages","io.appium.uiautomator2.server"]
2018-04-07 05:43:31:411 - info: [debug] [ADB] App is installed
2018-04-07 05:43:31:412 - info: [debug] [ADB] Getting install status for io.appium.uiautomator2.server.test
2018-04-07 05:43:31:412 - info: [debug] [ADB] Getting connected devices...
2018-04-07 05:43:31:506 - info: [debug] [ADB] 1 device(s) connected
2018-04-07 05:43:31:506 - info: [debug] [ADB] Running 'D:\sdk\platform-tools\adb.exe' with args: ["-P",5037,"-s","K4Q6T16713001686","shell","pm","list","packages","io.appium.uiautomator2.server.test"]
2018-04-07 05:43:32:229 - info: [debug] [ADB] App is installed
2018-04-07 05:43:32:230 - info: [debug] [ADB] Getting package info for io.appium.uiautomator2.server
2018-04-07 05:43:32:230 - info: [debug] [ADB] Getting connected devices...
2018-04-07 05:43:32:323 - info: [debug] [ADB] 1 device(s) connected
2018-04-07 05:43:32:323 - info: [debug] [ADB] Running 'D:\sdk\platform-tools\adb.exe' with args: ["-P",5037,"-s","K4Q6T16713001686","shell","dumpsys","package","io.appium.uiautomator2.server"]
2018-04-07 05:43:32:455 - info: [debug] [UiAutomator2] Waiting up to 20000ms for instrumentation 'io.appium.uiautomator2.server.test/android.support.test.runner.AndroidJUnitRunner' to be available
2018-04-07 05:43:32:456 - info: [debug] [ADB] Getting connected devices...
2018-04-07 05:43:32:554 - info: [debug] [ADB] 1 device(s) connected
2018-04-07 05:43:32:555 - info: [debug] [ADB] Running 'D:\sdk\platform-tools\adb.exe' with args: ["-P",5037,"-s","K4Q6T16713001686","shell","pm","list","instrumentation"]
2018-04-07 05:43:33:262 - info: [debug] [UiAutomator2] Instrumentation 'io.appium.uiautomator2.server.test/android.support.test.runner.AndroidJUnitRunner' available
2018-04-07 05:43:33:264 - info: [debug] [ADB] Running 'D:\sdk\platform-tools\adb.exe' with args: ["-P",5037,"-s","K4Q6T16713001686","wait-for-device"]
2018-04-07 05:43:33:465 - info: [debug] [ADB] Getting connected devices...
2018-04-07 05:43:33:566 - info: [debug] [ADB] 1 device(s) connected
2018-04-07 05:43:33:567 - info: [debug] [ADB] Running 'D:\sdk\platform-tools\adb.exe' with args: ["-P",5037,"-s","K4Q6T16713001686","shell","echo","ping"]
2018-04-07 05:43:33:654 - warn: [AndroidDriver] setDeviceLanguageCountry requires language or country.
2018-04-07 05:43:33:654 - warn: [AndroidDriver] Got language: 'null' and country: 'null'
2018-04-07 05:43:33:657 - info: [debug] [Logcat] Starting logcat capture
2018-04-07 05:43:33:858 - info: [debug] [AndroidDriver] Enabling Unicode keyboard support
2018-04-07 05:43:33:859 - info: [debug] [AndroidDriver] Pushing unicode ime to device...
2018-04-07 05:43:33:859 - info: [debug] [ADB] Running 'D:\sdk\platform-tools\adb.exe' with args: ["-P",5037,"-s","K4Q6T16713001686","install","C:\\Users\\Myron.Guo\\AppData\\Roaming\\npm\\node_modules\\appium\\node_modules\\appium-android-ime\\bin\\UnicodeIME-debug.apk"]
2018-04-07 05:43:35:318 - info: [debug] [ADB] Getting connected devices...
2018-04-07 05:43:35:422 - info: [debug] [ADB] 1 device(s) connected
2018-04-07 05:43:35:422 - info: [debug] [ADB] Running 'D:\sdk\platform-tools\adb.exe' with args: ["-P",5037,"-s","K4Q6T16713001686","shell","settings","get","secure","default_input_method"]
2018-04-07 05:43:36:120 - info: [debug] [AndroidDriver] Unsetting previous IME io.appium.android.ime/.UnicodeIME
2018-04-07 05:43:36:120 - info: [debug] [AndroidDriver] Setting IME to 'io.appium.android.ime/.UnicodeIME'
2018-04-07 05:43:36:121 - info: [debug] [ADB] Getting connected devices...
2018-04-07 05:43:36:194 - info: [debug] [ADB] 1 device(s) connected
2018-04-07 05:43:36:194 - info: [debug] [ADB] Running 'D:\sdk\platform-tools\adb.exe' with args: ["-P",5037,"-s","K4Q6T16713001686","shell","ime","enable","io.appium.android.ime/.UnicodeIME"]
2018-04-07 05:43:36:905 - info: [debug] [ADB] Getting connected devices...
2018-04-07 05:43:36:996 - info: [debug] [ADB] 1 device(s) connected
2018-04-07 05:43:36:997 - info: [debug] [ADB] Running 'D:\sdk\platform-tools\adb.exe' with args: ["-P",5037,"-s","K4Q6T16713001686","shell","ime","set","io.appium.android.ime/.UnicodeIME"]
2018-04-07 05:43:37:693 - info: [debug] [AndroidDriver] Pushing settings apk to device...
2018-04-07 05:43:37:694 - info: [debug] [ADB] Getting install status for io.appium.settings
2018-04-07 05:43:37:694 - info: [debug] [ADB] Getting connected devices...
2018-04-07 05:43:37:789 - info: [debug] [ADB] 1 device(s) connected
2018-04-07 05:43:37:789 - info: [debug] [ADB] Running 'D:\sdk\platform-tools\adb.exe' with args: ["-P",5037,"-s","K4Q6T16713001686","shell","pm","list","packages","io.appium.settings"]
2018-04-07 05:43:38:506 - info: [debug] [ADB] App is installed
2018-04-07 05:43:38:506 - info: [debug] [ADB] Getting package info for io.appium.settings
2018-04-07 05:43:38:506 - info: [debug] [ADB] Getting connected devices...
2018-04-07 05:43:38:576 - info: [debug] [ADB] 1 device(s) connected
2018-04-07 05:43:38:577 - info: [debug] [ADB] Running 'D:\sdk\platform-tools\adb.exe' with args: ["-P",5037,"-s","K4Q6T16713001686","shell","dumpsys","package","io.appium.settings"]
2018-04-07 05:43:38:704 - info: [ADB] Checking whether aapt is present
2018-04-07 05:43:38:860 - info: [debug] [ADB] The installed 'io.appium.settings' package does not require upgrade (5 >= 5)
2018-04-07 05:43:38:862 - info: [debug] [ADB] Device API level: 24
2018-04-07 05:43:38:863 - info: [debug] [ADB] Getting connected devices...
2018-04-07 05:43:38:947 - info: [debug] [ADB] 1 device(s) connected
2018-04-07 05:43:38:947 - info: [debug] [ADB] Running 'D:\sdk\platform-tools\adb.exe' with args: ["-P",5037,"-s","K4Q6T16713001686","shell","dumpsys","package","io.appium.settings"]
2018-04-07 05:43:39:080 - info: [debug] [ADB] Getting connected devices...
2018-04-07 05:43:39:173 - info: [debug] [ADB] 1 device(s) connected
2018-04-07 05:43:39:173 - info: [debug] [ADB] Running 'D:\sdk\platform-tools\adb.exe' with args: ["-P",5037,"-s","K4Q6T16713001686","shell","pm","dump","io.appium.settings"]
2018-04-07 05:43:40:317 - info: [debug] [ADB] Got the following command chunks to execute: pm,grant,io.appium.settings,android.permission.WRITE_SETTINGS,;,pm,grant,io.appium.settings,android.permission.ACCESS_MOCK_LOCATION,;
2018-04-07 05:43:40:317 - info: [debug] [ADB] Getting connected devices...
2018-04-07 05:43:40:404 - info: [debug] [ADB] 1 device(s) connected
2018-04-07 05:43:40:405 - info: [debug] [ADB] Running 'D:\sdk\platform-tools\adb.exe' with args: ["-P",5037,"-s","K4Q6T16713001686","shell","pm","grant","io.appium.settings","android.permission.WRITE_SETTINGS",";","pm","grant","io.appium.settings","android.permission.ACCESS_MOCK_LOCATION",";"]
2018-04-07 05:43:41:726 - info: [debug] [ADB] Getting connected devices...
2018-04-07 05:43:41:828 - info: [debug] [ADB] 1 device(s) connected
2018-04-07 05:43:41:828 - info: [debug] [ADB] Running 'D:\sdk\platform-tools\adb.exe' with args: ["-P",5037,"-s","K4Q6T16713001686","shell","ps"]
2018-04-07 05:43:41:982 - info: [debug] [ADB] Device API level: 24
2018-04-07 05:43:41:983 - info: [debug] [ADB] Getting connected devices...
2018-04-07 05:43:42:071 - info: [debug] [ADB] 1 device(s) connected
2018-04-07 05:43:42:071 - info: [debug] [ADB] Running 'D:\sdk\platform-tools\adb.exe' with args: ["-P",5037,"-s","K4Q6T16713001686","shell","appops","set","io.appium.settings","android:mock_location","allow"]
2018-04-07 05:43:42:197 - info: [debug] [AndroidDriver] Pushing unlock helper app to device...
2018-04-07 05:43:42:198 - info: [debug] [ADB] Getting install status for io.appium.unlock
2018-04-07 05:43:42:198 - info: [debug] [ADB] Getting connected devices...
2018-04-07 05:43:42:311 - info: [debug] [ADB] 1 device(s) connected
2018-04-07 05:43:42:312 - info: [debug] [ADB] Running 'D:\sdk\platform-tools\adb.exe' with args: ["-P",5037,"-s","K4Q6T16713001686","shell","pm","list","packages","io.appium.unlock"]
2018-04-07 05:43:43:069 - info: [debug] [ADB] App is installed
2018-04-07 05:43:43:069 - info: [debug] [ADB] Getting package info for io.appium.unlock
2018-04-07 05:43:43:070 - info: [debug] [ADB] Getting connected devices...
2018-04-07 05:43:43:157 - info: [debug] [ADB] 1 device(s) connected
2018-04-07 05:43:43:158 - info: [debug] [ADB] Running 'D:\sdk\platform-tools\adb.exe' with args: ["-P",5037,"-s","K4Q6T16713001686","shell","dumpsys","package","io.appium.unlock"]
2018-04-07 05:43:43:270 - info: [ADB] Checking whether aapt is present
2018-04-07 05:43:43:399 - info: [debug] [ADB] The installed 'io.appium.unlock' package does not require upgrade (2 >= 2)
2018-04-07 05:43:43:399 - info: [debug] [UiAutomator2] Forwarding UiAutomator2 Server port 6790 to 8216
2018-04-07 05:43:43:400 - info: [debug] [ADB] Forwarding system: 8216 to device: 6790
2018-04-07 05:43:43:400 - info: [debug] [ADB] Running 'D:\sdk\platform-tools\adb.exe' with args: ["-P",5037,"-s","K4Q6T16713001686","forward","tcp:8216","tcp:6790"]
2018-04-07 05:43:43:585 - info: [debug] [ADB] Getting connected devices...
2018-04-07 05:43:43:717 - info: [debug] [ADB] 1 device(s) connected
2018-04-07 05:43:43:717 - info: [debug] [ADB] Running 'D:\sdk\platform-tools\adb.exe' with args: ["-P",5037,"-s","K4Q6T16713001686","shell","dumpsys","window"]
2018-04-07 05:43:43:843 - info: [AndroidDriver] Screen already unlocked, doing nothing
2018-04-07 05:43:43:844 - info: [debug] [AndroidDriver] Extracting strings from apk ../apk/wdfp.apk null C:\Users\Myron.Guo\AppData\Local\Temp\com.elephant.myinvoice
2018-04-07 05:43:43:845 - info: [debug] [ADB] Extracting strings for language: default
2018-04-07 05:43:43:845 - info: [debug] [ADB] Device API level: 24
2018-04-07 05:43:43:846 - info: [debug] [ADB] Getting connected devices...
2018-04-07 05:43:43:963 - info: [debug] [ADB] 1 device(s) connected
2018-04-07 05:43:43:963 - info: [debug] [ADB] Running 'D:\sdk\platform-tools\adb.exe' with args: ["-P",5037,"-s","K4Q6T16713001686","shell","getprop","persist.sys.locale"]
2018-04-07 05:43:44:067 - info: [debug] [ADB] Current device property 'persist.sys.locale': zh-CN
2018-04-07 05:43:45:657 - info: [debug] [ADB] Reading strings from converted strings.json
2018-04-07 05:43:45:660 - info: [debug] [ADB] Running 'D:\sdk\platform-tools\adb.exe' with args: ["-P",5037,"-s","K4Q6T16713001686","push","C:\\Users\\Myron.Guo\\AppData\\Local\\Temp\\com.elephant.myinvoice\\strings.json","/data/local/tmp"]
2018-04-07 05:43:45:975 - info: [debug] [ADB] Checking app cert for ../apk/wdfp.apk
2018-04-07 05:43:45:978 - warn: [ADB] Cannot use apksigner tool for signature verification. Defaulting to verify.jar. Original error: Could not find apksigner.bat in D:\sdk\platform-tools\apksigner.bat,D:\sdk\emulator\apksigner.bat,D:\sdk\tools\apksigner.bat,D:\sdk\tools\bin\apksigner.bat,D:\sdk\build-tools\android-4.3\apksigner.bat, or supported build-tools under D:\sdk do you have the Android SDK installed at this location?
2018-04-07 05:43:47:600 - info: [debug] [ADB] '../apk/wdfp.apk' is already signed.
2018-04-07 05:43:47:875 - info: [AndroidDriver] Remote apk path is /data/local/tmp/4a9053f45d358d0242a66992e1a83312.apk
2018-04-07 05:43:47:876 - info: [debug] [ADB] Getting connected devices...
2018-04-07 05:43:48:022 - info: [debug] [ADB] 1 device(s) connected
2018-04-07 05:43:48:022 - info: [debug] [ADB] Running 'D:\sdk\platform-tools\adb.exe' with args: ["-P",5037,"-s","K4Q6T16713001686","shell","ls","/data/local/tmp/4a9053f45d358d0242a66992e1a83312.apk"]
2018-04-07 05:43:48:149 - info: [debug] [AndroidDriver] Checking if app is installed
2018-04-07 05:43:48:149 - info: [debug] [ADB] Getting install status for com.elephant.myinvoice
2018-04-07 05:43:48:149 - info: [debug] [ADB] Getting connected devices...
2018-04-07 05:43:48:241 - info: [debug] [ADB] 1 device(s) connected
2018-04-07 05:43:48:241 - info: [debug] [ADB] Running 'D:\sdk\platform-tools\adb.exe' with args: ["-P",5037,"-s","K4Q6T16713001686","shell","pm","list","packages","com.elephant.myinvoice"]
2018-04-07 05:43:48:962 - info: [debug] [ADB] App is not installed
2018-04-07 05:43:48:963 - info: [AndroidDriver] Apk is not yet installed
2018-04-07 05:43:48:963 - info: [AndroidDriver] installing apk from remote
2018-04-07 05:43:48:963 - info: [debug] [ADB] Getting connected devices...
2018-04-07 05:43:49:034 - info: [debug] [ADB] 1 device(s) connected
2018-04-07 05:43:49:035 - info: [debug] [ADB] Running 'D:\sdk\platform-tools\adb.exe' with args: ["-P",5037,"-s","K4Q6T16713001686","shell","mkdir","-p","/data/local/tmp"]
2018-04-07 05:43:49:148 - info: [AndroidDriver] Clearing out any existing remote apks with the same hash
2018-04-07 05:43:49:149 - info: [debug] [AndroidDriver] Removing any old apks
2018-04-07 05:43:49:149 - info: [debug] [AndroidDriver] Except ["4a9053f45d358d0242a66992e1a83312"]
2018-04-07 05:43:49:149 - info: [debug] [ADB] Getting connected devices...
2018-04-07 05:43:49:264 - info: [debug] [ADB] 1 device(s) connected
2018-04-07 05:43:49:264 - info: [debug] [ADB] Running 'D:\sdk\platform-tools\adb.exe' with args: ["-P",5037,"-s","K4Q6T16713001686","shell","ls","/data/local/tmp/*.apk"]
2018-04-07 05:43:49:377 - info: [debug] [ADB] Uninstalling com.elephant.myinvoice
2018-04-07 05:43:49:377 - info: [debug] [ADB] Getting install status for com.elephant.myinvoice
2018-04-07 05:43:49:377 - info: [debug] [ADB] Getting connected devices...
2018-04-07 05:43:49:461 - info: [debug] [ADB] 1 device(s) connected
2018-04-07 05:43:49:461 - info: [debug] [ADB] Running 'D:\sdk\platform-tools\adb.exe' with args: ["-P",5037,"-s","K4Q6T16713001686","shell","pm","list","packages","com.elephant.myinvoice"]
2018-04-07 05:43:50:158 - info: [debug] [ADB] App is not installed
2018-04-07 05:43:50:158 - info: [ADB] com.elephant.myinvoice was not uninstalled, because it was not present on the device
2018-04-07 05:43:50:159 - info: [debug] [ADB] Getting connected devices...
2018-04-07 05:43:50:242 - info: [debug] [ADB] 1 device(s) connected
2018-04-07 05:43:50:242 - info: [debug] [ADB] Running 'D:\sdk\platform-tools\adb.exe' with args: ["-P",5037,"-s","K4Q6T16713001686","shell","pm","install","-r","/data/local/tmp/4a9053f45d358d0242a66992e1a83312.apk"]
2018-04-07 05:43:54:914 - info: [debug] [ADB] Getting connected devices...
2018-04-07 05:43:54:991 - info: [debug] [ADB] 1 device(s) connected
2018-04-07 05:43:54:991 - info: [debug] [ADB] Running 'D:\sdk\platform-tools\adb.exe' with args: ["-P",5037,"-s","K4Q6T16713001686","shell","am","force-stop","io.appium.uiautomator2.server"]
2018-04-07 05:43:55:936 - info: [UiAutomator2] Starting uiautomator2 server v0.3.0
2018-04-07 05:43:55:939 - info: [UiAutomator2] Running command: 'adb -s K4Q6T16713001686 shell am instrument -w io.appium.uiautomator2.server.test/android.support.test.runner.AndroidJUnitRunner'
2018-04-07 05:43:55:942 - info: [UiAutomator2] Waiting up to 20000ms for UiAutomator2 to be online...
2018-04-07 05:43:55:945 - info: [debug] [JSONWP Proxy] Proxying [GET /status] to [GET http://localhost:8216/wd/hub/status] with no body
2018-04-07 05:43:56:983 - info: [debug] [JSONWP Proxy] Proxying [GET /status] to [GET http://localhost:8216/wd/hub/status] with no body
2018-04-07 05:43:57:992 - info: [debug] [JSONWP Proxy] Proxying [GET /status] to [GET http://localhost:8216/wd/hub/status] with no body
2018-04-07 05:43:59:004 - info: [debug] [JSONWP Proxy] Proxying [GET /status] to [GET http://localhost:8216/wd/hub/status] with no body
2018-04-07 05:43:59:026 - info: [debug] [JSONWP Proxy] Got response with status 200: "{\"sessionId\":\"SESSIONID\",\"status\":0,\"value\":\"Status Invoked\"}"
2018-04-07 05:43:59:027 - info: [debug] [JSONWP Proxy] Proxying [POST /session] to [POST http://localhost:8216/wd/hub/session] with body: {"desiredCapabilities":{"platform":"LINUX","webStorageEnabled":false,"takesScreenshot":true,"javascriptEnabled":true,"databaseEnabled":false,"networkConnectionEnabled":true,"locationContextEnabled":false,"warnings":{},"desired":{"deviceName":"K4Q6T16713001686","unicodeKeyboard":true,"automationName":"uiautomator2","resetKeyboard":true,"platformName":"Android","app":"../apk/wdfp.apk","udid":"K4Q6T16713001686","noReset":true},"deviceName":"K4Q6T16713001686","unicodeKeyboard":true,"automationName":"uiautomator2","resetKeyboard":true,"platformName":"Android","app":"../apk/wdfp.apk","udid":"K4Q6T16713001686","noReset":true,"deviceUDID":"K4Q6T16713001686","platformVersion":"7.0","deviceScreenSize":"1080x1920","deviceScreenDensity":480,"deviceModel":"NEM-AL10","deviceManufacturer":"HUAWEI","appPackage":"com.elephant.myinvoice"}}
2018-04-07 05:43:59:041 - info: [debug] [JSONWP Proxy] Got response with status 200: {"sessionId":"55d8f4c8-e51a-4a56-82dd-81c0a98b1010","status":0,"value":"Created Session"}
2018-04-07 05:43:59:042 - info: [UiAutomator2] UiAutomator2 did not start the activity we were waiting for, 'com.elephant.myinvoice/com.elephant.myinvoice.MainActivity'. Starting it ourselves
2018-04-07 05:43:59:043 - info: [debug] [ADB] Device API level: 24
2018-04-07 05:43:59:044 - info: [debug] [ADB] Getting connected devices...
2018-04-07 05:43:59:120 - info: [debug] [ADB] 1 device(s) connected
2018-04-07 05:43:59:121 - info: [debug] [ADB] Running 'D:\sdk\platform-tools\adb.exe' with args: ["-P",5037,"-s","K4Q6T16713001686","shell","am","start","-W","-n","com.elephant.myinvoice/com.elephant.myinvoice.MainActivity","-S","-a","android.intent.action.MAIN","-c","android.intent.category.LAUNCHER","-f","0x10200000"]
2018-04-07 05:44:01:041 - info: [debug] [ADB] Waiting up to 20000ms for activity matching pkg: 'com.elephant.myinvoice' and activity: 'com.elephant.myinvoice.MainActivity' to be focused
2018-04-07 05:44:01:042 - info: [debug] [ADB] Possible activities, to be checked: 'com.elephant.myinvoice.MainActivity'
2018-04-07 05:44:01:044 - info: [debug] [ADB] Getting focused package and activity
2018-04-07 05:44:01:044 - info: [debug] [ADB] Getting connected devices...
2018-04-07 05:44:01:124 - info: [debug] [ADB] 1 device(s) connected
2018-04-07 05:44:01:125 - info: [debug] [ADB] Running 'D:\sdk\platform-tools\adb.exe' with args: ["-P",5037,"-s","K4Q6T16713001686","shell","dumpsys","window","windows"]
2018-04-07 05:44:01:237 - info: [debug] [ADB] Found package: 'com.elephant.myinvoice' and fully qualified activity name : 'com.elephant.myinvoice.MainActivity'
2018-04-07 05:44:01:239 - info: [Appium] New AndroidUiautomator2Driver session created successfully, session 60fbdf27-0b71-4876-a6b8-1d597894f2dc added to master session list
2018-04-07 05:44:01:241 - info: [debug] [BaseDriver] Event 'newSessionStarted' logged at 1523079841240 (13:44:01 GMT+0800 (China Standard Time))
2018-04-07 05:44:01:241 - info: [debug] [MJSONWP] Responding to client with driver.createSession() result: {"deviceName":"K4Q6T16713001686","unicodeKeyboard":true,"automationName":"uiautomator2","resetKeyboard":true,"platformName":"Android","app":"../apk/wdfp.apk","udid":"K4Q6T16713001686","noReset":true}
2018-04-07 05:44:01:246 - info: [HTTP] <-- POST /wd/hub/session 200 35054 ms - 271 
2018-04-07 05:44:03:262 - info: [HTTP] --> GET /wd/hub/session/60fbdf27-0b71-4876-a6b8-1d597894f2dc/window/current/size {}
2018-04-07 05:44:03:267 - info: [MJSONWP] Driver proxy active, passing request on via HTTP proxy
2018-04-07 05:44:03:269 - info: [debug] [JSONWP Proxy] Proxying [GET /wd/hub/session/60fbdf27-0b71-4876-a6b8-1d597894f2dc/window/current/size] to [GET http://localhost:8216/wd/hub/session/55d8f4c8-e51a-4a56-82dd-81c0a98b1010/window/current/size] with body: {}
2018-04-07 05:44:03:290 - info: [debug] [JSONWP Proxy] Got response with status 200: "{\"sessionId\":\"55d8f4c8-e51a-4a56-82dd-81c0a98b1010\",\"status\":0,\"value\":{\"height\":1812,\"width\":1080}}"
2018-04-07 05:44:03:291 - info: [JSONWP Proxy] Replacing sessionId 55d8f4c8-e51a-4a56-82dd-81c0a98b1010 with 60fbdf27-0b71-4876-a6b8-1d597894f2dc
2018-04-07 05:44:03:293 - info: [HTTP] <-- GET /wd/hub/session/60fbdf27-0b71-4876-a6b8-1d597894f2dc/window/current/size 200 30 ms - 100 
2018-04-07 05:44:03:298 - info: [HTTP] --> GET /wd/hub/session/60fbdf27-0b71-4876-a6b8-1d597894f2dc/window/current/size {}
2018-04-07 05:44:03:299 - info: [MJSONWP] Driver proxy active, passing request on via HTTP proxy
2018-04-07 05:44:03:300 - info: [debug] [JSONWP Proxy] Proxying [GET /wd/hub/session/60fbdf27-0b71-4876-a6b8-1d597894f2dc/window/current/size] to [GET http://localhost:8216/wd/hub/session/55d8f4c8-e51a-4a56-82dd-81c0a98b1010/window/current/size] with body: {}
2018-04-07 05:44:03:316 - info: [debug] [JSONWP Proxy] Got response with status 200: "{\"sessionId\":\"55d8f4c8-e51a-4a56-82dd-81c0a98b1010\",\"status\":0,\"value\":{\"height\":1812,\"width\":1080}}"
2018-04-07 05:44:03:317 - info: [JSONWP Proxy] Replacing sessionId 55d8f4c8-e51a-4a56-82dd-81c0a98b1010 with 60fbdf27-0b71-4876-a6b8-1d597894f2dc
2018-04-07 05:44:03:318 - info: [HTTP] <-- GET /wd/hub/session/60fbdf27-0b71-4876-a6b8-1d597894f2dc/window/current/size 200 19 ms - 100 
2018-04-07 05:44:03:322 - info: [HTTP] --> POST /wd/hub/session/60fbdf27-0b71-4876-a6b8-1d597894f2dc/touch/perform {"sessionId":"60fbdf27-0b71-4876-a6b8-1d597894f2dc","actions":[{"action":"press","options":{"y":1629,"x":540}},{"action":"wait","options":{"ms":2000}},{"action":"moveTo","options":{"y":181,"x":540}},{"action":"release","options":{}}]}
2018-04-07 05:44:03:324 - info: [debug] [MJSONWP] Calling AppiumDriver.performTouch() with args: [[{"action":"press","options":{"y":1629,"x":540}},{"action":"wait","options":{"ms":2000}},{"action":"moveTo","options":{"y":181,"x":540}},{"action":"release","options":{}}],"60fbdf27-0b71-4876-a6b8-1d597894f2dc"]
2018-04-07 05:44:03:328 - info: [debug] [JSONWP Proxy] Proxying [POST /touch/perform] to [POST http://localhost:8216/wd/hub/session/55d8f4c8-e51a-4a56-82dd-81c0a98b1010/touch/perform] with body: {"startX":540,"startY":1629,"endX":540,"endY":181,"steps":56}
2018-04-07 05:44:04:288 - info: [debug] [JSONWP Proxy] Got response with status 200: {"sessionId":"55d8f4c8-e51a-4a56-82dd-81c0a98b1010","status":0,"value":true}
2018-04-07 05:44:04:289 - info: [debug] [MJSONWP] Responding to client with driver.performTouch() result: true
2018-04-07 05:44:04:291 - info: [HTTP] <-- POST /wd/hub/session/60fbdf27-0b71-4876-a6b8-1d597894f2dc/touch/perform 200 969 ms - 76 
2018-04-07 05:44:05:294 - info: [HTTP] --> GET /wd/hub/session/60fbdf27-0b71-4876-a6b8-1d597894f2dc/window/current/size {}
2018-04-07 05:44:05:297 - info: [MJSONWP] Driver proxy active, passing request on via HTTP proxy
2018-04-07 05:44:05:297 - info: [debug] [JSONWP Proxy] Proxying [GET /wd/hub/session/60fbdf27-0b71-4876-a6b8-1d597894f2dc/window/current/size] to [GET http://localhost:8216/wd/hub/session/55d8f4c8-e51a-4a56-82dd-81c0a98b1010/window/current/size] with body: {}
2018-04-07 05:44:05:309 - info: [debug] [JSONWP Proxy] Got response with status 200: "{\"sessionId\":\"55d8f4c8-e51a-4a56-82dd-81c0a98b1010\",\"status\":0,\"value\":{\"height\":1812,\"width\":1080}}"
2018-04-07 05:44:05:309 - info: [JSONWP Proxy] Replacing sessionId 55d8f4c8-e51a-4a56-82dd-81c0a98b1010 with 60fbdf27-0b71-4876-a6b8-1d597894f2dc
2018-04-07 05:44:05:311 - info: [HTTP] <-- GET /wd/hub/session/60fbdf27-0b71-4876-a6b8-1d597894f2dc/window/current/size 200 17 ms - 100 
2018-04-07 05:44:05:314 - info: [HTTP] --> GET /wd/hub/session/60fbdf27-0b71-4876-a6b8-1d597894f2dc/window/current/size {}
2018-04-07 05:44:05:315 - info: [MJSONWP] Driver proxy active, passing request on via HTTP proxy
2018-04-07 05:44:05:316 - info: [debug] [JSONWP Proxy] Proxying [GET /wd/hub/session/60fbdf27-0b71-4876-a6b8-1d597894f2dc/window/current/size] to [GET http://localhost:8216/wd/hub/session/55d8f4c8-e51a-4a56-82dd-81c0a98b1010/window/current/size] with body: {}
2018-04-07 05:44:05:327 - info: [debug] [JSONWP Proxy] Got response with status 200: "{\"sessionId\":\"55d8f4c8-e51a-4a56-82dd-81c0a98b1010\",\"status\":0,\"value\":{\"height\":1812,\"width\":1080}}"
2018-04-07 05:44:05:328 - info: [JSONWP Proxy] Replacing sessionId 55d8f4c8-e51a-4a56-82dd-81c0a98b1010 with 60fbdf27-0b71-4876-a6b8-1d597894f2dc
2018-04-07 05:44:05:329 - info: [HTTP] <-- GET /wd/hub/session/60fbdf27-0b71-4876-a6b8-1d597894f2dc/window/current/size 200 14 ms - 100 
2018-04-07 05:44:05:332 - info: [HTTP] --> POST /wd/hub/session/60fbdf27-0b71-4876-a6b8-1d597894f2dc/touch/perform {"sessionId":"60fbdf27-0b71-4876-a6b8-1d597894f2dc","actions":[{"action":"press","options":{"y":906,"x":972}},{"action":"wait","options":{"ms":1000}},{"action":"moveTo","options":{"y":906,"x":108}},{"action":"release","options":{}}]}
2018-04-07 05:44:05:332 - info: [debug] [MJSONWP] Calling AppiumDriver.performTouch() with args: [[{"action":"press","options":{"y":906,"x":972}},{"action":"wait","options":{"ms":1000}},{"action":"moveTo","options":{"y":906,"x":108}},{"action":"release","options":{}}],"60fbdf27-0b71-4876-a6b8-1d597894f2dc"]
2018-04-07 05:44:05:335 - info: [debug] [JSONWP Proxy] Proxying [POST /touch/perform] to [POST http://localhost:8216/wd/hub/session/55d8f4c8-e51a-4a56-82dd-81c0a98b1010/touch/perform] with body: {"startX":972,"startY":906,"endX":108,"endY":906,"steps":28}
2018-04-07 05:44:05:816 - info: [debug] [JSONWP Proxy] Got response with status 200: {"sessionId":"55d8f4c8-e51a-4a56-82dd-81c0a98b1010","status":0,"value":true}
2018-04-07 05:44:05:817 - info: [debug] [MJSONWP] Responding to client with driver.performTouch() result: true
2018-04-07 05:44:05:820 - info: [HTTP] <-- POST /wd/hub/session/60fbdf27-0b71-4876-a6b8-1d597894f2dc/touch/perform 200 486 ms - 76 
2018-04-07 05:44:06:835 - info: [HTTP] --> GET /wd/hub/session/60fbdf27-0b71-4876-a6b8-1d597894f2dc/window/current/size {}
2018-04-07 05:44:06:837 - info: [MJSONWP] Driver proxy active, passing request on via HTTP proxy
2018-04-07 05:44:06:838 - info: [debug] [JSONWP Proxy] Proxying [GET /wd/hub/session/60fbdf27-0b71-4876-a6b8-1d597894f2dc/window/current/size] to [GET http://localhost:8216/wd/hub/session/55d8f4c8-e51a-4a56-82dd-81c0a98b1010/window/current/size] with body: {}
2018-04-07 05:44:06:855 - info: [debug] [JSONWP Proxy] Got response with status 200: "{\"sessionId\":\"55d8f4c8-e51a-4a56-82dd-81c0a98b1010\",\"status\":0,\"value\":{\"height\":1812,\"width\":1080}}"
2018-04-07 05:44:06:855 - info: [JSONWP Proxy] Replacing sessionId 55d8f4c8-e51a-4a56-82dd-81c0a98b1010 with 60fbdf27-0b71-4876-a6b8-1d597894f2dc
2018-04-07 05:44:06:856 - info: [HTTP] <-- GET /wd/hub/session/60fbdf27-0b71-4876-a6b8-1d597894f2dc/window/current/size 200 21 ms - 100 
2018-04-07 05:44:06:861 - info: [HTTP] --> GET /wd/hub/session/60fbdf27-0b71-4876-a6b8-1d597894f2dc/window/current/size {}
2018-04-07 05:44:06:862 - info: [MJSONWP] Driver proxy active, passing request on via HTTP proxy
2018-04-07 05:44:06:864 - info: [debug] [JSONWP Proxy] Proxying [GET /wd/hub/session/60fbdf27-0b71-4876-a6b8-1d597894f2dc/window/current/size] to [GET http://localhost:8216/wd/hub/session/55d8f4c8-e51a-4a56-82dd-81c0a98b1010/window/current/size] with body: {}
2018-04-07 05:44:06:878 - info: [debug] [JSONWP Proxy] Got response with status 200: "{\"sessionId\":\"55d8f4c8-e51a-4a56-82dd-81c0a98b1010\",\"status\":0,\"value\":{\"height\":1812,\"width\":1080}}"
2018-04-07 05:44:06:879 - info: [JSONWP Proxy] Replacing sessionId 55d8f4c8-e51a-4a56-82dd-81c0a98b1010 with 60fbdf27-0b71-4876-a6b8-1d597894f2dc
2018-04-07 05:44:06:880 - info: [HTTP] <-- GET /wd/hub/session/60fbdf27-0b71-4876-a6b8-1d597894f2dc/window/current/size 200 18 ms - 100 
2018-04-07 05:44:06:883 - info: [HTTP] --> POST /wd/hub/session/60fbdf27-0b71-4876-a6b8-1d597894f2dc/touch/perform {"sessionId":"60fbdf27-0b71-4876-a6b8-1d597894f2dc","actions":[{"action":"press","options":{"y":906,"x":972}},{"action":"wait","options":{"ms":1000}},{"action":"moveTo","options":{"y":906,"x":108}},{"action":"release","options":{}}]}
2018-04-07 05:44:06:883 - info: [debug] [MJSONWP] Calling AppiumDriver.performTouch() with args: [[{"action":"press","options":{"y":906,"x":972}},{"action":"wait","options":{"ms":1000}},{"action":"moveTo","options":{"y":906,"x":108}},{"action":"release","options":{}}],"60fbdf27-0b71-4876-a6b8-1d597894f2dc"]
2018-04-07 05:44:06:885 - info: [debug] [JSONWP Proxy] Proxying [POST /touch/perform] to [POST http://localhost:8216/wd/hub/session/55d8f4c8-e51a-4a56-82dd-81c0a98b1010/touch/perform] with body: {"startX":972,"startY":906,"endX":108,"endY":906,"steps":28}
2018-04-07 05:44:07:355 - info: [debug] [JSONWP Proxy] Got response with status 200: {"sessionId":"55d8f4c8-e51a-4a56-82dd-81c0a98b1010","status":0,"value":true}
2018-04-07 05:44:07:356 - info: [debug] [MJSONWP] Responding to client with driver.performTouch() result: true
2018-04-07 05:44:07:357 - info: [HTTP] <-- POST /wd/hub/session/60fbdf27-0b71-4876-a6b8-1d597894f2dc/touch/perform 200 474 ms - 76 
2018-04-07 05:44:08:359 - info: [HTTP] --> GET /wd/hub/session/60fbdf27-0b71-4876-a6b8-1d597894f2dc/window/current/size {}
2018-04-07 05:44:08:360 - info: [MJSONWP] Driver proxy active, passing request on via HTTP proxy
2018-04-07 05:44:08:361 - info: [debug] [JSONWP Proxy] Proxying [GET /wd/hub/session/60fbdf27-0b71-4876-a6b8-1d597894f2dc/window/current/size] to [GET http://localhost:8216/wd/hub/session/55d8f4c8-e51a-4a56-82dd-81c0a98b1010/window/current/size] with body: {}
2018-04-07 05:44:08:388 - info: [debug] [JSONWP Proxy] Got response with status 200: "{\"sessionId\":\"55d8f4c8-e51a-4a56-82dd-81c0a98b1010\",\"status\":0,\"value\":{\"height\":1812,\"width\":1080}}"
2018-04-07 05:44:08:389 - info: [JSONWP Proxy] Replacing sessionId 55d8f4c8-e51a-4a56-82dd-81c0a98b1010 with 60fbdf27-0b71-4876-a6b8-1d597894f2dc
2018-04-07 05:44:08:390 - info: [HTTP] <-- GET /wd/hub/session/60fbdf27-0b71-4876-a6b8-1d597894f2dc/window/current/size 200 30 ms - 100 
2018-04-07 05:44:08:405 - info: [HTTP] --> GET /wd/hub/session/60fbdf27-0b71-4876-a6b8-1d597894f2dc/window/current/size {}
2018-04-07 05:44:08:406 - info: [MJSONWP] Driver proxy active, passing request on via HTTP proxy
2018-04-07 05:44:08:407 - info: [debug] [JSONWP Proxy] Proxying [GET /wd/hub/session/60fbdf27-0b71-4876-a6b8-1d597894f2dc/window/current/size] to [GET http://localhost:8216/wd/hub/session/55d8f4c8-e51a-4a56-82dd-81c0a98b1010/window/current/size] with body: {}
2018-04-07 05:44:08:483 - info: [debug] [JSONWP Proxy] Got response with status 200: "{\"sessionId\":\"55d8f4c8-e51a-4a56-82dd-81c0a98b1010\",\"status\":0,\"value\":{\"height\":1812,\"width\":1080}}"
2018-04-07 05:44:08:484 - info: [JSONWP Proxy] Replacing sessionId 55d8f4c8-e51a-4a56-82dd-81c0a98b1010 with 60fbdf27-0b71-4876-a6b8-1d597894f2dc
2018-04-07 05:44:08:485 - info: [HTTP] <-- GET /wd/hub/session/60fbdf27-0b71-4876-a6b8-1d597894f2dc/window/current/size 200 79 ms - 100 
2018-04-07 05:44:08:489 - info: [HTTP] --> POST /wd/hub/session/60fbdf27-0b71-4876-a6b8-1d597894f2dc/touch/perform {"sessionId":"60fbdf27-0b71-4876-a6b8-1d597894f2dc","actions":[{"action":"press","options":{"y":906,"x":972}},{"action":"wait","options":{"ms":1000}},{"action":"moveTo","options":{"y":906,"x":108}},{"action":"release","options":{}}]}
2018-04-07 05:44:08:489 - info: [debug] [MJSONWP] Calling AppiumDriver.performTouch() with args: [[{"action":"press","options":{"y":906,"x":972}},{"action":"wait","options":{"ms":1000}},{"action":"moveTo","options":{"y":906,"x":108}},{"action":"release","options":{}}],"60fbdf27-0b71-4876-a6b8-1d597894f2dc"]
2018-04-07 05:44:08:492 - info: [debug] [JSONWP Proxy] Proxying [POST /touch/perform] to [POST http://localhost:8216/wd/hub/session/55d8f4c8-e51a-4a56-82dd-81c0a98b1010/touch/perform] with body: {"startX":972,"startY":906,"endX":108,"endY":906,"steps":28}
2018-04-07 05:44:08:985 - info: [debug] [JSONWP Proxy] Got response with status 200: {"sessionId":"55d8f4c8-e51a-4a56-82dd-81c0a98b1010","status":0,"value":true}
2018-04-07 05:44:08:986 - info: [debug] [MJSONWP] Responding to client with driver.performTouch() result: true
2018-04-07 05:44:08:987 - info: [HTTP] <-- POST /wd/hub/session/60fbdf27-0b71-4876-a6b8-1d597894f2dc/touch/perform 200 498 ms - 76 
2018-04-07 05:44:09:990 - info: [HTTP] --> GET /wd/hub/session/60fbdf27-0b71-4876-a6b8-1d597894f2dc/window/current/size {}
2018-04-07 05:44:09:991 - info: [MJSONWP] Driver proxy active, passing request on via HTTP proxy
2018-04-07 05:44:09:992 - info: [debug] [JSONWP Proxy] Proxying [GET /wd/hub/session/60fbdf27-0b71-4876-a6b8-1d597894f2dc/window/current/size] to [GET http://localhost:8216/wd/hub/session/55d8f4c8-e51a-4a56-82dd-81c0a98b1010/window/current/size] with body: {}
2018-04-07 05:44:10:005 - info: [debug] [JSONWP Proxy] Got response with status 200: "{\"sessionId\":\"55d8f4c8-e51a-4a56-82dd-81c0a98b1010\",\"status\":0,\"value\":{\"height\":1812,\"width\":1080}}"
2018-04-07 05:44:10:005 - info: [JSONWP Proxy] Replacing sessionId 55d8f4c8-e51a-4a56-82dd-81c0a98b1010 with 60fbdf27-0b71-4876-a6b8-1d597894f2dc
2018-04-07 05:44:10:006 - info: [HTTP] <-- GET /wd/hub/session/60fbdf27-0b71-4876-a6b8-1d597894f2dc/window/current/size 200 16 ms - 100 
2018-04-07 05:44:10:010 - info: [HTTP] --> GET /wd/hub/session/60fbdf27-0b71-4876-a6b8-1d597894f2dc/window/current/size {}
2018-04-07 05:44:10:010 - info: [MJSONWP] Driver proxy active, passing request on via HTTP proxy
2018-04-07 05:44:10:011 - info: [debug] [JSONWP Proxy] Proxying [GET /wd/hub/session/60fbdf27-0b71-4876-a6b8-1d597894f2dc/window/current/size] to [GET http://localhost:8216/wd/hub/session/55d8f4c8-e51a-4a56-82dd-81c0a98b1010/window/current/size] with body: {}
2018-04-07 05:44:10:024 - info: [debug] [JSONWP Proxy] Got response with status 200: "{\"sessionId\":\"55d8f4c8-e51a-4a56-82dd-81c0a98b1010\",\"status\":0,\"value\":{\"height\":1812,\"width\":1080}}"
2018-04-07 05:44:10:024 - info: [JSONWP Proxy] Replacing sessionId 55d8f4c8-e51a-4a56-82dd-81c0a98b1010 with 60fbdf27-0b71-4876-a6b8-1d597894f2dc
2018-04-07 05:44:10:025 - info: [HTTP] <-- GET /wd/hub/session/60fbdf27-0b71-4876-a6b8-1d597894f2dc/window/current/size 200 15 ms - 100 
2018-04-07 05:44:10:028 - info: [HTTP] --> POST /wd/hub/session/60fbdf27-0b71-4876-a6b8-1d597894f2dc/touch/perform {"sessionId":"60fbdf27-0b71-4876-a6b8-1d597894f2dc","actions":[{"action":"press","options":{"y":906,"x":972}},{"action":"wait","options":{"ms":1000}},{"action":"moveTo","options":{"y":906,"x":108}},{"action":"release","options":{}}]}
2018-04-07 05:44:10:029 - info: [debug] [MJSONWP] Calling AppiumDriver.performTouch() with args: [[{"action":"press","options":{"y":906,"x":972}},{"action":"wait","options":{"ms":1000}},{"action":"moveTo","options":{"y":906,"x":108}},{"action":"release","options":{}}],"60fbdf27-0b71-4876-a6b8-1d597894f2dc"]
2018-04-07 05:44:10:030 - info: [debug] [JSONWP Proxy] Proxying [POST /touch/perform] to [POST http://localhost:8216/wd/hub/session/55d8f4c8-e51a-4a56-82dd-81c0a98b1010/touch/perform] with body: {"startX":972,"startY":906,"endX":108,"endY":906,"steps":28}
2018-04-07 05:44:10:504 - info: [debug] [JSONWP Proxy] Got response with status 200: {"sessionId":"55d8f4c8-e51a-4a56-82dd-81c0a98b1010","status":0,"value":true}
2018-04-07 05:44:10:505 - info: [debug] [MJSONWP] Responding to client with driver.performTouch() result: true
2018-04-07 05:44:10:505 - info: [HTTP] <-- POST /wd/hub/session/60fbdf27-0b71-4876-a6b8-1d597894f2dc/touch/perform 200 477 ms - 76 
2018-04-07 05:44:10:510 - info: [HTTP] --> POST /wd/hub/session/60fbdf27-0b71-4876-a6b8-1d597894f2dc/element {"using":"class name","sessionId":"60fbdf27-0b71-4876-a6b8-1d597894f2dc","value":"android.widget.ImageView"}
2018-04-07 05:44:10:511 - info: [debug] [MJSONWP] Calling AppiumDriver.findElement() with args: ["class name","android.widget.ImageView","60fbdf27-0b71-4876-a6b8-1d597894f2dc"]
2018-04-07 05:44:10:512 - info: [debug] [BaseDriver] Valid locator strategies for this request: xpath, id, class name, accessibility id, -android uiautomator
2018-04-07 05:44:10:513 - info: [debug] [BaseDriver] Valid locator strategies for this request: xpath, id, class name, accessibility id, -android uiautomator
2018-04-07 05:44:10:513 - info: [debug] [BaseDriver] Waiting up to 0 ms for condition
2018-04-07 05:44:10:515 - info: [debug] [JSONWP Proxy] Proxying [POST /element] to [POST http://localhost:8216/wd/hub/session/55d8f4c8-e51a-4a56-82dd-81c0a98b1010/element] with body: {"strategy":"class name","selector":"android.widget.ImageView","context":"","multiple":false}
2018-04-07 05:44:11:324 - info: [debug] [JSONWP Proxy] Got response with status 200: {"sessionId":"55d8f4c8-e51a-4a56-82dd-81c0a98b1010","status":0,"value":{"ELEMENT":"11e480b5-6575-4696-b8f1-dbbc02e4ea1b"}}
2018-04-07 05:44:11:326 - info: [debug] [MJSONWP] Responding to client with driver.findElement() result: {"ELEMENT":"11e480b5-6575-4696-b8f1-dbbc02e4ea1b"}
2018-04-07 05:44:11:327 - info: [HTTP] <-- POST /wd/hub/session/60fbdf27-0b71-4876-a6b8-1d597894f2dc/element 200 817 ms - 122 
2018-04-07 05:44:11:330 - info: [HTTP] --> POST /wd/hub/session/60fbdf27-0b71-4876-a6b8-1d597894f2dc/element/11e480b5-6575-4696-b8f1-dbbc02e4ea1b/click {"sessionId":"60fbdf27-0b71-4876-a6b8-1d597894f2dc","id":"11e480b5-6575-4696-b8f1-dbbc02e4ea1b"}
2018-04-07 05:44:11:331 - info: [debug] [MJSONWP] Calling AppiumDriver.click() with args: ["11e480b5-6575-4696-b8f1-dbbc02e4ea1b","60fbdf27-0b71-4876-a6b8-1d597894f2dc"]
2018-04-07 05:44:11:332 - info: [debug] [JSONWP Proxy] Proxying [POST /element/11e480b5-6575-4696-b8f1-dbbc02e4ea1b/click] to [POST http://localhost:8216/wd/hub/session/55d8f4c8-e51a-4a56-82dd-81c0a98b1010/element/11e480b5-6575-4696-b8f1-dbbc02e4ea1b/click] with body: {"element":"11e480b5-6575-4696-b8f1-dbbc02e4ea1b"}
2018-04-07 05:44:11:364 - info: [debug] [JSONWP Proxy] Got response with status 200: {"sessionId":"55d8f4c8-e51a-4a56-82dd-81c0a98b1010","status":0,"value":true}
2018-04-07 05:44:11:365 - info: [debug] [MJSONWP] Responding to client with driver.click() result: true
2018-04-07 05:44:11:366 - info: [HTTP] <-- POST /wd/hub/session/60fbdf27-0b71-4876-a6b8-1d597894f2dc/element/11e480b5-6575-4696-b8f1-dbbc02e4ea1b/click 200 35 ms - 76 
2018-04-07 05:44:14:371 - info: [HTTP] --> POST /wd/hub/session/60fbdf27-0b71-4876-a6b8-1d597894f2dc/elements {"using":"class name","sessionId":"60fbdf27-0b71-4876-a6b8-1d597894f2dc","value":"android.widget.EditText"}
2018-04-07 05:44:14:371 - info: [debug] [MJSONWP] Calling AppiumDriver.findElements() with args: ["class name","android.widget.EditText","60fbdf27-0b71-4876-a6b8-1d597894f2dc"]
2018-04-07 05:44:14:372 - info: [debug] [BaseDriver] Valid locator strategies for this request: xpath, id, class name, accessibility id, -android uiautomator
2018-04-07 05:44:14:373 - info: [debug] [BaseDriver] Valid locator strategies for this request: xpath, id, class name, accessibility id, -android uiautomator
2018-04-07 05:44:14:373 - info: [debug] [BaseDriver] Waiting up to 0 ms for condition
2018-04-07 05:44:14:375 - info: [debug] [JSONWP Proxy] Proxying [POST /elements] to [POST http://localhost:8216/wd/hub/session/55d8f4c8-e51a-4a56-82dd-81c0a98b1010/elements] with body: {"strategy":"class name","selector":"android.widget.EditText","context":"","multiple":true}
2018-04-07 05:44:14:401 - info: [debug] [JSONWP Proxy] Got response with status 200: {"sessionId":"55d8f4c8-e51a-4a56-82dd-81c0a98b1010","status":0,"value":[{"ELEMENT":"c4081fdf-7611-4025-aba2-c4a5806d7f8e"},{"ELEMENT":"1a43f86c-2fac-4e59-bb61-f4e6a67d4c96"}]}
2018-04-07 05:44:14:402 - info: [debug] [MJSONWP] Responding to client with driver.findElements() result: [{"ELEMENT":"c4081fdf-7611-4025-aba2-c4a5806d7f8e"},{"ELEMENT":"1a43f86c-2fac-4e59-bb61-f4e6a67d4c96"}]
2018-04-07 05:44:14:403 - info: [HTTP] <-- POST /wd/hub/session/60fbdf27-0b71-4876-a6b8-1d597894f2dc/elements 200 31 ms - 175 
2018-04-07 05:44:14:406 - info: [HTTP] --> POST /wd/hub/session/60fbdf27-0b71-4876-a6b8-1d597894f2dc/element/c4081fdf-7611-4025-aba2-c4a5806d7f8e/value {"text":"18550903915","sessionId":"60fbdf27-0b71-4876-a6b8-1d597894f2dc","id":"c4081fdf-7611-4025-aba2-c4a5806d7f8e","value":["1","8","5","5","0","9","0","3","9","1","5"]}
2018-04-07 05:44:14:407 - info: [debug] [MJSONWP] Calling AppiumDriver.setValue() with args: [["1","8","5","5","0","9","0","3","9","1","5"],"c4081fdf-7611-4025-aba2-c4a5806d7f8e","60fbdf27-0b71-4876-a6b8-1d597894f2dc"]
2018-04-07 05:44:14:408 - info: [debug] [JSONWP Proxy] Proxying [POST /element/c4081fdf-7611-4025-aba2-c4a5806d7f8e/value] to [POST http://localhost:8216/wd/hub/session/55d8f4c8-e51a-4a56-82dd-81c0a98b1010/element/c4081fdf-7611-4025-aba2-c4a5806d7f8e/value] with body: {"elementId":"c4081fdf-7611-4025-aba2-c4a5806d7f8e","text":"18550903915","replace":false,"unicodeKeyboard":true}
2018-04-07 05:44:14:970 - info: [debug] [JSONWP Proxy] Got response with status 200: {"sessionId":"55d8f4c8-e51a-4a56-82dd-81c0a98b1010","status":0,"value":""}
2018-04-07 05:44:14:971 - info: [debug] [MJSONWP] Responding to client with driver.setValue() result: ""
2018-04-07 05:44:14:972 - info: [HTTP] <-- POST /wd/hub/session/60fbdf27-0b71-4876-a6b8-1d597894f2dc/element/c4081fdf-7611-4025-aba2-c4a5806d7f8e/value 200 565 ms - 74 
2018-04-07 05:44:14:976 - info: [HTTP] --> POST /wd/hub/session/60fbdf27-0b71-4876-a6b8-1d597894f2dc/elements {"using":"class name","sessionId":"60fbdf27-0b71-4876-a6b8-1d597894f2dc","value":"android.widget.EditText"}
2018-04-07 05:44:14:976 - info: [debug] [MJSONWP] Calling AppiumDriver.findElements() with args: ["class name","android.widget.EditText","60fbdf27-0b71-4876-a6b8-1d597894f2dc"]
2018-04-07 05:44:14:978 - info: [debug] [BaseDriver] Valid locator strategies for this request: xpath, id, class name, accessibility id, -android uiautomator
2018-04-07 05:44:14:978 - info: [debug] [BaseDriver] Valid locator strategies for this request: xpath, id, class name, accessibility id, -android uiautomator
2018-04-07 05:44:14:978 - info: [debug] [BaseDriver] Waiting up to 0 ms for condition
2018-04-07 05:44:14:979 - info: [debug] [JSONWP Proxy] Proxying [POST /elements] to [POST http://localhost:8216/wd/hub/session/55d8f4c8-e51a-4a56-82dd-81c0a98b1010/elements] with body: {"strategy":"class name","selector":"android.widget.EditText","context":"","multiple":true}
2018-04-07 05:44:15:484 - info: [debug] [JSONWP Proxy] Got response with status 200: {"sessionId":"55d8f4c8-e51a-4a56-82dd-81c0a98b1010","status":0,"value":[{"ELEMENT":"b0989e33-937e-4ea3-8224-ba3c78d39b94"},{"ELEMENT":"583a6e92-0606-42e1-a26f-37bb7548c2e7"}]}
2018-04-07 05:44:15:485 - info: [debug] [MJSONWP] Responding to client with driver.findElements() result: [{"ELEMENT":"b0989e33-937e-4ea3-8224-ba3c78d39b94"},{"ELEMENT":"583a6e92-0606-42e1-a26f-37bb7548c2e7"}]
2018-04-07 05:44:15:486 - info: [HTTP] <-- POST /wd/hub/session/60fbdf27-0b71-4876-a6b8-1d597894f2dc/elements 200 509 ms - 175 
2018-04-07 05:44:15:490 - info: [HTTP] --> POST /wd/hub/session/60fbdf27-0b71-4876-a6b8-1d597894f2dc/element/583a6e92-0606-42e1-a26f-37bb7548c2e7/value {"text":"qwe123","sessionId":"60fbdf27-0b71-4876-a6b8-1d597894f2dc","id":"583a6e92-0606-42e1-a26f-37bb7548c2e7","value":["q","w","e","1","2","3"]}
2018-04-07 05:44:15:490 - info: [debug] [MJSONWP] Calling AppiumDriver.setValue() with args: [["q","w","e","1","2","3"],"583a6e92-0606-42e1-a26f-37bb7548c2e7","60fbdf27-0b71-4876-a6b8-1d597894f2dc"]
2018-04-07 05:44:15:491 - info: [debug] [JSONWP Proxy] Proxying [POST /element/583a6e92-0606-42e1-a26f-37bb7548c2e7/value] to [POST http://localhost:8216/wd/hub/session/55d8f4c8-e51a-4a56-82dd-81c0a98b1010/element/583a6e92-0606-42e1-a26f-37bb7548c2e7/value] with body: {"elementId":"583a6e92-0606-42e1-a26f-37bb7548c2e7","text":"qwe123","replace":false,"unicodeKeyboard":true}
2018-04-07 05:44:16:048 - info: [debug] [JSONWP Proxy] Got response with status 200: {"sessionId":"55d8f4c8-e51a-4a56-82dd-81c0a98b1010","status":0,"value":""}
2018-04-07 05:44:16:049 - info: [debug] [MJSONWP] Responding to client with driver.setValue() result: ""
2018-04-07 05:44:16:050 - info: [HTTP] <-- POST /wd/hub/session/60fbdf27-0b71-4876-a6b8-1d597894f2dc/element/583a6e92-0606-42e1-a26f-37bb7548c2e7/value 200 560 ms - 74 
2018-04-07 05:44:16:054 - info: [HTTP] --> POST /wd/hub/session/60fbdf27-0b71-4876-a6b8-1d597894f2dc/element {"using":"-android uiautomator","sessionId":"60fbdf27-0b71-4876-a6b8-1d597894f2dc","value":"new UiSelector().text(\"\")"}
2018-04-07 05:44:16:056 - info: [debug] [MJSONWP] Calling AppiumDriver.findElement() with args: ["-android uiautomator","new UiSelector().text(\"\")","60fbdf27-0b71-4876-a6b8-1d597894f2dc"]
2018-04-07 05:44:16:057 - info: [debug] [BaseDriver] Valid locator strategies for this request: xpath, id, class name, accessibility id, -android uiautomator
2018-04-07 05:44:16:057 - info: [debug] [BaseDriver] Valid locator strategies for this request: xpath, id, class name, accessibility id, -android uiautomator
2018-04-07 05:44:16:057 - info: [debug] [BaseDriver] Waiting up to 0 ms for condition
2018-04-07 05:44:16:058 - info: [debug] [JSONWP Proxy] Proxying [POST /element] to [POST http://localhost:8216/wd/hub/session/55d8f4c8-e51a-4a56-82dd-81c0a98b1010/element] with body: {"strategy":"-android uiautomator","selector":"new UiSelector().text(\"\")","context":"","multiple":false}
2018-04-07 05:44:16:565 - info: [debug] [JSONWP Proxy] Got response with status 200: {"sessionId":"55d8f4c8-e51a-4a56-82dd-81c0a98b1010","status":0,"value":{"ELEMENT":"30771b42-5a8f-4c46-b1c3-8cd529383f75"}}
2018-04-07 05:44:16:566 - info: [debug] [MJSONWP] Responding to client with driver.findElement() result: {"ELEMENT":"30771b42-5a8f-4c46-b1c3-8cd529383f75"}
2018-04-07 05:44:16:567 - info: [HTTP] <-- POST /wd/hub/session/60fbdf27-0b71-4876-a6b8-1d597894f2dc/element 200 513 ms - 122 
2018-04-07 05:44:16:570 - info: [HTTP] --> POST /wd/hub/session/60fbdf27-0b71-4876-a6b8-1d597894f2dc/element/30771b42-5a8f-4c46-b1c3-8cd529383f75/click {"sessionId":"60fbdf27-0b71-4876-a6b8-1d597894f2dc","id":"30771b42-5a8f-4c46-b1c3-8cd529383f75"}
2018-04-07 05:44:16:571 - info: [debug] [MJSONWP] Calling AppiumDriver.click() with args: ["30771b42-5a8f-4c46-b1c3-8cd529383f75","60fbdf27-0b71-4876-a6b8-1d597894f2dc"]
2018-04-07 05:44:16:571 - info: [debug] [JSONWP Proxy] Proxying [POST /element/30771b42-5a8f-4c46-b1c3-8cd529383f75/click] to [POST http://localhost:8216/wd/hub/session/55d8f4c8-e51a-4a56-82dd-81c0a98b1010/element/30771b42-5a8f-4c46-b1c3-8cd529383f75/click] with body: {"element":"30771b42-5a8f-4c46-b1c3-8cd529383f75"}
2018-04-07 05:44:18:655 - info: [debug] [JSONWP Proxy] Got response with status 200: {"sessionId":"55d8f4c8-e51a-4a56-82dd-81c0a98b1010","status":0,"value":true}
2018-04-07 05:44:18:656 - info: [debug] [MJSONWP] Responding to client with driver.click() result: true
2018-04-07 05:44:18:658 - info: [HTTP] <-- POST /wd/hub/session/60fbdf27-0b71-4876-a6b8-1d597894f2dc/element/30771b42-5a8f-4c46-b1c3-8cd529383f75/click 200 2086 ms - 76 
2018-04-07 05:44:18:662 - info: [HTTP] --> POST /wd/hub/session/60fbdf27-0b71-4876-a6b8-1d597894f2dc/element {"using":"-android uiautomator","sessionId":"60fbdf27-0b71-4876-a6b8-1d597894f2dc","value":"new UiSelector().description(\"plusIcon\")"}
2018-04-07 05:44:18:663 - info: [debug] [MJSONWP] Calling AppiumDriver.findElement() with args: ["-android uiautomator","new UiSelector().description(\"plusIcon\")","60fbdf27-0b71-4876-a6b8-1d597894f2dc"]
2018-04-07 05:44:18:664 - info: [debug] [BaseDriver] Valid locator strategies for this request: xpath, id, class name, accessibility id, -android uiautomator
2018-04-07 05:44:18:664 - info: [debug] [BaseDriver] Valid locator strategies for this request: xpath, id, class name, accessibility id, -android uiautomator
2018-04-07 05:44:18:664 - info: [debug] [BaseDriver] Waiting up to 0 ms for condition
2018-04-07 05:44:18:664 - info: [debug] [JSONWP Proxy] Proxying [POST /element] to [POST http://localhost:8216/wd/hub/session/55d8f4c8-e51a-4a56-82dd-81c0a98b1010/element] with body: {"strategy":"-android uiautomator","selector":"new UiSelector().description(\"plusIcon\")","context":"","multiple":false}
2018-04-07 05:44:18:899 - info: [debug] [JSONWP Proxy] Got response with status 200: {"sessionId":"55d8f4c8-e51a-4a56-82dd-81c0a98b1010","status":0,"value":{"ELEMENT":"9a107d6d-658e-4980-af80-41d311ebfadf"}}
2018-04-07 05:44:18:900 - info: [debug] [MJSONWP] Responding to client with driver.findElement() result: {"ELEMENT":"9a107d6d-658e-4980-af80-41d311ebfadf"}
2018-04-07 05:44:18:901 - info: [HTTP] <-- POST /wd/hub/session/60fbdf27-0b71-4876-a6b8-1d597894f2dc/element 200 238 ms - 122 
2018-04-07 05:44:18:905 - info: [HTTP] --> GET /wd/hub/session/60fbdf27-0b71-4876-a6b8-1d597894f2dc/element/9a107d6d-658e-4980-af80-41d311ebfadf/displayed {}
2018-04-07 05:44:18:905 - info: [debug] [MJSONWP] Calling AppiumDriver.elementDisplayed() with args: ["9a107d6d-658e-4980-af80-41d311ebfadf","60fbdf27-0b71-4876-a6b8-1d597894f2dc"]
2018-04-07 05:44:18:906 - info: [debug] [JSONWP Proxy] Proxying [GET /element/9a107d6d-658e-4980-af80-41d311ebfadf/attribute/displayed] to [GET http://localhost:8216/wd/hub/session/55d8f4c8-e51a-4a56-82dd-81c0a98b1010/element/9a107d6d-658e-4980-af80-41d311ebfadf/attribute/displayed] with body: {}
2018-04-07 05:44:18:993 - info: [debug] [JSONWP Proxy] Got response with status 200: "{\"sessionId\":\"55d8f4c8-e51a-4a56-82dd-81c0a98b1010\",\"status\":0,\"value\":\"true\"}"
2018-04-07 05:44:18:994 - info: [debug] [MJSONWP] Responding to client with driver.elementDisplayed() result: true
2018-04-07 05:44:18:997 - info: [HTTP] <-- GET /wd/hub/session/60fbdf27-0b71-4876-a6b8-1d597894f2dc/element/9a107d6d-658e-4980-af80-41d311ebfadf/displayed 200 90 ms - 76 
2018-04-07 05:44:29:002 - info: [HTTP] --> POST /wd/hub/session/60fbdf27-0b71-4876-a6b8-1d597894f2dc/elements {"using":"-android uiautomator","sessionId":"60fbdf27-0b71-4876-a6b8-1d597894f2dc","value":"new UiSelector().text(\":\")"}
2018-04-07 05:44:29:003 - info: [debug] [MJSONWP] Calling AppiumDriver.findElements() with args: ["-android uiautomator","new UiSelector().text(\":\")","60fbdf27-0b71-4876-a6b8-1d597894f2dc"]
2018-04-07 05:44:29:003 - info: [debug] [BaseDriver] Valid locator strategies for this request: xpath, id, class name, accessibility id, -android uiautomator
2018-04-07 05:44:29:004 - info: [debug] [BaseDriver] Valid locator strategies for this request: xpath, id, class name, accessibility id, -android uiautomator
2018-04-07 05:44:29:004 - info: [debug] [BaseDriver] Waiting up to 0 ms for condition
2018-04-07 05:44:29:004 - info: [debug] [JSONWP Proxy] Proxying [POST /elements] to [POST http://localhost:8216/wd/hub/session/55d8f4c8-e51a-4a56-82dd-81c0a98b1010/elements] with body: {"strategy":"-android uiautomator","selector":"new UiSelector().text(\":\")","context":"","multiple":true}
2018-04-07 05:44:29:274 - info: [debug] [JSONWP Proxy] Got response with status 200: {"sessionId":"55d8f4c8-e51a-4a56-82dd-81c0a98b1010","status":0,"value":[{"ELEMENT":"da4c5353-f8bc-4bd9-907e-81fcf96f283b"}]}
2018-04-07 05:44:29:275 - info: [debug] [MJSONWP] Responding to client with driver.findElements() result: [{"ELEMENT":"da4c5353-f8bc-4bd9-907e-81fcf96f283b"}]
2018-04-07 05:44:29:276 - info: [HTTP] <-- POST /wd/hub/session/60fbdf27-0b71-4876-a6b8-1d597894f2dc/elements 200 273 ms - 124 
2018-04-07 05:44:29:279 - info: [HTTP] --> GET /wd/hub/session/60fbdf27-0b71-4876-a6b8-1d597894f2dc/element/da4c5353-f8bc-4bd9-907e-81fcf96f283b/location {}
2018-04-07 05:44:29:280 - info: [MJSONWP] Driver proxy active, passing request on via HTTP proxy
2018-04-07 05:44:29:280 - info: [debug] [JSONWP Proxy] Proxying [GET /wd/hub/session/60fbdf27-0b71-4876-a6b8-1d597894f2dc/element/da4c5353-f8bc-4bd9-907e-81fcf96f283b/location] to [GET http://localhost:8216/wd/hub/session/55d8f4c8-e51a-4a56-82dd-81c0a98b1010/element/da4c5353-f8bc-4bd9-907e-81fcf96f283b/location] with body: {}
2018-04-07 05:44:29:328 - info: [debug] [JSONWP Proxy] Got response with status 200: "{\"sessionId\":\"55d8f4c8-e51a-4a56-82dd-81c0a98b1010\",\"status\":0,\"value\":{\"x\":60,\"y\":661}}"
2018-04-07 05:44:29:329 - info: [JSONWP Proxy] Replacing sessionId 55d8f4c8-e51a-4a56-82dd-81c0a98b1010 with 60fbdf27-0b71-4876-a6b8-1d597894f2dc
2018-04-07 05:44:29:329 - info: [HTTP] <-- GET /wd/hub/session/60fbdf27-0b71-4876-a6b8-1d597894f2dc/element/da4c5353-f8bc-4bd9-907e-81fcf96f283b/location 200 50 ms - 88 
2018-04-07 05:44:29:332 - info: [HTTP] --> POST /wd/hub/session/60fbdf27-0b71-4876-a6b8-1d597894f2dc/touch/perform {"sessionId":"60fbdf27-0b71-4876-a6b8-1d597894f2dc","actions":[{"action":"press","options":{"y":661,"x":600}},{"action":"wait","options":{"ms":0}},{"action":"moveTo","options":{"y":661,"x":0}},{"action":"release","options":{}}]}
2018-04-07 05:44:29:333 - info: [debug] [MJSONWP] Calling AppiumDriver.performTouch() with args: [[{"action":"press","options":{"y":661,"x":600}},{"action":"wait","options":{"ms":0}},{"action":"moveTo","options":{"y":661,"x":0}},{"action":"release","options":{}}],"60fbdf27-0b71-4876-a6b8-1d597894f2dc"]
2018-04-07 05:44:29:335 - info: [debug] [JSONWP Proxy] Proxying [POST /touch/perform] to [POST http://localhost:8216/wd/hub/session/55d8f4c8-e51a-4a56-82dd-81c0a98b1010/touch/perform] with body: {"startX":600,"startY":661,"endX":0,"endY":661,"steps":22}
2018-04-07 05:44:29:715 - info: [debug] [JSONWP Proxy] Got response with status 200: {"sessionId":"55d8f4c8-e51a-4a56-82dd-81c0a98b1010","status":0,"value":true}
2018-04-07 05:44:29:716 - info: [debug] [MJSONWP] Responding to client with driver.performTouch() result: true
2018-04-07 05:44:29:718 - info: [HTTP] <-- POST /wd/hub/session/60fbdf27-0b71-4876-a6b8-1d597894f2dc/touch/perform 200 385 ms - 76 
2018-04-07 05:45:29:714 - warn: [BaseDriver] Shutting down because we waited 60 seconds for a command
2018-04-07 05:45:29:719 - info: [debug] [UiAutomator2] Deleting UiAutomator2 session
2018-04-07 05:45:29:720 - warn: [Appium] Closing session, cause was 'New Command Timeout of 60 seconds expired. Try customizing the timeout using the 'newCommandTimeout' desired capability'
2018-04-07 05:45:29:720 - info: [Appium] Removing session 60fbdf27-0b71-4876-a6b8-1d597894f2dc from our master session list
2018-04-07 05:45:29:721 - info: [debug] [UiAutomator2] Deleting UiAutomator2 server session
2018-04-07 05:45:29:721 - info: [debug] [JSONWP Proxy] Proxying [DELETE /] to [DELETE http://localhost:8216/wd/hub/session/55d8f4c8-e51a-4a56-82dd-81c0a98b1010] with no body
2018-04-07 05:45:29:742 - info: [debug] [JSONWP Proxy] Got response with status 200: "{\"sessionId\":\"55d8f4c8-e51a-4a56-82dd-81c0a98b1010\",\"status\":0,\"value\":\"Session deleted\"}"
2018-04-07 05:45:29:742 - info: [debug] [UiAutomator2] Resetting IME to 'io.appium.android.ime/.UnicodeIME'
2018-04-07 05:45:29:743 - info: [debug] [ADB] Getting connected devices...
2018-04-07 05:45:29:910 - info: [debug] [ADB] 1 device(s) connected
2018-04-07 05:45:29:910 - info: [debug] [ADB] Running 'D:\sdk\platform-tools\adb.exe' with args: ["-P",5037,"-s","K4Q6T16713001686","shell","ime","set","io.appium.android.ime/.UnicodeIME"]
2018-04-07 05:45:30:576 - info: [debug] [UiAutomator2] [UIAutomator2] io.appium.uiautomator2.server.test.AppiumUiAutomator2Server:.
2018-04-07 05:45:30:576 - info: [debug] [UiAutomator2] [UIAutomator2] Time: 93.029
2018-04-07 05:45:30:577 - info: [debug] [UiAutomator2] [UIAutomator2] OK (1 test)
2018-04-07 05:45:30:661 - info: [debug] [ADB] Getting connected devices...
2018-04-07 05:45:30:745 - info: [debug] [ADB] 1 device(s) connected
2018-04-07 05:45:30:745 - info: [debug] [ADB] Running 'D:\sdk\platform-tools\adb.exe' with args: ["-P",5037,"-s","K4Q6T16713001686","shell","am","force-stop","com.elephant.myinvoice"]
2018-04-07 05:45:31:522 - info: [debug] [Logcat] Stopping logcat capture
2018-04-07 05:45:31:534 - info: [debug] [ADB] Removing forwarded port socket connection: 8216 
2018-04-07 05:45:31:534 - info: [debug] [ADB] Running 'D:\sdk\platform-tools\adb.exe' with args: ["-P",5037,"-s","K4Q6T16713001686","forward","--remove","tcp:8216"]
