2018-04-07 04:21:10:544 - info: [Appium] Welcome to Appium v1.7.2
2018-04-07 04:21:10:547 - info: [Appium] Non-default server args:
2018-04-07 04:21:10:549 - info: [Appium]   port: 4700
2018-04-07 04:21:10:549 - info: [Appium]   bootstrapPort: 4900
2018-04-07 04:21:10:549 - info: [Appium]   sessionOverride: true
2018-04-07 04:21:10:549 - info: [Appium]   log: D:/PycharmProjects/Appium27/log/K4Q6T167130016862018-04-07-12_21_02.log
2018-04-07 04:21:10:549 - info: [Appium]   udid: K4Q6T16713001686
2018-04-07 04:21:10:550 - info: [Appium]   noReset: true
2018-04-07 04:21:10:550 - warn: [Appium] Deprecated server args:
2018-04-07 04:21:10:551 - warn: [Appium]   -U,--udid => --default-capabilities '{"udid":"K4Q6T16713001686"}'
2018-04-07 04:21:10:551 - warn: [Appium]   --no-reset => --default-capabilities '{"noReset":true}'
2018-04-07 04:21:10:551 - info: [Appium] Default capabilities, which will be added to each request unless overridden by desired capabilities:
2018-04-07 04:21:10:552 - info: [Appium]   udid: K4Q6T16713001686
2018-04-07 04:21:10:552 - info: [Appium]   noReset: true
2018-04-07 04:21:10:585 - info: [Appium] Appium REST http interface listener started on 0.0.0.0:4700
2018-04-07 04:21:25:298 - info: [HTTP] --> POST /wd/hub/session {"capabilities":{"alwaysMatch":{"platformName":"Android"},"firstMatch":[{}]},"desiredCapabilities":{"deviceName":"K4Q6T16713001686","unicodeKeyboard":true,"automationName":"uiautomator2","resetKeyboard":true,"platformName":"Android","app":"../apk/wdfp.apk"}}
2018-04-07 04:21:25:302 - info: [debug] [MJSONWP] Calling AppiumDriver.createSession() with args: [{"deviceName":"K4Q6T16713001686","unicodeKeyboard":true,"automationName":"uiautomator2","resetKeyboard":true,"platformName":"Android","app":"../apk/wdfp.apk"},null,{"alwaysMatch":{"platformName":"Android"},"firstMatch":[{}]}]
2018-04-07 04:21:25:305 - info: [debug] [BaseDriver] Event 'newSessionRequested' logged at 1523074885304 (12:21:25 GMT+0800 (China Standard Time))
2018-04-07 04:21:25:307 - info: [Appium] Merged W3C capabilities {"alwaysMatch":{"platformName":"Android"},"firs... into desiredCapabilities object {"deviceName":"K4Q6T16713001686","unicodeKeyboa...
2018-04-07 04:21:25:311 - info: [Appium] Creating new AndroidUiautomator2Driver (v0.11.0) session
2018-04-07 04:21:25:311 - info: [Appium] Capabilities:
2018-04-07 04:21:25:311 - info: [Appium]   deviceName: K4Q6T16713001686
2018-04-07 04:21:25:311 - info: [Appium]   unicodeKeyboard: true
2018-04-07 04:21:25:312 - info: [Appium]   automationName: uiautomator2
2018-04-07 04:21:25:312 - info: [Appium]   resetKeyboard: true
2018-04-07 04:21:25:312 - info: [Appium]   platformName: Android
2018-04-07 04:21:25:312 - info: [Appium]   app: ../apk/wdfp.apk
2018-04-07 04:21:25:312 - info: [Appium]   udid: K4Q6T16713001686
2018-04-07 04:21:25:312 - info: [Appium]   noReset: true
2018-04-07 04:21:25:326 - info: [BaseDriver] Session created with session id: d243b7ab-abed-4ff5-a909-6f0c6c3055d9
2018-04-07 04:21:25:327 - info: [BaseDriver] Using local app '../apk/wdfp.apk'
2018-04-07 04:21:25:352 - info: [debug] [UiAutomator2] Checking whether app is actually present
2018-04-07 04:21:25:772 - info: [debug] [AndroidDriver] Getting Java version
2018-04-07 04:21:26:059 - info: [AndroidDriver] Java version is: 1.8.0_151
2018-04-07 04:21:26:063 - info: [ADB] Checking whether adb is present
2018-04-07 04:21:26:066 - info: [ADB] Using adb.exe from D:\sdk\platform-tools\adb.exe
2018-04-07 04:21:26:066 - info: [AndroidDriver] Retrieving device list
2018-04-07 04:21:26:067 - info: [debug] [ADB] Trying to find a connected android device
2018-04-07 04:21:26:068 - info: [debug] [ADB] Getting connected devices...
2018-04-07 04:21:26:245 - info: [debug] [ADB] 1 device(s) connected
2018-04-07 04:21:26:246 - info: [AndroidDriver] Using device: K4Q6T16713001686
2018-04-07 04:21:26:247 - info: [ADB] Checking whether adb is present
2018-04-07 04:21:26:248 - info: [debug] [ADB] Setting device id to K4Q6T16713001686
2018-04-07 04:21:26:249 - info: [debug] [ADB] Getting connected devices...
2018-04-07 04:21:26:337 - info: [debug] [ADB] 1 device(s) connected
2018-04-07 04:21:26:340 - info: [debug] [ADB] Running 'D:\sdk\platform-tools\adb.exe' with args: ["-P",5037,"-s","K4Q6T16713001686","shell","getprop","ro.build.version.sdk"]
2018-04-07 04:21:26:452 - info: [debug] [ADB] Current device property 'ro.build.version.sdk': 24
2018-04-07 04:21:26:452 - info: [debug] [ADB] Device API level: 24
2018-04-07 04:21:26:453 - info: [debug] [AndroidDriver] Parsing package and activity from app manifest
2018-04-07 04:21:26:454 - info: [ADB] Checking whether aapt is present
2018-04-07 04:21:26:457 - info: [ADB] Using aapt.exe from D:\sdk\tools\aapt.exe
2018-04-07 04:21:26:458 - info: [ADB] Extracting package and launch activity from manifest
2018-04-07 04:21:26:571 - info: [debug] [ADB] badging package: com.elephant.myinvoice
2018-04-07 04:21:26:571 - info: [debug] [ADB] badging act: com.elephant.myinvoice.MainActivity
2018-04-07 04:21:26:571 - info: [debug] [AndroidDriver] Parsed package and activity are: com.elephant.myinvoice/com.elephant.myinvoice.MainActivity
2018-04-07 04:21:26:572 - info: [ADB] Getting device platform version
2018-04-07 04:21:26:573 - info: [debug] [ADB] Getting connected devices...
2018-04-07 04:21:26:666 - info: [debug] [ADB] 1 device(s) connected
2018-04-07 04:21:26:666 - info: [debug] [ADB] Running 'D:\sdk\platform-tools\adb.exe' with args: ["-P",5037,"-s","K4Q6T16713001686","shell","getprop","ro.build.version.release"]
2018-04-07 04:21:26:774 - info: [debug] [ADB] Current device property 'ro.build.version.release': 7.0
2018-04-07 04:21:26:775 - info: [debug] [ADB] Getting connected devices...
2018-04-07 04:21:26:898 - info: [debug] [ADB] 1 device(s) connected
2018-04-07 04:21:26:898 - info: [debug] [ADB] Running 'D:\sdk\platform-tools\adb.exe' with args: ["-P",5037,"-s","K4Q6T16713001686","shell","wm","size"]
2018-04-07 04:21:27:662 - info: [debug] [ADB] Getting connected devices...
2018-04-07 04:21:27:753 - info: [debug] [ADB] 1 device(s) connected
2018-04-07 04:21:27:753 - info: [debug] [ADB] Running 'D:\sdk\platform-tools\adb.exe' with args: ["-P",5037,"-s","K4Q6T16713001686","shell","wm","density"]
2018-04-07 04:21:28:471 - info: [debug] [ADB] Getting connected devices...
2018-04-07 04:21:28:592 - info: [debug] [ADB] 1 device(s) connected
2018-04-07 04:21:28:592 - info: [debug] [ADB] Running 'D:\sdk\platform-tools\adb.exe' with args: ["-P",5037,"-s","K4Q6T16713001686","shell","getprop","ro.product.model"]
2018-04-07 04:21:29:133 - info: [debug] [ADB] Current device property 'ro.product.model': NEM-AL10
2018-04-07 04:21:29:134 - info: [debug] [ADB] Getting connected devices...
2018-04-07 04:21:29:259 - info: [debug] [ADB] 1 device(s) connected
2018-04-07 04:21:29:260 - info: [debug] [ADB] Running 'D:\sdk\platform-tools\adb.exe' with args: ["-P",5037,"-s","K4Q6T16713001686","shell","getprop","ro.product.manufacturer"]
2018-04-07 04:21:29:385 - info: [debug] [ADB] Current device property 'ro.product.manufacturer': HUAWEI
2018-04-07 04:21:29:388 - info: [debug] [ADB] Getting connected devices...
2018-04-07 04:21:29:473 - info: [debug] [ADB] 1 device(s) connected
2018-04-07 04:21:29:474 - info: [debug] [ADB] Running 'D:\sdk\platform-tools\adb.exe' with args: ["-P",5037,"-s","K4Q6T16713001686","shell","am","force-stop","io.appium.uiautomator2.server"]
2018-04-07 04:21:30:212 - info: [ADB] Checking whether aapt is present
2018-04-07 04:21:30:317 - info: [debug] [ADB] Getting install status for io.appium.uiautomator2.server
2018-04-07 04:21:30:318 - info: [debug] [ADB] Getting connected devices...
2018-04-07 04:21:30:390 - info: [debug] [ADB] 1 device(s) connected
2018-04-07 04:21:30:391 - info: [debug] [ADB] Running 'D:\sdk\platform-tools\adb.exe' with args: ["-P",5037,"-s","K4Q6T16713001686","shell","pm","list","packages","io.appium.uiautomator2.server"]
2018-04-07 04:21:31:149 - info: [debug] [ADB] App is installed
2018-04-07 04:21:31:150 - info: [debug] [ADB] Getting install status for io.appium.uiautomator2.server.test
2018-04-07 04:21:31:150 - info: [debug] [ADB] Getting connected devices...
2018-04-07 04:21:31:220 - info: [debug] [ADB] 1 device(s) connected
2018-04-07 04:21:31:221 - info: [debug] [ADB] Running 'D:\sdk\platform-tools\adb.exe' with args: ["-P",5037,"-s","K4Q6T16713001686","shell","pm","list","packages","io.appium.uiautomator2.server.test"]
2018-04-07 04:21:31:957 - info: [debug] [ADB] App is installed
2018-04-07 04:21:31:959 - info: [debug] [ADB] Getting package info for io.appium.uiautomator2.server
2018-04-07 04:21:31:959 - info: [debug] [ADB] Getting connected devices...
2018-04-07 04:21:32:031 - info: [debug] [ADB] 1 device(s) connected
2018-04-07 04:21:32:031 - info: [debug] [ADB] Running 'D:\sdk\platform-tools\adb.exe' with args: ["-P",5037,"-s","K4Q6T16713001686","shell","dumpsys","package","io.appium.uiautomator2.server"]
2018-04-07 04:21:32:158 - info: [debug] [UiAutomator2] Waiting up to 20000ms for instrumentation 'io.appium.uiautomator2.server.test/android.support.test.runner.AndroidJUnitRunner' to be available
2018-04-07 04:21:32:159 - info: [debug] [ADB] Getting connected devices...
2018-04-07 04:21:32:241 - info: [debug] [ADB] 1 device(s) connected
2018-04-07 04:21:32:242 - info: [debug] [ADB] Running 'D:\sdk\platform-tools\adb.exe' with args: ["-P",5037,"-s","K4Q6T16713001686","shell","pm","list","instrumentation"]
2018-04-07 04:21:32:948 - info: [debug] [UiAutomator2] Instrumentation 'io.appium.uiautomator2.server.test/android.support.test.runner.AndroidJUnitRunner' available
2018-04-07 04:21:32:950 - info: [debug] [ADB] Running 'D:\sdk\platform-tools\adb.exe' with args: ["-P",5037,"-s","K4Q6T16713001686","wait-for-device"]
2018-04-07 04:21:33:028 - info: [debug] [ADB] Getting connected devices...
2018-04-07 04:21:33:097 - info: [debug] [ADB] 1 device(s) connected
2018-04-07 04:21:33:098 - info: [debug] [ADB] Running 'D:\sdk\platform-tools\adb.exe' with args: ["-P",5037,"-s","K4Q6T16713001686","shell","echo","ping"]
2018-04-07 04:21:33:198 - warn: [AndroidDriver] setDeviceLanguageCountry requires language or country.
2018-04-07 04:21:33:199 - warn: [AndroidDriver] Got language: 'null' and country: 'null'
2018-04-07 04:21:33:201 - info: [debug] [Logcat] Starting logcat capture
2018-04-07 04:21:33:300 - info: [debug] [AndroidDriver] Enabling Unicode keyboard support
2018-04-07 04:21:33:300 - info: [debug] [AndroidDriver] Pushing unicode ime to device...
2018-04-07 04:21:33:301 - info: [debug] [ADB] Running 'D:\sdk\platform-tools\adb.exe' with args: ["-P",5037,"-s","K4Q6T16713001686","install","C:\\Users\\Myron.Guo\\AppData\\Roaming\\npm\\node_modules\\appium\\node_modules\\appium-android-ime\\bin\\UnicodeIME-debug.apk"]
2018-04-07 04:21:34:433 - info: [debug] [ADB] Getting connected devices...
2018-04-07 04:21:34:532 - info: [debug] [ADB] 1 device(s) connected
2018-04-07 04:21:34:532 - info: [debug] [ADB] Running 'D:\sdk\platform-tools\adb.exe' with args: ["-P",5037,"-s","K4Q6T16713001686","shell","settings","get","secure","default_input_method"]
2018-04-07 04:21:35:215 - info: [debug] [AndroidDriver] Unsetting previous IME io.appium.android.ime/.UnicodeIME
2018-04-07 04:21:35:215 - info: [debug] [AndroidDriver] Setting IME to 'io.appium.android.ime/.UnicodeIME'
2018-04-07 04:21:35:216 - info: [debug] [ADB] Getting connected devices...
2018-04-07 04:21:35:310 - info: [debug] [ADB] 1 device(s) connected
2018-04-07 04:21:35:310 - info: [debug] [ADB] Running 'D:\sdk\platform-tools\adb.exe' with args: ["-P",5037,"-s","K4Q6T16713001686","shell","ime","enable","io.appium.android.ime/.UnicodeIME"]
2018-04-07 04:21:36:007 - info: [debug] [ADB] Getting connected devices...
2018-04-07 04:21:36:099 - info: [debug] [ADB] 1 device(s) connected
2018-04-07 04:21:36:099 - info: [debug] [ADB] Running 'D:\sdk\platform-tools\adb.exe' with args: ["-P",5037,"-s","K4Q6T16713001686","shell","ime","set","io.appium.android.ime/.UnicodeIME"]
2018-04-07 04:21:36:809 - info: [debug] [AndroidDriver] Pushing settings apk to device...
2018-04-07 04:21:36:810 - info: [debug] [ADB] Getting install status for io.appium.settings
2018-04-07 04:21:36:811 - info: [debug] [ADB] Getting connected devices...
2018-04-07 04:21:36:898 - info: [debug] [ADB] 1 device(s) connected
2018-04-07 04:21:36:898 - info: [debug] [ADB] Running 'D:\sdk\platform-tools\adb.exe' with args: ["-P",5037,"-s","K4Q6T16713001686","shell","pm","list","packages","io.appium.settings"]
2018-04-07 04:21:37:592 - info: [debug] [ADB] App is installed
2018-04-07 04:21:37:592 - info: [debug] [ADB] Getting package info for io.appium.settings
2018-04-07 04:21:37:593 - info: [debug] [ADB] Getting connected devices...
2018-04-07 04:21:37:703 - info: [debug] [ADB] 1 device(s) connected
2018-04-07 04:21:37:703 - info: [debug] [ADB] Running 'D:\sdk\platform-tools\adb.exe' with args: ["-P",5037,"-s","K4Q6T16713001686","shell","dumpsys","package","io.appium.settings"]
2018-04-07 04:21:37:827 - info: [ADB] Checking whether aapt is present
2018-04-07 04:21:37:927 - info: [debug] [ADB] The installed 'io.appium.settings' package does not require upgrade (5 >= 5)
2018-04-07 04:21:37:929 - info: [debug] [ADB] Device API level: 24
2018-04-07 04:21:37:929 - info: [debug] [ADB] Getting connected devices...
2018-04-07 04:21:38:018 - info: [debug] [ADB] 1 device(s) connected
2018-04-07 04:21:38:019 - info: [debug] [ADB] Running 'D:\sdk\platform-tools\adb.exe' with args: ["-P",5037,"-s","K4Q6T16713001686","shell","dumpsys","package","io.appium.settings"]
2018-04-07 04:21:38:147 - info: [debug] [ADB] Getting connected devices...
2018-04-07 04:21:38:214 - info: [debug] [ADB] 1 device(s) connected
2018-04-07 04:21:38:214 - info: [debug] [ADB] Running 'D:\sdk\platform-tools\adb.exe' with args: ["-P",5037,"-s","K4Q6T16713001686","shell","pm","dump","io.appium.settings"]
2018-04-07 04:21:39:389 - info: [debug] [ADB] Got the following command chunks to execute: pm,grant,io.appium.settings,android.permission.WRITE_SETTINGS,;,pm,grant,io.appium.settings,android.permission.ACCESS_MOCK_LOCATION,;
2018-04-07 04:21:39:390 - info: [debug] [ADB] Getting connected devices...
2018-04-07 04:21:39:472 - info: [debug] [ADB] 1 device(s) connected
2018-04-07 04:21:39:480 - info: [debug] [ADB] Running 'D:\sdk\platform-tools\adb.exe' with args: ["-P",5037,"-s","K4Q6T16713001686","shell","pm","grant","io.appium.settings","android.permission.WRITE_SETTINGS",";","pm","grant","io.appium.settings","android.permission.ACCESS_MOCK_LOCATION",";"]
2018-04-07 04:21:40:776 - info: [debug] [ADB] Getting connected devices...
2018-04-07 04:21:40:859 - info: [debug] [ADB] 1 device(s) connected
2018-04-07 04:21:40:860 - info: [debug] [ADB] Running 'D:\sdk\platform-tools\adb.exe' with args: ["-P",5037,"-s","K4Q6T16713001686","shell","ps"]
2018-04-07 04:21:41:046 - info: [debug] [ADB] Device API level: 24
2018-04-07 04:21:41:047 - info: [debug] [ADB] Getting connected devices...
2018-04-07 04:21:41:222 - info: [debug] [ADB] 1 device(s) connected
2018-04-07 04:21:41:222 - info: [debug] [ADB] Running 'D:\sdk\platform-tools\adb.exe' with args: ["-P",5037,"-s","K4Q6T16713001686","shell","appops","set","io.appium.settings","android:mock_location","allow"]
2018-04-07 04:21:41:395 - info: [debug] [AndroidDriver] Pushing unlock helper app to device...
2018-04-07 04:21:41:395 - info: [debug] [ADB] Getting install status for io.appium.unlock
2018-04-07 04:21:41:396 - info: [debug] [ADB] Getting connected devices...
2018-04-07 04:21:41:464 - info: [debug] [ADB] 1 device(s) connected
2018-04-07 04:21:41:464 - info: [debug] [ADB] Running 'D:\sdk\platform-tools\adb.exe' with args: ["-P",5037,"-s","K4Q6T16713001686","shell","pm","list","packages","io.appium.unlock"]
2018-04-07 04:21:42:305 - info: [debug] [ADB] App is installed
2018-04-07 04:21:42:305 - info: [debug] [ADB] Getting package info for io.appium.unlock
2018-04-07 04:21:42:305 - info: [debug] [ADB] Getting connected devices...
2018-04-07 04:21:42:410 - info: [debug] [ADB] 1 device(s) connected
2018-04-07 04:21:42:410 - info: [debug] [ADB] Running 'D:\sdk\platform-tools\adb.exe' with args: ["-P",5037,"-s","K4Q6T16713001686","shell","dumpsys","package","io.appium.unlock"]
2018-04-07 04:21:42:564 - info: [ADB] Checking whether aapt is present
2018-04-07 04:21:42:610 - info: [debug] [ADB] The installed 'io.appium.unlock' package does not require upgrade (2 >= 2)
2018-04-07 04:21:42:611 - info: [debug] [UiAutomator2] Forwarding UiAutomator2 Server port 6790 to 8215
2018-04-07 04:21:42:611 - info: [debug] [ADB] Forwarding system: 8215 to device: 6790
2018-04-07 04:21:42:612 - info: [debug] [ADB] Running 'D:\sdk\platform-tools\adb.exe' with args: ["-P",5037,"-s","K4Q6T16713001686","forward","tcp:8215","tcp:6790"]
2018-04-07 04:21:42:701 - info: [debug] [ADB] Getting connected devices...
2018-04-07 04:21:42:846 - info: [debug] [ADB] 1 device(s) connected
2018-04-07 04:21:42:846 - info: [debug] [ADB] Running 'D:\sdk\platform-tools\adb.exe' with args: ["-P",5037,"-s","K4Q6T16713001686","shell","dumpsys","window"]
2018-04-07 04:21:42:976 - info: [AndroidDriver] Screen already unlocked, doing nothing
2018-04-07 04:21:42:977 - info: [debug] [AndroidDriver] Extracting strings from apk ../apk/wdfp.apk null C:\Users\Myron.Guo\AppData\Local\Temp\com.elephant.myinvoice
2018-04-07 04:21:42:978 - info: [debug] [ADB] Extracting strings for language: default
2018-04-07 04:21:42:978 - info: [debug] [ADB] Device API level: 24
2018-04-07 04:21:42:979 - info: [debug] [ADB] Getting connected devices...
2018-04-07 04:21:43:042 - info: [debug] [ADB] 1 device(s) connected
2018-04-07 04:21:43:043 - info: [debug] [ADB] Running 'D:\sdk\platform-tools\adb.exe' with args: ["-P",5037,"-s","K4Q6T16713001686","shell","getprop","persist.sys.locale"]
2018-04-07 04:21:43:153 - info: [debug] [ADB] Current device property 'persist.sys.locale': zh-CN
2018-04-07 04:21:44:821 - info: [debug] [ADB] Reading strings from converted strings.json
2018-04-07 04:21:44:826 - info: [debug] [ADB] Running 'D:\sdk\platform-tools\adb.exe' with args: ["-P",5037,"-s","K4Q6T16713001686","push","C:\\Users\\Myron.Guo\\AppData\\Local\\Temp\\com.elephant.myinvoice\\strings.json","/data/local/tmp"]
2018-04-07 04:21:45:036 - info: [debug] [ADB] Checking app cert for ../apk/wdfp.apk
2018-04-07 04:21:45:040 - warn: [ADB] Cannot use apksigner tool for signature verification. Defaulting to verify.jar. Original error: Could not find apksigner.bat in D:\sdk\platform-tools\apksigner.bat,D:\sdk\emulator\apksigner.bat,D:\sdk\tools\apksigner.bat,D:\sdk\tools\bin\apksigner.bat,D:\sdk\build-tools\android-4.3\apksigner.bat, or supported build-tools under D:\sdk do you have the Android SDK installed at this location?
2018-04-07 04:21:46:618 - info: [debug] [ADB] '../apk/wdfp.apk' is already signed.
2018-04-07 04:21:46:909 - info: [AndroidDriver] Remote apk path is /data/local/tmp/4a9053f45d358d0242a66992e1a83312.apk
2018-04-07 04:21:46:910 - info: [debug] [ADB] Getting connected devices...
2018-04-07 04:21:47:051 - info: [debug] [ADB] 1 device(s) connected
2018-04-07 04:21:47:051 - info: [debug] [ADB] Running 'D:\sdk\platform-tools\adb.exe' with args: ["-P",5037,"-s","K4Q6T16713001686","shell","ls","/data/local/tmp/4a9053f45d358d0242a66992e1a83312.apk"]
2018-04-07 04:21:47:169 - info: [debug] [AndroidDriver] Checking if app is installed
2018-04-07 04:21:47:170 - info: [debug] [ADB] Getting install status for com.elephant.myinvoice
2018-04-07 04:21:47:170 - info: [debug] [ADB] Getting connected devices...
2018-04-07 04:21:47:246 - info: [debug] [ADB] 1 device(s) connected
2018-04-07 04:21:47:247 - info: [debug] [ADB] Running 'D:\sdk\platform-tools\adb.exe' with args: ["-P",5037,"-s","K4Q6T16713001686","shell","pm","list","packages","com.elephant.myinvoice"]
2018-04-07 04:21:48:011 - info: [debug] [ADB] App is not installed
2018-04-07 04:21:48:012 - info: [AndroidDriver] Apk is not yet installed
2018-04-07 04:21:48:012 - info: [AndroidDriver] installing apk from remote
2018-04-07 04:21:48:013 - info: [debug] [ADB] Getting connected devices...
2018-04-07 04:21:48:134 - info: [debug] [ADB] 1 device(s) connected
2018-04-07 04:21:48:135 - info: [debug] [ADB] Running 'D:\sdk\platform-tools\adb.exe' with args: ["-P",5037,"-s","K4Q6T16713001686","shell","mkdir","-p","/data/local/tmp"]
2018-04-07 04:21:48:255 - info: [AndroidDriver] Clearing out any existing remote apks with the same hash
2018-04-07 04:21:48:256 - info: [debug] [AndroidDriver] Removing any old apks
2018-04-07 04:21:48:256 - info: [debug] [AndroidDriver] Except ["4a9053f45d358d0242a66992e1a83312"]
2018-04-07 04:21:48:256 - info: [debug] [ADB] Getting connected devices...
2018-04-07 04:21:48:347 - info: [debug] [ADB] 1 device(s) connected
2018-04-07 04:21:48:348 - info: [debug] [ADB] Running 'D:\sdk\platform-tools\adb.exe' with args: ["-P",5037,"-s","K4Q6T16713001686","shell","ls","/data/local/tmp/*.apk"]
2018-04-07 04:21:48:450 - info: [debug] [ADB] Uninstalling com.elephant.myinvoice
2018-04-07 04:21:48:450 - info: [debug] [ADB] Getting install status for com.elephant.myinvoice
2018-04-07 04:21:48:451 - info: [debug] [ADB] Getting connected devices...
2018-04-07 04:21:48:558 - info: [debug] [ADB] 1 device(s) connected
2018-04-07 04:21:48:558 - info: [debug] [ADB] Running 'D:\sdk\platform-tools\adb.exe' with args: ["-P",5037,"-s","K4Q6T16713001686","shell","pm","list","packages","com.elephant.myinvoice"]
2018-04-07 04:21:49:303 - info: [debug] [ADB] App is not installed
2018-04-07 04:21:49:303 - info: [ADB] com.elephant.myinvoice was not uninstalled, because it was not present on the device
2018-04-07 04:21:49:304 - info: [debug] [ADB] Getting connected devices...
2018-04-07 04:21:49:398 - info: [debug] [ADB] 1 device(s) connected
2018-04-07 04:21:49:398 - info: [debug] [ADB] Running 'D:\sdk\platform-tools\adb.exe' with args: ["-P",5037,"-s","K4Q6T16713001686","shell","pm","install","-r","/data/local/tmp/4a9053f45d358d0242a66992e1a83312.apk"]
2018-04-07 04:21:54:519 - info: [debug] [ADB] Getting connected devices...
2018-04-07 04:21:54:652 - info: [debug] [ADB] 1 device(s) connected
2018-04-07 04:21:54:652 - info: [debug] [ADB] Running 'D:\sdk\platform-tools\adb.exe' with args: ["-P",5037,"-s","K4Q6T16713001686","shell","am","force-stop","io.appium.uiautomator2.server"]
2018-04-07 04:21:55:638 - info: [UiAutomator2] Starting uiautomator2 server v0.3.0
2018-04-07 04:21:55:639 - info: [UiAutomator2] Running command: 'adb -s K4Q6T16713001686 shell am instrument -w io.appium.uiautomator2.server.test/android.support.test.runner.AndroidJUnitRunner'
2018-04-07 04:21:55:642 - info: [UiAutomator2] Waiting up to 20000ms for UiAutomator2 to be online...
2018-04-07 04:21:55:645 - info: [debug] [JSONWP Proxy] Proxying [GET /status] to [GET http://localhost:8215/wd/hub/status] with no body
2018-04-07 04:21:56:681 - info: [debug] [JSONWP Proxy] Proxying [GET /status] to [GET http://localhost:8215/wd/hub/status] with no body
2018-04-07 04:21:57:690 - info: [debug] [JSONWP Proxy] Proxying [GET /status] to [GET http://localhost:8215/wd/hub/status] with no body
2018-04-07 04:21:58:702 - info: [debug] [JSONWP Proxy] Proxying [GET /status] to [GET http://localhost:8215/wd/hub/status] with no body
2018-04-07 04:21:58:741 - info: [debug] [JSONWP Proxy] Got response with status 200: "{\"sessionId\":\"SESSIONID\",\"status\":0,\"value\":\"Status Invoked\"}"
2018-04-07 04:21:58:742 - info: [debug] [JSONWP Proxy] Proxying [POST /session] to [POST http://localhost:8215/wd/hub/session] with body: {"desiredCapabilities":{"platform":"LINUX","webStorageEnabled":false,"takesScreenshot":true,"javascriptEnabled":true,"databaseEnabled":false,"networkConnectionEnabled":true,"locationContextEnabled":false,"warnings":{},"desired":{"deviceName":"K4Q6T16713001686","unicodeKeyboard":true,"automationName":"uiautomator2","resetKeyboard":true,"platformName":"Android","app":"../apk/wdfp.apk","udid":"K4Q6T16713001686","noReset":true},"deviceName":"K4Q6T16713001686","unicodeKeyboard":true,"automationName":"uiautomator2","resetKeyboard":true,"platformName":"Android","app":"../apk/wdfp.apk","udid":"K4Q6T16713001686","noReset":true,"deviceUDID":"K4Q6T16713001686","platformVersion":"7.0","deviceScreenSize":"1080x1920","deviceScreenDensity":480,"deviceModel":"NEM-AL10","deviceManufacturer":"HUAWEI","appPackage":"com.elephant.myinvoice"}}
2018-04-07 04:21:58:761 - info: [debug] [JSONWP Proxy] Got response with status 200: {"sessionId":"cdf0e99f-9cb4-48e7-b040-116a02343692","status":0,"value":"Created Session"}
2018-04-07 04:21:58:762 - info: [UiAutomator2] UiAutomator2 did not start the activity we were waiting for, 'com.elephant.myinvoice/com.elephant.myinvoice.MainActivity'. Starting it ourselves
2018-04-07 04:21:58:763 - info: [debug] [ADB] Device API level: 24
2018-04-07 04:21:58:763 - info: [debug] [ADB] Getting connected devices...
2018-04-07 04:21:58:846 - info: [debug] [ADB] 1 device(s) connected
2018-04-07 04:21:58:847 - info: [debug] [ADB] Running 'D:\sdk\platform-tools\adb.exe' with args: ["-P",5037,"-s","K4Q6T16713001686","shell","am","start","-W","-n","com.elephant.myinvoice/com.elephant.myinvoice.MainActivity","-S","-a","android.intent.action.MAIN","-c","android.intent.category.LAUNCHER","-f","0x10200000"]
2018-04-07 04:22:00:864 - info: [debug] [ADB] Waiting up to 20000ms for activity matching pkg: 'com.elephant.myinvoice' and activity: 'com.elephant.myinvoice.MainActivity' to be focused
2018-04-07 04:22:00:865 - info: [debug] [ADB] Possible activities, to be checked: 'com.elephant.myinvoice.MainActivity'
2018-04-07 04:22:00:867 - info: [debug] [ADB] Getting focused package and activity
2018-04-07 04:22:00:868 - info: [debug] [ADB] Getting connected devices...
2018-04-07 04:22:00:970 - info: [debug] [ADB] 1 device(s) connected
2018-04-07 04:22:00:970 - info: [debug] [ADB] Running 'D:\sdk\platform-tools\adb.exe' with args: ["-P",5037,"-s","K4Q6T16713001686","shell","dumpsys","window","windows"]
2018-04-07 04:22:01:124 - info: [debug] [ADB] Found package: 'com.elephant.myinvoice' and fully qualified activity name : 'com.elephant.myinvoice.MainActivity'
2018-04-07 04:22:01:126 - info: [Appium] New AndroidUiautomator2Driver session created successfully, session d243b7ab-abed-4ff5-a909-6f0c6c3055d9 added to master session list
2018-04-07 04:22:01:127 - info: [debug] [BaseDriver] Event 'newSessionStarted' logged at 1523074921127 (12:22:01 GMT+0800 (China Standard Time))
2018-04-07 04:22:01:127 - info: [debug] [MJSONWP] Responding to client with driver.createSession() result: {"deviceName":"K4Q6T16713001686","unicodeKeyboard":true,"automationName":"uiautomator2","resetKeyboard":true,"platformName":"Android","app":"../apk/wdfp.apk","udid":"K4Q6T16713001686","noReset":true}
2018-04-07 04:22:01:132 - info: [HTTP] <-- POST /wd/hub/session 200 35832 ms - 271 
2018-04-07 04:22:03:156 - info: [HTTP] --> GET /wd/hub/session/d243b7ab-abed-4ff5-a909-6f0c6c3055d9/window/current/size {}
2018-04-07 04:22:03:161 - info: [MJSONWP] Driver proxy active, passing request on via HTTP proxy
2018-04-07 04:22:03:163 - info: [debug] [JSONWP Proxy] Proxying [GET /wd/hub/session/d243b7ab-abed-4ff5-a909-6f0c6c3055d9/window/current/size] to [GET http://localhost:8215/wd/hub/session/cdf0e99f-9cb4-48e7-b040-116a02343692/window/current/size] with body: {}
2018-04-07 04:22:03:190 - info: [debug] [JSONWP Proxy] Got response with status 200: "{\"sessionId\":\"cdf0e99f-9cb4-48e7-b040-116a02343692\",\"status\":0,\"value\":{\"height\":1812,\"width\":1080}}"
2018-04-07 04:22:03:191 - info: [JSONWP Proxy] Replacing sessionId cdf0e99f-9cb4-48e7-b040-116a02343692 with d243b7ab-abed-4ff5-a909-6f0c6c3055d9
2018-04-07 04:22:03:193 - info: [HTTP] <-- GET /wd/hub/session/d243b7ab-abed-4ff5-a909-6f0c6c3055d9/window/current/size 200 37 ms - 100 
2018-04-07 04:22:03:199 - info: [HTTP] --> GET /wd/hub/session/d243b7ab-abed-4ff5-a909-6f0c6c3055d9/window/current/size {}
2018-04-07 04:22:03:200 - info: [MJSONWP] Driver proxy active, passing request on via HTTP proxy
2018-04-07 04:22:03:201 - info: [debug] [JSONWP Proxy] Proxying [GET /wd/hub/session/d243b7ab-abed-4ff5-a909-6f0c6c3055d9/window/current/size] to [GET http://localhost:8215/wd/hub/session/cdf0e99f-9cb4-48e7-b040-116a02343692/window/current/size] with body: {}
2018-04-07 04:22:03:220 - info: [debug] [JSONWP Proxy] Got response with status 200: "{\"sessionId\":\"cdf0e99f-9cb4-48e7-b040-116a02343692\",\"status\":0,\"value\":{\"height\":1812,\"width\":1080}}"
2018-04-07 04:22:03:221 - info: [JSONWP Proxy] Replacing sessionId cdf0e99f-9cb4-48e7-b040-116a02343692 with d243b7ab-abed-4ff5-a909-6f0c6c3055d9
2018-04-07 04:22:03:222 - info: [HTTP] <-- GET /wd/hub/session/d243b7ab-abed-4ff5-a909-6f0c6c3055d9/window/current/size 200 22 ms - 100 
2018-04-07 04:22:03:228 - info: [HTTP] --> POST /wd/hub/session/d243b7ab-abed-4ff5-a909-6f0c6c3055d9/touch/perform {"sessionId":"d243b7ab-abed-4ff5-a909-6f0c6c3055d9","actions":[{"action":"press","options":{"y":1629,"x":540}},{"action":"wait","options":{"ms":2000}},{"action":"moveTo","options":{"y":181,"x":540}},{"action":"release","options":{}}]}
2018-04-07 04:22:03:231 - info: [debug] [MJSONWP] Calling AppiumDriver.performTouch() with args: [[{"action":"press","options":{"y":1629,"x":540}},{"action":"wait","options":{"ms":2000}},{"action":"moveTo","options":{"y":181,"x":540}},{"action":"release","options":{}}],"d243b7ab-abed-4ff5-a909-6f0c6c3055d9"]
2018-04-07 04:22:03:235 - info: [debug] [JSONWP Proxy] Proxying [POST /touch/perform] to [POST http://localhost:8215/wd/hub/session/cdf0e99f-9cb4-48e7-b040-116a02343692/touch/perform] with body: {"startX":540,"startY":1629,"endX":540,"endY":181,"steps":56}
2018-04-07 04:22:04:221 - info: [debug] [JSONWP Proxy] Got response with status 200: {"sessionId":"cdf0e99f-9cb4-48e7-b040-116a02343692","status":0,"value":true}
2018-04-07 04:22:04:222 - info: [debug] [MJSONWP] Responding to client with driver.performTouch() result: true
2018-04-07 04:22:04:223 - info: [HTTP] <-- POST /wd/hub/session/d243b7ab-abed-4ff5-a909-6f0c6c3055d9/touch/perform 200 994 ms - 76 
2018-04-07 04:22:05:226 - info: [HTTP] --> GET /wd/hub/session/d243b7ab-abed-4ff5-a909-6f0c6c3055d9/window/current/size {}
2018-04-07 04:22:05:227 - info: [MJSONWP] Driver proxy active, passing request on via HTTP proxy
2018-04-07 04:22:05:227 - info: [debug] [JSONWP Proxy] Proxying [GET /wd/hub/session/d243b7ab-abed-4ff5-a909-6f0c6c3055d9/window/current/size] to [GET http://localhost:8215/wd/hub/session/cdf0e99f-9cb4-48e7-b040-116a02343692/window/current/size] with body: {}
2018-04-07 04:22:05:241 - info: [debug] [JSONWP Proxy] Got response with status 200: "{\"sessionId\":\"cdf0e99f-9cb4-48e7-b040-116a02343692\",\"status\":0,\"value\":{\"height\":1812,\"width\":1080}}"
2018-04-07 04:22:05:241 - info: [JSONWP Proxy] Replacing sessionId cdf0e99f-9cb4-48e7-b040-116a02343692 with d243b7ab-abed-4ff5-a909-6f0c6c3055d9
2018-04-07 04:22:05:242 - info: [HTTP] <-- GET /wd/hub/session/d243b7ab-abed-4ff5-a909-6f0c6c3055d9/window/current/size 200 16 ms - 100 
2018-04-07 04:22:05:247 - info: [HTTP] --> GET /wd/hub/session/d243b7ab-abed-4ff5-a909-6f0c6c3055d9/window/current/size {}
2018-04-07 04:22:05:247 - info: [MJSONWP] Driver proxy active, passing request on via HTTP proxy
2018-04-07 04:22:05:248 - info: [debug] [JSONWP Proxy] Proxying [GET /wd/hub/session/d243b7ab-abed-4ff5-a909-6f0c6c3055d9/window/current/size] to [GET http://localhost:8215/wd/hub/session/cdf0e99f-9cb4-48e7-b040-116a02343692/window/current/size] with body: {}
2018-04-07 04:22:05:261 - info: [debug] [JSONWP Proxy] Got response with status 200: "{\"sessionId\":\"cdf0e99f-9cb4-48e7-b040-116a02343692\",\"status\":0,\"value\":{\"height\":1812,\"width\":1080}}"
2018-04-07 04:22:05:262 - info: [JSONWP Proxy] Replacing sessionId cdf0e99f-9cb4-48e7-b040-116a02343692 with d243b7ab-abed-4ff5-a909-6f0c6c3055d9
2018-04-07 04:22:05:263 - info: [HTTP] <-- GET /wd/hub/session/d243b7ab-abed-4ff5-a909-6f0c6c3055d9/window/current/size 200 16 ms - 100 
2018-04-07 04:22:05:267 - info: [HTTP] --> POST /wd/hub/session/d243b7ab-abed-4ff5-a909-6f0c6c3055d9/touch/perform {"sessionId":"d243b7ab-abed-4ff5-a909-6f0c6c3055d9","actions":[{"action":"press","options":{"y":906,"x":972}},{"action":"wait","options":{"ms":1000}},{"action":"moveTo","options":{"y":906,"x":108}},{"action":"release","options":{}}]}
2018-04-07 04:22:05:268 - info: [debug] [MJSONWP] Calling AppiumDriver.performTouch() with args: [[{"action":"press","options":{"y":906,"x":972}},{"action":"wait","options":{"ms":1000}},{"action":"moveTo","options":{"y":906,"x":108}},{"action":"release","options":{}}],"d243b7ab-abed-4ff5-a909-6f0c6c3055d9"]
2018-04-07 04:22:05:272 - info: [debug] [JSONWP Proxy] Proxying [POST /touch/perform] to [POST http://localhost:8215/wd/hub/session/cdf0e99f-9cb4-48e7-b040-116a02343692/touch/perform] with body: {"startX":972,"startY":906,"endX":108,"endY":906,"steps":28}
2018-04-07 04:22:05:751 - info: [debug] [JSONWP Proxy] Got response with status 200: {"sessionId":"cdf0e99f-9cb4-48e7-b040-116a02343692","status":0,"value":true}
2018-04-07 04:22:05:752 - info: [debug] [MJSONWP] Responding to client with driver.performTouch() result: true
2018-04-07 04:22:05:753 - info: [HTTP] <-- POST /wd/hub/session/d243b7ab-abed-4ff5-a909-6f0c6c3055d9/touch/perform 200 485 ms - 76 
2018-04-07 04:22:06:758 - info: [HTTP] --> GET /wd/hub/session/d243b7ab-abed-4ff5-a909-6f0c6c3055d9/window/current/size {}
2018-04-07 04:22:06:759 - info: [MJSONWP] Driver proxy active, passing request on via HTTP proxy
2018-04-07 04:22:06:760 - info: [debug] [JSONWP Proxy] Proxying [GET /wd/hub/session/d243b7ab-abed-4ff5-a909-6f0c6c3055d9/window/current/size] to [GET http://localhost:8215/wd/hub/session/cdf0e99f-9cb4-48e7-b040-116a02343692/window/current/size] with body: {}
2018-04-07 04:22:06:775 - info: [debug] [JSONWP Proxy] Got response with status 200: "{\"sessionId\":\"cdf0e99f-9cb4-48e7-b040-116a02343692\",\"status\":0,\"value\":{\"height\":1812,\"width\":1080}}"
2018-04-07 04:22:06:776 - info: [JSONWP Proxy] Replacing sessionId cdf0e99f-9cb4-48e7-b040-116a02343692 with d243b7ab-abed-4ff5-a909-6f0c6c3055d9
2018-04-07 04:22:06:777 - info: [HTTP] <-- GET /wd/hub/session/d243b7ab-abed-4ff5-a909-6f0c6c3055d9/window/current/size 200 18 ms - 100 
2018-04-07 04:22:06:781 - info: [HTTP] --> GET /wd/hub/session/d243b7ab-abed-4ff5-a909-6f0c6c3055d9/window/current/size {}
2018-04-07 04:22:06:782 - info: [MJSONWP] Driver proxy active, passing request on via HTTP proxy
2018-04-07 04:22:06:782 - info: [debug] [JSONWP Proxy] Proxying [GET /wd/hub/session/d243b7ab-abed-4ff5-a909-6f0c6c3055d9/window/current/size] to [GET http://localhost:8215/wd/hub/session/cdf0e99f-9cb4-48e7-b040-116a02343692/window/current/size] with body: {}
2018-04-07 04:22:06:806 - info: [debug] [JSONWP Proxy] Got response with status 200: "{\"sessionId\":\"cdf0e99f-9cb4-48e7-b040-116a02343692\",\"status\":0,\"value\":{\"height\":1812,\"width\":1080}}"
2018-04-07 04:22:06:806 - info: [JSONWP Proxy] Replacing sessionId cdf0e99f-9cb4-48e7-b040-116a02343692 with d243b7ab-abed-4ff5-a909-6f0c6c3055d9
2018-04-07 04:22:06:809 - info: [HTTP] <-- GET /wd/hub/session/d243b7ab-abed-4ff5-a909-6f0c6c3055d9/window/current/size 200 26 ms - 100 
2018-04-07 04:22:06:812 - info: [HTTP] --> POST /wd/hub/session/d243b7ab-abed-4ff5-a909-6f0c6c3055d9/touch/perform {"sessionId":"d243b7ab-abed-4ff5-a909-6f0c6c3055d9","actions":[{"action":"press","options":{"y":906,"x":972}},{"action":"wait","options":{"ms":1000}},{"action":"moveTo","options":{"y":906,"x":108}},{"action":"release","options":{}}]}
2018-04-07 04:22:06:813 - info: [debug] [MJSONWP] Calling AppiumDriver.performTouch() with args: [[{"action":"press","options":{"y":906,"x":972}},{"action":"wait","options":{"ms":1000}},{"action":"moveTo","options":{"y":906,"x":108}},{"action":"release","options":{}}],"d243b7ab-abed-4ff5-a909-6f0c6c3055d9"]
2018-04-07 04:22:06:815 - info: [debug] [JSONWP Proxy] Proxying [POST /touch/perform] to [POST http://localhost:8215/wd/hub/session/cdf0e99f-9cb4-48e7-b040-116a02343692/touch/perform] with body: {"startX":972,"startY":906,"endX":108,"endY":906,"steps":28}
2018-04-07 04:22:07:314 - info: [debug] [JSONWP Proxy] Got response with status 200: {"sessionId":"cdf0e99f-9cb4-48e7-b040-116a02343692","status":0,"value":true}
2018-04-07 04:22:07:314 - info: [debug] [MJSONWP] Responding to client with driver.performTouch() result: true
2018-04-07 04:22:07:316 - info: [HTTP] <-- POST /wd/hub/session/d243b7ab-abed-4ff5-a909-6f0c6c3055d9/touch/perform 200 503 ms - 76 
2018-04-07 04:22:08:322 - info: [HTTP] --> GET /wd/hub/session/d243b7ab-abed-4ff5-a909-6f0c6c3055d9/window/current/size {}
2018-04-07 04:22:08:322 - info: [MJSONWP] Driver proxy active, passing request on via HTTP proxy
2018-04-07 04:22:08:323 - info: [debug] [JSONWP Proxy] Proxying [GET /wd/hub/session/d243b7ab-abed-4ff5-a909-6f0c6c3055d9/window/current/size] to [GET http://localhost:8215/wd/hub/session/cdf0e99f-9cb4-48e7-b040-116a02343692/window/current/size] with body: {}
2018-04-07 04:22:08:342 - info: [debug] [JSONWP Proxy] Got response with status 200: "{\"sessionId\":\"cdf0e99f-9cb4-48e7-b040-116a02343692\",\"status\":0,\"value\":{\"height\":1812,\"width\":1080}}"
2018-04-07 04:22:08:342 - info: [JSONWP Proxy] Replacing sessionId cdf0e99f-9cb4-48e7-b040-116a02343692 with d243b7ab-abed-4ff5-a909-6f0c6c3055d9
2018-04-07 04:22:08:343 - info: [HTTP] <-- GET /wd/hub/session/d243b7ab-abed-4ff5-a909-6f0c6c3055d9/window/current/size 200 21 ms - 100 
2018-04-07 04:22:08:347 - info: [HTTP] --> GET /wd/hub/session/d243b7ab-abed-4ff5-a909-6f0c6c3055d9/window/current/size {}
2018-04-07 04:22:08:348 - info: [MJSONWP] Driver proxy active, passing request on via HTTP proxy
2018-04-07 04:22:08:348 - info: [debug] [JSONWP Proxy] Proxying [GET /wd/hub/session/d243b7ab-abed-4ff5-a909-6f0c6c3055d9/window/current/size] to [GET http://localhost:8215/wd/hub/session/cdf0e99f-9cb4-48e7-b040-116a02343692/window/current/size] with body: {}
2018-04-07 04:22:08:367 - info: [debug] [JSONWP Proxy] Got response with status 200: "{\"sessionId\":\"cdf0e99f-9cb4-48e7-b040-116a02343692\",\"status\":0,\"value\":{\"height\":1812,\"width\":1080}}"
2018-04-07 04:22:08:368 - info: [JSONWP Proxy] Replacing sessionId cdf0e99f-9cb4-48e7-b040-116a02343692 with d243b7ab-abed-4ff5-a909-6f0c6c3055d9
2018-04-07 04:22:08:369 - info: [HTTP] <-- GET /wd/hub/session/d243b7ab-abed-4ff5-a909-6f0c6c3055d9/window/current/size 200 21 ms - 100 
2018-04-07 04:22:08:374 - info: [HTTP] --> POST /wd/hub/session/d243b7ab-abed-4ff5-a909-6f0c6c3055d9/touch/perform {"sessionId":"d243b7ab-abed-4ff5-a909-6f0c6c3055d9","actions":[{"action":"press","options":{"y":906,"x":972}},{"action":"wait","options":{"ms":1000}},{"action":"moveTo","options":{"y":906,"x":108}},{"action":"release","options":{}}]}
2018-04-07 04:22:08:375 - info: [debug] [MJSONWP] Calling AppiumDriver.performTouch() with args: [[{"action":"press","options":{"y":906,"x":972}},{"action":"wait","options":{"ms":1000}},{"action":"moveTo","options":{"y":906,"x":108}},{"action":"release","options":{}}],"d243b7ab-abed-4ff5-a909-6f0c6c3055d9"]
2018-04-07 04:22:08:377 - info: [debug] [JSONWP Proxy] Proxying [POST /touch/perform] to [POST http://localhost:8215/wd/hub/session/cdf0e99f-9cb4-48e7-b040-116a02343692/touch/perform] with body: {"startX":972,"startY":906,"endX":108,"endY":906,"steps":28}
2018-04-07 04:22:08:848 - info: [debug] [JSONWP Proxy] Got response with status 200: {"sessionId":"cdf0e99f-9cb4-48e7-b040-116a02343692","status":0,"value":true}
2018-04-07 04:22:08:849 - info: [debug] [MJSONWP] Responding to client with driver.performTouch() result: true
2018-04-07 04:22:08:850 - info: [HTTP] <-- POST /wd/hub/session/d243b7ab-abed-4ff5-a909-6f0c6c3055d9/touch/perform 200 475 ms - 76 
2018-04-07 04:22:09:854 - info: [HTTP] --> GET /wd/hub/session/d243b7ab-abed-4ff5-a909-6f0c6c3055d9/window/current/size {}
2018-04-07 04:22:09:855 - info: [MJSONWP] Driver proxy active, passing request on via HTTP proxy
2018-04-07 04:22:09:857 - info: [debug] [JSONWP Proxy] Proxying [GET /wd/hub/session/d243b7ab-abed-4ff5-a909-6f0c6c3055d9/window/current/size] to [GET http://localhost:8215/wd/hub/session/cdf0e99f-9cb4-48e7-b040-116a02343692/window/current/size] with body: {}
2018-04-07 04:22:09:874 - info: [debug] [JSONWP Proxy] Got response with status 200: "{\"sessionId\":\"cdf0e99f-9cb4-48e7-b040-116a02343692\",\"status\":0,\"value\":{\"height\":1812,\"width\":1080}}"
2018-04-07 04:22:09:874 - info: [JSONWP Proxy] Replacing sessionId cdf0e99f-9cb4-48e7-b040-116a02343692 with d243b7ab-abed-4ff5-a909-6f0c6c3055d9
2018-04-07 04:22:09:875 - info: [HTTP] <-- GET /wd/hub/session/d243b7ab-abed-4ff5-a909-6f0c6c3055d9/window/current/size 200 20 ms - 100 
2018-04-07 04:22:09:879 - info: [HTTP] --> GET /wd/hub/session/d243b7ab-abed-4ff5-a909-6f0c6c3055d9/window/current/size {}
2018-04-07 04:22:09:880 - info: [MJSONWP] Driver proxy active, passing request on via HTTP proxy
2018-04-07 04:22:09:881 - info: [debug] [JSONWP Proxy] Proxying [GET /wd/hub/session/d243b7ab-abed-4ff5-a909-6f0c6c3055d9/window/current/size] to [GET http://localhost:8215/wd/hub/session/cdf0e99f-9cb4-48e7-b040-116a02343692/window/current/size] with body: {}
2018-04-07 04:22:09:902 - info: [debug] [JSONWP Proxy] Got response with status 200: "{\"sessionId\":\"cdf0e99f-9cb4-48e7-b040-116a02343692\",\"status\":0,\"value\":{\"height\":1812,\"width\":1080}}"
2018-04-07 04:22:09:903 - info: [JSONWP Proxy] Replacing sessionId cdf0e99f-9cb4-48e7-b040-116a02343692 with d243b7ab-abed-4ff5-a909-6f0c6c3055d9
2018-04-07 04:22:09:904 - info: [HTTP] <-- GET /wd/hub/session/d243b7ab-abed-4ff5-a909-6f0c6c3055d9/window/current/size 200 24 ms - 100 
2018-04-07 04:22:09:908 - info: [HTTP] --> POST /wd/hub/session/d243b7ab-abed-4ff5-a909-6f0c6c3055d9/touch/perform {"sessionId":"d243b7ab-abed-4ff5-a909-6f0c6c3055d9","actions":[{"action":"press","options":{"y":906,"x":972}},{"action":"wait","options":{"ms":1000}},{"action":"moveTo","options":{"y":906,"x":108}},{"action":"release","options":{}}]}
2018-04-07 04:22:09:909 - info: [debug] [MJSONWP] Calling AppiumDriver.performTouch() with args: [[{"action":"press","options":{"y":906,"x":972}},{"action":"wait","options":{"ms":1000}},{"action":"moveTo","options":{"y":906,"x":108}},{"action":"release","options":{}}],"d243b7ab-abed-4ff5-a909-6f0c6c3055d9"]
2018-04-07 04:22:09:911 - info: [debug] [JSONWP Proxy] Proxying [POST /touch/perform] to [POST http://localhost:8215/wd/hub/session/cdf0e99f-9cb4-48e7-b040-116a02343692/touch/perform] with body: {"startX":972,"startY":906,"endX":108,"endY":906,"steps":28}
2018-04-07 04:22:10:381 - info: [debug] [JSONWP Proxy] Got response with status 200: {"sessionId":"cdf0e99f-9cb4-48e7-b040-116a02343692","status":0,"value":true}
2018-04-07 04:22:10:382 - info: [debug] [MJSONWP] Responding to client with driver.performTouch() result: true
2018-04-07 04:22:10:384 - info: [HTTP] <-- POST /wd/hub/session/d243b7ab-abed-4ff5-a909-6f0c6c3055d9/touch/perform 200 474 ms - 76 
2018-04-07 04:22:10:392 - info: [HTTP] --> POST /wd/hub/session/d243b7ab-abed-4ff5-a909-6f0c6c3055d9/element {"using":"class name","sessionId":"d243b7ab-abed-4ff5-a909-6f0c6c3055d9","value":"android.widget.ImageView"}
2018-04-07 04:22:10:393 - info: [debug] [MJSONWP] Calling AppiumDriver.findElement() with args: ["class name","android.widget.ImageView","d243b7ab-abed-4ff5-a909-6f0c6c3055d9"]
2018-04-07 04:22:10:395 - info: [debug] [BaseDriver] Valid locator strategies for this request: xpath, id, class name, accessibility id, -android uiautomator
2018-04-07 04:22:10:396 - info: [debug] [BaseDriver] Valid locator strategies for this request: xpath, id, class name, accessibility id, -android uiautomator
2018-04-07 04:22:10:397 - info: [debug] [BaseDriver] Waiting up to 0 ms for condition
2018-04-07 04:22:10:399 - info: [debug] [JSONWP Proxy] Proxying [POST /element] to [POST http://localhost:8215/wd/hub/session/cdf0e99f-9cb4-48e7-b040-116a02343692/element] with body: {"strategy":"class name","selector":"android.widget.ImageView","context":"","multiple":false}
2018-04-07 04:22:11:205 - info: [debug] [JSONWP Proxy] Got response with status 200: {"sessionId":"cdf0e99f-9cb4-48e7-b040-116a02343692","status":0,"value":{"ELEMENT":"854efb3f-65be-47c2-be95-cfe1f7aa4217"}}
2018-04-07 04:22:11:206 - info: [debug] [MJSONWP] Responding to client with driver.findElement() result: {"ELEMENT":"854efb3f-65be-47c2-be95-cfe1f7aa4217"}
2018-04-07 04:22:11:208 - info: [HTTP] <-- POST /wd/hub/session/d243b7ab-abed-4ff5-a909-6f0c6c3055d9/element 200 815 ms - 122 
2018-04-07 04:22:11:212 - info: [HTTP] --> POST /wd/hub/session/d243b7ab-abed-4ff5-a909-6f0c6c3055d9/element/854efb3f-65be-47c2-be95-cfe1f7aa4217/click {"sessionId":"d243b7ab-abed-4ff5-a909-6f0c6c3055d9","id":"854efb3f-65be-47c2-be95-cfe1f7aa4217"}
2018-04-07 04:22:11:212 - info: [debug] [MJSONWP] Calling AppiumDriver.click() with args: ["854efb3f-65be-47c2-be95-cfe1f7aa4217","d243b7ab-abed-4ff5-a909-6f0c6c3055d9"]
2018-04-07 04:22:11:213 - info: [debug] [JSONWP Proxy] Proxying [POST /element/854efb3f-65be-47c2-be95-cfe1f7aa4217/click] to [POST http://localhost:8215/wd/hub/session/cdf0e99f-9cb4-48e7-b040-116a02343692/element/854efb3f-65be-47c2-be95-cfe1f7aa4217/click] with body: {"element":"854efb3f-65be-47c2-be95-cfe1f7aa4217"}
2018-04-07 04:22:11:258 - info: [debug] [JSONWP Proxy] Got response with status 200: {"sessionId":"cdf0e99f-9cb4-48e7-b040-116a02343692","status":0,"value":true}
2018-04-07 04:22:11:259 - info: [debug] [MJSONWP] Responding to client with driver.click() result: true
2018-04-07 04:22:11:260 - info: [HTTP] <-- POST /wd/hub/session/d243b7ab-abed-4ff5-a909-6f0c6c3055d9/element/854efb3f-65be-47c2-be95-cfe1f7aa4217/click 200 48 ms - 76 
2018-04-07 04:22:14:276 - info: [HTTP] --> POST /wd/hub/session/d243b7ab-abed-4ff5-a909-6f0c6c3055d9/elements {"using":"class name","sessionId":"d243b7ab-abed-4ff5-a909-6f0c6c3055d9","value":"android.widget.EditText"}
2018-04-07 04:22:14:277 - info: [debug] [MJSONWP] Calling AppiumDriver.findElements() with args: ["class name","android.widget.EditText","d243b7ab-abed-4ff5-a909-6f0c6c3055d9"]
2018-04-07 04:22:14:278 - info: [debug] [BaseDriver] Valid locator strategies for this request: xpath, id, class name, accessibility id, -android uiautomator
2018-04-07 04:22:14:278 - info: [debug] [BaseDriver] Valid locator strategies for this request: xpath, id, class name, accessibility id, -android uiautomator
2018-04-07 04:22:14:278 - info: [debug] [BaseDriver] Waiting up to 0 ms for condition
2018-04-07 04:22:14:281 - info: [debug] [JSONWP Proxy] Proxying [POST /elements] to [POST http://localhost:8215/wd/hub/session/cdf0e99f-9cb4-48e7-b040-116a02343692/elements] with body: {"strategy":"class name","selector":"android.widget.EditText","context":"","multiple":true}
2018-04-07 04:22:14:319 - info: [debug] [JSONWP Proxy] Got response with status 200: {"sessionId":"cdf0e99f-9cb4-48e7-b040-116a02343692","status":0,"value":[{"ELEMENT":"d0e8b0be-21b1-4662-a779-ba07168a8daf"},{"ELEMENT":"cb72db62-da05-4cd6-9b17-ab976bd0bff6"}]}
2018-04-07 04:22:14:320 - info: [debug] [MJSONWP] Responding to client with driver.findElements() result: [{"ELEMENT":"d0e8b0be-21b1-4662-a779-ba07168a8daf"},{"ELEMENT":"cb72db62-da05-4cd6-9b17-ab976bd0bff6"}]
2018-04-07 04:22:14:321 - info: [HTTP] <-- POST /wd/hub/session/d243b7ab-abed-4ff5-a909-6f0c6c3055d9/elements 200 44 ms - 175 
2018-04-07 04:22:14:326 - info: [HTTP] --> POST /wd/hub/session/d243b7ab-abed-4ff5-a909-6f0c6c3055d9/element/d0e8b0be-21b1-4662-a779-ba07168a8daf/value {"text":"18550903915","sessionId":"d243b7ab-abed-4ff5-a909-6f0c6c3055d9","id":"d0e8b0be-21b1-4662-a779-ba07168a8daf","value":["1","8","5","5","0","9","0","3","9","1","5"]}
2018-04-07 04:22:14:326 - info: [debug] [MJSONWP] Calling AppiumDriver.setValue() with args: [["1","8","5","5","0","9","0","3","9","1","5"],"d0e8b0be-21b1-4662-a779-ba07168a8daf","d243b7ab-abed-4ff5-a909-6f0c6c3055d9"]
2018-04-07 04:22:14:328 - info: [debug] [JSONWP Proxy] Proxying [POST /element/d0e8b0be-21b1-4662-a779-ba07168a8daf/value] to [POST http://localhost:8215/wd/hub/session/cdf0e99f-9cb4-48e7-b040-116a02343692/element/d0e8b0be-21b1-4662-a779-ba07168a8daf/value] with body: {"elementId":"d0e8b0be-21b1-4662-a779-ba07168a8daf","text":"18550903915","replace":false,"unicodeKeyboard":true}
2018-04-07 04:22:14:968 - info: [debug] [JSONWP Proxy] Got response with status 200: {"sessionId":"cdf0e99f-9cb4-48e7-b040-116a02343692","status":0,"value":""}
2018-04-07 04:22:14:968 - info: [debug] [MJSONWP] Responding to client with driver.setValue() result: ""
2018-04-07 04:22:14:969 - info: [HTTP] <-- POST /wd/hub/session/d243b7ab-abed-4ff5-a909-6f0c6c3055d9/element/d0e8b0be-21b1-4662-a779-ba07168a8daf/value 200 643 ms - 74 
2018-04-07 04:22:14:976 - info: [HTTP] --> POST /wd/hub/session/d243b7ab-abed-4ff5-a909-6f0c6c3055d9/elements {"using":"class name","sessionId":"d243b7ab-abed-4ff5-a909-6f0c6c3055d9","value":"android.widget.EditText"}
2018-04-07 04:22:14:976 - info: [debug] [MJSONWP] Calling AppiumDriver.findElements() with args: ["class name","android.widget.EditText","d243b7ab-abed-4ff5-a909-6f0c6c3055d9"]
2018-04-07 04:22:14:978 - info: [debug] [BaseDriver] Valid locator strategies for this request: xpath, id, class name, accessibility id, -android uiautomator
2018-04-07 04:22:14:979 - info: [debug] [BaseDriver] Valid locator strategies for this request: xpath, id, class name, accessibility id, -android uiautomator
2018-04-07 04:22:14:979 - info: [debug] [BaseDriver] Waiting up to 0 ms for condition
2018-04-07 04:22:14:979 - info: [debug] [JSONWP Proxy] Proxying [POST /elements] to [POST http://localhost:8215/wd/hub/session/cdf0e99f-9cb4-48e7-b040-116a02343692/elements] with body: {"strategy":"class name","selector":"android.widget.EditText","context":"","multiple":true}
2018-04-07 04:22:15:407 - info: [debug] [JSONWP Proxy] Got response with status 200: {"sessionId":"cdf0e99f-9cb4-48e7-b040-116a02343692","status":0,"value":[{"ELEMENT":"757bb07e-1f89-4604-81d5-49ac2d2812bb"},{"ELEMENT":"39e82b16-f14d-4d54-b3df-ca5bfb41c55b"}]}
2018-04-07 04:22:15:408 - info: [debug] [MJSONWP] Responding to client with driver.findElements() result: [{"ELEMENT":"757bb07e-1f89-4604-81d5-49ac2d2812bb"},{"ELEMENT":"39e82b16-f14d-4d54-b3df-ca5bfb41c55b"}]
2018-04-07 04:22:15:409 - info: [HTTP] <-- POST /wd/hub/session/d243b7ab-abed-4ff5-a909-6f0c6c3055d9/elements 200 433 ms - 175 
2018-04-07 04:22:15:413 - info: [HTTP] --> POST /wd/hub/session/d243b7ab-abed-4ff5-a909-6f0c6c3055d9/element/39e82b16-f14d-4d54-b3df-ca5bfb41c55b/value {"text":"qwe123","sessionId":"d243b7ab-abed-4ff5-a909-6f0c6c3055d9","id":"39e82b16-f14d-4d54-b3df-ca5bfb41c55b","value":["q","w","e","1","2","3"]}
2018-04-07 04:22:15:414 - info: [debug] [MJSONWP] Calling AppiumDriver.setValue() with args: [["q","w","e","1","2","3"],"39e82b16-f14d-4d54-b3df-ca5bfb41c55b","d243b7ab-abed-4ff5-a909-6f0c6c3055d9"]
2018-04-07 04:22:15:416 - info: [debug] [JSONWP Proxy] Proxying [POST /element/39e82b16-f14d-4d54-b3df-ca5bfb41c55b/value] to [POST http://localhost:8215/wd/hub/session/cdf0e99f-9cb4-48e7-b040-116a02343692/element/39e82b16-f14d-4d54-b3df-ca5bfb41c55b/value] with body: {"elementId":"39e82b16-f14d-4d54-b3df-ca5bfb41c55b","text":"qwe123","replace":false,"unicodeKeyboard":true}
2018-04-07 04:22:15:992 - info: [debug] [JSONWP Proxy] Got response with status 200: {"sessionId":"cdf0e99f-9cb4-48e7-b040-116a02343692","status":0,"value":""}
2018-04-07 04:22:15:993 - info: [debug] [MJSONWP] Responding to client with driver.setValue() result: ""
2018-04-07 04:22:15:993 - info: [HTTP] <-- POST /wd/hub/session/d243b7ab-abed-4ff5-a909-6f0c6c3055d9/element/39e82b16-f14d-4d54-b3df-ca5bfb41c55b/value 200 580 ms - 74 
2018-04-07 04:22:16:002 - info: [HTTP] --> POST /wd/hub/session/d243b7ab-abed-4ff5-a909-6f0c6c3055d9/element {"using":"-android uiautomator","sessionId":"d243b7ab-abed-4ff5-a909-6f0c6c3055d9","value":"new UiSelector().text(\"\")"}
2018-04-07 04:22:16:003 - info: [debug] [MJSONWP] Calling AppiumDriver.findElement() with args: ["-android uiautomator","new UiSelector().text(\"\")","d243b7ab-abed-4ff5-a909-6f0c6c3055d9"]
2018-04-07 04:22:16:004 - info: [debug] [BaseDriver] Valid locator strategies for this request: xpath, id, class name, accessibility id, -android uiautomator
2018-04-07 04:22:16:004 - info: [debug] [BaseDriver] Valid locator strategies for this request: xpath, id, class name, accessibility id, -android uiautomator
2018-04-07 04:22:16:004 - info: [debug] [BaseDriver] Waiting up to 0 ms for condition
2018-04-07 04:22:16:005 - info: [debug] [JSONWP Proxy] Proxying [POST /element] to [POST http://localhost:8215/wd/hub/session/cdf0e99f-9cb4-48e7-b040-116a02343692/element] with body: {"strategy":"-android uiautomator","selector":"new UiSelector().text(\"\")","context":"","multiple":false}
2018-04-07 04:22:16:524 - info: [debug] [JSONWP Proxy] Got response with status 200: {"sessionId":"cdf0e99f-9cb4-48e7-b040-116a02343692","status":0,"value":{"ELEMENT":"135cebd3-6279-4cf7-92c0-3500fccb897a"}}
2018-04-07 04:22:16:525 - info: [debug] [MJSONWP] Responding to client with driver.findElement() result: {"ELEMENT":"135cebd3-6279-4cf7-92c0-3500fccb897a"}
2018-04-07 04:22:16:526 - info: [HTTP] <-- POST /wd/hub/session/d243b7ab-abed-4ff5-a909-6f0c6c3055d9/element 200 524 ms - 122 
2018-04-07 04:22:16:531 - info: [HTTP] --> POST /wd/hub/session/d243b7ab-abed-4ff5-a909-6f0c6c3055d9/element/135cebd3-6279-4cf7-92c0-3500fccb897a/click {"sessionId":"d243b7ab-abed-4ff5-a909-6f0c6c3055d9","id":"135cebd3-6279-4cf7-92c0-3500fccb897a"}
2018-04-07 04:22:16:531 - info: [debug] [MJSONWP] Calling AppiumDriver.click() with args: ["135cebd3-6279-4cf7-92c0-3500fccb897a","d243b7ab-abed-4ff5-a909-6f0c6c3055d9"]
2018-04-07 04:22:16:532 - info: [debug] [JSONWP Proxy] Proxying [POST /element/135cebd3-6279-4cf7-92c0-3500fccb897a/click] to [POST http://localhost:8215/wd/hub/session/cdf0e99f-9cb4-48e7-b040-116a02343692/element/135cebd3-6279-4cf7-92c0-3500fccb897a/click] with body: {"element":"135cebd3-6279-4cf7-92c0-3500fccb897a"}
2018-04-07 04:22:18:778 - info: [debug] [JSONWP Proxy] Got response with status 200: {"sessionId":"cdf0e99f-9cb4-48e7-b040-116a02343692","status":0,"value":true}
2018-04-07 04:22:18:779 - info: [debug] [MJSONWP] Responding to client with driver.click() result: true
2018-04-07 04:22:18:780 - info: [HTTP] <-- POST /wd/hub/session/d243b7ab-abed-4ff5-a909-6f0c6c3055d9/element/135cebd3-6279-4cf7-92c0-3500fccb897a/click 200 2249 ms - 76 
2018-04-07 04:22:18:788 - info: [HTTP] --> POST /wd/hub/session/d243b7ab-abed-4ff5-a909-6f0c6c3055d9/element {"using":"-android uiautomator","sessionId":"d243b7ab-abed-4ff5-a909-6f0c6c3055d9","value":"new UiSelector().description(\"plusIcon\")"}
2018-04-07 04:22:18:789 - info: [debug] [MJSONWP] Calling AppiumDriver.findElement() with args: ["-android uiautomator","new UiSelector().description(\"plusIcon\")","d243b7ab-abed-4ff5-a909-6f0c6c3055d9"]
2018-04-07 04:22:18:789 - info: [debug] [BaseDriver] Valid locator strategies for this request: xpath, id, class name, accessibility id, -android uiautomator
2018-04-07 04:22:18:789 - info: [debug] [BaseDriver] Valid locator strategies for this request: xpath, id, class name, accessibility id, -android uiautomator
2018-04-07 04:22:18:790 - info: [debug] [BaseDriver] Waiting up to 0 ms for condition
2018-04-07 04:22:18:790 - info: [debug] [JSONWP Proxy] Proxying [POST /element] to [POST http://localhost:8215/wd/hub/session/cdf0e99f-9cb4-48e7-b040-116a02343692/element] with body: {"strategy":"-android uiautomator","selector":"new UiSelector().description(\"plusIcon\")","context":"","multiple":false}
2018-04-07 04:22:19:026 - info: [debug] [JSONWP Proxy] Got response with status 200: {"sessionId":"cdf0e99f-9cb4-48e7-b040-116a02343692","status":0,"value":{"ELEMENT":"c39712c0-da5a-4e89-b8de-88dd9a83bbe7"}}
2018-04-07 04:22:19:026 - info: [debug] [MJSONWP] Responding to client with driver.findElement() result: {"ELEMENT":"c39712c0-da5a-4e89-b8de-88dd9a83bbe7"}
2018-04-07 04:22:19:027 - info: [HTTP] <-- POST /wd/hub/session/d243b7ab-abed-4ff5-a909-6f0c6c3055d9/element 200 239 ms - 122 
2018-04-07 04:22:19:032 - info: [HTTP] --> GET /wd/hub/session/d243b7ab-abed-4ff5-a909-6f0c6c3055d9/element/c39712c0-da5a-4e89-b8de-88dd9a83bbe7/displayed {}
2018-04-07 04:22:19:032 - info: [debug] [MJSONWP] Calling AppiumDriver.elementDisplayed() with args: ["c39712c0-da5a-4e89-b8de-88dd9a83bbe7","d243b7ab-abed-4ff5-a909-6f0c6c3055d9"]
2018-04-07 04:22:19:034 - info: [debug] [JSONWP Proxy] Proxying [GET /element/c39712c0-da5a-4e89-b8de-88dd9a83bbe7/attribute/displayed] to [GET http://localhost:8215/wd/hub/session/cdf0e99f-9cb4-48e7-b040-116a02343692/element/c39712c0-da5a-4e89-b8de-88dd9a83bbe7/attribute/displayed] with body: {}
2018-04-07 04:22:19:066 - info: [debug] [JSONWP Proxy] Got response with status 200: "{\"sessionId\":\"cdf0e99f-9cb4-48e7-b040-116a02343692\",\"status\":0,\"value\":\"true\"}"
2018-04-07 04:22:19:067 - info: [debug] [MJSONWP] Responding to client with driver.elementDisplayed() result: true
2018-04-07 04:22:19:068 - info: [HTTP] <-- GET /wd/hub/session/d243b7ab-abed-4ff5-a909-6f0c6c3055d9/element/c39712c0-da5a-4e89-b8de-88dd9a83bbe7/displayed 200 36 ms - 76 
2018-04-07 04:22:19:079 - info: [HTTP] --> POST /wd/hub/session/d243b7ab-abed-4ff5-a909-6f0c6c3055d9/element {"using":"-android uiautomator","sessionId":"d243b7ab-abed-4ff5-a909-6f0c6c3055d9","value":"new UiSelector().text(\"\")"}
2018-04-07 04:22:19:080 - info: [debug] [MJSONWP] Calling AppiumDriver.findElement() with args: ["-android uiautomator","new UiSelector().text(\"\")","d243b7ab-abed-4ff5-a909-6f0c6c3055d9"]
2018-04-07 04:22:19:080 - info: [debug] [BaseDriver] Valid locator strategies for this request: xpath, id, class name, accessibility id, -android uiautomator
2018-04-07 04:22:19:081 - info: [debug] [BaseDriver] Valid locator strategies for this request: xpath, id, class name, accessibility id, -android uiautomator
2018-04-07 04:22:19:081 - info: [debug] [BaseDriver] Waiting up to 0 ms for condition
2018-04-07 04:22:19:081 - info: [debug] [JSONWP Proxy] Proxying [POST /element] to [POST http://localhost:8215/wd/hub/session/cdf0e99f-9cb4-48e7-b040-116a02343692/element] with body: {"strategy":"-android uiautomator","selector":"new UiSelector().text(\"\")","context":"","multiple":false}
2018-04-07 04:22:19:124 - info: [debug] [JSONWP Proxy] Got response with status 200: {"sessionId":"cdf0e99f-9cb4-48e7-b040-116a02343692","status":0,"value":{"ELEMENT":"2d876e65-ccd1-4a9f-91de-217e60c3d777"}}
2018-04-07 04:22:19:124 - info: [debug] [MJSONWP] Responding to client with driver.findElement() result: {"ELEMENT":"2d876e65-ccd1-4a9f-91de-217e60c3d777"}
2018-04-07 04:22:19:125 - info: [HTTP] <-- POST /wd/hub/session/d243b7ab-abed-4ff5-a909-6f0c6c3055d9/element 200 46 ms - 122 
2018-04-07 04:22:19:131 - info: [HTTP] --> POST /wd/hub/session/d243b7ab-abed-4ff5-a909-6f0c6c3055d9/element/2d876e65-ccd1-4a9f-91de-217e60c3d777/click {"sessionId":"d243b7ab-abed-4ff5-a909-6f0c6c3055d9","id":"2d876e65-ccd1-4a9f-91de-217e60c3d777"}
2018-04-07 04:22:19:131 - info: [debug] [MJSONWP] Calling AppiumDriver.click() with args: ["2d876e65-ccd1-4a9f-91de-217e60c3d777","d243b7ab-abed-4ff5-a909-6f0c6c3055d9"]
2018-04-07 04:22:19:133 - info: [debug] [JSONWP Proxy] Proxying [POST /element/2d876e65-ccd1-4a9f-91de-217e60c3d777/click] to [POST http://localhost:8215/wd/hub/session/cdf0e99f-9cb4-48e7-b040-116a02343692/element/2d876e65-ccd1-4a9f-91de-217e60c3d777/click] with body: {"element":"2d876e65-ccd1-4a9f-91de-217e60c3d777"}
2018-04-07 04:22:20:386 - info: [debug] [JSONWP Proxy] Got response with status 200: {"sessionId":"cdf0e99f-9cb4-48e7-b040-116a02343692","status":0,"value":true}
2018-04-07 04:22:20:386 - info: [debug] [MJSONWP] Responding to client with driver.click() result: true
2018-04-07 04:22:20:387 - info: [HTTP] <-- POST /wd/hub/session/d243b7ab-abed-4ff5-a909-6f0c6c3055d9/element/2d876e65-ccd1-4a9f-91de-217e60c3d777/click 200 1256 ms - 76 
2018-04-07 04:22:22:395 - info: [HTTP] --> POST /wd/hub/session/d243b7ab-abed-4ff5-a909-6f0c6c3055d9/element {"using":"xpath","sessionId":"d243b7ab-abed-4ff5-a909-6f0c6c3055d9","value":"//*[contains(@text,8888)]"}
2018-04-07 04:22:22:395 - info: [debug] [MJSONWP] Calling AppiumDriver.findElement() with args: ["xpath","//*[contains(@text,8888)]","d243b7ab-abed-4ff5-a909-6f0c6c3055d9"]
2018-04-07 04:22:22:397 - info: [debug] [BaseDriver] Valid locator strategies for this request: xpath, id, class name, accessibility id, -android uiautomator
2018-04-07 04:22:22:397 - info: [debug] [BaseDriver] Valid locator strategies for this request: xpath, id, class name, accessibility id, -android uiautomator
2018-04-07 04:22:22:397 - info: [debug] [BaseDriver] Waiting up to 0 ms for condition
2018-04-07 04:22:22:397 - info: [debug] [JSONWP Proxy] Proxying [POST /element] to [POST http://localhost:8215/wd/hub/session/cdf0e99f-9cb4-48e7-b040-116a02343692/element] with body: {"strategy":"xpath","selector":"//*[contains(@text,8888)]","context":"","multiple":false}
2018-04-07 04:22:22:593 - info: [debug] [JSONWP Proxy] Got response with status 200: {"sessionId":"cdf0e99f-9cb4-48e7-b040-116a02343692","status":0,"value":{"ELEMENT":"afd2f610-add3-44e6-ad78-2e09509fb21e"}}
2018-04-07 04:22:22:594 - info: [debug] [MJSONWP] Responding to client with driver.findElement() result: {"ELEMENT":"afd2f610-add3-44e6-ad78-2e09509fb21e"}
2018-04-07 04:22:22:595 - info: [HTTP] <-- POST /wd/hub/session/d243b7ab-abed-4ff5-a909-6f0c6c3055d9/element 200 200 ms - 122 
2018-04-07 04:22:22:600 - info: [HTTP] --> GET /wd/hub/session/d243b7ab-abed-4ff5-a909-6f0c6c3055d9/element/afd2f610-add3-44e6-ad78-2e09509fb21e/text {}
2018-04-07 04:22:22:601 - info: [MJSONWP] Driver proxy active, passing request on via HTTP proxy
2018-04-07 04:22:22:602 - info: [debug] [JSONWP Proxy] Proxying [GET /wd/hub/session/d243b7ab-abed-4ff5-a909-6f0c6c3055d9/element/afd2f610-add3-44e6-ad78-2e09509fb21e/text] to [GET http://localhost:8215/wd/hub/session/cdf0e99f-9cb4-48e7-b040-116a02343692/element/afd2f610-add3-44e6-ad78-2e09509fb21e/text] with body: {}
2018-04-07 04:22:22:621 - info: [debug] [JSONWP Proxy] Got response with status 200: "{\"sessionId\":\"cdf0e99f-9cb4-48e7-b040-116a02343692\",\"status\":0,\"value\":\"88888888\"}"
2018-04-07 04:22:22:621 - info: [JSONWP Proxy] Replacing sessionId cdf0e99f-9cb4-48e7-b040-116a02343692 with d243b7ab-abed-4ff5-a909-6f0c6c3055d9
2018-04-07 04:22:22:622 - info: [HTTP] <-- GET /wd/hub/session/d243b7ab-abed-4ff5-a909-6f0c6c3055d9/element/afd2f610-add3-44e6-ad78-2e09509fb21e/text 200 23 ms - 82 
2018-04-07 04:23:22:620 - warn: [BaseDriver] Shutting down because we waited 60 seconds for a command
2018-04-07 04:23:22:625 - info: [debug] [UiAutomator2] Deleting UiAutomator2 session
2018-04-07 04:23:22:626 - warn: [Appium] Closing session, cause was 'New Command Timeout of 60 seconds expired. Try customizing the timeout using the 'newCommandTimeout' desired capability'
2018-04-07 04:23:22:626 - info: [Appium] Removing session d243b7ab-abed-4ff5-a909-6f0c6c3055d9 from our master session list
2018-04-07 04:23:22:627 - info: [debug] [UiAutomator2] Deleting UiAutomator2 server session
2018-04-07 04:23:22:627 - info: [debug] [JSONWP Proxy] Proxying [DELETE /] to [DELETE http://localhost:8215/wd/hub/session/cdf0e99f-9cb4-48e7-b040-116a02343692] with no body
2018-04-07 04:23:22:664 - info: [debug] [JSONWP Proxy] Got response with status 200: "{\"sessionId\":\"cdf0e99f-9cb4-48e7-b040-116a02343692\",\"status\":0,\"value\":\"Session deleted\"}"
2018-04-07 04:23:22:664 - info: [debug] [UiAutomator2] Resetting IME to 'io.appium.android.ime/.UnicodeIME'
2018-04-07 04:23:22:664 - info: [debug] [ADB] Getting connected devices...
2018-04-07 04:23:22:798 - info: [debug] [ADB] 1 device(s) connected
2018-04-07 04:23:22:799 - info: [debug] [ADB] Running 'D:\sdk\platform-tools\adb.exe' with args: ["-P",5037,"-s","K4Q6T16713001686","shell","ime","set","io.appium.android.ime/.UnicodeIME"]
2018-04-07 04:23:23:379 - info: [debug] [UiAutomator2] [UIAutomator2] io.appium.uiautomator2.server.test.AppiumUiAutomator2Server:.
2018-04-07 04:23:23:381 - info: [debug] [UiAutomator2] [UIAutomator2] Time: 86.03
2018-04-07 04:23:23:381 - info: [debug] [UiAutomator2] [UIAutomator2] OK (1 test)
2018-04-07 04:23:23:683 - info: [debug] [ADB] Getting connected devices...
2018-04-07 04:23:23:781 - info: [debug] [ADB] 1 device(s) connected
2018-04-07 04:23:23:781 - info: [debug] [ADB] Running 'D:\sdk\platform-tools\adb.exe' with args: ["-P",5037,"-s","K4Q6T16713001686","shell","am","force-stop","com.elephant.myinvoice"]
2018-04-07 04:23:24:570 - info: [debug] [Logcat] Stopping logcat capture
2018-04-07 04:23:24:582 - info: [debug] [ADB] Removing forwarded port socket connection: 8215 
2018-04-07 04:23:24:582 - info: [debug] [ADB] Running 'D:\sdk\platform-tools\adb.exe' with args: ["-P",5037,"-s","K4Q6T16713001686","forward","--remove","tcp:8215"]
