2018-04-07 05:48:25:952 - info: [Appium] Welcome to Appium v1.7.2
2018-04-07 05:48:25:955 - info: [Appium] Non-default server args:
2018-04-07 05:48:25:956 - info: [Appium]   port: 4700
2018-04-07 05:48:25:956 - info: [Appium]   bootstrapPort: 4900
2018-04-07 05:48:25:957 - info: [Appium]   sessionOverride: true
2018-04-07 05:48:25:957 - info: [Appium]   log: D:/PycharmProjects/Appium27/log/K4Q6T167130016862018-04-07-13_48_16.log
2018-04-07 05:48:25:957 - info: [Appium]   udid: K4Q6T16713001686
2018-04-07 05:48:25:957 - info: [Appium]   noReset: true
2018-04-07 05:48:25:958 - warn: [Appium] Deprecated server args:
2018-04-07 05:48:25:959 - warn: [Appium]   -U,--udid => --default-capabilities '{"udid":"K4Q6T16713001686"}'
2018-04-07 05:48:25:959 - warn: [Appium]   --no-reset => --default-capabilities '{"noReset":true}'
2018-04-07 05:48:25:959 - info: [Appium] Default capabilities, which will be added to each request unless overridden by desired capabilities:
2018-04-07 05:48:25:960 - info: [Appium]   udid: K4Q6T16713001686
2018-04-07 05:48:25:960 - info: [Appium]   noReset: true
2018-04-07 05:48:25:994 - info: [Appium] Appium REST http interface listener started on 0.0.0.0:4700
2018-04-07 05:48:38:641 - info: [HTTP] --> POST /wd/hub/session {"capabilities":{"alwaysMatch":{"platformName":"Android"},"firstMatch":[{}]},"desiredCapabilities":{"deviceName":"K4Q6T16713001686","unicodeKeyboard":true,"automationName":"uiautomator2","resetKeyboard":true,"platformName":"Android","app":"../apk/wdfp.apk"}}
2018-04-07 05:48:38:645 - info: [debug] [MJSONWP] Calling AppiumDriver.createSession() with args: [{"deviceName":"K4Q6T16713001686","unicodeKeyboard":true,"automationName":"uiautomator2","resetKeyboard":true,"platformName":"Android","app":"../apk/wdfp.apk"},null,{"alwaysMatch":{"platformName":"Android"},"firstMatch":[{}]}]
2018-04-07 05:48:38:646 - info: [debug] [BaseDriver] Event 'newSessionRequested' logged at 1523080118646 (13:48:38 GMT+0800 (China Standard Time))
2018-04-07 05:48:38:648 - info: [Appium] Merged W3C capabilities {"alwaysMatch":{"platformName":"Android"},"firs... into desiredCapabilities object {"deviceName":"K4Q6T16713001686","unicodeKeyboa...
2018-04-07 05:48:38:652 - info: [Appium] Creating new AndroidUiautomator2Driver (v0.11.0) session
2018-04-07 05:48:38:652 - info: [Appium] Capabilities:
2018-04-07 05:48:38:652 - info: [Appium]   deviceName: K4Q6T16713001686
2018-04-07 05:48:38:652 - info: [Appium]   unicodeKeyboard: true
2018-04-07 05:48:38:653 - info: [Appium]   automationName: uiautomator2
2018-04-07 05:48:38:653 - info: [Appium]   resetKeyboard: true
2018-04-07 05:48:38:653 - info: [Appium]   platformName: Android
2018-04-07 05:48:38:653 - info: [Appium]   app: ../apk/wdfp.apk
2018-04-07 05:48:38:653 - info: [Appium]   udid: K4Q6T16713001686
2018-04-07 05:48:38:653 - info: [Appium]   noReset: true
2018-04-07 05:48:38:667 - info: [BaseDriver] Session created with session id: 089d7648-b585-4835-9c37-1db75050f9ba
2018-04-07 05:48:38:669 - info: [BaseDriver] Using local app '../apk/wdfp.apk'
2018-04-07 05:48:38:695 - info: [debug] [UiAutomator2] Checking whether app is actually present
2018-04-07 05:48:39:111 - info: [debug] [AndroidDriver] Getting Java version
2018-04-07 05:48:39:380 - info: [AndroidDriver] Java version is: 1.8.0_151
2018-04-07 05:48:39:384 - info: [ADB] Checking whether adb is present
2018-04-07 05:48:39:389 - info: [ADB] Using adb.exe from D:\sdk\platform-tools\adb.exe
2018-04-07 05:48:39:389 - info: [AndroidDriver] Retrieving device list
2018-04-07 05:48:39:390 - info: [debug] [ADB] Trying to find a connected android device
2018-04-07 05:48:39:391 - info: [debug] [ADB] Getting connected devices...
2018-04-07 05:48:39:570 - info: [debug] [ADB] 1 device(s) connected
2018-04-07 05:48:39:570 - info: [AndroidDriver] Using device: K4Q6T16713001686
2018-04-07 05:48:39:572 - info: [ADB] Checking whether adb is present
2018-04-07 05:48:39:572 - info: [debug] [ADB] Setting device id to K4Q6T16713001686
2018-04-07 05:48:39:574 - info: [debug] [ADB] Getting connected devices...
2018-04-07 05:48:39:726 - info: [debug] [ADB] 1 device(s) connected
2018-04-07 05:48:39:728 - info: [debug] [ADB] Running 'D:\sdk\platform-tools\adb.exe' with args: ["-P",5037,"-s","K4Q6T16713001686","shell","getprop","ro.build.version.sdk"]
2018-04-07 05:48:39:825 - info: [debug] [ADB] Current device property 'ro.build.version.sdk': 24
2018-04-07 05:48:39:825 - info: [debug] [ADB] Device API level: 24
2018-04-07 05:48:39:826 - info: [debug] [AndroidDriver] Parsing package and activity from app manifest
2018-04-07 05:48:39:827 - info: [ADB] Checking whether aapt is present
2018-04-07 05:48:39:830 - info: [ADB] Using aapt.exe from D:\sdk\tools\aapt.exe
2018-04-07 05:48:39:830 - info: [ADB] Extracting package and launch activity from manifest
2018-04-07 05:48:39:943 - info: [debug] [ADB] badging package: com.elephant.myinvoice
2018-04-07 05:48:39:944 - info: [debug] [ADB] badging act: com.elephant.myinvoice.MainActivity
2018-04-07 05:48:39:944 - info: [debug] [AndroidDriver] Parsed package and activity are: com.elephant.myinvoice/com.elephant.myinvoice.MainActivity
2018-04-07 05:48:39:945 - info: [ADB] Getting device platform version
2018-04-07 05:48:39:945 - info: [debug] [ADB] Getting connected devices...
2018-04-07 05:48:40:049 - info: [debug] [ADB] 1 device(s) connected
2018-04-07 05:48:40:050 - info: [debug] [ADB] Running 'D:\sdk\platform-tools\adb.exe' with args: ["-P",5037,"-s","K4Q6T16713001686","shell","getprop","ro.build.version.release"]
2018-04-07 05:48:40:169 - info: [debug] [ADB] Current device property 'ro.build.version.release': 7.0
2018-04-07 05:48:40:170 - info: [debug] [ADB] Getting connected devices...
2018-04-07 05:48:40:251 - info: [debug] [ADB] 1 device(s) connected
2018-04-07 05:48:40:251 - info: [debug] [ADB] Running 'D:\sdk\platform-tools\adb.exe' with args: ["-P",5037,"-s","K4Q6T16713001686","shell","wm","size"]
2018-04-07 05:48:41:037 - info: [debug] [ADB] Getting connected devices...
2018-04-07 05:48:41:125 - info: [debug] [ADB] 1 device(s) connected
2018-04-07 05:48:41:126 - info: [debug] [ADB] Running 'D:\sdk\platform-tools\adb.exe' with args: ["-P",5037,"-s","K4Q6T16713001686","shell","wm","density"]
2018-04-07 05:48:41:818 - info: [debug] [ADB] Getting connected devices...
2018-04-07 05:48:41:906 - info: [debug] [ADB] 1 device(s) connected
2018-04-07 05:48:41:907 - info: [debug] [ADB] Running 'D:\sdk\platform-tools\adb.exe' with args: ["-P",5037,"-s","K4Q6T16713001686","shell","getprop","ro.product.model"]
2018-04-07 05:48:42:047 - info: [debug] [ADB] Current device property 'ro.product.model': NEM-AL10
2018-04-07 05:48:42:048 - info: [debug] [ADB] Getting connected devices...
2018-04-07 05:48:42:152 - info: [debug] [ADB] 1 device(s) connected
2018-04-07 05:48:42:153 - info: [debug] [ADB] Running 'D:\sdk\platform-tools\adb.exe' with args: ["-P",5037,"-s","K4Q6T16713001686","shell","getprop","ro.product.manufacturer"]
2018-04-07 05:48:42:278 - info: [debug] [ADB] Current device property 'ro.product.manufacturer': HUAWEI
2018-04-07 05:48:42:280 - info: [debug] [ADB] Getting connected devices...
2018-04-07 05:48:42:357 - info: [debug] [ADB] 1 device(s) connected
2018-04-07 05:48:42:357 - info: [debug] [ADB] Running 'D:\sdk\platform-tools\adb.exe' with args: ["-P",5037,"-s","K4Q6T16713001686","shell","am","force-stop","io.appium.uiautomator2.server"]
2018-04-07 05:48:43:095 - info: [ADB] Checking whether aapt is present
2018-04-07 05:48:43:163 - info: [debug] [ADB] Getting install status for io.appium.uiautomator2.server
2018-04-07 05:48:43:163 - info: [debug] [ADB] Getting connected devices...
2018-04-07 05:48:43:330 - info: [debug] [ADB] 1 device(s) connected
2018-04-07 05:48:43:330 - info: [debug] [ADB] Running 'D:\sdk\platform-tools\adb.exe' with args: ["-P",5037,"-s","K4Q6T16713001686","shell","pm","list","packages","io.appium.uiautomator2.server"]
2018-04-07 05:48:44:063 - info: [debug] [ADB] App is installed
2018-04-07 05:48:44:063 - info: [debug] [ADB] Getting install status for io.appium.uiautomator2.server.test
2018-04-07 05:48:44:063 - info: [debug] [ADB] Getting connected devices...
2018-04-07 05:48:44:143 - info: [debug] [ADB] 1 device(s) connected
2018-04-07 05:48:44:143 - info: [debug] [ADB] Running 'D:\sdk\platform-tools\adb.exe' with args: ["-P",5037,"-s","K4Q6T16713001686","shell","pm","list","packages","io.appium.uiautomator2.server.test"]
2018-04-07 05:48:44:855 - info: [debug] [ADB] App is installed
2018-04-07 05:48:44:856 - info: [debug] [ADB] Getting package info for io.appium.uiautomator2.server
2018-04-07 05:48:44:856 - info: [debug] [ADB] Getting connected devices...
2018-04-07 05:48:44:941 - info: [debug] [ADB] 1 device(s) connected
2018-04-07 05:48:44:941 - info: [debug] [ADB] Running 'D:\sdk\platform-tools\adb.exe' with args: ["-P",5037,"-s","K4Q6T16713001686","shell","dumpsys","package","io.appium.uiautomator2.server"]
2018-04-07 05:48:45:078 - info: [debug] [UiAutomator2] Waiting up to 20000ms for instrumentation 'io.appium.uiautomator2.server.test/android.support.test.runner.AndroidJUnitRunner' to be available
2018-04-07 05:48:45:079 - info: [debug] [ADB] Getting connected devices...
2018-04-07 05:48:45:175 - info: [debug] [ADB] 1 device(s) connected
2018-04-07 05:48:45:175 - info: [debug] [ADB] Running 'D:\sdk\platform-tools\adb.exe' with args: ["-P",5037,"-s","K4Q6T16713001686","shell","pm","list","instrumentation"]
2018-04-07 05:48:45:882 - info: [debug] [UiAutomator2] Instrumentation 'io.appium.uiautomator2.server.test/android.support.test.runner.AndroidJUnitRunner' available
2018-04-07 05:48:45:884 - info: [debug] [ADB] Running 'D:\sdk\platform-tools\adb.exe' with args: ["-P",5037,"-s","K4Q6T16713001686","wait-for-device"]
2018-04-07 05:48:45:971 - info: [debug] [ADB] Getting connected devices...
2018-04-07 05:48:46:051 - info: [debug] [ADB] 1 device(s) connected
2018-04-07 05:48:46:051 - info: [debug] [ADB] Running 'D:\sdk\platform-tools\adb.exe' with args: ["-P",5037,"-s","K4Q6T16713001686","shell","echo","ping"]
2018-04-07 05:48:46:152 - warn: [AndroidDriver] setDeviceLanguageCountry requires language or country.
2018-04-07 05:48:46:152 - warn: [AndroidDriver] Got language: 'null' and country: 'null'
2018-04-07 05:48:46:154 - info: [debug] [Logcat] Starting logcat capture
2018-04-07 05:48:46:248 - info: [debug] [AndroidDriver] Enabling Unicode keyboard support
2018-04-07 05:48:46:248 - info: [debug] [AndroidDriver] Pushing unicode ime to device...
2018-04-07 05:48:46:249 - info: [debug] [ADB] Running 'D:\sdk\platform-tools\adb.exe' with args: ["-P",5037,"-s","K4Q6T16713001686","install","C:\\Users\\Myron.Guo\\AppData\\Roaming\\npm\\node_modules\\appium\\node_modules\\appium-android-ime\\bin\\UnicodeIME-debug.apk"]
2018-04-07 05:48:47:367 - info: [debug] [ADB] Getting connected devices...
2018-04-07 05:48:47:442 - info: [debug] [ADB] 1 device(s) connected
2018-04-07 05:48:47:442 - info: [debug] [ADB] Running 'D:\sdk\platform-tools\adb.exe' with args: ["-P",5037,"-s","K4Q6T16713001686","shell","settings","get","secure","default_input_method"]
2018-04-07 05:48:48:160 - info: [debug] [AndroidDriver] Unsetting previous IME io.appium.android.ime/.UnicodeIME
2018-04-07 05:48:48:160 - info: [debug] [AndroidDriver] Setting IME to 'io.appium.android.ime/.UnicodeIME'
2018-04-07 05:48:48:161 - info: [debug] [ADB] Getting connected devices...
2018-04-07 05:48:48:238 - info: [debug] [ADB] 1 device(s) connected
2018-04-07 05:48:48:238 - info: [debug] [ADB] Running 'D:\sdk\platform-tools\adb.exe' with args: ["-P",5037,"-s","K4Q6T16713001686","shell","ime","enable","io.appium.android.ime/.UnicodeIME"]
2018-04-07 05:48:48:929 - info: [debug] [ADB] Getting connected devices...
2018-04-07 05:48:49:007 - info: [debug] [ADB] 1 device(s) connected
2018-04-07 05:48:49:007 - info: [debug] [ADB] Running 'D:\sdk\platform-tools\adb.exe' with args: ["-P",5037,"-s","K4Q6T16713001686","shell","ime","set","io.appium.android.ime/.UnicodeIME"]
2018-04-07 05:48:49:735 - info: [debug] [AndroidDriver] Pushing settings apk to device...
2018-04-07 05:48:49:736 - info: [debug] [ADB] Getting install status for io.appium.settings
2018-04-07 05:48:49:736 - info: [debug] [ADB] Getting connected devices...
2018-04-07 05:48:49:809 - info: [debug] [ADB] 1 device(s) connected
2018-04-07 05:48:49:809 - info: [debug] [ADB] Running 'D:\sdk\platform-tools\adb.exe' with args: ["-P",5037,"-s","K4Q6T16713001686","shell","pm","list","packages","io.appium.settings"]
2018-04-07 05:48:50:513 - info: [debug] [ADB] App is installed
2018-04-07 05:48:50:513 - info: [debug] [ADB] Getting package info for io.appium.settings
2018-04-07 05:48:50:513 - info: [debug] [ADB] Getting connected devices...
2018-04-07 05:48:50:606 - info: [debug] [ADB] 1 device(s) connected
2018-04-07 05:48:50:606 - info: [debug] [ADB] Running 'D:\sdk\platform-tools\adb.exe' with args: ["-P",5037,"-s","K4Q6T16713001686","shell","dumpsys","package","io.appium.settings"]
2018-04-07 05:48:50:764 - info: [ADB] Checking whether aapt is present
2018-04-07 05:48:50:862 - info: [debug] [ADB] The installed 'io.appium.settings' package does not require upgrade (5 >= 5)
2018-04-07 05:48:50:865 - info: [debug] [ADB] Device API level: 24
2018-04-07 05:48:50:865 - info: [debug] [ADB] Getting connected devices...
2018-04-07 05:48:50:946 - info: [debug] [ADB] 1 device(s) connected
2018-04-07 05:48:50:948 - info: [debug] [ADB] Running 'D:\sdk\platform-tools\adb.exe' with args: ["-P",5037,"-s","K4Q6T16713001686","shell","dumpsys","package","io.appium.settings"]
2018-04-07 05:48:51:086 - info: [debug] [ADB] Getting connected devices...
2018-04-07 05:48:51:175 - info: [debug] [ADB] 1 device(s) connected
2018-04-07 05:48:51:175 - info: [debug] [ADB] Running 'D:\sdk\platform-tools\adb.exe' with args: ["-P",5037,"-s","K4Q6T16713001686","shell","pm","dump","io.appium.settings"]
2018-04-07 05:48:52:319 - info: [debug] [ADB] Got the following command chunks to execute: pm,grant,io.appium.settings,android.permission.WRITE_SETTINGS,;,pm,grant,io.appium.settings,android.permission.ACCESS_MOCK_LOCATION,;
2018-04-07 05:48:52:319 - info: [debug] [ADB] Getting connected devices...
2018-04-07 05:48:52:404 - info: [debug] [ADB] 1 device(s) connected
2018-04-07 05:48:52:404 - info: [debug] [ADB] Running 'D:\sdk\platform-tools\adb.exe' with args: ["-P",5037,"-s","K4Q6T16713001686","shell","pm","grant","io.appium.settings","android.permission.WRITE_SETTINGS",";","pm","grant","io.appium.settings","android.permission.ACCESS_MOCK_LOCATION",";"]
2018-04-07 05:48:53:734 - info: [debug] [ADB] Getting connected devices...
2018-04-07 05:48:53:922 - info: [debug] [ADB] 1 device(s) connected
2018-04-07 05:48:53:922 - info: [debug] [ADB] Running 'D:\sdk\platform-tools\adb.exe' with args: ["-P",5037,"-s","K4Q6T16713001686","shell","ps"]
2018-04-07 05:48:54:096 - info: [debug] [ADB] Device API level: 24
2018-04-07 05:48:54:097 - info: [debug] [ADB] Getting connected devices...
2018-04-07 05:48:54:210 - info: [debug] [ADB] 1 device(s) connected
2018-04-07 05:48:54:211 - info: [debug] [ADB] Running 'D:\sdk\platform-tools\adb.exe' with args: ["-P",5037,"-s","K4Q6T16713001686","shell","appops","set","io.appium.settings","android:mock_location","allow"]
2018-04-07 05:48:54:332 - info: [debug] [AndroidDriver] Pushing unlock helper app to device...
2018-04-07 05:48:54:332 - info: [debug] [ADB] Getting install status for io.appium.unlock
2018-04-07 05:48:54:332 - info: [debug] [ADB] Getting connected devices...
2018-04-07 05:48:54:420 - info: [debug] [ADB] 1 device(s) connected
2018-04-07 05:48:54:420 - info: [debug] [ADB] Running 'D:\sdk\platform-tools\adb.exe' with args: ["-P",5037,"-s","K4Q6T16713001686","shell","pm","list","packages","io.appium.unlock"]
2018-04-07 05:48:55:133 - info: [debug] [ADB] App is installed
2018-04-07 05:48:55:134 - info: [debug] [ADB] Getting package info for io.appium.unlock
2018-04-07 05:48:55:134 - info: [debug] [ADB] Getting connected devices...
2018-04-07 05:48:55:242 - info: [debug] [ADB] 1 device(s) connected
2018-04-07 05:48:55:242 - info: [debug] [ADB] Running 'D:\sdk\platform-tools\adb.exe' with args: ["-P",5037,"-s","K4Q6T16713001686","shell","dumpsys","package","io.appium.unlock"]
2018-04-07 05:48:55:388 - info: [ADB] Checking whether aapt is present
2018-04-07 05:48:55:437 - info: [debug] [ADB] The installed 'io.appium.unlock' package does not require upgrade (2 >= 2)
2018-04-07 05:48:55:438 - info: [debug] [UiAutomator2] Forwarding UiAutomator2 Server port 6790 to 8217
2018-04-07 05:48:55:439 - info: [debug] [ADB] Forwarding system: 8217 to device: 6790
2018-04-07 05:48:55:440 - info: [debug] [ADB] Running 'D:\sdk\platform-tools\adb.exe' with args: ["-P",5037,"-s","K4Q6T16713001686","forward","tcp:8217","tcp:6790"]
2018-04-07 05:48:55:525 - info: [debug] [ADB] Getting connected devices...
2018-04-07 05:48:55:656 - info: [debug] [ADB] 1 device(s) connected
2018-04-07 05:48:55:656 - info: [debug] [ADB] Running 'D:\sdk\platform-tools\adb.exe' with args: ["-P",5037,"-s","K4Q6T16713001686","shell","dumpsys","window"]
2018-04-07 05:48:55:818 - info: [AndroidDriver] Screen already unlocked, doing nothing
2018-04-07 05:48:55:819 - info: [debug] [AndroidDriver] Extracting strings from apk ../apk/wdfp.apk null C:\Users\Myron.Guo\AppData\Local\Temp\com.elephant.myinvoice
2018-04-07 05:48:55:831 - info: [debug] [ADB] Extracting strings for language: default
2018-04-07 05:48:55:832 - info: [debug] [ADB] Device API level: 24
2018-04-07 05:48:55:833 - info: [debug] [ADB] Getting connected devices...
2018-04-07 05:48:55:947 - info: [debug] [ADB] 1 device(s) connected
2018-04-07 05:48:55:947 - info: [debug] [ADB] Running 'D:\sdk\platform-tools\adb.exe' with args: ["-P",5037,"-s","K4Q6T16713001686","shell","getprop","persist.sys.locale"]
2018-04-07 05:48:56:083 - info: [debug] [ADB] Current device property 'persist.sys.locale': zh-CN
2018-04-07 05:48:57:545 - info: [debug] [ADB] Reading strings from converted strings.json
2018-04-07 05:48:57:547 - info: [debug] [ADB] Running 'D:\sdk\platform-tools\adb.exe' with args: ["-P",5037,"-s","K4Q6T16713001686","push","C:\\Users\\Myron.Guo\\AppData\\Local\\Temp\\com.elephant.myinvoice\\strings.json","/data/local/tmp"]
2018-04-07 05:48:57:932 - info: [debug] [ADB] Checking app cert for ../apk/wdfp.apk
2018-04-07 05:48:57:938 - warn: [ADB] Cannot use apksigner tool for signature verification. Defaulting to verify.jar. Original error: Could not find apksigner.bat in D:\sdk\platform-tools\apksigner.bat,D:\sdk\emulator\apksigner.bat,D:\sdk\tools\apksigner.bat,D:\sdk\tools\bin\apksigner.bat,D:\sdk\build-tools\android-4.3\apksigner.bat, or supported build-tools under D:\sdk do you have the Android SDK installed at this location?
2018-04-07 05:48:59:615 - info: [debug] [ADB] '../apk/wdfp.apk' is already signed.
2018-04-07 05:48:59:904 - info: [AndroidDriver] Remote apk path is /data/local/tmp/4a9053f45d358d0242a66992e1a83312.apk
2018-04-07 05:48:59:904 - info: [debug] [ADB] Getting connected devices...
2018-04-07 05:49:00:063 - info: [debug] [ADB] 1 device(s) connected
2018-04-07 05:49:00:064 - info: [debug] [ADB] Running 'D:\sdk\platform-tools\adb.exe' with args: ["-P",5037,"-s","K4Q6T16713001686","shell","ls","/data/local/tmp/4a9053f45d358d0242a66992e1a83312.apk"]
2018-04-07 05:49:00:201 - info: [debug] [AndroidDriver] Checking if app is installed
2018-04-07 05:49:00:201 - info: [debug] [ADB] Getting install status for com.elephant.myinvoice
2018-04-07 05:49:00:202 - info: [debug] [ADB] Getting connected devices...
2018-04-07 05:49:00:310 - info: [debug] [ADB] 1 device(s) connected
2018-04-07 05:49:00:311 - info: [debug] [ADB] Running 'D:\sdk\platform-tools\adb.exe' with args: ["-P",5037,"-s","K4Q6T16713001686","shell","pm","list","packages","com.elephant.myinvoice"]
2018-04-07 05:49:01:061 - info: [debug] [ADB] App is not installed
2018-04-07 05:49:01:062 - info: [AndroidDriver] Apk is not yet installed
2018-04-07 05:49:01:062 - info: [AndroidDriver] installing apk from remote
2018-04-07 05:49:01:062 - info: [debug] [ADB] Getting connected devices...
2018-04-07 05:49:01:140 - info: [debug] [ADB] 1 device(s) connected
2018-04-07 05:49:01:141 - info: [debug] [ADB] Running 'D:\sdk\platform-tools\adb.exe' with args: ["-P",5037,"-s","K4Q6T16713001686","shell","mkdir","-p","/data/local/tmp"]
2018-04-07 05:49:01:265 - info: [AndroidDriver] Clearing out any existing remote apks with the same hash
2018-04-07 05:49:01:266 - info: [debug] [AndroidDriver] Removing any old apks
2018-04-07 05:49:01:266 - info: [debug] [AndroidDriver] Except ["4a9053f45d358d0242a66992e1a83312"]
2018-04-07 05:49:01:267 - info: [debug] [ADB] Getting connected devices...
2018-04-07 05:49:01:358 - info: [debug] [ADB] 1 device(s) connected
2018-04-07 05:49:01:358 - info: [debug] [ADB] Running 'D:\sdk\platform-tools\adb.exe' with args: ["-P",5037,"-s","K4Q6T16713001686","shell","ls","/data/local/tmp/*.apk"]
2018-04-07 05:49:01:476 - info: [debug] [ADB] Uninstalling com.elephant.myinvoice
2018-04-07 05:49:01:476 - info: [debug] [ADB] Getting install status for com.elephant.myinvoice
2018-04-07 05:49:01:478 - info: [debug] [ADB] Getting connected devices...
2018-04-07 05:49:01:589 - info: [debug] [ADB] 1 device(s) connected
2018-04-07 05:49:01:590 - info: [debug] [ADB] Running 'D:\sdk\platform-tools\adb.exe' with args: ["-P",5037,"-s","K4Q6T16713001686","shell","pm","list","packages","com.elephant.myinvoice"]
2018-04-07 05:49:02:378 - info: [debug] [ADB] App is not installed
2018-04-07 05:49:02:378 - info: [ADB] com.elephant.myinvoice was not uninstalled, because it was not present on the device
2018-04-07 05:49:02:379 - info: [debug] [ADB] Getting connected devices...
2018-04-07 05:49:02:467 - info: [debug] [ADB] 1 device(s) connected
2018-04-07 05:49:02:467 - info: [debug] [ADB] Running 'D:\sdk\platform-tools\adb.exe' with args: ["-P",5037,"-s","K4Q6T16713001686","shell","pm","install","-r","/data/local/tmp/4a9053f45d358d0242a66992e1a83312.apk"]
2018-04-07 05:49:07:181 - info: [debug] [ADB] Getting connected devices...
2018-04-07 05:49:07:262 - info: [debug] [ADB] 1 device(s) connected
2018-04-07 05:49:07:262 - info: [debug] [ADB] Running 'D:\sdk\platform-tools\adb.exe' with args: ["-P",5037,"-s","K4Q6T16713001686","shell","am","force-stop","io.appium.uiautomator2.server"]
2018-04-07 05:49:08:034 - info: [UiAutomator2] Starting uiautomator2 server v0.3.0
2018-04-07 05:49:08:035 - info: [UiAutomator2] Running command: 'adb -s K4Q6T16713001686 shell am instrument -w io.appium.uiautomator2.server.test/android.support.test.runner.AndroidJUnitRunner'
2018-04-07 05:49:08:038 - info: [UiAutomator2] Waiting up to 20000ms for UiAutomator2 to be online...
2018-04-07 05:49:08:040 - info: [debug] [JSONWP Proxy] Proxying [GET /status] to [GET http://localhost:8217/wd/hub/status] with no body
2018-04-07 05:49:09:077 - info: [debug] [JSONWP Proxy] Proxying [GET /status] to [GET http://localhost:8217/wd/hub/status] with no body
2018-04-07 05:49:10:087 - info: [debug] [JSONWP Proxy] Proxying [GET /status] to [GET http://localhost:8217/wd/hub/status] with no body
2018-04-07 05:49:11:094 - info: [debug] [JSONWP Proxy] Proxying [GET /status] to [GET http://localhost:8217/wd/hub/status] with no body
2018-04-07 05:49:11:121 - info: [debug] [JSONWP Proxy] Got response with status 200: "{\"sessionId\":\"SESSIONID\",\"status\":0,\"value\":\"Status Invoked\"}"
2018-04-07 05:49:11:122 - info: [debug] [JSONWP Proxy] Proxying [POST /session] to [POST http://localhost:8217/wd/hub/session] with body: {"desiredCapabilities":{"platform":"LINUX","webStorageEnabled":false,"takesScreenshot":true,"javascriptEnabled":true,"databaseEnabled":false,"networkConnectionEnabled":true,"locationContextEnabled":false,"warnings":{},"desired":{"deviceName":"K4Q6T16713001686","unicodeKeyboard":true,"automationName":"uiautomator2","resetKeyboard":true,"platformName":"Android","app":"../apk/wdfp.apk","udid":"K4Q6T16713001686","noReset":true},"deviceName":"K4Q6T16713001686","unicodeKeyboard":true,"automationName":"uiautomator2","resetKeyboard":true,"platformName":"Android","app":"../apk/wdfp.apk","udid":"K4Q6T16713001686","noReset":true,"deviceUDID":"K4Q6T16713001686","platformVersion":"7.0","deviceScreenSize":"1080x1920","deviceScreenDensity":480,"deviceModel":"NEM-AL10","deviceManufacturer":"HUAWEI","appPackage":"com.elephant.myinvoice"}}
2018-04-07 05:49:11:135 - info: [debug] [JSONWP Proxy] Got response with status 200: {"sessionId":"cc36e87a-ef01-407b-a9a8-8790a2345e48","status":0,"value":"Created Session"}
2018-04-07 05:49:11:136 - info: [UiAutomator2] UiAutomator2 did not start the activity we were waiting for, 'com.elephant.myinvoice/com.elephant.myinvoice.MainActivity'. Starting it ourselves
2018-04-07 05:49:11:137 - info: [debug] [ADB] Device API level: 24
2018-04-07 05:49:11:138 - info: [debug] [ADB] Getting connected devices...
2018-04-07 05:49:11:217 - info: [debug] [ADB] 1 device(s) connected
2018-04-07 05:49:11:217 - info: [debug] [ADB] Running 'D:\sdk\platform-tools\adb.exe' with args: ["-P",5037,"-s","K4Q6T16713001686","shell","am","start","-W","-n","com.elephant.myinvoice/com.elephant.myinvoice.MainActivity","-S","-a","android.intent.action.MAIN","-c","android.intent.category.LAUNCHER","-f","0x10200000"]
2018-04-07 05:49:13:072 - info: [debug] [ADB] Waiting up to 20000ms for activity matching pkg: 'com.elephant.myinvoice' and activity: 'com.elephant.myinvoice.MainActivity' to be focused
2018-04-07 05:49:13:073 - info: [debug] [ADB] Possible activities, to be checked: 'com.elephant.myinvoice.MainActivity'
2018-04-07 05:49:13:074 - info: [debug] [ADB] Getting focused package and activity
2018-04-07 05:49:13:074 - info: [debug] [ADB] Getting connected devices...
2018-04-07 05:49:13:211 - info: [debug] [ADB] 1 device(s) connected
2018-04-07 05:49:13:211 - info: [debug] [ADB] Running 'D:\sdk\platform-tools\adb.exe' with args: ["-P",5037,"-s","K4Q6T16713001686","shell","dumpsys","window","windows"]
2018-04-07 05:49:13:374 - info: [debug] [ADB] Found package: 'com.elephant.myinvoice' and fully qualified activity name : 'com.elephant.myinvoice.MainActivity'
2018-04-07 05:49:13:375 - info: [Appium] New AndroidUiautomator2Driver session created successfully, session 089d7648-b585-4835-9c37-1db75050f9ba added to master session list
2018-04-07 05:49:13:376 - info: [debug] [BaseDriver] Event 'newSessionStarted' logged at 1523080153376 (13:49:13 GMT+0800 (China Standard Time))
2018-04-07 05:49:13:377 - info: [debug] [MJSONWP] Responding to client with driver.createSession() result: {"deviceName":"K4Q6T16713001686","unicodeKeyboard":true,"automationName":"uiautomator2","resetKeyboard":true,"platformName":"Android","app":"../apk/wdfp.apk","udid":"K4Q6T16713001686","noReset":true}
2018-04-07 05:49:13:384 - info: [HTTP] <-- POST /wd/hub/session 200 34739 ms - 271 
2018-04-07 05:49:15:399 - info: [HTTP] --> GET /wd/hub/session/089d7648-b585-4835-9c37-1db75050f9ba/window/current/size {}
2018-04-07 05:49:15:403 - info: [MJSONWP] Driver proxy active, passing request on via HTTP proxy
2018-04-07 05:49:15:406 - info: [debug] [JSONWP Proxy] Proxying [GET /wd/hub/session/089d7648-b585-4835-9c37-1db75050f9ba/window/current/size] to [GET http://localhost:8217/wd/hub/session/cc36e87a-ef01-407b-a9a8-8790a2345e48/window/current/size] with body: {}
2018-04-07 05:49:15:425 - info: [debug] [JSONWP Proxy] Got response with status 200: "{\"sessionId\":\"cc36e87a-ef01-407b-a9a8-8790a2345e48\",\"status\":0,\"value\":{\"height\":1812,\"width\":1080}}"
2018-04-07 05:49:15:426 - info: [JSONWP Proxy] Replacing sessionId cc36e87a-ef01-407b-a9a8-8790a2345e48 with 089d7648-b585-4835-9c37-1db75050f9ba
2018-04-07 05:49:15:428 - info: [HTTP] <-- GET /wd/hub/session/089d7648-b585-4835-9c37-1db75050f9ba/window/current/size 200 28 ms - 100 
2018-04-07 05:49:15:431 - info: [HTTP] --> GET /wd/hub/session/089d7648-b585-4835-9c37-1db75050f9ba/window/current/size {}
2018-04-07 05:49:15:433 - info: [MJSONWP] Driver proxy active, passing request on via HTTP proxy
2018-04-07 05:49:15:434 - info: [debug] [JSONWP Proxy] Proxying [GET /wd/hub/session/089d7648-b585-4835-9c37-1db75050f9ba/window/current/size] to [GET http://localhost:8217/wd/hub/session/cc36e87a-ef01-407b-a9a8-8790a2345e48/window/current/size] with body: {}
2018-04-07 05:49:15:451 - info: [debug] [JSONWP Proxy] Got response with status 200: "{\"sessionId\":\"cc36e87a-ef01-407b-a9a8-8790a2345e48\",\"status\":0,\"value\":{\"height\":1812,\"width\":1080}}"
2018-04-07 05:49:15:452 - info: [JSONWP Proxy] Replacing sessionId cc36e87a-ef01-407b-a9a8-8790a2345e48 with 089d7648-b585-4835-9c37-1db75050f9ba
2018-04-07 05:49:15:453 - info: [HTTP] <-- GET /wd/hub/session/089d7648-b585-4835-9c37-1db75050f9ba/window/current/size 200 21 ms - 100 
2018-04-07 05:49:15:457 - info: [HTTP] --> POST /wd/hub/session/089d7648-b585-4835-9c37-1db75050f9ba/touch/perform {"sessionId":"089d7648-b585-4835-9c37-1db75050f9ba","actions":[{"action":"press","options":{"y":1629,"x":540}},{"action":"wait","options":{"ms":2000}},{"action":"moveTo","options":{"y":181,"x":540}},{"action":"release","options":{}}]}
2018-04-07 05:49:15:459 - info: [debug] [MJSONWP] Calling AppiumDriver.performTouch() with args: [[{"action":"press","options":{"y":1629,"x":540}},{"action":"wait","options":{"ms":2000}},{"action":"moveTo","options":{"y":181,"x":540}},{"action":"release","options":{}}],"089d7648-b585-4835-9c37-1db75050f9ba"]
2018-04-07 05:49:15:463 - info: [debug] [JSONWP Proxy] Proxying [POST /touch/perform] to [POST http://localhost:8217/wd/hub/session/cc36e87a-ef01-407b-a9a8-8790a2345e48/touch/perform] with body: {"startX":540,"startY":1629,"endX":540,"endY":181,"steps":56}
2018-04-07 05:49:16:433 - info: [debug] [JSONWP Proxy] Got response with status 200: {"sessionId":"cc36e87a-ef01-407b-a9a8-8790a2345e48","status":0,"value":true}
2018-04-07 05:49:16:435 - info: [debug] [MJSONWP] Responding to client with driver.performTouch() result: true
2018-04-07 05:49:16:438 - info: [HTTP] <-- POST /wd/hub/session/089d7648-b585-4835-9c37-1db75050f9ba/touch/perform 200 980 ms - 76 
2018-04-07 05:49:17:445 - info: [HTTP] --> GET /wd/hub/session/089d7648-b585-4835-9c37-1db75050f9ba/window/current/size {}
2018-04-07 05:49:17:446 - info: [MJSONWP] Driver proxy active, passing request on via HTTP proxy
2018-04-07 05:49:17:446 - info: [debug] [JSONWP Proxy] Proxying [GET /wd/hub/session/089d7648-b585-4835-9c37-1db75050f9ba/window/current/size] to [GET http://localhost:8217/wd/hub/session/cc36e87a-ef01-407b-a9a8-8790a2345e48/window/current/size] with body: {}
2018-04-07 05:49:17:468 - info: [debug] [JSONWP Proxy] Got response with status 200: "{\"sessionId\":\"cc36e87a-ef01-407b-a9a8-8790a2345e48\",\"status\":0,\"value\":{\"height\":1812,\"width\":1080}}"
2018-04-07 05:49:17:468 - info: [JSONWP Proxy] Replacing sessionId cc36e87a-ef01-407b-a9a8-8790a2345e48 with 089d7648-b585-4835-9c37-1db75050f9ba
2018-04-07 05:49:17:470 - info: [HTTP] <-- GET /wd/hub/session/089d7648-b585-4835-9c37-1db75050f9ba/window/current/size 200 24 ms - 100 
2018-04-07 05:49:17:474 - info: [HTTP] --> GET /wd/hub/session/089d7648-b585-4835-9c37-1db75050f9ba/window/current/size {}
2018-04-07 05:49:17:475 - info: [MJSONWP] Driver proxy active, passing request on via HTTP proxy
2018-04-07 05:49:17:476 - info: [debug] [JSONWP Proxy] Proxying [GET /wd/hub/session/089d7648-b585-4835-9c37-1db75050f9ba/window/current/size] to [GET http://localhost:8217/wd/hub/session/cc36e87a-ef01-407b-a9a8-8790a2345e48/window/current/size] with body: {}
2018-04-07 05:49:17:491 - info: [debug] [JSONWP Proxy] Got response with status 200: "{\"sessionId\":\"cc36e87a-ef01-407b-a9a8-8790a2345e48\",\"status\":0,\"value\":{\"height\":1812,\"width\":1080}}"
2018-04-07 05:49:17:491 - info: [JSONWP Proxy] Replacing sessionId cc36e87a-ef01-407b-a9a8-8790a2345e48 with 089d7648-b585-4835-9c37-1db75050f9ba
2018-04-07 05:49:17:492 - info: [HTTP] <-- GET /wd/hub/session/089d7648-b585-4835-9c37-1db75050f9ba/window/current/size 200 17 ms - 100 
2018-04-07 05:49:17:498 - info: [HTTP] --> POST /wd/hub/session/089d7648-b585-4835-9c37-1db75050f9ba/touch/perform {"sessionId":"089d7648-b585-4835-9c37-1db75050f9ba","actions":[{"action":"press","options":{"y":906,"x":972}},{"action":"wait","options":{"ms":1000}},{"action":"moveTo","options":{"y":906,"x":108}},{"action":"release","options":{}}]}
2018-04-07 05:49:17:498 - info: [debug] [MJSONWP] Calling AppiumDriver.performTouch() with args: [[{"action":"press","options":{"y":906,"x":972}},{"action":"wait","options":{"ms":1000}},{"action":"moveTo","options":{"y":906,"x":108}},{"action":"release","options":{}}],"089d7648-b585-4835-9c37-1db75050f9ba"]
2018-04-07 05:49:17:500 - info: [debug] [JSONWP Proxy] Proxying [POST /touch/perform] to [POST http://localhost:8217/wd/hub/session/cc36e87a-ef01-407b-a9a8-8790a2345e48/touch/perform] with body: {"startX":972,"startY":906,"endX":108,"endY":906,"steps":28}
2018-04-07 05:49:17:969 - info: [debug] [JSONWP Proxy] Got response with status 200: {"sessionId":"cc36e87a-ef01-407b-a9a8-8790a2345e48","status":0,"value":true}
2018-04-07 05:49:17:970 - info: [debug] [MJSONWP] Responding to client with driver.performTouch() result: true
2018-04-07 05:49:17:971 - info: [HTTP] <-- POST /wd/hub/session/089d7648-b585-4835-9c37-1db75050f9ba/touch/perform 200 473 ms - 76 
2018-04-07 05:49:18:976 - info: [HTTP] --> GET /wd/hub/session/089d7648-b585-4835-9c37-1db75050f9ba/window/current/size {}
2018-04-07 05:49:18:977 - info: [MJSONWP] Driver proxy active, passing request on via HTTP proxy
2018-04-07 05:49:18:978 - info: [debug] [JSONWP Proxy] Proxying [GET /wd/hub/session/089d7648-b585-4835-9c37-1db75050f9ba/window/current/size] to [GET http://localhost:8217/wd/hub/session/cc36e87a-ef01-407b-a9a8-8790a2345e48/window/current/size] with body: {}
2018-04-07 05:49:18:995 - info: [debug] [JSONWP Proxy] Got response with status 200: "{\"sessionId\":\"cc36e87a-ef01-407b-a9a8-8790a2345e48\",\"status\":0,\"value\":{\"height\":1812,\"width\":1080}}"
2018-04-07 05:49:18:995 - info: [JSONWP Proxy] Replacing sessionId cc36e87a-ef01-407b-a9a8-8790a2345e48 with 089d7648-b585-4835-9c37-1db75050f9ba
2018-04-07 05:49:18:996 - info: [HTTP] <-- GET /wd/hub/session/089d7648-b585-4835-9c37-1db75050f9ba/window/current/size 200 20 ms - 100 
2018-04-07 05:49:18:999 - info: [HTTP] --> GET /wd/hub/session/089d7648-b585-4835-9c37-1db75050f9ba/window/current/size {}
2018-04-07 05:49:19:001 - info: [MJSONWP] Driver proxy active, passing request on via HTTP proxy
2018-04-07 05:49:19:002 - info: [debug] [JSONWP Proxy] Proxying [GET /wd/hub/session/089d7648-b585-4835-9c37-1db75050f9ba/window/current/size] to [GET http://localhost:8217/wd/hub/session/cc36e87a-ef01-407b-a9a8-8790a2345e48/window/current/size] with body: {}
2018-04-07 05:49:19:019 - info: [debug] [JSONWP Proxy] Got response with status 200: "{\"sessionId\":\"cc36e87a-ef01-407b-a9a8-8790a2345e48\",\"status\":0,\"value\":{\"height\":1812,\"width\":1080}}"
2018-04-07 05:49:19:020 - info: [JSONWP Proxy] Replacing sessionId cc36e87a-ef01-407b-a9a8-8790a2345e48 with 089d7648-b585-4835-9c37-1db75050f9ba
2018-04-07 05:49:19:021 - info: [HTTP] <-- GET /wd/hub/session/089d7648-b585-4835-9c37-1db75050f9ba/window/current/size 200 21 ms - 100 
2018-04-07 05:49:19:024 - info: [HTTP] --> POST /wd/hub/session/089d7648-b585-4835-9c37-1db75050f9ba/touch/perform {"sessionId":"089d7648-b585-4835-9c37-1db75050f9ba","actions":[{"action":"press","options":{"y":906,"x":972}},{"action":"wait","options":{"ms":1000}},{"action":"moveTo","options":{"y":906,"x":108}},{"action":"release","options":{}}]}
2018-04-07 05:49:19:024 - info: [debug] [MJSONWP] Calling AppiumDriver.performTouch() with args: [[{"action":"press","options":{"y":906,"x":972}},{"action":"wait","options":{"ms":1000}},{"action":"moveTo","options":{"y":906,"x":108}},{"action":"release","options":{}}],"089d7648-b585-4835-9c37-1db75050f9ba"]
2018-04-07 05:49:19:027 - info: [debug] [JSONWP Proxy] Proxying [POST /touch/perform] to [POST http://localhost:8217/wd/hub/session/cc36e87a-ef01-407b-a9a8-8790a2345e48/touch/perform] with body: {"startX":972,"startY":906,"endX":108,"endY":906,"steps":28}
2018-04-07 05:49:19:499 - info: [debug] [JSONWP Proxy] Got response with status 200: {"sessionId":"cc36e87a-ef01-407b-a9a8-8790a2345e48","status":0,"value":true}
2018-04-07 05:49:19:500 - info: [debug] [MJSONWP] Responding to client with driver.performTouch() result: true
2018-04-07 05:49:19:501 - info: [HTTP] <-- POST /wd/hub/session/089d7648-b585-4835-9c37-1db75050f9ba/touch/perform 200 480 ms - 76 
2018-04-07 05:49:20:505 - info: [HTTP] --> GET /wd/hub/session/089d7648-b585-4835-9c37-1db75050f9ba/window/current/size {}
2018-04-07 05:49:20:507 - info: [MJSONWP] Driver proxy active, passing request on via HTTP proxy
2018-04-07 05:49:20:510 - info: [debug] [JSONWP Proxy] Proxying [GET /wd/hub/session/089d7648-b585-4835-9c37-1db75050f9ba/window/current/size] to [GET http://localhost:8217/wd/hub/session/cc36e87a-ef01-407b-a9a8-8790a2345e48/window/current/size] with body: {}
2018-04-07 05:49:20:528 - info: [debug] [JSONWP Proxy] Got response with status 200: "{\"sessionId\":\"cc36e87a-ef01-407b-a9a8-8790a2345e48\",\"status\":0,\"value\":{\"height\":1812,\"width\":1080}}"
2018-04-07 05:49:20:529 - info: [JSONWP Proxy] Replacing sessionId cc36e87a-ef01-407b-a9a8-8790a2345e48 with 089d7648-b585-4835-9c37-1db75050f9ba
2018-04-07 05:49:20:530 - info: [HTTP] <-- GET /wd/hub/session/089d7648-b585-4835-9c37-1db75050f9ba/window/current/size 200 24 ms - 100 
2018-04-07 05:49:20:535 - info: [HTTP] --> GET /wd/hub/session/089d7648-b585-4835-9c37-1db75050f9ba/window/current/size {}
2018-04-07 05:49:20:536 - info: [MJSONWP] Driver proxy active, passing request on via HTTP proxy
2018-04-07 05:49:20:537 - info: [debug] [JSONWP Proxy] Proxying [GET /wd/hub/session/089d7648-b585-4835-9c37-1db75050f9ba/window/current/size] to [GET http://localhost:8217/wd/hub/session/cc36e87a-ef01-407b-a9a8-8790a2345e48/window/current/size] with body: {}
2018-04-07 05:49:20:554 - info: [debug] [JSONWP Proxy] Got response with status 200: "{\"sessionId\":\"cc36e87a-ef01-407b-a9a8-8790a2345e48\",\"status\":0,\"value\":{\"height\":1812,\"width\":1080}}"
2018-04-07 05:49:20:554 - info: [JSONWP Proxy] Replacing sessionId cc36e87a-ef01-407b-a9a8-8790a2345e48 with 089d7648-b585-4835-9c37-1db75050f9ba
2018-04-07 05:49:20:555 - info: [HTTP] <-- GET /wd/hub/session/089d7648-b585-4835-9c37-1db75050f9ba/window/current/size 200 20 ms - 100 
2018-04-07 05:49:20:558 - info: [HTTP] --> POST /wd/hub/session/089d7648-b585-4835-9c37-1db75050f9ba/touch/perform {"sessionId":"089d7648-b585-4835-9c37-1db75050f9ba","actions":[{"action":"press","options":{"y":906,"x":972}},{"action":"wait","options":{"ms":1000}},{"action":"moveTo","options":{"y":906,"x":108}},{"action":"release","options":{}}]}
2018-04-07 05:49:20:559 - info: [debug] [MJSONWP] Calling AppiumDriver.performTouch() with args: [[{"action":"press","options":{"y":906,"x":972}},{"action":"wait","options":{"ms":1000}},{"action":"moveTo","options":{"y":906,"x":108}},{"action":"release","options":{}}],"089d7648-b585-4835-9c37-1db75050f9ba"]
2018-04-07 05:49:20:562 - info: [debug] [JSONWP Proxy] Proxying [POST /touch/perform] to [POST http://localhost:8217/wd/hub/session/cc36e87a-ef01-407b-a9a8-8790a2345e48/touch/perform] with body: {"startX":972,"startY":906,"endX":108,"endY":906,"steps":28}
2018-04-07 05:49:21:031 - info: [debug] [JSONWP Proxy] Got response with status 200: {"sessionId":"cc36e87a-ef01-407b-a9a8-8790a2345e48","status":0,"value":true}
2018-04-07 05:49:21:032 - info: [debug] [MJSONWP] Responding to client with driver.performTouch() result: true
2018-04-07 05:49:21:033 - info: [HTTP] <-- POST /wd/hub/session/089d7648-b585-4835-9c37-1db75050f9ba/touch/perform 200 474 ms - 76 
2018-04-07 05:49:22:037 - info: [HTTP] --> GET /wd/hub/session/089d7648-b585-4835-9c37-1db75050f9ba/window/current/size {}
2018-04-07 05:49:22:038 - info: [MJSONWP] Driver proxy active, passing request on via HTTP proxy
2018-04-07 05:49:22:039 - info: [debug] [JSONWP Proxy] Proxying [GET /wd/hub/session/089d7648-b585-4835-9c37-1db75050f9ba/window/current/size] to [GET http://localhost:8217/wd/hub/session/cc36e87a-ef01-407b-a9a8-8790a2345e48/window/current/size] with body: {}
2018-04-07 05:49:22:056 - info: [debug] [JSONWP Proxy] Got response with status 200: "{\"sessionId\":\"cc36e87a-ef01-407b-a9a8-8790a2345e48\",\"status\":0,\"value\":{\"height\":1812,\"width\":1080}}"
2018-04-07 05:49:22:057 - info: [JSONWP Proxy] Replacing sessionId cc36e87a-ef01-407b-a9a8-8790a2345e48 with 089d7648-b585-4835-9c37-1db75050f9ba
2018-04-07 05:49:22:058 - info: [HTTP] <-- GET /wd/hub/session/089d7648-b585-4835-9c37-1db75050f9ba/window/current/size 200 21 ms - 100 
2018-04-07 05:49:22:064 - info: [HTTP] --> GET /wd/hub/session/089d7648-b585-4835-9c37-1db75050f9ba/window/current/size {}
2018-04-07 05:49:22:065 - info: [MJSONWP] Driver proxy active, passing request on via HTTP proxy
2018-04-07 05:49:22:066 - info: [debug] [JSONWP Proxy] Proxying [GET /wd/hub/session/089d7648-b585-4835-9c37-1db75050f9ba/window/current/size] to [GET http://localhost:8217/wd/hub/session/cc36e87a-ef01-407b-a9a8-8790a2345e48/window/current/size] with body: {}
2018-04-07 05:49:22:086 - info: [debug] [JSONWP Proxy] Got response with status 200: "{\"sessionId\":\"cc36e87a-ef01-407b-a9a8-8790a2345e48\",\"status\":0,\"value\":{\"height\":1812,\"width\":1080}}"
2018-04-07 05:49:22:086 - info: [JSONWP Proxy] Replacing sessionId cc36e87a-ef01-407b-a9a8-8790a2345e48 with 089d7648-b585-4835-9c37-1db75050f9ba
2018-04-07 05:49:22:087 - info: [HTTP] <-- GET /wd/hub/session/089d7648-b585-4835-9c37-1db75050f9ba/window/current/size 200 23 ms - 100 
2018-04-07 05:49:22:091 - info: [HTTP] --> POST /wd/hub/session/089d7648-b585-4835-9c37-1db75050f9ba/touch/perform {"sessionId":"089d7648-b585-4835-9c37-1db75050f9ba","actions":[{"action":"press","options":{"y":906,"x":972}},{"action":"wait","options":{"ms":1000}},{"action":"moveTo","options":{"y":906,"x":108}},{"action":"release","options":{}}]}
2018-04-07 05:49:22:091 - info: [debug] [MJSONWP] Calling AppiumDriver.performTouch() with args: [[{"action":"press","options":{"y":906,"x":972}},{"action":"wait","options":{"ms":1000}},{"action":"moveTo","options":{"y":906,"x":108}},{"action":"release","options":{}}],"089d7648-b585-4835-9c37-1db75050f9ba"]
2018-04-07 05:49:22:093 - info: [debug] [JSONWP Proxy] Proxying [POST /touch/perform] to [POST http://localhost:8217/wd/hub/session/cc36e87a-ef01-407b-a9a8-8790a2345e48/touch/perform] with body: {"startX":972,"startY":906,"endX":108,"endY":906,"steps":28}
2018-04-07 05:49:22:562 - info: [debug] [JSONWP Proxy] Got response with status 200: {"sessionId":"cc36e87a-ef01-407b-a9a8-8790a2345e48","status":0,"value":true}
2018-04-07 05:49:22:563 - info: [debug] [MJSONWP] Responding to client with driver.performTouch() result: true
2018-04-07 05:49:22:563 - info: [HTTP] <-- POST /wd/hub/session/089d7648-b585-4835-9c37-1db75050f9ba/touch/perform 200 472 ms - 76 
2018-04-07 05:49:22:568 - info: [HTTP] --> POST /wd/hub/session/089d7648-b585-4835-9c37-1db75050f9ba/element {"using":"class name","sessionId":"089d7648-b585-4835-9c37-1db75050f9ba","value":"android.widget.ImageView"}
2018-04-07 05:49:22:568 - info: [debug] [MJSONWP] Calling AppiumDriver.findElement() with args: ["class name","android.widget.ImageView","089d7648-b585-4835-9c37-1db75050f9ba"]
2018-04-07 05:49:22:570 - info: [debug] [BaseDriver] Valid locator strategies for this request: xpath, id, class name, accessibility id, -android uiautomator
2018-04-07 05:49:22:571 - info: [debug] [BaseDriver] Valid locator strategies for this request: xpath, id, class name, accessibility id, -android uiautomator
2018-04-07 05:49:22:571 - info: [debug] [BaseDriver] Waiting up to 0 ms for condition
2018-04-07 05:49:22:573 - info: [debug] [JSONWP Proxy] Proxying [POST /element] to [POST http://localhost:8217/wd/hub/session/cc36e87a-ef01-407b-a9a8-8790a2345e48/element] with body: {"strategy":"class name","selector":"android.widget.ImageView","context":"","multiple":false}
2018-04-07 05:49:23:360 - info: [debug] [JSONWP Proxy] Got response with status 200: {"sessionId":"cc36e87a-ef01-407b-a9a8-8790a2345e48","status":0,"value":{"ELEMENT":"c5704a4a-38bf-4e77-bf10-c79fa72fa746"}}
2018-04-07 05:49:23:361 - info: [debug] [MJSONWP] Responding to client with driver.findElement() result: {"ELEMENT":"c5704a4a-38bf-4e77-bf10-c79fa72fa746"}
2018-04-07 05:49:23:362 - info: [HTTP] <-- POST /wd/hub/session/089d7648-b585-4835-9c37-1db75050f9ba/element 200 794 ms - 122 
2018-04-07 05:49:23:366 - info: [HTTP] --> POST /wd/hub/session/089d7648-b585-4835-9c37-1db75050f9ba/element/c5704a4a-38bf-4e77-bf10-c79fa72fa746/click {"sessionId":"089d7648-b585-4835-9c37-1db75050f9ba","id":"c5704a4a-38bf-4e77-bf10-c79fa72fa746"}
2018-04-07 05:49:23:366 - info: [debug] [MJSONWP] Calling AppiumDriver.click() with args: ["c5704a4a-38bf-4e77-bf10-c79fa72fa746","089d7648-b585-4835-9c37-1db75050f9ba"]
2018-04-07 05:49:23:367 - info: [debug] [JSONWP Proxy] Proxying [POST /element/c5704a4a-38bf-4e77-bf10-c79fa72fa746/click] to [POST http://localhost:8217/wd/hub/session/cc36e87a-ef01-407b-a9a8-8790a2345e48/element/c5704a4a-38bf-4e77-bf10-c79fa72fa746/click] with body: {"element":"c5704a4a-38bf-4e77-bf10-c79fa72fa746"}
2018-04-07 05:49:23:397 - info: [debug] [JSONWP Proxy] Got response with status 200: {"sessionId":"cc36e87a-ef01-407b-a9a8-8790a2345e48","status":0,"value":true}
2018-04-07 05:49:23:398 - info: [debug] [MJSONWP] Responding to client with driver.click() result: true
2018-04-07 05:49:23:398 - info: [HTTP] <-- POST /wd/hub/session/089d7648-b585-4835-9c37-1db75050f9ba/element/c5704a4a-38bf-4e77-bf10-c79fa72fa746/click 200 33 ms - 76 
2018-04-07 05:49:26:404 - info: [HTTP] --> POST /wd/hub/session/089d7648-b585-4835-9c37-1db75050f9ba/elements {"using":"class name","sessionId":"089d7648-b585-4835-9c37-1db75050f9ba","value":"android.widget.EditText"}
2018-04-07 05:49:26:405 - info: [debug] [MJSONWP] Calling AppiumDriver.findElements() with args: ["class name","android.widget.EditText","089d7648-b585-4835-9c37-1db75050f9ba"]
2018-04-07 05:49:26:406 - info: [debug] [BaseDriver] Valid locator strategies for this request: xpath, id, class name, accessibility id, -android uiautomator
2018-04-07 05:49:26:406 - info: [debug] [BaseDriver] Valid locator strategies for this request: xpath, id, class name, accessibility id, -android uiautomator
2018-04-07 05:49:26:407 - info: [debug] [BaseDriver] Waiting up to 0 ms for condition
2018-04-07 05:49:26:409 - info: [debug] [JSONWP Proxy] Proxying [POST /elements] to [POST http://localhost:8217/wd/hub/session/cc36e87a-ef01-407b-a9a8-8790a2345e48/elements] with body: {"strategy":"class name","selector":"android.widget.EditText","context":"","multiple":true}
2018-04-07 05:49:26:442 - info: [debug] [JSONWP Proxy] Got response with status 200: {"sessionId":"cc36e87a-ef01-407b-a9a8-8790a2345e48","status":0,"value":[{"ELEMENT":"cfc93d11-c7ca-48ba-b566-767472152409"},{"ELEMENT":"39570fa0-8374-4dd8-a38e-20210823ddf6"}]}
2018-04-07 05:49:26:443 - info: [debug] [MJSONWP] Responding to client with driver.findElements() result: [{"ELEMENT":"cfc93d11-c7ca-48ba-b566-767472152409"},{"ELEMENT":"39570fa0-8374-4dd8-a38e-20210823ddf6"}]
2018-04-07 05:49:26:444 - info: [HTTP] <-- POST /wd/hub/session/089d7648-b585-4835-9c37-1db75050f9ba/elements 200 40 ms - 175 
2018-04-07 05:49:26:448 - info: [HTTP] --> POST /wd/hub/session/089d7648-b585-4835-9c37-1db75050f9ba/element/cfc93d11-c7ca-48ba-b566-767472152409/value {"text":"18550903915","sessionId":"089d7648-b585-4835-9c37-1db75050f9ba","id":"cfc93d11-c7ca-48ba-b566-767472152409","value":["1","8","5","5","0","9","0","3","9","1","5"]}
2018-04-07 05:49:26:449 - info: [debug] [MJSONWP] Calling AppiumDriver.setValue() with args: [["1","8","5","5","0","9","0","3","9","1","5"],"cfc93d11-c7ca-48ba-b566-767472152409","089d7648-b585-4835-9c37-1db75050f9ba"]
2018-04-07 05:49:26:450 - info: [debug] [JSONWP Proxy] Proxying [POST /element/cfc93d11-c7ca-48ba-b566-767472152409/value] to [POST http://localhost:8217/wd/hub/session/cc36e87a-ef01-407b-a9a8-8790a2345e48/element/cfc93d11-c7ca-48ba-b566-767472152409/value] with body: {"elementId":"cfc93d11-c7ca-48ba-b566-767472152409","text":"18550903915","replace":false,"unicodeKeyboard":true}
2018-04-07 05:49:27:004 - info: [debug] [JSONWP Proxy] Got response with status 200: {"sessionId":"cc36e87a-ef01-407b-a9a8-8790a2345e48","status":0,"value":""}
2018-04-07 05:49:27:005 - info: [debug] [MJSONWP] Responding to client with driver.setValue() result: ""
2018-04-07 05:49:27:008 - info: [HTTP] <-- POST /wd/hub/session/089d7648-b585-4835-9c37-1db75050f9ba/element/cfc93d11-c7ca-48ba-b566-767472152409/value 200 558 ms - 74 
2018-04-07 05:49:27:013 - info: [HTTP] --> POST /wd/hub/session/089d7648-b585-4835-9c37-1db75050f9ba/elements {"using":"class name","sessionId":"089d7648-b585-4835-9c37-1db75050f9ba","value":"android.widget.EditText"}
2018-04-07 05:49:27:014 - info: [debug] [MJSONWP] Calling AppiumDriver.findElements() with args: ["class name","android.widget.EditText","089d7648-b585-4835-9c37-1db75050f9ba"]
2018-04-07 05:49:27:017 - info: [debug] [BaseDriver] Valid locator strategies for this request: xpath, id, class name, accessibility id, -android uiautomator
2018-04-07 05:49:27:018 - info: [debug] [BaseDriver] Valid locator strategies for this request: xpath, id, class name, accessibility id, -android uiautomator
2018-04-07 05:49:27:018 - info: [debug] [BaseDriver] Waiting up to 0 ms for condition
2018-04-07 05:49:27:019 - info: [debug] [JSONWP Proxy] Proxying [POST /elements] to [POST http://localhost:8217/wd/hub/session/cc36e87a-ef01-407b-a9a8-8790a2345e48/elements] with body: {"strategy":"class name","selector":"android.widget.EditText","context":"","multiple":true}
2018-04-07 05:49:27:517 - info: [debug] [JSONWP Proxy] Got response with status 200: {"sessionId":"cc36e87a-ef01-407b-a9a8-8790a2345e48","status":0,"value":[{"ELEMENT":"ae13fcc5-1372-4431-b283-444b0095562c"},{"ELEMENT":"b8b5196a-99bd-4897-85da-4b9971f42959"}]}
2018-04-07 05:49:27:518 - info: [debug] [MJSONWP] Responding to client with driver.findElements() result: [{"ELEMENT":"ae13fcc5-1372-4431-b283-444b0095562c"},{"ELEMENT":"b8b5196a-99bd-4897-85da-4b9971f42959"}]
2018-04-07 05:49:27:519 - info: [HTTP] <-- POST /wd/hub/session/089d7648-b585-4835-9c37-1db75050f9ba/elements 200 505 ms - 175 
2018-04-07 05:49:27:523 - info: [HTTP] --> POST /wd/hub/session/089d7648-b585-4835-9c37-1db75050f9ba/element/b8b5196a-99bd-4897-85da-4b9971f42959/value {"text":"qwe123","sessionId":"089d7648-b585-4835-9c37-1db75050f9ba","id":"b8b5196a-99bd-4897-85da-4b9971f42959","value":["q","w","e","1","2","3"]}
2018-04-07 05:49:27:523 - info: [debug] [MJSONWP] Calling AppiumDriver.setValue() with args: [["q","w","e","1","2","3"],"b8b5196a-99bd-4897-85da-4b9971f42959","089d7648-b585-4835-9c37-1db75050f9ba"]
2018-04-07 05:49:27:524 - info: [debug] [JSONWP Proxy] Proxying [POST /element/b8b5196a-99bd-4897-85da-4b9971f42959/value] to [POST http://localhost:8217/wd/hub/session/cc36e87a-ef01-407b-a9a8-8790a2345e48/element/b8b5196a-99bd-4897-85da-4b9971f42959/value] with body: {"elementId":"b8b5196a-99bd-4897-85da-4b9971f42959","text":"qwe123","replace":false,"unicodeKeyboard":true}
2018-04-07 05:49:28:073 - info: [debug] [JSONWP Proxy] Got response with status 200: {"sessionId":"cc36e87a-ef01-407b-a9a8-8790a2345e48","status":0,"value":""}
2018-04-07 05:49:28:074 - info: [debug] [MJSONWP] Responding to client with driver.setValue() result: ""
2018-04-07 05:49:28:075 - info: [HTTP] <-- POST /wd/hub/session/089d7648-b585-4835-9c37-1db75050f9ba/element/b8b5196a-99bd-4897-85da-4b9971f42959/value 200 551 ms - 74 
2018-04-07 05:49:28:081 - info: [HTTP] --> POST /wd/hub/session/089d7648-b585-4835-9c37-1db75050f9ba/element {"using":"-android uiautomator","sessionId":"089d7648-b585-4835-9c37-1db75050f9ba","value":"new UiSelector().text(\"\")"}
2018-04-07 05:49:28:082 - info: [debug] [MJSONWP] Calling AppiumDriver.findElement() with args: ["-android uiautomator","new UiSelector().text(\"\")","089d7648-b585-4835-9c37-1db75050f9ba"]
2018-04-07 05:49:28:083 - info: [debug] [BaseDriver] Valid locator strategies for this request: xpath, id, class name, accessibility id, -android uiautomator
2018-04-07 05:49:28:083 - info: [debug] [BaseDriver] Valid locator strategies for this request: xpath, id, class name, accessibility id, -android uiautomator
2018-04-07 05:49:28:083 - info: [debug] [BaseDriver] Waiting up to 0 ms for condition
2018-04-07 05:49:28:084 - info: [debug] [JSONWP Proxy] Proxying [POST /element] to [POST http://localhost:8217/wd/hub/session/cc36e87a-ef01-407b-a9a8-8790a2345e48/element] with body: {"strategy":"-android uiautomator","selector":"new UiSelector().text(\"\")","context":"","multiple":false}
2018-04-07 05:49:28:595 - info: [debug] [JSONWP Proxy] Got response with status 200: {"sessionId":"cc36e87a-ef01-407b-a9a8-8790a2345e48","status":0,"value":{"ELEMENT":"784e4480-3c75-4bc0-b28c-e2dfcdea9ce0"}}
2018-04-07 05:49:28:596 - info: [debug] [MJSONWP] Responding to client with driver.findElement() result: {"ELEMENT":"784e4480-3c75-4bc0-b28c-e2dfcdea9ce0"}
2018-04-07 05:49:28:597 - info: [HTTP] <-- POST /wd/hub/session/089d7648-b585-4835-9c37-1db75050f9ba/element 200 515 ms - 122 
2018-04-07 05:49:28:602 - info: [HTTP] --> POST /wd/hub/session/089d7648-b585-4835-9c37-1db75050f9ba/element/784e4480-3c75-4bc0-b28c-e2dfcdea9ce0/click {"sessionId":"089d7648-b585-4835-9c37-1db75050f9ba","id":"784e4480-3c75-4bc0-b28c-e2dfcdea9ce0"}
2018-04-07 05:49:28:603 - info: [debug] [MJSONWP] Calling AppiumDriver.click() with args: ["784e4480-3c75-4bc0-b28c-e2dfcdea9ce0","089d7648-b585-4835-9c37-1db75050f9ba"]
2018-04-07 05:49:28:603 - info: [debug] [JSONWP Proxy] Proxying [POST /element/784e4480-3c75-4bc0-b28c-e2dfcdea9ce0/click] to [POST http://localhost:8217/wd/hub/session/cc36e87a-ef01-407b-a9a8-8790a2345e48/element/784e4480-3c75-4bc0-b28c-e2dfcdea9ce0/click] with body: {"element":"784e4480-3c75-4bc0-b28c-e2dfcdea9ce0"}
2018-04-07 05:49:30:873 - info: [debug] [JSONWP Proxy] Got response with status 200: {"sessionId":"cc36e87a-ef01-407b-a9a8-8790a2345e48","status":0,"value":true}
2018-04-07 05:49:30:873 - info: [debug] [MJSONWP] Responding to client with driver.click() result: true
2018-04-07 05:49:30:874 - info: [HTTP] <-- POST /wd/hub/session/089d7648-b585-4835-9c37-1db75050f9ba/element/784e4480-3c75-4bc0-b28c-e2dfcdea9ce0/click 200 2272 ms - 76 
2018-04-07 05:49:30:880 - info: [HTTP] --> POST /wd/hub/session/089d7648-b585-4835-9c37-1db75050f9ba/element {"using":"-android uiautomator","sessionId":"089d7648-b585-4835-9c37-1db75050f9ba","value":"new UiSelector().description(\"plusIcon\")"}
2018-04-07 05:49:30:880 - info: [debug] [MJSONWP] Calling AppiumDriver.findElement() with args: ["-android uiautomator","new UiSelector().description(\"plusIcon\")","089d7648-b585-4835-9c37-1db75050f9ba"]
2018-04-07 05:49:30:881 - info: [debug] [BaseDriver] Valid locator strategies for this request: xpath, id, class name, accessibility id, -android uiautomator
2018-04-07 05:49:30:881 - info: [debug] [BaseDriver] Valid locator strategies for this request: xpath, id, class name, accessibility id, -android uiautomator
2018-04-07 05:49:30:881 - info: [debug] [BaseDriver] Waiting up to 0 ms for condition
2018-04-07 05:49:30:882 - info: [debug] [JSONWP Proxy] Proxying [POST /element] to [POST http://localhost:8217/wd/hub/session/cc36e87a-ef01-407b-a9a8-8790a2345e48/element] with body: {"strategy":"-android uiautomator","selector":"new UiSelector().description(\"plusIcon\")","context":"","multiple":false}
2018-04-07 05:49:31:114 - info: [debug] [JSONWP Proxy] Got response with status 200: {"sessionId":"cc36e87a-ef01-407b-a9a8-8790a2345e48","status":0,"value":{"ELEMENT":"0e1dd7b8-b5c4-44b6-bc82-8484bf97b18d"}}
2018-04-07 05:49:31:115 - info: [debug] [MJSONWP] Responding to client with driver.findElement() result: {"ELEMENT":"0e1dd7b8-b5c4-44b6-bc82-8484bf97b18d"}
2018-04-07 05:49:31:116 - info: [HTTP] <-- POST /wd/hub/session/089d7648-b585-4835-9c37-1db75050f9ba/element 200 237 ms - 122 
2018-04-07 05:49:31:120 - info: [HTTP] --> GET /wd/hub/session/089d7648-b585-4835-9c37-1db75050f9ba/element/0e1dd7b8-b5c4-44b6-bc82-8484bf97b18d/displayed {}
2018-04-07 05:49:31:121 - info: [debug] [MJSONWP] Calling AppiumDriver.elementDisplayed() with args: ["0e1dd7b8-b5c4-44b6-bc82-8484bf97b18d","089d7648-b585-4835-9c37-1db75050f9ba"]
2018-04-07 05:49:31:122 - info: [debug] [JSONWP Proxy] Proxying [GET /element/0e1dd7b8-b5c4-44b6-bc82-8484bf97b18d/attribute/displayed] to [GET http://localhost:8217/wd/hub/session/cc36e87a-ef01-407b-a9a8-8790a2345e48/element/0e1dd7b8-b5c4-44b6-bc82-8484bf97b18d/attribute/displayed] with body: {}
2018-04-07 05:49:31:166 - info: [debug] [JSONWP Proxy] Got response with status 200: "{\"sessionId\":\"cc36e87a-ef01-407b-a9a8-8790a2345e48\",\"status\":0,\"value\":\"true\"}"
2018-04-07 05:49:31:166 - info: [debug] [MJSONWP] Responding to client with driver.elementDisplayed() result: true
2018-04-07 05:49:31:169 - info: [HTTP] <-- GET /wd/hub/session/089d7648-b585-4835-9c37-1db75050f9ba/element/0e1dd7b8-b5c4-44b6-bc82-8484bf97b18d/displayed 200 47 ms - 76 
2018-04-07 05:49:41:171 - info: [HTTP] --> POST /wd/hub/session/089d7648-b585-4835-9c37-1db75050f9ba/elements {"using":"-android uiautomator","sessionId":"089d7648-b585-4835-9c37-1db75050f9ba","value":"new UiSelector().text(\":\")"}
2018-04-07 05:49:41:172 - info: [debug] [MJSONWP] Calling AppiumDriver.findElements() with args: ["-android uiautomator","new UiSelector().text(\":\")","089d7648-b585-4835-9c37-1db75050f9ba"]
2018-04-07 05:49:41:173 - info: [debug] [BaseDriver] Valid locator strategies for this request: xpath, id, class name, accessibility id, -android uiautomator
2018-04-07 05:49:41:173 - info: [debug] [BaseDriver] Valid locator strategies for this request: xpath, id, class name, accessibility id, -android uiautomator
2018-04-07 05:49:41:173 - info: [debug] [BaseDriver] Waiting up to 0 ms for condition
2018-04-07 05:49:41:173 - info: [debug] [JSONWP Proxy] Proxying [POST /elements] to [POST http://localhost:8217/wd/hub/session/cc36e87a-ef01-407b-a9a8-8790a2345e48/elements] with body: {"strategy":"-android uiautomator","selector":"new UiSelector().text(\":\")","context":"","multiple":true}
2018-04-07 05:49:41:460 - info: [debug] [JSONWP Proxy] Got response with status 200: {"sessionId":"cc36e87a-ef01-407b-a9a8-8790a2345e48","status":0,"value":[{"ELEMENT":"f431f1b6-25ee-4845-80f5-57d75b472f98"}]}
2018-04-07 05:49:41:461 - info: [debug] [MJSONWP] Responding to client with driver.findElements() result: [{"ELEMENT":"f431f1b6-25ee-4845-80f5-57d75b472f98"}]
2018-04-07 05:49:41:462 - info: [HTTP] <-- POST /wd/hub/session/089d7648-b585-4835-9c37-1db75050f9ba/elements 200 290 ms - 124 
2018-04-07 05:49:41:466 - info: [HTTP] --> GET /wd/hub/session/089d7648-b585-4835-9c37-1db75050f9ba/element/f431f1b6-25ee-4845-80f5-57d75b472f98/location {}
2018-04-07 05:49:41:468 - info: [MJSONWP] Driver proxy active, passing request on via HTTP proxy
2018-04-07 05:49:41:469 - info: [debug] [JSONWP Proxy] Proxying [GET /wd/hub/session/089d7648-b585-4835-9c37-1db75050f9ba/element/f431f1b6-25ee-4845-80f5-57d75b472f98/location] to [GET http://localhost:8217/wd/hub/session/cc36e87a-ef01-407b-a9a8-8790a2345e48/element/f431f1b6-25ee-4845-80f5-57d75b472f98/location] with body: {}
2018-04-07 05:49:41:496 - info: [debug] [JSONWP Proxy] Got response with status 200: "{\"sessionId\":\"cc36e87a-ef01-407b-a9a8-8790a2345e48\",\"status\":0,\"value\":{\"x\":60,\"y\":661}}"
2018-04-07 05:49:41:497 - info: [JSONWP Proxy] Replacing sessionId cc36e87a-ef01-407b-a9a8-8790a2345e48 with 089d7648-b585-4835-9c37-1db75050f9ba
2018-04-07 05:49:41:498 - info: [HTTP] <-- GET /wd/hub/session/089d7648-b585-4835-9c37-1db75050f9ba/element/f431f1b6-25ee-4845-80f5-57d75b472f98/location 200 31 ms - 88 
2018-04-07 05:49:41:501 - info: [HTTP] --> POST /wd/hub/session/089d7648-b585-4835-9c37-1db75050f9ba/touch/perform {"sessionId":"089d7648-b585-4835-9c37-1db75050f9ba","actions":[{"action":"press","options":{"y":661,"x":900}},{"action":"wait","options":{"ms":2000}},{"action":"moveTo","options":{"y":661,"x":0}},{"action":"release","options":{}}]}
2018-04-07 05:49:41:501 - info: [debug] [MJSONWP] Calling AppiumDriver.performTouch() with args: [[{"action":"press","options":{"y":661,"x":900}},{"action":"wait","options":{"ms":2000}},{"action":"moveTo","options":{"y":661,"x":0}},{"action":"release","options":{}}],"089d7648-b585-4835-9c37-1db75050f9ba"]
2018-04-07 05:49:41:503 - info: [debug] [JSONWP Proxy] Proxying [POST /touch/perform] to [POST http://localhost:8217/wd/hub/session/cc36e87a-ef01-407b-a9a8-8790a2345e48/touch/perform] with body: {"startX":900,"startY":661,"endX":0,"endY":661,"steps":56}
2018-04-07 05:49:42:460 - info: [debug] [JSONWP Proxy] Got response with status 200: {"sessionId":"cc36e87a-ef01-407b-a9a8-8790a2345e48","status":0,"value":true}
2018-04-07 05:49:42:461 - info: [debug] [MJSONWP] Responding to client with driver.performTouch() result: true
2018-04-07 05:49:42:462 - info: [HTTP] <-- POST /wd/hub/session/089d7648-b585-4835-9c37-1db75050f9ba/touch/perform 200 961 ms - 76 
2018-04-07 05:50:42:459 - warn: [BaseDriver] Shutting down because we waited 60 seconds for a command
2018-04-07 05:50:42:464 - info: [debug] [UiAutomator2] Deleting UiAutomator2 session
2018-04-07 05:50:42:465 - warn: [Appium] Closing session, cause was 'New Command Timeout of 60 seconds expired. Try customizing the timeout using the 'newCommandTimeout' desired capability'
2018-04-07 05:50:42:465 - info: [Appium] Removing session 089d7648-b585-4835-9c37-1db75050f9ba from our master session list
2018-04-07 05:50:42:465 - info: [debug] [UiAutomator2] Deleting UiAutomator2 server session
2018-04-07 05:50:42:466 - info: [debug] [JSONWP Proxy] Proxying [DELETE /] to [DELETE http://localhost:8217/wd/hub/session/cc36e87a-ef01-407b-a9a8-8790a2345e48] with no body
2018-04-07 05:50:42:483 - info: [debug] [JSONWP Proxy] Got response with status 200: "{\"sessionId\":\"cc36e87a-ef01-407b-a9a8-8790a2345e48\",\"status\":0,\"value\":\"Session deleted\"}"
2018-04-07 05:50:42:484 - info: [debug] [UiAutomator2] Resetting IME to 'io.appium.android.ime/.UnicodeIME'
2018-04-07 05:50:42:484 - info: [debug] [ADB] Getting connected devices...
2018-04-07 05:50:42:598 - info: [debug] [ADB] 1 device(s) connected
2018-04-07 05:50:42:600 - info: [debug] [ADB] Running 'D:\sdk\platform-tools\adb.exe' with args: ["-P",5037,"-s","K4Q6T16713001686","shell","ime","set","io.appium.android.ime/.UnicodeIME"]
2018-04-07 05:50:43:376 - info: [debug] [ADB] Getting connected devices...
2018-04-07 05:50:43:449 - info: [debug] [ADB] 1 device(s) connected
2018-04-07 05:50:43:450 - info: [debug] [ADB] Running 'D:\sdk\platform-tools\adb.exe' with args: ["-P",5037,"-s","K4Q6T16713001686","shell","am","force-stop","com.elephant.myinvoice"]
2018-04-07 05:50:43:691 - info: [debug] [UiAutomator2] [UIAutomator2] io.appium.uiautomator2.server.test.AppiumUiAutomator2Server:.
2018-04-07 05:50:43:691 - info: [debug] [UiAutomator2] [UIAutomator2] Time: 94.031
2018-04-07 05:50:43:691 - info: [debug] [UiAutomator2] [UIAutomator2] OK (1 test)
2018-04-07 05:50:44:221 - info: [debug] [Logcat] Stopping logcat capture
2018-04-07 05:50:44:233 - info: [debug] [ADB] Removing forwarded port socket connection: 8217 
2018-04-07 05:50:44:233 - info: [debug] [ADB] Running 'D:\sdk\platform-tools\adb.exe' with args: ["-P",5037,"-s","K4Q6T16713001686","forward","--remove","tcp:8217"]
