2018-04-07 04:19:21:271 - info: [Appium] Welcome to Appium v1.7.2
2018-04-07 04:19:21:274 - info: [Appium] Non-default server args:
2018-04-07 04:19:21:275 - info: [Appium]   port: 4701
2018-04-07 04:19:21:275 - info: [Appium]   bootstrapPort: 4900
2018-04-07 04:19:21:276 - info: [Appium]   sessionOverride: true
2018-04-07 04:19:21:276 - info: [Appium]   log: D:/PycharmProjects/Appium27/log/K4Q6T167130016862018-04-07-12_19_13.log
2018-04-07 04:19:21:276 - info: [Appium]   udid: K4Q6T16713001686
2018-04-07 04:19:21:276 - info: [Appium]   noReset: true
2018-04-07 04:19:21:277 - warn: [Appium] Deprecated server args:
2018-04-07 04:19:21:277 - warn: [Appium]   -U,--udid => --default-capabilities '{"udid":"K4Q6T16713001686"}'
2018-04-07 04:19:21:278 - warn: [Appium]   --no-reset => --default-capabilities '{"noReset":true}'
2018-04-07 04:19:21:278 - info: [Appium] Default capabilities, which will be added to each request unless overridden by desired capabilities:
2018-04-07 04:19:21:278 - info: [Appium]   udid: K4Q6T16713001686
2018-04-07 04:19:21:278 - info: [Appium]   noReset: true
2018-04-07 04:19:21:312 - info: [Appium] Appium REST http interface listener started on 0.0.0.0:4701
2018-04-07 04:19:36:089 - info: [HTTP] --> POST /wd/hub/session {"capabilities":{"alwaysMatch":{"platformName":"Android"},"firstMatch":[{}]},"desiredCapabilities":{"deviceName":"K4Q6T16713001686","unicodeKeyboard":true,"automationName":"uiautomator2","resetKeyboard":true,"platformName":"Android","app":"../apk/wdfp.apk"}}
2018-04-07 04:19:36:093 - info: [debug] [MJSONWP] Calling AppiumDriver.createSession() with args: [{"deviceName":"K4Q6T16713001686","unicodeKeyboard":true,"automationName":"uiautomator2","resetKeyboard":true,"platformName":"Android","app":"../apk/wdfp.apk"},null,{"alwaysMatch":{"platformName":"Android"},"firstMatch":[{}]}]
2018-04-07 04:19:36:094 - info: [debug] [BaseDriver] Event 'newSessionRequested' logged at 1523074776094 (12:19:36 GMT+0800 (China Standard Time))
2018-04-07 04:19:36:096 - info: [Appium] Merged W3C capabilities {"alwaysMatch":{"platformName":"Android"},"firs... into desiredCapabilities object {"deviceName":"K4Q6T16713001686","unicodeKeyboa...
2018-04-07 04:19:36:100 - info: [Appium] Creating new AndroidUiautomator2Driver (v0.11.0) session
2018-04-07 04:19:36:100 - info: [Appium] Capabilities:
2018-04-07 04:19:36:101 - info: [Appium]   deviceName: K4Q6T16713001686
2018-04-07 04:19:36:101 - info: [Appium]   unicodeKeyboard: true
2018-04-07 04:19:36:101 - info: [Appium]   automationName: uiautomator2
2018-04-07 04:19:36:101 - info: [Appium]   resetKeyboard: true
2018-04-07 04:19:36:102 - info: [Appium]   platformName: Android
2018-04-07 04:19:36:102 - info: [Appium]   app: ../apk/wdfp.apk
2018-04-07 04:19:36:102 - info: [Appium]   udid: K4Q6T16713001686
2018-04-07 04:19:36:102 - info: [Appium]   noReset: true
2018-04-07 04:19:36:118 - info: [BaseDriver] Session created with session id: c5589035-1355-4860-b9fc-047bb729239b
2018-04-07 04:19:36:120 - info: [BaseDriver] Using local app '../apk/wdfp.apk'
2018-04-07 04:19:36:145 - info: [debug] [UiAutomator2] Checking whether app is actually present
2018-04-07 04:19:36:566 - info: [debug] [AndroidDriver] Getting Java version
2018-04-07 04:19:36:836 - info: [AndroidDriver] Java version is: 1.8.0_151
2018-04-07 04:19:36:840 - info: [ADB] Checking whether adb is present
2018-04-07 04:19:36:844 - info: [ADB] Using adb.exe from D:\sdk\platform-tools\adb.exe
2018-04-07 04:19:36:845 - info: [AndroidDriver] Retrieving device list
2018-04-07 04:19:36:846 - info: [debug] [ADB] Trying to find a connected android device
2018-04-07 04:19:36:847 - info: [debug] [ADB] Getting connected devices...
2018-04-07 04:19:36:990 - info: [debug] [ADB] 1 device(s) connected
2018-04-07 04:19:36:990 - info: [AndroidDriver] Using device: K4Q6T16713001686
2018-04-07 04:19:36:991 - info: [ADB] Checking whether adb is present
2018-04-07 04:19:36:992 - info: [debug] [ADB] Setting device id to K4Q6T16713001686
2018-04-07 04:19:36:993 - info: [debug] [ADB] Getting connected devices...
2018-04-07 04:19:37:102 - info: [debug] [ADB] 1 device(s) connected
2018-04-07 04:19:37:104 - info: [debug] [ADB] Running 'D:\sdk\platform-tools\adb.exe' with args: ["-P",5037,"-s","K4Q6T16713001686","shell","getprop","ro.build.version.sdk"]
2018-04-07 04:19:37:204 - info: [debug] [ADB] Current device property 'ro.build.version.sdk': 24
2018-04-07 04:19:37:204 - info: [debug] [ADB] Device API level: 24
2018-04-07 04:19:37:205 - info: [debug] [AndroidDriver] Parsing package and activity from app manifest
2018-04-07 04:19:37:206 - info: [ADB] Checking whether aapt is present
2018-04-07 04:19:37:208 - info: [ADB] Using aapt.exe from D:\sdk\tools\aapt.exe
2018-04-07 04:19:37:209 - info: [ADB] Extracting package and launch activity from manifest
2018-04-07 04:19:37:331 - info: [debug] [ADB] badging package: com.elephant.myinvoice
2018-04-07 04:19:37:331 - info: [debug] [ADB] badging act: com.elephant.myinvoice.MainActivity
2018-04-07 04:19:37:331 - info: [debug] [AndroidDriver] Parsed package and activity are: com.elephant.myinvoice/com.elephant.myinvoice.MainActivity
2018-04-07 04:19:37:332 - info: [ADB] Getting device platform version
2018-04-07 04:19:37:332 - info: [debug] [ADB] Getting connected devices...
2018-04-07 04:19:37:434 - info: [debug] [ADB] 1 device(s) connected
2018-04-07 04:19:37:436 - info: [debug] [ADB] Running 'D:\sdk\platform-tools\adb.exe' with args: ["-P",5037,"-s","K4Q6T16713001686","shell","getprop","ro.build.version.release"]
2018-04-07 04:19:37:573 - info: [debug] [ADB] Current device property 'ro.build.version.release': 7.0
2018-04-07 04:19:37:574 - info: [debug] [ADB] Getting connected devices...
2018-04-07 04:19:37:652 - info: [debug] [ADB] 1 device(s) connected
2018-04-07 04:19:37:652 - info: [debug] [ADB] Running 'D:\sdk\platform-tools\adb.exe' with args: ["-P",5037,"-s","K4Q6T16713001686","shell","wm","size"]
2018-04-07 04:19:38:372 - info: [debug] [ADB] Getting connected devices...
2018-04-07 04:19:38:451 - info: [debug] [ADB] 1 device(s) connected
2018-04-07 04:19:38:451 - info: [debug] [ADB] Running 'D:\sdk\platform-tools\adb.exe' with args: ["-P",5037,"-s","K4Q6T16713001686","shell","wm","density"]
2018-04-07 04:19:39:174 - info: [debug] [ADB] Getting connected devices...
2018-04-07 04:19:39:262 - info: [debug] [ADB] 1 device(s) connected
2018-04-07 04:19:39:263 - info: [debug] [ADB] Running 'D:\sdk\platform-tools\adb.exe' with args: ["-P",5037,"-s","K4Q6T16713001686","shell","getprop","ro.product.model"]
2018-04-07 04:19:39:403 - info: [debug] [ADB] Current device property 'ro.product.model': NEM-AL10
2018-04-07 04:19:39:404 - info: [debug] [ADB] Getting connected devices...
2018-04-07 04:19:39:490 - info: [debug] [ADB] 1 device(s) connected
2018-04-07 04:19:39:490 - info: [debug] [ADB] Running 'D:\sdk\platform-tools\adb.exe' with args: ["-P",5037,"-s","K4Q6T16713001686","shell","getprop","ro.product.manufacturer"]
2018-04-07 04:19:39:598 - info: [debug] [ADB] Current device property 'ro.product.manufacturer': HUAWEI
2018-04-07 04:19:39:600 - info: [debug] [ADB] Getting connected devices...
2018-04-07 04:19:39:690 - info: [debug] [ADB] 1 device(s) connected
2018-04-07 04:19:39:691 - info: [debug] [ADB] Running 'D:\sdk\platform-tools\adb.exe' with args: ["-P",5037,"-s","K4Q6T16713001686","shell","am","force-stop","io.appium.uiautomator2.server"]
2018-04-07 04:19:40:463 - info: [ADB] Checking whether aapt is present
2018-04-07 04:19:40:517 - info: [debug] [ADB] Getting install status for io.appium.uiautomator2.server
2018-04-07 04:19:40:517 - info: [debug] [ADB] Getting connected devices...
2018-04-07 04:19:40:596 - info: [debug] [ADB] 1 device(s) connected
2018-04-07 04:19:40:597 - info: [debug] [ADB] Running 'D:\sdk\platform-tools\adb.exe' with args: ["-P",5037,"-s","K4Q6T16713001686","shell","pm","list","packages","io.appium.uiautomator2.server"]
2018-04-07 04:19:41:308 - info: [debug] [ADB] App is installed
2018-04-07 04:19:41:308 - info: [debug] [ADB] Getting install status for io.appium.uiautomator2.server.test
2018-04-07 04:19:41:309 - info: [debug] [ADB] Getting connected devices...
2018-04-07 04:19:41:396 - info: [debug] [ADB] 1 device(s) connected
2018-04-07 04:19:41:396 - info: [debug] [ADB] Running 'D:\sdk\platform-tools\adb.exe' with args: ["-P",5037,"-s","K4Q6T16713001686","shell","pm","list","packages","io.appium.uiautomator2.server.test"]
2018-04-07 04:19:42:102 - info: [debug] [ADB] App is installed
2018-04-07 04:19:42:103 - info: [debug] [ADB] Getting package info for io.appium.uiautomator2.server
2018-04-07 04:19:42:103 - info: [debug] [ADB] Getting connected devices...
2018-04-07 04:19:42:205 - info: [debug] [ADB] 1 device(s) connected
2018-04-07 04:19:42:206 - info: [debug] [ADB] Running 'D:\sdk\platform-tools\adb.exe' with args: ["-P",5037,"-s","K4Q6T16713001686","shell","dumpsys","package","io.appium.uiautomator2.server"]
2018-04-07 04:19:42:364 - info: [debug] [UiAutomator2] Waiting up to 20000ms for instrumentation 'io.appium.uiautomator2.server.test/android.support.test.runner.AndroidJUnitRunner' to be available
2018-04-07 04:19:42:366 - info: [debug] [ADB] Getting connected devices...
2018-04-07 04:19:42:451 - info: [debug] [ADB] 1 device(s) connected
2018-04-07 04:19:42:451 - info: [debug] [ADB] Running 'D:\sdk\platform-tools\adb.exe' with args: ["-P",5037,"-s","K4Q6T16713001686","shell","pm","list","instrumentation"]
2018-04-07 04:19:43:150 - info: [debug] [UiAutomator2] Instrumentation 'io.appium.uiautomator2.server.test/android.support.test.runner.AndroidJUnitRunner' available
2018-04-07 04:19:43:152 - info: [debug] [ADB] Running 'D:\sdk\platform-tools\adb.exe' with args: ["-P",5037,"-s","K4Q6T16713001686","wait-for-device"]
2018-04-07 04:19:43:238 - info: [debug] [ADB] Getting connected devices...
2018-04-07 04:19:43:314 - info: [debug] [ADB] 1 device(s) connected
2018-04-07 04:19:43:315 - info: [debug] [ADB] Running 'D:\sdk\platform-tools\adb.exe' with args: ["-P",5037,"-s","K4Q6T16713001686","shell","echo","ping"]
2018-04-07 04:19:43:452 - warn: [AndroidDriver] setDeviceLanguageCountry requires language or country.
2018-04-07 04:19:43:452 - warn: [AndroidDriver] Got language: 'null' and country: 'null'
2018-04-07 04:19:43:454 - info: [debug] [Logcat] Starting logcat capture
2018-04-07 04:19:43:579 - info: [debug] [AndroidDriver] Enabling Unicode keyboard support
2018-04-07 04:19:43:579 - info: [debug] [AndroidDriver] Pushing unicode ime to device...
2018-04-07 04:19:43:580 - info: [debug] [ADB] Running 'D:\sdk\platform-tools\adb.exe' with args: ["-P",5037,"-s","K4Q6T16713001686","install","C:\\Users\\Myron.Guo\\AppData\\Roaming\\npm\\node_modules\\appium\\node_modules\\appium-android-ime\\bin\\UnicodeIME-debug.apk"]
2018-04-07 04:19:44:796 - info: [debug] [ADB] Getting connected devices...
2018-04-07 04:19:44:878 - info: [debug] [ADB] 1 device(s) connected
2018-04-07 04:19:44:879 - info: [debug] [ADB] Running 'D:\sdk\platform-tools\adb.exe' with args: ["-P",5037,"-s","K4Q6T16713001686","shell","settings","get","secure","default_input_method"]
2018-04-07 04:19:45:604 - info: [debug] [AndroidDriver] Unsetting previous IME io.appium.android.ime/.UnicodeIME
2018-04-07 04:19:45:604 - info: [debug] [AndroidDriver] Setting IME to 'io.appium.android.ime/.UnicodeIME'
2018-04-07 04:19:45:605 - info: [debug] [ADB] Getting connected devices...
2018-04-07 04:19:45:686 - info: [debug] [ADB] 1 device(s) connected
2018-04-07 04:19:45:687 - info: [debug] [ADB] Running 'D:\sdk\platform-tools\adb.exe' with args: ["-P",5037,"-s","K4Q6T16713001686","shell","ime","enable","io.appium.android.ime/.UnicodeIME"]
2018-04-07 04:19:46:393 - info: [debug] [ADB] Getting connected devices...
2018-04-07 04:19:46:470 - info: [debug] [ADB] 1 device(s) connected
2018-04-07 04:19:46:470 - info: [debug] [ADB] Running 'D:\sdk\platform-tools\adb.exe' with args: ["-P",5037,"-s","K4Q6T16713001686","shell","ime","set","io.appium.android.ime/.UnicodeIME"]
2018-04-07 04:19:47:181 - info: [debug] [AndroidDriver] Pushing settings apk to device...
2018-04-07 04:19:47:183 - info: [debug] [ADB] Getting install status for io.appium.settings
2018-04-07 04:19:47:183 - info: [debug] [ADB] Getting connected devices...
2018-04-07 04:19:47:274 - info: [debug] [ADB] 1 device(s) connected
2018-04-07 04:19:47:275 - info: [debug] [ADB] Running 'D:\sdk\platform-tools\adb.exe' with args: ["-P",5037,"-s","K4Q6T16713001686","shell","pm","list","packages","io.appium.settings"]
2018-04-07 04:19:47:982 - info: [debug] [ADB] App is installed
2018-04-07 04:19:47:982 - info: [debug] [ADB] Getting package info for io.appium.settings
2018-04-07 04:19:47:983 - info: [debug] [ADB] Getting connected devices...
2018-04-07 04:19:48:059 - info: [debug] [ADB] 1 device(s) connected
2018-04-07 04:19:48:059 - info: [debug] [ADB] Running 'D:\sdk\platform-tools\adb.exe' with args: ["-P",5037,"-s","K4Q6T16713001686","shell","dumpsys","package","io.appium.settings"]
2018-04-07 04:19:48:216 - info: [ADB] Checking whether aapt is present
2018-04-07 04:19:48:342 - info: [debug] [ADB] The installed 'io.appium.settings' package does not require upgrade (5 >= 5)
2018-04-07 04:19:48:343 - info: [debug] [ADB] Device API level: 24
2018-04-07 04:19:48:344 - info: [debug] [ADB] Getting connected devices...
2018-04-07 04:19:48:489 - info: [debug] [ADB] 1 device(s) connected
2018-04-07 04:19:48:490 - info: [debug] [ADB] Running 'D:\sdk\platform-tools\adb.exe' with args: ["-P",5037,"-s","K4Q6T16713001686","shell","dumpsys","package","io.appium.settings"]
2018-04-07 04:19:48:626 - info: [debug] [ADB] Getting connected devices...
2018-04-07 04:19:48:726 - info: [debug] [ADB] 1 device(s) connected
2018-04-07 04:19:48:726 - info: [debug] [ADB] Running 'D:\sdk\platform-tools\adb.exe' with args: ["-P",5037,"-s","K4Q6T16713001686","shell","pm","dump","io.appium.settings"]
2018-04-07 04:19:49:902 - info: [debug] [ADB] Got the following command chunks to execute: pm,grant,io.appium.settings,android.permission.WRITE_SETTINGS,;,pm,grant,io.appium.settings,android.permission.ACCESS_MOCK_LOCATION,;
2018-04-07 04:19:49:903 - info: [debug] [ADB] Getting connected devices...
2018-04-07 04:19:49:982 - info: [debug] [ADB] 1 device(s) connected
2018-04-07 04:19:49:990 - info: [debug] [ADB] Running 'D:\sdk\platform-tools\adb.exe' with args: ["-P",5037,"-s","K4Q6T16713001686","shell","pm","grant","io.appium.settings","android.permission.WRITE_SETTINGS",";","pm","grant","io.appium.settings","android.permission.ACCESS_MOCK_LOCATION",";"]
2018-04-07 04:19:51:293 - info: [debug] [ADB] Getting connected devices...
2018-04-07 04:19:51:380 - info: [debug] [ADB] 1 device(s) connected
2018-04-07 04:19:51:380 - info: [debug] [ADB] Running 'D:\sdk\platform-tools\adb.exe' with args: ["-P",5037,"-s","K4Q6T16713001686","shell","ps"]
2018-04-07 04:19:51:537 - info: [debug] [ADB] Device API level: 24
2018-04-07 04:19:51:537 - info: [debug] [ADB] Getting connected devices...
2018-04-07 04:19:51:617 - info: [debug] [ADB] 1 device(s) connected
2018-04-07 04:19:51:618 - info: [debug] [ADB] Running 'D:\sdk\platform-tools\adb.exe' with args: ["-P",5037,"-s","K4Q6T16713001686","shell","appops","set","io.appium.settings","android:mock_location","allow"]
2018-04-07 04:19:51:782 - info: [debug] [AndroidDriver] Pushing unlock helper app to device...
2018-04-07 04:19:51:783 - info: [debug] [ADB] Getting install status for io.appium.unlock
2018-04-07 04:19:51:783 - info: [debug] [ADB] Getting connected devices...
2018-04-07 04:19:51:898 - info: [debug] [ADB] 1 device(s) connected
2018-04-07 04:19:51:898 - info: [debug] [ADB] Running 'D:\sdk\platform-tools\adb.exe' with args: ["-P",5037,"-s","K4Q6T16713001686","shell","pm","list","packages","io.appium.unlock"]
2018-04-07 04:19:52:614 - info: [debug] [ADB] App is installed
2018-04-07 04:19:52:614 - info: [debug] [ADB] Getting package info for io.appium.unlock
2018-04-07 04:19:52:614 - info: [debug] [ADB] Getting connected devices...
2018-04-07 04:19:52:698 - info: [debug] [ADB] 1 device(s) connected
2018-04-07 04:19:52:699 - info: [debug] [ADB] Running 'D:\sdk\platform-tools\adb.exe' with args: ["-P",5037,"-s","K4Q6T16713001686","shell","dumpsys","package","io.appium.unlock"]
2018-04-07 04:19:52:953 - info: [ADB] Checking whether aapt is present
2018-04-07 04:19:53:055 - info: [debug] [ADB] The installed 'io.appium.unlock' package does not require upgrade (2 >= 2)
2018-04-07 04:19:53:055 - info: [debug] [UiAutomator2] Forwarding UiAutomator2 Server port 6790 to 8214
2018-04-07 04:19:53:056 - info: [debug] [ADB] Forwarding system: 8214 to device: 6790
2018-04-07 04:19:53:056 - info: [debug] [ADB] Running 'D:\sdk\platform-tools\adb.exe' with args: ["-P",5037,"-s","K4Q6T16713001686","forward","tcp:8214","tcp:6790"]
2018-04-07 04:19:53:218 - info: [debug] [ADB] Getting connected devices...
2018-04-07 04:19:53:290 - info: [debug] [ADB] 1 device(s) connected
2018-04-07 04:19:53:290 - info: [debug] [ADB] Running 'D:\sdk\platform-tools\adb.exe' with args: ["-P",5037,"-s","K4Q6T16713001686","shell","dumpsys","window"]
2018-04-07 04:19:53:451 - info: [AndroidDriver] Screen already unlocked, doing nothing
2018-04-07 04:19:53:453 - info: [debug] [AndroidDriver] Extracting strings from apk ../apk/wdfp.apk null C:\Users\Myron.Guo\AppData\Local\Temp\com.elephant.myinvoice
2018-04-07 04:19:53:454 - info: [debug] [ADB] Extracting strings for language: default
2018-04-07 04:19:53:455 - info: [debug] [ADB] Device API level: 24
2018-04-07 04:19:53:456 - info: [debug] [ADB] Getting connected devices...
2018-04-07 04:19:53:549 - info: [debug] [ADB] 1 device(s) connected
2018-04-07 04:19:53:549 - info: [debug] [ADB] Running 'D:\sdk\platform-tools\adb.exe' with args: ["-P",5037,"-s","K4Q6T16713001686","shell","getprop","persist.sys.locale"]
2018-04-07 04:19:53:654 - info: [debug] [ADB] Current device property 'persist.sys.locale': zh-CN
2018-04-07 04:19:55:125 - info: [debug] [ADB] Reading strings from converted strings.json
2018-04-07 04:19:55:129 - info: [debug] [ADB] Running 'D:\sdk\platform-tools\adb.exe' with args: ["-P",5037,"-s","K4Q6T16713001686","push","C:\\Users\\Myron.Guo\\AppData\\Local\\Temp\\com.elephant.myinvoice\\strings.json","/data/local/tmp"]
2018-04-07 04:19:55:349 - info: [debug] [ADB] Checking app cert for ../apk/wdfp.apk
2018-04-07 04:19:55:354 - warn: [ADB] Cannot use apksigner tool for signature verification. Defaulting to verify.jar. Original error: Could not find apksigner.bat in D:\sdk\platform-tools\apksigner.bat,D:\sdk\emulator\apksigner.bat,D:\sdk\tools\apksigner.bat,D:\sdk\tools\bin\apksigner.bat,D:\sdk\build-tools\android-4.3\apksigner.bat, or supported build-tools under D:\sdk do you have the Android SDK installed at this location?
2018-04-07 04:19:56:981 - info: [debug] [ADB] '../apk/wdfp.apk' is already signed.
2018-04-07 04:19:57:274 - info: [AndroidDriver] Remote apk path is /data/local/tmp/4a9053f45d358d0242a66992e1a83312.apk
2018-04-07 04:19:57:275 - info: [debug] [ADB] Getting connected devices...
2018-04-07 04:19:57:425 - info: [debug] [ADB] 1 device(s) connected
2018-04-07 04:19:57:425 - info: [debug] [ADB] Running 'D:\sdk\platform-tools\adb.exe' with args: ["-P",5037,"-s","K4Q6T16713001686","shell","ls","/data/local/tmp/4a9053f45d358d0242a66992e1a83312.apk"]
2018-04-07 04:19:57:560 - info: [debug] [AndroidDriver] Checking if app is installed
2018-04-07 04:19:57:560 - info: [debug] [ADB] Getting install status for com.elephant.myinvoice
2018-04-07 04:19:57:561 - info: [debug] [ADB] Getting connected devices...
2018-04-07 04:19:57:637 - info: [debug] [ADB] 1 device(s) connected
2018-04-07 04:19:57:638 - info: [debug] [ADB] Running 'D:\sdk\platform-tools\adb.exe' with args: ["-P",5037,"-s","K4Q6T16713001686","shell","pm","list","packages","com.elephant.myinvoice"]
2018-04-07 04:19:58:348 - info: [debug] [ADB] App is not installed
2018-04-07 04:19:58:348 - info: [AndroidDriver] Apk is not yet installed
2018-04-07 04:19:58:348 - info: [AndroidDriver] installing apk from remote
2018-04-07 04:19:58:349 - info: [debug] [ADB] Getting connected devices...
2018-04-07 04:19:58:432 - info: [debug] [ADB] 1 device(s) connected
2018-04-07 04:19:58:432 - info: [debug] [ADB] Running 'D:\sdk\platform-tools\adb.exe' with args: ["-P",5037,"-s","K4Q6T16713001686","shell","mkdir","-p","/data/local/tmp"]
2018-04-07 04:19:58:540 - info: [AndroidDriver] Clearing out any existing remote apks with the same hash
2018-04-07 04:19:58:542 - info: [debug] [AndroidDriver] Removing any old apks
2018-04-07 04:19:58:542 - info: [debug] [AndroidDriver] Except ["4a9053f45d358d0242a66992e1a83312"]
2018-04-07 04:19:58:542 - info: [debug] [ADB] Getting connected devices...
2018-04-07 04:19:58:634 - info: [debug] [ADB] 1 device(s) connected
2018-04-07 04:19:58:634 - info: [debug] [ADB] Running 'D:\sdk\platform-tools\adb.exe' with args: ["-P",5037,"-s","K4Q6T16713001686","shell","ls","/data/local/tmp/*.apk"]
2018-04-07 04:19:58:732 - info: [debug] [ADB] Uninstalling com.elephant.myinvoice
2018-04-07 04:19:58:733 - info: [debug] [ADB] Getting install status for com.elephant.myinvoice
2018-04-07 04:19:58:733 - info: [debug] [ADB] Getting connected devices...
2018-04-07 04:19:58:799 - info: [debug] [ADB] 1 device(s) connected
2018-04-07 04:19:58:799 - info: [debug] [ADB] Running 'D:\sdk\platform-tools\adb.exe' with args: ["-P",5037,"-s","K4Q6T16713001686","shell","pm","list","packages","com.elephant.myinvoice"]
2018-04-07 04:19:59:543 - info: [debug] [ADB] App is not installed
2018-04-07 04:19:59:543 - info: [ADB] com.elephant.myinvoice was not uninstalled, because it was not present on the device
2018-04-07 04:19:59:544 - info: [debug] [ADB] Getting connected devices...
2018-04-07 04:19:59:614 - info: [debug] [ADB] 1 device(s) connected
2018-04-07 04:19:59:614 - info: [debug] [ADB] Running 'D:\sdk\platform-tools\adb.exe' with args: ["-P",5037,"-s","K4Q6T16713001686","shell","pm","install","-r","/data/local/tmp/4a9053f45d358d0242a66992e1a83312.apk"]
2018-04-07 04:20:04:388 - info: [debug] [ADB] Getting connected devices...
2018-04-07 04:20:04:469 - info: [debug] [ADB] 1 device(s) connected
2018-04-07 04:20:04:469 - info: [debug] [ADB] Running 'D:\sdk\platform-tools\adb.exe' with args: ["-P",5037,"-s","K4Q6T16713001686","shell","am","force-stop","io.appium.uiautomator2.server"]
2018-04-07 04:20:05:350 - info: [UiAutomator2] Starting uiautomator2 server v0.3.0
2018-04-07 04:20:05:351 - info: [UiAutomator2] Running command: 'adb -s K4Q6T16713001686 shell am instrument -w io.appium.uiautomator2.server.test/android.support.test.runner.AndroidJUnitRunner'
2018-04-07 04:20:05:355 - info: [UiAutomator2] Waiting up to 20000ms for UiAutomator2 to be online...
2018-04-07 04:20:05:357 - info: [debug] [JSONWP Proxy] Proxying [GET /status] to [GET http://localhost:8214/wd/hub/status] with no body
2018-04-07 04:20:06:392 - info: [debug] [JSONWP Proxy] Proxying [GET /status] to [GET http://localhost:8214/wd/hub/status] with no body
2018-04-07 04:20:07:402 - info: [debug] [JSONWP Proxy] Proxying [GET /status] to [GET http://localhost:8214/wd/hub/status] with no body
2018-04-07 04:20:08:407 - info: [debug] [JSONWP Proxy] Proxying [GET /status] to [GET http://localhost:8214/wd/hub/status] with no body
2018-04-07 04:20:08:443 - info: [debug] [JSONWP Proxy] Got response with status 200: "{\"sessionId\":\"SESSIONID\",\"status\":0,\"value\":\"Status Invoked\"}"
2018-04-07 04:20:08:444 - info: [debug] [JSONWP Proxy] Proxying [POST /session] to [POST http://localhost:8214/wd/hub/session] with body: {"desiredCapabilities":{"platform":"LINUX","webStorageEnabled":false,"takesScreenshot":true,"javascriptEnabled":true,"databaseEnabled":false,"networkConnectionEnabled":true,"locationContextEnabled":false,"warnings":{},"desired":{"deviceName":"K4Q6T16713001686","unicodeKeyboard":true,"automationName":"uiautomator2","resetKeyboard":true,"platformName":"Android","app":"../apk/wdfp.apk","udid":"K4Q6T16713001686","noReset":true},"deviceName":"K4Q6T16713001686","unicodeKeyboard":true,"automationName":"uiautomator2","resetKeyboard":true,"platformName":"Android","app":"../apk/wdfp.apk","udid":"K4Q6T16713001686","noReset":true,"deviceUDID":"K4Q6T16713001686","platformVersion":"7.0","deviceScreenSize":"1080x1920","deviceScreenDensity":480,"deviceModel":"NEM-AL10","deviceManufacturer":"HUAWEI","appPackage":"com.elephant.myinvoice"}}
2018-04-07 04:20:08:461 - info: [debug] [JSONWP Proxy] Got response with status 200: {"sessionId":"cddd7b20-ef79-4bcf-8f6a-d458c2d806fb","status":0,"value":"Created Session"}
2018-04-07 04:20:08:462 - info: [UiAutomator2] UiAutomator2 did not start the activity we were waiting for, 'com.elephant.myinvoice/com.elephant.myinvoice.MainActivity'. Starting it ourselves
2018-04-07 04:20:08:463 - info: [debug] [ADB] Device API level: 24
2018-04-07 04:20:08:464 - info: [debug] [ADB] Getting connected devices...
2018-04-07 04:20:08:541 - info: [debug] [ADB] 1 device(s) connected
2018-04-07 04:20:08:541 - info: [debug] [ADB] Running 'D:\sdk\platform-tools\adb.exe' with args: ["-P",5037,"-s","K4Q6T16713001686","shell","am","start","-W","-n","com.elephant.myinvoice/com.elephant.myinvoice.MainActivity","-S","-a","android.intent.action.MAIN","-c","android.intent.category.LAUNCHER","-f","0x10200000"]
2018-04-07 04:20:10:619 - info: [debug] [ADB] Waiting up to 20000ms for activity matching pkg: 'com.elephant.myinvoice' and activity: 'com.elephant.myinvoice.MainActivity' to be focused
2018-04-07 04:20:10:619 - info: [debug] [ADB] Possible activities, to be checked: 'com.elephant.myinvoice.MainActivity'
2018-04-07 04:20:10:621 - info: [debug] [ADB] Getting focused package and activity
2018-04-07 04:20:10:621 - info: [debug] [ADB] Getting connected devices...
2018-04-07 04:20:10:737 - info: [debug] [ADB] 1 device(s) connected
2018-04-07 04:20:10:738 - info: [debug] [ADB] Running 'D:\sdk\platform-tools\adb.exe' with args: ["-P",5037,"-s","K4Q6T16713001686","shell","dumpsys","window","windows"]
2018-04-07 04:20:10:889 - info: [debug] [ADB] Found package: 'com.elephant.myinvoice' and fully qualified activity name : 'com.elephant.myinvoice.MainActivity'
2018-04-07 04:20:10:891 - info: [Appium] New AndroidUiautomator2Driver session created successfully, session c5589035-1355-4860-b9fc-047bb729239b added to master session list
2018-04-07 04:20:10:891 - info: [debug] [BaseDriver] Event 'newSessionStarted' logged at 1523074810891 (12:20:10 GMT+0800 (China Standard Time))
2018-04-07 04:20:10:892 - info: [debug] [MJSONWP] Responding to client with driver.createSession() result: {"deviceName":"K4Q6T16713001686","unicodeKeyboard":true,"automationName":"uiautomator2","resetKeyboard":true,"platformName":"Android","app":"../apk/wdfp.apk","udid":"K4Q6T16713001686","noReset":true}
2018-04-07 04:20:10:897 - info: [HTTP] <-- POST /wd/hub/session 200 34806 ms - 271 
2018-04-07 04:20:12:926 - info: [HTTP] --> GET /wd/hub/session/c5589035-1355-4860-b9fc-047bb729239b/window/current/size {}
2018-04-07 04:20:12:930 - info: [MJSONWP] Driver proxy active, passing request on via HTTP proxy
2018-04-07 04:20:12:932 - info: [debug] [JSONWP Proxy] Proxying [GET /wd/hub/session/c5589035-1355-4860-b9fc-047bb729239b/window/current/size] to [GET http://localhost:8214/wd/hub/session/cddd7b20-ef79-4bcf-8f6a-d458c2d806fb/window/current/size] with body: {}
2018-04-07 04:20:12:957 - info: [debug] [JSONWP Proxy] Got response with status 200: "{\"sessionId\":\"cddd7b20-ef79-4bcf-8f6a-d458c2d806fb\",\"status\":0,\"value\":{\"height\":1812,\"width\":1080}}"
2018-04-07 04:20:12:958 - info: [JSONWP Proxy] Replacing sessionId cddd7b20-ef79-4bcf-8f6a-d458c2d806fb with c5589035-1355-4860-b9fc-047bb729239b
2018-04-07 04:20:12:960 - info: [HTTP] <-- GET /wd/hub/session/c5589035-1355-4860-b9fc-047bb729239b/window/current/size 200 33 ms - 100 
2018-04-07 04:20:12:965 - info: [HTTP] --> GET /wd/hub/session/c5589035-1355-4860-b9fc-047bb729239b/window/current/size {}
2018-04-07 04:20:12:965 - info: [MJSONWP] Driver proxy active, passing request on via HTTP proxy
2018-04-07 04:20:12:968 - info: [debug] [JSONWP Proxy] Proxying [GET /wd/hub/session/c5589035-1355-4860-b9fc-047bb729239b/window/current/size] to [GET http://localhost:8214/wd/hub/session/cddd7b20-ef79-4bcf-8f6a-d458c2d806fb/window/current/size] with body: {}
2018-04-07 04:20:12:985 - info: [debug] [JSONWP Proxy] Got response with status 200: "{\"sessionId\":\"cddd7b20-ef79-4bcf-8f6a-d458c2d806fb\",\"status\":0,\"value\":{\"height\":1812,\"width\":1080}}"
2018-04-07 04:20:12:985 - info: [JSONWP Proxy] Replacing sessionId cddd7b20-ef79-4bcf-8f6a-d458c2d806fb with c5589035-1355-4860-b9fc-047bb729239b
2018-04-07 04:20:12:987 - info: [HTTP] <-- GET /wd/hub/session/c5589035-1355-4860-b9fc-047bb729239b/window/current/size 200 21 ms - 100 
2018-04-07 04:20:12:992 - info: [HTTP] --> POST /wd/hub/session/c5589035-1355-4860-b9fc-047bb729239b/touch/perform {"sessionId":"c5589035-1355-4860-b9fc-047bb729239b","actions":[{"action":"press","options":{"y":1629,"x":540}},{"action":"wait","options":{"ms":2000}},{"action":"moveTo","options":{"y":181,"x":540}},{"action":"release","options":{}}]}
2018-04-07 04:20:12:995 - info: [debug] [MJSONWP] Calling AppiumDriver.performTouch() with args: [[{"action":"press","options":{"y":1629,"x":540}},{"action":"wait","options":{"ms":2000}},{"action":"moveTo","options":{"y":181,"x":540}},{"action":"release","options":{}}],"c5589035-1355-4860-b9fc-047bb729239b"]
2018-04-07 04:20:12:999 - info: [debug] [JSONWP Proxy] Proxying [POST /touch/perform] to [POST http://localhost:8214/wd/hub/session/cddd7b20-ef79-4bcf-8f6a-d458c2d806fb/touch/perform] with body: {"startX":540,"startY":1629,"endX":540,"endY":181,"steps":56}
2018-04-07 04:20:14:001 - info: [debug] [JSONWP Proxy] Got response with status 200: {"sessionId":"cddd7b20-ef79-4bcf-8f6a-d458c2d806fb","status":0,"value":true}
2018-04-07 04:20:14:002 - info: [debug] [MJSONWP] Responding to client with driver.performTouch() result: true
2018-04-07 04:20:14:004 - info: [HTTP] <-- POST /wd/hub/session/c5589035-1355-4860-b9fc-047bb729239b/touch/perform 200 1012 ms - 76 
2018-04-07 04:20:15:010 - info: [HTTP] --> GET /wd/hub/session/c5589035-1355-4860-b9fc-047bb729239b/window/current/size {}
2018-04-07 04:20:15:011 - info: [MJSONWP] Driver proxy active, passing request on via HTTP proxy
2018-04-07 04:20:15:012 - info: [debug] [JSONWP Proxy] Proxying [GET /wd/hub/session/c5589035-1355-4860-b9fc-047bb729239b/window/current/size] to [GET http://localhost:8214/wd/hub/session/cddd7b20-ef79-4bcf-8f6a-d458c2d806fb/window/current/size] with body: {}
2018-04-07 04:20:15:030 - info: [debug] [JSONWP Proxy] Got response with status 200: "{\"sessionId\":\"cddd7b20-ef79-4bcf-8f6a-d458c2d806fb\",\"status\":0,\"value\":{\"height\":1812,\"width\":1080}}"
2018-04-07 04:20:15:031 - info: [JSONWP Proxy] Replacing sessionId cddd7b20-ef79-4bcf-8f6a-d458c2d806fb with c5589035-1355-4860-b9fc-047bb729239b
2018-04-07 04:20:15:033 - info: [HTTP] <-- GET /wd/hub/session/c5589035-1355-4860-b9fc-047bb729239b/window/current/size 200 21 ms - 100 
2018-04-07 04:20:15:040 - info: [HTTP] --> GET /wd/hub/session/c5589035-1355-4860-b9fc-047bb729239b/window/current/size {}
2018-04-07 04:20:15:041 - info: [MJSONWP] Driver proxy active, passing request on via HTTP proxy
2018-04-07 04:20:15:045 - info: [debug] [JSONWP Proxy] Proxying [GET /wd/hub/session/c5589035-1355-4860-b9fc-047bb729239b/window/current/size] to [GET http://localhost:8214/wd/hub/session/cddd7b20-ef79-4bcf-8f6a-d458c2d806fb/window/current/size] with body: {}
2018-04-07 04:20:15:064 - info: [debug] [JSONWP Proxy] Got response with status 200: "{\"sessionId\":\"cddd7b20-ef79-4bcf-8f6a-d458c2d806fb\",\"status\":0,\"value\":{\"height\":1812,\"width\":1080}}"
2018-04-07 04:20:15:065 - info: [JSONWP Proxy] Replacing sessionId cddd7b20-ef79-4bcf-8f6a-d458c2d806fb with c5589035-1355-4860-b9fc-047bb729239b
2018-04-07 04:20:15:066 - info: [HTTP] <-- GET /wd/hub/session/c5589035-1355-4860-b9fc-047bb729239b/window/current/size 200 26 ms - 100 
2018-04-07 04:20:15:073 - info: [HTTP] --> POST /wd/hub/session/c5589035-1355-4860-b9fc-047bb729239b/touch/perform {"sessionId":"c5589035-1355-4860-b9fc-047bb729239b","actions":[{"action":"press","options":{"y":906,"x":972}},{"action":"wait","options":{"ms":1000}},{"action":"moveTo","options":{"y":906,"x":108}},{"action":"release","options":{}}]}
2018-04-07 04:20:15:074 - info: [debug] [MJSONWP] Calling AppiumDriver.performTouch() with args: [[{"action":"press","options":{"y":906,"x":972}},{"action":"wait","options":{"ms":1000}},{"action":"moveTo","options":{"y":906,"x":108}},{"action":"release","options":{}}],"c5589035-1355-4860-b9fc-047bb729239b"]
2018-04-07 04:20:15:077 - info: [debug] [JSONWP Proxy] Proxying [POST /touch/perform] to [POST http://localhost:8214/wd/hub/session/cddd7b20-ef79-4bcf-8f6a-d458c2d806fb/touch/perform] with body: {"startX":972,"startY":906,"endX":108,"endY":906,"steps":28}
2018-04-07 04:20:15:549 - info: [debug] [JSONWP Proxy] Got response with status 200: {"sessionId":"cddd7b20-ef79-4bcf-8f6a-d458c2d806fb","status":0,"value":true}
2018-04-07 04:20:15:550 - info: [debug] [MJSONWP] Responding to client with driver.performTouch() result: true
2018-04-07 04:20:15:551 - info: [HTTP] <-- POST /wd/hub/session/c5589035-1355-4860-b9fc-047bb729239b/touch/perform 200 481 ms - 76 
2018-04-07 04:20:16:557 - info: [HTTP] --> GET /wd/hub/session/c5589035-1355-4860-b9fc-047bb729239b/window/current/size {}
2018-04-07 04:20:16:558 - info: [MJSONWP] Driver proxy active, passing request on via HTTP proxy
2018-04-07 04:20:16:558 - info: [debug] [JSONWP Proxy] Proxying [GET /wd/hub/session/c5589035-1355-4860-b9fc-047bb729239b/window/current/size] to [GET http://localhost:8214/wd/hub/session/cddd7b20-ef79-4bcf-8f6a-d458c2d806fb/window/current/size] with body: {}
2018-04-07 04:20:16:578 - info: [debug] [JSONWP Proxy] Got response with status 200: "{\"sessionId\":\"cddd7b20-ef79-4bcf-8f6a-d458c2d806fb\",\"status\":0,\"value\":{\"height\":1812,\"width\":1080}}"
2018-04-07 04:20:16:579 - info: [JSONWP Proxy] Replacing sessionId cddd7b20-ef79-4bcf-8f6a-d458c2d806fb with c5589035-1355-4860-b9fc-047bb729239b
2018-04-07 04:20:16:580 - info: [HTTP] <-- GET /wd/hub/session/c5589035-1355-4860-b9fc-047bb729239b/window/current/size 200 24 ms - 100 
2018-04-07 04:20:16:586 - info: [HTTP] --> GET /wd/hub/session/c5589035-1355-4860-b9fc-047bb729239b/window/current/size {}
2018-04-07 04:20:16:587 - info: [MJSONWP] Driver proxy active, passing request on via HTTP proxy
2018-04-07 04:20:16:587 - info: [debug] [JSONWP Proxy] Proxying [GET /wd/hub/session/c5589035-1355-4860-b9fc-047bb729239b/window/current/size] to [GET http://localhost:8214/wd/hub/session/cddd7b20-ef79-4bcf-8f6a-d458c2d806fb/window/current/size] with body: {}
2018-04-07 04:20:16:606 - info: [debug] [JSONWP Proxy] Got response with status 200: "{\"sessionId\":\"cddd7b20-ef79-4bcf-8f6a-d458c2d806fb\",\"status\":0,\"value\":{\"height\":1812,\"width\":1080}}"
2018-04-07 04:20:16:607 - info: [JSONWP Proxy] Replacing sessionId cddd7b20-ef79-4bcf-8f6a-d458c2d806fb with c5589035-1355-4860-b9fc-047bb729239b
2018-04-07 04:20:16:608 - info: [HTTP] <-- GET /wd/hub/session/c5589035-1355-4860-b9fc-047bb729239b/window/current/size 200 23 ms - 100 
2018-04-07 04:20:16:612 - info: [HTTP] --> POST /wd/hub/session/c5589035-1355-4860-b9fc-047bb729239b/touch/perform {"sessionId":"c5589035-1355-4860-b9fc-047bb729239b","actions":[{"action":"press","options":{"y":906,"x":972}},{"action":"wait","options":{"ms":1000}},{"action":"moveTo","options":{"y":906,"x":108}},{"action":"release","options":{}}]}
2018-04-07 04:20:16:613 - info: [debug] [MJSONWP] Calling AppiumDriver.performTouch() with args: [[{"action":"press","options":{"y":906,"x":972}},{"action":"wait","options":{"ms":1000}},{"action":"moveTo","options":{"y":906,"x":108}},{"action":"release","options":{}}],"c5589035-1355-4860-b9fc-047bb729239b"]
2018-04-07 04:20:16:614 - info: [debug] [JSONWP Proxy] Proxying [POST /touch/perform] to [POST http://localhost:8214/wd/hub/session/cddd7b20-ef79-4bcf-8f6a-d458c2d806fb/touch/perform] with body: {"startX":972,"startY":906,"endX":108,"endY":906,"steps":28}
2018-04-07 04:20:17:096 - info: [debug] [JSONWP Proxy] Got response with status 200: {"sessionId":"cddd7b20-ef79-4bcf-8f6a-d458c2d806fb","status":0,"value":true}
2018-04-07 04:20:17:097 - info: [debug] [MJSONWP] Responding to client with driver.performTouch() result: true
2018-04-07 04:20:17:098 - info: [HTTP] <-- POST /wd/hub/session/c5589035-1355-4860-b9fc-047bb729239b/touch/perform 200 486 ms - 76 
2018-04-07 04:20:18:104 - info: [HTTP] --> GET /wd/hub/session/c5589035-1355-4860-b9fc-047bb729239b/window/current/size {}
2018-04-07 04:20:18:108 - info: [MJSONWP] Driver proxy active, passing request on via HTTP proxy
2018-04-07 04:20:18:109 - info: [debug] [JSONWP Proxy] Proxying [GET /wd/hub/session/c5589035-1355-4860-b9fc-047bb729239b/window/current/size] to [GET http://localhost:8214/wd/hub/session/cddd7b20-ef79-4bcf-8f6a-d458c2d806fb/window/current/size] with body: {}
2018-04-07 04:20:18:123 - info: [debug] [JSONWP Proxy] Got response with status 200: "{\"sessionId\":\"cddd7b20-ef79-4bcf-8f6a-d458c2d806fb\",\"status\":0,\"value\":{\"height\":1812,\"width\":1080}}"
2018-04-07 04:20:18:124 - info: [JSONWP Proxy] Replacing sessionId cddd7b20-ef79-4bcf-8f6a-d458c2d806fb with c5589035-1355-4860-b9fc-047bb729239b
2018-04-07 04:20:18:125 - info: [HTTP] <-- GET /wd/hub/session/c5589035-1355-4860-b9fc-047bb729239b/window/current/size 200 21 ms - 100 
2018-04-07 04:20:18:129 - info: [HTTP] --> GET /wd/hub/session/c5589035-1355-4860-b9fc-047bb729239b/window/current/size {}
2018-04-07 04:20:18:130 - info: [MJSONWP] Driver proxy active, passing request on via HTTP proxy
2018-04-07 04:20:18:130 - info: [debug] [JSONWP Proxy] Proxying [GET /wd/hub/session/c5589035-1355-4860-b9fc-047bb729239b/window/current/size] to [GET http://localhost:8214/wd/hub/session/cddd7b20-ef79-4bcf-8f6a-d458c2d806fb/window/current/size] with body: {}
2018-04-07 04:20:18:142 - info: [debug] [JSONWP Proxy] Got response with status 200: "{\"sessionId\":\"cddd7b20-ef79-4bcf-8f6a-d458c2d806fb\",\"status\":0,\"value\":{\"height\":1812,\"width\":1080}}"
2018-04-07 04:20:18:143 - info: [JSONWP Proxy] Replacing sessionId cddd7b20-ef79-4bcf-8f6a-d458c2d806fb with c5589035-1355-4860-b9fc-047bb729239b
2018-04-07 04:20:18:144 - info: [HTTP] <-- GET /wd/hub/session/c5589035-1355-4860-b9fc-047bb729239b/window/current/size 200 14 ms - 100 
2018-04-07 04:20:18:148 - info: [HTTP] --> POST /wd/hub/session/c5589035-1355-4860-b9fc-047bb729239b/touch/perform {"sessionId":"c5589035-1355-4860-b9fc-047bb729239b","actions":[{"action":"press","options":{"y":906,"x":972}},{"action":"wait","options":{"ms":1000}},{"action":"moveTo","options":{"y":906,"x":108}},{"action":"release","options":{}}]}
2018-04-07 04:20:18:149 - info: [debug] [MJSONWP] Calling AppiumDriver.performTouch() with args: [[{"action":"press","options":{"y":906,"x":972}},{"action":"wait","options":{"ms":1000}},{"action":"moveTo","options":{"y":906,"x":108}},{"action":"release","options":{}}],"c5589035-1355-4860-b9fc-047bb729239b"]
2018-04-07 04:20:18:152 - info: [debug] [JSONWP Proxy] Proxying [POST /touch/perform] to [POST http://localhost:8214/wd/hub/session/cddd7b20-ef79-4bcf-8f6a-d458c2d806fb/touch/perform] with body: {"startX":972,"startY":906,"endX":108,"endY":906,"steps":28}
2018-04-07 04:20:18:612 - info: [debug] [JSONWP Proxy] Got response with status 200: {"sessionId":"cddd7b20-ef79-4bcf-8f6a-d458c2d806fb","status":0,"value":true}
2018-04-07 04:20:18:612 - info: [debug] [MJSONWP] Responding to client with driver.performTouch() result: true
2018-04-07 04:20:18:613 - info: [HTTP] <-- POST /wd/hub/session/c5589035-1355-4860-b9fc-047bb729239b/touch/perform 200 465 ms - 76 
2018-04-07 04:20:19:617 - info: [HTTP] --> GET /wd/hub/session/c5589035-1355-4860-b9fc-047bb729239b/window/current/size {}
2018-04-07 04:20:19:618 - info: [MJSONWP] Driver proxy active, passing request on via HTTP proxy
2018-04-07 04:20:19:619 - info: [debug] [JSONWP Proxy] Proxying [GET /wd/hub/session/c5589035-1355-4860-b9fc-047bb729239b/window/current/size] to [GET http://localhost:8214/wd/hub/session/cddd7b20-ef79-4bcf-8f6a-d458c2d806fb/window/current/size] with body: {}
2018-04-07 04:20:19:640 - info: [debug] [JSONWP Proxy] Got response with status 200: "{\"sessionId\":\"cddd7b20-ef79-4bcf-8f6a-d458c2d806fb\",\"status\":0,\"value\":{\"height\":1812,\"width\":1080}}"
2018-04-07 04:20:19:640 - info: [JSONWP Proxy] Replacing sessionId cddd7b20-ef79-4bcf-8f6a-d458c2d806fb with c5589035-1355-4860-b9fc-047bb729239b
2018-04-07 04:20:19:641 - info: [HTTP] <-- GET /wd/hub/session/c5589035-1355-4860-b9fc-047bb729239b/window/current/size 200 24 ms - 100 
2018-04-07 04:20:19:645 - info: [HTTP] --> GET /wd/hub/session/c5589035-1355-4860-b9fc-047bb729239b/window/current/size {}
2018-04-07 04:20:19:646 - info: [MJSONWP] Driver proxy active, passing request on via HTTP proxy
2018-04-07 04:20:19:648 - info: [debug] [JSONWP Proxy] Proxying [GET /wd/hub/session/c5589035-1355-4860-b9fc-047bb729239b/window/current/size] to [GET http://localhost:8214/wd/hub/session/cddd7b20-ef79-4bcf-8f6a-d458c2d806fb/window/current/size] with body: {}
2018-04-07 04:20:19:664 - info: [debug] [JSONWP Proxy] Got response with status 200: "{\"sessionId\":\"cddd7b20-ef79-4bcf-8f6a-d458c2d806fb\",\"status\":0,\"value\":{\"height\":1812,\"width\":1080}}"
2018-04-07 04:20:19:664 - info: [JSONWP Proxy] Replacing sessionId cddd7b20-ef79-4bcf-8f6a-d458c2d806fb with c5589035-1355-4860-b9fc-047bb729239b
2018-04-07 04:20:19:665 - info: [HTTP] <-- GET /wd/hub/session/c5589035-1355-4860-b9fc-047bb729239b/window/current/size 200 19 ms - 100 
2018-04-07 04:20:19:669 - info: [HTTP] --> POST /wd/hub/session/c5589035-1355-4860-b9fc-047bb729239b/touch/perform {"sessionId":"c5589035-1355-4860-b9fc-047bb729239b","actions":[{"action":"press","options":{"y":906,"x":972}},{"action":"wait","options":{"ms":1000}},{"action":"moveTo","options":{"y":906,"x":108}},{"action":"release","options":{}}]}
2018-04-07 04:20:19:670 - info: [debug] [MJSONWP] Calling AppiumDriver.performTouch() with args: [[{"action":"press","options":{"y":906,"x":972}},{"action":"wait","options":{"ms":1000}},{"action":"moveTo","options":{"y":906,"x":108}},{"action":"release","options":{}}],"c5589035-1355-4860-b9fc-047bb729239b"]
2018-04-07 04:20:19:671 - info: [debug] [JSONWP Proxy] Proxying [POST /touch/perform] to [POST http://localhost:8214/wd/hub/session/cddd7b20-ef79-4bcf-8f6a-d458c2d806fb/touch/perform] with body: {"startX":972,"startY":906,"endX":108,"endY":906,"steps":28}
2018-04-07 04:20:20:145 - info: [debug] [JSONWP Proxy] Got response with status 200: {"sessionId":"cddd7b20-ef79-4bcf-8f6a-d458c2d806fb","status":0,"value":true}
2018-04-07 04:20:20:147 - info: [debug] [MJSONWP] Responding to client with driver.performTouch() result: true
2018-04-07 04:20:20:149 - info: [HTTP] <-- POST /wd/hub/session/c5589035-1355-4860-b9fc-047bb729239b/touch/perform 200 478 ms - 76 
2018-04-07 04:20:20:154 - info: [HTTP] --> POST /wd/hub/session/c5589035-1355-4860-b9fc-047bb729239b/element {"using":"class name","sessionId":"c5589035-1355-4860-b9fc-047bb729239b","value":"android.widget.ImageView"}
2018-04-07 04:20:20:155 - info: [debug] [MJSONWP] Calling AppiumDriver.findElement() with args: ["class name","android.widget.ImageView","c5589035-1355-4860-b9fc-047bb729239b"]
2018-04-07 04:20:20:157 - info: [debug] [BaseDriver] Valid locator strategies for this request: xpath, id, class name, accessibility id, -android uiautomator
2018-04-07 04:20:20:159 - info: [debug] [BaseDriver] Valid locator strategies for this request: xpath, id, class name, accessibility id, -android uiautomator
2018-04-07 04:20:20:159 - info: [debug] [BaseDriver] Waiting up to 0 ms for condition
2018-04-07 04:20:20:161 - info: [debug] [JSONWP Proxy] Proxying [POST /element] to [POST http://localhost:8214/wd/hub/session/cddd7b20-ef79-4bcf-8f6a-d458c2d806fb/element] with body: {"strategy":"class name","selector":"android.widget.ImageView","context":"","multiple":false}
2018-04-07 04:20:20:948 - info: [debug] [JSONWP Proxy] Got response with status 200: {"sessionId":"cddd7b20-ef79-4bcf-8f6a-d458c2d806fb","status":0,"value":{"ELEMENT":"cb440097-987e-4a8a-8617-1eb92aebe3d7"}}
2018-04-07 04:20:20:950 - info: [debug] [MJSONWP] Responding to client with driver.findElement() result: {"ELEMENT":"cb440097-987e-4a8a-8617-1eb92aebe3d7"}
2018-04-07 04:20:20:951 - info: [HTTP] <-- POST /wd/hub/session/c5589035-1355-4860-b9fc-047bb729239b/element 200 796 ms - 122 
2018-04-07 04:20:20:957 - info: [HTTP] --> POST /wd/hub/session/c5589035-1355-4860-b9fc-047bb729239b/element/cb440097-987e-4a8a-8617-1eb92aebe3d7/click {"sessionId":"c5589035-1355-4860-b9fc-047bb729239b","id":"cb440097-987e-4a8a-8617-1eb92aebe3d7"}
2018-04-07 04:20:20:958 - info: [debug] [MJSONWP] Calling AppiumDriver.click() with args: ["cb440097-987e-4a8a-8617-1eb92aebe3d7","c5589035-1355-4860-b9fc-047bb729239b"]
2018-04-07 04:20:20:960 - info: [debug] [JSONWP Proxy] Proxying [POST /element/cb440097-987e-4a8a-8617-1eb92aebe3d7/click] to [POST http://localhost:8214/wd/hub/session/cddd7b20-ef79-4bcf-8f6a-d458c2d806fb/element/cb440097-987e-4a8a-8617-1eb92aebe3d7/click] with body: {"element":"cb440097-987e-4a8a-8617-1eb92aebe3d7"}
2018-04-07 04:20:21:071 - info: [debug] [JSONWP Proxy] Got response with status 200: {"sessionId":"cddd7b20-ef79-4bcf-8f6a-d458c2d806fb","status":0,"value":true}
2018-04-07 04:20:21:071 - info: [debug] [MJSONWP] Responding to client with driver.click() result: true
2018-04-07 04:20:21:072 - info: [HTTP] <-- POST /wd/hub/session/c5589035-1355-4860-b9fc-047bb729239b/element/cb440097-987e-4a8a-8617-1eb92aebe3d7/click 200 115 ms - 76 
2018-04-07 04:20:24:081 - info: [HTTP] --> POST /wd/hub/session/c5589035-1355-4860-b9fc-047bb729239b/elements {"using":"class name","sessionId":"c5589035-1355-4860-b9fc-047bb729239b","value":"android.widget.EditText"}
2018-04-07 04:20:24:083 - info: [debug] [MJSONWP] Calling AppiumDriver.findElements() with args: ["class name","android.widget.EditText","c5589035-1355-4860-b9fc-047bb729239b"]
2018-04-07 04:20:24:085 - info: [debug] [BaseDriver] Valid locator strategies for this request: xpath, id, class name, accessibility id, -android uiautomator
2018-04-07 04:20:24:085 - info: [debug] [BaseDriver] Valid locator strategies for this request: xpath, id, class name, accessibility id, -android uiautomator
2018-04-07 04:20:24:085 - info: [debug] [BaseDriver] Waiting up to 0 ms for condition
2018-04-07 04:20:24:086 - info: [debug] [JSONWP Proxy] Proxying [POST /elements] to [POST http://localhost:8214/wd/hub/session/cddd7b20-ef79-4bcf-8f6a-d458c2d806fb/elements] with body: {"strategy":"class name","selector":"android.widget.EditText","context":"","multiple":true}
2018-04-07 04:20:24:118 - info: [debug] [JSONWP Proxy] Got response with status 200: {"sessionId":"cddd7b20-ef79-4bcf-8f6a-d458c2d806fb","status":0,"value":[{"ELEMENT":"45ef9c77-9072-4d30-9d63-4e1e7a603820"},{"ELEMENT":"f45033ab-f392-4106-b152-328f54c54bf7"}]}
2018-04-07 04:20:24:119 - info: [debug] [MJSONWP] Responding to client with driver.findElements() result: [{"ELEMENT":"45ef9c77-9072-4d30-9d63-4e1e7a603820"},{"ELEMENT":"f45033ab-f392-4106-b152-328f54c54bf7"}]
2018-04-07 04:20:24:120 - info: [HTTP] <-- POST /wd/hub/session/c5589035-1355-4860-b9fc-047bb729239b/elements 200 39 ms - 175 
2018-04-07 04:20:24:124 - info: [HTTP] --> POST /wd/hub/session/c5589035-1355-4860-b9fc-047bb729239b/element/45ef9c77-9072-4d30-9d63-4e1e7a603820/value {"text":"18550903915","sessionId":"c5589035-1355-4860-b9fc-047bb729239b","id":"45ef9c77-9072-4d30-9d63-4e1e7a603820","value":["1","8","5","5","0","9","0","3","9","1","5"]}
2018-04-07 04:20:24:125 - info: [debug] [MJSONWP] Calling AppiumDriver.setValue() with args: [["1","8","5","5","0","9","0","3","9","1","5"],"45ef9c77-9072-4d30-9d63-4e1e7a603820","c5589035-1355-4860-b9fc-047bb729239b"]
2018-04-07 04:20:24:126 - info: [debug] [JSONWP Proxy] Proxying [POST /element/45ef9c77-9072-4d30-9d63-4e1e7a603820/value] to [POST http://localhost:8214/wd/hub/session/cddd7b20-ef79-4bcf-8f6a-d458c2d806fb/element/45ef9c77-9072-4d30-9d63-4e1e7a603820/value] with body: {"elementId":"45ef9c77-9072-4d30-9d63-4e1e7a603820","text":"18550903915","replace":false,"unicodeKeyboard":true}
2018-04-07 04:20:24:673 - info: [debug] [JSONWP Proxy] Got response with status 200: {"sessionId":"cddd7b20-ef79-4bcf-8f6a-d458c2d806fb","status":0,"value":""}
2018-04-07 04:20:24:674 - info: [debug] [MJSONWP] Responding to client with driver.setValue() result: ""
2018-04-07 04:20:24:675 - info: [HTTP] <-- POST /wd/hub/session/c5589035-1355-4860-b9fc-047bb729239b/element/45ef9c77-9072-4d30-9d63-4e1e7a603820/value 200 549 ms - 74 
2018-04-07 04:20:24:681 - info: [HTTP] --> POST /wd/hub/session/c5589035-1355-4860-b9fc-047bb729239b/elements {"using":"class name","sessionId":"c5589035-1355-4860-b9fc-047bb729239b","value":"android.widget.EditText"}
2018-04-07 04:20:24:682 - info: [debug] [MJSONWP] Calling AppiumDriver.findElements() with args: ["class name","android.widget.EditText","c5589035-1355-4860-b9fc-047bb729239b"]
2018-04-07 04:20:24:682 - info: [debug] [BaseDriver] Valid locator strategies for this request: xpath, id, class name, accessibility id, -android uiautomator
2018-04-07 04:20:24:682 - info: [debug] [BaseDriver] Valid locator strategies for this request: xpath, id, class name, accessibility id, -android uiautomator
2018-04-07 04:20:24:683 - info: [debug] [BaseDriver] Waiting up to 0 ms for condition
2018-04-07 04:20:24:683 - info: [debug] [JSONWP Proxy] Proxying [POST /elements] to [POST http://localhost:8214/wd/hub/session/cddd7b20-ef79-4bcf-8f6a-d458c2d806fb/elements] with body: {"strategy":"class name","selector":"android.widget.EditText","context":"","multiple":true}
2018-04-07 04:20:25:533 - info: [debug] [JSONWP Proxy] Got response with status 200: {"sessionId":"cddd7b20-ef79-4bcf-8f6a-d458c2d806fb","status":0,"value":[{"ELEMENT":"faf679f1-6c0d-4012-8c6e-4da81ae992fa"},{"ELEMENT":"92969b54-3111-400c-8fd3-16d2e1137a5d"}]}
2018-04-07 04:20:25:534 - info: [debug] [MJSONWP] Responding to client with driver.findElements() result: [{"ELEMENT":"faf679f1-6c0d-4012-8c6e-4da81ae992fa"},{"ELEMENT":"92969b54-3111-400c-8fd3-16d2e1137a5d"}]
2018-04-07 04:20:25:535 - info: [HTTP] <-- POST /wd/hub/session/c5589035-1355-4860-b9fc-047bb729239b/elements 200 854 ms - 175 
2018-04-07 04:20:25:542 - info: [HTTP] --> POST /wd/hub/session/c5589035-1355-4860-b9fc-047bb729239b/element/92969b54-3111-400c-8fd3-16d2e1137a5d/value {"text":"qwe123","sessionId":"c5589035-1355-4860-b9fc-047bb729239b","id":"92969b54-3111-400c-8fd3-16d2e1137a5d","value":["q","w","e","1","2","3"]}
2018-04-07 04:20:25:543 - info: [debug] [MJSONWP] Calling AppiumDriver.setValue() with args: [["q","w","e","1","2","3"],"92969b54-3111-400c-8fd3-16d2e1137a5d","c5589035-1355-4860-b9fc-047bb729239b"]
2018-04-07 04:20:25:545 - info: [debug] [JSONWP Proxy] Proxying [POST /element/92969b54-3111-400c-8fd3-16d2e1137a5d/value] to [POST http://localhost:8214/wd/hub/session/cddd7b20-ef79-4bcf-8f6a-d458c2d806fb/element/92969b54-3111-400c-8fd3-16d2e1137a5d/value] with body: {"elementId":"92969b54-3111-400c-8fd3-16d2e1137a5d","text":"qwe123","replace":false,"unicodeKeyboard":true}
2018-04-07 04:20:26:111 - info: [debug] [JSONWP Proxy] Got response with status 200: {"sessionId":"cddd7b20-ef79-4bcf-8f6a-d458c2d806fb","status":0,"value":""}
2018-04-07 04:20:26:112 - info: [debug] [MJSONWP] Responding to client with driver.setValue() result: ""
2018-04-07 04:20:26:114 - info: [HTTP] <-- POST /wd/hub/session/c5589035-1355-4860-b9fc-047bb729239b/element/92969b54-3111-400c-8fd3-16d2e1137a5d/value 200 572 ms - 74 
2018-04-07 04:20:26:121 - info: [HTTP] --> POST /wd/hub/session/c5589035-1355-4860-b9fc-047bb729239b/element {"using":"-android uiautomator","sessionId":"c5589035-1355-4860-b9fc-047bb729239b","value":"new UiSelector().text(\"\")"}
2018-04-07 04:20:26:121 - info: [debug] [MJSONWP] Calling AppiumDriver.findElement() with args: ["-android uiautomator","new UiSelector().text(\"\")","c5589035-1355-4860-b9fc-047bb729239b"]
2018-04-07 04:20:26:122 - info: [debug] [BaseDriver] Valid locator strategies for this request: xpath, id, class name, accessibility id, -android uiautomator
2018-04-07 04:20:26:122 - info: [debug] [BaseDriver] Valid locator strategies for this request: xpath, id, class name, accessibility id, -android uiautomator
2018-04-07 04:20:26:123 - info: [debug] [BaseDriver] Waiting up to 0 ms for condition
2018-04-07 04:20:26:123 - info: [debug] [JSONWP Proxy] Proxying [POST /element] to [POST http://localhost:8214/wd/hub/session/cddd7b20-ef79-4bcf-8f6a-d458c2d806fb/element] with body: {"strategy":"-android uiautomator","selector":"new UiSelector().text(\"\")","context":"","multiple":false}
2018-04-07 04:20:26:631 - info: [debug] [JSONWP Proxy] Got response with status 200: {"sessionId":"cddd7b20-ef79-4bcf-8f6a-d458c2d806fb","status":0,"value":{"ELEMENT":"74f63450-1a2d-4525-a714-0d50085cbee4"}}
2018-04-07 04:20:26:632 - info: [debug] [MJSONWP] Responding to client with driver.findElement() result: {"ELEMENT":"74f63450-1a2d-4525-a714-0d50085cbee4"}
2018-04-07 04:20:26:633 - info: [HTTP] <-- POST /wd/hub/session/c5589035-1355-4860-b9fc-047bb729239b/element 200 512 ms - 122 
2018-04-07 04:20:26:641 - info: [HTTP] --> POST /wd/hub/session/c5589035-1355-4860-b9fc-047bb729239b/element/74f63450-1a2d-4525-a714-0d50085cbee4/click {"sessionId":"c5589035-1355-4860-b9fc-047bb729239b","id":"74f63450-1a2d-4525-a714-0d50085cbee4"}
2018-04-07 04:20:26:641 - info: [debug] [MJSONWP] Calling AppiumDriver.click() with args: ["74f63450-1a2d-4525-a714-0d50085cbee4","c5589035-1355-4860-b9fc-047bb729239b"]
2018-04-07 04:20:26:642 - info: [debug] [JSONWP Proxy] Proxying [POST /element/74f63450-1a2d-4525-a714-0d50085cbee4/click] to [POST http://localhost:8214/wd/hub/session/cddd7b20-ef79-4bcf-8f6a-d458c2d806fb/element/74f63450-1a2d-4525-a714-0d50085cbee4/click] with body: {"element":"74f63450-1a2d-4525-a714-0d50085cbee4"}
2018-04-07 04:20:28:840 - info: [debug] [JSONWP Proxy] Got response with status 200: {"sessionId":"cddd7b20-ef79-4bcf-8f6a-d458c2d806fb","status":0,"value":true}
2018-04-07 04:20:28:841 - info: [debug] [MJSONWP] Responding to client with driver.click() result: true
2018-04-07 04:20:28:843 - info: [HTTP] <-- POST /wd/hub/session/c5589035-1355-4860-b9fc-047bb729239b/element/74f63450-1a2d-4525-a714-0d50085cbee4/click 200 2202 ms - 76 
2018-04-07 04:20:28:853 - info: [HTTP] --> POST /wd/hub/session/c5589035-1355-4860-b9fc-047bb729239b/element {"using":"-android uiautomator","sessionId":"c5589035-1355-4860-b9fc-047bb729239b","value":"new UiSelector().description(\"plusIcon\")"}
2018-04-07 04:20:28:853 - info: [debug] [MJSONWP] Calling AppiumDriver.findElement() with args: ["-android uiautomator","new UiSelector().description(\"plusIcon\")","c5589035-1355-4860-b9fc-047bb729239b"]
2018-04-07 04:20:28:854 - info: [debug] [BaseDriver] Valid locator strategies for this request: xpath, id, class name, accessibility id, -android uiautomator
2018-04-07 04:20:28:854 - info: [debug] [BaseDriver] Valid locator strategies for this request: xpath, id, class name, accessibility id, -android uiautomator
2018-04-07 04:20:28:854 - info: [debug] [BaseDriver] Waiting up to 0 ms for condition
2018-04-07 04:20:28:854 - info: [debug] [JSONWP Proxy] Proxying [POST /element] to [POST http://localhost:8214/wd/hub/session/cddd7b20-ef79-4bcf-8f6a-d458c2d806fb/element] with body: {"strategy":"-android uiautomator","selector":"new UiSelector().description(\"plusIcon\")","context":"","multiple":false}
2018-04-07 04:20:29:089 - info: [debug] [JSONWP Proxy] Got response with status 200: {"sessionId":"cddd7b20-ef79-4bcf-8f6a-d458c2d806fb","status":0,"value":{"ELEMENT":"062c4912-57ed-4d2c-a05f-531f0dd7ddf6"}}
2018-04-07 04:20:29:090 - info: [debug] [MJSONWP] Responding to client with driver.findElement() result: {"ELEMENT":"062c4912-57ed-4d2c-a05f-531f0dd7ddf6"}
2018-04-07 04:20:29:091 - info: [HTTP] <-- POST /wd/hub/session/c5589035-1355-4860-b9fc-047bb729239b/element 200 238 ms - 122 
2018-04-07 04:20:29:095 - info: [HTTP] --> GET /wd/hub/session/c5589035-1355-4860-b9fc-047bb729239b/element/062c4912-57ed-4d2c-a05f-531f0dd7ddf6/displayed {}
2018-04-07 04:20:29:096 - info: [debug] [MJSONWP] Calling AppiumDriver.elementDisplayed() with args: ["062c4912-57ed-4d2c-a05f-531f0dd7ddf6","c5589035-1355-4860-b9fc-047bb729239b"]
2018-04-07 04:20:29:097 - info: [debug] [JSONWP Proxy] Proxying [GET /element/062c4912-57ed-4d2c-a05f-531f0dd7ddf6/attribute/displayed] to [GET http://localhost:8214/wd/hub/session/cddd7b20-ef79-4bcf-8f6a-d458c2d806fb/element/062c4912-57ed-4d2c-a05f-531f0dd7ddf6/attribute/displayed] with body: {}
2018-04-07 04:20:29:144 - info: [debug] [JSONWP Proxy] Got response with status 200: "{\"sessionId\":\"cddd7b20-ef79-4bcf-8f6a-d458c2d806fb\",\"status\":0,\"value\":\"true\"}"
2018-04-07 04:20:29:145 - info: [debug] [MJSONWP] Responding to client with driver.elementDisplayed() result: true
2018-04-07 04:20:29:146 - info: [HTTP] <-- GET /wd/hub/session/c5589035-1355-4860-b9fc-047bb729239b/element/062c4912-57ed-4d2c-a05f-531f0dd7ddf6/displayed 200 50 ms - 76 
2018-04-07 04:20:29:153 - info: [HTTP] --> POST /wd/hub/session/c5589035-1355-4860-b9fc-047bb729239b/element {"using":"-android uiautomator","sessionId":"c5589035-1355-4860-b9fc-047bb729239b","value":"new UiSelector().text(\"\")"}
2018-04-07 04:20:29:154 - info: [debug] [MJSONWP] Calling AppiumDriver.findElement() with args: ["-android uiautomator","new UiSelector().text(\"\")","c5589035-1355-4860-b9fc-047bb729239b"]
2018-04-07 04:20:29:154 - info: [debug] [BaseDriver] Valid locator strategies for this request: xpath, id, class name, accessibility id, -android uiautomator
2018-04-07 04:20:29:155 - info: [debug] [BaseDriver] Valid locator strategies for this request: xpath, id, class name, accessibility id, -android uiautomator
2018-04-07 04:20:29:155 - info: [debug] [BaseDriver] Waiting up to 0 ms for condition
2018-04-07 04:20:29:155 - info: [debug] [JSONWP Proxy] Proxying [POST /element] to [POST http://localhost:8214/wd/hub/session/cddd7b20-ef79-4bcf-8f6a-d458c2d806fb/element] with body: {"strategy":"-android uiautomator","selector":"new UiSelector().text(\"\")","context":"","multiple":false}
2018-04-07 04:20:29:210 - info: [debug] [JSONWP Proxy] Got response with status 200: {"sessionId":"cddd7b20-ef79-4bcf-8f6a-d458c2d806fb","status":0,"value":{"ELEMENT":"790cd2bf-db43-4755-a419-7eed04c5772c"}}
2018-04-07 04:20:29:211 - info: [debug] [MJSONWP] Responding to client with driver.findElement() result: {"ELEMENT":"790cd2bf-db43-4755-a419-7eed04c5772c"}
2018-04-07 04:20:29:212 - info: [HTTP] <-- POST /wd/hub/session/c5589035-1355-4860-b9fc-047bb729239b/element 200 58 ms - 122 
2018-04-07 04:20:29:216 - info: [HTTP] --> POST /wd/hub/session/c5589035-1355-4860-b9fc-047bb729239b/element/790cd2bf-db43-4755-a419-7eed04c5772c/click {"sessionId":"c5589035-1355-4860-b9fc-047bb729239b","id":"790cd2bf-db43-4755-a419-7eed04c5772c"}
2018-04-07 04:20:29:216 - info: [debug] [MJSONWP] Calling AppiumDriver.click() with args: ["790cd2bf-db43-4755-a419-7eed04c5772c","c5589035-1355-4860-b9fc-047bb729239b"]
2018-04-07 04:20:29:217 - info: [debug] [JSONWP Proxy] Proxying [POST /element/790cd2bf-db43-4755-a419-7eed04c5772c/click] to [POST http://localhost:8214/wd/hub/session/cddd7b20-ef79-4bcf-8f6a-d458c2d806fb/element/790cd2bf-db43-4755-a419-7eed04c5772c/click] with body: {"element":"790cd2bf-db43-4755-a419-7eed04c5772c"}
2018-04-07 04:20:30:689 - info: [debug] [JSONWP Proxy] Got response with status 200: {"sessionId":"cddd7b20-ef79-4bcf-8f6a-d458c2d806fb","status":0,"value":true}
2018-04-07 04:20:30:690 - info: [debug] [MJSONWP] Responding to client with driver.click() result: true
2018-04-07 04:20:30:691 - info: [HTTP] <-- POST /wd/hub/session/c5589035-1355-4860-b9fc-047bb729239b/element/790cd2bf-db43-4755-a419-7eed04c5772c/click 200 1475 ms - 76 
2018-04-07 04:20:32:709 - info: [HTTP] --> POST /wd/hub/session/c5589035-1355-4860-b9fc-047bb729239b/element {"using":"xpath","sessionId":"c5589035-1355-4860-b9fc-047bb729239b","value":"//*[contains(@text,)]"}
2018-04-07 04:20:32:710 - info: [debug] [MJSONWP] Calling AppiumDriver.findElement() with args: ["xpath","//*[contains(@text,)]","c5589035-1355-4860-b9fc-047bb729239b"]
2018-04-07 04:20:32:710 - info: [debug] [BaseDriver] Valid locator strategies for this request: xpath, id, class name, accessibility id, -android uiautomator
2018-04-07 04:20:32:711 - info: [debug] [BaseDriver] Valid locator strategies for this request: xpath, id, class name, accessibility id, -android uiautomator
2018-04-07 04:20:32:711 - info: [debug] [BaseDriver] Waiting up to 0 ms for condition
2018-04-07 04:20:32:711 - info: [debug] [JSONWP Proxy] Proxying [POST /element] to [POST http://localhost:8214/wd/hub/session/cddd7b20-ef79-4bcf-8f6a-d458c2d806fb/element] with body: {"strategy":"xpath","selector":"//*[contains(@text,)]","context":"","multiple":false}
2018-04-07 04:20:32:972 - info: [debug] [JSONWP Proxy] Got response with status 200: {"sessionId":"cddd7b20-ef79-4bcf-8f6a-d458c2d806fb","status":0,"value":{"ELEMENT":"64990d5d-3ea5-46c6-95ca-fcc03783ef7a"}}
2018-04-07 04:20:32:973 - info: [debug] [MJSONWP] Responding to client with driver.findElement() result: {"ELEMENT":"64990d5d-3ea5-46c6-95ca-fcc03783ef7a"}
2018-04-07 04:20:32:973 - info: [HTTP] <-- POST /wd/hub/session/c5589035-1355-4860-b9fc-047bb729239b/element 200 264 ms - 122 
2018-04-07 04:20:32:977 - info: [HTTP] --> GET /wd/hub/session/c5589035-1355-4860-b9fc-047bb729239b/element/64990d5d-3ea5-46c6-95ca-fcc03783ef7a/text {}
2018-04-07 04:20:32:978 - info: [MJSONWP] Driver proxy active, passing request on via HTTP proxy
2018-04-07 04:20:32:979 - info: [debug] [JSONWP Proxy] Proxying [GET /wd/hub/session/c5589035-1355-4860-b9fc-047bb729239b/element/64990d5d-3ea5-46c6-95ca-fcc03783ef7a/text] to [GET http://localhost:8214/wd/hub/session/cddd7b20-ef79-4bcf-8f6a-d458c2d806fb/element/64990d5d-3ea5-46c6-95ca-fcc03783ef7a/text] with body: {}
2018-04-07 04:20:32:990 - info: [debug] [JSONWP Proxy] Got response with status 200: "{\"sessionId\":\"cddd7b20-ef79-4bcf-8f6a-d458c2d806fb\",\"status\":0,\"value\":\"\"}"
2018-04-07 04:20:32:990 - info: [JSONWP Proxy] Replacing sessionId cddd7b20-ef79-4bcf-8f6a-d458c2d806fb with c5589035-1355-4860-b9fc-047bb729239b
2018-04-07 04:20:32:991 - info: [HTTP] <-- GET /wd/hub/session/c5589035-1355-4860-b9fc-047bb729239b/element/64990d5d-3ea5-46c6-95ca-fcc03783ef7a/text 200 13 ms - 74 
