2018-04-07 03:23:18:557 - info: [Appium] Welcome to Appium v1.7.2
2018-04-07 03:23:18:560 - info: [Appium] Non-default server args:
2018-04-07 03:23:18:561 - info: [Appium]   port: 4701
2018-04-07 03:23:18:561 - info: [Appium]   bootstrapPort: 4900
2018-04-07 03:23:18:562 - info: [Appium]   sessionOverride: true
2018-04-07 03:23:18:562 - info: [Appium]   log: D:/PycharmProjects/Appium27/log/K4Q6T167130016862018-04-07-11_23_08.log
2018-04-07 03:23:18:562 - info: [Appium]   udid: K4Q6T16713001686
2018-04-07 03:23:18:562 - info: [Appium]   noReset: true
2018-04-07 03:23:18:563 - warn: [Appium] Deprecated server args:
2018-04-07 03:23:18:563 - warn: [Appium]   -U,--udid => --default-capabilities '{"udid":"K4Q6T16713001686"}'
2018-04-07 03:23:18:563 - warn: [Appium]   --no-reset => --default-capabilities '{"noReset":true}'
2018-04-07 03:23:18:564 - info: [Appium] Default capabilities, which will be added to each request unless overridden by desired capabilities:
2018-04-07 03:23:18:564 - info: [Appium]   udid: K4Q6T16713001686
2018-04-07 03:23:18:564 - info: [Appium]   noReset: true
2018-04-07 03:23:18:626 - info: [Appium] Appium REST http interface listener started on 0.0.0.0:4701
2018-04-07 03:23:31:825 - info: [HTTP] --> POST /wd/hub/session {"capabilities":{"alwaysMatch":{"platformName":"Android"},"firstMatch":[{}]},"desiredCapabilities":{"deviceName":"K4Q6T16713001686","automationName":"uiautomator2","platformName":"Android","app":"../apk/wdfp.apk"}}
2018-04-07 03:23:31:830 - info: [debug] [MJSONWP] Calling AppiumDriver.createSession() with args: [{"deviceName":"K4Q6T16713001686","automationName":"uiautomator2","platformName":"Android","app":"../apk/wdfp.apk"},null,{"alwaysMatch":{"platformName":"Android"},"firstMatch":[{}]}]
2018-04-07 03:23:31:831 - info: [debug] [BaseDriver] Event 'newSessionRequested' logged at 1523071411831 (11:23:31 GMT+0800 (China Standard Time))
2018-04-07 03:23:31:833 - info: [Appium] Merged W3C capabilities {"alwaysMatch":{"platformName":"Android"},"firs... into desiredCapabilities object {"deviceName":"K4Q6T16713001686","automationNam...
2018-04-07 03:23:31:836 - info: [Appium] Creating new AndroidUiautomator2Driver (v0.11.0) session
2018-04-07 03:23:31:837 - info: [Appium] Capabilities:
2018-04-07 03:23:31:837 - info: [Appium]   deviceName: K4Q6T16713001686
2018-04-07 03:23:31:837 - info: [Appium]   automationName: uiautomator2
2018-04-07 03:23:31:837 - info: [Appium]   platformName: Android
2018-04-07 03:23:31:837 - info: [Appium]   app: ../apk/wdfp.apk
2018-04-07 03:23:31:837 - info: [Appium]   udid: K4Q6T16713001686
2018-04-07 03:23:31:838 - info: [Appium]   noReset: true
2018-04-07 03:23:31:851 - info: [BaseDriver] Session created with session id: 8a5e67af-0962-4ae5-b3c0-16109ba8cdc1
2018-04-07 03:23:31:852 - info: [BaseDriver] Using local app '../apk/wdfp.apk'
2018-04-07 03:23:31:877 - info: [debug] [UiAutomator2] Checking whether app is actually present
2018-04-07 03:23:32:290 - info: [debug] [AndroidDriver] Getting Java version
2018-04-07 03:23:32:547 - info: [AndroidDriver] Java version is: 1.8.0_151
2018-04-07 03:23:32:551 - info: [ADB] Checking whether adb is present
2018-04-07 03:23:32:556 - info: [ADB] Using adb.exe from D:\sdk\platform-tools\adb.exe
2018-04-07 03:23:32:557 - info: [AndroidDriver] Retrieving device list
2018-04-07 03:23:32:557 - info: [debug] [ADB] Trying to find a connected android device
2018-04-07 03:23:32:559 - info: [debug] [ADB] Getting connected devices...
2018-04-07 03:23:32:696 - info: [debug] [ADB] 1 device(s) connected
2018-04-07 03:23:32:697 - info: [AndroidDriver] Using device: K4Q6T16713001686
2018-04-07 03:23:32:699 - info: [ADB] Checking whether adb is present
2018-04-07 03:23:32:699 - info: [debug] [ADB] Setting device id to K4Q6T16713001686
2018-04-07 03:23:32:700 - info: [debug] [ADB] Getting connected devices...
2018-04-07 03:23:32:822 - info: [debug] [ADB] 1 device(s) connected
2018-04-07 03:23:32:824 - info: [debug] [ADB] Running 'D:\sdk\platform-tools\adb.exe' with args: ["-P",5037,"-s","K4Q6T16713001686","shell","getprop","ro.build.version.sdk"]
2018-04-07 03:23:32:928 - info: [debug] [ADB] Current device property 'ro.build.version.sdk': 24
2018-04-07 03:23:32:928 - info: [debug] [ADB] Device API level: 24
2018-04-07 03:23:32:929 - info: [debug] [AndroidDriver] Parsing package and activity from app manifest
2018-04-07 03:23:32:930 - info: [ADB] Checking whether aapt is present
2018-04-07 03:23:32:932 - info: [ADB] Using aapt.exe from D:\sdk\tools\aapt.exe
2018-04-07 03:23:32:933 - info: [ADB] Extracting package and launch activity from manifest
2018-04-07 03:23:33:021 - info: [debug] [ADB] badging package: com.elephant.myinvoice
2018-04-07 03:23:33:021 - info: [debug] [ADB] badging act: com.elephant.myinvoice.MainActivity
2018-04-07 03:23:33:022 - info: [debug] [AndroidDriver] Parsed package and activity are: com.elephant.myinvoice/com.elephant.myinvoice.MainActivity
2018-04-07 03:23:33:022 - info: [ADB] Getting device platform version
2018-04-07 03:23:33:022 - info: [debug] [ADB] Getting connected devices...
2018-04-07 03:23:33:095 - info: [debug] [ADB] 1 device(s) connected
2018-04-07 03:23:33:095 - info: [debug] [ADB] Running 'D:\sdk\platform-tools\adb.exe' with args: ["-P",5037,"-s","K4Q6T16713001686","shell","getprop","ro.build.version.release"]
2018-04-07 03:23:33:208 - info: [debug] [ADB] Current device property 'ro.build.version.release': 7.0
2018-04-07 03:23:33:209 - info: [debug] [ADB] Getting connected devices...
2018-04-07 03:23:33:286 - info: [debug] [ADB] 1 device(s) connected
2018-04-07 03:23:33:286 - info: [debug] [ADB] Running 'D:\sdk\platform-tools\adb.exe' with args: ["-P",5037,"-s","K4Q6T16713001686","shell","wm","size"]
2018-04-07 03:23:34:150 - info: [debug] [ADB] Getting connected devices...
2018-04-07 03:23:34:229 - info: [debug] [ADB] 1 device(s) connected
2018-04-07 03:23:34:229 - info: [debug] [ADB] Running 'D:\sdk\platform-tools\adb.exe' with args: ["-P",5037,"-s","K4Q6T16713001686","shell","wm","density"]
2018-04-07 03:23:34:922 - info: [debug] [ADB] Getting connected devices...
2018-04-07 03:23:35:005 - info: [debug] [ADB] 1 device(s) connected
2018-04-07 03:23:35:005 - info: [debug] [ADB] Running 'D:\sdk\platform-tools\adb.exe' with args: ["-P",5037,"-s","K4Q6T16713001686","shell","getprop","ro.product.model"]
2018-04-07 03:23:35:165 - info: [debug] [ADB] Current device property 'ro.product.model': NEM-AL10
2018-04-07 03:23:35:166 - info: [debug] [ADB] Getting connected devices...
2018-04-07 03:23:35:340 - info: [debug] [ADB] 1 device(s) connected
2018-04-07 03:23:35:341 - info: [debug] [ADB] Running 'D:\sdk\platform-tools\adb.exe' with args: ["-P",5037,"-s","K4Q6T16713001686","shell","getprop","ro.product.manufacturer"]
2018-04-07 03:23:35:465 - info: [debug] [ADB] Current device property 'ro.product.manufacturer': HUAWEI
2018-04-07 03:23:35:467 - info: [debug] [ADB] Getting connected devices...
2018-04-07 03:23:35:540 - info: [debug] [ADB] 1 device(s) connected
2018-04-07 03:23:35:540 - info: [debug] [ADB] Running 'D:\sdk\platform-tools\adb.exe' with args: ["-P",5037,"-s","K4Q6T16713001686","shell","am","force-stop","io.appium.uiautomator2.server"]
2018-04-07 03:23:36:259 - info: [ADB] Checking whether aapt is present
2018-04-07 03:23:36:578 - info: [debug] [ADB] Getting install status for io.appium.uiautomator2.server
2018-04-07 03:23:36:578 - info: [debug] [ADB] Getting connected devices...
2018-04-07 03:23:36:654 - info: [debug] [ADB] 1 device(s) connected
2018-04-07 03:23:36:655 - info: [debug] [ADB] Running 'D:\sdk\platform-tools\adb.exe' with args: ["-P",5037,"-s","K4Q6T16713001686","shell","pm","list","packages","io.appium.uiautomator2.server"]
2018-04-07 03:23:37:423 - info: [debug] [ADB] App is installed
2018-04-07 03:23:37:423 - info: [debug] [ADB] Getting install status for io.appium.uiautomator2.server.test
2018-04-07 03:23:37:423 - info: [debug] [ADB] Getting connected devices...
2018-04-07 03:23:37:532 - info: [debug] [ADB] 1 device(s) connected
2018-04-07 03:23:37:532 - info: [debug] [ADB] Running 'D:\sdk\platform-tools\adb.exe' with args: ["-P",5037,"-s","K4Q6T16713001686","shell","pm","list","packages","io.appium.uiautomator2.server.test"]
2018-04-07 03:23:38:279 - info: [debug] [ADB] App is installed
2018-04-07 03:23:38:280 - info: [debug] [ADB] Getting package info for io.appium.uiautomator2.server
2018-04-07 03:23:38:280 - info: [debug] [ADB] Getting connected devices...
2018-04-07 03:23:38:360 - info: [debug] [ADB] 1 device(s) connected
2018-04-07 03:23:38:361 - info: [debug] [ADB] Running 'D:\sdk\platform-tools\adb.exe' with args: ["-P",5037,"-s","K4Q6T16713001686","shell","dumpsys","package","io.appium.uiautomator2.server"]
2018-04-07 03:23:38:480 - info: [debug] [UiAutomator2] Waiting up to 20000ms for instrumentation 'io.appium.uiautomator2.server.test/android.support.test.runner.AndroidJUnitRunner' to be available
2018-04-07 03:23:38:481 - info: [debug] [ADB] Getting connected devices...
2018-04-07 03:23:38:574 - info: [debug] [ADB] 1 device(s) connected
2018-04-07 03:23:38:575 - info: [debug] [ADB] Running 'D:\sdk\platform-tools\adb.exe' with args: ["-P",5037,"-s","K4Q6T16713001686","shell","pm","list","instrumentation"]
2018-04-07 03:23:39:289 - info: [debug] [UiAutomator2] Instrumentation 'io.appium.uiautomator2.server.test/android.support.test.runner.AndroidJUnitRunner' available
2018-04-07 03:23:39:292 - info: [debug] [ADB] Running 'D:\sdk\platform-tools\adb.exe' with args: ["-P",5037,"-s","K4Q6T16713001686","wait-for-device"]
2018-04-07 03:23:39:406 - info: [debug] [ADB] Getting connected devices...
2018-04-07 03:23:39:487 - info: [debug] [ADB] 1 device(s) connected
2018-04-07 03:23:39:487 - info: [debug] [ADB] Running 'D:\sdk\platform-tools\adb.exe' with args: ["-P",5037,"-s","K4Q6T16713001686","shell","echo","ping"]
2018-04-07 03:23:39:587 - warn: [AndroidDriver] setDeviceLanguageCountry requires language or country.
2018-04-07 03:23:39:587 - warn: [AndroidDriver] Got language: 'null' and country: 'null'
2018-04-07 03:23:39:589 - info: [debug] [Logcat] Starting logcat capture
2018-04-07 03:23:39:706 - info: [debug] [AndroidDriver] Pushing settings apk to device...
2018-04-07 03:23:39:708 - info: [debug] [ADB] Getting install status for io.appium.settings
2018-04-07 03:23:39:708 - info: [debug] [ADB] Getting connected devices...
2018-04-07 03:23:39:857 - info: [debug] [ADB] 1 device(s) connected
2018-04-07 03:23:39:857 - info: [debug] [ADB] Running 'D:\sdk\platform-tools\adb.exe' with args: ["-P",5037,"-s","K4Q6T16713001686","shell","pm","list","packages","io.appium.settings"]
2018-04-07 03:23:40:623 - info: [debug] [ADB] App is installed
2018-04-07 03:23:40:624 - info: [debug] [ADB] Getting package info for io.appium.settings
2018-04-07 03:23:40:624 - info: [debug] [ADB] Getting connected devices...
2018-04-07 03:23:40:703 - info: [debug] [ADB] 1 device(s) connected
2018-04-07 03:23:40:704 - info: [debug] [ADB] Running 'D:\sdk\platform-tools\adb.exe' with args: ["-P",5037,"-s","K4Q6T16713001686","shell","dumpsys","package","io.appium.settings"]
2018-04-07 03:23:40:831 - info: [ADB] Checking whether aapt is present
2018-04-07 03:23:40:914 - info: [debug] [ADB] The installed 'io.appium.settings' package does not require upgrade (5 >= 5)
2018-04-07 03:23:40:915 - info: [debug] [ADB] Device API level: 24
2018-04-07 03:23:40:916 - info: [debug] [ADB] Getting connected devices...
2018-04-07 03:23:41:000 - info: [debug] [ADB] 1 device(s) connected
2018-04-07 03:23:41:001 - info: [debug] [ADB] Running 'D:\sdk\platform-tools\adb.exe' with args: ["-P",5037,"-s","K4Q6T16713001686","shell","dumpsys","package","io.appium.settings"]
2018-04-07 03:23:41:198 - info: [debug] [ADB] Getting connected devices...
2018-04-07 03:23:41:319 - info: [debug] [ADB] 1 device(s) connected
2018-04-07 03:23:41:319 - info: [debug] [ADB] Running 'D:\sdk\platform-tools\adb.exe' with args: ["-P",5037,"-s","K4Q6T16713001686","shell","pm","dump","io.appium.settings"]
2018-04-07 03:23:42:478 - info: [debug] [ADB] Got the following command chunks to execute: pm,grant,io.appium.settings,android.permission.WRITE_SETTINGS,;,pm,grant,io.appium.settings,android.permission.ACCESS_MOCK_LOCATION,;
2018-04-07 03:23:42:478 - info: [debug] [ADB] Getting connected devices...
2018-04-07 03:23:42:579 - info: [debug] [ADB] 1 device(s) connected
2018-04-07 03:23:42:579 - info: [debug] [ADB] Running 'D:\sdk\platform-tools\adb.exe' with args: ["-P",5037,"-s","K4Q6T16713001686","shell","pm","grant","io.appium.settings","android.permission.WRITE_SETTINGS",";","pm","grant","io.appium.settings","android.permission.ACCESS_MOCK_LOCATION",";"]
2018-04-07 03:23:43:894 - info: [debug] [ADB] Getting connected devices...
2018-04-07 03:23:44:007 - info: [debug] [ADB] 1 device(s) connected
2018-04-07 03:23:44:007 - info: [debug] [ADB] Running 'D:\sdk\platform-tools\adb.exe' with args: ["-P",5037,"-s","K4Q6T16713001686","shell","ps"]
2018-04-07 03:23:44:160 - info: [debug] [ADB] Device API level: 24
2018-04-07 03:23:44:160 - info: [debug] [ADB] Getting connected devices...
2018-04-07 03:23:44:229 - info: [debug] [ADB] 1 device(s) connected
2018-04-07 03:23:44:230 - info: [debug] [ADB] Running 'D:\sdk\platform-tools\adb.exe' with args: ["-P",5037,"-s","K4Q6T16713001686","shell","am","start","-W","-n","io.appium.settings/.Settings","-a","android.intent.action.MAIN","-c","android.intent.category.LAUNCHER","-f","0x10200000"]
2018-04-07 03:23:45:404 - info: [debug] [ADB] Device API level: 24
2018-04-07 03:23:45:405 - info: [debug] [ADB] Getting connected devices...
2018-04-07 03:23:45:477 - info: [debug] [ADB] 1 device(s) connected
2018-04-07 03:23:45:477 - info: [debug] [ADB] Running 'D:\sdk\platform-tools\adb.exe' with args: ["-P",5037,"-s","K4Q6T16713001686","shell","appops","set","io.appium.settings","android:mock_location","allow"]
2018-04-07 03:23:45:661 - info: [debug] [AndroidDriver] Pushing unlock helper app to device...
2018-04-07 03:23:45:661 - info: [debug] [ADB] Getting install status for io.appium.unlock
2018-04-07 03:23:45:661 - info: [debug] [ADB] Getting connected devices...
2018-04-07 03:23:45:785 - info: [debug] [ADB] 1 device(s) connected
2018-04-07 03:23:45:785 - info: [debug] [ADB] Running 'D:\sdk\platform-tools\adb.exe' with args: ["-P",5037,"-s","K4Q6T16713001686","shell","pm","list","packages","io.appium.unlock"]
2018-04-07 03:23:46:622 - info: [debug] [ADB] App is installed
2018-04-07 03:23:46:623 - info: [debug] [ADB] Getting package info for io.appium.unlock
2018-04-07 03:23:46:623 - info: [debug] [ADB] Getting connected devices...
2018-04-07 03:23:46:711 - info: [debug] [ADB] 1 device(s) connected
2018-04-07 03:23:46:712 - info: [debug] [ADB] Running 'D:\sdk\platform-tools\adb.exe' with args: ["-P",5037,"-s","K4Q6T16713001686","shell","dumpsys","package","io.appium.unlock"]
2018-04-07 03:23:46:854 - info: [ADB] Checking whether aapt is present
2018-04-07 03:23:47:013 - info: [debug] [ADB] The installed 'io.appium.unlock' package does not require upgrade (2 >= 2)
2018-04-07 03:23:47:014 - info: [debug] [UiAutomator2] Forwarding UiAutomator2 Server port 6790 to 8209
2018-04-07 03:23:47:014 - info: [debug] [ADB] Forwarding system: 8209 to device: 6790
2018-04-07 03:23:47:015 - info: [debug] [ADB] Running 'D:\sdk\platform-tools\adb.exe' with args: ["-P",5037,"-s","K4Q6T16713001686","forward","tcp:8209","tcp:6790"]
2018-04-07 03:23:47:141 - info: [debug] [ADB] Getting connected devices...
2018-04-07 03:23:47:216 - info: [debug] [ADB] 1 device(s) connected
2018-04-07 03:23:47:217 - info: [debug] [ADB] Running 'D:\sdk\platform-tools\adb.exe' with args: ["-P",5037,"-s","K4Q6T16713001686","shell","dumpsys","window"]
2018-04-07 03:23:47:358 - info: [AndroidDriver] Screen already unlocked, doing nothing
2018-04-07 03:23:47:360 - info: [debug] [AndroidDriver] Extracting strings from apk ../apk/wdfp.apk null C:\Users\Myron.Guo\AppData\Local\Temp\com.elephant.myinvoice
2018-04-07 03:23:47:361 - info: [debug] [ADB] Extracting strings for language: default
2018-04-07 03:23:47:361 - info: [debug] [ADB] Device API level: 24
2018-04-07 03:23:47:362 - info: [debug] [ADB] Getting connected devices...
2018-04-07 03:23:47:436 - info: [debug] [ADB] 1 device(s) connected
2018-04-07 03:23:47:437 - info: [debug] [ADB] Running 'D:\sdk\platform-tools\adb.exe' with args: ["-P",5037,"-s","K4Q6T16713001686","shell","getprop","persist.sys.locale"]
2018-04-07 03:23:47:538 - info: [debug] [ADB] Current device property 'persist.sys.locale': zh-CN
2018-04-07 03:23:49:074 - info: [debug] [ADB] Reading strings from converted strings.json
2018-04-07 03:23:49:076 - info: [debug] [ADB] Running 'D:\sdk\platform-tools\adb.exe' with args: ["-P",5037,"-s","K4Q6T16713001686","push","C:\\Users\\Myron.Guo\\AppData\\Local\\Temp\\com.elephant.myinvoice\\strings.json","/data/local/tmp"]
2018-04-07 03:23:49:390 - info: [debug] [ADB] Checking app cert for ../apk/wdfp.apk
2018-04-07 03:23:49:400 - warn: [ADB] Cannot use apksigner tool for signature verification. Defaulting to verify.jar. Original error: Could not find apksigner.bat in D:\sdk\platform-tools\apksigner.bat,D:\sdk\emulator\apksigner.bat,D:\sdk\tools\apksigner.bat,D:\sdk\tools\bin\apksigner.bat,D:\sdk\build-tools\android-4.3\apksigner.bat, or supported build-tools under D:\sdk do you have the Android SDK installed at this location?
2018-04-07 03:23:50:999 - info: [debug] [ADB] '../apk/wdfp.apk' is already signed.
2018-04-07 03:23:51:185 - info: [AndroidDriver] Remote apk path is /data/local/tmp/4a9053f45d358d0242a66992e1a83312.apk
2018-04-07 03:23:51:186 - info: [debug] [ADB] Getting connected devices...
2018-04-07 03:23:51:282 - info: [debug] [ADB] 1 device(s) connected
2018-04-07 03:23:51:282 - info: [debug] [ADB] Running 'D:\sdk\platform-tools\adb.exe' with args: ["-P",5037,"-s","K4Q6T16713001686","shell","ls","/data/local/tmp/4a9053f45d358d0242a66992e1a83312.apk"]
2018-04-07 03:23:51:404 - info: [debug] [AndroidDriver] Checking if app is installed
2018-04-07 03:23:51:404 - info: [debug] [ADB] Getting install status for com.elephant.myinvoice
2018-04-07 03:23:51:405 - info: [debug] [ADB] Getting connected devices...
2018-04-07 03:23:51:488 - info: [debug] [ADB] 1 device(s) connected
2018-04-07 03:23:51:488 - info: [debug] [ADB] Running 'D:\sdk\platform-tools\adb.exe' with args: ["-P",5037,"-s","K4Q6T16713001686","shell","pm","list","packages","com.elephant.myinvoice"]
2018-04-07 03:23:52:228 - info: [debug] [ADB] App is not installed
2018-04-07 03:23:52:229 - info: [AndroidDriver] Apk is not yet installed
2018-04-07 03:23:52:229 - info: [AndroidDriver] installing apk from remote
2018-04-07 03:23:52:230 - info: [debug] [ADB] Getting connected devices...
2018-04-07 03:23:52:311 - info: [debug] [ADB] 1 device(s) connected
2018-04-07 03:23:52:312 - info: [debug] [ADB] Running 'D:\sdk\platform-tools\adb.exe' with args: ["-P",5037,"-s","K4Q6T16713001686","shell","mkdir","-p","/data/local/tmp"]
2018-04-07 03:23:52:442 - info: [AndroidDriver] Clearing out any existing remote apks with the same hash
2018-04-07 03:23:52:443 - info: [debug] [AndroidDriver] Removing any old apks
2018-04-07 03:23:52:444 - info: [debug] [AndroidDriver] Except ["4a9053f45d358d0242a66992e1a83312"]
2018-04-07 03:23:52:445 - info: [debug] [ADB] Getting connected devices...
2018-04-07 03:23:52:532 - info: [debug] [ADB] 1 device(s) connected
2018-04-07 03:23:52:533 - info: [debug] [ADB] Running 'D:\sdk\platform-tools\adb.exe' with args: ["-P",5037,"-s","K4Q6T16713001686","shell","ls","/data/local/tmp/*.apk"]
2018-04-07 03:23:52:641 - info: [debug] [ADB] Uninstalling com.elephant.myinvoice
2018-04-07 03:23:52:642 - info: [debug] [ADB] Getting install status for com.elephant.myinvoice
2018-04-07 03:23:52:642 - info: [debug] [ADB] Getting connected devices...
2018-04-07 03:23:52:736 - info: [debug] [ADB] 1 device(s) connected
2018-04-07 03:23:52:736 - info: [debug] [ADB] Running 'D:\sdk\platform-tools\adb.exe' with args: ["-P",5037,"-s","K4Q6T16713001686","shell","pm","list","packages","com.elephant.myinvoice"]
2018-04-07 03:23:53:456 - info: [debug] [ADB] App is not installed
2018-04-07 03:23:53:457 - info: [ADB] com.elephant.myinvoice was not uninstalled, because it was not present on the device
2018-04-07 03:23:53:458 - info: [debug] [ADB] Getting connected devices...
2018-04-07 03:23:53:547 - info: [debug] [ADB] 1 device(s) connected
2018-04-07 03:23:53:547 - info: [debug] [ADB] Running 'D:\sdk\platform-tools\adb.exe' with args: ["-P",5037,"-s","K4Q6T16713001686","shell","pm","install","-r","/data/local/tmp/4a9053f45d358d0242a66992e1a83312.apk"]
2018-04-07 03:23:58:612 - info: [debug] [ADB] Getting connected devices...
2018-04-07 03:23:58:742 - info: [debug] [ADB] 1 device(s) connected
2018-04-07 03:23:58:743 - info: [debug] [ADB] Running 'D:\sdk\platform-tools\adb.exe' with args: ["-P",5037,"-s","K4Q6T16713001686","shell","am","force-stop","io.appium.uiautomator2.server"]
2018-04-07 03:23:59:700 - info: [UiAutomator2] Starting uiautomator2 server v0.3.0
2018-04-07 03:23:59:701 - info: [UiAutomator2] Running command: 'adb -s K4Q6T16713001686 shell am instrument -w io.appium.uiautomator2.server.test/android.support.test.runner.AndroidJUnitRunner'
2018-04-07 03:23:59:703 - info: [UiAutomator2] Waiting up to 20000ms for UiAutomator2 to be online...
2018-04-07 03:23:59:708 - info: [debug] [JSONWP Proxy] Proxying [GET /status] to [GET http://localhost:8209/wd/hub/status] with no body
2018-04-07 03:24:00:748 - info: [debug] [JSONWP Proxy] Proxying [GET /status] to [GET http://localhost:8209/wd/hub/status] with no body
2018-04-07 03:24:01:767 - info: [debug] [JSONWP Proxy] Proxying [GET /status] to [GET http://localhost:8209/wd/hub/status] with no body
2018-04-07 03:24:02:774 - info: [debug] [JSONWP Proxy] Proxying [GET /status] to [GET http://localhost:8209/wd/hub/status] with no body
2018-04-07 03:24:02:801 - info: [debug] [JSONWP Proxy] Got response with status 200: "{\"sessionId\":\"SESSIONID\",\"status\":0,\"value\":\"Status Invoked\"}"
2018-04-07 03:24:02:802 - info: [debug] [JSONWP Proxy] Proxying [POST /session] to [POST http://localhost:8209/wd/hub/session] with body: {"desiredCapabilities":{"platform":"LINUX","webStorageEnabled":false,"takesScreenshot":true,"javascriptEnabled":true,"databaseEnabled":false,"networkConnectionEnabled":true,"locationContextEnabled":false,"warnings":{},"desired":{"deviceName":"K4Q6T16713001686","automationName":"uiautomator2","platformName":"Android","app":"../apk/wdfp.apk","udid":"K4Q6T16713001686","noReset":true},"deviceName":"K4Q6T16713001686","automationName":"uiautomator2","platformName":"Android","app":"../apk/wdfp.apk","udid":"K4Q6T16713001686","noReset":true,"deviceUDID":"K4Q6T16713001686","platformVersion":"7.0","deviceScreenSize":"1080x1920","deviceScreenDensity":480,"deviceModel":"NEM-AL10","deviceManufacturer":"HUAWEI","appPackage":"com.elephant.myinvoice"}}
2018-04-07 03:24:02:817 - info: [debug] [JSONWP Proxy] Got response with status 200: {"sessionId":"f97a6c3c-6c9f-4f62-844c-24ea9aec3605","status":0,"value":"Created Session"}
2018-04-07 03:24:02:820 - info: [UiAutomator2] UiAutomator2 did not start the activity we were waiting for, 'com.elephant.myinvoice/com.elephant.myinvoice.MainActivity'. Starting it ourselves
2018-04-07 03:24:02:820 - info: [debug] [ADB] Device API level: 24
2018-04-07 03:24:02:821 - info: [debug] [ADB] Getting connected devices...
2018-04-07 03:24:02:957 - info: [debug] [ADB] 1 device(s) connected
2018-04-07 03:24:02:957 - info: [debug] [ADB] Running 'D:\sdk\platform-tools\adb.exe' with args: ["-P",5037,"-s","K4Q6T16713001686","shell","am","start","-W","-n","com.elephant.myinvoice/com.elephant.myinvoice.MainActivity","-S","-a","android.intent.action.MAIN","-c","android.intent.category.LAUNCHER","-f","0x10200000"]
2018-04-07 03:24:05:211 - info: [debug] [ADB] Waiting up to 20000ms for activity matching pkg: 'com.elephant.myinvoice' and activity: 'com.elephant.myinvoice.MainActivity' to be focused
2018-04-07 03:24:05:222 - info: [debug] [ADB] Possible activities, to be checked: 'com.elephant.myinvoice.MainActivity'
2018-04-07 03:24:05:223 - info: [debug] [ADB] Getting focused package and activity
2018-04-07 03:24:05:223 - info: [debug] [ADB] Getting connected devices...
2018-04-07 03:24:05:326 - info: [debug] [ADB] 1 device(s) connected
2018-04-07 03:24:05:327 - info: [debug] [ADB] Running 'D:\sdk\platform-tools\adb.exe' with args: ["-P",5037,"-s","K4Q6T16713001686","shell","dumpsys","window","windows"]
2018-04-07 03:24:05:521 - info: [debug] [ADB] Found package: 'com.elephant.myinvoice' and fully qualified activity name : 'com.elephant.myinvoice.MainActivity'
2018-04-07 03:24:05:522 - info: [Appium] New AndroidUiautomator2Driver session created successfully, session 8a5e67af-0962-4ae5-b3c0-16109ba8cdc1 added to master session list
2018-04-07 03:24:05:524 - info: [debug] [BaseDriver] Event 'newSessionStarted' logged at 1523071445523 (11:24:05 GMT+0800 (China Standard Time))
2018-04-07 03:24:05:524 - info: [debug] [MJSONWP] Responding to client with driver.createSession() result: {"deviceName":"K4Q6T16713001686","automationName":"uiautomator2","platformName":"Android","app":"../apk/wdfp.apk","udid":"K4Q6T16713001686","noReset":true}
2018-04-07 03:24:05:530 - info: [HTTP] <-- POST /wd/hub/session 200 33701 ms - 227 
2018-04-07 03:24:07:566 - info: [HTTP] --> GET /wd/hub/session/8a5e67af-0962-4ae5-b3c0-16109ba8cdc1/window/current/size {}
2018-04-07 03:24:07:570 - info: [MJSONWP] Driver proxy active, passing request on via HTTP proxy
2018-04-07 03:24:07:572 - info: [debug] [JSONWP Proxy] Proxying [GET /wd/hub/session/8a5e67af-0962-4ae5-b3c0-16109ba8cdc1/window/current/size] to [GET http://localhost:8209/wd/hub/session/f97a6c3c-6c9f-4f62-844c-24ea9aec3605/window/current/size] with body: {}
2018-04-07 03:24:07:603 - info: [debug] [JSONWP Proxy] Got response with status 200: "{\"sessionId\":\"f97a6c3c-6c9f-4f62-844c-24ea9aec3605\",\"status\":0,\"value\":{\"height\":1812,\"width\":1080}}"
2018-04-07 03:24:07:604 - info: [JSONWP Proxy] Replacing sessionId f97a6c3c-6c9f-4f62-844c-24ea9aec3605 with 8a5e67af-0962-4ae5-b3c0-16109ba8cdc1
2018-04-07 03:24:07:608 - info: [HTTP] <-- GET /wd/hub/session/8a5e67af-0962-4ae5-b3c0-16109ba8cdc1/window/current/size 200 40 ms - 100 
2018-04-07 03:24:07:612 - info: [HTTP] --> GET /wd/hub/session/8a5e67af-0962-4ae5-b3c0-16109ba8cdc1/window/current/size {}
2018-04-07 03:24:07:613 - info: [MJSONWP] Driver proxy active, passing request on via HTTP proxy
2018-04-07 03:24:07:613 - info: [debug] [JSONWP Proxy] Proxying [GET /wd/hub/session/8a5e67af-0962-4ae5-b3c0-16109ba8cdc1/window/current/size] to [GET http://localhost:8209/wd/hub/session/f97a6c3c-6c9f-4f62-844c-24ea9aec3605/window/current/size] with body: {}
2018-04-07 03:24:07:638 - info: [debug] [JSONWP Proxy] Got response with status 200: "{\"sessionId\":\"f97a6c3c-6c9f-4f62-844c-24ea9aec3605\",\"status\":0,\"value\":{\"height\":1812,\"width\":1080}}"
2018-04-07 03:24:07:638 - info: [JSONWP Proxy] Replacing sessionId f97a6c3c-6c9f-4f62-844c-24ea9aec3605 with 8a5e67af-0962-4ae5-b3c0-16109ba8cdc1
2018-04-07 03:24:07:640 - info: [HTTP] <-- GET /wd/hub/session/8a5e67af-0962-4ae5-b3c0-16109ba8cdc1/window/current/size 200 27 ms - 100 
2018-04-07 03:24:07:645 - info: [HTTP] --> POST /wd/hub/session/8a5e67af-0962-4ae5-b3c0-16109ba8cdc1/touch/perform {"sessionId":"8a5e67af-0962-4ae5-b3c0-16109ba8cdc1","actions":[{"action":"press","options":{"y":1629,"x":540}},{"action":"wait","options":{"ms":2000}},{"action":"moveTo","options":{"y":181,"x":540}},{"action":"release","options":{}}]}
2018-04-07 03:24:07:648 - info: [debug] [MJSONWP] Calling AppiumDriver.performTouch() with args: [[{"action":"press","options":{"y":1629,"x":540}},{"action":"wait","options":{"ms":2000}},{"action":"moveTo","options":{"y":181,"x":540}},{"action":"release","options":{}}],"8a5e67af-0962-4ae5-b3c0-16109ba8cdc1"]
2018-04-07 03:24:07:652 - info: [debug] [JSONWP Proxy] Proxying [POST /touch/perform] to [POST http://localhost:8209/wd/hub/session/f97a6c3c-6c9f-4f62-844c-24ea9aec3605/touch/perform] with body: {"startX":540,"startY":1629,"endX":540,"endY":181,"steps":56}
2018-04-07 03:24:08:668 - info: [debug] [JSONWP Proxy] Got response with status 200: {"sessionId":"f97a6c3c-6c9f-4f62-844c-24ea9aec3605","status":0,"value":true}
2018-04-07 03:24:08:669 - info: [debug] [MJSONWP] Responding to client with driver.performTouch() result: true
2018-04-07 03:24:08:671 - info: [HTTP] <-- POST /wd/hub/session/8a5e67af-0962-4ae5-b3c0-16109ba8cdc1/touch/perform 200 1025 ms - 76 
2018-04-07 03:24:09:676 - info: [HTTP] --> GET /wd/hub/session/8a5e67af-0962-4ae5-b3c0-16109ba8cdc1/window/current/size {}
2018-04-07 03:24:09:677 - info: [MJSONWP] Driver proxy active, passing request on via HTTP proxy
2018-04-07 03:24:09:678 - info: [debug] [JSONWP Proxy] Proxying [GET /wd/hub/session/8a5e67af-0962-4ae5-b3c0-16109ba8cdc1/window/current/size] to [GET http://localhost:8209/wd/hub/session/f97a6c3c-6c9f-4f62-844c-24ea9aec3605/window/current/size] with body: {}
2018-04-07 03:24:09:692 - info: [debug] [JSONWP Proxy] Got response with status 200: "{\"sessionId\":\"f97a6c3c-6c9f-4f62-844c-24ea9aec3605\",\"status\":0,\"value\":{\"height\":1812,\"width\":1080}}"
2018-04-07 03:24:09:693 - info: [JSONWP Proxy] Replacing sessionId f97a6c3c-6c9f-4f62-844c-24ea9aec3605 with 8a5e67af-0962-4ae5-b3c0-16109ba8cdc1
2018-04-07 03:24:09:694 - info: [HTTP] <-- GET /wd/hub/session/8a5e67af-0962-4ae5-b3c0-16109ba8cdc1/window/current/size 200 17 ms - 100 
2018-04-07 03:24:09:699 - info: [HTTP] --> GET /wd/hub/session/8a5e67af-0962-4ae5-b3c0-16109ba8cdc1/window/current/size {}
2018-04-07 03:24:09:699 - info: [MJSONWP] Driver proxy active, passing request on via HTTP proxy
2018-04-07 03:24:09:700 - info: [debug] [JSONWP Proxy] Proxying [GET /wd/hub/session/8a5e67af-0962-4ae5-b3c0-16109ba8cdc1/window/current/size] to [GET http://localhost:8209/wd/hub/session/f97a6c3c-6c9f-4f62-844c-24ea9aec3605/window/current/size] with body: {}
2018-04-07 03:24:09:715 - info: [debug] [JSONWP Proxy] Got response with status 200: "{\"sessionId\":\"f97a6c3c-6c9f-4f62-844c-24ea9aec3605\",\"status\":0,\"value\":{\"height\":1812,\"width\":1080}}"
2018-04-07 03:24:09:715 - info: [JSONWP Proxy] Replacing sessionId f97a6c3c-6c9f-4f62-844c-24ea9aec3605 with 8a5e67af-0962-4ae5-b3c0-16109ba8cdc1
2018-04-07 03:24:09:716 - info: [HTTP] <-- GET /wd/hub/session/8a5e67af-0962-4ae5-b3c0-16109ba8cdc1/window/current/size 200 17 ms - 100 
2018-04-07 03:24:09:721 - info: [HTTP] --> POST /wd/hub/session/8a5e67af-0962-4ae5-b3c0-16109ba8cdc1/touch/perform {"sessionId":"8a5e67af-0962-4ae5-b3c0-16109ba8cdc1","actions":[{"action":"press","options":{"y":906,"x":972}},{"action":"wait","options":{"ms":1000}},{"action":"moveTo","options":{"y":906,"x":108}},{"action":"release","options":{}}]}
2018-04-07 03:24:09:721 - info: [debug] [MJSONWP] Calling AppiumDriver.performTouch() with args: [[{"action":"press","options":{"y":906,"x":972}},{"action":"wait","options":{"ms":1000}},{"action":"moveTo","options":{"y":906,"x":108}},{"action":"release","options":{}}],"8a5e67af-0962-4ae5-b3c0-16109ba8cdc1"]
2018-04-07 03:24:09:723 - info: [debug] [JSONWP Proxy] Proxying [POST /touch/perform] to [POST http://localhost:8209/wd/hub/session/f97a6c3c-6c9f-4f62-844c-24ea9aec3605/touch/perform] with body: {"startX":972,"startY":906,"endX":108,"endY":906,"steps":28}
2018-04-07 03:24:10:199 - info: [debug] [JSONWP Proxy] Got response with status 200: {"sessionId":"f97a6c3c-6c9f-4f62-844c-24ea9aec3605","status":0,"value":true}
2018-04-07 03:24:10:200 - info: [debug] [MJSONWP] Responding to client with driver.performTouch() result: true
2018-04-07 03:24:10:201 - info: [HTTP] <-- POST /wd/hub/session/8a5e67af-0962-4ae5-b3c0-16109ba8cdc1/touch/perform 200 480 ms - 76 
2018-04-07 03:24:11:204 - info: [HTTP] --> GET /wd/hub/session/8a5e67af-0962-4ae5-b3c0-16109ba8cdc1/window/current/size {}
2018-04-07 03:24:11:204 - info: [MJSONWP] Driver proxy active, passing request on via HTTP proxy
2018-04-07 03:24:11:205 - info: [debug] [JSONWP Proxy] Proxying [GET /wd/hub/session/8a5e67af-0962-4ae5-b3c0-16109ba8cdc1/window/current/size] to [GET http://localhost:8209/wd/hub/session/f97a6c3c-6c9f-4f62-844c-24ea9aec3605/window/current/size] with body: {}
2018-04-07 03:24:11:257 - info: [debug] [JSONWP Proxy] Got response with status 200: "{\"sessionId\":\"f97a6c3c-6c9f-4f62-844c-24ea9aec3605\",\"status\":0,\"value\":{\"height\":1812,\"width\":1080}}"
2018-04-07 03:24:11:257 - info: [JSONWP Proxy] Replacing sessionId f97a6c3c-6c9f-4f62-844c-24ea9aec3605 with 8a5e67af-0962-4ae5-b3c0-16109ba8cdc1
2018-04-07 03:24:11:258 - info: [HTTP] <-- GET /wd/hub/session/8a5e67af-0962-4ae5-b3c0-16109ba8cdc1/window/current/size 200 54 ms - 100 
2018-04-07 03:24:11:264 - info: [HTTP] --> GET /wd/hub/session/8a5e67af-0962-4ae5-b3c0-16109ba8cdc1/window/current/size {}
2018-04-07 03:24:11:265 - info: [MJSONWP] Driver proxy active, passing request on via HTTP proxy
2018-04-07 03:24:11:266 - info: [debug] [JSONWP Proxy] Proxying [GET /wd/hub/session/8a5e67af-0962-4ae5-b3c0-16109ba8cdc1/window/current/size] to [GET http://localhost:8209/wd/hub/session/f97a6c3c-6c9f-4f62-844c-24ea9aec3605/window/current/size] with body: {}
2018-04-07 03:24:11:287 - info: [debug] [JSONWP Proxy] Got response with status 200: "{\"sessionId\":\"f97a6c3c-6c9f-4f62-844c-24ea9aec3605\",\"status\":0,\"value\":{\"height\":1812,\"width\":1080}}"
2018-04-07 03:24:11:287 - info: [JSONWP Proxy] Replacing sessionId f97a6c3c-6c9f-4f62-844c-24ea9aec3605 with 8a5e67af-0962-4ae5-b3c0-16109ba8cdc1
2018-04-07 03:24:11:288 - info: [HTTP] <-- GET /wd/hub/session/8a5e67af-0962-4ae5-b3c0-16109ba8cdc1/window/current/size 200 24 ms - 100 
2018-04-07 03:24:11:297 - info: [HTTP] --> POST /wd/hub/session/8a5e67af-0962-4ae5-b3c0-16109ba8cdc1/touch/perform {"sessionId":"8a5e67af-0962-4ae5-b3c0-16109ba8cdc1","actions":[{"action":"press","options":{"y":906,"x":972}},{"action":"wait","options":{"ms":1000}},{"action":"moveTo","options":{"y":906,"x":108}},{"action":"release","options":{}}]}
2018-04-07 03:24:11:298 - info: [debug] [MJSONWP] Calling AppiumDriver.performTouch() with args: [[{"action":"press","options":{"y":906,"x":972}},{"action":"wait","options":{"ms":1000}},{"action":"moveTo","options":{"y":906,"x":108}},{"action":"release","options":{}}],"8a5e67af-0962-4ae5-b3c0-16109ba8cdc1"]
2018-04-07 03:24:11:300 - info: [debug] [JSONWP Proxy] Proxying [POST /touch/perform] to [POST http://localhost:8209/wd/hub/session/f97a6c3c-6c9f-4f62-844c-24ea9aec3605/touch/perform] with body: {"startX":972,"startY":906,"endX":108,"endY":906,"steps":28}
2018-04-07 03:24:11:796 - info: [debug] [JSONWP Proxy] Got response with status 200: {"sessionId":"f97a6c3c-6c9f-4f62-844c-24ea9aec3605","status":0,"value":true}
2018-04-07 03:24:11:797 - info: [debug] [MJSONWP] Responding to client with driver.performTouch() result: true
2018-04-07 03:24:11:797 - info: [HTTP] <-- POST /wd/hub/session/8a5e67af-0962-4ae5-b3c0-16109ba8cdc1/touch/perform 200 500 ms - 76 
2018-04-07 03:24:12:802 - info: [HTTP] --> GET /wd/hub/session/8a5e67af-0962-4ae5-b3c0-16109ba8cdc1/window/current/size {}
2018-04-07 03:24:12:803 - info: [MJSONWP] Driver proxy active, passing request on via HTTP proxy
2018-04-07 03:24:12:804 - info: [debug] [JSONWP Proxy] Proxying [GET /wd/hub/session/8a5e67af-0962-4ae5-b3c0-16109ba8cdc1/window/current/size] to [GET http://localhost:8209/wd/hub/session/f97a6c3c-6c9f-4f62-844c-24ea9aec3605/window/current/size] with body: {}
2018-04-07 03:24:12:822 - info: [debug] [JSONWP Proxy] Got response with status 200: "{\"sessionId\":\"f97a6c3c-6c9f-4f62-844c-24ea9aec3605\",\"status\":0,\"value\":{\"height\":1812,\"width\":1080}}"
2018-04-07 03:24:12:822 - info: [JSONWP Proxy] Replacing sessionId f97a6c3c-6c9f-4f62-844c-24ea9aec3605 with 8a5e67af-0962-4ae5-b3c0-16109ba8cdc1
2018-04-07 03:24:12:823 - info: [HTTP] <-- GET /wd/hub/session/8a5e67af-0962-4ae5-b3c0-16109ba8cdc1/window/current/size 200 20 ms - 100 
2018-04-07 03:24:12:827 - info: [HTTP] --> GET /wd/hub/session/8a5e67af-0962-4ae5-b3c0-16109ba8cdc1/window/current/size {}
2018-04-07 03:24:12:828 - info: [MJSONWP] Driver proxy active, passing request on via HTTP proxy
2018-04-07 03:24:12:829 - info: [debug] [JSONWP Proxy] Proxying [GET /wd/hub/session/8a5e67af-0962-4ae5-b3c0-16109ba8cdc1/window/current/size] to [GET http://localhost:8209/wd/hub/session/f97a6c3c-6c9f-4f62-844c-24ea9aec3605/window/current/size] with body: {}
2018-04-07 03:24:12:847 - info: [debug] [JSONWP Proxy] Got response with status 200: "{\"sessionId\":\"f97a6c3c-6c9f-4f62-844c-24ea9aec3605\",\"status\":0,\"value\":{\"height\":1812,\"width\":1080}}"
2018-04-07 03:24:12:847 - info: [JSONWP Proxy] Replacing sessionId f97a6c3c-6c9f-4f62-844c-24ea9aec3605 with 8a5e67af-0962-4ae5-b3c0-16109ba8cdc1
2018-04-07 03:24:12:848 - info: [HTTP] <-- GET /wd/hub/session/8a5e67af-0962-4ae5-b3c0-16109ba8cdc1/window/current/size 200 20 ms - 100 
2018-04-07 03:24:12:853 - info: [HTTP] --> POST /wd/hub/session/8a5e67af-0962-4ae5-b3c0-16109ba8cdc1/touch/perform {"sessionId":"8a5e67af-0962-4ae5-b3c0-16109ba8cdc1","actions":[{"action":"press","options":{"y":906,"x":972}},{"action":"wait","options":{"ms":1000}},{"action":"moveTo","options":{"y":906,"x":108}},{"action":"release","options":{}}]}
2018-04-07 03:24:12:854 - info: [debug] [MJSONWP] Calling AppiumDriver.performTouch() with args: [[{"action":"press","options":{"y":906,"x":972}},{"action":"wait","options":{"ms":1000}},{"action":"moveTo","options":{"y":906,"x":108}},{"action":"release","options":{}}],"8a5e67af-0962-4ae5-b3c0-16109ba8cdc1"]
2018-04-07 03:24:12:856 - info: [debug] [JSONWP Proxy] Proxying [POST /touch/perform] to [POST http://localhost:8209/wd/hub/session/f97a6c3c-6c9f-4f62-844c-24ea9aec3605/touch/perform] with body: {"startX":972,"startY":906,"endX":108,"endY":906,"steps":28}
2018-04-07 03:24:13:331 - info: [debug] [JSONWP Proxy] Got response with status 200: {"sessionId":"f97a6c3c-6c9f-4f62-844c-24ea9aec3605","status":0,"value":true}
2018-04-07 03:24:13:331 - info: [debug] [MJSONWP] Responding to client with driver.performTouch() result: true
2018-04-07 03:24:13:333 - info: [HTTP] <-- POST /wd/hub/session/8a5e67af-0962-4ae5-b3c0-16109ba8cdc1/touch/perform 200 479 ms - 76 
2018-04-07 03:24:14:358 - info: [HTTP] --> GET /wd/hub/session/8a5e67af-0962-4ae5-b3c0-16109ba8cdc1/window/current/size {}
2018-04-07 03:24:14:359 - info: [MJSONWP] Driver proxy active, passing request on via HTTP proxy
2018-04-07 03:24:14:360 - info: [debug] [JSONWP Proxy] Proxying [GET /wd/hub/session/8a5e67af-0962-4ae5-b3c0-16109ba8cdc1/window/current/size] to [GET http://localhost:8209/wd/hub/session/f97a6c3c-6c9f-4f62-844c-24ea9aec3605/window/current/size] with body: {}
2018-04-07 03:24:14:396 - info: [debug] [JSONWP Proxy] Got response with status 200: "{\"sessionId\":\"f97a6c3c-6c9f-4f62-844c-24ea9aec3605\",\"status\":0,\"value\":{\"height\":1812,\"width\":1080}}"
2018-04-07 03:24:14:396 - info: [JSONWP Proxy] Replacing sessionId f97a6c3c-6c9f-4f62-844c-24ea9aec3605 with 8a5e67af-0962-4ae5-b3c0-16109ba8cdc1
2018-04-07 03:24:14:397 - info: [HTTP] <-- GET /wd/hub/session/8a5e67af-0962-4ae5-b3c0-16109ba8cdc1/window/current/size 200 39 ms - 100 
2018-04-07 03:24:14:402 - info: [HTTP] --> GET /wd/hub/session/8a5e67af-0962-4ae5-b3c0-16109ba8cdc1/window/current/size {}
2018-04-07 03:24:14:402 - info: [MJSONWP] Driver proxy active, passing request on via HTTP proxy
2018-04-07 03:24:14:403 - info: [debug] [JSONWP Proxy] Proxying [GET /wd/hub/session/8a5e67af-0962-4ae5-b3c0-16109ba8cdc1/window/current/size] to [GET http://localhost:8209/wd/hub/session/f97a6c3c-6c9f-4f62-844c-24ea9aec3605/window/current/size] with body: {}
2018-04-07 03:24:14:417 - info: [debug] [JSONWP Proxy] Got response with status 200: "{\"sessionId\":\"f97a6c3c-6c9f-4f62-844c-24ea9aec3605\",\"status\":0,\"value\":{\"height\":1812,\"width\":1080}}"
2018-04-07 03:24:14:418 - info: [JSONWP Proxy] Replacing sessionId f97a6c3c-6c9f-4f62-844c-24ea9aec3605 with 8a5e67af-0962-4ae5-b3c0-16109ba8cdc1
2018-04-07 03:24:14:419 - info: [HTTP] <-- GET /wd/hub/session/8a5e67af-0962-4ae5-b3c0-16109ba8cdc1/window/current/size 200 17 ms - 100 
2018-04-07 03:24:14:423 - info: [HTTP] --> POST /wd/hub/session/8a5e67af-0962-4ae5-b3c0-16109ba8cdc1/touch/perform {"sessionId":"8a5e67af-0962-4ae5-b3c0-16109ba8cdc1","actions":[{"action":"press","options":{"y":906,"x":972}},{"action":"wait","options":{"ms":1000}},{"action":"moveTo","options":{"y":906,"x":108}},{"action":"release","options":{}}]}
2018-04-07 03:24:14:423 - info: [debug] [MJSONWP] Calling AppiumDriver.performTouch() with args: [[{"action":"press","options":{"y":906,"x":972}},{"action":"wait","options":{"ms":1000}},{"action":"moveTo","options":{"y":906,"x":108}},{"action":"release","options":{}}],"8a5e67af-0962-4ae5-b3c0-16109ba8cdc1"]
2018-04-07 03:24:14:425 - info: [debug] [JSONWP Proxy] Proxying [POST /touch/perform] to [POST http://localhost:8209/wd/hub/session/f97a6c3c-6c9f-4f62-844c-24ea9aec3605/touch/perform] with body: {"startX":972,"startY":906,"endX":108,"endY":906,"steps":28}
2018-04-07 03:24:14:897 - info: [debug] [JSONWP Proxy] Got response with status 200: {"sessionId":"f97a6c3c-6c9f-4f62-844c-24ea9aec3605","status":0,"value":true}
2018-04-07 03:24:14:898 - info: [debug] [MJSONWP] Responding to client with driver.performTouch() result: true
2018-04-07 03:24:14:900 - info: [HTTP] <-- POST /wd/hub/session/8a5e67af-0962-4ae5-b3c0-16109ba8cdc1/touch/perform 200 477 ms - 76 
2018-04-07 03:24:14:908 - info: [HTTP] --> POST /wd/hub/session/8a5e67af-0962-4ae5-b3c0-16109ba8cdc1/element {"using":"class name","sessionId":"8a5e67af-0962-4ae5-b3c0-16109ba8cdc1","value":"android.widget.ImageView"}
2018-04-07 03:24:14:909 - info: [debug] [MJSONWP] Calling AppiumDriver.findElement() with args: ["class name","android.widget.ImageView","8a5e67af-0962-4ae5-b3c0-16109ba8cdc1"]
2018-04-07 03:24:14:912 - info: [debug] [BaseDriver] Valid locator strategies for this request: xpath, id, class name, accessibility id, -android uiautomator
2018-04-07 03:24:14:913 - info: [debug] [BaseDriver] Valid locator strategies for this request: xpath, id, class name, accessibility id, -android uiautomator
2018-04-07 03:24:14:914 - info: [debug] [BaseDriver] Waiting up to 0 ms for condition
2018-04-07 03:24:14:917 - info: [debug] [JSONWP Proxy] Proxying [POST /element] to [POST http://localhost:8209/wd/hub/session/f97a6c3c-6c9f-4f62-844c-24ea9aec3605/element] with body: {"strategy":"class name","selector":"android.widget.ImageView","context":"","multiple":false}
2018-04-07 03:24:15:723 - info: [debug] [JSONWP Proxy] Got response with status 200: {"sessionId":"f97a6c3c-6c9f-4f62-844c-24ea9aec3605","status":0,"value":{"ELEMENT":"b07264f2-773b-415c-b9ed-ea79828b3457"}}
2018-04-07 03:24:15:724 - info: [debug] [MJSONWP] Responding to client with driver.findElement() result: {"ELEMENT":"b07264f2-773b-415c-b9ed-ea79828b3457"}
2018-04-07 03:24:15:725 - info: [HTTP] <-- POST /wd/hub/session/8a5e67af-0962-4ae5-b3c0-16109ba8cdc1/element 200 817 ms - 122 
2018-04-07 03:24:15:730 - info: [HTTP] --> POST /wd/hub/session/8a5e67af-0962-4ae5-b3c0-16109ba8cdc1/element/b07264f2-773b-415c-b9ed-ea79828b3457/click {"sessionId":"8a5e67af-0962-4ae5-b3c0-16109ba8cdc1","id":"b07264f2-773b-415c-b9ed-ea79828b3457"}
2018-04-07 03:24:15:730 - info: [debug] [MJSONWP] Calling AppiumDriver.click() with args: ["b07264f2-773b-415c-b9ed-ea79828b3457","8a5e67af-0962-4ae5-b3c0-16109ba8cdc1"]
2018-04-07 03:24:15:731 - info: [debug] [JSONWP Proxy] Proxying [POST /element/b07264f2-773b-415c-b9ed-ea79828b3457/click] to [POST http://localhost:8209/wd/hub/session/f97a6c3c-6c9f-4f62-844c-24ea9aec3605/element/b07264f2-773b-415c-b9ed-ea79828b3457/click] with body: {"element":"b07264f2-773b-415c-b9ed-ea79828b3457"}
2018-04-07 03:24:15:761 - info: [debug] [JSONWP Proxy] Got response with status 200: {"sessionId":"f97a6c3c-6c9f-4f62-844c-24ea9aec3605","status":0,"value":true}
2018-04-07 03:24:15:762 - info: [debug] [MJSONWP] Responding to client with driver.click() result: true
2018-04-07 03:24:15:763 - info: [HTTP] <-- POST /wd/hub/session/8a5e67af-0962-4ae5-b3c0-16109ba8cdc1/element/b07264f2-773b-415c-b9ed-ea79828b3457/click 200 33 ms - 76 
2018-04-07 03:24:18:772 - info: [HTTP] --> POST /wd/hub/session/8a5e67af-0962-4ae5-b3c0-16109ba8cdc1/elements {"using":"class name","sessionId":"8a5e67af-0962-4ae5-b3c0-16109ba8cdc1","value":"android.widget.EditText"}
2018-04-07 03:24:18:773 - info: [debug] [MJSONWP] Calling AppiumDriver.findElements() with args: ["class name","android.widget.EditText","8a5e67af-0962-4ae5-b3c0-16109ba8cdc1"]
2018-04-07 03:24:18:774 - info: [debug] [BaseDriver] Valid locator strategies for this request: xpath, id, class name, accessibility id, -android uiautomator
2018-04-07 03:24:18:774 - info: [debug] [BaseDriver] Valid locator strategies for this request: xpath, id, class name, accessibility id, -android uiautomator
2018-04-07 03:24:18:775 - info: [debug] [BaseDriver] Waiting up to 0 ms for condition
2018-04-07 03:24:18:775 - info: [debug] [JSONWP Proxy] Proxying [POST /elements] to [POST http://localhost:8209/wd/hub/session/f97a6c3c-6c9f-4f62-844c-24ea9aec3605/elements] with body: {"strategy":"class name","selector":"android.widget.EditText","context":"","multiple":true}
2018-04-07 03:24:18:813 - info: [debug] [JSONWP Proxy] Got response with status 200: {"sessionId":"f97a6c3c-6c9f-4f62-844c-24ea9aec3605","status":0,"value":[{"ELEMENT":"90d037dc-d012-418c-886b-1f16407bedc2"},{"ELEMENT":"2404fee7-00cb-4377-8454-24124e32bf57"}]}
2018-04-07 03:24:18:814 - info: [debug] [MJSONWP] Responding to client with driver.findElements() result: [{"ELEMENT":"90d037dc-d012-418c-886b-1f16407bedc2"},{"ELEMENT":"2404fee7-00cb-4377-8454-24124e32bf57"}]
2018-04-07 03:24:18:815 - info: [HTTP] <-- POST /wd/hub/session/8a5e67af-0962-4ae5-b3c0-16109ba8cdc1/elements 200 42 ms - 175 
2018-04-07 03:24:18:820 - info: [HTTP] --> POST /wd/hub/session/8a5e67af-0962-4ae5-b3c0-16109ba8cdc1/element/90d037dc-d012-418c-886b-1f16407bedc2/value {"text":"18550903915","sessionId":"8a5e67af-0962-4ae5-b3c0-16109ba8cdc1","id":"90d037dc-d012-418c-886b-1f16407bedc2","value":["1","8","5","5","0","9","0","3","9","1","5"]}
2018-04-07 03:24:18:820 - info: [debug] [MJSONWP] Calling AppiumDriver.setValue() with args: [["1","8","5","5","0","9","0","3","9","1","5"],"90d037dc-d012-418c-886b-1f16407bedc2","8a5e67af-0962-4ae5-b3c0-16109ba8cdc1"]
2018-04-07 03:24:18:822 - info: [debug] [JSONWP Proxy] Proxying [POST /element/90d037dc-d012-418c-886b-1f16407bedc2/value] to [POST http://localhost:8209/wd/hub/session/f97a6c3c-6c9f-4f62-844c-24ea9aec3605/element/90d037dc-d012-418c-886b-1f16407bedc2/value] with body: {"elementId":"90d037dc-d012-418c-886b-1f16407bedc2","text":"18550903915","replace":false}
2018-04-07 03:24:19:397 - info: [debug] [JSONWP Proxy] Got response with status 200: {"sessionId":"f97a6c3c-6c9f-4f62-844c-24ea9aec3605","status":0,"value":""}
2018-04-07 03:24:19:398 - info: [debug] [MJSONWP] Responding to client with driver.setValue() result: ""
2018-04-07 03:24:19:400 - info: [HTTP] <-- POST /wd/hub/session/8a5e67af-0962-4ae5-b3c0-16109ba8cdc1/element/90d037dc-d012-418c-886b-1f16407bedc2/value 200 579 ms - 74 
2018-04-07 03:24:19:420 - info: [HTTP] --> POST /wd/hub/session/8a5e67af-0962-4ae5-b3c0-16109ba8cdc1/elements {"using":"class name","sessionId":"8a5e67af-0962-4ae5-b3c0-16109ba8cdc1","value":"android.widget.EditText"}
2018-04-07 03:24:19:420 - info: [debug] [MJSONWP] Calling AppiumDriver.findElements() with args: ["class name","android.widget.EditText","8a5e67af-0962-4ae5-b3c0-16109ba8cdc1"]
2018-04-07 03:24:19:421 - info: [debug] [BaseDriver] Valid locator strategies for this request: xpath, id, class name, accessibility id, -android uiautomator
2018-04-07 03:24:19:421 - info: [debug] [BaseDriver] Valid locator strategies for this request: xpath, id, class name, accessibility id, -android uiautomator
2018-04-07 03:24:19:422 - info: [debug] [BaseDriver] Waiting up to 0 ms for condition
2018-04-07 03:24:19:422 - info: [debug] [JSONWP Proxy] Proxying [POST /elements] to [POST http://localhost:8209/wd/hub/session/f97a6c3c-6c9f-4f62-844c-24ea9aec3605/elements] with body: {"strategy":"class name","selector":"android.widget.EditText","context":"","multiple":true}
2018-04-07 03:24:19:908 - info: [debug] [JSONWP Proxy] Got response with status 200: {"sessionId":"f97a6c3c-6c9f-4f62-844c-24ea9aec3605","status":0,"value":[{"ELEMENT":"72b0404b-93ac-49f1-803f-c0f8ea2f8c48"},{"ELEMENT":"35e87190-cc62-4d13-bd46-ea399c14309f"}]}
2018-04-07 03:24:19:910 - info: [debug] [MJSONWP] Responding to client with driver.findElements() result: [{"ELEMENT":"72b0404b-93ac-49f1-803f-c0f8ea2f8c48"},{"ELEMENT":"35e87190-cc62-4d13-bd46-ea399c14309f"}]
2018-04-07 03:24:19:911 - info: [HTTP] <-- POST /wd/hub/session/8a5e67af-0962-4ae5-b3c0-16109ba8cdc1/elements 200 490 ms - 175 
2018-04-07 03:24:19:917 - info: [HTTP] --> POST /wd/hub/session/8a5e67af-0962-4ae5-b3c0-16109ba8cdc1/element/35e87190-cc62-4d13-bd46-ea399c14309f/value {"text":"qwe123","sessionId":"8a5e67af-0962-4ae5-b3c0-16109ba8cdc1","id":"35e87190-cc62-4d13-bd46-ea399c14309f","value":["q","w","e","1","2","3"]}
2018-04-07 03:24:19:920 - info: [debug] [MJSONWP] Calling AppiumDriver.setValue() with args: [["q","w","e","1","2","3"],"35e87190-cc62-4d13-bd46-ea399c14309f","8a5e67af-0962-4ae5-b3c0-16109ba8cdc1"]
2018-04-07 03:24:19:921 - info: [debug] [JSONWP Proxy] Proxying [POST /element/35e87190-cc62-4d13-bd46-ea399c14309f/value] to [POST http://localhost:8209/wd/hub/session/f97a6c3c-6c9f-4f62-844c-24ea9aec3605/element/35e87190-cc62-4d13-bd46-ea399c14309f/value] with body: {"elementId":"35e87190-cc62-4d13-bd46-ea399c14309f","text":"qwe123","replace":false}
2018-04-07 03:24:20:477 - info: [debug] [JSONWP Proxy] Got response with status 200: {"sessionId":"f97a6c3c-6c9f-4f62-844c-24ea9aec3605","status":0,"value":""}
2018-04-07 03:24:20:478 - info: [debug] [MJSONWP] Responding to client with driver.setValue() result: ""
2018-04-07 03:24:20:480 - info: [HTTP] <-- POST /wd/hub/session/8a5e67af-0962-4ae5-b3c0-16109ba8cdc1/element/35e87190-cc62-4d13-bd46-ea399c14309f/value 200 561 ms - 74 
2018-04-07 03:24:20:486 - info: [HTTP] --> POST /wd/hub/session/8a5e67af-0962-4ae5-b3c0-16109ba8cdc1/element {"using":"-android uiautomator","sessionId":"8a5e67af-0962-4ae5-b3c0-16109ba8cdc1","value":"new UiSelector().text(\"\")"}
2018-04-07 03:24:20:487 - info: [debug] [MJSONWP] Calling AppiumDriver.findElement() with args: ["-android uiautomator","new UiSelector().text(\"\")","8a5e67af-0962-4ae5-b3c0-16109ba8cdc1"]
2018-04-07 03:24:20:488 - info: [debug] [BaseDriver] Valid locator strategies for this request: xpath, id, class name, accessibility id, -android uiautomator
2018-04-07 03:24:20:488 - info: [debug] [BaseDriver] Valid locator strategies for this request: xpath, id, class name, accessibility id, -android uiautomator
2018-04-07 03:24:20:488 - info: [debug] [BaseDriver] Waiting up to 0 ms for condition
2018-04-07 03:24:20:489 - info: [debug] [JSONWP Proxy] Proxying [POST /element] to [POST http://localhost:8209/wd/hub/session/f97a6c3c-6c9f-4f62-844c-24ea9aec3605/element] with body: {"strategy":"-android uiautomator","selector":"new UiSelector().text(\"\")","context":"","multiple":false}
2018-04-07 03:24:20:995 - info: [debug] [JSONWP Proxy] Got response with status 200: {"sessionId":"f97a6c3c-6c9f-4f62-844c-24ea9aec3605","status":0,"value":{"ELEMENT":"8f177077-036e-4091-bc2a-a8b2546ef5c6"}}
2018-04-07 03:24:20:997 - info: [debug] [MJSONWP] Responding to client with driver.findElement() result: {"ELEMENT":"8f177077-036e-4091-bc2a-a8b2546ef5c6"}
2018-04-07 03:24:20:998 - info: [HTTP] <-- POST /wd/hub/session/8a5e67af-0962-4ae5-b3c0-16109ba8cdc1/element 200 511 ms - 122 
2018-04-07 03:24:21:005 - info: [HTTP] --> POST /wd/hub/session/8a5e67af-0962-4ae5-b3c0-16109ba8cdc1/element/8f177077-036e-4091-bc2a-a8b2546ef5c6/click {"sessionId":"8a5e67af-0962-4ae5-b3c0-16109ba8cdc1","id":"8f177077-036e-4091-bc2a-a8b2546ef5c6"}
2018-04-07 03:24:21:005 - info: [debug] [MJSONWP] Calling AppiumDriver.click() with args: ["8f177077-036e-4091-bc2a-a8b2546ef5c6","8a5e67af-0962-4ae5-b3c0-16109ba8cdc1"]
2018-04-07 03:24:21:006 - info: [debug] [JSONWP Proxy] Proxying [POST /element/8f177077-036e-4091-bc2a-a8b2546ef5c6/click] to [POST http://localhost:8209/wd/hub/session/f97a6c3c-6c9f-4f62-844c-24ea9aec3605/element/8f177077-036e-4091-bc2a-a8b2546ef5c6/click] with body: {"element":"8f177077-036e-4091-bc2a-a8b2546ef5c6"}
2018-04-07 03:24:23:235 - info: [debug] [JSONWP Proxy] Got response with status 200: {"sessionId":"f97a6c3c-6c9f-4f62-844c-24ea9aec3605","status":0,"value":true}
2018-04-07 03:24:23:236 - info: [debug] [MJSONWP] Responding to client with driver.click() result: true
2018-04-07 03:24:23:237 - info: [HTTP] <-- POST /wd/hub/session/8a5e67af-0962-4ae5-b3c0-16109ba8cdc1/element/8f177077-036e-4091-bc2a-a8b2546ef5c6/click 200 2232 ms - 76 
2018-04-07 03:24:23:247 - info: [HTTP] --> POST /wd/hub/session/8a5e67af-0962-4ae5-b3c0-16109ba8cdc1/element {"using":"-android uiautomator","sessionId":"8a5e67af-0962-4ae5-b3c0-16109ba8cdc1","value":"new UiSelector().description(\"plusIcon\")"}
2018-04-07 03:24:23:248 - info: [debug] [MJSONWP] Calling AppiumDriver.findElement() with args: ["-android uiautomator","new UiSelector().description(\"plusIcon\")","8a5e67af-0962-4ae5-b3c0-16109ba8cdc1"]
2018-04-07 03:24:23:249 - info: [debug] [BaseDriver] Valid locator strategies for this request: xpath, id, class name, accessibility id, -android uiautomator
2018-04-07 03:24:23:250 - info: [debug] [BaseDriver] Valid locator strategies for this request: xpath, id, class name, accessibility id, -android uiautomator
2018-04-07 03:24:23:250 - info: [debug] [BaseDriver] Waiting up to 0 ms for condition
2018-04-07 03:24:23:251 - info: [debug] [JSONWP Proxy] Proxying [POST /element] to [POST http://localhost:8209/wd/hub/session/f97a6c3c-6c9f-4f62-844c-24ea9aec3605/element] with body: {"strategy":"-android uiautomator","selector":"new UiSelector().description(\"plusIcon\")","context":"","multiple":false}
2018-04-07 03:24:23:457 - info: [debug] [JSONWP Proxy] Got response with status 200: {"sessionId":"f97a6c3c-6c9f-4f62-844c-24ea9aec3605","status":0,"value":{"ELEMENT":"641b5e55-1151-4041-b438-236863cc935d"}}
2018-04-07 03:24:23:458 - info: [debug] [MJSONWP] Responding to client with driver.findElement() result: {"ELEMENT":"641b5e55-1151-4041-b438-236863cc935d"}
2018-04-07 03:24:23:459 - info: [HTTP] <-- POST /wd/hub/session/8a5e67af-0962-4ae5-b3c0-16109ba8cdc1/element 200 212 ms - 122 
2018-04-07 03:24:23:466 - info: [HTTP] --> GET /wd/hub/session/8a5e67af-0962-4ae5-b3c0-16109ba8cdc1/element/641b5e55-1151-4041-b438-236863cc935d/displayed {}
2018-04-07 03:24:23:467 - info: [debug] [MJSONWP] Calling AppiumDriver.elementDisplayed() with args: ["641b5e55-1151-4041-b438-236863cc935d","8a5e67af-0962-4ae5-b3c0-16109ba8cdc1"]
2018-04-07 03:24:23:468 - info: [debug] [JSONWP Proxy] Proxying [GET /element/641b5e55-1151-4041-b438-236863cc935d/attribute/displayed] to [GET http://localhost:8209/wd/hub/session/f97a6c3c-6c9f-4f62-844c-24ea9aec3605/element/641b5e55-1151-4041-b438-236863cc935d/attribute/displayed] with body: {}
2018-04-07 03:24:23:514 - info: [debug] [JSONWP Proxy] Got response with status 200: "{\"sessionId\":\"f97a6c3c-6c9f-4f62-844c-24ea9aec3605\",\"status\":0,\"value\":\"true\"}"
2018-04-07 03:24:23:514 - info: [debug] [MJSONWP] Responding to client with driver.elementDisplayed() result: true
2018-04-07 03:24:23:515 - info: [HTTP] <-- GET /wd/hub/session/8a5e67af-0962-4ae5-b3c0-16109ba8cdc1/element/641b5e55-1151-4041-b438-236863cc935d/displayed 200 49 ms - 76 
2018-04-07 03:24:23:522 - info: [HTTP] --> POST /wd/hub/session/8a5e67af-0962-4ae5-b3c0-16109ba8cdc1/element {"using":"-android uiautomator","sessionId":"8a5e67af-0962-4ae5-b3c0-16109ba8cdc1","value":"new UiSelector().text(\"\")"}
2018-04-07 03:24:23:523 - info: [debug] [MJSONWP] Calling AppiumDriver.findElement() with args: ["-android uiautomator","new UiSelector().text(\"\")","8a5e67af-0962-4ae5-b3c0-16109ba8cdc1"]
2018-04-07 03:24:23:523 - info: [debug] [BaseDriver] Valid locator strategies for this request: xpath, id, class name, accessibility id, -android uiautomator
2018-04-07 03:24:23:525 - info: [debug] [BaseDriver] Valid locator strategies for this request: xpath, id, class name, accessibility id, -android uiautomator
2018-04-07 03:24:23:525 - info: [debug] [BaseDriver] Waiting up to 0 ms for condition
2018-04-07 03:24:23:526 - info: [debug] [JSONWP Proxy] Proxying [POST /element] to [POST http://localhost:8209/wd/hub/session/f97a6c3c-6c9f-4f62-844c-24ea9aec3605/element] with body: {"strategy":"-android uiautomator","selector":"new UiSelector().text(\"\")","context":"","multiple":false}
2018-04-07 03:24:23:566 - info: [debug] [JSONWP Proxy] Got response with status 200: {"sessionId":"f97a6c3c-6c9f-4f62-844c-24ea9aec3605","status":0,"value":{"ELEMENT":"e7711c1e-c802-4999-8525-e3cd8bd92882"}}
2018-04-07 03:24:23:567 - info: [debug] [MJSONWP] Responding to client with driver.findElement() result: {"ELEMENT":"e7711c1e-c802-4999-8525-e3cd8bd92882"}
2018-04-07 03:24:23:568 - info: [HTTP] <-- POST /wd/hub/session/8a5e67af-0962-4ae5-b3c0-16109ba8cdc1/element 200 45 ms - 122 
2018-04-07 03:24:23:572 - info: [HTTP] --> POST /wd/hub/session/8a5e67af-0962-4ae5-b3c0-16109ba8cdc1/element/e7711c1e-c802-4999-8525-e3cd8bd92882/click {"sessionId":"8a5e67af-0962-4ae5-b3c0-16109ba8cdc1","id":"e7711c1e-c802-4999-8525-e3cd8bd92882"}
2018-04-07 03:24:23:573 - info: [debug] [MJSONWP] Calling AppiumDriver.click() with args: ["e7711c1e-c802-4999-8525-e3cd8bd92882","8a5e67af-0962-4ae5-b3c0-16109ba8cdc1"]
2018-04-07 03:24:23:576 - info: [debug] [JSONWP Proxy] Proxying [POST /element/e7711c1e-c802-4999-8525-e3cd8bd92882/click] to [POST http://localhost:8209/wd/hub/session/f97a6c3c-6c9f-4f62-844c-24ea9aec3605/element/e7711c1e-c802-4999-8525-e3cd8bd92882/click] with body: {"element":"e7711c1e-c802-4999-8525-e3cd8bd92882"}
2018-04-07 03:24:24:787 - info: [debug] [JSONWP Proxy] Got response with status 200: {"sessionId":"f97a6c3c-6c9f-4f62-844c-24ea9aec3605","status":0,"value":true}
2018-04-07 03:24:24:787 - info: [debug] [MJSONWP] Responding to client with driver.click() result: true
2018-04-07 03:24:24:788 - info: [HTTP] <-- POST /wd/hub/session/8a5e67af-0962-4ae5-b3c0-16109ba8cdc1/element/e7711c1e-c802-4999-8525-e3cd8bd92882/click 200 1216 ms - 76 
2018-04-07 03:24:26:798 - info: [HTTP] --> POST /wd/hub/session/8a5e67af-0962-4ae5-b3c0-16109ba8cdc1/element {"using":"xpath","sessionId":"8a5e67af-0962-4ae5-b3c0-16109ba8cdc1","value":"//*[contains(@text,)]"}
2018-04-07 03:24:26:798 - info: [debug] [MJSONWP] Calling AppiumDriver.findElement() with args: ["xpath","//*[contains(@text,)]","8a5e67af-0962-4ae5-b3c0-16109ba8cdc1"]
2018-04-07 03:24:26:799 - info: [debug] [BaseDriver] Valid locator strategies for this request: xpath, id, class name, accessibility id, -android uiautomator
2018-04-07 03:24:26:802 - info: [debug] [BaseDriver] Valid locator strategies for this request: xpath, id, class name, accessibility id, -android uiautomator
2018-04-07 03:24:26:802 - info: [debug] [BaseDriver] Waiting up to 0 ms for condition
2018-04-07 03:24:26:803 - info: [debug] [JSONWP Proxy] Proxying [POST /element] to [POST http://localhost:8209/wd/hub/session/f97a6c3c-6c9f-4f62-844c-24ea9aec3605/element] with body: {"strategy":"xpath","selector":"//*[contains(@text,)]","context":"","multiple":false}
2018-04-07 03:24:27:061 - info: [debug] [JSONWP Proxy] Got response with status 200: {"sessionId":"f97a6c3c-6c9f-4f62-844c-24ea9aec3605","status":0,"value":{"ELEMENT":"80375330-9cc6-4c0d-b678-86f56603a1ba"}}
2018-04-07 03:24:27:062 - info: [debug] [MJSONWP] Responding to client with driver.findElement() result: {"ELEMENT":"80375330-9cc6-4c0d-b678-86f56603a1ba"}
2018-04-07 03:24:27:063 - info: [HTTP] <-- POST /wd/hub/session/8a5e67af-0962-4ae5-b3c0-16109ba8cdc1/element 200 265 ms - 122 
2018-04-07 03:24:27:068 - info: [HTTP] --> GET /wd/hub/session/8a5e67af-0962-4ae5-b3c0-16109ba8cdc1/element/80375330-9cc6-4c0d-b678-86f56603a1ba/text {}
2018-04-07 03:24:27:069 - info: [MJSONWP] Driver proxy active, passing request on via HTTP proxy
2018-04-07 03:24:27:069 - info: [debug] [JSONWP Proxy] Proxying [GET /wd/hub/session/8a5e67af-0962-4ae5-b3c0-16109ba8cdc1/element/80375330-9cc6-4c0d-b678-86f56603a1ba/text] to [GET http://localhost:8209/wd/hub/session/f97a6c3c-6c9f-4f62-844c-24ea9aec3605/element/80375330-9cc6-4c0d-b678-86f56603a1ba/text] with body: {}
2018-04-07 03:24:27:082 - info: [debug] [JSONWP Proxy] Got response with status 200: "{\"sessionId\":\"f97a6c3c-6c9f-4f62-844c-24ea9aec3605\",\"status\":0,\"value\":\"\"}"
2018-04-07 03:24:27:083 - info: [JSONWP Proxy] Replacing sessionId f97a6c3c-6c9f-4f62-844c-24ea9aec3605 with 8a5e67af-0962-4ae5-b3c0-16109ba8cdc1
2018-04-07 03:24:27:084 - info: [HTTP] <-- GET /wd/hub/session/8a5e67af-0962-4ae5-b3c0-16109ba8cdc1/element/80375330-9cc6-4c0d-b678-86f56603a1ba/text 200 15 ms - 74 
