2018-04-07 02:43:01:325 - info: [Appium] Welcome to Appium v1.7.2
2018-04-07 02:43:01:328 - info: [Appium] Non-default server args:
2018-04-07 02:43:01:329 - info: [Appium]   port: 4700
2018-04-07 02:43:01:329 - info: [Appium]   bootstrapPort: 4900
2018-04-07 02:43:01:329 - info: [Appium]   sessionOverride: true
2018-04-07 02:43:01:329 - info: [Appium]   log: D:/PycharmProjects/Appium27/log/K4Q6T167130016862018-04-07-10_42_54.log
2018-04-07 02:43:01:330 - info: [Appium]   udid: K4Q6T16713001686
2018-04-07 02:43:01:330 - info: [Appium]   noReset: true
2018-04-07 02:43:01:330 - warn: [Appium] Deprecated server args:
2018-04-07 02:43:01:331 - warn: [Appium]   -U,--udid => --default-capabilities '{"udid":"K4Q6T16713001686"}'
2018-04-07 02:43:01:331 - warn: [Appium]   --no-reset => --default-capabilities '{"noReset":true}'
2018-04-07 02:43:01:331 - info: [Appium] Default capabilities, which will be added to each request unless overridden by desired capabilities:
2018-04-07 02:43:01:331 - info: [Appium]   udid: K4Q6T16713001686
2018-04-07 02:43:01:331 - info: [Appium]   noReset: true
2018-04-07 02:43:01:363 - info: [Appium] Appium REST http interface listener started on 0.0.0.0:4700
2018-04-07 02:43:16:576 - info: [HTTP] --> POST /wd/hub/session {"capabilities":{"alwaysMatch":{"platformName":"Android"},"firstMatch":[{}]},"desiredCapabilities":{"deviceName":"K4Q6T16713001686","automationName":"uiautomator2","platformName":"Android","app":"../apk/wdfp.apk"}}
2018-04-07 02:43:16:579 - info: [debug] [MJSONWP] Calling AppiumDriver.createSession() with args: [{"deviceName":"K4Q6T16713001686","automationName":"uiautomator2","platformName":"Android","app":"../apk/wdfp.apk"},null,{"alwaysMatch":{"platformName":"Android"},"firstMatch":[{}]}]
2018-04-07 02:43:16:581 - info: [debug] [BaseDriver] Event 'newSessionRequested' logged at 1523068996581 (10:43:16 GMT+0800 (China Standard Time))
2018-04-07 02:43:16:582 - info: [Appium] Merged W3C capabilities {"alwaysMatch":{"platformName":"Android"},"firs... into desiredCapabilities object {"deviceName":"K4Q6T16713001686","automationNam...
2018-04-07 02:43:16:586 - info: [Appium] Creating new AndroidUiautomator2Driver (v0.11.0) session
2018-04-07 02:43:16:586 - info: [Appium] Capabilities:
2018-04-07 02:43:16:586 - info: [Appium]   deviceName: K4Q6T16713001686
2018-04-07 02:43:16:586 - info: [Appium]   automationName: uiautomator2
2018-04-07 02:43:16:587 - info: [Appium]   platformName: Android
2018-04-07 02:43:16:587 - info: [Appium]   app: ../apk/wdfp.apk
2018-04-07 02:43:16:587 - info: [Appium]   udid: K4Q6T16713001686
2018-04-07 02:43:16:587 - info: [Appium]   noReset: true
2018-04-07 02:43:16:600 - info: [BaseDriver] Session created with session id: 5d7ca19d-6427-4ee5-978e-d966a8cea937
2018-04-07 02:43:16:602 - info: [BaseDriver] Using local app '../apk/wdfp.apk'
2018-04-07 02:43:16:623 - info: [debug] [UiAutomator2] Checking whether app is actually present
2018-04-07 02:43:17:034 - info: [debug] [AndroidDriver] Getting Java version
2018-04-07 02:43:17:295 - info: [AndroidDriver] Java version is: 1.8.0_151
2018-04-07 02:43:17:299 - info: [ADB] Checking whether adb is present
2018-04-07 02:43:17:302 - info: [ADB] Using adb.exe from D:\sdk\platform-tools\adb.exe
2018-04-07 02:43:17:302 - info: [AndroidDriver] Retrieving device list
2018-04-07 02:43:17:303 - info: [debug] [ADB] Trying to find a connected android device
2018-04-07 02:43:17:304 - info: [debug] [ADB] Getting connected devices...
2018-04-07 02:43:17:411 - info: [debug] [ADB] 1 device(s) connected
2018-04-07 02:43:17:411 - info: [AndroidDriver] Using device: K4Q6T16713001686
2018-04-07 02:43:17:412 - info: [ADB] Checking whether adb is present
2018-04-07 02:43:17:422 - info: [debug] [ADB] Setting device id to K4Q6T16713001686
2018-04-07 02:43:17:423 - info: [debug] [ADB] Getting connected devices...
2018-04-07 02:43:17:552 - info: [debug] [ADB] 1 device(s) connected
2018-04-07 02:43:17:554 - info: [debug] [ADB] Running 'D:\sdk\platform-tools\adb.exe' with args: ["-P",5037,"-s","K4Q6T16713001686","shell","getprop","ro.build.version.sdk"]
2018-04-07 02:43:17:638 - info: [debug] [ADB] Current device property 'ro.build.version.sdk': 24
2018-04-07 02:43:17:638 - info: [debug] [ADB] Device API level: 24
2018-04-07 02:43:17:639 - info: [debug] [AndroidDriver] Parsing package and activity from app manifest
2018-04-07 02:43:17:640 - info: [ADB] Checking whether aapt is present
2018-04-07 02:43:17:642 - info: [ADB] Using aapt.exe from D:\sdk\tools\aapt.exe
2018-04-07 02:43:17:642 - info: [ADB] Extracting package and launch activity from manifest
2018-04-07 02:43:17:735 - info: [debug] [ADB] badging package: com.elephant.myinvoice
2018-04-07 02:43:17:735 - info: [debug] [ADB] badging act: com.elephant.myinvoice.MainActivity
2018-04-07 02:43:17:736 - info: [debug] [AndroidDriver] Parsed package and activity are: com.elephant.myinvoice/com.elephant.myinvoice.MainActivity
2018-04-07 02:43:17:736 - info: [ADB] Getting device platform version
2018-04-07 02:43:17:737 - info: [debug] [ADB] Getting connected devices...
2018-04-07 02:43:17:821 - info: [debug] [ADB] 1 device(s) connected
2018-04-07 02:43:17:821 - info: [debug] [ADB] Running 'D:\sdk\platform-tools\adb.exe' with args: ["-P",5037,"-s","K4Q6T16713001686","shell","getprop","ro.build.version.release"]
2018-04-07 02:43:17:954 - info: [debug] [ADB] Current device property 'ro.build.version.release': 7.0
2018-04-07 02:43:17:955 - info: [debug] [ADB] Getting connected devices...
2018-04-07 02:43:18:080 - info: [debug] [ADB] 1 device(s) connected
2018-04-07 02:43:18:081 - info: [debug] [ADB] Running 'D:\sdk\platform-tools\adb.exe' with args: ["-P",5037,"-s","K4Q6T16713001686","shell","wm","size"]
2018-04-07 02:43:18:987 - info: [debug] [ADB] Getting connected devices...
2018-04-07 02:43:19:105 - info: [debug] [ADB] 1 device(s) connected
2018-04-07 02:43:19:105 - info: [debug] [ADB] Running 'D:\sdk\platform-tools\adb.exe' with args: ["-P",5037,"-s","K4Q6T16713001686","shell","wm","density"]
2018-04-07 02:43:19:814 - info: [debug] [ADB] Getting connected devices...
2018-04-07 02:43:19:882 - info: [debug] [ADB] 1 device(s) connected
2018-04-07 02:43:19:883 - info: [debug] [ADB] Running 'D:\sdk\platform-tools\adb.exe' with args: ["-P",5037,"-s","K4Q6T16713001686","shell","getprop","ro.product.model"]
2018-04-07 02:43:19:981 - info: [debug] [ADB] Current device property 'ro.product.model': NEM-AL10
2018-04-07 02:43:19:981 - info: [debug] [ADB] Getting connected devices...
2018-04-07 02:43:20:055 - info: [debug] [ADB] 1 device(s) connected
2018-04-07 02:43:20:056 - info: [debug] [ADB] Running 'D:\sdk\platform-tools\adb.exe' with args: ["-P",5037,"-s","K4Q6T16713001686","shell","getprop","ro.product.manufacturer"]
2018-04-07 02:43:20:145 - info: [debug] [ADB] Current device property 'ro.product.manufacturer': HUAWEI
2018-04-07 02:43:20:147 - info: [debug] [ADB] Getting connected devices...
2018-04-07 02:43:20:210 - info: [debug] [ADB] 1 device(s) connected
2018-04-07 02:43:20:211 - info: [debug] [ADB] Running 'D:\sdk\platform-tools\adb.exe' with args: ["-P",5037,"-s","K4Q6T16713001686","shell","am","force-stop","io.appium.uiautomator2.server"]
2018-04-07 02:43:21:002 - info: [ADB] Checking whether aapt is present
2018-04-07 02:43:21:052 - info: [debug] [ADB] Getting install status for io.appium.uiautomator2.server
2018-04-07 02:43:21:052 - info: [debug] [ADB] Getting connected devices...
2018-04-07 02:43:21:121 - info: [debug] [ADB] 1 device(s) connected
2018-04-07 02:43:21:122 - info: [debug] [ADB] Running 'D:\sdk\platform-tools\adb.exe' with args: ["-P",5037,"-s","K4Q6T16713001686","shell","pm","list","packages","io.appium.uiautomator2.server"]
2018-04-07 02:43:21:840 - info: [debug] [ADB] App is installed
2018-04-07 02:43:21:841 - info: [debug] [ADB] Getting install status for io.appium.uiautomator2.server.test
2018-04-07 02:43:21:841 - info: [debug] [ADB] Getting connected devices...
2018-04-07 02:43:21:915 - info: [debug] [ADB] 1 device(s) connected
2018-04-07 02:43:21:915 - info: [debug] [ADB] Running 'D:\sdk\platform-tools\adb.exe' with args: ["-P",5037,"-s","K4Q6T16713001686","shell","pm","list","packages","io.appium.uiautomator2.server.test"]
2018-04-07 02:43:22:621 - info: [debug] [ADB] App is installed
2018-04-07 02:43:22:622 - info: [debug] [ADB] Getting package info for io.appium.uiautomator2.server
2018-04-07 02:43:22:622 - info: [debug] [ADB] Getting connected devices...
2018-04-07 02:43:22:700 - info: [debug] [ADB] 1 device(s) connected
2018-04-07 02:43:22:700 - info: [debug] [ADB] Running 'D:\sdk\platform-tools\adb.exe' with args: ["-P",5037,"-s","K4Q6T16713001686","shell","dumpsys","package","io.appium.uiautomator2.server"]
2018-04-07 02:43:22:830 - info: [debug] [UiAutomator2] Waiting up to 20000ms for instrumentation 'io.appium.uiautomator2.server.test/android.support.test.runner.AndroidJUnitRunner' to be available
2018-04-07 02:43:22:831 - info: [debug] [ADB] Getting connected devices...
2018-04-07 02:43:22:913 - info: [debug] [ADB] 1 device(s) connected
2018-04-07 02:43:22:914 - info: [debug] [ADB] Running 'D:\sdk\platform-tools\adb.exe' with args: ["-P",5037,"-s","K4Q6T16713001686","shell","pm","list","instrumentation"]
2018-04-07 02:43:23:604 - info: [debug] [UiAutomator2] Instrumentation 'io.appium.uiautomator2.server.test/android.support.test.runner.AndroidJUnitRunner' available
2018-04-07 02:43:23:605 - info: [debug] [ADB] Running 'D:\sdk\platform-tools\adb.exe' with args: ["-P",5037,"-s","K4Q6T16713001686","wait-for-device"]
2018-04-07 02:43:23:687 - info: [debug] [ADB] Getting connected devices...
2018-04-07 02:43:23:761 - info: [debug] [ADB] 1 device(s) connected
2018-04-07 02:43:23:761 - info: [debug] [ADB] Running 'D:\sdk\platform-tools\adb.exe' with args: ["-P",5037,"-s","K4Q6T16713001686","shell","echo","ping"]
2018-04-07 02:43:23:875 - warn: [AndroidDriver] setDeviceLanguageCountry requires language or country.
2018-04-07 02:43:23:875 - warn: [AndroidDriver] Got language: 'null' and country: 'null'
2018-04-07 02:43:23:876 - info: [debug] [Logcat] Starting logcat capture
2018-04-07 02:43:23:970 - info: [debug] [AndroidDriver] Pushing settings apk to device...
2018-04-07 02:43:23:971 - info: [debug] [ADB] Getting install status for io.appium.settings
2018-04-07 02:43:23:972 - info: [debug] [ADB] Getting connected devices...
2018-04-07 02:43:24:066 - info: [debug] [ADB] 1 device(s) connected
2018-04-07 02:43:24:066 - info: [debug] [ADB] Running 'D:\sdk\platform-tools\adb.exe' with args: ["-P",5037,"-s","K4Q6T16713001686","shell","pm","list","packages","io.appium.settings"]
2018-04-07 02:43:24:780 - info: [debug] [ADB] App is installed
2018-04-07 02:43:24:781 - info: [debug] [ADB] Getting package info for io.appium.settings
2018-04-07 02:43:24:781 - info: [debug] [ADB] Getting connected devices...
2018-04-07 02:43:24:904 - info: [debug] [ADB] 1 device(s) connected
2018-04-07 02:43:24:906 - info: [debug] [ADB] Running 'D:\sdk\platform-tools\adb.exe' with args: ["-P",5037,"-s","K4Q6T16713001686","shell","dumpsys","package","io.appium.settings"]
2018-04-07 02:43:25:069 - info: [ADB] Checking whether aapt is present
2018-04-07 02:43:25:118 - info: [debug] [ADB] The installed 'io.appium.settings' package does not require upgrade (5 >= 5)
2018-04-07 02:43:25:119 - info: [debug] [ADB] Device API level: 24
2018-04-07 02:43:25:121 - info: [debug] [ADB] Getting connected devices...
2018-04-07 02:43:25:188 - info: [debug] [ADB] 1 device(s) connected
2018-04-07 02:43:25:189 - info: [debug] [ADB] Running 'D:\sdk\platform-tools\adb.exe' with args: ["-P",5037,"-s","K4Q6T16713001686","shell","dumpsys","package","io.appium.settings"]
2018-04-07 02:43:25:318 - info: [debug] [ADB] Getting connected devices...
2018-04-07 02:43:25:389 - info: [debug] [ADB] 1 device(s) connected
2018-04-07 02:43:25:389 - info: [debug] [ADB] Running 'D:\sdk\platform-tools\adb.exe' with args: ["-P",5037,"-s","K4Q6T16713001686","shell","pm","dump","io.appium.settings"]
2018-04-07 02:43:26:463 - info: [debug] [ADB] Got the following command chunks to execute: pm,grant,io.appium.settings,android.permission.WRITE_SETTINGS,;,pm,grant,io.appium.settings,android.permission.ACCESS_MOCK_LOCATION,;
2018-04-07 02:43:26:463 - info: [debug] [ADB] Getting connected devices...
2018-04-07 02:43:26:538 - info: [debug] [ADB] 1 device(s) connected
2018-04-07 02:43:26:539 - info: [debug] [ADB] Running 'D:\sdk\platform-tools\adb.exe' with args: ["-P",5037,"-s","K4Q6T16713001686","shell","pm","grant","io.appium.settings","android.permission.WRITE_SETTINGS",";","pm","grant","io.appium.settings","android.permission.ACCESS_MOCK_LOCATION",";"]
2018-04-07 02:43:27:859 - info: [debug] [ADB] Getting connected devices...
2018-04-07 02:43:27:930 - info: [debug] [ADB] 1 device(s) connected
2018-04-07 02:43:27:931 - info: [debug] [ADB] Running 'D:\sdk\platform-tools\adb.exe' with args: ["-P",5037,"-s","K4Q6T16713001686","shell","ps"]
2018-04-07 02:43:28:096 - info: [debug] [ADB] Device API level: 24
2018-04-07 02:43:28:097 - info: [debug] [ADB] Getting connected devices...
2018-04-07 02:43:28:167 - info: [debug] [ADB] 1 device(s) connected
2018-04-07 02:43:28:167 - info: [debug] [ADB] Running 'D:\sdk\platform-tools\adb.exe' with args: ["-P",5037,"-s","K4Q6T16713001686","shell","am","start","-W","-n","io.appium.settings/.Settings","-a","android.intent.action.MAIN","-c","android.intent.category.LAUNCHER","-f","0x10200000"]
2018-04-07 02:43:29:290 - info: [debug] [ADB] Device API level: 24
2018-04-07 02:43:29:290 - info: [debug] [ADB] Getting connected devices...
2018-04-07 02:43:29:400 - info: [debug] [ADB] 1 device(s) connected
2018-04-07 02:43:29:401 - info: [debug] [ADB] Running 'D:\sdk\platform-tools\adb.exe' with args: ["-P",5037,"-s","K4Q6T16713001686","shell","appops","set","io.appium.settings","android:mock_location","allow"]
2018-04-07 02:43:29:529 - info: [debug] [AndroidDriver] Pushing unlock helper app to device...
2018-04-07 02:43:29:529 - info: [debug] [ADB] Getting install status for io.appium.unlock
2018-04-07 02:43:29:529 - info: [debug] [ADB] Getting connected devices...
2018-04-07 02:43:29:610 - info: [debug] [ADB] 1 device(s) connected
2018-04-07 02:43:29:610 - info: [debug] [ADB] Running 'D:\sdk\platform-tools\adb.exe' with args: ["-P",5037,"-s","K4Q6T16713001686","shell","pm","list","packages","io.appium.unlock"]
2018-04-07 02:43:30:415 - info: [debug] [ADB] App is installed
2018-04-07 02:43:30:416 - info: [debug] [ADB] Getting package info for io.appium.unlock
2018-04-07 02:43:30:416 - info: [debug] [ADB] Getting connected devices...
2018-04-07 02:43:30:514 - info: [debug] [ADB] 1 device(s) connected
2018-04-07 02:43:30:514 - info: [debug] [ADB] Running 'D:\sdk\platform-tools\adb.exe' with args: ["-P",5037,"-s","K4Q6T16713001686","shell","dumpsys","package","io.appium.unlock"]
2018-04-07 02:43:30:681 - info: [ADB] Checking whether aapt is present
2018-04-07 02:43:30:775 - info: [debug] [ADB] The installed 'io.appium.unlock' package does not require upgrade (2 >= 2)
2018-04-07 02:43:30:775 - info: [debug] [UiAutomator2] Forwarding UiAutomator2 Server port 6790 to 8204
2018-04-07 02:43:30:776 - info: [debug] [ADB] Forwarding system: 8204 to device: 6790
2018-04-07 02:43:30:776 - info: [debug] [ADB] Running 'D:\sdk\platform-tools\adb.exe' with args: ["-P",5037,"-s","K4Q6T16713001686","forward","tcp:8204","tcp:6790"]
2018-04-07 02:43:30:858 - info: [debug] [ADB] Getting connected devices...
2018-04-07 02:43:30:939 - info: [debug] [ADB] 1 device(s) connected
2018-04-07 02:43:30:940 - info: [debug] [ADB] Running 'D:\sdk\platform-tools\adb.exe' with args: ["-P",5037,"-s","K4Q6T16713001686","shell","dumpsys","window"]
2018-04-07 02:43:31:056 - info: [AndroidDriver] Screen already unlocked, doing nothing
2018-04-07 02:43:31:058 - info: [debug] [AndroidDriver] Extracting strings from apk ../apk/wdfp.apk null C:\Users\Myron.Guo\AppData\Local\Temp\com.elephant.myinvoice
2018-04-07 02:43:31:058 - info: [debug] [ADB] Extracting strings for language: default
2018-04-07 02:43:31:059 - info: [debug] [ADB] Device API level: 24
2018-04-07 02:43:31:060 - info: [debug] [ADB] Getting connected devices...
2018-04-07 02:43:31:197 - info: [debug] [ADB] 1 device(s) connected
2018-04-07 02:43:31:198 - info: [debug] [ADB] Running 'D:\sdk\platform-tools\adb.exe' with args: ["-P",5037,"-s","K4Q6T16713001686","shell","getprop","persist.sys.locale"]
2018-04-07 02:43:31:342 - info: [debug] [ADB] Current device property 'persist.sys.locale': zh-CN
2018-04-07 02:43:33:158 - info: [debug] [ADB] Reading strings from converted strings.json
2018-04-07 02:43:33:161 - info: [debug] [ADB] Running 'D:\sdk\platform-tools\adb.exe' with args: ["-P",5037,"-s","K4Q6T16713001686","push","C:\\Users\\Myron.Guo\\AppData\\Local\\Temp\\com.elephant.myinvoice\\strings.json","/data/local/tmp"]
2018-04-07 02:43:33:327 - info: [debug] [ADB] Checking app cert for ../apk/wdfp.apk
2018-04-07 02:43:33:331 - warn: [ADB] Cannot use apksigner tool for signature verification. Defaulting to verify.jar. Original error: Could not find apksigner.bat in D:\sdk\platform-tools\apksigner.bat,D:\sdk\emulator\apksigner.bat,D:\sdk\tools\apksigner.bat,D:\sdk\tools\bin\apksigner.bat,D:\sdk\build-tools\android-4.3\apksigner.bat, or supported build-tools under D:\sdk do you have the Android SDK installed at this location?
2018-04-07 02:43:34:826 - info: [debug] [ADB] '../apk/wdfp.apk' is already signed.
2018-04-07 02:43:35:074 - info: [AndroidDriver] Remote apk path is /data/local/tmp/4a9053f45d358d0242a66992e1a83312.apk
2018-04-07 02:43:35:075 - info: [debug] [ADB] Getting connected devices...
2018-04-07 02:43:35:205 - info: [debug] [ADB] 1 device(s) connected
2018-04-07 02:43:35:205 - info: [debug] [ADB] Running 'D:\sdk\platform-tools\adb.exe' with args: ["-P",5037,"-s","K4Q6T16713001686","shell","ls","/data/local/tmp/4a9053f45d358d0242a66992e1a83312.apk"]
2018-04-07 02:43:35:316 - info: [debug] [AndroidDriver] Checking if app is installed
2018-04-07 02:43:35:316 - info: [debug] [ADB] Getting install status for com.elephant.myinvoice
2018-04-07 02:43:35:316 - info: [debug] [ADB] Getting connected devices...
2018-04-07 02:43:35:397 - info: [debug] [ADB] 1 device(s) connected
2018-04-07 02:43:35:397 - info: [debug] [ADB] Running 'D:\sdk\platform-tools\adb.exe' with args: ["-P",5037,"-s","K4Q6T16713001686","shell","pm","list","packages","com.elephant.myinvoice"]
2018-04-07 02:43:36:121 - info: [debug] [ADB] App is not installed
2018-04-07 02:43:36:122 - info: [AndroidDriver] Apk is not yet installed
2018-04-07 02:43:36:122 - info: [AndroidDriver] installing apk from remote
2018-04-07 02:43:36:123 - info: [debug] [ADB] Getting connected devices...
2018-04-07 02:43:36:206 - info: [debug] [ADB] 1 device(s) connected
2018-04-07 02:43:36:206 - info: [debug] [ADB] Running 'D:\sdk\platform-tools\adb.exe' with args: ["-P",5037,"-s","K4Q6T16713001686","shell","mkdir","-p","/data/local/tmp"]
2018-04-07 02:43:36:313 - info: [AndroidDriver] Clearing out any existing remote apks with the same hash
2018-04-07 02:43:36:314 - info: [debug] [AndroidDriver] Removing any old apks
2018-04-07 02:43:36:314 - info: [debug] [AndroidDriver] Except ["4a9053f45d358d0242a66992e1a83312"]
2018-04-07 02:43:36:314 - info: [debug] [ADB] Getting connected devices...
2018-04-07 02:43:36:398 - info: [debug] [ADB] 1 device(s) connected
2018-04-07 02:43:36:398 - info: [debug] [ADB] Running 'D:\sdk\platform-tools\adb.exe' with args: ["-P",5037,"-s","K4Q6T16713001686","shell","ls","/data/local/tmp/*.apk"]
2018-04-07 02:43:36:497 - info: [debug] [ADB] Uninstalling com.elephant.myinvoice
2018-04-07 02:43:36:497 - info: [debug] [ADB] Getting install status for com.elephant.myinvoice
2018-04-07 02:43:36:497 - info: [debug] [ADB] Getting connected devices...
2018-04-07 02:43:36:578 - info: [debug] [ADB] 1 device(s) connected
2018-04-07 02:43:36:579 - info: [debug] [ADB] Running 'D:\sdk\platform-tools\adb.exe' with args: ["-P",5037,"-s","K4Q6T16713001686","shell","pm","list","packages","com.elephant.myinvoice"]
2018-04-07 02:43:37:324 - info: [debug] [ADB] App is not installed
2018-04-07 02:43:37:324 - info: [ADB] com.elephant.myinvoice was not uninstalled, because it was not present on the device
2018-04-07 02:43:37:325 - info: [debug] [ADB] Getting connected devices...
2018-04-07 02:43:37:407 - info: [debug] [ADB] 1 device(s) connected
2018-04-07 02:43:37:407 - info: [debug] [ADB] Running 'D:\sdk\platform-tools\adb.exe' with args: ["-P",5037,"-s","K4Q6T16713001686","shell","pm","install","-r","/data/local/tmp/4a9053f45d358d0242a66992e1a83312.apk"]
2018-04-07 02:43:42:414 - info: [debug] [ADB] Getting connected devices...
2018-04-07 02:43:42:551 - info: [debug] [ADB] 1 device(s) connected
2018-04-07 02:43:42:551 - info: [debug] [ADB] Running 'D:\sdk\platform-tools\adb.exe' with args: ["-P",5037,"-s","K4Q6T16713001686","shell","am","force-stop","io.appium.uiautomator2.server"]
2018-04-07 02:43:43:530 - info: [UiAutomator2] Starting uiautomator2 server v0.3.0
2018-04-07 02:43:43:531 - info: [UiAutomator2] Running command: 'adb -s K4Q6T16713001686 shell am instrument -w io.appium.uiautomator2.server.test/android.support.test.runner.AndroidJUnitRunner'
2018-04-07 02:43:43:534 - info: [UiAutomator2] Waiting up to 20000ms for UiAutomator2 to be online...
2018-04-07 02:43:43:536 - info: [debug] [JSONWP Proxy] Proxying [GET /status] to [GET http://localhost:8204/wd/hub/status] with no body
2018-04-07 02:43:44:570 - info: [debug] [JSONWP Proxy] Proxying [GET /status] to [GET http://localhost:8204/wd/hub/status] with no body
2018-04-07 02:43:45:580 - info: [debug] [JSONWP Proxy] Proxying [GET /status] to [GET http://localhost:8204/wd/hub/status] with no body
2018-04-07 02:43:46:586 - info: [debug] [JSONWP Proxy] Proxying [GET /status] to [GET http://localhost:8204/wd/hub/status] with no body
2018-04-07 02:43:47:596 - info: [debug] [JSONWP Proxy] Proxying [GET /status] to [GET http://localhost:8204/wd/hub/status] with no body
2018-04-07 02:43:47:623 - info: [debug] [JSONWP Proxy] Got response with status 200: "{\"sessionId\":\"SESSIONID\",\"status\":0,\"value\":\"Status Invoked\"}"
2018-04-07 02:43:47:624 - info: [debug] [JSONWP Proxy] Proxying [POST /session] to [POST http://localhost:8204/wd/hub/session] with body: {"desiredCapabilities":{"platform":"LINUX","webStorageEnabled":false,"takesScreenshot":true,"javascriptEnabled":true,"databaseEnabled":false,"networkConnectionEnabled":true,"locationContextEnabled":false,"warnings":{},"desired":{"deviceName":"K4Q6T16713001686","automationName":"uiautomator2","platformName":"Android","app":"../apk/wdfp.apk","udid":"K4Q6T16713001686","noReset":true},"deviceName":"K4Q6T16713001686","automationName":"uiautomator2","platformName":"Android","app":"../apk/wdfp.apk","udid":"K4Q6T16713001686","noReset":true,"deviceUDID":"K4Q6T16713001686","platformVersion":"7.0","deviceScreenSize":"1080x1920","deviceScreenDensity":480,"deviceModel":"NEM-AL10","deviceManufacturer":"HUAWEI","appPackage":"com.elephant.myinvoice"}}
2018-04-07 02:43:47:639 - info: [debug] [JSONWP Proxy] Got response with status 200: {"sessionId":"814871ac-369b-4f4c-aa6a-07163cb3ab86","status":0,"value":"Created Session"}
2018-04-07 02:43:47:640 - info: [UiAutomator2] UiAutomator2 did not start the activity we were waiting for, 'com.elephant.myinvoice/com.elephant.myinvoice.MainActivity'. Starting it ourselves
2018-04-07 02:43:47:641 - info: [debug] [ADB] Device API level: 24
2018-04-07 02:43:47:641 - info: [debug] [ADB] Getting connected devices...
2018-04-07 02:43:47:769 - info: [debug] [ADB] 1 device(s) connected
2018-04-07 02:43:47:770 - info: [debug] [ADB] Running 'D:\sdk\platform-tools\adb.exe' with args: ["-P",5037,"-s","K4Q6T16713001686","shell","am","start","-W","-n","com.elephant.myinvoice/com.elephant.myinvoice.MainActivity","-S","-a","android.intent.action.MAIN","-c","android.intent.category.LAUNCHER","-f","0x10200000"]
2018-04-07 02:43:50:254 - info: [debug] [ADB] Waiting up to 20000ms for activity matching pkg: 'com.elephant.myinvoice' and activity: 'com.elephant.myinvoice.MainActivity' to be focused
2018-04-07 02:43:50:255 - info: [debug] [ADB] Possible activities, to be checked: 'com.elephant.myinvoice.MainActivity'
2018-04-07 02:43:50:257 - info: [debug] [ADB] Getting focused package and activity
2018-04-07 02:43:50:258 - info: [debug] [ADB] Getting connected devices...
2018-04-07 02:43:50:340 - info: [debug] [ADB] 1 device(s) connected
2018-04-07 02:43:50:341 - info: [debug] [ADB] Running 'D:\sdk\platform-tools\adb.exe' with args: ["-P",5037,"-s","K4Q6T16713001686","shell","dumpsys","window","windows"]
2018-04-07 02:43:50:488 - info: [debug] [ADB] Found package: 'com.elephant.myinvoice' and fully qualified activity name : 'com.elephant.myinvoice.MainActivity'
2018-04-07 02:43:50:490 - info: [Appium] New AndroidUiautomator2Driver session created successfully, session 5d7ca19d-6427-4ee5-978e-d966a8cea937 added to master session list
2018-04-07 02:43:50:490 - info: [debug] [BaseDriver] Event 'newSessionStarted' logged at 1523069030490 (10:43:50 GMT+0800 (China Standard Time))
2018-04-07 02:43:50:491 - info: [debug] [MJSONWP] Responding to client with driver.createSession() result: {"deviceName":"K4Q6T16713001686","automationName":"uiautomator2","platformName":"Android","app":"../apk/wdfp.apk","udid":"K4Q6T16713001686","noReset":true}
2018-04-07 02:43:50:496 - info: [HTTP] <-- POST /wd/hub/session 200 33918 ms - 227 
2018-04-07 02:43:52:525 - info: [HTTP] --> GET /wd/hub/session/5d7ca19d-6427-4ee5-978e-d966a8cea937/window/current/size {}
2018-04-07 02:43:52:530 - info: [MJSONWP] Driver proxy active, passing request on via HTTP proxy
2018-04-07 02:43:52:532 - info: [debug] [JSONWP Proxy] Proxying [GET /wd/hub/session/5d7ca19d-6427-4ee5-978e-d966a8cea937/window/current/size] to [GET http://localhost:8204/wd/hub/session/814871ac-369b-4f4c-aa6a-07163cb3ab86/window/current/size] with body: {}
2018-04-07 02:43:52:564 - info: [debug] [JSONWP Proxy] Got response with status 200: "{\"sessionId\":\"814871ac-369b-4f4c-aa6a-07163cb3ab86\",\"status\":0,\"value\":{\"height\":1812,\"width\":1080}}"
2018-04-07 02:43:52:565 - info: [JSONWP Proxy] Replacing sessionId 814871ac-369b-4f4c-aa6a-07163cb3ab86 with 5d7ca19d-6427-4ee5-978e-d966a8cea937
2018-04-07 02:43:52:567 - info: [HTTP] <-- GET /wd/hub/session/5d7ca19d-6427-4ee5-978e-d966a8cea937/window/current/size 200 41 ms - 100 
2018-04-07 02:43:52:571 - info: [HTTP] --> GET /wd/hub/session/5d7ca19d-6427-4ee5-978e-d966a8cea937/window/current/size {}
2018-04-07 02:43:52:572 - info: [MJSONWP] Driver proxy active, passing request on via HTTP proxy
2018-04-07 02:43:52:572 - info: [debug] [JSONWP Proxy] Proxying [GET /wd/hub/session/5d7ca19d-6427-4ee5-978e-d966a8cea937/window/current/size] to [GET http://localhost:8204/wd/hub/session/814871ac-369b-4f4c-aa6a-07163cb3ab86/window/current/size] with body: {}
2018-04-07 02:43:52:591 - info: [debug] [JSONWP Proxy] Got response with status 200: "{\"sessionId\":\"814871ac-369b-4f4c-aa6a-07163cb3ab86\",\"status\":0,\"value\":{\"height\":1812,\"width\":1080}}"
2018-04-07 02:43:52:592 - info: [JSONWP Proxy] Replacing sessionId 814871ac-369b-4f4c-aa6a-07163cb3ab86 with 5d7ca19d-6427-4ee5-978e-d966a8cea937
2018-04-07 02:43:52:593 - info: [HTTP] <-- GET /wd/hub/session/5d7ca19d-6427-4ee5-978e-d966a8cea937/window/current/size 200 21 ms - 100 
2018-04-07 02:43:52:597 - info: [HTTP] --> POST /wd/hub/session/5d7ca19d-6427-4ee5-978e-d966a8cea937/touch/perform {"sessionId":"5d7ca19d-6427-4ee5-978e-d966a8cea937","actions":[{"action":"press","options":{"y":1629,"x":540}},{"action":"wait","options":{"ms":2000}},{"action":"moveTo","options":{"y":181,"x":540}},{"action":"release","options":{}}]}
2018-04-07 02:43:52:600 - info: [debug] [MJSONWP] Calling AppiumDriver.performTouch() with args: [[{"action":"press","options":{"y":1629,"x":540}},{"action":"wait","options":{"ms":2000}},{"action":"moveTo","options":{"y":181,"x":540}},{"action":"release","options":{}}],"5d7ca19d-6427-4ee5-978e-d966a8cea937"]
2018-04-07 02:43:52:604 - info: [debug] [JSONWP Proxy] Proxying [POST /touch/perform] to [POST http://localhost:8204/wd/hub/session/814871ac-369b-4f4c-aa6a-07163cb3ab86/touch/perform] with body: {"startX":540,"startY":1629,"endX":540,"endY":181,"steps":56}
2018-04-07 02:43:53:580 - info: [debug] [JSONWP Proxy] Got response with status 200: {"sessionId":"814871ac-369b-4f4c-aa6a-07163cb3ab86","status":0,"value":true}
2018-04-07 02:43:53:582 - info: [debug] [MJSONWP] Responding to client with driver.performTouch() result: true
2018-04-07 02:43:53:584 - info: [HTTP] <-- POST /wd/hub/session/5d7ca19d-6427-4ee5-978e-d966a8cea937/touch/perform 200 985 ms - 76 
2018-04-07 02:43:54:588 - info: [HTTP] --> GET /wd/hub/session/5d7ca19d-6427-4ee5-978e-d966a8cea937/window/current/size {}
2018-04-07 02:43:54:588 - info: [MJSONWP] Driver proxy active, passing request on via HTTP proxy
2018-04-07 02:43:54:589 - info: [debug] [JSONWP Proxy] Proxying [GET /wd/hub/session/5d7ca19d-6427-4ee5-978e-d966a8cea937/window/current/size] to [GET http://localhost:8204/wd/hub/session/814871ac-369b-4f4c-aa6a-07163cb3ab86/window/current/size] with body: {}
2018-04-07 02:43:54:608 - info: [debug] [JSONWP Proxy] Got response with status 200: "{\"sessionId\":\"814871ac-369b-4f4c-aa6a-07163cb3ab86\",\"status\":0,\"value\":{\"height\":1812,\"width\":1080}}"
2018-04-07 02:43:54:609 - info: [JSONWP Proxy] Replacing sessionId 814871ac-369b-4f4c-aa6a-07163cb3ab86 with 5d7ca19d-6427-4ee5-978e-d966a8cea937
2018-04-07 02:43:54:610 - info: [HTTP] <-- GET /wd/hub/session/5d7ca19d-6427-4ee5-978e-d966a8cea937/window/current/size 200 22 ms - 100 
2018-04-07 02:43:54:614 - info: [HTTP] --> GET /wd/hub/session/5d7ca19d-6427-4ee5-978e-d966a8cea937/window/current/size {}
2018-04-07 02:43:54:615 - info: [MJSONWP] Driver proxy active, passing request on via HTTP proxy
2018-04-07 02:43:54:615 - info: [debug] [JSONWP Proxy] Proxying [GET /wd/hub/session/5d7ca19d-6427-4ee5-978e-d966a8cea937/window/current/size] to [GET http://localhost:8204/wd/hub/session/814871ac-369b-4f4c-aa6a-07163cb3ab86/window/current/size] with body: {}
2018-04-07 02:43:54:631 - info: [debug] [JSONWP Proxy] Got response with status 200: "{\"sessionId\":\"814871ac-369b-4f4c-aa6a-07163cb3ab86\",\"status\":0,\"value\":{\"height\":1812,\"width\":1080}}"
2018-04-07 02:43:54:632 - info: [JSONWP Proxy] Replacing sessionId 814871ac-369b-4f4c-aa6a-07163cb3ab86 with 5d7ca19d-6427-4ee5-978e-d966a8cea937
2018-04-07 02:43:54:633 - info: [HTTP] <-- GET /wd/hub/session/5d7ca19d-6427-4ee5-978e-d966a8cea937/window/current/size 200 18 ms - 100 
2018-04-07 02:43:54:637 - info: [HTTP] --> POST /wd/hub/session/5d7ca19d-6427-4ee5-978e-d966a8cea937/touch/perform {"sessionId":"5d7ca19d-6427-4ee5-978e-d966a8cea937","actions":[{"action":"press","options":{"y":906,"x":972}},{"action":"wait","options":{"ms":1000}},{"action":"moveTo","options":{"y":906,"x":108}},{"action":"release","options":{}}]}
2018-04-07 02:43:54:637 - info: [debug] [MJSONWP] Calling AppiumDriver.performTouch() with args: [[{"action":"press","options":{"y":906,"x":972}},{"action":"wait","options":{"ms":1000}},{"action":"moveTo","options":{"y":906,"x":108}},{"action":"release","options":{}}],"5d7ca19d-6427-4ee5-978e-d966a8cea937"]
2018-04-07 02:43:54:642 - info: [debug] [JSONWP Proxy] Proxying [POST /touch/perform] to [POST http://localhost:8204/wd/hub/session/814871ac-369b-4f4c-aa6a-07163cb3ab86/touch/perform] with body: {"startX":972,"startY":906,"endX":108,"endY":906,"steps":28}
2018-04-07 02:43:55:115 - info: [debug] [JSONWP Proxy] Got response with status 200: {"sessionId":"814871ac-369b-4f4c-aa6a-07163cb3ab86","status":0,"value":true}
2018-04-07 02:43:55:116 - info: [debug] [MJSONWP] Responding to client with driver.performTouch() result: true
2018-04-07 02:43:55:117 - info: [HTTP] <-- POST /wd/hub/session/5d7ca19d-6427-4ee5-978e-d966a8cea937/touch/perform 200 480 ms - 76 
2018-04-07 02:43:56:119 - info: [HTTP] --> GET /wd/hub/session/5d7ca19d-6427-4ee5-978e-d966a8cea937/window/current/size {}
2018-04-07 02:43:56:120 - info: [MJSONWP] Driver proxy active, passing request on via HTTP proxy
2018-04-07 02:43:56:121 - info: [debug] [JSONWP Proxy] Proxying [GET /wd/hub/session/5d7ca19d-6427-4ee5-978e-d966a8cea937/window/current/size] to [GET http://localhost:8204/wd/hub/session/814871ac-369b-4f4c-aa6a-07163cb3ab86/window/current/size] with body: {}
2018-04-07 02:43:56:136 - info: [debug] [JSONWP Proxy] Got response with status 200: "{\"sessionId\":\"814871ac-369b-4f4c-aa6a-07163cb3ab86\",\"status\":0,\"value\":{\"height\":1812,\"width\":1080}}"
2018-04-07 02:43:56:136 - info: [JSONWP Proxy] Replacing sessionId 814871ac-369b-4f4c-aa6a-07163cb3ab86 with 5d7ca19d-6427-4ee5-978e-d966a8cea937
2018-04-07 02:43:56:137 - info: [HTTP] <-- GET /wd/hub/session/5d7ca19d-6427-4ee5-978e-d966a8cea937/window/current/size 200 18 ms - 100 
2018-04-07 02:43:56:143 - info: [HTTP] --> GET /wd/hub/session/5d7ca19d-6427-4ee5-978e-d966a8cea937/window/current/size {}
2018-04-07 02:43:56:144 - info: [MJSONWP] Driver proxy active, passing request on via HTTP proxy
2018-04-07 02:43:56:145 - info: [debug] [JSONWP Proxy] Proxying [GET /wd/hub/session/5d7ca19d-6427-4ee5-978e-d966a8cea937/window/current/size] to [GET http://localhost:8204/wd/hub/session/814871ac-369b-4f4c-aa6a-07163cb3ab86/window/current/size] with body: {}
2018-04-07 02:43:56:159 - info: [debug] [JSONWP Proxy] Got response with status 200: "{\"sessionId\":\"814871ac-369b-4f4c-aa6a-07163cb3ab86\",\"status\":0,\"value\":{\"height\":1812,\"width\":1080}}"
2018-04-07 02:43:56:159 - info: [JSONWP Proxy] Replacing sessionId 814871ac-369b-4f4c-aa6a-07163cb3ab86 with 5d7ca19d-6427-4ee5-978e-d966a8cea937
2018-04-07 02:43:56:160 - info: [HTTP] <-- GET /wd/hub/session/5d7ca19d-6427-4ee5-978e-d966a8cea937/window/current/size 200 16 ms - 100 
2018-04-07 02:43:56:164 - info: [HTTP] --> POST /wd/hub/session/5d7ca19d-6427-4ee5-978e-d966a8cea937/touch/perform {"sessionId":"5d7ca19d-6427-4ee5-978e-d966a8cea937","actions":[{"action":"press","options":{"y":906,"x":972}},{"action":"wait","options":{"ms":1000}},{"action":"moveTo","options":{"y":906,"x":108}},{"action":"release","options":{}}]}
2018-04-07 02:43:56:165 - info: [debug] [MJSONWP] Calling AppiumDriver.performTouch() with args: [[{"action":"press","options":{"y":906,"x":972}},{"action":"wait","options":{"ms":1000}},{"action":"moveTo","options":{"y":906,"x":108}},{"action":"release","options":{}}],"5d7ca19d-6427-4ee5-978e-d966a8cea937"]
2018-04-07 02:43:56:166 - info: [debug] [JSONWP Proxy] Proxying [POST /touch/perform] to [POST http://localhost:8204/wd/hub/session/814871ac-369b-4f4c-aa6a-07163cb3ab86/touch/perform] with body: {"startX":972,"startY":906,"endX":108,"endY":906,"steps":28}
2018-04-07 02:43:56:642 - info: [debug] [JSONWP Proxy] Got response with status 200: {"sessionId":"814871ac-369b-4f4c-aa6a-07163cb3ab86","status":0,"value":true}
2018-04-07 02:43:56:643 - info: [debug] [MJSONWP] Responding to client with driver.performTouch() result: true
2018-04-07 02:43:56:644 - info: [HTTP] <-- POST /wd/hub/session/5d7ca19d-6427-4ee5-978e-d966a8cea937/touch/perform 200 479 ms - 76 
2018-04-07 02:43:57:650 - info: [HTTP] --> GET /wd/hub/session/5d7ca19d-6427-4ee5-978e-d966a8cea937/window/current/size {}
2018-04-07 02:43:57:651 - info: [MJSONWP] Driver proxy active, passing request on via HTTP proxy
2018-04-07 02:43:57:651 - info: [debug] [JSONWP Proxy] Proxying [GET /wd/hub/session/5d7ca19d-6427-4ee5-978e-d966a8cea937/window/current/size] to [GET http://localhost:8204/wd/hub/session/814871ac-369b-4f4c-aa6a-07163cb3ab86/window/current/size] with body: {}
2018-04-07 02:43:57:668 - info: [debug] [JSONWP Proxy] Got response with status 200: "{\"sessionId\":\"814871ac-369b-4f4c-aa6a-07163cb3ab86\",\"status\":0,\"value\":{\"height\":1812,\"width\":1080}}"
2018-04-07 02:43:57:669 - info: [JSONWP Proxy] Replacing sessionId 814871ac-369b-4f4c-aa6a-07163cb3ab86 with 5d7ca19d-6427-4ee5-978e-d966a8cea937
2018-04-07 02:43:57:670 - info: [HTTP] <-- GET /wd/hub/session/5d7ca19d-6427-4ee5-978e-d966a8cea937/window/current/size 200 20 ms - 100 
2018-04-07 02:43:57:676 - info: [HTTP] --> GET /wd/hub/session/5d7ca19d-6427-4ee5-978e-d966a8cea937/window/current/size {}
2018-04-07 02:43:57:677 - info: [MJSONWP] Driver proxy active, passing request on via HTTP proxy
2018-04-07 02:43:57:678 - info: [debug] [JSONWP Proxy] Proxying [GET /wd/hub/session/5d7ca19d-6427-4ee5-978e-d966a8cea937/window/current/size] to [GET http://localhost:8204/wd/hub/session/814871ac-369b-4f4c-aa6a-07163cb3ab86/window/current/size] with body: {}
2018-04-07 02:43:57:696 - info: [debug] [JSONWP Proxy] Got response with status 200: "{\"sessionId\":\"814871ac-369b-4f4c-aa6a-07163cb3ab86\",\"status\":0,\"value\":{\"height\":1812,\"width\":1080}}"
2018-04-07 02:43:57:696 - info: [JSONWP Proxy] Replacing sessionId 814871ac-369b-4f4c-aa6a-07163cb3ab86 with 5d7ca19d-6427-4ee5-978e-d966a8cea937
2018-04-07 02:43:57:697 - info: [HTTP] <-- GET /wd/hub/session/5d7ca19d-6427-4ee5-978e-d966a8cea937/window/current/size 200 21 ms - 100 
2018-04-07 02:43:57:701 - info: [HTTP] --> POST /wd/hub/session/5d7ca19d-6427-4ee5-978e-d966a8cea937/touch/perform {"sessionId":"5d7ca19d-6427-4ee5-978e-d966a8cea937","actions":[{"action":"press","options":{"y":906,"x":972}},{"action":"wait","options":{"ms":1000}},{"action":"moveTo","options":{"y":906,"x":108}},{"action":"release","options":{}}]}
2018-04-07 02:43:57:702 - info: [debug] [MJSONWP] Calling AppiumDriver.performTouch() with args: [[{"action":"press","options":{"y":906,"x":972}},{"action":"wait","options":{"ms":1000}},{"action":"moveTo","options":{"y":906,"x":108}},{"action":"release","options":{}}],"5d7ca19d-6427-4ee5-978e-d966a8cea937"]
2018-04-07 02:43:57:703 - info: [debug] [JSONWP Proxy] Proxying [POST /touch/perform] to [POST http://localhost:8204/wd/hub/session/814871ac-369b-4f4c-aa6a-07163cb3ab86/touch/perform] with body: {"startX":972,"startY":906,"endX":108,"endY":906,"steps":28}
2018-04-07 02:43:58:178 - info: [debug] [JSONWP Proxy] Got response with status 200: {"sessionId":"814871ac-369b-4f4c-aa6a-07163cb3ab86","status":0,"value":true}
2018-04-07 02:43:58:179 - info: [debug] [MJSONWP] Responding to client with driver.performTouch() result: true
2018-04-07 02:43:58:181 - info: [HTTP] <-- POST /wd/hub/session/5d7ca19d-6427-4ee5-978e-d966a8cea937/touch/perform 200 479 ms - 76 
2018-04-07 02:43:59:186 - info: [HTTP] --> GET /wd/hub/session/5d7ca19d-6427-4ee5-978e-d966a8cea937/window/current/size {}
2018-04-07 02:43:59:187 - info: [MJSONWP] Driver proxy active, passing request on via HTTP proxy
2018-04-07 02:43:59:188 - info: [debug] [JSONWP Proxy] Proxying [GET /wd/hub/session/5d7ca19d-6427-4ee5-978e-d966a8cea937/window/current/size] to [GET http://localhost:8204/wd/hub/session/814871ac-369b-4f4c-aa6a-07163cb3ab86/window/current/size] with body: {}
2018-04-07 02:43:59:206 - info: [debug] [JSONWP Proxy] Got response with status 200: "{\"sessionId\":\"814871ac-369b-4f4c-aa6a-07163cb3ab86\",\"status\":0,\"value\":{\"height\":1812,\"width\":1080}}"
2018-04-07 02:43:59:206 - info: [JSONWP Proxy] Replacing sessionId 814871ac-369b-4f4c-aa6a-07163cb3ab86 with 5d7ca19d-6427-4ee5-978e-d966a8cea937
2018-04-07 02:43:59:208 - info: [HTTP] <-- GET /wd/hub/session/5d7ca19d-6427-4ee5-978e-d966a8cea937/window/current/size 200 21 ms - 100 
2018-04-07 02:43:59:213 - info: [HTTP] --> GET /wd/hub/session/5d7ca19d-6427-4ee5-978e-d966a8cea937/window/current/size {}
2018-04-07 02:43:59:214 - info: [MJSONWP] Driver proxy active, passing request on via HTTP proxy
2018-04-07 02:43:59:214 - info: [debug] [JSONWP Proxy] Proxying [GET /wd/hub/session/5d7ca19d-6427-4ee5-978e-d966a8cea937/window/current/size] to [GET http://localhost:8204/wd/hub/session/814871ac-369b-4f4c-aa6a-07163cb3ab86/window/current/size] with body: {}
2018-04-07 02:43:59:228 - info: [debug] [JSONWP Proxy] Got response with status 200: "{\"sessionId\":\"814871ac-369b-4f4c-aa6a-07163cb3ab86\",\"status\":0,\"value\":{\"height\":1812,\"width\":1080}}"
2018-04-07 02:43:59:230 - info: [JSONWP Proxy] Replacing sessionId 814871ac-369b-4f4c-aa6a-07163cb3ab86 with 5d7ca19d-6427-4ee5-978e-d966a8cea937
2018-04-07 02:43:59:231 - info: [HTTP] <-- GET /wd/hub/session/5d7ca19d-6427-4ee5-978e-d966a8cea937/window/current/size 200 17 ms - 100 
2018-04-07 02:43:59:235 - info: [HTTP] --> POST /wd/hub/session/5d7ca19d-6427-4ee5-978e-d966a8cea937/touch/perform {"sessionId":"5d7ca19d-6427-4ee5-978e-d966a8cea937","actions":[{"action":"press","options":{"y":906,"x":972}},{"action":"wait","options":{"ms":1000}},{"action":"moveTo","options":{"y":906,"x":108}},{"action":"release","options":{}}]}
2018-04-07 02:43:59:236 - info: [debug] [MJSONWP] Calling AppiumDriver.performTouch() with args: [[{"action":"press","options":{"y":906,"x":972}},{"action":"wait","options":{"ms":1000}},{"action":"moveTo","options":{"y":906,"x":108}},{"action":"release","options":{}}],"5d7ca19d-6427-4ee5-978e-d966a8cea937"]
2018-04-07 02:43:59:237 - info: [debug] [JSONWP Proxy] Proxying [POST /touch/perform] to [POST http://localhost:8204/wd/hub/session/814871ac-369b-4f4c-aa6a-07163cb3ab86/touch/perform] with body: {"startX":972,"startY":906,"endX":108,"endY":906,"steps":28}
2018-04-07 02:43:59:708 - info: [debug] [JSONWP Proxy] Got response with status 200: {"sessionId":"814871ac-369b-4f4c-aa6a-07163cb3ab86","status":0,"value":true}
2018-04-07 02:43:59:709 - info: [debug] [MJSONWP] Responding to client with driver.performTouch() result: true
2018-04-07 02:43:59:710 - info: [HTTP] <-- POST /wd/hub/session/5d7ca19d-6427-4ee5-978e-d966a8cea937/touch/perform 200 475 ms - 76 
2018-04-07 02:43:59:720 - info: [HTTP] --> POST /wd/hub/session/5d7ca19d-6427-4ee5-978e-d966a8cea937/element {"using":"class name","sessionId":"5d7ca19d-6427-4ee5-978e-d966a8cea937","value":"android.widget.ImageView"}
2018-04-07 02:43:59:721 - info: [debug] [MJSONWP] Calling AppiumDriver.findElement() with args: ["class name","android.widget.ImageView","5d7ca19d-6427-4ee5-978e-d966a8cea937"]
2018-04-07 02:43:59:723 - info: [debug] [BaseDriver] Valid locator strategies for this request: xpath, id, class name, accessibility id, -android uiautomator
2018-04-07 02:43:59:724 - info: [debug] [BaseDriver] Valid locator strategies for this request: xpath, id, class name, accessibility id, -android uiautomator
2018-04-07 02:43:59:725 - info: [debug] [BaseDriver] Waiting up to 0 ms for condition
2018-04-07 02:43:59:727 - info: [debug] [JSONWP Proxy] Proxying [POST /element] to [POST http://localhost:8204/wd/hub/session/814871ac-369b-4f4c-aa6a-07163cb3ab86/element] with body: {"strategy":"class name","selector":"android.widget.ImageView","context":"","multiple":false}
2018-04-07 02:44:00:500 - info: [debug] [JSONWP Proxy] Got response with status 200: {"sessionId":"814871ac-369b-4f4c-aa6a-07163cb3ab86","status":0,"value":{"ELEMENT":"f248cdb8-4e48-45f9-b489-5f2708dc79c7"}}
2018-04-07 02:44:00:501 - info: [debug] [MJSONWP] Responding to client with driver.findElement() result: {"ELEMENT":"f248cdb8-4e48-45f9-b489-5f2708dc79c7"}
2018-04-07 02:44:00:503 - info: [HTTP] <-- POST /wd/hub/session/5d7ca19d-6427-4ee5-978e-d966a8cea937/element 200 782 ms - 122 
2018-04-07 02:44:00:508 - info: [HTTP] --> POST /wd/hub/session/5d7ca19d-6427-4ee5-978e-d966a8cea937/element/f248cdb8-4e48-45f9-b489-5f2708dc79c7/click {"sessionId":"5d7ca19d-6427-4ee5-978e-d966a8cea937","id":"f248cdb8-4e48-45f9-b489-5f2708dc79c7"}
2018-04-07 02:44:00:511 - info: [debug] [MJSONWP] Calling AppiumDriver.click() with args: ["f248cdb8-4e48-45f9-b489-5f2708dc79c7","5d7ca19d-6427-4ee5-978e-d966a8cea937"]
2018-04-07 02:44:00:512 - info: [debug] [JSONWP Proxy] Proxying [POST /element/f248cdb8-4e48-45f9-b489-5f2708dc79c7/click] to [POST http://localhost:8204/wd/hub/session/814871ac-369b-4f4c-aa6a-07163cb3ab86/element/f248cdb8-4e48-45f9-b489-5f2708dc79c7/click] with body: {"element":"f248cdb8-4e48-45f9-b489-5f2708dc79c7"}
2018-04-07 02:44:00:546 - info: [debug] [JSONWP Proxy] Got response with status 200: {"sessionId":"814871ac-369b-4f4c-aa6a-07163cb3ab86","status":0,"value":true}
2018-04-07 02:44:00:547 - info: [debug] [MJSONWP] Responding to client with driver.click() result: true
2018-04-07 02:44:00:548 - info: [HTTP] <-- POST /wd/hub/session/5d7ca19d-6427-4ee5-978e-d966a8cea937/element/f248cdb8-4e48-45f9-b489-5f2708dc79c7/click 200 39 ms - 76 
2018-04-07 02:44:03:564 - info: [HTTP] --> POST /wd/hub/session/5d7ca19d-6427-4ee5-978e-d966a8cea937/elements {"using":"class name","sessionId":"5d7ca19d-6427-4ee5-978e-d966a8cea937","value":"android.widget.EditText"}
2018-04-07 02:44:03:565 - info: [debug] [MJSONWP] Calling AppiumDriver.findElements() with args: ["class name","android.widget.EditText","5d7ca19d-6427-4ee5-978e-d966a8cea937"]
2018-04-07 02:44:03:566 - info: [debug] [BaseDriver] Valid locator strategies for this request: xpath, id, class name, accessibility id, -android uiautomator
2018-04-07 02:44:03:566 - info: [debug] [BaseDriver] Valid locator strategies for this request: xpath, id, class name, accessibility id, -android uiautomator
2018-04-07 02:44:03:566 - info: [debug] [BaseDriver] Waiting up to 0 ms for condition
2018-04-07 02:44:03:567 - info: [debug] [JSONWP Proxy] Proxying [POST /elements] to [POST http://localhost:8204/wd/hub/session/814871ac-369b-4f4c-aa6a-07163cb3ab86/elements] with body: {"strategy":"class name","selector":"android.widget.EditText","context":"","multiple":true}
2018-04-07 02:44:03:609 - info: [debug] [JSONWP Proxy] Got response with status 200: {"sessionId":"814871ac-369b-4f4c-aa6a-07163cb3ab86","status":0,"value":[{"ELEMENT":"7c5b88bb-7996-4e62-af89-c29728ee71c2"},{"ELEMENT":"c463a05f-ac49-403f-b945-91623f9d3645"}]}
2018-04-07 02:44:03:610 - info: [debug] [MJSONWP] Responding to client with driver.findElements() result: [{"ELEMENT":"7c5b88bb-7996-4e62-af89-c29728ee71c2"},{"ELEMENT":"c463a05f-ac49-403f-b945-91623f9d3645"}]
2018-04-07 02:44:03:611 - info: [HTTP] <-- POST /wd/hub/session/5d7ca19d-6427-4ee5-978e-d966a8cea937/elements 200 46 ms - 175 
2018-04-07 02:44:03:615 - info: [HTTP] --> POST /wd/hub/session/5d7ca19d-6427-4ee5-978e-d966a8cea937/element/7c5b88bb-7996-4e62-af89-c29728ee71c2/value {"text":"18550903915","sessionId":"5d7ca19d-6427-4ee5-978e-d966a8cea937","id":"7c5b88bb-7996-4e62-af89-c29728ee71c2","value":["1","8","5","5","0","9","0","3","9","1","5"]}
2018-04-07 02:44:03:616 - info: [debug] [MJSONWP] Calling AppiumDriver.setValue() with args: [["1","8","5","5","0","9","0","3","9","1","5"],"7c5b88bb-7996-4e62-af89-c29728ee71c2","5d7ca19d-6427-4ee5-978e-d966a8cea937"]
2018-04-07 02:44:03:617 - info: [debug] [JSONWP Proxy] Proxying [POST /element/7c5b88bb-7996-4e62-af89-c29728ee71c2/value] to [POST http://localhost:8204/wd/hub/session/814871ac-369b-4f4c-aa6a-07163cb3ab86/element/7c5b88bb-7996-4e62-af89-c29728ee71c2/value] with body: {"elementId":"7c5b88bb-7996-4e62-af89-c29728ee71c2","text":"18550903915","replace":false}
2018-04-07 02:44:04:188 - info: [debug] [JSONWP Proxy] Got response with status 200: {"sessionId":"814871ac-369b-4f4c-aa6a-07163cb3ab86","status":0,"value":""}
2018-04-07 02:44:04:189 - info: [debug] [MJSONWP] Responding to client with driver.setValue() result: ""
2018-04-07 02:44:04:190 - info: [HTTP] <-- POST /wd/hub/session/5d7ca19d-6427-4ee5-978e-d966a8cea937/element/7c5b88bb-7996-4e62-af89-c29728ee71c2/value 200 575 ms - 74 
2018-04-07 02:44:04:199 - info: [HTTP] --> POST /wd/hub/session/5d7ca19d-6427-4ee5-978e-d966a8cea937/elements {"using":"class name","sessionId":"5d7ca19d-6427-4ee5-978e-d966a8cea937","value":"android.widget.EditText"}
2018-04-07 02:44:04:200 - info: [debug] [MJSONWP] Calling AppiumDriver.findElements() with args: ["class name","android.widget.EditText","5d7ca19d-6427-4ee5-978e-d966a8cea937"]
2018-04-07 02:44:04:201 - info: [debug] [BaseDriver] Valid locator strategies for this request: xpath, id, class name, accessibility id, -android uiautomator
2018-04-07 02:44:04:201 - info: [debug] [BaseDriver] Valid locator strategies for this request: xpath, id, class name, accessibility id, -android uiautomator
2018-04-07 02:44:04:201 - info: [debug] [BaseDriver] Waiting up to 0 ms for condition
2018-04-07 02:44:04:202 - info: [debug] [JSONWP Proxy] Proxying [POST /elements] to [POST http://localhost:8204/wd/hub/session/814871ac-369b-4f4c-aa6a-07163cb3ab86/elements] with body: {"strategy":"class name","selector":"android.widget.EditText","context":"","multiple":true}
2018-04-07 02:44:04:701 - info: [debug] [JSONWP Proxy] Got response with status 200: {"sessionId":"814871ac-369b-4f4c-aa6a-07163cb3ab86","status":0,"value":[{"ELEMENT":"f4ec1af3-e9cd-49a2-bb83-183641a4d867"},{"ELEMENT":"725dd7ce-7343-4253-a111-83d8f19f5f20"}]}
2018-04-07 02:44:04:702 - info: [debug] [MJSONWP] Responding to client with driver.findElements() result: [{"ELEMENT":"f4ec1af3-e9cd-49a2-bb83-183641a4d867"},{"ELEMENT":"725dd7ce-7343-4253-a111-83d8f19f5f20"}]
2018-04-07 02:44:04:703 - info: [HTTP] <-- POST /wd/hub/session/5d7ca19d-6427-4ee5-978e-d966a8cea937/elements 200 504 ms - 175 
2018-04-07 02:44:04:708 - info: [HTTP] --> POST /wd/hub/session/5d7ca19d-6427-4ee5-978e-d966a8cea937/element/725dd7ce-7343-4253-a111-83d8f19f5f20/value {"text":"qwe123","sessionId":"5d7ca19d-6427-4ee5-978e-d966a8cea937","id":"725dd7ce-7343-4253-a111-83d8f19f5f20","value":["q","w","e","1","2","3"]}
2018-04-07 02:44:04:708 - info: [debug] [MJSONWP] Calling AppiumDriver.setValue() with args: [["q","w","e","1","2","3"],"725dd7ce-7343-4253-a111-83d8f19f5f20","5d7ca19d-6427-4ee5-978e-d966a8cea937"]
2018-04-07 02:44:04:710 - info: [debug] [JSONWP Proxy] Proxying [POST /element/725dd7ce-7343-4253-a111-83d8f19f5f20/value] to [POST http://localhost:8204/wd/hub/session/814871ac-369b-4f4c-aa6a-07163cb3ab86/element/725dd7ce-7343-4253-a111-83d8f19f5f20/value] with body: {"elementId":"725dd7ce-7343-4253-a111-83d8f19f5f20","text":"qwe123","replace":false}
2018-04-07 02:44:05:266 - info: [debug] [JSONWP Proxy] Got response with status 200: {"sessionId":"814871ac-369b-4f4c-aa6a-07163cb3ab86","status":0,"value":""}
2018-04-07 02:44:05:267 - info: [debug] [MJSONWP] Responding to client with driver.setValue() result: ""
2018-04-07 02:44:05:268 - info: [HTTP] <-- POST /wd/hub/session/5d7ca19d-6427-4ee5-978e-d966a8cea937/element/725dd7ce-7343-4253-a111-83d8f19f5f20/value 200 559 ms - 74 
2018-04-07 02:44:05:278 - info: [HTTP] --> POST /wd/hub/session/5d7ca19d-6427-4ee5-978e-d966a8cea937/element {"using":"-android uiautomator","sessionId":"5d7ca19d-6427-4ee5-978e-d966a8cea937","value":"new UiSelector().text(\"\")"}
2018-04-07 02:44:05:278 - info: [debug] [MJSONWP] Calling AppiumDriver.findElement() with args: ["-android uiautomator","new UiSelector().text(\"\")","5d7ca19d-6427-4ee5-978e-d966a8cea937"]
2018-04-07 02:44:05:279 - info: [debug] [BaseDriver] Valid locator strategies for this request: xpath, id, class name, accessibility id, -android uiautomator
2018-04-07 02:44:05:279 - info: [debug] [BaseDriver] Valid locator strategies for this request: xpath, id, class name, accessibility id, -android uiautomator
2018-04-07 02:44:05:281 - info: [debug] [BaseDriver] Waiting up to 0 ms for condition
2018-04-07 02:44:05:282 - info: [debug] [JSONWP Proxy] Proxying [POST /element] to [POST http://localhost:8204/wd/hub/session/814871ac-369b-4f4c-aa6a-07163cb3ab86/element] with body: {"strategy":"-android uiautomator","selector":"new UiSelector().text(\"\")","context":"","multiple":false}
2018-04-07 02:44:05:793 - info: [debug] [JSONWP Proxy] Got response with status 200: {"sessionId":"814871ac-369b-4f4c-aa6a-07163cb3ab86","status":0,"value":{"ELEMENT":"156729f2-f62f-442e-be03-135b4cb8a51c"}}
2018-04-07 02:44:05:794 - info: [debug] [MJSONWP] Responding to client with driver.findElement() result: {"ELEMENT":"156729f2-f62f-442e-be03-135b4cb8a51c"}
2018-04-07 02:44:05:795 - info: [HTTP] <-- POST /wd/hub/session/5d7ca19d-6427-4ee5-978e-d966a8cea937/element 200 517 ms - 122 
2018-04-07 02:44:05:799 - info: [HTTP] --> POST /wd/hub/session/5d7ca19d-6427-4ee5-978e-d966a8cea937/element/156729f2-f62f-442e-be03-135b4cb8a51c/click {"sessionId":"5d7ca19d-6427-4ee5-978e-d966a8cea937","id":"156729f2-f62f-442e-be03-135b4cb8a51c"}
2018-04-07 02:44:05:800 - info: [debug] [MJSONWP] Calling AppiumDriver.click() with args: ["156729f2-f62f-442e-be03-135b4cb8a51c","5d7ca19d-6427-4ee5-978e-d966a8cea937"]
2018-04-07 02:44:05:801 - info: [debug] [JSONWP Proxy] Proxying [POST /element/156729f2-f62f-442e-be03-135b4cb8a51c/click] to [POST http://localhost:8204/wd/hub/session/814871ac-369b-4f4c-aa6a-07163cb3ab86/element/156729f2-f62f-442e-be03-135b4cb8a51c/click] with body: {"element":"156729f2-f62f-442e-be03-135b4cb8a51c"}
2018-04-07 02:44:08:015 - info: [debug] [JSONWP Proxy] Got response with status 200: {"sessionId":"814871ac-369b-4f4c-aa6a-07163cb3ab86","status":0,"value":true}
2018-04-07 02:44:08:016 - info: [debug] [MJSONWP] Responding to client with driver.click() result: true
2018-04-07 02:44:08:017 - info: [HTTP] <-- POST /wd/hub/session/5d7ca19d-6427-4ee5-978e-d966a8cea937/element/156729f2-f62f-442e-be03-135b4cb8a51c/click 200 2217 ms - 76 
2018-04-07 02:44:08:025 - info: [HTTP] --> POST /wd/hub/session/5d7ca19d-6427-4ee5-978e-d966a8cea937/element {"using":"-android uiautomator","sessionId":"5d7ca19d-6427-4ee5-978e-d966a8cea937","value":"new UiSelector().description(\"plusIcon\")"}
2018-04-07 02:44:08:025 - info: [debug] [MJSONWP] Calling AppiumDriver.findElement() with args: ["-android uiautomator","new UiSelector().description(\"plusIcon\")","5d7ca19d-6427-4ee5-978e-d966a8cea937"]
2018-04-07 02:44:08:026 - info: [debug] [BaseDriver] Valid locator strategies for this request: xpath, id, class name, accessibility id, -android uiautomator
2018-04-07 02:44:08:026 - info: [debug] [BaseDriver] Valid locator strategies for this request: xpath, id, class name, accessibility id, -android uiautomator
2018-04-07 02:44:08:027 - info: [debug] [BaseDriver] Waiting up to 0 ms for condition
2018-04-07 02:44:08:027 - info: [debug] [JSONWP Proxy] Proxying [POST /element] to [POST http://localhost:8204/wd/hub/session/814871ac-369b-4f4c-aa6a-07163cb3ab86/element] with body: {"strategy":"-android uiautomator","selector":"new UiSelector().description(\"plusIcon\")","context":"","multiple":false}
2018-04-07 02:44:08:222 - info: [debug] [JSONWP Proxy] Got response with status 200: {"sessionId":"814871ac-369b-4f4c-aa6a-07163cb3ab86","status":0,"value":{"ELEMENT":"71b52431-7068-4ae2-a71b-fc4570e905b4"}}
2018-04-07 02:44:08:223 - info: [debug] [MJSONWP] Responding to client with driver.findElement() result: {"ELEMENT":"71b52431-7068-4ae2-a71b-fc4570e905b4"}
2018-04-07 02:44:08:224 - info: [HTTP] <-- POST /wd/hub/session/5d7ca19d-6427-4ee5-978e-d966a8cea937/element 200 198 ms - 122 
2018-04-07 02:44:08:231 - info: [HTTP] --> GET /wd/hub/session/5d7ca19d-6427-4ee5-978e-d966a8cea937/element/71b52431-7068-4ae2-a71b-fc4570e905b4/displayed {}
2018-04-07 02:44:08:232 - info: [debug] [MJSONWP] Calling AppiumDriver.elementDisplayed() with args: ["71b52431-7068-4ae2-a71b-fc4570e905b4","5d7ca19d-6427-4ee5-978e-d966a8cea937"]
2018-04-07 02:44:08:233 - info: [debug] [JSONWP Proxy] Proxying [GET /element/71b52431-7068-4ae2-a71b-fc4570e905b4/attribute/displayed] to [GET http://localhost:8204/wd/hub/session/814871ac-369b-4f4c-aa6a-07163cb3ab86/element/71b52431-7068-4ae2-a71b-fc4570e905b4/attribute/displayed] with body: {}
2018-04-07 02:44:08:259 - info: [debug] [JSONWP Proxy] Got response with status 200: "{\"sessionId\":\"814871ac-369b-4f4c-aa6a-07163cb3ab86\",\"status\":0,\"value\":\"true\"}"
2018-04-07 02:44:08:261 - info: [debug] [MJSONWP] Responding to client with driver.elementDisplayed() result: true
2018-04-07 02:44:08:262 - info: [HTTP] <-- GET /wd/hub/session/5d7ca19d-6427-4ee5-978e-d966a8cea937/element/71b52431-7068-4ae2-a71b-fc4570e905b4/displayed 200 30 ms - 76 
2018-04-07 02:44:10:269 - info: [HTTP] --> POST /wd/hub/session/5d7ca19d-6427-4ee5-978e-d966a8cea937/element {"using":"-android uiautomator","sessionId":"5d7ca19d-6427-4ee5-978e-d966a8cea937","value":"new UiSelector().description(\"plusIcon\")"}
2018-04-07 02:44:10:269 - info: [debug] [MJSONWP] Calling AppiumDriver.findElement() with args: ["-android uiautomator","new UiSelector().description(\"plusIcon\")","5d7ca19d-6427-4ee5-978e-d966a8cea937"]
2018-04-07 02:44:10:270 - info: [debug] [BaseDriver] Valid locator strategies for this request: xpath, id, class name, accessibility id, -android uiautomator
2018-04-07 02:44:10:270 - info: [debug] [BaseDriver] Valid locator strategies for this request: xpath, id, class name, accessibility id, -android uiautomator
2018-04-07 02:44:10:270 - info: [debug] [BaseDriver] Waiting up to 0 ms for condition
2018-04-07 02:44:10:270 - info: [debug] [JSONWP Proxy] Proxying [POST /element] to [POST http://localhost:8204/wd/hub/session/814871ac-369b-4f4c-aa6a-07163cb3ab86/element] with body: {"strategy":"-android uiautomator","selector":"new UiSelector().description(\"plusIcon\")","context":"","multiple":false}
2018-04-07 02:44:10:326 - info: [debug] [JSONWP Proxy] Got response with status 200: {"sessionId":"814871ac-369b-4f4c-aa6a-07163cb3ab86","status":0,"value":{"ELEMENT":"4c7e2631-cd08-4257-bdc5-b4910251cb64"}}
2018-04-07 02:44:10:327 - info: [debug] [MJSONWP] Responding to client with driver.findElement() result: {"ELEMENT":"4c7e2631-cd08-4257-bdc5-b4910251cb64"}
2018-04-07 02:44:10:328 - info: [HTTP] <-- POST /wd/hub/session/5d7ca19d-6427-4ee5-978e-d966a8cea937/element 200 59 ms - 122 
2018-04-07 02:44:10:333 - info: [HTTP] --> POST /wd/hub/session/5d7ca19d-6427-4ee5-978e-d966a8cea937/element/4c7e2631-cd08-4257-bdc5-b4910251cb64/click {"sessionId":"5d7ca19d-6427-4ee5-978e-d966a8cea937","id":"4c7e2631-cd08-4257-bdc5-b4910251cb64"}
2018-04-07 02:44:10:335 - info: [debug] [MJSONWP] Calling AppiumDriver.click() with args: ["4c7e2631-cd08-4257-bdc5-b4910251cb64","5d7ca19d-6427-4ee5-978e-d966a8cea937"]
2018-04-07 02:44:10:336 - info: [debug] [JSONWP Proxy] Proxying [POST /element/4c7e2631-cd08-4257-bdc5-b4910251cb64/click] to [POST http://localhost:8204/wd/hub/session/814871ac-369b-4f4c-aa6a-07163cb3ab86/element/4c7e2631-cd08-4257-bdc5-b4910251cb64/click] with body: {"element":"4c7e2631-cd08-4257-bdc5-b4910251cb64"}
2018-04-07 02:44:13:131 - info: [debug] [JSONWP Proxy] Got response with status 200: {"sessionId":"814871ac-369b-4f4c-aa6a-07163cb3ab86","status":0,"value":true}
2018-04-07 02:44:13:131 - info: [debug] [MJSONWP] Responding to client with driver.click() result: true
2018-04-07 02:44:13:132 - info: [HTTP] <-- POST /wd/hub/session/5d7ca19d-6427-4ee5-978e-d966a8cea937/element/4c7e2631-cd08-4257-bdc5-b4910251cb64/click 200 2799 ms - 76 
2018-04-07 02:44:14:138 - info: [HTTP] --> POST /wd/hub/session/5d7ca19d-6427-4ee5-978e-d966a8cea937/element {"using":"-android uiautomator","sessionId":"5d7ca19d-6427-4ee5-978e-d966a8cea937","value":"new UiSelector().text(\"\")"}
2018-04-07 02:44:14:139 - info: [debug] [MJSONWP] Calling AppiumDriver.findElement() with args: ["-android uiautomator","new UiSelector().text(\"\")","5d7ca19d-6427-4ee5-978e-d966a8cea937"]
2018-04-07 02:44:14:140 - info: [debug] [BaseDriver] Valid locator strategies for this request: xpath, id, class name, accessibility id, -android uiautomator
2018-04-07 02:44:14:140 - info: [debug] [BaseDriver] Valid locator strategies for this request: xpath, id, class name, accessibility id, -android uiautomator
2018-04-07 02:44:14:140 - info: [debug] [BaseDriver] Waiting up to 0 ms for condition
2018-04-07 02:44:14:140 - info: [debug] [JSONWP Proxy] Proxying [POST /element] to [POST http://localhost:8204/wd/hub/session/814871ac-369b-4f4c-aa6a-07163cb3ab86/element] with body: {"strategy":"-android uiautomator","selector":"new UiSelector().text(\"\")","context":"","multiple":false}
2018-04-07 02:44:14:215 - info: [debug] [JSONWP Proxy] Got response with status 200: {"sessionId":"814871ac-369b-4f4c-aa6a-07163cb3ab86","status":0,"value":{"ELEMENT":"1ef01fc1-7eba-4f22-a781-f79a80cb8516"}}
2018-04-07 02:44:14:216 - info: [debug] [MJSONWP] Responding to client with driver.findElement() result: {"ELEMENT":"1ef01fc1-7eba-4f22-a781-f79a80cb8516"}
2018-04-07 02:44:14:217 - info: [HTTP] <-- POST /wd/hub/session/5d7ca19d-6427-4ee5-978e-d966a8cea937/element 200 78 ms - 122 
2018-04-07 02:44:14:223 - info: [HTTP] --> POST /wd/hub/session/5d7ca19d-6427-4ee5-978e-d966a8cea937/element/1ef01fc1-7eba-4f22-a781-f79a80cb8516/click {"sessionId":"5d7ca19d-6427-4ee5-978e-d966a8cea937","id":"1ef01fc1-7eba-4f22-a781-f79a80cb8516"}
2018-04-07 02:44:14:224 - info: [debug] [MJSONWP] Calling AppiumDriver.click() with args: ["1ef01fc1-7eba-4f22-a781-f79a80cb8516","5d7ca19d-6427-4ee5-978e-d966a8cea937"]
2018-04-07 02:44:14:225 - info: [debug] [JSONWP Proxy] Proxying [POST /element/1ef01fc1-7eba-4f22-a781-f79a80cb8516/click] to [POST http://localhost:8204/wd/hub/session/814871ac-369b-4f4c-aa6a-07163cb3ab86/element/1ef01fc1-7eba-4f22-a781-f79a80cb8516/click] with body: {"element":"1ef01fc1-7eba-4f22-a781-f79a80cb8516"}
2018-04-07 02:44:15:274 - info: [debug] [JSONWP Proxy] Got response with status 200: {"sessionId":"814871ac-369b-4f4c-aa6a-07163cb3ab86","status":0,"value":true}
2018-04-07 02:44:15:275 - info: [debug] [MJSONWP] Responding to client with driver.click() result: true
2018-04-07 02:44:15:276 - info: [HTTP] <-- POST /wd/hub/session/5d7ca19d-6427-4ee5-978e-d966a8cea937/element/1ef01fc1-7eba-4f22-a781-f79a80cb8516/click 200 1052 ms - 76 
2018-04-07 02:44:15:282 - info: [HTTP] --> POST /wd/hub/session/5d7ca19d-6427-4ee5-978e-d966a8cea937/element {"using":"-android uiautomator","sessionId":"5d7ca19d-6427-4ee5-978e-d966a8cea937","value":"new UiSelector().text(\"\")"}
2018-04-07 02:44:15:282 - info: [debug] [MJSONWP] Calling AppiumDriver.findElement() with args: ["-android uiautomator","new UiSelector().text(\"\")","5d7ca19d-6427-4ee5-978e-d966a8cea937"]
2018-04-07 02:44:15:283 - info: [debug] [BaseDriver] Valid locator strategies for this request: xpath, id, class name, accessibility id, -android uiautomator
2018-04-07 02:44:15:283 - info: [debug] [BaseDriver] Valid locator strategies for this request: xpath, id, class name, accessibility id, -android uiautomator
2018-04-07 02:44:15:283 - info: [debug] [BaseDriver] Waiting up to 0 ms for condition
2018-04-07 02:44:15:283 - info: [debug] [JSONWP Proxy] Proxying [POST /element] to [POST http://localhost:8204/wd/hub/session/814871ac-369b-4f4c-aa6a-07163cb3ab86/element] with body: {"strategy":"-android uiautomator","selector":"new UiSelector().text(\"\")","context":"","multiple":false}
2018-04-07 02:44:15:306 - info: [debug] [JSONWP Proxy] Got response with status 200: {"sessionId":"814871ac-369b-4f4c-aa6a-07163cb3ab86","status":0,"value":{"ELEMENT":"9f0bc73d-1c03-4fff-be92-cdefcbc4d219"}}
2018-04-07 02:44:15:307 - info: [debug] [MJSONWP] Responding to client with driver.findElement() result: {"ELEMENT":"9f0bc73d-1c03-4fff-be92-cdefcbc4d219"}
2018-04-07 02:44:15:309 - info: [HTTP] <-- POST /wd/hub/session/5d7ca19d-6427-4ee5-978e-d966a8cea937/element 200 25 ms - 122 
2018-04-07 02:44:15:312 - info: [HTTP] --> GET /wd/hub/session/5d7ca19d-6427-4ee5-978e-d966a8cea937/element/9f0bc73d-1c03-4fff-be92-cdefcbc4d219/displayed {}
2018-04-07 02:44:15:312 - info: [debug] [MJSONWP] Calling AppiumDriver.elementDisplayed() with args: ["9f0bc73d-1c03-4fff-be92-cdefcbc4d219","5d7ca19d-6427-4ee5-978e-d966a8cea937"]
2018-04-07 02:44:15:313 - info: [debug] [JSONWP Proxy] Proxying [GET /element/9f0bc73d-1c03-4fff-be92-cdefcbc4d219/attribute/displayed] to [GET http://localhost:8204/wd/hub/session/814871ac-369b-4f4c-aa6a-07163cb3ab86/element/9f0bc73d-1c03-4fff-be92-cdefcbc4d219/attribute/displayed] with body: {}
2018-04-07 02:44:15:332 - info: [debug] [JSONWP Proxy] Got response with status 200: "{\"sessionId\":\"814871ac-369b-4f4c-aa6a-07163cb3ab86\",\"status\":0,\"value\":\"true\"}"
2018-04-07 02:44:15:333 - info: [debug] [MJSONWP] Responding to client with driver.elementDisplayed() result: true
2018-04-07 02:44:15:334 - info: [HTTP] <-- GET /wd/hub/session/5d7ca19d-6427-4ee5-978e-d966a8cea937/element/9f0bc73d-1c03-4fff-be92-cdefcbc4d219/displayed 200 22 ms - 76 
2018-04-07 02:44:15:340 - info: [HTTP] --> POST /wd/hub/session/5d7ca19d-6427-4ee5-978e-d966a8cea937/element {"using":"-android uiautomator","sessionId":"5d7ca19d-6427-4ee5-978e-d966a8cea937","value":"new UiSelector().text(\"\")"}
2018-04-07 02:44:15:341 - info: [debug] [MJSONWP] Calling AppiumDriver.findElement() with args: ["-android uiautomator","new UiSelector().text(\"\")","5d7ca19d-6427-4ee5-978e-d966a8cea937"]
2018-04-07 02:44:15:341 - info: [debug] [BaseDriver] Valid locator strategies for this request: xpath, id, class name, accessibility id, -android uiautomator
2018-04-07 02:44:15:342 - info: [debug] [BaseDriver] Valid locator strategies for this request: xpath, id, class name, accessibility id, -android uiautomator
2018-04-07 02:44:15:342 - info: [debug] [BaseDriver] Waiting up to 0 ms for condition
2018-04-07 02:44:15:342 - info: [debug] [JSONWP Proxy] Proxying [POST /element] to [POST http://localhost:8204/wd/hub/session/814871ac-369b-4f4c-aa6a-07163cb3ab86/element] with body: {"strategy":"-android uiautomator","selector":"new UiSelector().text(\"\")","context":"","multiple":false}
2018-04-07 02:44:15:365 - info: [debug] [JSONWP Proxy] Got response with status 200: {"sessionId":"814871ac-369b-4f4c-aa6a-07163cb3ab86","status":0,"value":{"ELEMENT":"5f5172e6-eb4c-43c9-beef-71f4ee1dbdd1"}}
2018-04-07 02:44:15:367 - info: [debug] [MJSONWP] Responding to client with driver.findElement() result: {"ELEMENT":"5f5172e6-eb4c-43c9-beef-71f4ee1dbdd1"}
2018-04-07 02:44:15:368 - info: [HTTP] <-- POST /wd/hub/session/5d7ca19d-6427-4ee5-978e-d966a8cea937/element 200 27 ms - 122 
2018-04-07 02:44:15:372 - info: [HTTP] --> POST /wd/hub/session/5d7ca19d-6427-4ee5-978e-d966a8cea937/element/5f5172e6-eb4c-43c9-beef-71f4ee1dbdd1/click {"sessionId":"5d7ca19d-6427-4ee5-978e-d966a8cea937","id":"5f5172e6-eb4c-43c9-beef-71f4ee1dbdd1"}
2018-04-07 02:44:15:373 - info: [debug] [MJSONWP] Calling AppiumDriver.click() with args: ["5f5172e6-eb4c-43c9-beef-71f4ee1dbdd1","5d7ca19d-6427-4ee5-978e-d966a8cea937"]
2018-04-07 02:44:15:373 - info: [debug] [JSONWP Proxy] Proxying [POST /element/5f5172e6-eb4c-43c9-beef-71f4ee1dbdd1/click] to [POST http://localhost:8204/wd/hub/session/814871ac-369b-4f4c-aa6a-07163cb3ab86/element/5f5172e6-eb4c-43c9-beef-71f4ee1dbdd1/click] with body: {"element":"5f5172e6-eb4c-43c9-beef-71f4ee1dbdd1"}
2018-04-07 02:44:18:512 - info: [debug] [JSONWP Proxy] Got response with status 200: {"sessionId":"814871ac-369b-4f4c-aa6a-07163cb3ab86","status":0,"value":true}
2018-04-07 02:44:18:513 - info: [debug] [MJSONWP] Responding to client with driver.click() result: true
2018-04-07 02:44:18:514 - info: [HTTP] <-- POST /wd/hub/session/5d7ca19d-6427-4ee5-978e-d966a8cea937/element/5f5172e6-eb4c-43c9-beef-71f4ee1dbdd1/click 200 3142 ms - 76 
2018-04-07 02:44:18:523 - info: [HTTP] --> POST /wd/hub/session/5d7ca19d-6427-4ee5-978e-d966a8cea937/element {"using":"-android uiautomator","sessionId":"5d7ca19d-6427-4ee5-978e-d966a8cea937","value":"new UiSelector().text(\"\")"}
2018-04-07 02:44:18:524 - info: [debug] [MJSONWP] Calling AppiumDriver.findElement() with args: ["-android uiautomator","new UiSelector().text(\"\")","5d7ca19d-6427-4ee5-978e-d966a8cea937"]
2018-04-07 02:44:18:524 - info: [debug] [BaseDriver] Valid locator strategies for this request: xpath, id, class name, accessibility id, -android uiautomator
2018-04-07 02:44:18:525 - info: [debug] [BaseDriver] Valid locator strategies for this request: xpath, id, class name, accessibility id, -android uiautomator
2018-04-07 02:44:18:525 - info: [debug] [BaseDriver] Waiting up to 0 ms for condition
2018-04-07 02:44:18:525 - info: [debug] [JSONWP Proxy] Proxying [POST /element] to [POST http://localhost:8204/wd/hub/session/814871ac-369b-4f4c-aa6a-07163cb3ab86/element] with body: {"strategy":"-android uiautomator","selector":"new UiSelector().text(\"\")","context":"","multiple":false}
2018-04-07 02:44:18:555 - info: [debug] [JSONWP Proxy] Got response with status 200: {"sessionId":"814871ac-369b-4f4c-aa6a-07163cb3ab86","status":0,"value":{"ELEMENT":"efc1d98a-82e5-4a53-b044-f36b9b9eb6a2"}}
2018-04-07 02:44:18:556 - info: [debug] [MJSONWP] Responding to client with driver.findElement() result: {"ELEMENT":"efc1d98a-82e5-4a53-b044-f36b9b9eb6a2"}
2018-04-07 02:44:18:557 - info: [HTTP] <-- POST /wd/hub/session/5d7ca19d-6427-4ee5-978e-d966a8cea937/element 200 34 ms - 122 
2018-04-07 02:44:18:565 - info: [HTTP] --> POST /wd/hub/session/5d7ca19d-6427-4ee5-978e-d966a8cea937/element/efc1d98a-82e5-4a53-b044-f36b9b9eb6a2/click {"sessionId":"5d7ca19d-6427-4ee5-978e-d966a8cea937","id":"efc1d98a-82e5-4a53-b044-f36b9b9eb6a2"}
2018-04-07 02:44:18:566 - info: [debug] [MJSONWP] Calling AppiumDriver.click() with args: ["efc1d98a-82e5-4a53-b044-f36b9b9eb6a2","5d7ca19d-6427-4ee5-978e-d966a8cea937"]
2018-04-07 02:44:18:567 - info: [debug] [JSONWP Proxy] Proxying [POST /element/efc1d98a-82e5-4a53-b044-f36b9b9eb6a2/click] to [POST http://localhost:8204/wd/hub/session/814871ac-369b-4f4c-aa6a-07163cb3ab86/element/efc1d98a-82e5-4a53-b044-f36b9b9eb6a2/click] with body: {"element":"efc1d98a-82e5-4a53-b044-f36b9b9eb6a2"}
2018-04-07 02:44:19:919 - info: [debug] [JSONWP Proxy] Got response with status 200: {"sessionId":"814871ac-369b-4f4c-aa6a-07163cb3ab86","status":0,"value":true}
2018-04-07 02:44:19:920 - info: [debug] [MJSONWP] Responding to client with driver.click() result: true
2018-04-07 02:44:19:921 - info: [HTTP] <-- POST /wd/hub/session/5d7ca19d-6427-4ee5-978e-d966a8cea937/element/efc1d98a-82e5-4a53-b044-f36b9b9eb6a2/click 200 1356 ms - 76 
2018-04-07 02:44:19:930 - info: [HTTP] --> POST /wd/hub/session/5d7ca19d-6427-4ee5-978e-d966a8cea937/element {"using":"-android uiautomator","sessionId":"5d7ca19d-6427-4ee5-978e-d966a8cea937","value":"new UiSelector().text(\"\")"}
2018-04-07 02:44:19:932 - info: [debug] [MJSONWP] Calling AppiumDriver.findElement() with args: ["-android uiautomator","new UiSelector().text(\"\")","5d7ca19d-6427-4ee5-978e-d966a8cea937"]
2018-04-07 02:44:19:933 - info: [debug] [BaseDriver] Valid locator strategies for this request: xpath, id, class name, accessibility id, -android uiautomator
2018-04-07 02:44:19:933 - info: [debug] [BaseDriver] Valid locator strategies for this request: xpath, id, class name, accessibility id, -android uiautomator
2018-04-07 02:44:19:934 - info: [debug] [BaseDriver] Waiting up to 0 ms for condition
2018-04-07 02:44:19:934 - info: [debug] [JSONWP Proxy] Proxying [POST /element] to [POST http://localhost:8204/wd/hub/session/814871ac-369b-4f4c-aa6a-07163cb3ab86/element] with body: {"strategy":"-android uiautomator","selector":"new UiSelector().text(\"\")","context":"","multiple":false}
2018-04-07 02:44:19:974 - info: [debug] [JSONWP Proxy] Got response with status 200: {"sessionId":"814871ac-369b-4f4c-aa6a-07163cb3ab86","status":0,"value":{"ELEMENT":"d7e7109f-5c0f-4ae6-9ef2-04939b084685"}}
2018-04-07 02:44:19:975 - info: [debug] [MJSONWP] Responding to client with driver.findElement() result: {"ELEMENT":"d7e7109f-5c0f-4ae6-9ef2-04939b084685"}
2018-04-07 02:44:19:977 - info: [HTTP] <-- POST /wd/hub/session/5d7ca19d-6427-4ee5-978e-d966a8cea937/element 200 46 ms - 122 
2018-04-07 02:44:19:982 - info: [HTTP] --> POST /wd/hub/session/5d7ca19d-6427-4ee5-978e-d966a8cea937/element/d7e7109f-5c0f-4ae6-9ef2-04939b084685/click {"sessionId":"5d7ca19d-6427-4ee5-978e-d966a8cea937","id":"d7e7109f-5c0f-4ae6-9ef2-04939b084685"}
2018-04-07 02:44:19:983 - info: [debug] [MJSONWP] Calling AppiumDriver.click() with args: ["d7e7109f-5c0f-4ae6-9ef2-04939b084685","5d7ca19d-6427-4ee5-978e-d966a8cea937"]
2018-04-07 02:44:19:984 - info: [debug] [JSONWP Proxy] Proxying [POST /element/d7e7109f-5c0f-4ae6-9ef2-04939b084685/click] to [POST http://localhost:8204/wd/hub/session/814871ac-369b-4f4c-aa6a-07163cb3ab86/element/d7e7109f-5c0f-4ae6-9ef2-04939b084685/click] with body: {"element":"d7e7109f-5c0f-4ae6-9ef2-04939b084685"}
2018-04-07 02:44:30:823 - info: [debug] [JSONWP Proxy] Got response with status 200: {"sessionId":"814871ac-369b-4f4c-aa6a-07163cb3ab86","status":0,"value":true}
2018-04-07 02:44:30:824 - info: [debug] [MJSONWP] Responding to client with driver.click() result: true
2018-04-07 02:44:30:825 - info: [HTTP] <-- POST /wd/hub/session/5d7ca19d-6427-4ee5-978e-d966a8cea937/element/d7e7109f-5c0f-4ae6-9ef2-04939b084685/click 200 10842 ms - 76 
2018-04-07 02:44:31:833 - info: [HTTP] --> POST /wd/hub/session/5d7ca19d-6427-4ee5-978e-d966a8cea937/element {"using":"-android uiautomator","sessionId":"5d7ca19d-6427-4ee5-978e-d966a8cea937","value":"new UiSelector().text(\"\")"}
2018-04-07 02:44:31:833 - info: [debug] [MJSONWP] Calling AppiumDriver.findElement() with args: ["-android uiautomator","new UiSelector().text(\"\")","5d7ca19d-6427-4ee5-978e-d966a8cea937"]
2018-04-07 02:44:31:834 - info: [debug] [BaseDriver] Valid locator strategies for this request: xpath, id, class name, accessibility id, -android uiautomator
2018-04-07 02:44:31:834 - info: [debug] [BaseDriver] Valid locator strategies for this request: xpath, id, class name, accessibility id, -android uiautomator
2018-04-07 02:44:31:834 - info: [debug] [BaseDriver] Waiting up to 0 ms for condition
2018-04-07 02:44:31:835 - info: [debug] [JSONWP Proxy] Proxying [POST /element] to [POST http://localhost:8204/wd/hub/session/814871ac-369b-4f4c-aa6a-07163cb3ab86/element] with body: {"strategy":"-android uiautomator","selector":"new UiSelector().text(\"\")","context":"","multiple":false}
2018-04-07 02:45:02:152 - info: [debug] [JSONWP Proxy] Got response with status 200: {"sessionId":"814871ac-369b-4f4c-aa6a-07163cb3ab86","status":0,"value":{"ELEMENT":"c8ba0ad8-d402-4a9f-8a39-a152d05a77d9"}}
2018-04-07 02:45:02:153 - info: [debug] [MJSONWP] Responding to client with driver.findElement() result: {"ELEMENT":"c8ba0ad8-d402-4a9f-8a39-a152d05a77d9"}
2018-04-07 02:45:02:154 - info: [HTTP] <-- POST /wd/hub/session/5d7ca19d-6427-4ee5-978e-d966a8cea937/element 200 30323 ms - 122 
2018-04-07 02:45:02:160 - info: [HTTP] --> GET /wd/hub/session/5d7ca19d-6427-4ee5-978e-d966a8cea937/element/c8ba0ad8-d402-4a9f-8a39-a152d05a77d9/displayed {}
2018-04-07 02:45:02:160 - info: [debug] [MJSONWP] Calling AppiumDriver.elementDisplayed() with args: ["c8ba0ad8-d402-4a9f-8a39-a152d05a77d9","5d7ca19d-6427-4ee5-978e-d966a8cea937"]
2018-04-07 02:45:02:161 - info: [debug] [JSONWP Proxy] Proxying [GET /element/c8ba0ad8-d402-4a9f-8a39-a152d05a77d9/attribute/displayed] to [GET http://localhost:8204/wd/hub/session/814871ac-369b-4f4c-aa6a-07163cb3ab86/element/c8ba0ad8-d402-4a9f-8a39-a152d05a77d9/attribute/displayed] with body: {}
2018-04-07 02:45:12:231 - info: [debug] [JSONWP Proxy] Got response with status 200: "{\"sessionId\":\"814871ac-369b-4f4c-aa6a-07163cb3ab86\",\"status\":0,\"value\":\"true\"}"
2018-04-07 02:45:12:232 - info: [debug] [MJSONWP] Responding to client with driver.elementDisplayed() result: true
2018-04-07 02:45:12:233 - info: [HTTP] <-- GET /wd/hub/session/5d7ca19d-6427-4ee5-978e-d966a8cea937/element/c8ba0ad8-d402-4a9f-8a39-a152d05a77d9/displayed 200 10073 ms - 76 
2018-04-07 02:45:12:237 - info: [HTTP] --> POST /wd/hub/session/5d7ca19d-6427-4ee5-978e-d966a8cea937/back {"sessionId":"5d7ca19d-6427-4ee5-978e-d966a8cea937"}
2018-04-07 02:45:12:239 - info: [MJSONWP] Driver proxy active, passing request on via HTTP proxy
2018-04-07 02:45:12:239 - info: [debug] [JSONWP Proxy] Proxying [POST /wd/hub/session/5d7ca19d-6427-4ee5-978e-d966a8cea937/back] to [POST http://localhost:8204/wd/hub/session/814871ac-369b-4f4c-aa6a-07163cb3ab86/back] with body: {"sessionId":"5d7ca19d-6427-4ee5-978e-d966a8cea937"}
2018-04-07 02:45:22:778 - info: [debug] [JSONWP Proxy] Got response with status 200: {"sessionId":"814871ac-369b-4f4c-aa6a-07163cb3ab86","status":0,"value":true}
2018-04-07 02:45:22:778 - info: [JSONWP Proxy] Replacing sessionId 814871ac-369b-4f4c-aa6a-07163cb3ab86 with 5d7ca19d-6427-4ee5-978e-d966a8cea937
2018-04-07 02:45:22:779 - info: [HTTP] <-- POST /wd/hub/session/5d7ca19d-6427-4ee5-978e-d966a8cea937/back 200 10541 ms - 76 
2018-04-07 02:45:22:785 - info: [HTTP] --> POST /wd/hub/session/5d7ca19d-6427-4ee5-978e-d966a8cea937/element {"using":"-android uiautomator","sessionId":"5d7ca19d-6427-4ee5-978e-d966a8cea937","value":"new UiSelector().text(\"\")"}
2018-04-07 02:45:22:785 - info: [debug] [MJSONWP] Calling AppiumDriver.findElement() with args: ["-android uiautomator","new UiSelector().text(\"\")","5d7ca19d-6427-4ee5-978e-d966a8cea937"]
2018-04-07 02:45:22:786 - info: [debug] [BaseDriver] Valid locator strategies for this request: xpath, id, class name, accessibility id, -android uiautomator
2018-04-07 02:45:22:786 - info: [debug] [BaseDriver] Valid locator strategies for this request: xpath, id, class name, accessibility id, -android uiautomator
2018-04-07 02:45:22:786 - info: [debug] [BaseDriver] Waiting up to 0 ms for condition
2018-04-07 02:45:22:787 - info: [debug] [JSONWP Proxy] Proxying [POST /element] to [POST http://localhost:8204/wd/hub/session/814871ac-369b-4f4c-aa6a-07163cb3ab86/element] with body: {"strategy":"-android uiautomator","selector":"new UiSelector().text(\"\")","context":"","multiple":false}
2018-04-07 02:45:23:760 - info: [debug] [JSONWP Proxy] Got response with status 200: {"sessionId":"814871ac-369b-4f4c-aa6a-07163cb3ab86","status":0,"value":{"ELEMENT":"348c359e-927d-4065-ba5f-6f6c4b860cbe"}}
2018-04-07 02:45:23:761 - info: [debug] [MJSONWP] Responding to client with driver.findElement() result: {"ELEMENT":"348c359e-927d-4065-ba5f-6f6c4b860cbe"}
2018-04-07 02:45:23:762 - info: [HTTP] <-- POST /wd/hub/session/5d7ca19d-6427-4ee5-978e-d966a8cea937/element 200 976 ms - 122 
2018-04-07 02:45:23:766 - info: [HTTP] --> POST /wd/hub/session/5d7ca19d-6427-4ee5-978e-d966a8cea937/element/348c359e-927d-4065-ba5f-6f6c4b860cbe/click {"sessionId":"5d7ca19d-6427-4ee5-978e-d966a8cea937","id":"348c359e-927d-4065-ba5f-6f6c4b860cbe"}
2018-04-07 02:45:23:769 - info: [debug] [MJSONWP] Calling AppiumDriver.click() with args: ["348c359e-927d-4065-ba5f-6f6c4b860cbe","5d7ca19d-6427-4ee5-978e-d966a8cea937"]
2018-04-07 02:45:23:769 - info: [debug] [JSONWP Proxy] Proxying [POST /element/348c359e-927d-4065-ba5f-6f6c4b860cbe/click] to [POST http://localhost:8204/wd/hub/session/814871ac-369b-4f4c-aa6a-07163cb3ab86/element/348c359e-927d-4065-ba5f-6f6c4b860cbe/click] with body: {"element":"348c359e-927d-4065-ba5f-6f6c4b860cbe"}
2018-04-07 02:45:25:288 - info: [debug] [JSONWP Proxy] Got response with status 200: {"sessionId":"814871ac-369b-4f4c-aa6a-07163cb3ab86","status":0,"value":true}
2018-04-07 02:45:25:289 - info: [debug] [MJSONWP] Responding to client with driver.click() result: true
2018-04-07 02:45:25:290 - info: [HTTP] <-- POST /wd/hub/session/5d7ca19d-6427-4ee5-978e-d966a8cea937/element/348c359e-927d-4065-ba5f-6f6c4b860cbe/click 200 1523 ms - 76 
2018-04-07 02:45:26:296 - info: [HTTP] --> POST /wd/hub/session/5d7ca19d-6427-4ee5-978e-d966a8cea937/element {"using":"xpath","sessionId":"5d7ca19d-6427-4ee5-978e-d966a8cea937","value":"//*[contains(@text,)]"}
2018-04-07 02:45:26:296 - info: [debug] [MJSONWP] Calling AppiumDriver.findElement() with args: ["xpath","//*[contains(@text,)]","5d7ca19d-6427-4ee5-978e-d966a8cea937"]
2018-04-07 02:45:26:297 - info: [debug] [BaseDriver] Valid locator strategies for this request: xpath, id, class name, accessibility id, -android uiautomator
2018-04-07 02:45:26:297 - info: [debug] [BaseDriver] Valid locator strategies for this request: xpath, id, class name, accessibility id, -android uiautomator
2018-04-07 02:45:26:297 - info: [debug] [BaseDriver] Waiting up to 0 ms for condition
2018-04-07 02:45:26:298 - info: [debug] [JSONWP Proxy] Proxying [POST /element] to [POST http://localhost:8204/wd/hub/session/814871ac-369b-4f4c-aa6a-07163cb3ab86/element] with body: {"strategy":"xpath","selector":"//*[contains(@text,)]","context":"","multiple":false}
2018-04-07 02:45:26:792 - info: [debug] [JSONWP Proxy] Got response with status 200: {"sessionId":"814871ac-369b-4f4c-aa6a-07163cb3ab86","status":0,"value":{"ELEMENT":"105dee99-3f87-4816-ba02-fc89e2d38e6f"}}
2018-04-07 02:45:26:794 - info: [debug] [MJSONWP] Responding to client with driver.findElement() result: {"ELEMENT":"105dee99-3f87-4816-ba02-fc89e2d38e6f"}
2018-04-07 02:45:26:795 - info: [HTTP] <-- POST /wd/hub/session/5d7ca19d-6427-4ee5-978e-d966a8cea937/element 200 499 ms - 122 
2018-04-07 02:45:26:800 - info: [HTTP] --> GET /wd/hub/session/5d7ca19d-6427-4ee5-978e-d966a8cea937/element/105dee99-3f87-4816-ba02-fc89e2d38e6f/attribute/text {}
2018-04-07 02:45:26:801 - info: [debug] [MJSONWP] Calling AppiumDriver.getAttribute() with args: ["text","105dee99-3f87-4816-ba02-fc89e2d38e6f","5d7ca19d-6427-4ee5-978e-d966a8cea937"]
2018-04-07 02:45:26:801 - info: [debug] [JSONWP Proxy] Proxying [GET /element/105dee99-3f87-4816-ba02-fc89e2d38e6f/attribute/text] to [GET http://localhost:8204/wd/hub/session/814871ac-369b-4f4c-aa6a-07163cb3ab86/element/105dee99-3f87-4816-ba02-fc89e2d38e6f/attribute/text] with body: {}
2018-04-07 02:45:26:813 - info: [debug] [JSONWP Proxy] Got response with status 200: "{\"sessionId\":\"814871ac-369b-4f4c-aa6a-07163cb3ab86\",\"status\":0,\"value\":\"\"}"
2018-04-07 02:45:26:814 - info: [debug] [MJSONWP] Responding to client with driver.getAttribute() result: ""
2018-04-07 02:45:26:815 - info: [HTTP] <-- GET /wd/hub/session/5d7ca19d-6427-4ee5-978e-d966a8cea937/element/105dee99-3f87-4816-ba02-fc89e2d38e6f/attribute/text 200 15 ms - 74 
2018-04-07 02:46:26:811 - warn: [BaseDriver] Shutting down because we waited 60 seconds for a command
2018-04-07 02:46:26:820 - info: [debug] [UiAutomator2] Deleting UiAutomator2 session
2018-04-07 02:46:26:821 - warn: [Appium] Closing session, cause was 'New Command Timeout of 60 seconds expired. Try customizing the timeout using the 'newCommandTimeout' desired capability'
2018-04-07 02:46:26:821 - info: [Appium] Removing session 5d7ca19d-6427-4ee5-978e-d966a8cea937 from our master session list
2018-04-07 02:46:26:822 - info: [debug] [UiAutomator2] Deleting UiAutomator2 server session
2018-04-07 02:46:26:822 - info: [debug] [JSONWP Proxy] Proxying [DELETE /] to [DELETE http://localhost:8204/wd/hub/session/814871ac-369b-4f4c-aa6a-07163cb3ab86] with no body
2018-04-07 02:46:26:872 - info: [debug] [JSONWP Proxy] Got response with status 200: "{\"sessionId\":\"814871ac-369b-4f4c-aa6a-07163cb3ab86\",\"status\":0,\"value\":\"Session deleted\"}"
2018-04-07 02:46:26:872 - info: [debug] [ADB] Getting connected devices...
2018-04-07 02:46:27:041 - info: [debug] [ADB] 1 device(s) connected
2018-04-07 02:46:27:041 - info: [debug] [ADB] Running 'D:\sdk\platform-tools\adb.exe' with args: ["-P",5037,"-s","K4Q6T16713001686","shell","am","force-stop","com.elephant.myinvoice"]
2018-04-07 02:46:28:110 - info: [debug] [Logcat] Stopping logcat capture
2018-04-07 02:46:28:121 - info: [debug] [ADB] Removing forwarded port socket connection: 8204 
2018-04-07 02:46:28:121 - info: [debug] [ADB] Running 'D:\sdk\platform-tools\adb.exe' with args: ["-P",5037,"-s","K4Q6T16713001686","forward","--remove","tcp:8204"]
2018-04-07 02:46:28:213 - info: [debug] [UiAutomator2] [UIAutomator2] io.appium.uiautomator2.server.test.AppiumUiAutomator2Server:.
2018-04-07 02:46:28:213 - info: [debug] [UiAutomator2] [UIAutomator2] Time: 162.081
2018-04-07 02:46:28:213 - info: [debug] [UiAutomator2] [UIAutomator2] OK (1 test)
