2018-04-14 06:46:56:632 - info: [Appium] Welcome to Appium v1.7.2
2018-04-14 06:46:56:635 - info: [Appium] Non-default server args:
2018-04-14 06:46:56:636 - info: [Appium]   port: 4701
2018-04-14 06:46:56:636 - info: [Appium]   bootstrapPort: 4901
2018-04-14 06:46:56:636 - info: [Appium]   sessionOverride: true
2018-04-14 06:46:56:637 - info: [Appium]   log: D:/PycharmProjects/Appium27/log/K4Q6T167130016862018-04-14-14_46_46.log
2018-04-14 06:46:56:637 - info: [Appium]   udid: K4Q6T16713001686
2018-04-14 06:46:56:637 - info: [Appium]   noReset: true
2018-04-14 06:46:56:638 - warn: [Appium] Deprecated server args:
2018-04-14 06:46:56:638 - warn: [Appium]   -U,--udid => --default-capabilities '{"udid":"K4Q6T16713001686"}'
2018-04-14 06:46:56:638 - warn: [Appium]   --no-reset => --default-capabilities '{"noReset":true}'
2018-04-14 06:46:56:638 - info: [Appium] Default capabilities, which will be added to each request unless overridden by desired capabilities:
2018-04-14 06:46:56:639 - info: [Appium]   udid: K4Q6T16713001686
2018-04-14 06:46:56:639 - info: [Appium]   noReset: true
2018-04-14 06:46:56:680 - info: [Appium] Appium REST http interface listener started on 0.0.0.0:4701
2018-04-14 06:47:08:781 - info: [HTTP] --> POST /wd/hub/session {"capabilities":{"alwaysMatch":{"platformName":"Android"},"firstMatch":[{}]},"desiredCapabilities":{"deviceName":"K4Q6T16713001686","unicodeKeyboard":true,"automationName":"uiautomator2","resetKeyboard":true,"platformName":"Android","app":"../apk/wdfp.apk"}}
2018-04-14 06:47:08:785 - info: [debug] [MJSONWP] Calling AppiumDriver.createSession() with args: [{"deviceName":"K4Q6T16713001686","unicodeKeyboard":true,"automationName":"uiautomator2","resetKeyboard":true,"platformName":"Android","app":"../apk/wdfp.apk"},null,{"alwaysMatch":{"platformName":"Android"},"firstMatch":[{}]}]
2018-04-14 06:47:08:786 - info: [debug] [BaseDriver] Event 'newSessionRequested' logged at 1523688428786 (14:47:08 GMT+0800 (China Standard Time))
2018-04-14 06:47:08:788 - info: [Appium] Merged W3C capabilities {"alwaysMatch":{"platformName":"Android"},"firs... into desiredCapabilities object {"deviceName":"K4Q6T16713001686","unicodeKeyboa...
2018-04-14 06:47:08:791 - info: [Appium] Creating new AndroidUiautomator2Driver (v0.11.0) session
2018-04-14 06:47:08:792 - info: [Appium] Capabilities:
2018-04-14 06:47:08:792 - info: [Appium]   deviceName: K4Q6T16713001686
2018-04-14 06:47:08:792 - info: [Appium]   unicodeKeyboard: true
2018-04-14 06:47:08:792 - info: [Appium]   automationName: uiautomator2
2018-04-14 06:47:08:792 - info: [Appium]   resetKeyboard: true
2018-04-14 06:47:08:793 - info: [Appium]   platformName: Android
2018-04-14 06:47:08:793 - info: [Appium]   app: ../apk/wdfp.apk
2018-04-14 06:47:08:793 - info: [Appium]   udid: K4Q6T16713001686
2018-04-14 06:47:08:793 - info: [Appium]   noReset: true
2018-04-14 06:47:08:808 - info: [BaseDriver] Session created with session id: 3347353f-d9ca-4434-be45-68d64cfeeaf5
2018-04-14 06:47:08:809 - info: [BaseDriver] Using local app '../apk/wdfp.apk'
2018-04-14 06:47:08:832 - info: [debug] [UiAutomator2] Checking whether app is actually present
2018-04-14 06:47:09:246 - info: [debug] [AndroidDriver] Getting Java version
2018-04-14 06:47:09:607 - info: [AndroidDriver] Java version is: 1.8.0_151
2018-04-14 06:47:09:610 - info: [ADB] Checking whether adb is present
2018-04-14 06:47:09:614 - info: [ADB] Using adb.exe from D:\sdk\platform-tools\adb.exe
2018-04-14 06:47:09:615 - info: [AndroidDriver] Retrieving device list
2018-04-14 06:47:09:615 - info: [debug] [ADB] Trying to find a connected android device
2018-04-14 06:47:09:617 - info: [debug] [ADB] Getting connected devices...
2018-04-14 06:47:09:730 - info: [debug] [ADB] 1 device(s) connected
2018-04-14 06:47:09:731 - info: [AndroidDriver] Using device: K4Q6T16713001686
2018-04-14 06:47:09:732 - info: [ADB] Checking whether adb is present
2018-04-14 06:47:09:733 - info: [debug] [ADB] Setting device id to K4Q6T16713001686
2018-04-14 06:47:09:734 - info: [debug] [ADB] Getting connected devices...
2018-04-14 06:47:09:818 - info: [debug] [ADB] 1 device(s) connected
2018-04-14 06:47:09:821 - info: [debug] [ADB] Running 'D:\sdk\platform-tools\adb.exe' with args: ["-P",5037,"-s","K4Q6T16713001686","shell","getprop","ro.build.version.sdk"]
2018-04-14 06:47:09:958 - info: [debug] [ADB] Current device property 'ro.build.version.sdk': 24
2018-04-14 06:47:09:958 - info: [debug] [ADB] Device API level: 24
2018-04-14 06:47:09:959 - info: [debug] [AndroidDriver] Parsing package and activity from app manifest
2018-04-14 06:47:09:960 - info: [ADB] Checking whether aapt is present
2018-04-14 06:47:09:962 - info: [ADB] Using aapt.exe from D:\sdk\tools\aapt.exe
2018-04-14 06:47:09:963 - info: [ADB] Extracting package and launch activity from manifest
2018-04-14 06:47:10:071 - info: [debug] [ADB] badging package: com.elephant.myinvoice
2018-04-14 06:47:10:071 - info: [debug] [ADB] badging act: com.elephant.myinvoice.MainActivity
2018-04-14 06:47:10:071 - info: [debug] [AndroidDriver] Parsed package and activity are: com.elephant.myinvoice/com.elephant.myinvoice.MainActivity
2018-04-14 06:47:10:072 - info: [ADB] Getting device platform version
2018-04-14 06:47:10:073 - info: [debug] [ADB] Getting connected devices...
2018-04-14 06:47:10:164 - info: [debug] [ADB] 1 device(s) connected
2018-04-14 06:47:10:165 - info: [debug] [ADB] Running 'D:\sdk\platform-tools\adb.exe' with args: ["-P",5037,"-s","K4Q6T16713001686","shell","getprop","ro.build.version.release"]
2018-04-14 06:47:10:462 - info: [debug] [ADB] Current device property 'ro.build.version.release': 7.0
2018-04-14 06:47:10:462 - info: [debug] [ADB] Getting connected devices...
2018-04-14 06:47:10:534 - info: [debug] [ADB] 1 device(s) connected
2018-04-14 06:47:10:534 - info: [debug] [ADB] Running 'D:\sdk\platform-tools\adb.exe' with args: ["-P",5037,"-s","K4Q6T16713001686","shell","wm","size"]
2018-04-14 06:47:11:408 - info: [debug] [ADB] Getting connected devices...
2018-04-14 06:47:11:507 - info: [debug] [ADB] 1 device(s) connected
2018-04-14 06:47:11:507 - info: [debug] [ADB] Running 'D:\sdk\platform-tools\adb.exe' with args: ["-P",5037,"-s","K4Q6T16713001686","shell","wm","density"]
2018-04-14 06:47:12:205 - info: [debug] [ADB] Getting connected devices...
2018-04-14 06:47:12:285 - info: [debug] [ADB] 1 device(s) connected
2018-04-14 06:47:12:285 - info: [debug] [ADB] Running 'D:\sdk\platform-tools\adb.exe' with args: ["-P",5037,"-s","K4Q6T16713001686","shell","getprop","ro.product.model"]
2018-04-14 06:47:12:458 - info: [debug] [ADB] Current device property 'ro.product.model': NEM-AL10
2018-04-14 06:47:12:459 - info: [debug] [ADB] Getting connected devices...
2018-04-14 06:47:12:534 - info: [debug] [ADB] 1 device(s) connected
2018-04-14 06:47:12:534 - info: [debug] [ADB] Running 'D:\sdk\platform-tools\adb.exe' with args: ["-P",5037,"-s","K4Q6T16713001686","shell","getprop","ro.product.manufacturer"]
2018-04-14 06:47:12:630 - info: [debug] [ADB] Current device property 'ro.product.manufacturer': HUAWEI
2018-04-14 06:47:12:633 - info: [debug] [ADB] Getting connected devices...
2018-04-14 06:47:12:719 - info: [debug] [ADB] 1 device(s) connected
2018-04-14 06:47:12:719 - info: [debug] [ADB] Running 'D:\sdk\platform-tools\adb.exe' with args: ["-P",5037,"-s","K4Q6T16713001686","shell","am","force-stop","io.appium.uiautomator2.server"]
2018-04-14 06:47:13:478 - info: [ADB] Checking whether aapt is present
2018-04-14 06:47:13:527 - info: [debug] [ADB] Getting install status for io.appium.uiautomator2.server
2018-04-14 06:47:13:527 - info: [debug] [ADB] Getting connected devices...
2018-04-14 06:47:13:601 - info: [debug] [ADB] 1 device(s) connected
2018-04-14 06:47:13:601 - info: [debug] [ADB] Running 'D:\sdk\platform-tools\adb.exe' with args: ["-P",5037,"-s","K4Q6T16713001686","shell","pm","list","packages","io.appium.uiautomator2.server"]
2018-04-14 06:47:14:328 - info: [debug] [ADB] App is installed
2018-04-14 06:47:14:328 - info: [debug] [ADB] Getting install status for io.appium.uiautomator2.server.test
2018-04-14 06:47:14:329 - info: [debug] [ADB] Getting connected devices...
2018-04-14 06:47:14:498 - info: [debug] [ADB] 1 device(s) connected
2018-04-14 06:47:14:499 - info: [debug] [ADB] Running 'D:\sdk\platform-tools\adb.exe' with args: ["-P",5037,"-s","K4Q6T16713001686","shell","pm","list","packages","io.appium.uiautomator2.server.test"]
2018-04-14 06:47:15:262 - info: [debug] [ADB] App is installed
2018-04-14 06:47:15:263 - info: [debug] [ADB] Getting package info for io.appium.uiautomator2.server
2018-04-14 06:47:15:263 - info: [debug] [ADB] Getting connected devices...
2018-04-14 06:47:15:374 - info: [debug] [ADB] 1 device(s) connected
2018-04-14 06:47:15:374 - info: [debug] [ADB] Running 'D:\sdk\platform-tools\adb.exe' with args: ["-P",5037,"-s","K4Q6T16713001686","shell","dumpsys","package","io.appium.uiautomator2.server"]
2018-04-14 06:47:15:532 - info: [debug] [UiAutomator2] Waiting up to 20000ms for instrumentation 'io.appium.uiautomator2.server.test/android.support.test.runner.AndroidJUnitRunner' to be available
2018-04-14 06:47:15:534 - info: [debug] [ADB] Getting connected devices...
2018-04-14 06:47:15:621 - info: [debug] [ADB] 1 device(s) connected
2018-04-14 06:47:15:622 - info: [debug] [ADB] Running 'D:\sdk\platform-tools\adb.exe' with args: ["-P",5037,"-s","K4Q6T16713001686","shell","pm","list","instrumentation"]
2018-04-14 06:47:16:328 - info: [debug] [UiAutomator2] Instrumentation 'io.appium.uiautomator2.server.test/android.support.test.runner.AndroidJUnitRunner' available
2018-04-14 06:47:16:330 - info: [debug] [ADB] Running 'D:\sdk\platform-tools\adb.exe' with args: ["-P",5037,"-s","K4Q6T16713001686","wait-for-device"]
2018-04-14 06:47:16:411 - info: [debug] [ADB] Getting connected devices...
2018-04-14 06:47:16:583 - info: [debug] [ADB] 1 device(s) connected
2018-04-14 06:47:16:584 - info: [debug] [ADB] Running 'D:\sdk\platform-tools\adb.exe' with args: ["-P",5037,"-s","K4Q6T16713001686","shell","echo","ping"]
2018-04-14 06:47:16:673 - warn: [AndroidDriver] setDeviceLanguageCountry requires language or country.
2018-04-14 06:47:16:673 - warn: [AndroidDriver] Got language: 'null' and country: 'null'
2018-04-14 06:47:16:675 - info: [debug] [Logcat] Starting logcat capture
2018-04-14 06:47:16:773 - info: [debug] [AndroidDriver] Enabling Unicode keyboard support
2018-04-14 06:47:16:773 - info: [debug] [AndroidDriver] Pushing unicode ime to device...
2018-04-14 06:47:16:774 - info: [debug] [ADB] Running 'D:\sdk\platform-tools\adb.exe' with args: ["-P",5037,"-s","K4Q6T16713001686","install","C:\\Users\\Myron.Guo\\AppData\\Roaming\\npm\\node_modules\\appium\\node_modules\\appium-android-ime\\bin\\UnicodeIME-debug.apk"]
2018-04-14 06:47:18:022 - info: [debug] [ADB] Getting connected devices...
2018-04-14 06:47:18:091 - info: [debug] [ADB] 1 device(s) connected
2018-04-14 06:47:18:091 - info: [debug] [ADB] Running 'D:\sdk\platform-tools\adb.exe' with args: ["-P",5037,"-s","K4Q6T16713001686","shell","settings","get","secure","default_input_method"]
2018-04-14 06:47:18:806 - info: [debug] [AndroidDriver] Unsetting previous IME io.appium.android.ime/.UnicodeIME
2018-04-14 06:47:18:807 - info: [debug] [AndroidDriver] Setting IME to 'io.appium.android.ime/.UnicodeIME'
2018-04-14 06:47:18:807 - info: [debug] [ADB] Getting connected devices...
2018-04-14 06:47:18:884 - info: [debug] [ADB] 1 device(s) connected
2018-04-14 06:47:18:885 - info: [debug] [ADB] Running 'D:\sdk\platform-tools\adb.exe' with args: ["-P",5037,"-s","K4Q6T16713001686","shell","ime","enable","io.appium.android.ime/.UnicodeIME"]
2018-04-14 06:47:19:598 - info: [debug] [ADB] Getting connected devices...
2018-04-14 06:47:19:690 - info: [debug] [ADB] 1 device(s) connected
2018-04-14 06:47:19:690 - info: [debug] [ADB] Running 'D:\sdk\platform-tools\adb.exe' with args: ["-P",5037,"-s","K4Q6T16713001686","shell","ime","set","io.appium.android.ime/.UnicodeIME"]
2018-04-14 06:47:20:402 - info: [debug] [AndroidDriver] Pushing settings apk to device...
2018-04-14 06:47:20:404 - info: [debug] [ADB] Getting install status for io.appium.settings
2018-04-14 06:47:20:405 - info: [debug] [ADB] Getting connected devices...
2018-04-14 06:47:20:474 - info: [debug] [ADB] 1 device(s) connected
2018-04-14 06:47:20:475 - info: [debug] [ADB] Running 'D:\sdk\platform-tools\adb.exe' with args: ["-P",5037,"-s","K4Q6T16713001686","shell","pm","list","packages","io.appium.settings"]
2018-04-14 06:47:21:249 - info: [debug] [ADB] App is installed
2018-04-14 06:47:21:249 - info: [debug] [ADB] Getting package info for io.appium.settings
2018-04-14 06:47:21:250 - info: [debug] [ADB] Getting connected devices...
2018-04-14 06:47:21:325 - info: [debug] [ADB] 1 device(s) connected
2018-04-14 06:47:21:325 - info: [debug] [ADB] Running 'D:\sdk\platform-tools\adb.exe' with args: ["-P",5037,"-s","K4Q6T16713001686","shell","dumpsys","package","io.appium.settings"]
2018-04-14 06:47:21:446 - info: [ADB] Checking whether aapt is present
2018-04-14 06:47:21:622 - info: [debug] [ADB] The installed 'io.appium.settings' package does not require upgrade (5 >= 5)
2018-04-14 06:47:21:623 - info: [debug] [ADB] Device API level: 24
2018-04-14 06:47:21:624 - info: [debug] [ADB] Getting connected devices...
2018-04-14 06:47:21:706 - info: [debug] [ADB] 1 device(s) connected
2018-04-14 06:47:21:706 - info: [debug] [ADB] Running 'D:\sdk\platform-tools\adb.exe' with args: ["-P",5037,"-s","K4Q6T16713001686","shell","dumpsys","package","io.appium.settings"]
2018-04-14 06:47:21:805 - info: [debug] [ADB] Getting connected devices...
2018-04-14 06:47:21:967 - info: [debug] [ADB] 1 device(s) connected
2018-04-14 06:47:21:967 - info: [debug] [ADB] Running 'D:\sdk\platform-tools\adb.exe' with args: ["-P",5037,"-s","K4Q6T16713001686","shell","pm","dump","io.appium.settings"]
2018-04-14 06:47:23:147 - info: [debug] [ADB] Got the following command chunks to execute: pm,grant,io.appium.settings,android.permission.WRITE_SETTINGS,;,pm,grant,io.appium.settings,android.permission.ACCESS_MOCK_LOCATION,;
2018-04-14 06:47:23:147 - info: [debug] [ADB] Getting connected devices...
2018-04-14 06:47:23:229 - info: [debug] [ADB] 1 device(s) connected
2018-04-14 06:47:23:229 - info: [debug] [ADB] Running 'D:\sdk\platform-tools\adb.exe' with args: ["-P",5037,"-s","K4Q6T16713001686","shell","pm","grant","io.appium.settings","android.permission.WRITE_SETTINGS",";","pm","grant","io.appium.settings","android.permission.ACCESS_MOCK_LOCATION",";"]
2018-04-14 06:47:24:612 - info: [debug] [ADB] Getting connected devices...
2018-04-14 06:47:24:707 - info: [debug] [ADB] 1 device(s) connected
2018-04-14 06:47:24:707 - info: [debug] [ADB] Running 'D:\sdk\platform-tools\adb.exe' with args: ["-P",5037,"-s","K4Q6T16713001686","shell","ps"]
2018-04-14 06:47:24:860 - info: [debug] [ADB] Device API level: 24
2018-04-14 06:47:24:860 - info: [debug] [ADB] Getting connected devices...
2018-04-14 06:47:24:930 - info: [debug] [ADB] 1 device(s) connected
2018-04-14 06:47:24:931 - info: [debug] [ADB] Running 'D:\sdk\platform-tools\adb.exe' with args: ["-P",5037,"-s","K4Q6T16713001686","shell","am","start","-W","-n","io.appium.settings/.Settings","-a","android.intent.action.MAIN","-c","android.intent.category.LAUNCHER","-f","0x10200000"]
2018-04-14 06:47:25:995 - info: [debug] [ADB] Device API level: 24
2018-04-14 06:47:25:995 - info: [debug] [ADB] Getting connected devices...
2018-04-14 06:47:26:066 - info: [debug] [ADB] 1 device(s) connected
2018-04-14 06:47:26:066 - info: [debug] [ADB] Running 'D:\sdk\platform-tools\adb.exe' with args: ["-P",5037,"-s","K4Q6T16713001686","shell","appops","set","io.appium.settings","android:mock_location","allow"]
2018-04-14 06:47:26:173 - info: [debug] [AndroidDriver] Pushing unlock helper app to device...
2018-04-14 06:47:26:174 - info: [debug] [ADB] Getting install status for io.appium.unlock
2018-04-14 06:47:26:174 - info: [debug] [ADB] Getting connected devices...
2018-04-14 06:47:26:268 - info: [debug] [ADB] 1 device(s) connected
2018-04-14 06:47:26:271 - info: [debug] [ADB] Running 'D:\sdk\platform-tools\adb.exe' with args: ["-P",5037,"-s","K4Q6T16713001686","shell","pm","list","packages","io.appium.unlock"]
2018-04-14 06:47:27:018 - info: [debug] [ADB] App is installed
2018-04-14 06:47:27:018 - info: [debug] [ADB] Getting package info for io.appium.unlock
2018-04-14 06:47:27:019 - info: [debug] [ADB] Getting connected devices...
2018-04-14 06:47:27:119 - info: [debug] [ADB] 1 device(s) connected
2018-04-14 06:47:27:119 - info: [debug] [ADB] Running 'D:\sdk\platform-tools\adb.exe' with args: ["-P",5037,"-s","K4Q6T16713001686","shell","dumpsys","package","io.appium.unlock"]
2018-04-14 06:47:27:219 - info: [ADB] Checking whether aapt is present
2018-04-14 06:47:27:315 - info: [debug] [ADB] The installed 'io.appium.unlock' package does not require upgrade (2 >= 2)
2018-04-14 06:47:27:316 - info: [debug] [UiAutomator2] Forwarding UiAutomator2 Server port 6790 to 8204
2018-04-14 06:47:27:317 - info: [debug] [ADB] Forwarding system: 8204 to device: 6790
2018-04-14 06:47:27:317 - info: [debug] [ADB] Running 'D:\sdk\platform-tools\adb.exe' with args: ["-P",5037,"-s","K4Q6T16713001686","forward","tcp:8204","tcp:6790"]
2018-04-14 06:47:27:408 - info: [debug] [ADB] Getting connected devices...
2018-04-14 06:47:27:483 - info: [debug] [ADB] 1 device(s) connected
2018-04-14 06:47:27:484 - info: [debug] [ADB] Running 'D:\sdk\platform-tools\adb.exe' with args: ["-P",5037,"-s","K4Q6T16713001686","shell","dumpsys","window"]
2018-04-14 06:47:27:760 - info: [AndroidDriver] Screen already unlocked, doing nothing
2018-04-14 06:47:27:762 - info: [debug] [AndroidDriver] Extracting strings from apk ../apk/wdfp.apk null C:\Users\Myron.Guo\AppData\Local\Temp\com.elephant.myinvoice
2018-04-14 06:47:27:763 - info: [debug] [ADB] Extracting strings for language: default
2018-04-14 06:47:27:763 - info: [debug] [ADB] Device API level: 24
2018-04-14 06:47:27:764 - info: [debug] [ADB] Getting connected devices...
2018-04-14 06:47:27:838 - info: [debug] [ADB] 1 device(s) connected
2018-04-14 06:47:27:838 - info: [debug] [ADB] Running 'D:\sdk\platform-tools\adb.exe' with args: ["-P",5037,"-s","K4Q6T16713001686","shell","getprop","persist.sys.locale"]
2018-04-14 06:47:27:935 - info: [debug] [ADB] Current device property 'persist.sys.locale': zh-CN
2018-04-14 06:47:29:389 - info: [debug] [ADB] Reading strings from converted strings.json
2018-04-14 06:47:29:391 - info: [debug] [ADB] Running 'D:\sdk\platform-tools\adb.exe' with args: ["-P",5037,"-s","K4Q6T16713001686","push","C:\\Users\\Myron.Guo\\AppData\\Local\\Temp\\com.elephant.myinvoice\\strings.json","/data/local/tmp"]
2018-04-14 06:47:29:607 - info: [debug] [ADB] Checking app cert for ../apk/wdfp.apk
2018-04-14 06:47:29:609 - warn: [ADB] Cannot use apksigner tool for signature verification. Defaulting to verify.jar. Original error: Could not find apksigner.bat in D:\sdk\platform-tools\apksigner.bat,D:\sdk\emulator\apksigner.bat,D:\sdk\tools\apksigner.bat,D:\sdk\tools\bin\apksigner.bat,D:\sdk\build-tools\android-4.3\apksigner.bat, or supported build-tools under D:\sdk do you have the Android SDK installed at this location?
2018-04-14 06:47:31:336 - info: [debug] [ADB] '../apk/wdfp.apk' is already signed.
2018-04-14 06:47:31:495 - info: [AndroidDriver] Remote apk path is /data/local/tmp/780181b19178cbb4b9dd8d8e2be41e72.apk
2018-04-14 06:47:31:496 - info: [debug] [ADB] Getting connected devices...
2018-04-14 06:47:31:625 - info: [debug] [ADB] 1 device(s) connected
2018-04-14 06:47:31:625 - info: [debug] [ADB] Running 'D:\sdk\platform-tools\adb.exe' with args: ["-P",5037,"-s","K4Q6T16713001686","shell","ls","/data/local/tmp/780181b19178cbb4b9dd8d8e2be41e72.apk"]
2018-04-14 06:47:31:807 - info: [debug] [AndroidDriver] Checking if app is installed
2018-04-14 06:47:31:808 - info: [debug] [ADB] Getting install status for com.elephant.myinvoice
2018-04-14 06:47:31:808 - info: [debug] [ADB] Getting connected devices...
2018-04-14 06:47:31:895 - info: [debug] [ADB] 1 device(s) connected
2018-04-14 06:47:31:896 - info: [debug] [ADB] Running 'D:\sdk\platform-tools\adb.exe' with args: ["-P",5037,"-s","K4Q6T16713001686","shell","pm","list","packages","com.elephant.myinvoice"]
2018-04-14 06:47:32:596 - info: [debug] [ADB] App is not installed
2018-04-14 06:47:32:597 - info: [AndroidDriver] Apk is not yet installed
2018-04-14 06:47:32:597 - info: [AndroidDriver] installing apk from remote
2018-04-14 06:47:32:598 - info: [debug] [ADB] Getting connected devices...
2018-04-14 06:47:32:733 - info: [debug] [ADB] 1 device(s) connected
2018-04-14 06:47:32:734 - info: [debug] [ADB] Running 'D:\sdk\platform-tools\adb.exe' with args: ["-P",5037,"-s","K4Q6T16713001686","shell","mkdir","-p","/data/local/tmp"]
2018-04-14 06:47:32:862 - info: [AndroidDriver] Clearing out any existing remote apks with the same hash
2018-04-14 06:47:32:863 - info: [debug] [AndroidDriver] Removing any old apks
2018-04-14 06:47:32:864 - info: [debug] [AndroidDriver] Except ["780181b19178cbb4b9dd8d8e2be41e72"]
2018-04-14 06:47:32:864 - info: [debug] [ADB] Getting connected devices...
2018-04-14 06:47:32:944 - info: [debug] [ADB] 1 device(s) connected
2018-04-14 06:47:32:945 - info: [debug] [ADB] Running 'D:\sdk\platform-tools\adb.exe' with args: ["-P",5037,"-s","K4Q6T16713001686","shell","ls","/data/local/tmp/*.apk"]
2018-04-14 06:47:33:048 - info: [debug] [ADB] Uninstalling com.elephant.myinvoice
2018-04-14 06:47:33:048 - info: [debug] [ADB] Getting install status for com.elephant.myinvoice
2018-04-14 06:47:33:048 - info: [debug] [ADB] Getting connected devices...
2018-04-14 06:47:33:163 - info: [debug] [ADB] 1 device(s) connected
2018-04-14 06:47:33:163 - info: [debug] [ADB] Running 'D:\sdk\platform-tools\adb.exe' with args: ["-P",5037,"-s","K4Q6T16713001686","shell","pm","list","packages","com.elephant.myinvoice"]
2018-04-14 06:47:33:886 - info: [debug] [ADB] App is not installed
2018-04-14 06:47:33:886 - info: [ADB] com.elephant.myinvoice was not uninstalled, because it was not present on the device
2018-04-14 06:47:33:887 - info: [debug] [ADB] Getting connected devices...
2018-04-14 06:47:33:957 - info: [debug] [ADB] 1 device(s) connected
2018-04-14 06:47:33:957 - info: [debug] [ADB] Running 'D:\sdk\platform-tools\adb.exe' with args: ["-P",5037,"-s","K4Q6T16713001686","shell","pm","install","-r","/data/local/tmp/780181b19178cbb4b9dd8d8e2be41e72.apk"]
2018-04-14 06:47:38:964 - info: [debug] [ADB] Getting connected devices...
2018-04-14 06:47:39:081 - info: [debug] [ADB] 1 device(s) connected
2018-04-14 06:47:39:081 - info: [debug] [ADB] Running 'D:\sdk\platform-tools\adb.exe' with args: ["-P",5037,"-s","K4Q6T16713001686","shell","am","force-stop","io.appium.uiautomator2.server"]
2018-04-14 06:47:40:036 - info: [UiAutomator2] Starting uiautomator2 server v0.3.0
2018-04-14 06:47:40:037 - info: [UiAutomator2] Running command: 'adb -s K4Q6T16713001686 shell am instrument -w io.appium.uiautomator2.server.test/android.support.test.runner.AndroidJUnitRunner'
2018-04-14 06:47:40:043 - info: [UiAutomator2] Waiting up to 20000ms for UiAutomator2 to be online...
2018-04-14 06:47:40:048 - info: [debug] [JSONWP Proxy] Proxying [GET /status] to [GET http://localhost:8204/wd/hub/status] with no body
2018-04-14 06:47:41:091 - info: [debug] [JSONWP Proxy] Proxying [GET /status] to [GET http://localhost:8204/wd/hub/status] with no body
2018-04-14 06:47:42:103 - info: [debug] [JSONWP Proxy] Proxying [GET /status] to [GET http://localhost:8204/wd/hub/status] with no body
2018-04-14 06:47:43:112 - info: [debug] [JSONWP Proxy] Proxying [GET /status] to [GET http://localhost:8204/wd/hub/status] with no body
2018-04-14 06:47:43:145 - info: [debug] [JSONWP Proxy] Got response with status 200: "{\"sessionId\":\"SESSIONID\",\"status\":0,\"value\":\"Status Invoked\"}"
2018-04-14 06:47:43:146 - info: [debug] [JSONWP Proxy] Proxying [POST /session] to [POST http://localhost:8204/wd/hub/session] with body: {"desiredCapabilities":{"platform":"LINUX","webStorageEnabled":false,"takesScreenshot":true,"javascriptEnabled":true,"databaseEnabled":false,"networkConnectionEnabled":true,"locationContextEnabled":false,"warnings":{},"desired":{"deviceName":"K4Q6T16713001686","unicodeKeyboard":true,"automationName":"uiautomator2","resetKeyboard":true,"platformName":"Android","app":"../apk/wdfp.apk","udid":"K4Q6T16713001686","noReset":true},"deviceName":"K4Q6T16713001686","unicodeKeyboard":true,"automationName":"uiautomator2","resetKeyboard":true,"platformName":"Android","app":"../apk/wdfp.apk","udid":"K4Q6T16713001686","noReset":true,"deviceUDID":"K4Q6T16713001686","platformVersion":"7.0","deviceScreenSize":"1080x1920","deviceScreenDensity":480,"deviceModel":"NEM-AL10","deviceManufacturer":"HUAWEI","appPackage":"com.elephant.myinvoice"}}
2018-04-14 06:47:43:165 - info: [debug] [JSONWP Proxy] Got response with status 200: {"sessionId":"8fd1705a-b270-48cb-8f98-b27f34567abb","status":0,"value":"Created Session"}
2018-04-14 06:47:43:166 - info: [UiAutomator2] UiAutomator2 did not start the activity we were waiting for, 'com.elephant.myinvoice/com.elephant.myinvoice.MainActivity'. Starting it ourselves
2018-04-14 06:47:43:167 - info: [debug] [ADB] Device API level: 24
2018-04-14 06:47:43:167 - info: [debug] [ADB] Getting connected devices...
2018-04-14 06:47:43:245 - info: [debug] [ADB] 1 device(s) connected
2018-04-14 06:47:43:246 - info: [debug] [ADB] Running 'D:\sdk\platform-tools\adb.exe' with args: ["-P",5037,"-s","K4Q6T16713001686","shell","am","start","-W","-n","com.elephant.myinvoice/com.elephant.myinvoice.MainActivity","-S","-a","android.intent.action.MAIN","-c","android.intent.category.LAUNCHER","-f","0x10200000"]
2018-04-14 06:47:45:224 - info: [debug] [ADB] Waiting up to 20000ms for activity matching pkg: 'com.elephant.myinvoice' and activity: 'com.elephant.myinvoice.MainActivity' to be focused
2018-04-14 06:47:45:224 - info: [debug] [ADB] Possible activities, to be checked: 'com.elephant.myinvoice.MainActivity'
2018-04-14 06:47:45:226 - info: [debug] [ADB] Getting focused package and activity
2018-04-14 06:47:45:226 - info: [debug] [ADB] Getting connected devices...
2018-04-14 06:47:45:353 - info: [debug] [ADB] 1 device(s) connected
2018-04-14 06:47:45:353 - info: [debug] [ADB] Running 'D:\sdk\platform-tools\adb.exe' with args: ["-P",5037,"-s","K4Q6T16713001686","shell","dumpsys","window","windows"]
2018-04-14 06:47:45:609 - info: [debug] [ADB] Found package: 'com.elephant.myinvoice' and fully qualified activity name : 'com.elephant.myinvoice.MainActivity'
2018-04-14 06:47:45:611 - info: [Appium] New AndroidUiautomator2Driver session created successfully, session 3347353f-d9ca-4434-be45-68d64cfeeaf5 added to master session list
2018-04-14 06:47:45:612 - info: [debug] [BaseDriver] Event 'newSessionStarted' logged at 1523688465611 (14:47:45 GMT+0800 (China Standard Time))
2018-04-14 06:47:45:612 - info: [debug] [MJSONWP] Responding to client with driver.createSession() result: {"deviceName":"K4Q6T16713001686","unicodeKeyboard":true,"automationName":"uiautomator2","resetKeyboard":true,"platformName":"Android","app":"../apk/wdfp.apk","udid":"K4Q6T16713001686","noReset":true}
2018-04-14 06:47:45:618 - info: [HTTP] <-- POST /wd/hub/session 200 36835 ms - 271 
2018-04-14 06:47:47:637 - info: [HTTP] --> GET /wd/hub/session/3347353f-d9ca-4434-be45-68d64cfeeaf5/window/current/size {}
2018-04-14 06:47:47:640 - info: [MJSONWP] Driver proxy active, passing request on via HTTP proxy
2018-04-14 06:47:47:643 - info: [debug] [JSONWP Proxy] Proxying [GET /wd/hub/session/3347353f-d9ca-4434-be45-68d64cfeeaf5/window/current/size] to [GET http://localhost:8204/wd/hub/session/8fd1705a-b270-48cb-8f98-b27f34567abb/window/current/size] with body: {}
2018-04-14 06:47:47:673 - info: [debug] [JSONWP Proxy] Got response with status 200: "{\"sessionId\":\"8fd1705a-b270-48cb-8f98-b27f34567abb\",\"status\":0,\"value\":{\"height\":1812,\"width\":1080}}"
2018-04-14 06:47:47:674 - info: [JSONWP Proxy] Replacing sessionId 8fd1705a-b270-48cb-8f98-b27f34567abb with 3347353f-d9ca-4434-be45-68d64cfeeaf5
2018-04-14 06:47:47:676 - info: [HTTP] <-- GET /wd/hub/session/3347353f-d9ca-4434-be45-68d64cfeeaf5/window/current/size 200 38 ms - 100 
2018-04-14 06:47:47:679 - info: [HTTP] --> GET /wd/hub/session/3347353f-d9ca-4434-be45-68d64cfeeaf5/window/current/size {}
2018-04-14 06:47:47:680 - info: [MJSONWP] Driver proxy active, passing request on via HTTP proxy
2018-04-14 06:47:47:681 - info: [debug] [JSONWP Proxy] Proxying [GET /wd/hub/session/3347353f-d9ca-4434-be45-68d64cfeeaf5/window/current/size] to [GET http://localhost:8204/wd/hub/session/8fd1705a-b270-48cb-8f98-b27f34567abb/window/current/size] with body: {}
2018-04-14 06:47:47:698 - info: [debug] [JSONWP Proxy] Got response with status 200: "{\"sessionId\":\"8fd1705a-b270-48cb-8f98-b27f34567abb\",\"status\":0,\"value\":{\"height\":1812,\"width\":1080}}"
2018-04-14 06:47:47:699 - info: [JSONWP Proxy] Replacing sessionId 8fd1705a-b270-48cb-8f98-b27f34567abb with 3347353f-d9ca-4434-be45-68d64cfeeaf5
2018-04-14 06:47:47:700 - info: [HTTP] <-- GET /wd/hub/session/3347353f-d9ca-4434-be45-68d64cfeeaf5/window/current/size 200 20 ms - 100 
2018-04-14 06:47:47:704 - info: [HTTP] --> POST /wd/hub/session/3347353f-d9ca-4434-be45-68d64cfeeaf5/touch/perform {"sessionId":"3347353f-d9ca-4434-be45-68d64cfeeaf5","actions":[{"action":"press","options":{"y":1629,"x":540}},{"action":"wait","options":{"ms":2000}},{"action":"moveTo","options":{"y":181,"x":540}},{"action":"release","options":{}}]}
2018-04-14 06:47:47:707 - info: [debug] [MJSONWP] Calling AppiumDriver.performTouch() with args: [[{"action":"press","options":{"y":1629,"x":540}},{"action":"wait","options":{"ms":2000}},{"action":"moveTo","options":{"y":181,"x":540}},{"action":"release","options":{}}],"3347353f-d9ca-4434-be45-68d64cfeeaf5"]
2018-04-14 06:47:47:710 - info: [debug] [JSONWP Proxy] Proxying [POST /touch/perform] to [POST http://localhost:8204/wd/hub/session/8fd1705a-b270-48cb-8f98-b27f34567abb/touch/perform] with body: {"startX":540,"startY":1629,"endX":540,"endY":181,"steps":56}
2018-04-14 06:47:48:690 - info: [debug] [JSONWP Proxy] Got response with status 200: {"sessionId":"8fd1705a-b270-48cb-8f98-b27f34567abb","status":0,"value":true}
2018-04-14 06:47:48:691 - info: [debug] [MJSONWP] Responding to client with driver.performTouch() result: true
2018-04-14 06:47:48:694 - info: [HTTP] <-- POST /wd/hub/session/3347353f-d9ca-4434-be45-68d64cfeeaf5/touch/perform 200 988 ms - 76 
2018-04-14 06:47:49:700 - info: [HTTP] --> GET /wd/hub/session/3347353f-d9ca-4434-be45-68d64cfeeaf5/window/current/size {}
2018-04-14 06:47:49:701 - info: [MJSONWP] Driver proxy active, passing request on via HTTP proxy
2018-04-14 06:47:49:702 - info: [debug] [JSONWP Proxy] Proxying [GET /wd/hub/session/3347353f-d9ca-4434-be45-68d64cfeeaf5/window/current/size] to [GET http://localhost:8204/wd/hub/session/8fd1705a-b270-48cb-8f98-b27f34567abb/window/current/size] with body: {}
2018-04-14 06:47:49:718 - info: [debug] [JSONWP Proxy] Got response with status 200: "{\"sessionId\":\"8fd1705a-b270-48cb-8f98-b27f34567abb\",\"status\":0,\"value\":{\"height\":1812,\"width\":1080}}"
2018-04-14 06:47:49:719 - info: [JSONWP Proxy] Replacing sessionId 8fd1705a-b270-48cb-8f98-b27f34567abb with 3347353f-d9ca-4434-be45-68d64cfeeaf5
2018-04-14 06:47:49:721 - info: [HTTP] <-- GET /wd/hub/session/3347353f-d9ca-4434-be45-68d64cfeeaf5/window/current/size 200 21 ms - 100 
2018-04-14 06:47:49:727 - info: [HTTP] --> GET /wd/hub/session/3347353f-d9ca-4434-be45-68d64cfeeaf5/window/current/size {}
2018-04-14 06:47:49:728 - info: [MJSONWP] Driver proxy active, passing request on via HTTP proxy
2018-04-14 06:47:49:729 - info: [debug] [JSONWP Proxy] Proxying [GET /wd/hub/session/3347353f-d9ca-4434-be45-68d64cfeeaf5/window/current/size] to [GET http://localhost:8204/wd/hub/session/8fd1705a-b270-48cb-8f98-b27f34567abb/window/current/size] with body: {}
2018-04-14 06:47:49:743 - info: [debug] [JSONWP Proxy] Got response with status 200: "{\"sessionId\":\"8fd1705a-b270-48cb-8f98-b27f34567abb\",\"status\":0,\"value\":{\"height\":1812,\"width\":1080}}"
2018-04-14 06:47:49:743 - info: [JSONWP Proxy] Replacing sessionId 8fd1705a-b270-48cb-8f98-b27f34567abb with 3347353f-d9ca-4434-be45-68d64cfeeaf5
2018-04-14 06:47:49:744 - info: [HTTP] <-- GET /wd/hub/session/3347353f-d9ca-4434-be45-68d64cfeeaf5/window/current/size 200 17 ms - 100 
2018-04-14 06:47:49:750 - info: [HTTP] --> POST /wd/hub/session/3347353f-d9ca-4434-be45-68d64cfeeaf5/touch/perform {"sessionId":"3347353f-d9ca-4434-be45-68d64cfeeaf5","actions":[{"action":"press","options":{"y":906,"x":972}},{"action":"wait","options":{"ms":1000}},{"action":"moveTo","options":{"y":906,"x":108}},{"action":"release","options":{}}]}
2018-04-14 06:47:49:751 - info: [debug] [MJSONWP] Calling AppiumDriver.performTouch() with args: [[{"action":"press","options":{"y":906,"x":972}},{"action":"wait","options":{"ms":1000}},{"action":"moveTo","options":{"y":906,"x":108}},{"action":"release","options":{}}],"3347353f-d9ca-4434-be45-68d64cfeeaf5"]
2018-04-14 06:47:49:752 - info: [debug] [JSONWP Proxy] Proxying [POST /touch/perform] to [POST http://localhost:8204/wd/hub/session/8fd1705a-b270-48cb-8f98-b27f34567abb/touch/perform] with body: {"startX":972,"startY":906,"endX":108,"endY":906,"steps":28}
2018-04-14 06:47:50:218 - info: [debug] [JSONWP Proxy] Got response with status 200: {"sessionId":"8fd1705a-b270-48cb-8f98-b27f34567abb","status":0,"value":true}
2018-04-14 06:47:50:219 - info: [debug] [MJSONWP] Responding to client with driver.performTouch() result: true
2018-04-14 06:47:50:221 - info: [HTTP] <-- POST /wd/hub/session/3347353f-d9ca-4434-be45-68d64cfeeaf5/touch/perform 200 473 ms - 76 
2018-04-14 06:47:51:226 - info: [HTTP] --> GET /wd/hub/session/3347353f-d9ca-4434-be45-68d64cfeeaf5/window/current/size {}
2018-04-14 06:47:51:227 - info: [MJSONWP] Driver proxy active, passing request on via HTTP proxy
2018-04-14 06:47:51:227 - info: [debug] [JSONWP Proxy] Proxying [GET /wd/hub/session/3347353f-d9ca-4434-be45-68d64cfeeaf5/window/current/size] to [GET http://localhost:8204/wd/hub/session/8fd1705a-b270-48cb-8f98-b27f34567abb/window/current/size] with body: {}
2018-04-14 06:47:51:249 - info: [debug] [JSONWP Proxy] Got response with status 200: "{\"sessionId\":\"8fd1705a-b270-48cb-8f98-b27f34567abb\",\"status\":0,\"value\":{\"height\":1812,\"width\":1080}}"
2018-04-14 06:47:51:250 - info: [JSONWP Proxy] Replacing sessionId 8fd1705a-b270-48cb-8f98-b27f34567abb with 3347353f-d9ca-4434-be45-68d64cfeeaf5
2018-04-14 06:47:51:251 - info: [HTTP] <-- GET /wd/hub/session/3347353f-d9ca-4434-be45-68d64cfeeaf5/window/current/size 200 25 ms - 100 
2018-04-14 06:47:51:255 - info: [HTTP] --> GET /wd/hub/session/3347353f-d9ca-4434-be45-68d64cfeeaf5/window/current/size {}
2018-04-14 06:47:51:258 - info: [MJSONWP] Driver proxy active, passing request on via HTTP proxy
2018-04-14 06:47:51:259 - info: [debug] [JSONWP Proxy] Proxying [GET /wd/hub/session/3347353f-d9ca-4434-be45-68d64cfeeaf5/window/current/size] to [GET http://localhost:8204/wd/hub/session/8fd1705a-b270-48cb-8f98-b27f34567abb/window/current/size] with body: {}
2018-04-14 06:47:51:278 - info: [debug] [JSONWP Proxy] Got response with status 200: "{\"sessionId\":\"8fd1705a-b270-48cb-8f98-b27f34567abb\",\"status\":0,\"value\":{\"height\":1812,\"width\":1080}}"
2018-04-14 06:47:51:279 - info: [JSONWP Proxy] Replacing sessionId 8fd1705a-b270-48cb-8f98-b27f34567abb with 3347353f-d9ca-4434-be45-68d64cfeeaf5
2018-04-14 06:47:51:280 - info: [HTTP] <-- GET /wd/hub/session/3347353f-d9ca-4434-be45-68d64cfeeaf5/window/current/size 200 24 ms - 100 
2018-04-14 06:47:51:283 - info: [HTTP] --> POST /wd/hub/session/3347353f-d9ca-4434-be45-68d64cfeeaf5/touch/perform {"sessionId":"3347353f-d9ca-4434-be45-68d64cfeeaf5","actions":[{"action":"press","options":{"y":906,"x":972}},{"action":"wait","options":{"ms":1000}},{"action":"moveTo","options":{"y":906,"x":108}},{"action":"release","options":{}}]}
2018-04-14 06:47:51:284 - info: [debug] [MJSONWP] Calling AppiumDriver.performTouch() with args: [[{"action":"press","options":{"y":906,"x":972}},{"action":"wait","options":{"ms":1000}},{"action":"moveTo","options":{"y":906,"x":108}},{"action":"release","options":{}}],"3347353f-d9ca-4434-be45-68d64cfeeaf5"]
2018-04-14 06:47:51:286 - info: [debug] [JSONWP Proxy] Proxying [POST /touch/perform] to [POST http://localhost:8204/wd/hub/session/8fd1705a-b270-48cb-8f98-b27f34567abb/touch/perform] with body: {"startX":972,"startY":906,"endX":108,"endY":906,"steps":28}
2018-04-14 06:47:51:766 - info: [debug] [JSONWP Proxy] Got response with status 200: {"sessionId":"8fd1705a-b270-48cb-8f98-b27f34567abb","status":0,"value":true}
2018-04-14 06:47:51:767 - info: [debug] [MJSONWP] Responding to client with driver.performTouch() result: true
2018-04-14 06:47:51:768 - info: [HTTP] <-- POST /wd/hub/session/3347353f-d9ca-4434-be45-68d64cfeeaf5/touch/perform 200 484 ms - 76 
2018-04-14 06:47:52:771 - info: [HTTP] --> GET /wd/hub/session/3347353f-d9ca-4434-be45-68d64cfeeaf5/window/current/size {}
2018-04-14 06:47:52:774 - info: [MJSONWP] Driver proxy active, passing request on via HTTP proxy
2018-04-14 06:47:52:775 - info: [debug] [JSONWP Proxy] Proxying [GET /wd/hub/session/3347353f-d9ca-4434-be45-68d64cfeeaf5/window/current/size] to [GET http://localhost:8204/wd/hub/session/8fd1705a-b270-48cb-8f98-b27f34567abb/window/current/size] with body: {}
2018-04-14 06:47:52:795 - info: [debug] [JSONWP Proxy] Got response with status 200: "{\"sessionId\":\"8fd1705a-b270-48cb-8f98-b27f34567abb\",\"status\":0,\"value\":{\"height\":1812,\"width\":1080}}"
2018-04-14 06:47:52:795 - info: [JSONWP Proxy] Replacing sessionId 8fd1705a-b270-48cb-8f98-b27f34567abb with 3347353f-d9ca-4434-be45-68d64cfeeaf5
2018-04-14 06:47:52:797 - info: [HTTP] <-- GET /wd/hub/session/3347353f-d9ca-4434-be45-68d64cfeeaf5/window/current/size 200 25 ms - 100 
2018-04-14 06:47:52:801 - info: [HTTP] --> GET /wd/hub/session/3347353f-d9ca-4434-be45-68d64cfeeaf5/window/current/size {}
2018-04-14 06:47:52:802 - info: [MJSONWP] Driver proxy active, passing request on via HTTP proxy
2018-04-14 06:47:52:803 - info: [debug] [JSONWP Proxy] Proxying [GET /wd/hub/session/3347353f-d9ca-4434-be45-68d64cfeeaf5/window/current/size] to [GET http://localhost:8204/wd/hub/session/8fd1705a-b270-48cb-8f98-b27f34567abb/window/current/size] with body: {}
2018-04-14 06:47:52:821 - info: [debug] [JSONWP Proxy] Got response with status 200: "{\"sessionId\":\"8fd1705a-b270-48cb-8f98-b27f34567abb\",\"status\":0,\"value\":{\"height\":1812,\"width\":1080}}"
2018-04-14 06:47:52:822 - info: [JSONWP Proxy] Replacing sessionId 8fd1705a-b270-48cb-8f98-b27f34567abb with 3347353f-d9ca-4434-be45-68d64cfeeaf5
2018-04-14 06:47:52:822 - info: [HTTP] <-- GET /wd/hub/session/3347353f-d9ca-4434-be45-68d64cfeeaf5/window/current/size 200 21 ms - 100 
2018-04-14 06:47:52:826 - info: [HTTP] --> POST /wd/hub/session/3347353f-d9ca-4434-be45-68d64cfeeaf5/touch/perform {"sessionId":"3347353f-d9ca-4434-be45-68d64cfeeaf5","actions":[{"action":"press","options":{"y":906,"x":972}},{"action":"wait","options":{"ms":1000}},{"action":"moveTo","options":{"y":906,"x":108}},{"action":"release","options":{}}]}
2018-04-14 06:47:52:827 - info: [debug] [MJSONWP] Calling AppiumDriver.performTouch() with args: [[{"action":"press","options":{"y":906,"x":972}},{"action":"wait","options":{"ms":1000}},{"action":"moveTo","options":{"y":906,"x":108}},{"action":"release","options":{}}],"3347353f-d9ca-4434-be45-68d64cfeeaf5"]
2018-04-14 06:47:52:830 - info: [debug] [JSONWP Proxy] Proxying [POST /touch/perform] to [POST http://localhost:8204/wd/hub/session/8fd1705a-b270-48cb-8f98-b27f34567abb/touch/perform] with body: {"startX":972,"startY":906,"endX":108,"endY":906,"steps":28}
2018-04-14 06:47:53:299 - info: [debug] [JSONWP Proxy] Got response with status 200: {"sessionId":"8fd1705a-b270-48cb-8f98-b27f34567abb","status":0,"value":true}
2018-04-14 06:47:53:300 - info: [debug] [MJSONWP] Responding to client with driver.performTouch() result: true
2018-04-14 06:47:53:302 - info: [HTTP] <-- POST /wd/hub/session/3347353f-d9ca-4434-be45-68d64cfeeaf5/touch/perform 200 475 ms - 76 
2018-04-14 06:47:54:306 - info: [HTTP] --> GET /wd/hub/session/3347353f-d9ca-4434-be45-68d64cfeeaf5/window/current/size {}
2018-04-14 06:47:54:307 - info: [MJSONWP] Driver proxy active, passing request on via HTTP proxy
2018-04-14 06:47:54:307 - info: [debug] [JSONWP Proxy] Proxying [GET /wd/hub/session/3347353f-d9ca-4434-be45-68d64cfeeaf5/window/current/size] to [GET http://localhost:8204/wd/hub/session/8fd1705a-b270-48cb-8f98-b27f34567abb/window/current/size] with body: {}
2018-04-14 06:47:54:322 - info: [debug] [JSONWP Proxy] Got response with status 200: "{\"sessionId\":\"8fd1705a-b270-48cb-8f98-b27f34567abb\",\"status\":0,\"value\":{\"height\":1812,\"width\":1080}}"
2018-04-14 06:47:54:322 - info: [JSONWP Proxy] Replacing sessionId 8fd1705a-b270-48cb-8f98-b27f34567abb with 3347353f-d9ca-4434-be45-68d64cfeeaf5
2018-04-14 06:47:54:324 - info: [HTTP] <-- GET /wd/hub/session/3347353f-d9ca-4434-be45-68d64cfeeaf5/window/current/size 200 17 ms - 100 
2018-04-14 06:47:54:328 - info: [HTTP] --> GET /wd/hub/session/3347353f-d9ca-4434-be45-68d64cfeeaf5/window/current/size {}
2018-04-14 06:47:54:329 - info: [MJSONWP] Driver proxy active, passing request on via HTTP proxy
2018-04-14 06:47:54:330 - info: [debug] [JSONWP Proxy] Proxying [GET /wd/hub/session/3347353f-d9ca-4434-be45-68d64cfeeaf5/window/current/size] to [GET http://localhost:8204/wd/hub/session/8fd1705a-b270-48cb-8f98-b27f34567abb/window/current/size] with body: {}
2018-04-14 06:47:54:346 - info: [debug] [JSONWP Proxy] Got response with status 200: "{\"sessionId\":\"8fd1705a-b270-48cb-8f98-b27f34567abb\",\"status\":0,\"value\":{\"height\":1812,\"width\":1080}}"
2018-04-14 06:47:54:346 - info: [JSONWP Proxy] Replacing sessionId 8fd1705a-b270-48cb-8f98-b27f34567abb with 3347353f-d9ca-4434-be45-68d64cfeeaf5
2018-04-14 06:47:54:347 - info: [HTTP] <-- GET /wd/hub/session/3347353f-d9ca-4434-be45-68d64cfeeaf5/window/current/size 200 19 ms - 100 
2018-04-14 06:47:54:352 - info: [HTTP] --> POST /wd/hub/session/3347353f-d9ca-4434-be45-68d64cfeeaf5/touch/perform {"sessionId":"3347353f-d9ca-4434-be45-68d64cfeeaf5","actions":[{"action":"press","options":{"y":906,"x":972}},{"action":"wait","options":{"ms":1000}},{"action":"moveTo","options":{"y":906,"x":108}},{"action":"release","options":{}}]}
2018-04-14 06:47:54:352 - info: [debug] [MJSONWP] Calling AppiumDriver.performTouch() with args: [[{"action":"press","options":{"y":906,"x":972}},{"action":"wait","options":{"ms":1000}},{"action":"moveTo","options":{"y":906,"x":108}},{"action":"release","options":{}}],"3347353f-d9ca-4434-be45-68d64cfeeaf5"]
2018-04-14 06:47:54:354 - info: [debug] [JSONWP Proxy] Proxying [POST /touch/perform] to [POST http://localhost:8204/wd/hub/session/8fd1705a-b270-48cb-8f98-b27f34567abb/touch/perform] with body: {"startX":972,"startY":906,"endX":108,"endY":906,"steps":28}
2018-04-14 06:47:54:831 - info: [debug] [JSONWP Proxy] Got response with status 200: {"sessionId":"8fd1705a-b270-48cb-8f98-b27f34567abb","status":0,"value":true}
2018-04-14 06:47:54:832 - info: [debug] [MJSONWP] Responding to client with driver.performTouch() result: true
2018-04-14 06:47:54:834 - info: [HTTP] <-- POST /wd/hub/session/3347353f-d9ca-4434-be45-68d64cfeeaf5/touch/perform 200 481 ms - 76 
2018-04-14 06:47:54:838 - info: [HTTP] --> POST /wd/hub/session/3347353f-d9ca-4434-be45-68d64cfeeaf5/element {"using":"class name","sessionId":"3347353f-d9ca-4434-be45-68d64cfeeaf5","value":"android.widget.ImageView"}
2018-04-14 06:47:54:839 - info: [debug] [MJSONWP] Calling AppiumDriver.findElement() with args: ["class name","android.widget.ImageView","3347353f-d9ca-4434-be45-68d64cfeeaf5"]
2018-04-14 06:47:54:840 - info: [debug] [BaseDriver] Valid locator strategies for this request: xpath, id, class name, accessibility id, -android uiautomator
2018-04-14 06:47:54:842 - info: [debug] [BaseDriver] Valid locator strategies for this request: xpath, id, class name, accessibility id, -android uiautomator
2018-04-14 06:47:54:842 - info: [debug] [BaseDriver] Waiting up to 0 ms for condition
2018-04-14 06:47:54:846 - info: [debug] [JSONWP Proxy] Proxying [POST /element] to [POST http://localhost:8204/wd/hub/session/8fd1705a-b270-48cb-8f98-b27f34567abb/element] with body: {"strategy":"class name","selector":"android.widget.ImageView","context":"","multiple":false}
2018-04-14 06:47:55:649 - info: [debug] [JSONWP Proxy] Got response with status 200: {"sessionId":"8fd1705a-b270-48cb-8f98-b27f34567abb","status":0,"value":{"ELEMENT":"590f2cad-30d5-480e-985a-76a4f7839a7d"}}
2018-04-14 06:47:55:651 - info: [debug] [MJSONWP] Responding to client with driver.findElement() result: {"ELEMENT":"590f2cad-30d5-480e-985a-76a4f7839a7d"}
2018-04-14 06:47:55:652 - info: [HTTP] <-- POST /wd/hub/session/3347353f-d9ca-4434-be45-68d64cfeeaf5/element 200 813 ms - 122 
2018-04-14 06:47:55:656 - info: [HTTP] --> POST /wd/hub/session/3347353f-d9ca-4434-be45-68d64cfeeaf5/element/590f2cad-30d5-480e-985a-76a4f7839a7d/click {"sessionId":"3347353f-d9ca-4434-be45-68d64cfeeaf5","id":"590f2cad-30d5-480e-985a-76a4f7839a7d"}
2018-04-14 06:47:55:657 - info: [debug] [MJSONWP] Calling AppiumDriver.click() with args: ["590f2cad-30d5-480e-985a-76a4f7839a7d","3347353f-d9ca-4434-be45-68d64cfeeaf5"]
2018-04-14 06:47:55:658 - info: [debug] [JSONWP Proxy] Proxying [POST /element/590f2cad-30d5-480e-985a-76a4f7839a7d/click] to [POST http://localhost:8204/wd/hub/session/8fd1705a-b270-48cb-8f98-b27f34567abb/element/590f2cad-30d5-480e-985a-76a4f7839a7d/click] with body: {"element":"590f2cad-30d5-480e-985a-76a4f7839a7d"}
2018-04-14 06:47:55:694 - info: [debug] [JSONWP Proxy] Got response with status 200: {"sessionId":"8fd1705a-b270-48cb-8f98-b27f34567abb","status":0,"value":true}
2018-04-14 06:47:55:695 - info: [debug] [MJSONWP] Responding to client with driver.click() result: true
2018-04-14 06:47:55:696 - info: [HTTP] <-- POST /wd/hub/session/3347353f-d9ca-4434-be45-68d64cfeeaf5/element/590f2cad-30d5-480e-985a-76a4f7839a7d/click 200 40 ms - 76 
2018-04-14 06:47:58:703 - info: [HTTP] --> POST /wd/hub/session/3347353f-d9ca-4434-be45-68d64cfeeaf5/elements {"using":"class name","sessionId":"3347353f-d9ca-4434-be45-68d64cfeeaf5","value":"android.widget.EditText"}
2018-04-14 06:47:58:703 - info: [debug] [MJSONWP] Calling AppiumDriver.findElements() with args: ["class name","android.widget.EditText","3347353f-d9ca-4434-be45-68d64cfeeaf5"]
2018-04-14 06:47:58:706 - info: [debug] [BaseDriver] Valid locator strategies for this request: xpath, id, class name, accessibility id, -android uiautomator
2018-04-14 06:47:58:707 - info: [debug] [BaseDriver] Valid locator strategies for this request: xpath, id, class name, accessibility id, -android uiautomator
2018-04-14 06:47:58:707 - info: [debug] [BaseDriver] Waiting up to 0 ms for condition
2018-04-14 06:47:58:708 - info: [debug] [JSONWP Proxy] Proxying [POST /elements] to [POST http://localhost:8204/wd/hub/session/8fd1705a-b270-48cb-8f98-b27f34567abb/elements] with body: {"strategy":"class name","selector":"android.widget.EditText","context":"","multiple":true}
2018-04-14 06:47:58:734 - info: [debug] [JSONWP Proxy] Got response with status 200: {"sessionId":"8fd1705a-b270-48cb-8f98-b27f34567abb","status":0,"value":[{"ELEMENT":"9fe0fd12-1200-4a77-abfa-3e6f35cd6296"},{"ELEMENT":"90f32eba-d5e3-4851-8587-fb9ddc75d456"}]}
2018-04-14 06:47:58:736 - info: [debug] [MJSONWP] Responding to client with driver.findElements() result: [{"ELEMENT":"9fe0fd12-1200-4a77-abfa-3e6f35cd6296"},{"ELEMENT":"90f32eba-d5e3-4851-8587-fb9ddc75d456"}]
2018-04-14 06:47:58:738 - info: [HTTP] <-- POST /wd/hub/session/3347353f-d9ca-4434-be45-68d64cfeeaf5/elements 200 34 ms - 175 
2018-04-14 06:47:58:743 - info: [HTTP] --> POST /wd/hub/session/3347353f-d9ca-4434-be45-68d64cfeeaf5/element/9fe0fd12-1200-4a77-abfa-3e6f35cd6296/value {"text":"18550903915","sessionId":"3347353f-d9ca-4434-be45-68d64cfeeaf5","id":"9fe0fd12-1200-4a77-abfa-3e6f35cd6296","value":["1","8","5","5","0","9","0","3","9","1","5"]}
2018-04-14 06:47:58:744 - info: [debug] [MJSONWP] Calling AppiumDriver.setValue() with args: [["1","8","5","5","0","9","0","3","9","1","5"],"9fe0fd12-1200-4a77-abfa-3e6f35cd6296","3347353f-d9ca-4434-be45-68d64cfeeaf5"]
2018-04-14 06:47:58:746 - info: [debug] [JSONWP Proxy] Proxying [POST /element/9fe0fd12-1200-4a77-abfa-3e6f35cd6296/value] to [POST http://localhost:8204/wd/hub/session/8fd1705a-b270-48cb-8f98-b27f34567abb/element/9fe0fd12-1200-4a77-abfa-3e6f35cd6296/value] with body: {"elementId":"9fe0fd12-1200-4a77-abfa-3e6f35cd6296","text":"18550903915","replace":false,"unicodeKeyboard":true}
2018-04-14 06:47:59:301 - info: [debug] [JSONWP Proxy] Got response with status 200: {"sessionId":"8fd1705a-b270-48cb-8f98-b27f34567abb","status":0,"value":""}
2018-04-14 06:47:59:302 - info: [debug] [MJSONWP] Responding to client with driver.setValue() result: ""
2018-04-14 06:47:59:303 - info: [HTTP] <-- POST /wd/hub/session/3347353f-d9ca-4434-be45-68d64cfeeaf5/element/9fe0fd12-1200-4a77-abfa-3e6f35cd6296/value 200 559 ms - 74 
2018-04-14 06:47:59:307 - info: [HTTP] --> POST /wd/hub/session/3347353f-d9ca-4434-be45-68d64cfeeaf5/elements {"using":"class name","sessionId":"3347353f-d9ca-4434-be45-68d64cfeeaf5","value":"android.widget.EditText"}
2018-04-14 06:47:59:308 - info: [debug] [MJSONWP] Calling AppiumDriver.findElements() with args: ["class name","android.widget.EditText","3347353f-d9ca-4434-be45-68d64cfeeaf5"]
2018-04-14 06:47:59:309 - info: [debug] [BaseDriver] Valid locator strategies for this request: xpath, id, class name, accessibility id, -android uiautomator
2018-04-14 06:47:59:309 - info: [debug] [BaseDriver] Valid locator strategies for this request: xpath, id, class name, accessibility id, -android uiautomator
2018-04-14 06:47:59:309 - info: [debug] [BaseDriver] Waiting up to 0 ms for condition
2018-04-14 06:47:59:309 - info: [debug] [JSONWP Proxy] Proxying [POST /elements] to [POST http://localhost:8204/wd/hub/session/8fd1705a-b270-48cb-8f98-b27f34567abb/elements] with body: {"strategy":"class name","selector":"android.widget.EditText","context":"","multiple":true}
2018-04-14 06:47:59:903 - info: [debug] [JSONWP Proxy] Got response with status 200: {"sessionId":"8fd1705a-b270-48cb-8f98-b27f34567abb","status":0,"value":[{"ELEMENT":"84699b33-9ec5-4ded-8e97-eeb42e46d25f"},{"ELEMENT":"9869be92-021d-48cb-ab58-fe76bc6013c6"}]}
2018-04-14 06:47:59:904 - info: [debug] [MJSONWP] Responding to client with driver.findElements() result: [{"ELEMENT":"84699b33-9ec5-4ded-8e97-eeb42e46d25f"},{"ELEMENT":"9869be92-021d-48cb-ab58-fe76bc6013c6"}]
2018-04-14 06:47:59:905 - info: [HTTP] <-- POST /wd/hub/session/3347353f-d9ca-4434-be45-68d64cfeeaf5/elements 200 597 ms - 175 
2018-04-14 06:47:59:911 - info: [HTTP] --> POST /wd/hub/session/3347353f-d9ca-4434-be45-68d64cfeeaf5/element/9869be92-021d-48cb-ab58-fe76bc6013c6/value {"text":"qwe123","sessionId":"3347353f-d9ca-4434-be45-68d64cfeeaf5","id":"9869be92-021d-48cb-ab58-fe76bc6013c6","value":["q","w","e","1","2","3"]}
2018-04-14 06:47:59:911 - info: [debug] [MJSONWP] Calling AppiumDriver.setValue() with args: [["q","w","e","1","2","3"],"9869be92-021d-48cb-ab58-fe76bc6013c6","3347353f-d9ca-4434-be45-68d64cfeeaf5"]
2018-04-14 06:47:59:913 - info: [debug] [JSONWP Proxy] Proxying [POST /element/9869be92-021d-48cb-ab58-fe76bc6013c6/value] to [POST http://localhost:8204/wd/hub/session/8fd1705a-b270-48cb-8f98-b27f34567abb/element/9869be92-021d-48cb-ab58-fe76bc6013c6/value] with body: {"elementId":"9869be92-021d-48cb-ab58-fe76bc6013c6","text":"qwe123","replace":false,"unicodeKeyboard":true}
2018-04-14 06:48:00:468 - info: [debug] [JSONWP Proxy] Got response with status 200: {"sessionId":"8fd1705a-b270-48cb-8f98-b27f34567abb","status":0,"value":""}
2018-04-14 06:48:00:469 - info: [debug] [MJSONWP] Responding to client with driver.setValue() result: ""
2018-04-14 06:48:00:471 - info: [HTTP] <-- POST /wd/hub/session/3347353f-d9ca-4434-be45-68d64cfeeaf5/element/9869be92-021d-48cb-ab58-fe76bc6013c6/value 200 559 ms - 74 
2018-04-14 06:48:00:476 - info: [HTTP] --> POST /wd/hub/session/3347353f-d9ca-4434-be45-68d64cfeeaf5/element {"using":"-android uiautomator","sessionId":"3347353f-d9ca-4434-be45-68d64cfeeaf5","value":"new UiSelector().text(\"\")"}
2018-04-14 06:48:00:477 - info: [debug] [MJSONWP] Calling AppiumDriver.findElement() with args: ["-android uiautomator","new UiSelector().text(\"\")","3347353f-d9ca-4434-be45-68d64cfeeaf5"]
2018-04-14 06:48:00:477 - info: [debug] [BaseDriver] Valid locator strategies for this request: xpath, id, class name, accessibility id, -android uiautomator
2018-04-14 06:48:00:478 - info: [debug] [BaseDriver] Valid locator strategies for this request: xpath, id, class name, accessibility id, -android uiautomator
2018-04-14 06:48:00:478 - info: [debug] [BaseDriver] Waiting up to 0 ms for condition
2018-04-14 06:48:00:479 - info: [debug] [JSONWP Proxy] Proxying [POST /element] to [POST http://localhost:8204/wd/hub/session/8fd1705a-b270-48cb-8f98-b27f34567abb/element] with body: {"strategy":"-android uiautomator","selector":"new UiSelector().text(\"\")","context":"","multiple":false}
2018-04-14 06:48:00:993 - info: [debug] [JSONWP Proxy] Got response with status 200: {"sessionId":"8fd1705a-b270-48cb-8f98-b27f34567abb","status":0,"value":{"ELEMENT":"144b5d78-dc23-4646-abd9-b102b7d84bce"}}
2018-04-14 06:48:00:994 - info: [debug] [MJSONWP] Responding to client with driver.findElement() result: {"ELEMENT":"144b5d78-dc23-4646-abd9-b102b7d84bce"}
2018-04-14 06:48:00:996 - info: [HTTP] <-- POST /wd/hub/session/3347353f-d9ca-4434-be45-68d64cfeeaf5/element 200 519 ms - 122 
2018-04-14 06:48:01:000 - info: [HTTP] --> POST /wd/hub/session/3347353f-d9ca-4434-be45-68d64cfeeaf5/element/144b5d78-dc23-4646-abd9-b102b7d84bce/click {"sessionId":"3347353f-d9ca-4434-be45-68d64cfeeaf5","id":"144b5d78-dc23-4646-abd9-b102b7d84bce"}
2018-04-14 06:48:01:001 - info: [debug] [MJSONWP] Calling AppiumDriver.click() with args: ["144b5d78-dc23-4646-abd9-b102b7d84bce","3347353f-d9ca-4434-be45-68d64cfeeaf5"]
2018-04-14 06:48:01:002 - info: [debug] [JSONWP Proxy] Proxying [POST /element/144b5d78-dc23-4646-abd9-b102b7d84bce/click] to [POST http://localhost:8204/wd/hub/session/8fd1705a-b270-48cb-8f98-b27f34567abb/element/144b5d78-dc23-4646-abd9-b102b7d84bce/click] with body: {"element":"144b5d78-dc23-4646-abd9-b102b7d84bce"}
2018-04-14 06:48:03:204 - info: [debug] [JSONWP Proxy] Got response with status 200: {"sessionId":"8fd1705a-b270-48cb-8f98-b27f34567abb","status":0,"value":true}
2018-04-14 06:48:03:205 - info: [debug] [MJSONWP] Responding to client with driver.click() result: true
2018-04-14 06:48:03:207 - info: [HTTP] <-- POST /wd/hub/session/3347353f-d9ca-4434-be45-68d64cfeeaf5/element/144b5d78-dc23-4646-abd9-b102b7d84bce/click 200 2206 ms - 76 
2018-04-14 06:48:03:215 - info: [HTTP] --> POST /wd/hub/session/3347353f-d9ca-4434-be45-68d64cfeeaf5/element {"using":"-android uiautomator","sessionId":"3347353f-d9ca-4434-be45-68d64cfeeaf5","value":"new UiSelector().description(\"plusIcon\")"}
2018-04-14 06:48:03:216 - info: [debug] [MJSONWP] Calling AppiumDriver.findElement() with args: ["-android uiautomator","new UiSelector().description(\"plusIcon\")","3347353f-d9ca-4434-be45-68d64cfeeaf5"]
2018-04-14 06:48:03:217 - info: [debug] [BaseDriver] Valid locator strategies for this request: xpath, id, class name, accessibility id, -android uiautomator
2018-04-14 06:48:03:218 - info: [debug] [BaseDriver] Valid locator strategies for this request: xpath, id, class name, accessibility id, -android uiautomator
2018-04-14 06:48:03:218 - info: [debug] [BaseDriver] Waiting up to 0 ms for condition
2018-04-14 06:48:03:219 - info: [debug] [JSONWP Proxy] Proxying [POST /element] to [POST http://localhost:8204/wd/hub/session/8fd1705a-b270-48cb-8f98-b27f34567abb/element] with body: {"strategy":"-android uiautomator","selector":"new UiSelector().description(\"plusIcon\")","context":"","multiple":false}
2018-04-14 06:48:03:560 - info: [debug] [JSONWP Proxy] Got response with status 200: {"sessionId":"8fd1705a-b270-48cb-8f98-b27f34567abb","status":0,"value":{"ELEMENT":"1da641d2-670f-435c-9068-eb79a19830c5"}}
2018-04-14 06:48:03:561 - info: [debug] [MJSONWP] Responding to client with driver.findElement() result: {"ELEMENT":"1da641d2-670f-435c-9068-eb79a19830c5"}
2018-04-14 06:48:03:562 - info: [HTTP] <-- POST /wd/hub/session/3347353f-d9ca-4434-be45-68d64cfeeaf5/element 200 348 ms - 122 
2018-04-14 06:48:03:565 - info: [HTTP] --> GET /wd/hub/session/3347353f-d9ca-4434-be45-68d64cfeeaf5/element/1da641d2-670f-435c-9068-eb79a19830c5/displayed {}
2018-04-14 06:48:03:568 - info: [debug] [MJSONWP] Calling AppiumDriver.elementDisplayed() with args: ["1da641d2-670f-435c-9068-eb79a19830c5","3347353f-d9ca-4434-be45-68d64cfeeaf5"]
2018-04-14 06:48:03:570 - info: [debug] [JSONWP Proxy] Proxying [GET /element/1da641d2-670f-435c-9068-eb79a19830c5/attribute/displayed] to [GET http://localhost:8204/wd/hub/session/8fd1705a-b270-48cb-8f98-b27f34567abb/element/1da641d2-670f-435c-9068-eb79a19830c5/attribute/displayed] with body: {}
2018-04-14 06:48:04:491 - info: [debug] [JSONWP Proxy] Got response with status 200: "{\"sessionId\":\"8fd1705a-b270-48cb-8f98-b27f34567abb\",\"status\":0,\"value\":\"true\"}"
2018-04-14 06:48:04:492 - info: [debug] [MJSONWP] Responding to client with driver.elementDisplayed() result: true
2018-04-14 06:48:04:494 - info: [HTTP] <-- GET /wd/hub/session/3347353f-d9ca-4434-be45-68d64cfeeaf5/element/1da641d2-670f-435c-9068-eb79a19830c5/displayed 200 928 ms - 76 
2018-04-14 06:48:14:502 - info: [HTTP] --> POST /wd/hub/session/3347353f-d9ca-4434-be45-68d64cfeeaf5/element {"using":"-android uiautomator","sessionId":"3347353f-d9ca-4434-be45-68d64cfeeaf5","value":"new UiSelector().text(\"\")"}
2018-04-14 06:48:14:502 - info: [debug] [MJSONWP] Calling AppiumDriver.findElement() with args: ["-android uiautomator","new UiSelector().text(\"\")","3347353f-d9ca-4434-be45-68d64cfeeaf5"]
2018-04-14 06:48:14:503 - info: [debug] [BaseDriver] Valid locator strategies for this request: xpath, id, class name, accessibility id, -android uiautomator
2018-04-14 06:48:14:504 - info: [debug] [BaseDriver] Valid locator strategies for this request: xpath, id, class name, accessibility id, -android uiautomator
2018-04-14 06:48:14:504 - info: [debug] [BaseDriver] Waiting up to 0 ms for condition
2018-04-14 06:48:14:504 - info: [debug] [JSONWP Proxy] Proxying [POST /element] to [POST http://localhost:8204/wd/hub/session/8fd1705a-b270-48cb-8f98-b27f34567abb/element] with body: {"strategy":"-android uiautomator","selector":"new UiSelector().text(\"\")","context":"","multiple":false}
2018-04-14 06:48:14:562 - info: [debug] [JSONWP Proxy] Got response with status 200: {"sessionId":"8fd1705a-b270-48cb-8f98-b27f34567abb","status":0,"value":{"ELEMENT":"ea4c9a92-44d6-4a44-b957-4c2aa49eae1c"}}
2018-04-14 06:48:14:563 - info: [debug] [MJSONWP] Responding to client with driver.findElement() result: {"ELEMENT":"ea4c9a92-44d6-4a44-b957-4c2aa49eae1c"}
2018-04-14 06:48:14:566 - info: [HTTP] <-- POST /wd/hub/session/3347353f-d9ca-4434-be45-68d64cfeeaf5/element 200 64 ms - 122 
2018-04-14 06:48:14:571 - info: [HTTP] --> POST /wd/hub/session/3347353f-d9ca-4434-be45-68d64cfeeaf5/element/ea4c9a92-44d6-4a44-b957-4c2aa49eae1c/click {"sessionId":"3347353f-d9ca-4434-be45-68d64cfeeaf5","id":"ea4c9a92-44d6-4a44-b957-4c2aa49eae1c"}
2018-04-14 06:48:14:571 - info: [debug] [MJSONWP] Calling AppiumDriver.click() with args: ["ea4c9a92-44d6-4a44-b957-4c2aa49eae1c","3347353f-d9ca-4434-be45-68d64cfeeaf5"]
2018-04-14 06:48:14:572 - info: [debug] [JSONWP Proxy] Proxying [POST /element/ea4c9a92-44d6-4a44-b957-4c2aa49eae1c/click] to [POST http://localhost:8204/wd/hub/session/8fd1705a-b270-48cb-8f98-b27f34567abb/element/ea4c9a92-44d6-4a44-b957-4c2aa49eae1c/click] with body: {"element":"ea4c9a92-44d6-4a44-b957-4c2aa49eae1c"}
2018-04-14 06:48:15:658 - info: [debug] [JSONWP Proxy] Got response with status 200: {"sessionId":"8fd1705a-b270-48cb-8f98-b27f34567abb","status":0,"value":true}
2018-04-14 06:48:15:659 - info: [debug] [MJSONWP] Responding to client with driver.click() result: true
2018-04-14 06:48:15:660 - info: [HTTP] <-- POST /wd/hub/session/3347353f-d9ca-4434-be45-68d64cfeeaf5/element/ea4c9a92-44d6-4a44-b957-4c2aa49eae1c/click 200 1088 ms - 76 
2018-04-14 06:48:15:667 - info: [HTTP] --> POST /wd/hub/session/3347353f-d9ca-4434-be45-68d64cfeeaf5/element {"using":"-android uiautomator","sessionId":"3347353f-d9ca-4434-be45-68d64cfeeaf5","value":"new UiSelector().text(\"\")"}
2018-04-14 06:48:15:668 - info: [debug] [MJSONWP] Calling AppiumDriver.findElement() with args: ["-android uiautomator","new UiSelector().text(\"\")","3347353f-d9ca-4434-be45-68d64cfeeaf5"]
2018-04-14 06:48:15:669 - info: [debug] [BaseDriver] Valid locator strategies for this request: xpath, id, class name, accessibility id, -android uiautomator
2018-04-14 06:48:15:669 - info: [debug] [BaseDriver] Valid locator strategies for this request: xpath, id, class name, accessibility id, -android uiautomator
2018-04-14 06:48:15:669 - info: [debug] [BaseDriver] Waiting up to 0 ms for condition
2018-04-14 06:48:15:670 - info: [debug] [JSONWP Proxy] Proxying [POST /element] to [POST http://localhost:8204/wd/hub/session/8fd1705a-b270-48cb-8f98-b27f34567abb/element] with body: {"strategy":"-android uiautomator","selector":"new UiSelector().text(\"\")","context":"","multiple":false}
2018-04-14 06:48:15:901 - info: [debug] [JSONWP Proxy] Got response with status 200: {"sessionId":"8fd1705a-b270-48cb-8f98-b27f34567abb","status":0,"value":{"ELEMENT":"671d0da6-b343-4bda-98ed-0211498d6acb"}}
2018-04-14 06:48:15:902 - info: [debug] [MJSONWP] Responding to client with driver.findElement() result: {"ELEMENT":"671d0da6-b343-4bda-98ed-0211498d6acb"}
2018-04-14 06:48:15:904 - info: [HTTP] <-- POST /wd/hub/session/3347353f-d9ca-4434-be45-68d64cfeeaf5/element 200 237 ms - 122 
2018-04-14 06:48:15:910 - info: [HTTP] --> POST /wd/hub/session/3347353f-d9ca-4434-be45-68d64cfeeaf5/element/671d0da6-b343-4bda-98ed-0211498d6acb/click {"sessionId":"3347353f-d9ca-4434-be45-68d64cfeeaf5","id":"671d0da6-b343-4bda-98ed-0211498d6acb"}
2018-04-14 06:48:15:911 - info: [debug] [MJSONWP] Calling AppiumDriver.click() with args: ["671d0da6-b343-4bda-98ed-0211498d6acb","3347353f-d9ca-4434-be45-68d64cfeeaf5"]
2018-04-14 06:48:15:912 - info: [debug] [JSONWP Proxy] Proxying [POST /element/671d0da6-b343-4bda-98ed-0211498d6acb/click] to [POST http://localhost:8204/wd/hub/session/8fd1705a-b270-48cb-8f98-b27f34567abb/element/671d0da6-b343-4bda-98ed-0211498d6acb/click] with body: {"element":"671d0da6-b343-4bda-98ed-0211498d6acb"}
2018-04-14 06:48:16:988 - info: [debug] [JSONWP Proxy] Got response with status 200: {"sessionId":"8fd1705a-b270-48cb-8f98-b27f34567abb","status":0,"value":true}
2018-04-14 06:48:16:989 - info: [debug] [MJSONWP] Responding to client with driver.click() result: true
2018-04-14 06:48:16:990 - info: [HTTP] <-- POST /wd/hub/session/3347353f-d9ca-4434-be45-68d64cfeeaf5/element/671d0da6-b343-4bda-98ed-0211498d6acb/click 200 1080 ms - 76 
2018-04-14 06:48:20:996 - info: [HTTP] --> POST /wd/hub/session/3347353f-d9ca-4434-be45-68d64cfeeaf5/elements {"using":"-android uiautomator","sessionId":"3347353f-d9ca-4434-be45-68d64cfeeaf5","value":"new UiSelector().text(\":\")"}
2018-04-14 06:48:20:996 - info: [debug] [MJSONWP] Calling AppiumDriver.findElements() with args: ["-android uiautomator","new UiSelector().text(\":\")","3347353f-d9ca-4434-be45-68d64cfeeaf5"]
2018-04-14 06:48:20:997 - info: [debug] [BaseDriver] Valid locator strategies for this request: xpath, id, class name, accessibility id, -android uiautomator
2018-04-14 06:48:20:998 - info: [debug] [BaseDriver] Valid locator strategies for this request: xpath, id, class name, accessibility id, -android uiautomator
2018-04-14 06:48:20:998 - info: [debug] [BaseDriver] Waiting up to 0 ms for condition
2018-04-14 06:48:20:998 - info: [debug] [JSONWP Proxy] Proxying [POST /elements] to [POST http://localhost:8204/wd/hub/session/8fd1705a-b270-48cb-8f98-b27f34567abb/elements] with body: {"strategy":"-android uiautomator","selector":"new UiSelector().text(\":\")","context":"","multiple":true}
2018-04-14 06:48:21:036 - info: [debug] [JSONWP Proxy] Got response with status 200: {"sessionId":"8fd1705a-b270-48cb-8f98-b27f34567abb","status":0,"value":[]}
2018-04-14 06:48:21:037 - info: [debug] [MJSONWP] Responding to client with driver.findElements() result: []
2018-04-14 06:48:21:038 - info: [HTTP] <-- POST /wd/hub/session/3347353f-d9ca-4434-be45-68d64cfeeaf5/elements 200 42 ms - 74 
2018-04-14 06:48:21:045 - info: [HTTP] --> POST /wd/hub/session/3347353f-d9ca-4434-be45-68d64cfeeaf5/element {"using":"-android uiautomator","sessionId":"3347353f-d9ca-4434-be45-68d64cfeeaf5","value":"new UiSelector().text(\"\")"}
2018-04-14 06:48:21:045 - info: [debug] [MJSONWP] Calling AppiumDriver.findElement() with args: ["-android uiautomator","new UiSelector().text(\"\")","3347353f-d9ca-4434-be45-68d64cfeeaf5"]
2018-04-14 06:48:21:046 - info: [debug] [BaseDriver] Valid locator strategies for this request: xpath, id, class name, accessibility id, -android uiautomator
2018-04-14 06:48:21:047 - info: [debug] [BaseDriver] Valid locator strategies for this request: xpath, id, class name, accessibility id, -android uiautomator
2018-04-14 06:48:21:047 - info: [debug] [BaseDriver] Waiting up to 0 ms for condition
2018-04-14 06:48:21:048 - info: [debug] [JSONWP Proxy] Proxying [POST /element] to [POST http://localhost:8204/wd/hub/session/8fd1705a-b270-48cb-8f98-b27f34567abb/element] with body: {"strategy":"-android uiautomator","selector":"new UiSelector().text(\"\")","context":"","multiple":false}
2018-04-14 06:48:21:079 - info: [debug] [JSONWP Proxy] Got response with status 200: {"sessionId":"8fd1705a-b270-48cb-8f98-b27f34567abb","status":0,"value":{"ELEMENT":"b7692eb0-570a-4602-b3cf-100fdbb25c24"}}
2018-04-14 06:48:21:080 - info: [debug] [MJSONWP] Responding to client with driver.findElement() result: {"ELEMENT":"b7692eb0-570a-4602-b3cf-100fdbb25c24"}
2018-04-14 06:48:21:081 - info: [HTTP] <-- POST /wd/hub/session/3347353f-d9ca-4434-be45-68d64cfeeaf5/element 200 36 ms - 122 
2018-04-14 06:48:21:085 - info: [HTTP] --> POST /wd/hub/session/3347353f-d9ca-4434-be45-68d64cfeeaf5/element/b7692eb0-570a-4602-b3cf-100fdbb25c24/click {"sessionId":"3347353f-d9ca-4434-be45-68d64cfeeaf5","id":"b7692eb0-570a-4602-b3cf-100fdbb25c24"}
2018-04-14 06:48:21:086 - info: [debug] [MJSONWP] Calling AppiumDriver.click() with args: ["b7692eb0-570a-4602-b3cf-100fdbb25c24","3347353f-d9ca-4434-be45-68d64cfeeaf5"]
2018-04-14 06:48:21:088 - info: [debug] [JSONWP Proxy] Proxying [POST /element/b7692eb0-570a-4602-b3cf-100fdbb25c24/click] to [POST http://localhost:8204/wd/hub/session/8fd1705a-b270-48cb-8f98-b27f34567abb/element/b7692eb0-570a-4602-b3cf-100fdbb25c24/click] with body: {"element":"b7692eb0-570a-4602-b3cf-100fdbb25c24"}
2018-04-14 06:48:22:133 - info: [debug] [JSONWP Proxy] Got response with status 200: {"sessionId":"8fd1705a-b270-48cb-8f98-b27f34567abb","status":0,"value":true}
2018-04-14 06:48:22:134 - info: [debug] [MJSONWP] Responding to client with driver.click() result: true
2018-04-14 06:48:22:136 - info: [HTTP] <-- POST /wd/hub/session/3347353f-d9ca-4434-be45-68d64cfeeaf5/element/b7692eb0-570a-4602-b3cf-100fdbb25c24/click 200 1050 ms - 76 
2018-04-14 06:48:22:143 - info: [HTTP] --> POST /wd/hub/session/3347353f-d9ca-4434-be45-68d64cfeeaf5/element {"using":"-android uiautomator","sessionId":"3347353f-d9ca-4434-be45-68d64cfeeaf5","value":"new UiSelector().text(\"\")"}
2018-04-14 06:48:22:144 - info: [debug] [MJSONWP] Calling AppiumDriver.findElement() with args: ["-android uiautomator","new UiSelector().text(\"\")","3347353f-d9ca-4434-be45-68d64cfeeaf5"]
2018-04-14 06:48:22:145 - info: [debug] [BaseDriver] Valid locator strategies for this request: xpath, id, class name, accessibility id, -android uiautomator
2018-04-14 06:48:22:145 - info: [debug] [BaseDriver] Valid locator strategies for this request: xpath, id, class name, accessibility id, -android uiautomator
2018-04-14 06:48:22:146 - info: [debug] [BaseDriver] Waiting up to 0 ms for condition
2018-04-14 06:48:22:146 - info: [debug] [JSONWP Proxy] Proxying [POST /element] to [POST http://localhost:8204/wd/hub/session/8fd1705a-b270-48cb-8f98-b27f34567abb/element] with body: {"strategy":"-android uiautomator","selector":"new UiSelector().text(\"\")","context":"","multiple":false}
2018-04-14 06:48:22:204 - info: [debug] [JSONWP Proxy] Got response with status 200: {"sessionId":"8fd1705a-b270-48cb-8f98-b27f34567abb","status":0,"value":{"ELEMENT":"dfe4c97b-a259-45b4-8edf-b51965ad7ed4"}}
2018-04-14 06:48:22:205 - info: [debug] [MJSONWP] Responding to client with driver.findElement() result: {"ELEMENT":"dfe4c97b-a259-45b4-8edf-b51965ad7ed4"}
2018-04-14 06:48:22:206 - info: [HTTP] <-- POST /wd/hub/session/3347353f-d9ca-4434-be45-68d64cfeeaf5/element 200 62 ms - 122 
2018-04-14 06:48:22:209 - info: [HTTP] --> POST /wd/hub/session/3347353f-d9ca-4434-be45-68d64cfeeaf5/element/dfe4c97b-a259-45b4-8edf-b51965ad7ed4/click {"sessionId":"3347353f-d9ca-4434-be45-68d64cfeeaf5","id":"dfe4c97b-a259-45b4-8edf-b51965ad7ed4"}
2018-04-14 06:48:22:210 - info: [debug] [MJSONWP] Calling AppiumDriver.click() with args: ["dfe4c97b-a259-45b4-8edf-b51965ad7ed4","3347353f-d9ca-4434-be45-68d64cfeeaf5"]
2018-04-14 06:48:22:211 - info: [debug] [JSONWP Proxy] Proxying [POST /element/dfe4c97b-a259-45b4-8edf-b51965ad7ed4/click] to [POST http://localhost:8204/wd/hub/session/8fd1705a-b270-48cb-8f98-b27f34567abb/element/dfe4c97b-a259-45b4-8edf-b51965ad7ed4/click] with body: {"element":"dfe4c97b-a259-45b4-8edf-b51965ad7ed4"}
2018-04-14 06:48:23:901 - info: [debug] [JSONWP Proxy] Got response with status 200: {"sessionId":"8fd1705a-b270-48cb-8f98-b27f34567abb","status":0,"value":true}
2018-04-14 06:48:23:902 - info: [debug] [MJSONWP] Responding to client with driver.click() result: true
2018-04-14 06:48:23:903 - info: [HTTP] <-- POST /wd/hub/session/3347353f-d9ca-4434-be45-68d64cfeeaf5/element/dfe4c97b-a259-45b4-8edf-b51965ad7ed4/click 200 1694 ms - 76 
2018-04-14 06:48:25:908 - info: [HTTP] --> POST /wd/hub/session/3347353f-d9ca-4434-be45-68d64cfeeaf5/element {"using":"-android uiautomator","sessionId":"3347353f-d9ca-4434-be45-68d64cfeeaf5","value":"new UiSelector().text(\"\")"}
2018-04-14 06:48:25:909 - info: [debug] [MJSONWP] Calling AppiumDriver.findElement() with args: ["-android uiautomator","new UiSelector().text(\"\")","3347353f-d9ca-4434-be45-68d64cfeeaf5"]
2018-04-14 06:48:25:910 - info: [debug] [BaseDriver] Valid locator strategies for this request: xpath, id, class name, accessibility id, -android uiautomator
2018-04-14 06:48:25:911 - info: [debug] [BaseDriver] Valid locator strategies for this request: xpath, id, class name, accessibility id, -android uiautomator
2018-04-14 06:48:25:911 - info: [debug] [BaseDriver] Waiting up to 0 ms for condition
2018-04-14 06:48:25:912 - info: [debug] [JSONWP Proxy] Proxying [POST /element] to [POST http://localhost:8204/wd/hub/session/8fd1705a-b270-48cb-8f98-b27f34567abb/element] with body: {"strategy":"-android uiautomator","selector":"new UiSelector().text(\"\")","context":"","multiple":false}
2018-04-14 06:48:25:984 - info: [debug] [JSONWP Proxy] Got response with status 200: {"sessionId":"8fd1705a-b270-48cb-8f98-b27f34567abb","status":0,"value":{"ELEMENT":"6a9d9f73-a760-4b2c-b80d-66737d02f53b"}}
2018-04-14 06:48:25:984 - info: [debug] [MJSONWP] Responding to client with driver.findElement() result: {"ELEMENT":"6a9d9f73-a760-4b2c-b80d-66737d02f53b"}
2018-04-14 06:48:25:986 - info: [HTTP] <-- POST /wd/hub/session/3347353f-d9ca-4434-be45-68d64cfeeaf5/element 200 76 ms - 122 
2018-04-14 06:48:25:990 - info: [HTTP] --> POST /wd/hub/session/3347353f-d9ca-4434-be45-68d64cfeeaf5/element/6a9d9f73-a760-4b2c-b80d-66737d02f53b/click {"sessionId":"3347353f-d9ca-4434-be45-68d64cfeeaf5","id":"6a9d9f73-a760-4b2c-b80d-66737d02f53b"}
2018-04-14 06:48:25:990 - info: [debug] [MJSONWP] Calling AppiumDriver.click() with args: ["6a9d9f73-a760-4b2c-b80d-66737d02f53b","3347353f-d9ca-4434-be45-68d64cfeeaf5"]
2018-04-14 06:48:25:991 - info: [debug] [JSONWP Proxy] Proxying [POST /element/6a9d9f73-a760-4b2c-b80d-66737d02f53b/click] to [POST http://localhost:8204/wd/hub/session/8fd1705a-b270-48cb-8f98-b27f34567abb/element/6a9d9f73-a760-4b2c-b80d-66737d02f53b/click] with body: {"element":"6a9d9f73-a760-4b2c-b80d-66737d02f53b"}
2018-04-14 06:48:27:084 - info: [debug] [JSONWP Proxy] Got response with status 200: {"sessionId":"8fd1705a-b270-48cb-8f98-b27f34567abb","status":0,"value":true}
2018-04-14 06:48:27:085 - info: [debug] [MJSONWP] Responding to client with driver.click() result: true
2018-04-14 06:48:27:086 - info: [HTTP] <-- POST /wd/hub/session/3347353f-d9ca-4434-be45-68d64cfeeaf5/element/6a9d9f73-a760-4b2c-b80d-66737d02f53b/click 200 1096 ms - 76 
2018-04-14 06:48:27:092 - info: [HTTP] --> POST /wd/hub/session/3347353f-d9ca-4434-be45-68d64cfeeaf5/element {"using":"-android uiautomator","sessionId":"3347353f-d9ca-4434-be45-68d64cfeeaf5","value":"new UiSelector().text(\"\")"}
2018-04-14 06:48:27:093 - info: [debug] [MJSONWP] Calling AppiumDriver.findElement() with args: ["-android uiautomator","new UiSelector().text(\"\")","3347353f-d9ca-4434-be45-68d64cfeeaf5"]
2018-04-14 06:48:27:095 - info: [debug] [BaseDriver] Valid locator strategies for this request: xpath, id, class name, accessibility id, -android uiautomator
2018-04-14 06:48:27:095 - info: [debug] [BaseDriver] Valid locator strategies for this request: xpath, id, class name, accessibility id, -android uiautomator
2018-04-14 06:48:27:096 - info: [debug] [BaseDriver] Waiting up to 0 ms for condition
2018-04-14 06:48:27:096 - info: [debug] [JSONWP Proxy] Proxying [POST /element] to [POST http://localhost:8204/wd/hub/session/8fd1705a-b270-48cb-8f98-b27f34567abb/element] with body: {"strategy":"-android uiautomator","selector":"new UiSelector().text(\"\")","context":"","multiple":false}
2018-04-14 06:48:27:322 - info: [debug] [JSONWP Proxy] Got response with status 200: {"sessionId":"8fd1705a-b270-48cb-8f98-b27f34567abb","status":0,"value":{"ELEMENT":"26340b56-bb29-4115-91dd-52eacdd5b408"}}
2018-04-14 06:48:27:326 - info: [debug] [MJSONWP] Responding to client with driver.findElement() result: {"ELEMENT":"26340b56-bb29-4115-91dd-52eacdd5b408"}
2018-04-14 06:48:27:327 - info: [HTTP] <-- POST /wd/hub/session/3347353f-d9ca-4434-be45-68d64cfeeaf5/element 200 235 ms - 122 
2018-04-14 06:48:27:334 - info: [HTTP] --> POST /wd/hub/session/3347353f-d9ca-4434-be45-68d64cfeeaf5/element/26340b56-bb29-4115-91dd-52eacdd5b408/click {"sessionId":"3347353f-d9ca-4434-be45-68d64cfeeaf5","id":"26340b56-bb29-4115-91dd-52eacdd5b408"}
2018-04-14 06:48:27:335 - info: [debug] [MJSONWP] Calling AppiumDriver.click() with args: ["26340b56-bb29-4115-91dd-52eacdd5b408","3347353f-d9ca-4434-be45-68d64cfeeaf5"]
2018-04-14 06:48:27:336 - info: [debug] [JSONWP Proxy] Proxying [POST /element/26340b56-bb29-4115-91dd-52eacdd5b408/click] to [POST http://localhost:8204/wd/hub/session/8fd1705a-b270-48cb-8f98-b27f34567abb/element/26340b56-bb29-4115-91dd-52eacdd5b408/click] with body: {"element":"26340b56-bb29-4115-91dd-52eacdd5b408"}
2018-04-14 06:48:28:936 - info: [debug] [JSONWP Proxy] Got response with status 200: {"sessionId":"8fd1705a-b270-48cb-8f98-b27f34567abb","status":0,"value":true}
2018-04-14 06:48:28:937 - info: [debug] [MJSONWP] Responding to client with driver.click() result: true
2018-04-14 06:48:28:939 - info: [HTTP] <-- POST /wd/hub/session/3347353f-d9ca-4434-be45-68d64cfeeaf5/element/26340b56-bb29-4115-91dd-52eacdd5b408/click 200 1604 ms - 76 
2018-04-14 06:48:32:946 - info: [HTTP] --> POST /wd/hub/session/3347353f-d9ca-4434-be45-68d64cfeeaf5/elements {"using":"-android uiautomator","sessionId":"3347353f-d9ca-4434-be45-68d64cfeeaf5","value":"new UiSelector().text(\":\")"}
2018-04-14 06:48:32:947 - info: [debug] [MJSONWP] Calling AppiumDriver.findElements() with args: ["-android uiautomator","new UiSelector().text(\":\")","3347353f-d9ca-4434-be45-68d64cfeeaf5"]
2018-04-14 06:48:32:948 - info: [debug] [BaseDriver] Valid locator strategies for this request: xpath, id, class name, accessibility id, -android uiautomator
2018-04-14 06:48:32:948 - info: [debug] [BaseDriver] Valid locator strategies for this request: xpath, id, class name, accessibility id, -android uiautomator
2018-04-14 06:48:32:949 - info: [debug] [BaseDriver] Waiting up to 0 ms for condition
2018-04-14 06:48:32:950 - info: [debug] [JSONWP Proxy] Proxying [POST /elements] to [POST http://localhost:8204/wd/hub/session/8fd1705a-b270-48cb-8f98-b27f34567abb/elements] with body: {"strategy":"-android uiautomator","selector":"new UiSelector().text(\":\")","context":"","multiple":true}
2018-04-14 06:48:34:054 - info: [debug] [JSONWP Proxy] Got response with status 200: {"sessionId":"8fd1705a-b270-48cb-8f98-b27f34567abb","status":0,"value":[{"ELEMENT":"5f470cab-9c76-487d-b847-61a592e190ff"},{"ELEMENT":"349204d0-c7e7-43fa-b598-da4d90f6ae0c"}]}
2018-04-14 06:48:34:055 - info: [debug] [MJSONWP] Responding to client with driver.findElements() result: [{"ELEMENT":"5f470cab-9c76-487d-b847-61a592e190ff"},{"ELEMENT":"349204d0-c7e7-43fa-b598-da4d90f6ae0c"}]
2018-04-14 06:48:34:056 - info: [HTTP] <-- POST /wd/hub/session/3347353f-d9ca-4434-be45-68d64cfeeaf5/elements 200 1109 ms - 175 
2018-04-14 06:48:34:062 - info: [HTTP] --> GET /wd/hub/session/3347353f-d9ca-4434-be45-68d64cfeeaf5/element/5f470cab-9c76-487d-b847-61a592e190ff/location {}
2018-04-14 06:48:34:064 - info: [MJSONWP] Driver proxy active, passing request on via HTTP proxy
2018-04-14 06:48:34:064 - info: [debug] [JSONWP Proxy] Proxying [GET /wd/hub/session/3347353f-d9ca-4434-be45-68d64cfeeaf5/element/5f470cab-9c76-487d-b847-61a592e190ff/location] to [GET http://localhost:8204/wd/hub/session/8fd1705a-b270-48cb-8f98-b27f34567abb/element/5f470cab-9c76-487d-b847-61a592e190ff/location] with body: {}
2018-04-14 06:48:34:094 - info: [debug] [JSONWP Proxy] Got response with status 200: "{\"sessionId\":\"8fd1705a-b270-48cb-8f98-b27f34567abb\",\"status\":0,\"value\":{\"x\":127,\"y\":583}}"
2018-04-14 06:48:34:095 - info: [JSONWP Proxy] Replacing sessionId 8fd1705a-b270-48cb-8f98-b27f34567abb with 3347353f-d9ca-4434-be45-68d64cfeeaf5
2018-04-14 06:48:34:096 - info: [HTTP] <-- GET /wd/hub/session/3347353f-d9ca-4434-be45-68d64cfeeaf5/element/5f470cab-9c76-487d-b847-61a592e190ff/location 200 33 ms - 89 
2018-04-14 06:48:34:100 - info: [HTTP] --> POST /wd/hub/session/3347353f-d9ca-4434-be45-68d64cfeeaf5/touch/perform {"sessionId":"3347353f-d9ca-4434-be45-68d64cfeeaf5","actions":[{"action":"press","options":{"y":583,"x":1016}},{"action":"wait","options":{"ms":2000}},{"action":"moveTo","options":{"y":583,"x":0}},{"action":"release","options":{}}]}
2018-04-14 06:48:34:102 - info: [debug] [MJSONWP] Calling AppiumDriver.performTouch() with args: [[{"action":"press","options":{"y":583,"x":1016}},{"action":"wait","options":{"ms":2000}},{"action":"moveTo","options":{"y":583,"x":0}},{"action":"release","options":{}}],"3347353f-d9ca-4434-be45-68d64cfeeaf5"]
2018-04-14 06:48:34:106 - info: [debug] [JSONWP Proxy] Proxying [POST /touch/perform] to [POST http://localhost:8204/wd/hub/session/8fd1705a-b270-48cb-8f98-b27f34567abb/touch/perform] with body: {"startX":1016,"startY":583,"endX":0,"endY":583,"steps":56}
2018-04-14 06:48:35:038 - info: [debug] [JSONWP Proxy] Got response with status 200: {"sessionId":"8fd1705a-b270-48cb-8f98-b27f34567abb","status":0,"value":true}
2018-04-14 06:48:35:039 - info: [debug] [MJSONWP] Responding to client with driver.performTouch() result: true
2018-04-14 06:48:35:040 - info: [HTTP] <-- POST /wd/hub/session/3347353f-d9ca-4434-be45-68d64cfeeaf5/touch/perform 200 939 ms - 76 
2018-04-14 06:48:36:044 - info: [HTTP] --> POST /wd/hub/session/3347353f-d9ca-4434-be45-68d64cfeeaf5/element {"using":"-android uiautomator","sessionId":"3347353f-d9ca-4434-be45-68d64cfeeaf5","value":"new UiSelector().description(\"rowDeleteIcon\")"}
2018-04-14 06:48:36:045 - info: [debug] [MJSONWP] Calling AppiumDriver.findElement() with args: ["-android uiautomator","new UiSelector().description(\"rowDeleteIcon\")","3347353f-d9ca-4434-be45-68d64cfeeaf5"]
2018-04-14 06:48:36:045 - info: [debug] [BaseDriver] Valid locator strategies for this request: xpath, id, class name, accessibility id, -android uiautomator
2018-04-14 06:48:36:046 - info: [debug] [BaseDriver] Valid locator strategies for this request: xpath, id, class name, accessibility id, -android uiautomator
2018-04-14 06:48:36:046 - info: [debug] [BaseDriver] Waiting up to 0 ms for condition
2018-04-14 06:48:36:046 - info: [debug] [JSONWP Proxy] Proxying [POST /element] to [POST http://localhost:8204/wd/hub/session/8fd1705a-b270-48cb-8f98-b27f34567abb/element] with body: {"strategy":"-android uiautomator","selector":"new UiSelector().description(\"rowDeleteIcon\")","context":"","multiple":false}
2018-04-14 06:48:36:814 - info: [debug] [JSONWP Proxy] Got response with status 200: {"sessionId":"8fd1705a-b270-48cb-8f98-b27f34567abb","status":0,"value":{"ELEMENT":"9c4e98fd-f60d-441e-99d2-20f31ed48557"}}
2018-04-14 06:48:36:815 - info: [debug] [MJSONWP] Responding to client with driver.findElement() result: {"ELEMENT":"9c4e98fd-f60d-441e-99d2-20f31ed48557"}
2018-04-14 06:48:36:817 - info: [HTTP] <-- POST /wd/hub/session/3347353f-d9ca-4434-be45-68d64cfeeaf5/element 200 772 ms - 122 
2018-04-14 06:48:36:821 - info: [HTTP] --> POST /wd/hub/session/3347353f-d9ca-4434-be45-68d64cfeeaf5/element/9c4e98fd-f60d-441e-99d2-20f31ed48557/click {"sessionId":"3347353f-d9ca-4434-be45-68d64cfeeaf5","id":"9c4e98fd-f60d-441e-99d2-20f31ed48557"}
2018-04-14 06:48:36:822 - info: [debug] [MJSONWP] Calling AppiumDriver.click() with args: ["9c4e98fd-f60d-441e-99d2-20f31ed48557","3347353f-d9ca-4434-be45-68d64cfeeaf5"]
2018-04-14 06:48:36:822 - info: [debug] [JSONWP Proxy] Proxying [POST /element/9c4e98fd-f60d-441e-99d2-20f31ed48557/click] to [POST http://localhost:8204/wd/hub/session/8fd1705a-b270-48cb-8f98-b27f34567abb/element/9c4e98fd-f60d-441e-99d2-20f31ed48557/click] with body: {"element":"9c4e98fd-f60d-441e-99d2-20f31ed48557"}
2018-04-14 06:48:39:968 - info: [debug] [JSONWP Proxy] Got response with status 200: {"sessionId":"8fd1705a-b270-48cb-8f98-b27f34567abb","status":0,"value":true}
2018-04-14 06:48:39:969 - info: [debug] [MJSONWP] Responding to client with driver.click() result: true
2018-04-14 06:48:39:970 - info: [HTTP] <-- POST /wd/hub/session/3347353f-d9ca-4434-be45-68d64cfeeaf5/element/9c4e98fd-f60d-441e-99d2-20f31ed48557/click 200 3149 ms - 76 
2018-04-14 06:48:39:977 - info: [HTTP] --> POST /wd/hub/session/3347353f-d9ca-4434-be45-68d64cfeeaf5/element {"using":"-android uiautomator","sessionId":"3347353f-d9ca-4434-be45-68d64cfeeaf5","value":"new UiSelector().text(\"\")"}
2018-04-14 06:48:39:978 - info: [debug] [MJSONWP] Calling AppiumDriver.findElement() with args: ["-android uiautomator","new UiSelector().text(\"\")","3347353f-d9ca-4434-be45-68d64cfeeaf5"]
2018-04-14 06:48:39:979 - info: [debug] [BaseDriver] Valid locator strategies for this request: xpath, id, class name, accessibility id, -android uiautomator
2018-04-14 06:48:39:979 - info: [debug] [BaseDriver] Valid locator strategies for this request: xpath, id, class name, accessibility id, -android uiautomator
2018-04-14 06:48:39:980 - info: [debug] [BaseDriver] Waiting up to 0 ms for condition
2018-04-14 06:48:39:982 - info: [debug] [JSONWP Proxy] Proxying [POST /element] to [POST http://localhost:8204/wd/hub/session/8fd1705a-b270-48cb-8f98-b27f34567abb/element] with body: {"strategy":"-android uiautomator","selector":"new UiSelector().text(\"\")","context":"","multiple":false}
2018-04-14 06:48:40:008 - info: [debug] [JSONWP Proxy] Got response with status 200: {"sessionId":"8fd1705a-b270-48cb-8f98-b27f34567abb","status":0,"value":{"ELEMENT":"17315a56-3338-4727-a70a-4760ecbb81b2"}}
2018-04-14 06:48:40:009 - info: [debug] [MJSONWP] Responding to client with driver.findElement() result: {"ELEMENT":"17315a56-3338-4727-a70a-4760ecbb81b2"}
2018-04-14 06:48:40:011 - info: [HTTP] <-- POST /wd/hub/session/3347353f-d9ca-4434-be45-68d64cfeeaf5/element 200 33 ms - 122 
2018-04-14 06:48:40:015 - info: [HTTP] --> POST /wd/hub/session/3347353f-d9ca-4434-be45-68d64cfeeaf5/element/17315a56-3338-4727-a70a-4760ecbb81b2/click {"sessionId":"3347353f-d9ca-4434-be45-68d64cfeeaf5","id":"17315a56-3338-4727-a70a-4760ecbb81b2"}
2018-04-14 06:48:40:015 - info: [debug] [MJSONWP] Calling AppiumDriver.click() with args: ["17315a56-3338-4727-a70a-4760ecbb81b2","3347353f-d9ca-4434-be45-68d64cfeeaf5"]
2018-04-14 06:48:40:016 - info: [debug] [JSONWP Proxy] Proxying [POST /element/17315a56-3338-4727-a70a-4760ecbb81b2/click] to [POST http://localhost:8204/wd/hub/session/8fd1705a-b270-48cb-8f98-b27f34567abb/element/17315a56-3338-4727-a70a-4760ecbb81b2/click] with body: {"element":"17315a56-3338-4727-a70a-4760ecbb81b2"}
2018-04-14 06:48:42:148 - info: [debug] [JSONWP Proxy] Got response with status 200: {"sessionId":"8fd1705a-b270-48cb-8f98-b27f34567abb","status":0,"value":true}
2018-04-14 06:48:42:149 - info: [debug] [MJSONWP] Responding to client with driver.click() result: true
2018-04-14 06:48:42:153 - info: [HTTP] <-- POST /wd/hub/session/3347353f-d9ca-4434-be45-68d64cfeeaf5/element/17315a56-3338-4727-a70a-4760ecbb81b2/click 200 2134 ms - 76 
2018-04-14 06:48:45:155 - info: [HTTP] --> POST /wd/hub/session/3347353f-d9ca-4434-be45-68d64cfeeaf5/element {"using":"-android uiautomator","sessionId":"3347353f-d9ca-4434-be45-68d64cfeeaf5","value":"new UiSelector().text(\"\")"}
2018-04-14 06:48:45:156 - info: [debug] [MJSONWP] Calling AppiumDriver.findElement() with args: ["-android uiautomator","new UiSelector().text(\"\")","3347353f-d9ca-4434-be45-68d64cfeeaf5"]
2018-04-14 06:48:45:157 - info: [debug] [BaseDriver] Valid locator strategies for this request: xpath, id, class name, accessibility id, -android uiautomator
2018-04-14 06:48:45:157 - info: [debug] [BaseDriver] Valid locator strategies for this request: xpath, id, class name, accessibility id, -android uiautomator
2018-04-14 06:48:45:157 - info: [debug] [BaseDriver] Waiting up to 0 ms for condition
2018-04-14 06:48:45:158 - info: [debug] [JSONWP Proxy] Proxying [POST /element] to [POST http://localhost:8204/wd/hub/session/8fd1705a-b270-48cb-8f98-b27f34567abb/element] with body: {"strategy":"-android uiautomator","selector":"new UiSelector().text(\"\")","context":"","multiple":false}
2018-04-14 06:48:45:219 - info: [debug] [JSONWP Proxy] Got response with status 200: {"sessionId":"8fd1705a-b270-48cb-8f98-b27f34567abb","status":0,"value":{"ELEMENT":"f82a7edb-f696-4cc3-aa7e-faa2c314cd08"}}
2018-04-14 06:48:45:221 - info: [debug] [MJSONWP] Responding to client with driver.findElement() result: {"ELEMENT":"f82a7edb-f696-4cc3-aa7e-faa2c314cd08"}
2018-04-14 06:48:45:223 - info: [HTTP] <-- POST /wd/hub/session/3347353f-d9ca-4434-be45-68d64cfeeaf5/element 200 66 ms - 122 
2018-04-14 06:48:45:228 - info: [HTTP] --> POST /wd/hub/session/3347353f-d9ca-4434-be45-68d64cfeeaf5/element/f82a7edb-f696-4cc3-aa7e-faa2c314cd08/click {"sessionId":"3347353f-d9ca-4434-be45-68d64cfeeaf5","id":"f82a7edb-f696-4cc3-aa7e-faa2c314cd08"}
2018-04-14 06:48:45:229 - info: [debug] [MJSONWP] Calling AppiumDriver.click() with args: ["f82a7edb-f696-4cc3-aa7e-faa2c314cd08","3347353f-d9ca-4434-be45-68d64cfeeaf5"]
2018-04-14 06:48:45:231 - info: [debug] [JSONWP Proxy] Proxying [POST /element/f82a7edb-f696-4cc3-aa7e-faa2c314cd08/click] to [POST http://localhost:8204/wd/hub/session/8fd1705a-b270-48cb-8f98-b27f34567abb/element/f82a7edb-f696-4cc3-aa7e-faa2c314cd08/click] with body: {"element":"f82a7edb-f696-4cc3-aa7e-faa2c314cd08"}
2018-04-14 06:48:46:287 - info: [debug] [JSONWP Proxy] Got response with status 200: {"sessionId":"8fd1705a-b270-48cb-8f98-b27f34567abb","status":0,"value":true}
2018-04-14 06:48:46:287 - info: [debug] [MJSONWP] Responding to client with driver.click() result: true
2018-04-14 06:48:46:288 - info: [HTTP] <-- POST /wd/hub/session/3347353f-d9ca-4434-be45-68d64cfeeaf5/element/f82a7edb-f696-4cc3-aa7e-faa2c314cd08/click 200 1060 ms - 76 
2018-04-14 06:48:46:292 - info: [HTTP] --> POST /wd/hub/session/3347353f-d9ca-4434-be45-68d64cfeeaf5/element {"using":"-android uiautomator","sessionId":"3347353f-d9ca-4434-be45-68d64cfeeaf5","value":"new UiSelector().text(\"\")"}
2018-04-14 06:48:46:293 - info: [debug] [MJSONWP] Calling AppiumDriver.findElement() with args: ["-android uiautomator","new UiSelector().text(\"\")","3347353f-d9ca-4434-be45-68d64cfeeaf5"]
2018-04-14 06:48:46:293 - info: [debug] [BaseDriver] Valid locator strategies for this request: xpath, id, class name, accessibility id, -android uiautomator
2018-04-14 06:48:46:294 - info: [debug] [BaseDriver] Valid locator strategies for this request: xpath, id, class name, accessibility id, -android uiautomator
2018-04-14 06:48:46:294 - info: [debug] [BaseDriver] Waiting up to 0 ms for condition
2018-04-14 06:48:46:294 - info: [debug] [JSONWP Proxy] Proxying [POST /element] to [POST http://localhost:8204/wd/hub/session/8fd1705a-b270-48cb-8f98-b27f34567abb/element] with body: {"strategy":"-android uiautomator","selector":"new UiSelector().text(\"\")","context":"","multiple":false}
2018-04-14 06:48:46:363 - info: [debug] [JSONWP Proxy] Got response with status 200: {"sessionId":"8fd1705a-b270-48cb-8f98-b27f34567abb","status":0,"value":{"ELEMENT":"f9ca8ae9-c419-43c6-9253-e6f0d565d773"}}
2018-04-14 06:48:46:365 - info: [debug] [MJSONWP] Responding to client with driver.findElement() result: {"ELEMENT":"f9ca8ae9-c419-43c6-9253-e6f0d565d773"}
2018-04-14 06:48:46:366 - info: [HTTP] <-- POST /wd/hub/session/3347353f-d9ca-4434-be45-68d64cfeeaf5/element 200 73 ms - 122 
2018-04-14 06:48:46:371 - info: [HTTP] --> POST /wd/hub/session/3347353f-d9ca-4434-be45-68d64cfeeaf5/element/f9ca8ae9-c419-43c6-9253-e6f0d565d773/click {"sessionId":"3347353f-d9ca-4434-be45-68d64cfeeaf5","id":"f9ca8ae9-c419-43c6-9253-e6f0d565d773"}
2018-04-14 06:48:46:373 - info: [debug] [MJSONWP] Calling AppiumDriver.click() with args: ["f9ca8ae9-c419-43c6-9253-e6f0d565d773","3347353f-d9ca-4434-be45-68d64cfeeaf5"]
2018-04-14 06:48:46:374 - info: [debug] [JSONWP Proxy] Proxying [POST /element/f9ca8ae9-c419-43c6-9253-e6f0d565d773/click] to [POST http://localhost:8204/wd/hub/session/8fd1705a-b270-48cb-8f98-b27f34567abb/element/f9ca8ae9-c419-43c6-9253-e6f0d565d773/click] with body: {"element":"f9ca8ae9-c419-43c6-9253-e6f0d565d773"}
2018-04-14 06:48:47:596 - info: [debug] [JSONWP Proxy] Got response with status 200: {"sessionId":"8fd1705a-b270-48cb-8f98-b27f34567abb","status":0,"value":true}
2018-04-14 06:48:47:597 - info: [debug] [MJSONWP] Responding to client with driver.click() result: true
2018-04-14 06:48:47:599 - info: [HTTP] <-- POST /wd/hub/session/3347353f-d9ca-4434-be45-68d64cfeeaf5/element/f9ca8ae9-c419-43c6-9253-e6f0d565d773/click 200 1227 ms - 76 
2018-04-14 06:49:47:601 - warn: [BaseDriver] Shutting down because we waited 60 seconds for a command
2018-04-14 06:49:47:618 - info: [debug] [UiAutomator2] Deleting UiAutomator2 session
2018-04-14 06:49:47:619 - warn: [Appium] Closing session, cause was 'New Command Timeout of 60 seconds expired. Try customizing the timeout using the 'newCommandTimeout' desired capability'
2018-04-14 06:49:47:619 - info: [Appium] Removing session 3347353f-d9ca-4434-be45-68d64cfeeaf5 from our master session list
2018-04-14 06:49:47:620 - info: [debug] [UiAutomator2] Deleting UiAutomator2 server session
2018-04-14 06:49:47:620 - info: [debug] [JSONWP Proxy] Proxying [DELETE /] to [DELETE http://localhost:8204/wd/hub/session/8fd1705a-b270-48cb-8f98-b27f34567abb] with no body
2018-04-14 06:49:47:651 - info: [debug] [JSONWP Proxy] Got response with status 200: "{\"sessionId\":\"8fd1705a-b270-48cb-8f98-b27f34567abb\",\"status\":0,\"value\":\"Session deleted\"}"
2018-04-14 06:49:47:652 - info: [debug] [UiAutomator2] Resetting IME to 'io.appium.android.ime/.UnicodeIME'
2018-04-14 06:49:47:652 - info: [debug] [ADB] Getting connected devices...
2018-04-14 06:49:47:781 - info: [debug] [ADB] 1 device(s) connected
2018-04-14 06:49:47:782 - info: [debug] [ADB] Running 'D:\sdk\platform-tools\adb.exe' with args: ["-P",5037,"-s","K4Q6T16713001686","shell","ime","set","io.appium.android.ime/.UnicodeIME"]
2018-04-14 06:49:49:015 - info: [debug] [UiAutomator2] [UIAutomator2] io.appium.uiautomator2.server.test.AppiumUiAutomator2Server:.
2018-04-14 06:49:49:015 - info: [debug] [UiAutomator2] [UIAutomator2] Time: 127.043
2018-04-14 06:49:49:023 - info: [debug] [UiAutomator2] [UIAutomator2] OK (1 test)
2018-04-14 06:49:49:047 - info: [debug] [ADB] Getting connected devices...
2018-04-14 06:49:49:125 - info: [debug] [ADB] 1 device(s) connected
2018-04-14 06:49:49:126 - info: [debug] [ADB] Running 'D:\sdk\platform-tools\adb.exe' with args: ["-P",5037,"-s","K4Q6T16713001686","shell","am","force-stop","com.elephant.myinvoice"]
2018-04-14 06:49:49:892 - info: [debug] [Logcat] Stopping logcat capture
2018-04-14 06:49:49:903 - info: [debug] [ADB] Removing forwarded port socket connection: 8204 
2018-04-14 06:49:49:904 - info: [debug] [ADB] Running 'D:\sdk\platform-tools\adb.exe' with args: ["-P",5037,"-s","K4Q6T16713001686","forward","--remove","tcp:8204"]
