2018-04-07 05:23:20:353 - info: [Appium] Welcome to Appium v1.7.2
2018-04-07 05:23:20:356 - info: [Appium] Non-default server args:
2018-04-07 05:23:20:357 - info: [Appium]   port: 4701
2018-04-07 05:23:20:357 - info: [Appium]   bootstrapPort: 4900
2018-04-07 05:23:20:358 - info: [Appium]   sessionOverride: true
2018-04-07 05:23:20:358 - info: [Appium]   log: D:/PycharmProjects/Appium27/log/K4Q6T167130016862018-04-07-13_23_12.log
2018-04-07 05:23:20:358 - info: [Appium]   udid: K4Q6T16713001686
2018-04-07 05:23:20:358 - info: [Appium]   noReset: true
2018-04-07 05:23:20:359 - warn: [Appium] Deprecated server args:
2018-04-07 05:23:20:359 - warn: [Appium]   -U,--udid => --default-capabilities '{"udid":"K4Q6T16713001686"}'
2018-04-07 05:23:20:359 - warn: [Appium]   --no-reset => --default-capabilities '{"noReset":true}'
2018-04-07 05:23:20:360 - info: [Appium] Default capabilities, which will be added to each request unless overridden by desired capabilities:
2018-04-07 05:23:20:360 - info: [Appium]   udid: K4Q6T16713001686
2018-04-07 05:23:20:360 - info: [Appium]   noReset: true
2018-04-07 05:23:20:394 - info: [Appium] Appium REST http interface listener started on 0.0.0.0:4701
2018-04-07 05:23:33:854 - info: [HTTP] --> POST /wd/hub/session {"capabilities":{"alwaysMatch":{"platformName":"Android"},"firstMatch":[{}]},"desiredCapabilities":{"deviceName":"K4Q6T16713001686","unicodeKeyboard":true,"automationName":"uiautomator2","resetKeyboard":true,"platformName":"Android","app":"../apk/wdfp.apk"}}
2018-04-07 05:23:33:858 - info: [debug] [MJSONWP] Calling AppiumDriver.createSession() with args: [{"deviceName":"K4Q6T16713001686","unicodeKeyboard":true,"automationName":"uiautomator2","resetKeyboard":true,"platformName":"Android","app":"../apk/wdfp.apk"},null,{"alwaysMatch":{"platformName":"Android"},"firstMatch":[{}]}]
2018-04-07 05:23:33:860 - info: [debug] [BaseDriver] Event 'newSessionRequested' logged at 1523078613860 (13:23:33 GMT+0800 (China Standard Time))
2018-04-07 05:23:33:862 - info: [Appium] Merged W3C capabilities {"alwaysMatch":{"platformName":"Android"},"firs... into desiredCapabilities object {"deviceName":"K4Q6T16713001686","unicodeKeyboa...
2018-04-07 05:23:33:870 - info: [Appium] Creating new AndroidUiautomator2Driver (v0.11.0) session
2018-04-07 05:23:33:870 - info: [Appium] Capabilities:
2018-04-07 05:23:33:870 - info: [Appium]   deviceName: K4Q6T16713001686
2018-04-07 05:23:33:870 - info: [Appium]   unicodeKeyboard: true
2018-04-07 05:23:33:870 - info: [Appium]   automationName: uiautomator2
2018-04-07 05:23:33:871 - info: [Appium]   resetKeyboard: true
2018-04-07 05:23:33:871 - info: [Appium]   platformName: Android
2018-04-07 05:23:33:871 - info: [Appium]   app: ../apk/wdfp.apk
2018-04-07 05:23:33:871 - info: [Appium]   udid: K4Q6T16713001686
2018-04-07 05:23:33:876 - info: [Appium]   noReset: true
2018-04-07 05:23:33:897 - info: [BaseDriver] Session created with session id: 0f8199ad-a895-4998-8ec9-f9c06e16c992
2018-04-07 05:23:33:898 - info: [BaseDriver] Using local app '../apk/wdfp.apk'
2018-04-07 05:23:33:925 - info: [debug] [UiAutomator2] Checking whether app is actually present
2018-04-07 05:23:34:352 - info: [debug] [AndroidDriver] Getting Java version
2018-04-07 05:23:34:628 - info: [AndroidDriver] Java version is: 1.8.0_151
2018-04-07 05:23:34:632 - info: [ADB] Checking whether adb is present
2018-04-07 05:23:34:636 - info: [ADB] Using adb.exe from D:\sdk\platform-tools\adb.exe
2018-04-07 05:23:34:636 - info: [AndroidDriver] Retrieving device list
2018-04-07 05:23:34:637 - info: [debug] [ADB] Trying to find a connected android device
2018-04-07 05:23:34:638 - info: [debug] [ADB] Getting connected devices...
2018-04-07 05:23:34:756 - info: [debug] [ADB] 1 device(s) connected
2018-04-07 05:23:34:757 - info: [AndroidDriver] Using device: K4Q6T16713001686
2018-04-07 05:23:34:758 - info: [ADB] Checking whether adb is present
2018-04-07 05:23:34:759 - info: [debug] [ADB] Setting device id to K4Q6T16713001686
2018-04-07 05:23:34:760 - info: [debug] [ADB] Getting connected devices...
2018-04-07 05:23:34:915 - info: [debug] [ADB] 1 device(s) connected
2018-04-07 05:23:34:917 - info: [debug] [ADB] Running 'D:\sdk\platform-tools\adb.exe' with args: ["-P",5037,"-s","K4Q6T16713001686","shell","getprop","ro.build.version.sdk"]
2018-04-07 05:23:35:013 - info: [debug] [ADB] Current device property 'ro.build.version.sdk': 24
2018-04-07 05:23:35:013 - info: [debug] [ADB] Device API level: 24
2018-04-07 05:23:35:014 - info: [debug] [AndroidDriver] Parsing package and activity from app manifest
2018-04-07 05:23:35:015 - info: [ADB] Checking whether aapt is present
2018-04-07 05:23:35:018 - info: [ADB] Using aapt.exe from D:\sdk\tools\aapt.exe
2018-04-07 05:23:35:019 - info: [ADB] Extracting package and launch activity from manifest
2018-04-07 05:23:35:185 - info: [debug] [ADB] badging package: com.elephant.myinvoice
2018-04-07 05:23:35:185 - info: [debug] [ADB] badging act: com.elephant.myinvoice.MainActivity
2018-04-07 05:23:35:185 - info: [debug] [AndroidDriver] Parsed package and activity are: com.elephant.myinvoice/com.elephant.myinvoice.MainActivity
2018-04-07 05:23:35:186 - info: [ADB] Getting device platform version
2018-04-07 05:23:35:186 - info: [debug] [ADB] Getting connected devices...
2018-04-07 05:23:35:269 - info: [debug] [ADB] 1 device(s) connected
2018-04-07 05:23:35:269 - info: [debug] [ADB] Running 'D:\sdk\platform-tools\adb.exe' with args: ["-P",5037,"-s","K4Q6T16713001686","shell","getprop","ro.build.version.release"]
2018-04-07 05:23:35:442 - info: [debug] [ADB] Current device property 'ro.build.version.release': 7.0
2018-04-07 05:23:35:443 - info: [debug] [ADB] Getting connected devices...
2018-04-07 05:23:35:525 - info: [debug] [ADB] 1 device(s) connected
2018-04-07 05:23:35:526 - info: [debug] [ADB] Running 'D:\sdk\platform-tools\adb.exe' with args: ["-P",5037,"-s","K4Q6T16713001686","shell","wm","size"]
2018-04-07 05:23:36:790 - info: [debug] [ADB] Getting connected devices...
2018-04-07 05:23:36:862 - info: [debug] [ADB] 1 device(s) connected
2018-04-07 05:23:36:862 - info: [debug] [ADB] Running 'D:\sdk\platform-tools\adb.exe' with args: ["-P",5037,"-s","K4Q6T16713001686","shell","wm","density"]
2018-04-07 05:23:37:606 - info: [debug] [ADB] Getting connected devices...
2018-04-07 05:23:37:678 - info: [debug] [ADB] 1 device(s) connected
2018-04-07 05:23:37:678 - info: [debug] [ADB] Running 'D:\sdk\platform-tools\adb.exe' with args: ["-P",5037,"-s","K4Q6T16713001686","shell","getprop","ro.product.model"]
2018-04-07 05:23:37:858 - info: [debug] [ADB] Current device property 'ro.product.model': NEM-AL10
2018-04-07 05:23:37:859 - info: [debug] [ADB] Getting connected devices...
2018-04-07 05:23:37:977 - info: [debug] [ADB] 1 device(s) connected
2018-04-07 05:23:37:977 - info: [debug] [ADB] Running 'D:\sdk\platform-tools\adb.exe' with args: ["-P",5037,"-s","K4Q6T16713001686","shell","getprop","ro.product.manufacturer"]
2018-04-07 05:23:38:101 - info: [debug] [ADB] Current device property 'ro.product.manufacturer': HUAWEI
2018-04-07 05:23:38:103 - info: [debug] [ADB] Getting connected devices...
2018-04-07 05:23:38:176 - info: [debug] [ADB] 1 device(s) connected
2018-04-07 05:23:38:177 - info: [debug] [ADB] Running 'D:\sdk\platform-tools\adb.exe' with args: ["-P",5037,"-s","K4Q6T16713001686","shell","am","force-stop","io.appium.uiautomator2.server"]
2018-04-07 05:23:38:944 - info: [ADB] Checking whether aapt is present
2018-04-07 05:23:38:992 - info: [debug] [ADB] Getting install status for io.appium.uiautomator2.server
2018-04-07 05:23:38:993 - info: [debug] [ADB] Getting connected devices...
2018-04-07 05:23:39:087 - info: [debug] [ADB] 1 device(s) connected
2018-04-07 05:23:39:087 - info: [debug] [ADB] Running 'D:\sdk\platform-tools\adb.exe' with args: ["-P",5037,"-s","K4Q6T16713001686","shell","pm","list","packages","io.appium.uiautomator2.server"]
2018-04-07 05:23:39:856 - info: [debug] [ADB] App is installed
2018-04-07 05:23:39:856 - info: [debug] [ADB] Getting install status for io.appium.uiautomator2.server.test
2018-04-07 05:23:39:856 - info: [debug] [ADB] Getting connected devices...
2018-04-07 05:23:39:973 - info: [debug] [ADB] 1 device(s) connected
2018-04-07 05:23:39:974 - info: [debug] [ADB] Running 'D:\sdk\platform-tools\adb.exe' with args: ["-P",5037,"-s","K4Q6T16713001686","shell","pm","list","packages","io.appium.uiautomator2.server.test"]
2018-04-07 05:23:40:695 - info: [debug] [ADB] App is installed
2018-04-07 05:23:40:695 - info: [debug] [ADB] Getting package info for io.appium.uiautomator2.server
2018-04-07 05:23:40:696 - info: [debug] [ADB] Getting connected devices...
2018-04-07 05:23:40:783 - info: [debug] [ADB] 1 device(s) connected
2018-04-07 05:23:40:783 - info: [debug] [ADB] Running 'D:\sdk\platform-tools\adb.exe' with args: ["-P",5037,"-s","K4Q6T16713001686","shell","dumpsys","package","io.appium.uiautomator2.server"]
2018-04-07 05:23:40:924 - info: [debug] [UiAutomator2] Waiting up to 20000ms for instrumentation 'io.appium.uiautomator2.server.test/android.support.test.runner.AndroidJUnitRunner' to be available
2018-04-07 05:23:40:925 - info: [debug] [ADB] Getting connected devices...
2018-04-07 05:23:41:053 - info: [debug] [ADB] 1 device(s) connected
2018-04-07 05:23:41:053 - info: [debug] [ADB] Running 'D:\sdk\platform-tools\adb.exe' with args: ["-P",5037,"-s","K4Q6T16713001686","shell","pm","list","instrumentation"]
2018-04-07 05:23:41:759 - info: [debug] [UiAutomator2] Instrumentation 'io.appium.uiautomator2.server.test/android.support.test.runner.AndroidJUnitRunner' available
2018-04-07 05:23:41:760 - info: [debug] [ADB] Running 'D:\sdk\platform-tools\adb.exe' with args: ["-P",5037,"-s","K4Q6T16713001686","wait-for-device"]
2018-04-07 05:23:41:845 - info: [debug] [ADB] Getting connected devices...
2018-04-07 05:23:41:917 - info: [debug] [ADB] 1 device(s) connected
2018-04-07 05:23:41:917 - info: [debug] [ADB] Running 'D:\sdk\platform-tools\adb.exe' with args: ["-P",5037,"-s","K4Q6T16713001686","shell","echo","ping"]
2018-04-07 05:23:42:059 - warn: [AndroidDriver] setDeviceLanguageCountry requires language or country.
2018-04-07 05:23:42:059 - warn: [AndroidDriver] Got language: 'null' and country: 'null'
2018-04-07 05:23:42:061 - info: [debug] [Logcat] Starting logcat capture
2018-04-07 05:23:42:160 - info: [debug] [AndroidDriver] Enabling Unicode keyboard support
2018-04-07 05:23:42:160 - info: [debug] [AndroidDriver] Pushing unicode ime to device...
2018-04-07 05:23:42:161 - info: [debug] [ADB] Running 'D:\sdk\platform-tools\adb.exe' with args: ["-P",5037,"-s","K4Q6T16713001686","install","C:\\Users\\Myron.Guo\\AppData\\Roaming\\npm\\node_modules\\appium\\node_modules\\appium-android-ime\\bin\\UnicodeIME-debug.apk"]
2018-04-07 05:23:43:498 - info: [debug] [ADB] Getting connected devices...
2018-04-07 05:23:43:567 - info: [debug] [ADB] 1 device(s) connected
2018-04-07 05:23:43:568 - info: [debug] [ADB] Running 'D:\sdk\platform-tools\adb.exe' with args: ["-P",5037,"-s","K4Q6T16713001686","shell","settings","get","secure","default_input_method"]
2018-04-07 05:23:44:285 - info: [debug] [AndroidDriver] Unsetting previous IME io.appium.android.ime/.UnicodeIME
2018-04-07 05:23:44:285 - info: [debug] [AndroidDriver] Setting IME to 'io.appium.android.ime/.UnicodeIME'
2018-04-07 05:23:44:286 - info: [debug] [ADB] Getting connected devices...
2018-04-07 05:23:44:355 - info: [debug] [ADB] 1 device(s) connected
2018-04-07 05:23:44:356 - info: [debug] [ADB] Running 'D:\sdk\platform-tools\adb.exe' with args: ["-P",5037,"-s","K4Q6T16713001686","shell","ime","enable","io.appium.android.ime/.UnicodeIME"]
2018-04-07 05:23:45:073 - info: [debug] [ADB] Getting connected devices...
2018-04-07 05:23:45:165 - info: [debug] [ADB] 1 device(s) connected
2018-04-07 05:23:45:166 - info: [debug] [ADB] Running 'D:\sdk\platform-tools\adb.exe' with args: ["-P",5037,"-s","K4Q6T16713001686","shell","ime","set","io.appium.android.ime/.UnicodeIME"]
2018-04-07 05:23:45:873 - info: [debug] [AndroidDriver] Pushing settings apk to device...
2018-04-07 05:23:45:875 - info: [debug] [ADB] Getting install status for io.appium.settings
2018-04-07 05:23:45:876 - info: [debug] [ADB] Getting connected devices...
2018-04-07 05:23:45:948 - info: [debug] [ADB] 1 device(s) connected
2018-04-07 05:23:45:948 - info: [debug] [ADB] Running 'D:\sdk\platform-tools\adb.exe' with args: ["-P",5037,"-s","K4Q6T16713001686","shell","pm","list","packages","io.appium.settings"]
2018-04-07 05:23:46:669 - info: [debug] [ADB] App is installed
2018-04-07 05:23:46:669 - info: [debug] [ADB] Getting package info for io.appium.settings
2018-04-07 05:23:46:670 - info: [debug] [ADB] Getting connected devices...
2018-04-07 05:23:46:764 - info: [debug] [ADB] 1 device(s) connected
2018-04-07 05:23:46:764 - info: [debug] [ADB] Running 'D:\sdk\platform-tools\adb.exe' with args: ["-P",5037,"-s","K4Q6T16713001686","shell","dumpsys","package","io.appium.settings"]
2018-04-07 05:23:46:910 - info: [ADB] Checking whether aapt is present
2018-04-07 05:23:47:005 - info: [debug] [ADB] The installed 'io.appium.settings' package does not require upgrade (5 >= 5)
2018-04-07 05:23:47:006 - info: [debug] [ADB] Device API level: 24
2018-04-07 05:23:47:007 - info: [debug] [ADB] Getting connected devices...
2018-04-07 05:23:47:137 - info: [debug] [ADB] 1 device(s) connected
2018-04-07 05:23:47:138 - info: [debug] [ADB] Running 'D:\sdk\platform-tools\adb.exe' with args: ["-P",5037,"-s","K4Q6T16713001686","shell","dumpsys","package","io.appium.settings"]
2018-04-07 05:23:47:265 - info: [debug] [ADB] Getting connected devices...
2018-04-07 05:23:47:436 - info: [debug] [ADB] 1 device(s) connected
2018-04-07 05:23:47:436 - info: [debug] [ADB] Running 'D:\sdk\platform-tools\adb.exe' with args: ["-P",5037,"-s","K4Q6T16713001686","shell","pm","dump","io.appium.settings"]
2018-04-07 05:23:48:649 - info: [debug] [ADB] Got the following command chunks to execute: pm,grant,io.appium.settings,android.permission.WRITE_SETTINGS,;,pm,grant,io.appium.settings,android.permission.ACCESS_MOCK_LOCATION,;
2018-04-07 05:23:48:649 - info: [debug] [ADB] Getting connected devices...
2018-04-07 05:23:48:744 - info: [debug] [ADB] 1 device(s) connected
2018-04-07 05:23:48:745 - info: [debug] [ADB] Running 'D:\sdk\platform-tools\adb.exe' with args: ["-P",5037,"-s","K4Q6T16713001686","shell","pm","grant","io.appium.settings","android.permission.WRITE_SETTINGS",";","pm","grant","io.appium.settings","android.permission.ACCESS_MOCK_LOCATION",";"]
2018-04-07 05:23:50:058 - info: [debug] [ADB] Getting connected devices...
2018-04-07 05:23:50:167 - info: [debug] [ADB] 1 device(s) connected
2018-04-07 05:23:50:167 - info: [debug] [ADB] Running 'D:\sdk\platform-tools\adb.exe' with args: ["-P",5037,"-s","K4Q6T16713001686","shell","ps"]
2018-04-07 05:23:50:328 - info: [debug] [ADB] Device API level: 24
2018-04-07 05:23:50:329 - info: [debug] [ADB] Getting connected devices...
2018-04-07 05:23:50:421 - info: [debug] [ADB] 1 device(s) connected
2018-04-07 05:23:50:422 - info: [debug] [ADB] Running 'D:\sdk\platform-tools\adb.exe' with args: ["-P",5037,"-s","K4Q6T16713001686","shell","am","start","-W","-n","io.appium.settings/.Settings","-a","android.intent.action.MAIN","-c","android.intent.category.LAUNCHER","-f","0x10200000"]
2018-04-07 05:23:51:634 - info: [debug] [ADB] Device API level: 24
2018-04-07 05:23:51:635 - info: [debug] [ADB] Getting connected devices...
2018-04-07 05:23:51:750 - info: [debug] [ADB] 1 device(s) connected
2018-04-07 05:23:51:750 - info: [debug] [ADB] Running 'D:\sdk\platform-tools\adb.exe' with args: ["-P",5037,"-s","K4Q6T16713001686","shell","appops","set","io.appium.settings","android:mock_location","allow"]
2018-04-07 05:23:51:875 - info: [debug] [AndroidDriver] Pushing unlock helper app to device...
2018-04-07 05:23:51:875 - info: [debug] [ADB] Getting install status for io.appium.unlock
2018-04-07 05:23:51:876 - info: [debug] [ADB] Getting connected devices...
2018-04-07 05:23:51:969 - info: [debug] [ADB] 1 device(s) connected
2018-04-07 05:23:51:969 - info: [debug] [ADB] Running 'D:\sdk\platform-tools\adb.exe' with args: ["-P",5037,"-s","K4Q6T16713001686","shell","pm","list","packages","io.appium.unlock"]
2018-04-07 05:23:52:737 - info: [debug] [ADB] App is installed
2018-04-07 05:23:52:737 - info: [debug] [ADB] Getting package info for io.appium.unlock
2018-04-07 05:23:52:738 - info: [debug] [ADB] Getting connected devices...
2018-04-07 05:23:52:838 - info: [debug] [ADB] 1 device(s) connected
2018-04-07 05:23:52:838 - info: [debug] [ADB] Running 'D:\sdk\platform-tools\adb.exe' with args: ["-P",5037,"-s","K4Q6T16713001686","shell","dumpsys","package","io.appium.unlock"]
2018-04-07 05:23:52:961 - info: [ADB] Checking whether aapt is present
2018-04-07 05:23:53:073 - info: [debug] [ADB] The installed 'io.appium.unlock' package does not require upgrade (2 >= 2)
2018-04-07 05:23:53:074 - info: [debug] [UiAutomator2] Forwarding UiAutomator2 Server port 6790 to 8216
2018-04-07 05:23:53:076 - info: [debug] [ADB] Forwarding system: 8216 to device: 6790
2018-04-07 05:23:53:076 - info: [debug] [ADB] Running 'D:\sdk\platform-tools\adb.exe' with args: ["-P",5037,"-s","K4Q6T16713001686","forward","tcp:8216","tcp:6790"]
2018-04-07 05:23:53:183 - info: [debug] [ADB] Getting connected devices...
2018-04-07 05:23:53:282 - info: [debug] [ADB] 1 device(s) connected
2018-04-07 05:23:53:283 - info: [debug] [ADB] Running 'D:\sdk\platform-tools\adb.exe' with args: ["-P",5037,"-s","K4Q6T16713001686","shell","dumpsys","window"]
2018-04-07 05:23:53:491 - info: [AndroidDriver] Screen already unlocked, doing nothing
2018-04-07 05:23:53:492 - info: [debug] [AndroidDriver] Extracting strings from apk ../apk/wdfp.apk null C:\Users\Myron.Guo\AppData\Local\Temp\com.elephant.myinvoice
2018-04-07 05:23:53:493 - info: [debug] [ADB] Extracting strings for language: default
2018-04-07 05:23:53:494 - info: [debug] [ADB] Device API level: 24
2018-04-07 05:23:53:494 - info: [debug] [ADB] Getting connected devices...
2018-04-07 05:23:53:594 - info: [debug] [ADB] 1 device(s) connected
2018-04-07 05:23:53:595 - info: [debug] [ADB] Running 'D:\sdk\platform-tools\adb.exe' with args: ["-P",5037,"-s","K4Q6T16713001686","shell","getprop","persist.sys.locale"]
2018-04-07 05:23:53:702 - info: [debug] [ADB] Current device property 'persist.sys.locale': zh-CN
2018-04-07 05:23:55:232 - info: [debug] [ADB] Reading strings from converted strings.json
2018-04-07 05:23:55:234 - info: [debug] [ADB] Running 'D:\sdk\platform-tools\adb.exe' with args: ["-P",5037,"-s","K4Q6T16713001686","push","C:\\Users\\Myron.Guo\\AppData\\Local\\Temp\\com.elephant.myinvoice\\strings.json","/data/local/tmp"]
2018-04-07 05:23:55:426 - info: [debug] [ADB] Checking app cert for ../apk/wdfp.apk
2018-04-07 05:23:55:431 - warn: [ADB] Cannot use apksigner tool for signature verification. Defaulting to verify.jar. Original error: Could not find apksigner.bat in D:\sdk\platform-tools\apksigner.bat,D:\sdk\emulator\apksigner.bat,D:\sdk\tools\apksigner.bat,D:\sdk\tools\bin\apksigner.bat,D:\sdk\build-tools\android-4.3\apksigner.bat, or supported build-tools under D:\sdk do you have the Android SDK installed at this location?
2018-04-07 05:23:56:974 - info: [debug] [ADB] '../apk/wdfp.apk' is already signed.
2018-04-07 05:23:57:245 - info: [AndroidDriver] Remote apk path is /data/local/tmp/4a9053f45d358d0242a66992e1a83312.apk
2018-04-07 05:23:57:246 - info: [debug] [ADB] Getting connected devices...
2018-04-07 05:23:57:318 - info: [debug] [ADB] 1 device(s) connected
2018-04-07 05:23:57:319 - info: [debug] [ADB] Running 'D:\sdk\platform-tools\adb.exe' with args: ["-P",5037,"-s","K4Q6T16713001686","shell","ls","/data/local/tmp/4a9053f45d358d0242a66992e1a83312.apk"]
2018-04-07 05:23:57:429 - info: [debug] [AndroidDriver] Checking if app is installed
2018-04-07 05:23:57:429 - info: [debug] [ADB] Getting install status for com.elephant.myinvoice
2018-04-07 05:23:57:430 - info: [debug] [ADB] Getting connected devices...
2018-04-07 05:23:57:536 - info: [debug] [ADB] 1 device(s) connected
2018-04-07 05:23:57:537 - info: [debug] [ADB] Running 'D:\sdk\platform-tools\adb.exe' with args: ["-P",5037,"-s","K4Q6T16713001686","shell","pm","list","packages","com.elephant.myinvoice"]
2018-04-07 05:23:58:286 - info: [debug] [ADB] App is not installed
2018-04-07 05:23:58:286 - info: [AndroidDriver] Apk is not yet installed
2018-04-07 05:23:58:286 - info: [AndroidDriver] installing apk from remote
2018-04-07 05:23:58:287 - info: [debug] [ADB] Getting connected devices...
2018-04-07 05:23:58:366 - info: [debug] [ADB] 1 device(s) connected
2018-04-07 05:23:58:366 - info: [debug] [ADB] Running 'D:\sdk\platform-tools\adb.exe' with args: ["-P",5037,"-s","K4Q6T16713001686","shell","mkdir","-p","/data/local/tmp"]
2018-04-07 05:23:58:542 - info: [AndroidDriver] Clearing out any existing remote apks with the same hash
2018-04-07 05:23:58:543 - info: [debug] [AndroidDriver] Removing any old apks
2018-04-07 05:23:58:543 - info: [debug] [AndroidDriver] Except ["4a9053f45d358d0242a66992e1a83312"]
2018-04-07 05:23:58:544 - info: [debug] [ADB] Getting connected devices...
2018-04-07 05:23:58:620 - info: [debug] [ADB] 1 device(s) connected
2018-04-07 05:23:58:620 - info: [debug] [ADB] Running 'D:\sdk\platform-tools\adb.exe' with args: ["-P",5037,"-s","K4Q6T16713001686","shell","ls","/data/local/tmp/*.apk"]
2018-04-07 05:23:58:722 - info: [debug] [ADB] Uninstalling com.elephant.myinvoice
2018-04-07 05:23:58:723 - info: [debug] [ADB] Getting install status for com.elephant.myinvoice
2018-04-07 05:23:58:723 - info: [debug] [ADB] Getting connected devices...
2018-04-07 05:23:58:810 - info: [debug] [ADB] 1 device(s) connected
2018-04-07 05:23:58:811 - info: [debug] [ADB] Running 'D:\sdk\platform-tools\adb.exe' with args: ["-P",5037,"-s","K4Q6T16713001686","shell","pm","list","packages","com.elephant.myinvoice"]
2018-04-07 05:23:59:554 - info: [debug] [ADB] App is not installed
2018-04-07 05:23:59:554 - info: [ADB] com.elephant.myinvoice was not uninstalled, because it was not present on the device
2018-04-07 05:23:59:555 - info: [debug] [ADB] Getting connected devices...
2018-04-07 05:23:59:690 - info: [debug] [ADB] 1 device(s) connected
2018-04-07 05:23:59:690 - info: [debug] [ADB] Running 'D:\sdk\platform-tools\adb.exe' with args: ["-P",5037,"-s","K4Q6T16713001686","shell","pm","install","-r","/data/local/tmp/4a9053f45d358d0242a66992e1a83312.apk"]
2018-04-07 05:24:04:615 - info: [debug] [ADB] Getting connected devices...
2018-04-07 05:24:04:687 - info: [debug] [ADB] 1 device(s) connected
2018-04-07 05:24:04:687 - info: [debug] [ADB] Running 'D:\sdk\platform-tools\adb.exe' with args: ["-P",5037,"-s","K4Q6T16713001686","shell","am","force-stop","io.appium.uiautomator2.server"]
2018-04-07 05:24:05:634 - info: [UiAutomator2] Starting uiautomator2 server v0.3.0
2018-04-07 05:24:05:635 - info: [UiAutomator2] Running command: 'adb -s K4Q6T16713001686 shell am instrument -w io.appium.uiautomator2.server.test/android.support.test.runner.AndroidJUnitRunner'
2018-04-07 05:24:05:638 - info: [UiAutomator2] Waiting up to 20000ms for UiAutomator2 to be online...
2018-04-07 05:24:05:640 - info: [debug] [JSONWP Proxy] Proxying [GET /status] to [GET http://localhost:8216/wd/hub/status] with no body
2018-04-07 05:24:06:679 - info: [debug] [JSONWP Proxy] Proxying [GET /status] to [GET http://localhost:8216/wd/hub/status] with no body
2018-04-07 05:24:07:704 - info: [debug] [JSONWP Proxy] Proxying [GET /status] to [GET http://localhost:8216/wd/hub/status] with no body
2018-04-07 05:24:08:716 - info: [debug] [JSONWP Proxy] Proxying [GET /status] to [GET http://localhost:8216/wd/hub/status] with no body
2018-04-07 05:24:08:753 - info: [debug] [JSONWP Proxy] Got response with status 200: "{\"sessionId\":\"SESSIONID\",\"status\":0,\"value\":\"Status Invoked\"}"
2018-04-07 05:24:08:754 - info: [debug] [JSONWP Proxy] Proxying [POST /session] to [POST http://localhost:8216/wd/hub/session] with body: {"desiredCapabilities":{"platform":"LINUX","webStorageEnabled":false,"takesScreenshot":true,"javascriptEnabled":true,"databaseEnabled":false,"networkConnectionEnabled":true,"locationContextEnabled":false,"warnings":{},"desired":{"deviceName":"K4Q6T16713001686","unicodeKeyboard":true,"automationName":"uiautomator2","resetKeyboard":true,"platformName":"Android","app":"../apk/wdfp.apk","udid":"K4Q6T16713001686","noReset":true},"deviceName":"K4Q6T16713001686","unicodeKeyboard":true,"automationName":"uiautomator2","resetKeyboard":true,"platformName":"Android","app":"../apk/wdfp.apk","udid":"K4Q6T16713001686","noReset":true,"deviceUDID":"K4Q6T16713001686","platformVersion":"7.0","deviceScreenSize":"1080x1920","deviceScreenDensity":480,"deviceModel":"NEM-AL10","deviceManufacturer":"HUAWEI","appPackage":"com.elephant.myinvoice"}}
2018-04-07 05:24:08:776 - info: [debug] [JSONWP Proxy] Got response with status 200: {"sessionId":"bc237180-9fd7-4d1e-be2d-0ab8ee281515","status":0,"value":"Created Session"}
2018-04-07 05:24:08:777 - info: [UiAutomator2] UiAutomator2 did not start the activity we were waiting for, 'com.elephant.myinvoice/com.elephant.myinvoice.MainActivity'. Starting it ourselves
2018-04-07 05:24:08:777 - info: [debug] [ADB] Device API level: 24
2018-04-07 05:24:08:777 - info: [debug] [ADB] Getting connected devices...
2018-04-07 05:24:08:848 - info: [debug] [ADB] 1 device(s) connected
2018-04-07 05:24:08:849 - info: [debug] [ADB] Running 'D:\sdk\platform-tools\adb.exe' with args: ["-P",5037,"-s","K4Q6T16713001686","shell","am","start","-W","-n","com.elephant.myinvoice/com.elephant.myinvoice.MainActivity","-S","-a","android.intent.action.MAIN","-c","android.intent.category.LAUNCHER","-f","0x10200000"]
2018-04-07 05:24:11:263 - info: [debug] [ADB] Waiting up to 20000ms for activity matching pkg: 'com.elephant.myinvoice' and activity: 'com.elephant.myinvoice.MainActivity' to be focused
2018-04-07 05:24:11:263 - info: [debug] [ADB] Possible activities, to be checked: 'com.elephant.myinvoice.MainActivity'
2018-04-07 05:24:11:265 - info: [debug] [ADB] Getting focused package and activity
2018-04-07 05:24:11:267 - info: [debug] [ADB] Getting connected devices...
2018-04-07 05:24:11:389 - info: [debug] [ADB] 1 device(s) connected
2018-04-07 05:24:11:392 - info: [debug] [ADB] Running 'D:\sdk\platform-tools\adb.exe' with args: ["-P",5037,"-s","K4Q6T16713001686","shell","dumpsys","window","windows"]
2018-04-07 05:24:11:601 - info: [debug] [ADB] Found package: 'com.elephant.myinvoice' and fully qualified activity name : 'com.elephant.myinvoice.MainActivity'
2018-04-07 05:24:11:603 - info: [Appium] New AndroidUiautomator2Driver session created successfully, session 0f8199ad-a895-4998-8ec9-f9c06e16c992 added to master session list
2018-04-07 05:24:11:604 - info: [debug] [BaseDriver] Event 'newSessionStarted' logged at 1523078651604 (13:24:11 GMT+0800 (China Standard Time))
2018-04-07 05:24:11:605 - info: [debug] [MJSONWP] Responding to client with driver.createSession() result: {"deviceName":"K4Q6T16713001686","unicodeKeyboard":true,"automationName":"uiautomator2","resetKeyboard":true,"platformName":"Android","app":"../apk/wdfp.apk","udid":"K4Q6T16713001686","noReset":true}
2018-04-07 05:24:11:610 - info: [HTTP] <-- POST /wd/hub/session 200 37754 ms - 271 
2018-04-07 05:24:13:626 - info: [HTTP] --> GET /wd/hub/session/0f8199ad-a895-4998-8ec9-f9c06e16c992/window/current/size {}
2018-04-07 05:24:13:630 - info: [MJSONWP] Driver proxy active, passing request on via HTTP proxy
2018-04-07 05:24:13:632 - info: [debug] [JSONWP Proxy] Proxying [GET /wd/hub/session/0f8199ad-a895-4998-8ec9-f9c06e16c992/window/current/size] to [GET http://localhost:8216/wd/hub/session/bc237180-9fd7-4d1e-be2d-0ab8ee281515/window/current/size] with body: {}
2018-04-07 05:24:13:663 - info: [debug] [JSONWP Proxy] Got response with status 200: "{\"sessionId\":\"bc237180-9fd7-4d1e-be2d-0ab8ee281515\",\"status\":0,\"value\":{\"height\":1812,\"width\":1080}}"
2018-04-07 05:24:13:664 - info: [JSONWP Proxy] Replacing sessionId bc237180-9fd7-4d1e-be2d-0ab8ee281515 with 0f8199ad-a895-4998-8ec9-f9c06e16c992
2018-04-07 05:24:13:666 - info: [HTTP] <-- GET /wd/hub/session/0f8199ad-a895-4998-8ec9-f9c06e16c992/window/current/size 200 39 ms - 100 
2018-04-07 05:24:13:671 - info: [HTTP] --> GET /wd/hub/session/0f8199ad-a895-4998-8ec9-f9c06e16c992/window/current/size {}
2018-04-07 05:24:13:671 - info: [MJSONWP] Driver proxy active, passing request on via HTTP proxy
2018-04-07 05:24:13:672 - info: [debug] [JSONWP Proxy] Proxying [GET /wd/hub/session/0f8199ad-a895-4998-8ec9-f9c06e16c992/window/current/size] to [GET http://localhost:8216/wd/hub/session/bc237180-9fd7-4d1e-be2d-0ab8ee281515/window/current/size] with body: {}
2018-04-07 05:24:13:690 - info: [debug] [JSONWP Proxy] Got response with status 200: "{\"sessionId\":\"bc237180-9fd7-4d1e-be2d-0ab8ee281515\",\"status\":0,\"value\":{\"height\":1812,\"width\":1080}}"
2018-04-07 05:24:13:691 - info: [JSONWP Proxy] Replacing sessionId bc237180-9fd7-4d1e-be2d-0ab8ee281515 with 0f8199ad-a895-4998-8ec9-f9c06e16c992
2018-04-07 05:24:13:692 - info: [HTTP] <-- GET /wd/hub/session/0f8199ad-a895-4998-8ec9-f9c06e16c992/window/current/size 200 21 ms - 100 
2018-04-07 05:24:13:697 - info: [HTTP] --> POST /wd/hub/session/0f8199ad-a895-4998-8ec9-f9c06e16c992/touch/perform {"sessionId":"0f8199ad-a895-4998-8ec9-f9c06e16c992","actions":[{"action":"press","options":{"y":1629,"x":540}},{"action":"wait","options":{"ms":2000}},{"action":"moveTo","options":{"y":181,"x":540}},{"action":"release","options":{}}]}
2018-04-07 05:24:13:700 - info: [debug] [MJSONWP] Calling AppiumDriver.performTouch() with args: [[{"action":"press","options":{"y":1629,"x":540}},{"action":"wait","options":{"ms":2000}},{"action":"moveTo","options":{"y":181,"x":540}},{"action":"release","options":{}}],"0f8199ad-a895-4998-8ec9-f9c06e16c992"]
2018-04-07 05:24:13:703 - info: [debug] [JSONWP Proxy] Proxying [POST /touch/perform] to [POST http://localhost:8216/wd/hub/session/bc237180-9fd7-4d1e-be2d-0ab8ee281515/touch/perform] with body: {"startX":540,"startY":1629,"endX":540,"endY":181,"steps":56}
2018-04-07 05:24:14:708 - info: [debug] [JSONWP Proxy] Got response with status 200: {"sessionId":"bc237180-9fd7-4d1e-be2d-0ab8ee281515","status":0,"value":true}
2018-04-07 05:24:14:709 - info: [debug] [MJSONWP] Responding to client with driver.performTouch() result: true
2018-04-07 05:24:14:711 - info: [HTTP] <-- POST /wd/hub/session/0f8199ad-a895-4998-8ec9-f9c06e16c992/touch/perform 200 1017 ms - 76 
2018-04-07 05:24:15:715 - info: [HTTP] --> GET /wd/hub/session/0f8199ad-a895-4998-8ec9-f9c06e16c992/window/current/size {}
2018-04-07 05:24:15:715 - info: [MJSONWP] Driver proxy active, passing request on via HTTP proxy
2018-04-07 05:24:15:716 - info: [debug] [JSONWP Proxy] Proxying [GET /wd/hub/session/0f8199ad-a895-4998-8ec9-f9c06e16c992/window/current/size] to [GET http://localhost:8216/wd/hub/session/bc237180-9fd7-4d1e-be2d-0ab8ee281515/window/current/size] with body: {}
2018-04-07 05:24:15:731 - info: [debug] [JSONWP Proxy] Got response with status 200: "{\"sessionId\":\"bc237180-9fd7-4d1e-be2d-0ab8ee281515\",\"status\":0,\"value\":{\"height\":1812,\"width\":1080}}"
2018-04-07 05:24:15:732 - info: [JSONWP Proxy] Replacing sessionId bc237180-9fd7-4d1e-be2d-0ab8ee281515 with 0f8199ad-a895-4998-8ec9-f9c06e16c992
2018-04-07 05:24:15:735 - info: [HTTP] <-- GET /wd/hub/session/0f8199ad-a895-4998-8ec9-f9c06e16c992/window/current/size 200 18 ms - 100 
2018-04-07 05:24:15:738 - info: [HTTP] --> GET /wd/hub/session/0f8199ad-a895-4998-8ec9-f9c06e16c992/window/current/size {}
2018-04-07 05:24:15:739 - info: [MJSONWP] Driver proxy active, passing request on via HTTP proxy
2018-04-07 05:24:15:739 - info: [debug] [JSONWP Proxy] Proxying [GET /wd/hub/session/0f8199ad-a895-4998-8ec9-f9c06e16c992/window/current/size] to [GET http://localhost:8216/wd/hub/session/bc237180-9fd7-4d1e-be2d-0ab8ee281515/window/current/size] with body: {}
2018-04-07 05:24:15:754 - info: [debug] [JSONWP Proxy] Got response with status 200: "{\"sessionId\":\"bc237180-9fd7-4d1e-be2d-0ab8ee281515\",\"status\":0,\"value\":{\"height\":1812,\"width\":1080}}"
2018-04-07 05:24:15:754 - info: [JSONWP Proxy] Replacing sessionId bc237180-9fd7-4d1e-be2d-0ab8ee281515 with 0f8199ad-a895-4998-8ec9-f9c06e16c992
2018-04-07 05:24:15:755 - info: [HTTP] <-- GET /wd/hub/session/0f8199ad-a895-4998-8ec9-f9c06e16c992/window/current/size 200 17 ms - 100 
2018-04-07 05:24:15:759 - info: [HTTP] --> POST /wd/hub/session/0f8199ad-a895-4998-8ec9-f9c06e16c992/touch/perform {"sessionId":"0f8199ad-a895-4998-8ec9-f9c06e16c992","actions":[{"action":"press","options":{"y":906,"x":972}},{"action":"wait","options":{"ms":1000}},{"action":"moveTo","options":{"y":906,"x":108}},{"action":"release","options":{}}]}
2018-04-07 05:24:15:760 - info: [debug] [MJSONWP] Calling AppiumDriver.performTouch() with args: [[{"action":"press","options":{"y":906,"x":972}},{"action":"wait","options":{"ms":1000}},{"action":"moveTo","options":{"y":906,"x":108}},{"action":"release","options":{}}],"0f8199ad-a895-4998-8ec9-f9c06e16c992"]
2018-04-07 05:24:15:762 - info: [debug] [JSONWP Proxy] Proxying [POST /touch/perform] to [POST http://localhost:8216/wd/hub/session/bc237180-9fd7-4d1e-be2d-0ab8ee281515/touch/perform] with body: {"startX":972,"startY":906,"endX":108,"endY":906,"steps":28}
2018-04-07 05:24:16:241 - info: [debug] [JSONWP Proxy] Got response with status 200: {"sessionId":"bc237180-9fd7-4d1e-be2d-0ab8ee281515","status":0,"value":true}
2018-04-07 05:24:16:242 - info: [debug] [MJSONWP] Responding to client with driver.performTouch() result: true
2018-04-07 05:24:16:244 - info: [HTTP] <-- POST /wd/hub/session/0f8199ad-a895-4998-8ec9-f9c06e16c992/touch/perform 200 485 ms - 76 
2018-04-07 05:24:17:246 - info: [HTTP] --> GET /wd/hub/session/0f8199ad-a895-4998-8ec9-f9c06e16c992/window/current/size {}
2018-04-07 05:24:17:247 - info: [MJSONWP] Driver proxy active, passing request on via HTTP proxy
2018-04-07 05:24:17:248 - info: [debug] [JSONWP Proxy] Proxying [GET /wd/hub/session/0f8199ad-a895-4998-8ec9-f9c06e16c992/window/current/size] to [GET http://localhost:8216/wd/hub/session/bc237180-9fd7-4d1e-be2d-0ab8ee281515/window/current/size] with body: {}
2018-04-07 05:24:17:263 - info: [debug] [JSONWP Proxy] Got response with status 200: "{\"sessionId\":\"bc237180-9fd7-4d1e-be2d-0ab8ee281515\",\"status\":0,\"value\":{\"height\":1812,\"width\":1080}}"
2018-04-07 05:24:17:264 - info: [JSONWP Proxy] Replacing sessionId bc237180-9fd7-4d1e-be2d-0ab8ee281515 with 0f8199ad-a895-4998-8ec9-f9c06e16c992
2018-04-07 05:24:17:265 - info: [HTTP] <-- GET /wd/hub/session/0f8199ad-a895-4998-8ec9-f9c06e16c992/window/current/size 200 18 ms - 100 
2018-04-07 05:24:17:270 - info: [HTTP] --> GET /wd/hub/session/0f8199ad-a895-4998-8ec9-f9c06e16c992/window/current/size {}
2018-04-07 05:24:17:271 - info: [MJSONWP] Driver proxy active, passing request on via HTTP proxy
2018-04-07 05:24:17:271 - info: [debug] [JSONWP Proxy] Proxying [GET /wd/hub/session/0f8199ad-a895-4998-8ec9-f9c06e16c992/window/current/size] to [GET http://localhost:8216/wd/hub/session/bc237180-9fd7-4d1e-be2d-0ab8ee281515/window/current/size] with body: {}
2018-04-07 05:24:17:288 - info: [debug] [JSONWP Proxy] Got response with status 200: "{\"sessionId\":\"bc237180-9fd7-4d1e-be2d-0ab8ee281515\",\"status\":0,\"value\":{\"height\":1812,\"width\":1080}}"
2018-04-07 05:24:17:289 - info: [JSONWP Proxy] Replacing sessionId bc237180-9fd7-4d1e-be2d-0ab8ee281515 with 0f8199ad-a895-4998-8ec9-f9c06e16c992
2018-04-07 05:24:17:290 - info: [HTTP] <-- GET /wd/hub/session/0f8199ad-a895-4998-8ec9-f9c06e16c992/window/current/size 200 19 ms - 100 
2018-04-07 05:24:17:295 - info: [HTTP] --> POST /wd/hub/session/0f8199ad-a895-4998-8ec9-f9c06e16c992/touch/perform {"sessionId":"0f8199ad-a895-4998-8ec9-f9c06e16c992","actions":[{"action":"press","options":{"y":906,"x":972}},{"action":"wait","options":{"ms":1000}},{"action":"moveTo","options":{"y":906,"x":108}},{"action":"release","options":{}}]}
2018-04-07 05:24:17:296 - info: [debug] [MJSONWP] Calling AppiumDriver.performTouch() with args: [[{"action":"press","options":{"y":906,"x":972}},{"action":"wait","options":{"ms":1000}},{"action":"moveTo","options":{"y":906,"x":108}},{"action":"release","options":{}}],"0f8199ad-a895-4998-8ec9-f9c06e16c992"]
2018-04-07 05:24:17:297 - info: [debug] [JSONWP Proxy] Proxying [POST /touch/perform] to [POST http://localhost:8216/wd/hub/session/bc237180-9fd7-4d1e-be2d-0ab8ee281515/touch/perform] with body: {"startX":972,"startY":906,"endX":108,"endY":906,"steps":28}
2018-04-07 05:24:17:773 - info: [debug] [JSONWP Proxy] Got response with status 200: {"sessionId":"bc237180-9fd7-4d1e-be2d-0ab8ee281515","status":0,"value":true}
2018-04-07 05:24:17:774 - info: [debug] [MJSONWP] Responding to client with driver.performTouch() result: true
2018-04-07 05:24:17:775 - info: [HTTP] <-- POST /wd/hub/session/0f8199ad-a895-4998-8ec9-f9c06e16c992/touch/perform 200 480 ms - 76 
2018-04-07 05:24:18:778 - info: [HTTP] --> GET /wd/hub/session/0f8199ad-a895-4998-8ec9-f9c06e16c992/window/current/size {}
2018-04-07 05:24:18:779 - info: [MJSONWP] Driver proxy active, passing request on via HTTP proxy
2018-04-07 05:24:18:780 - info: [debug] [JSONWP Proxy] Proxying [GET /wd/hub/session/0f8199ad-a895-4998-8ec9-f9c06e16c992/window/current/size] to [GET http://localhost:8216/wd/hub/session/bc237180-9fd7-4d1e-be2d-0ab8ee281515/window/current/size] with body: {}
2018-04-07 05:24:18:800 - info: [debug] [JSONWP Proxy] Got response with status 200: "{\"sessionId\":\"bc237180-9fd7-4d1e-be2d-0ab8ee281515\",\"status\":0,\"value\":{\"height\":1812,\"width\":1080}}"
2018-04-07 05:24:18:800 - info: [JSONWP Proxy] Replacing sessionId bc237180-9fd7-4d1e-be2d-0ab8ee281515 with 0f8199ad-a895-4998-8ec9-f9c06e16c992
2018-04-07 05:24:18:802 - info: [HTTP] <-- GET /wd/hub/session/0f8199ad-a895-4998-8ec9-f9c06e16c992/window/current/size 200 23 ms - 100 
2018-04-07 05:24:18:807 - info: [HTTP] --> GET /wd/hub/session/0f8199ad-a895-4998-8ec9-f9c06e16c992/window/current/size {}
2018-04-07 05:24:18:810 - info: [MJSONWP] Driver proxy active, passing request on via HTTP proxy
2018-04-07 05:24:18:811 - info: [debug] [JSONWP Proxy] Proxying [GET /wd/hub/session/0f8199ad-a895-4998-8ec9-f9c06e16c992/window/current/size] to [GET http://localhost:8216/wd/hub/session/bc237180-9fd7-4d1e-be2d-0ab8ee281515/window/current/size] with body: {}
2018-04-07 05:24:18:829 - info: [debug] [JSONWP Proxy] Got response with status 200: "{\"sessionId\":\"bc237180-9fd7-4d1e-be2d-0ab8ee281515\",\"status\":0,\"value\":{\"height\":1812,\"width\":1080}}"
2018-04-07 05:24:18:829 - info: [JSONWP Proxy] Replacing sessionId bc237180-9fd7-4d1e-be2d-0ab8ee281515 with 0f8199ad-a895-4998-8ec9-f9c06e16c992
2018-04-07 05:24:18:830 - info: [HTTP] <-- GET /wd/hub/session/0f8199ad-a895-4998-8ec9-f9c06e16c992/window/current/size 200 23 ms - 100 
2018-04-07 05:24:18:833 - info: [HTTP] --> POST /wd/hub/session/0f8199ad-a895-4998-8ec9-f9c06e16c992/touch/perform {"sessionId":"0f8199ad-a895-4998-8ec9-f9c06e16c992","actions":[{"action":"press","options":{"y":906,"x":972}},{"action":"wait","options":{"ms":1000}},{"action":"moveTo","options":{"y":906,"x":108}},{"action":"release","options":{}}]}
2018-04-07 05:24:18:834 - info: [debug] [MJSONWP] Calling AppiumDriver.performTouch() with args: [[{"action":"press","options":{"y":906,"x":972}},{"action":"wait","options":{"ms":1000}},{"action":"moveTo","options":{"y":906,"x":108}},{"action":"release","options":{}}],"0f8199ad-a895-4998-8ec9-f9c06e16c992"]
2018-04-07 05:24:18:836 - info: [debug] [JSONWP Proxy] Proxying [POST /touch/perform] to [POST http://localhost:8216/wd/hub/session/bc237180-9fd7-4d1e-be2d-0ab8ee281515/touch/perform] with body: {"startX":972,"startY":906,"endX":108,"endY":906,"steps":28}
2018-04-07 05:24:19:305 - info: [debug] [JSONWP Proxy] Got response with status 200: {"sessionId":"bc237180-9fd7-4d1e-be2d-0ab8ee281515","status":0,"value":true}
2018-04-07 05:24:19:305 - info: [debug] [MJSONWP] Responding to client with driver.performTouch() result: true
2018-04-07 05:24:19:306 - info: [HTTP] <-- POST /wd/hub/session/0f8199ad-a895-4998-8ec9-f9c06e16c992/touch/perform 200 473 ms - 76 
2018-04-07 05:24:20:309 - info: [HTTP] --> GET /wd/hub/session/0f8199ad-a895-4998-8ec9-f9c06e16c992/window/current/size {}
2018-04-07 05:24:20:311 - info: [MJSONWP] Driver proxy active, passing request on via HTTP proxy
2018-04-07 05:24:20:312 - info: [debug] [JSONWP Proxy] Proxying [GET /wd/hub/session/0f8199ad-a895-4998-8ec9-f9c06e16c992/window/current/size] to [GET http://localhost:8216/wd/hub/session/bc237180-9fd7-4d1e-be2d-0ab8ee281515/window/current/size] with body: {}
2018-04-07 05:24:20:329 - info: [debug] [JSONWP Proxy] Got response with status 200: "{\"sessionId\":\"bc237180-9fd7-4d1e-be2d-0ab8ee281515\",\"status\":0,\"value\":{\"height\":1812,\"width\":1080}}"
2018-04-07 05:24:20:330 - info: [JSONWP Proxy] Replacing sessionId bc237180-9fd7-4d1e-be2d-0ab8ee281515 with 0f8199ad-a895-4998-8ec9-f9c06e16c992
2018-04-07 05:24:20:331 - info: [HTTP] <-- GET /wd/hub/session/0f8199ad-a895-4998-8ec9-f9c06e16c992/window/current/size 200 21 ms - 100 
2018-04-07 05:24:20:334 - info: [HTTP] --> GET /wd/hub/session/0f8199ad-a895-4998-8ec9-f9c06e16c992/window/current/size {}
2018-04-07 05:24:20:335 - info: [MJSONWP] Driver proxy active, passing request on via HTTP proxy
2018-04-07 05:24:20:335 - info: [debug] [JSONWP Proxy] Proxying [GET /wd/hub/session/0f8199ad-a895-4998-8ec9-f9c06e16c992/window/current/size] to [GET http://localhost:8216/wd/hub/session/bc237180-9fd7-4d1e-be2d-0ab8ee281515/window/current/size] with body: {}
2018-04-07 05:24:20:348 - info: [debug] [JSONWP Proxy] Got response with status 200: "{\"sessionId\":\"bc237180-9fd7-4d1e-be2d-0ab8ee281515\",\"status\":0,\"value\":{\"height\":1812,\"width\":1080}}"
2018-04-07 05:24:20:349 - info: [JSONWP Proxy] Replacing sessionId bc237180-9fd7-4d1e-be2d-0ab8ee281515 with 0f8199ad-a895-4998-8ec9-f9c06e16c992
2018-04-07 05:24:20:350 - info: [HTTP] <-- GET /wd/hub/session/0f8199ad-a895-4998-8ec9-f9c06e16c992/window/current/size 200 15 ms - 100 
2018-04-07 05:24:20:353 - info: [HTTP] --> POST /wd/hub/session/0f8199ad-a895-4998-8ec9-f9c06e16c992/touch/perform {"sessionId":"0f8199ad-a895-4998-8ec9-f9c06e16c992","actions":[{"action":"press","options":{"y":906,"x":972}},{"action":"wait","options":{"ms":1000}},{"action":"moveTo","options":{"y":906,"x":108}},{"action":"release","options":{}}]}
2018-04-07 05:24:20:353 - info: [debug] [MJSONWP] Calling AppiumDriver.performTouch() with args: [[{"action":"press","options":{"y":906,"x":972}},{"action":"wait","options":{"ms":1000}},{"action":"moveTo","options":{"y":906,"x":108}},{"action":"release","options":{}}],"0f8199ad-a895-4998-8ec9-f9c06e16c992"]
2018-04-07 05:24:20:356 - info: [debug] [JSONWP Proxy] Proxying [POST /touch/perform] to [POST http://localhost:8216/wd/hub/session/bc237180-9fd7-4d1e-be2d-0ab8ee281515/touch/perform] with body: {"startX":972,"startY":906,"endX":108,"endY":906,"steps":28}
2018-04-07 05:24:20:823 - info: [debug] [JSONWP Proxy] Got response with status 200: {"sessionId":"bc237180-9fd7-4d1e-be2d-0ab8ee281515","status":0,"value":true}
2018-04-07 05:24:20:823 - info: [debug] [MJSONWP] Responding to client with driver.performTouch() result: true
2018-04-07 05:24:20:824 - info: [HTTP] <-- POST /wd/hub/session/0f8199ad-a895-4998-8ec9-f9c06e16c992/touch/perform 200 471 ms - 76 
2018-04-07 05:24:20:830 - info: [HTTP] --> POST /wd/hub/session/0f8199ad-a895-4998-8ec9-f9c06e16c992/element {"using":"class name","sessionId":"0f8199ad-a895-4998-8ec9-f9c06e16c992","value":"android.widget.ImageView"}
2018-04-07 05:24:20:830 - info: [debug] [MJSONWP] Calling AppiumDriver.findElement() with args: ["class name","android.widget.ImageView","0f8199ad-a895-4998-8ec9-f9c06e16c992"]
2018-04-07 05:24:20:832 - info: [debug] [BaseDriver] Valid locator strategies for this request: xpath, id, class name, accessibility id, -android uiautomator
2018-04-07 05:24:20:833 - info: [debug] [BaseDriver] Valid locator strategies for this request: xpath, id, class name, accessibility id, -android uiautomator
2018-04-07 05:24:20:834 - info: [debug] [BaseDriver] Waiting up to 0 ms for condition
2018-04-07 05:24:20:836 - info: [debug] [JSONWP Proxy] Proxying [POST /element] to [POST http://localhost:8216/wd/hub/session/bc237180-9fd7-4d1e-be2d-0ab8ee281515/element] with body: {"strategy":"class name","selector":"android.widget.ImageView","context":"","multiple":false}
2018-04-07 05:24:21:652 - info: [debug] [JSONWP Proxy] Got response with status 200: {"sessionId":"bc237180-9fd7-4d1e-be2d-0ab8ee281515","status":0,"value":{"ELEMENT":"7f9cbbde-8005-46f1-b5cb-14d35796205e"}}
2018-04-07 05:24:21:654 - info: [debug] [MJSONWP] Responding to client with driver.findElement() result: {"ELEMENT":"7f9cbbde-8005-46f1-b5cb-14d35796205e"}
2018-04-07 05:24:21:655 - info: [HTTP] <-- POST /wd/hub/session/0f8199ad-a895-4998-8ec9-f9c06e16c992/element 200 825 ms - 122 
2018-04-07 05:24:21:658 - info: [HTTP] --> POST /wd/hub/session/0f8199ad-a895-4998-8ec9-f9c06e16c992/element/7f9cbbde-8005-46f1-b5cb-14d35796205e/click {"sessionId":"0f8199ad-a895-4998-8ec9-f9c06e16c992","id":"7f9cbbde-8005-46f1-b5cb-14d35796205e"}
2018-04-07 05:24:21:660 - info: [debug] [MJSONWP] Calling AppiumDriver.click() with args: ["7f9cbbde-8005-46f1-b5cb-14d35796205e","0f8199ad-a895-4998-8ec9-f9c06e16c992"]
2018-04-07 05:24:21:661 - info: [debug] [JSONWP Proxy] Proxying [POST /element/7f9cbbde-8005-46f1-b5cb-14d35796205e/click] to [POST http://localhost:8216/wd/hub/session/bc237180-9fd7-4d1e-be2d-0ab8ee281515/element/7f9cbbde-8005-46f1-b5cb-14d35796205e/click] with body: {"element":"7f9cbbde-8005-46f1-b5cb-14d35796205e"}
2018-04-07 05:24:21:710 - info: [debug] [JSONWP Proxy] Got response with status 200: {"sessionId":"bc237180-9fd7-4d1e-be2d-0ab8ee281515","status":0,"value":true}
2018-04-07 05:24:21:710 - info: [debug] [MJSONWP] Responding to client with driver.click() result: true
2018-04-07 05:24:21:711 - info: [HTTP] <-- POST /wd/hub/session/0f8199ad-a895-4998-8ec9-f9c06e16c992/element/7f9cbbde-8005-46f1-b5cb-14d35796205e/click 200 53 ms - 76 
2018-04-07 05:24:24:717 - info: [HTTP] --> POST /wd/hub/session/0f8199ad-a895-4998-8ec9-f9c06e16c992/elements {"using":"class name","sessionId":"0f8199ad-a895-4998-8ec9-f9c06e16c992","value":"android.widget.EditText"}
2018-04-07 05:24:24:718 - info: [debug] [MJSONWP] Calling AppiumDriver.findElements() with args: ["class name","android.widget.EditText","0f8199ad-a895-4998-8ec9-f9c06e16c992"]
2018-04-07 05:24:24:719 - info: [debug] [BaseDriver] Valid locator strategies for this request: xpath, id, class name, accessibility id, -android uiautomator
2018-04-07 05:24:24:719 - info: [debug] [BaseDriver] Valid locator strategies for this request: xpath, id, class name, accessibility id, -android uiautomator
2018-04-07 05:24:24:719 - info: [debug] [BaseDriver] Waiting up to 0 ms for condition
2018-04-07 05:24:24:720 - info: [debug] [JSONWP Proxy] Proxying [POST /elements] to [POST http://localhost:8216/wd/hub/session/bc237180-9fd7-4d1e-be2d-0ab8ee281515/elements] with body: {"strategy":"class name","selector":"android.widget.EditText","context":"","multiple":true}
2018-04-07 05:24:24:763 - info: [debug] [JSONWP Proxy] Got response with status 200: {"sessionId":"bc237180-9fd7-4d1e-be2d-0ab8ee281515","status":0,"value":[{"ELEMENT":"0845360c-75b2-4125-bbaf-32f4799f0741"},{"ELEMENT":"b27ff3e6-4e69-4761-927e-9a9aac23b4bf"}]}
2018-04-07 05:24:24:764 - info: [debug] [MJSONWP] Responding to client with driver.findElements() result: [{"ELEMENT":"0845360c-75b2-4125-bbaf-32f4799f0741"},{"ELEMENT":"b27ff3e6-4e69-4761-927e-9a9aac23b4bf"}]
2018-04-07 05:24:24:766 - info: [HTTP] <-- POST /wd/hub/session/0f8199ad-a895-4998-8ec9-f9c06e16c992/elements 200 47 ms - 175 
2018-04-07 05:24:24:768 - info: [HTTP] --> POST /wd/hub/session/0f8199ad-a895-4998-8ec9-f9c06e16c992/element/0845360c-75b2-4125-bbaf-32f4799f0741/value {"text":"18550903915","sessionId":"0f8199ad-a895-4998-8ec9-f9c06e16c992","id":"0845360c-75b2-4125-bbaf-32f4799f0741","value":["1","8","5","5","0","9","0","3","9","1","5"]}
2018-04-07 05:24:24:769 - info: [debug] [MJSONWP] Calling AppiumDriver.setValue() with args: [["1","8","5","5","0","9","0","3","9","1","5"],"0845360c-75b2-4125-bbaf-32f4799f0741","0f8199ad-a895-4998-8ec9-f9c06e16c992"]
2018-04-07 05:24:24:771 - info: [debug] [JSONWP Proxy] Proxying [POST /element/0845360c-75b2-4125-bbaf-32f4799f0741/value] to [POST http://localhost:8216/wd/hub/session/bc237180-9fd7-4d1e-be2d-0ab8ee281515/element/0845360c-75b2-4125-bbaf-32f4799f0741/value] with body: {"elementId":"0845360c-75b2-4125-bbaf-32f4799f0741","text":"18550903915","replace":false,"unicodeKeyboard":true}
2018-04-07 05:24:25:839 - info: [debug] [JSONWP Proxy] Got response with status 200: {"sessionId":"bc237180-9fd7-4d1e-be2d-0ab8ee281515","status":0,"value":""}
2018-04-07 05:24:25:840 - info: [debug] [MJSONWP] Responding to client with driver.setValue() result: ""
2018-04-07 05:24:25:841 - info: [HTTP] <-- POST /wd/hub/session/0f8199ad-a895-4998-8ec9-f9c06e16c992/element/0845360c-75b2-4125-bbaf-32f4799f0741/value 200 1072 ms - 74 
2018-04-07 05:24:25:845 - info: [HTTP] --> POST /wd/hub/session/0f8199ad-a895-4998-8ec9-f9c06e16c992/elements {"using":"class name","sessionId":"0f8199ad-a895-4998-8ec9-f9c06e16c992","value":"android.widget.EditText"}
2018-04-07 05:24:25:846 - info: [debug] [MJSONWP] Calling AppiumDriver.findElements() with args: ["class name","android.widget.EditText","0f8199ad-a895-4998-8ec9-f9c06e16c992"]
2018-04-07 05:24:25:846 - info: [debug] [BaseDriver] Valid locator strategies for this request: xpath, id, class name, accessibility id, -android uiautomator
2018-04-07 05:24:25:847 - info: [debug] [BaseDriver] Valid locator strategies for this request: xpath, id, class name, accessibility id, -android uiautomator
2018-04-07 05:24:25:847 - info: [debug] [BaseDriver] Waiting up to 0 ms for condition
2018-04-07 05:24:25:847 - info: [debug] [JSONWP Proxy] Proxying [POST /elements] to [POST http://localhost:8216/wd/hub/session/bc237180-9fd7-4d1e-be2d-0ab8ee281515/elements] with body: {"strategy":"class name","selector":"android.widget.EditText","context":"","multiple":true}
2018-04-07 05:24:26:349 - info: [debug] [JSONWP Proxy] Got response with status 200: {"sessionId":"bc237180-9fd7-4d1e-be2d-0ab8ee281515","status":0,"value":[{"ELEMENT":"14ca3283-fd07-44c4-ab80-d078d31520eb"},{"ELEMENT":"e3956e16-1d64-4a21-a7f9-b2de77c8dbc6"}]}
2018-04-07 05:24:26:352 - info: [debug] [MJSONWP] Responding to client with driver.findElements() result: [{"ELEMENT":"14ca3283-fd07-44c4-ab80-d078d31520eb"},{"ELEMENT":"e3956e16-1d64-4a21-a7f9-b2de77c8dbc6"}]
2018-04-07 05:24:26:353 - info: [HTTP] <-- POST /wd/hub/session/0f8199ad-a895-4998-8ec9-f9c06e16c992/elements 200 507 ms - 175 
2018-04-07 05:24:26:357 - info: [HTTP] --> POST /wd/hub/session/0f8199ad-a895-4998-8ec9-f9c06e16c992/element/e3956e16-1d64-4a21-a7f9-b2de77c8dbc6/value {"text":"qwe123","sessionId":"0f8199ad-a895-4998-8ec9-f9c06e16c992","id":"e3956e16-1d64-4a21-a7f9-b2de77c8dbc6","value":["q","w","e","1","2","3"]}
2018-04-07 05:24:26:358 - info: [debug] [MJSONWP] Calling AppiumDriver.setValue() with args: [["q","w","e","1","2","3"],"e3956e16-1d64-4a21-a7f9-b2de77c8dbc6","0f8199ad-a895-4998-8ec9-f9c06e16c992"]
2018-04-07 05:24:26:358 - info: [debug] [JSONWP Proxy] Proxying [POST /element/e3956e16-1d64-4a21-a7f9-b2de77c8dbc6/value] to [POST http://localhost:8216/wd/hub/session/bc237180-9fd7-4d1e-be2d-0ab8ee281515/element/e3956e16-1d64-4a21-a7f9-b2de77c8dbc6/value] with body: {"elementId":"e3956e16-1d64-4a21-a7f9-b2de77c8dbc6","text":"qwe123","replace":false,"unicodeKeyboard":true}
2018-04-07 05:24:26:919 - info: [debug] [JSONWP Proxy] Got response with status 200: {"sessionId":"bc237180-9fd7-4d1e-be2d-0ab8ee281515","status":0,"value":""}
2018-04-07 05:24:26:920 - info: [debug] [MJSONWP] Responding to client with driver.setValue() result: ""
2018-04-07 05:24:26:927 - info: [HTTP] <-- POST /wd/hub/session/0f8199ad-a895-4998-8ec9-f9c06e16c992/element/e3956e16-1d64-4a21-a7f9-b2de77c8dbc6/value 200 564 ms - 74 
2018-04-07 05:24:26:929 - info: [HTTP] --> POST /wd/hub/session/0f8199ad-a895-4998-8ec9-f9c06e16c992/element {"using":"-android uiautomator","sessionId":"0f8199ad-a895-4998-8ec9-f9c06e16c992","value":"new UiSelector().text(\"\")"}
2018-04-07 05:24:26:930 - info: [debug] [MJSONWP] Calling AppiumDriver.findElement() with args: ["-android uiautomator","new UiSelector().text(\"\")","0f8199ad-a895-4998-8ec9-f9c06e16c992"]
2018-04-07 05:24:26:931 - info: [debug] [BaseDriver] Valid locator strategies for this request: xpath, id, class name, accessibility id, -android uiautomator
2018-04-07 05:24:26:932 - info: [debug] [BaseDriver] Valid locator strategies for this request: xpath, id, class name, accessibility id, -android uiautomator
2018-04-07 05:24:26:932 - info: [debug] [BaseDriver] Waiting up to 0 ms for condition
2018-04-07 05:24:26:933 - info: [debug] [JSONWP Proxy] Proxying [POST /element] to [POST http://localhost:8216/wd/hub/session/bc237180-9fd7-4d1e-be2d-0ab8ee281515/element] with body: {"strategy":"-android uiautomator","selector":"new UiSelector().text(\"\")","context":"","multiple":false}
2018-04-07 05:24:27:437 - info: [debug] [JSONWP Proxy] Got response with status 200: {"sessionId":"bc237180-9fd7-4d1e-be2d-0ab8ee281515","status":0,"value":{"ELEMENT":"5216f344-b984-408a-b11a-3b5584354890"}}
2018-04-07 05:24:27:438 - info: [debug] [MJSONWP] Responding to client with driver.findElement() result: {"ELEMENT":"5216f344-b984-408a-b11a-3b5584354890"}
2018-04-07 05:24:27:439 - info: [HTTP] <-- POST /wd/hub/session/0f8199ad-a895-4998-8ec9-f9c06e16c992/element 200 510 ms - 122 
2018-04-07 05:24:27:444 - info: [HTTP] --> POST /wd/hub/session/0f8199ad-a895-4998-8ec9-f9c06e16c992/element/5216f344-b984-408a-b11a-3b5584354890/click {"sessionId":"0f8199ad-a895-4998-8ec9-f9c06e16c992","id":"5216f344-b984-408a-b11a-3b5584354890"}
2018-04-07 05:24:27:444 - info: [debug] [MJSONWP] Calling AppiumDriver.click() with args: ["5216f344-b984-408a-b11a-3b5584354890","0f8199ad-a895-4998-8ec9-f9c06e16c992"]
2018-04-07 05:24:27:445 - info: [debug] [JSONWP Proxy] Proxying [POST /element/5216f344-b984-408a-b11a-3b5584354890/click] to [POST http://localhost:8216/wd/hub/session/bc237180-9fd7-4d1e-be2d-0ab8ee281515/element/5216f344-b984-408a-b11a-3b5584354890/click] with body: {"element":"5216f344-b984-408a-b11a-3b5584354890"}
2018-04-07 05:24:29:930 - info: [debug] [JSONWP Proxy] Got response with status 200: {"sessionId":"bc237180-9fd7-4d1e-be2d-0ab8ee281515","status":0,"value":true}
2018-04-07 05:24:29:931 - info: [debug] [MJSONWP] Responding to client with driver.click() result: true
2018-04-07 05:24:29:932 - info: [HTTP] <-- POST /wd/hub/session/0f8199ad-a895-4998-8ec9-f9c06e16c992/element/5216f344-b984-408a-b11a-3b5584354890/click 200 2488 ms - 76 
2018-04-07 05:24:29:938 - info: [HTTP] --> POST /wd/hub/session/0f8199ad-a895-4998-8ec9-f9c06e16c992/element {"using":"-android uiautomator","sessionId":"0f8199ad-a895-4998-8ec9-f9c06e16c992","value":"new UiSelector().description(\"plusIcon\")"}
2018-04-07 05:24:29:939 - info: [debug] [MJSONWP] Calling AppiumDriver.findElement() with args: ["-android uiautomator","new UiSelector().description(\"plusIcon\")","0f8199ad-a895-4998-8ec9-f9c06e16c992"]
2018-04-07 05:24:29:940 - info: [debug] [BaseDriver] Valid locator strategies for this request: xpath, id, class name, accessibility id, -android uiautomator
2018-04-07 05:24:29:940 - info: [debug] [BaseDriver] Valid locator strategies for this request: xpath, id, class name, accessibility id, -android uiautomator
2018-04-07 05:24:29:941 - info: [debug] [BaseDriver] Waiting up to 0 ms for condition
2018-04-07 05:24:29:943 - info: [debug] [JSONWP Proxy] Proxying [POST /element] to [POST http://localhost:8216/wd/hub/session/bc237180-9fd7-4d1e-be2d-0ab8ee281515/element] with body: {"strategy":"-android uiautomator","selector":"new UiSelector().description(\"plusIcon\")","context":"","multiple":false}
2018-04-07 05:24:30:131 - info: [debug] [JSONWP Proxy] Got response with status 200: {"sessionId":"bc237180-9fd7-4d1e-be2d-0ab8ee281515","status":0,"value":{"ELEMENT":"e7a08e47-7f49-4a5b-b96a-93180d053c16"}}
2018-04-07 05:24:30:131 - info: [debug] [MJSONWP] Responding to client with driver.findElement() result: {"ELEMENT":"e7a08e47-7f49-4a5b-b96a-93180d053c16"}
2018-04-07 05:24:30:132 - info: [HTTP] <-- POST /wd/hub/session/0f8199ad-a895-4998-8ec9-f9c06e16c992/element 200 194 ms - 122 
2018-04-07 05:24:30:137 - info: [HTTP] --> GET /wd/hub/session/0f8199ad-a895-4998-8ec9-f9c06e16c992/element/e7a08e47-7f49-4a5b-b96a-93180d053c16/displayed {}
2018-04-07 05:24:30:140 - info: [debug] [MJSONWP] Calling AppiumDriver.elementDisplayed() with args: ["e7a08e47-7f49-4a5b-b96a-93180d053c16","0f8199ad-a895-4998-8ec9-f9c06e16c992"]
2018-04-07 05:24:30:141 - info: [debug] [JSONWP Proxy] Proxying [GET /element/e7a08e47-7f49-4a5b-b96a-93180d053c16/attribute/displayed] to [GET http://localhost:8216/wd/hub/session/bc237180-9fd7-4d1e-be2d-0ab8ee281515/element/e7a08e47-7f49-4a5b-b96a-93180d053c16/attribute/displayed] with body: {}
2018-04-07 05:24:30:204 - info: [debug] [JSONWP Proxy] Got response with status 200: "{\"sessionId\":\"bc237180-9fd7-4d1e-be2d-0ab8ee281515\",\"status\":0,\"value\":\"true\"}"
2018-04-07 05:24:30:205 - info: [debug] [MJSONWP] Responding to client with driver.elementDisplayed() result: true
2018-04-07 05:24:30:206 - info: [HTTP] <-- GET /wd/hub/session/0f8199ad-a895-4998-8ec9-f9c06e16c992/element/e7a08e47-7f49-4a5b-b96a-93180d053c16/displayed 200 69 ms - 76 
2018-04-07 05:24:33:212 - info: [HTTP] --> POST /wd/hub/session/0f8199ad-a895-4998-8ec9-f9c06e16c992/elements {"using":"-android uiautomator","sessionId":"0f8199ad-a895-4998-8ec9-f9c06e16c992","value":"new UiSelector().text(\":\")"}
2018-04-07 05:24:33:212 - info: [debug] [MJSONWP] Calling AppiumDriver.findElements() with args: ["-android uiautomator","new UiSelector().text(\":\")","0f8199ad-a895-4998-8ec9-f9c06e16c992"]
2018-04-07 05:24:33:213 - info: [debug] [BaseDriver] Valid locator strategies for this request: xpath, id, class name, accessibility id, -android uiautomator
2018-04-07 05:24:33:213 - info: [debug] [BaseDriver] Valid locator strategies for this request: xpath, id, class name, accessibility id, -android uiautomator
2018-04-07 05:24:33:214 - info: [debug] [BaseDriver] Waiting up to 0 ms for condition
2018-04-07 05:24:33:214 - info: [debug] [JSONWP Proxy] Proxying [POST /elements] to [POST http://localhost:8216/wd/hub/session/bc237180-9fd7-4d1e-be2d-0ab8ee281515/elements] with body: {"strategy":"-android uiautomator","selector":"new UiSelector().text(\":\")","context":"","multiple":true}
2018-04-07 05:24:34:994 - info: [debug] [JSONWP Proxy] Got response with status 200: {"sessionId":"bc237180-9fd7-4d1e-be2d-0ab8ee281515","status":0,"value":[{"ELEMENT":"c362892b-1ed5-4535-bfe0-517b781c90fe"},{"ELEMENT":"7911d03a-cfba-4414-b9c8-900342b0fa46"}]}
2018-04-07 05:24:34:995 - info: [debug] [MJSONWP] Responding to client with driver.findElements() result: [{"ELEMENT":"c362892b-1ed5-4535-bfe0-517b781c90fe"},{"ELEMENT":"7911d03a-cfba-4414-b9c8-900342b0fa46"}]
2018-04-07 05:24:34:997 - info: [HTTP] <-- POST /wd/hub/session/0f8199ad-a895-4998-8ec9-f9c06e16c992/elements 200 1784 ms - 175 
2018-04-07 05:24:35:004 - info: [HTTP] --> GET /wd/hub/session/0f8199ad-a895-4998-8ec9-f9c06e16c992/element/c362892b-1ed5-4535-bfe0-517b781c90fe/location {}
2018-04-07 05:24:35:005 - info: [MJSONWP] Driver proxy active, passing request on via HTTP proxy
2018-04-07 05:24:35:006 - info: [debug] [JSONWP Proxy] Proxying [GET /wd/hub/session/0f8199ad-a895-4998-8ec9-f9c06e16c992/element/c362892b-1ed5-4535-bfe0-517b781c90fe/location] to [GET http://localhost:8216/wd/hub/session/bc237180-9fd7-4d1e-be2d-0ab8ee281515/element/c362892b-1ed5-4535-bfe0-517b781c90fe/location] with body: {}
2018-04-07 05:24:35:040 - info: [debug] [JSONWP Proxy] Got response with status 200: "{\"sessionId\":\"bc237180-9fd7-4d1e-be2d-0ab8ee281515\",\"status\":0,\"value\":{\"x\":60,\"y\":1085}}"
2018-04-07 05:24:35:041 - info: [JSONWP Proxy] Replacing sessionId bc237180-9fd7-4d1e-be2d-0ab8ee281515 with 0f8199ad-a895-4998-8ec9-f9c06e16c992
2018-04-07 05:24:35:042 - info: [HTTP] <-- GET /wd/hub/session/0f8199ad-a895-4998-8ec9-f9c06e16c992/element/c362892b-1ed5-4535-bfe0-517b781c90fe/location 200 38 ms - 89 
2018-04-07 05:24:35:046 - info: [HTTP] --> POST /wd/hub/session/0f8199ad-a895-4998-8ec9-f9c06e16c992/touch/perform {"sessionId":"0f8199ad-a895-4998-8ec9-f9c06e16c992","actions":[{"action":"press","options":{"y":1085,"x":60}},{"action":"wait","options":{"ms":0}},{"action":"moveTo","options":{"y":1085,"x":0}},{"action":"release","options":{}}]}
2018-04-07 05:24:35:046 - info: [debug] [MJSONWP] Calling AppiumDriver.performTouch() with args: [[{"action":"press","options":{"y":1085,"x":60}},{"action":"wait","options":{"ms":0}},{"action":"moveTo","options":{"y":1085,"x":0}},{"action":"release","options":{}}],"0f8199ad-a895-4998-8ec9-f9c06e16c992"]
2018-04-07 05:24:35:048 - info: [debug] [JSONWP Proxy] Proxying [POST /touch/perform] to [POST http://localhost:8216/wd/hub/session/bc237180-9fd7-4d1e-be2d-0ab8ee281515/touch/perform] with body: {"startX":60,"startY":1085,"endX":0,"endY":1085,"steps":22}
2018-04-07 05:24:35:434 - info: [debug] [JSONWP Proxy] Got response with status 200: {"sessionId":"bc237180-9fd7-4d1e-be2d-0ab8ee281515","status":0,"value":true}
2018-04-07 05:24:35:435 - info: [debug] [MJSONWP] Responding to client with driver.performTouch() result: true
2018-04-07 05:24:35:436 - info: [HTTP] <-- POST /wd/hub/session/0f8199ad-a895-4998-8ec9-f9c06e16c992/touch/perform 200 390 ms - 76 
2018-04-07 05:24:35:440 - info: [HTTP] --> GET /wd/hub/session/0f8199ad-a895-4998-8ec9-f9c06e16c992/element/7911d03a-cfba-4414-b9c8-900342b0fa46/location {}
2018-04-07 05:24:35:441 - info: [MJSONWP] Driver proxy active, passing request on via HTTP proxy
2018-04-07 05:24:35:441 - info: [debug] [JSONWP Proxy] Proxying [GET /wd/hub/session/0f8199ad-a895-4998-8ec9-f9c06e16c992/element/7911d03a-cfba-4414-b9c8-900342b0fa46/location] to [GET http://localhost:8216/wd/hub/session/bc237180-9fd7-4d1e-be2d-0ab8ee281515/element/7911d03a-cfba-4414-b9c8-900342b0fa46/location] with body: {}
2018-04-07 05:24:35:465 - info: [debug] [JSONWP Proxy] Got response with status 200: "{\"sessionId\":\"bc237180-9fd7-4d1e-be2d-0ab8ee281515\",\"status\":0,\"value\":{\"x\":60,\"y\":1343}}"
2018-04-07 05:24:35:465 - info: [JSONWP Proxy] Replacing sessionId bc237180-9fd7-4d1e-be2d-0ab8ee281515 with 0f8199ad-a895-4998-8ec9-f9c06e16c992
2018-04-07 05:24:35:466 - info: [HTTP] <-- GET /wd/hub/session/0f8199ad-a895-4998-8ec9-f9c06e16c992/element/7911d03a-cfba-4414-b9c8-900342b0fa46/location 200 26 ms - 89 
2018-04-07 05:24:35:470 - info: [HTTP] --> POST /wd/hub/session/0f8199ad-a895-4998-8ec9-f9c06e16c992/touch/perform {"sessionId":"0f8199ad-a895-4998-8ec9-f9c06e16c992","actions":[{"action":"press","options":{"y":1343,"x":60}},{"action":"wait","options":{"ms":0}},{"action":"moveTo","options":{"y":1343,"x":0}},{"action":"release","options":{}}]}
2018-04-07 05:24:35:470 - info: [debug] [MJSONWP] Calling AppiumDriver.performTouch() with args: [[{"action":"press","options":{"y":1343,"x":60}},{"action":"wait","options":{"ms":0}},{"action":"moveTo","options":{"y":1343,"x":0}},{"action":"release","options":{}}],"0f8199ad-a895-4998-8ec9-f9c06e16c992"]
2018-04-07 05:24:35:472 - info: [debug] [JSONWP Proxy] Proxying [POST /touch/perform] to [POST http://localhost:8216/wd/hub/session/bc237180-9fd7-4d1e-be2d-0ab8ee281515/touch/perform] with body: {"startX":60,"startY":1343,"endX":0,"endY":1343,"steps":22}
2018-04-07 05:24:35:833 - info: [debug] [JSONWP Proxy] Got response with status 200: {"sessionId":"bc237180-9fd7-4d1e-be2d-0ab8ee281515","status":0,"value":true}
2018-04-07 05:24:35:834 - info: [debug] [MJSONWP] Responding to client with driver.performTouch() result: true
2018-04-07 05:24:35:835 - info: [HTTP] <-- POST /wd/hub/session/0f8199ad-a895-4998-8ec9-f9c06e16c992/touch/perform 200 365 ms - 76 
2018-04-07 05:25:35:833 - warn: [BaseDriver] Shutting down because we waited 60 seconds for a command
2018-04-07 05:25:35:838 - info: [debug] [UiAutomator2] Deleting UiAutomator2 session
2018-04-07 05:25:35:839 - warn: [Appium] Closing session, cause was 'New Command Timeout of 60 seconds expired. Try customizing the timeout using the 'newCommandTimeout' desired capability'
2018-04-07 05:25:35:840 - info: [Appium] Removing session 0f8199ad-a895-4998-8ec9-f9c06e16c992 from our master session list
2018-04-07 05:25:35:840 - info: [debug] [UiAutomator2] Deleting UiAutomator2 server session
2018-04-07 05:25:35:841 - info: [debug] [JSONWP Proxy] Proxying [DELETE /] to [DELETE http://localhost:8216/wd/hub/session/bc237180-9fd7-4d1e-be2d-0ab8ee281515] with no body
2018-04-07 05:25:35:916 - info: [debug] [JSONWP Proxy] Got response with status 200: "{\"sessionId\":\"bc237180-9fd7-4d1e-be2d-0ab8ee281515\",\"status\":0,\"value\":\"Session deleted\"}"
2018-04-07 05:25:35:917 - info: [debug] [UiAutomator2] Resetting IME to 'io.appium.android.ime/.UnicodeIME'
2018-04-07 05:25:35:917 - info: [debug] [ADB] Getting connected devices...
2018-04-07 05:25:36:077 - info: [debug] [ADB] 1 device(s) connected
2018-04-07 05:25:36:077 - info: [debug] [ADB] Running 'D:\sdk\platform-tools\adb.exe' with args: ["-P",5037,"-s","K4Q6T16713001686","shell","ime","set","io.appium.android.ime/.UnicodeIME"]
2018-04-07 05:25:36:817 - info: [debug] [UiAutomator2] [UIAutomator2] io.appium.uiautomator2.server.test.AppiumUiAutomator2Server:.
2018-04-07 05:25:36:817 - info: [debug] [UiAutomator2] [UIAutomator2] Time: 89.042
2018-04-07 05:25:36:818 - info: [debug] [UiAutomator2] [UIAutomator2] OK (1 test)
2018-04-07 05:25:36:908 - info: [debug] [ADB] Getting connected devices...
2018-04-07 05:25:37:005 - info: [debug] [ADB] 1 device(s) connected
2018-04-07 05:25:37:006 - info: [debug] [ADB] Running 'D:\sdk\platform-tools\adb.exe' with args: ["-P",5037,"-s","K4Q6T16713001686","shell","am","force-stop","com.elephant.myinvoice"]
2018-04-07 05:25:37:801 - info: [debug] [Logcat] Stopping logcat capture
2018-04-07 05:25:37:828 - info: [debug] [ADB] Removing forwarded port socket connection: 8216 
2018-04-07 05:25:37:829 - info: [debug] [ADB] Running 'D:\sdk\platform-tools\adb.exe' with args: ["-P",5037,"-s","K4Q6T16713001686","forward","--remove","tcp:8216"]
