2018-04-14 06:50:13:795 - info: [Appium] Welcome to Appium v1.7.2
2018-04-14 06:50:13:798 - info: [Appium] Non-default server args:
2018-04-14 06:50:13:799 - info: [Appium]   port: 4700
2018-04-14 06:50:13:799 - info: [Appium]   bootstrapPort: 4901
2018-04-14 06:50:13:799 - info: [Appium]   sessionOverride: true
2018-04-14 06:50:13:799 - info: [Appium]   log: D:/PycharmProjects/Appium27/log/K4Q6T167130016862018-04-14-14_50_04.log
2018-04-14 06:50:13:799 - info: [Appium]   udid: K4Q6T16713001686
2018-04-14 06:50:13:800 - info: [Appium]   noReset: true
2018-04-14 06:50:13:800 - warn: [Appium] Deprecated server args:
2018-04-14 06:50:13:801 - warn: [Appium]   -U,--udid => --default-capabilities '{"udid":"K4Q6T16713001686"}'
2018-04-14 06:50:13:801 - warn: [Appium]   --no-reset => --default-capabilities '{"noReset":true}'
2018-04-14 06:50:13:801 - info: [Appium] Default capabilities, which will be added to each request unless overridden by desired capabilities:
2018-04-14 06:50:13:801 - info: [Appium]   udid: K4Q6T16713001686
2018-04-14 06:50:13:802 - info: [Appium]   noReset: true
2018-04-14 06:50:13:835 - info: [Appium] Appium REST http interface listener started on 0.0.0.0:4700
2018-04-14 06:50:26:773 - info: [HTTP] --> POST /wd/hub/session {"capabilities":{"alwaysMatch":{"platformName":"Android"},"firstMatch":[{}]},"desiredCapabilities":{"deviceName":"K4Q6T16713001686","unicodeKeyboard":true,"automationName":"uiautomator2","resetKeyboard":true,"platformName":"Android","app":"../apk/wdfp.apk"}}
2018-04-14 06:50:26:777 - info: [debug] [MJSONWP] Calling AppiumDriver.createSession() with args: [{"deviceName":"K4Q6T16713001686","unicodeKeyboard":true,"automationName":"uiautomator2","resetKeyboard":true,"platformName":"Android","app":"../apk/wdfp.apk"},null,{"alwaysMatch":{"platformName":"Android"},"firstMatch":[{}]}]
2018-04-14 06:50:26:778 - info: [debug] [BaseDriver] Event 'newSessionRequested' logged at 1523688626778 (14:50:26 GMT+0800 (China Standard Time))
2018-04-14 06:50:26:780 - info: [Appium] Merged W3C capabilities {"alwaysMatch":{"platformName":"Android"},"firs... into desiredCapabilities object {"deviceName":"K4Q6T16713001686","unicodeKeyboa...
2018-04-14 06:50:26:784 - info: [Appium] Creating new AndroidUiautomator2Driver (v0.11.0) session
2018-04-14 06:50:26:784 - info: [Appium] Capabilities:
2018-04-14 06:50:26:784 - info: [Appium]   deviceName: K4Q6T16713001686
2018-04-14 06:50:26:784 - info: [Appium]   unicodeKeyboard: true
2018-04-14 06:50:26:785 - info: [Appium]   automationName: uiautomator2
2018-04-14 06:50:26:785 - info: [Appium]   resetKeyboard: true
2018-04-14 06:50:26:785 - info: [Appium]   platformName: Android
2018-04-14 06:50:26:785 - info: [Appium]   app: ../apk/wdfp.apk
2018-04-14 06:50:26:785 - info: [Appium]   udid: K4Q6T16713001686
2018-04-14 06:50:26:786 - info: [Appium]   noReset: true
2018-04-14 06:50:26:799 - info: [BaseDriver] Session created with session id: e87c5b7f-76a6-4451-9107-be743aa7d353
2018-04-14 06:50:26:801 - info: [BaseDriver] Using local app '../apk/wdfp.apk'
2018-04-14 06:50:26:823 - info: [debug] [UiAutomator2] Checking whether app is actually present
2018-04-14 06:50:27:234 - info: [debug] [AndroidDriver] Getting Java version
2018-04-14 06:50:27:580 - info: [AndroidDriver] Java version is: 1.8.0_151
2018-04-14 06:50:27:584 - info: [ADB] Checking whether adb is present
2018-04-14 06:50:27:588 - info: [ADB] Using adb.exe from D:\sdk\platform-tools\adb.exe
2018-04-14 06:50:27:589 - info: [AndroidDriver] Retrieving device list
2018-04-14 06:50:27:590 - info: [debug] [ADB] Trying to find a connected android device
2018-04-14 06:50:27:591 - info: [debug] [ADB] Getting connected devices...
2018-04-14 06:50:27:752 - info: [debug] [ADB] 1 device(s) connected
2018-04-14 06:50:27:753 - info: [AndroidDriver] Using device: K4Q6T16713001686
2018-04-14 06:50:27:754 - info: [ADB] Checking whether adb is present
2018-04-14 06:50:27:754 - info: [debug] [ADB] Setting device id to K4Q6T16713001686
2018-04-14 06:50:27:756 - info: [debug] [ADB] Getting connected devices...
2018-04-14 06:50:27:882 - info: [debug] [ADB] 1 device(s) connected
2018-04-14 06:50:27:884 - info: [debug] [ADB] Running 'D:\sdk\platform-tools\adb.exe' with args: ["-P",5037,"-s","K4Q6T16713001686","shell","getprop","ro.build.version.sdk"]
2018-04-14 06:50:27:994 - info: [debug] [ADB] Current device property 'ro.build.version.sdk': 24
2018-04-14 06:50:27:994 - info: [debug] [ADB] Device API level: 24
2018-04-14 06:50:27:995 - info: [debug] [AndroidDriver] Parsing package and activity from app manifest
2018-04-14 06:50:27:996 - info: [ADB] Checking whether aapt is present
2018-04-14 06:50:27:998 - info: [ADB] Using aapt.exe from D:\sdk\tools\aapt.exe
2018-04-14 06:50:27:999 - info: [ADB] Extracting package and launch activity from manifest
2018-04-14 06:50:28:097 - info: [debug] [ADB] badging package: com.elephant.myinvoice
2018-04-14 06:50:28:097 - info: [debug] [ADB] badging act: com.elephant.myinvoice.MainActivity
2018-04-14 06:50:28:097 - info: [debug] [AndroidDriver] Parsed package and activity are: com.elephant.myinvoice/com.elephant.myinvoice.MainActivity
2018-04-14 06:50:28:098 - info: [ADB] Getting device platform version
2018-04-14 06:50:28:098 - info: [debug] [ADB] Getting connected devices...
2018-04-14 06:50:28:179 - info: [debug] [ADB] 1 device(s) connected
2018-04-14 06:50:28:180 - info: [debug] [ADB] Running 'D:\sdk\platform-tools\adb.exe' with args: ["-P",5037,"-s","K4Q6T16713001686","shell","getprop","ro.build.version.release"]
2018-04-14 06:50:28:292 - info: [debug] [ADB] Current device property 'ro.build.version.release': 7.0
2018-04-14 06:50:28:292 - info: [debug] [ADB] Getting connected devices...
2018-04-14 06:50:28:473 - info: [debug] [ADB] 1 device(s) connected
2018-04-14 06:50:28:473 - info: [debug] [ADB] Running 'D:\sdk\platform-tools\adb.exe' with args: ["-P",5037,"-s","K4Q6T16713001686","shell","wm","size"]
2018-04-14 06:50:29:255 - info: [debug] [ADB] Getting connected devices...
2018-04-14 06:50:29:333 - info: [debug] [ADB] 1 device(s) connected
2018-04-14 06:50:29:334 - info: [debug] [ADB] Running 'D:\sdk\platform-tools\adb.exe' with args: ["-P",5037,"-s","K4Q6T16713001686","shell","wm","density"]
2018-04-14 06:50:30:060 - info: [debug] [ADB] Getting connected devices...
2018-04-14 06:50:30:130 - info: [debug] [ADB] 1 device(s) connected
2018-04-14 06:50:30:130 - info: [debug] [ADB] Running 'D:\sdk\platform-tools\adb.exe' with args: ["-P",5037,"-s","K4Q6T16713001686","shell","getprop","ro.product.model"]
2018-04-14 06:50:30:243 - info: [debug] [ADB] Current device property 'ro.product.model': NEM-AL10
2018-04-14 06:50:30:244 - info: [debug] [ADB] Getting connected devices...
2018-04-14 06:50:30:322 - info: [debug] [ADB] 1 device(s) connected
2018-04-14 06:50:30:323 - info: [debug] [ADB] Running 'D:\sdk\platform-tools\adb.exe' with args: ["-P",5037,"-s","K4Q6T16713001686","shell","getprop","ro.product.manufacturer"]
2018-04-14 06:50:30:551 - info: [debug] [ADB] Current device property 'ro.product.manufacturer': HUAWEI
2018-04-14 06:50:30:553 - info: [debug] [ADB] Getting connected devices...
2018-04-14 06:50:30:675 - info: [debug] [ADB] 1 device(s) connected
2018-04-14 06:50:30:676 - info: [debug] [ADB] Running 'D:\sdk\platform-tools\adb.exe' with args: ["-P",5037,"-s","K4Q6T16713001686","shell","am","force-stop","io.appium.uiautomator2.server"]
2018-04-14 06:50:31:375 - info: [ADB] Checking whether aapt is present
2018-04-14 06:50:31:488 - info: [debug] [ADB] Getting install status for io.appium.uiautomator2.server
2018-04-14 06:50:31:488 - info: [debug] [ADB] Getting connected devices...
2018-04-14 06:50:31:570 - info: [debug] [ADB] 1 device(s) connected
2018-04-14 06:50:31:570 - info: [debug] [ADB] Running 'D:\sdk\platform-tools\adb.exe' with args: ["-P",5037,"-s","K4Q6T16713001686","shell","pm","list","packages","io.appium.uiautomator2.server"]
2018-04-14 06:50:32:322 - info: [debug] [ADB] App is installed
2018-04-14 06:50:32:322 - info: [debug] [ADB] Getting install status for io.appium.uiautomator2.server.test
2018-04-14 06:50:32:323 - info: [debug] [ADB] Getting connected devices...
2018-04-14 06:50:32:410 - info: [debug] [ADB] 1 device(s) connected
2018-04-14 06:50:32:410 - info: [debug] [ADB] Running 'D:\sdk\platform-tools\adb.exe' with args: ["-P",5037,"-s","K4Q6T16713001686","shell","pm","list","packages","io.appium.uiautomator2.server.test"]
2018-04-14 06:50:33:165 - info: [debug] [ADB] App is installed
2018-04-14 06:50:33:166 - info: [debug] [ADB] Getting package info for io.appium.uiautomator2.server
2018-04-14 06:50:33:167 - info: [debug] [ADB] Getting connected devices...
2018-04-14 06:50:33:247 - info: [debug] [ADB] 1 device(s) connected
2018-04-14 06:50:33:248 - info: [debug] [ADB] Running 'D:\sdk\platform-tools\adb.exe' with args: ["-P",5037,"-s","K4Q6T16713001686","shell","dumpsys","package","io.appium.uiautomator2.server"]
2018-04-14 06:50:33:395 - info: [debug] [UiAutomator2] Waiting up to 20000ms for instrumentation 'io.appium.uiautomator2.server.test/android.support.test.runner.AndroidJUnitRunner' to be available
2018-04-14 06:50:33:396 - info: [debug] [ADB] Getting connected devices...
2018-04-14 06:50:33:552 - info: [debug] [ADB] 1 device(s) connected
2018-04-14 06:50:33:552 - info: [debug] [ADB] Running 'D:\sdk\platform-tools\adb.exe' with args: ["-P",5037,"-s","K4Q6T16713001686","shell","pm","list","instrumentation"]
2018-04-14 06:50:34:256 - info: [debug] [UiAutomator2] Instrumentation 'io.appium.uiautomator2.server.test/android.support.test.runner.AndroidJUnitRunner' available
2018-04-14 06:50:34:258 - info: [debug] [ADB] Running 'D:\sdk\platform-tools\adb.exe' with args: ["-P",5037,"-s","K4Q6T16713001686","wait-for-device"]
2018-04-14 06:50:34:343 - info: [debug] [ADB] Getting connected devices...
2018-04-14 06:50:34:426 - info: [debug] [ADB] 1 device(s) connected
2018-04-14 06:50:34:427 - info: [debug] [ADB] Running 'D:\sdk\platform-tools\adb.exe' with args: ["-P",5037,"-s","K4Q6T16713001686","shell","echo","ping"]
2018-04-14 06:50:34:609 - warn: [AndroidDriver] setDeviceLanguageCountry requires language or country.
2018-04-14 06:50:34:610 - warn: [AndroidDriver] Got language: 'null' and country: 'null'
2018-04-14 06:50:34:612 - info: [debug] [Logcat] Starting logcat capture
2018-04-14 06:50:34:727 - info: [debug] [AndroidDriver] Enabling Unicode keyboard support
2018-04-14 06:50:34:727 - info: [debug] [AndroidDriver] Pushing unicode ime to device...
2018-04-14 06:50:34:728 - info: [debug] [ADB] Running 'D:\sdk\platform-tools\adb.exe' with args: ["-P",5037,"-s","K4Q6T16713001686","install","C:\\Users\\Myron.Guo\\AppData\\Roaming\\npm\\node_modules\\appium\\node_modules\\appium-android-ime\\bin\\UnicodeIME-debug.apk"]
2018-04-14 06:50:36:035 - info: [debug] [ADB] Getting connected devices...
2018-04-14 06:50:36:122 - info: [debug] [ADB] 1 device(s) connected
2018-04-14 06:50:36:122 - info: [debug] [ADB] Running 'D:\sdk\platform-tools\adb.exe' with args: ["-P",5037,"-s","K4Q6T16713001686","shell","settings","get","secure","default_input_method"]
2018-04-14 06:50:36:828 - info: [debug] [AndroidDriver] Unsetting previous IME io.appium.android.ime/.UnicodeIME
2018-04-14 06:50:36:829 - info: [debug] [AndroidDriver] Setting IME to 'io.appium.android.ime/.UnicodeIME'
2018-04-14 06:50:36:829 - info: [debug] [ADB] Getting connected devices...
2018-04-14 06:50:36:902 - info: [debug] [ADB] 1 device(s) connected
2018-04-14 06:50:36:902 - info: [debug] [ADB] Running 'D:\sdk\platform-tools\adb.exe' with args: ["-P",5037,"-s","K4Q6T16713001686","shell","ime","enable","io.appium.android.ime/.UnicodeIME"]
2018-04-14 06:50:37:610 - info: [debug] [ADB] Getting connected devices...
2018-04-14 06:50:37:685 - info: [debug] [ADB] 1 device(s) connected
2018-04-14 06:50:37:685 - info: [debug] [ADB] Running 'D:\sdk\platform-tools\adb.exe' with args: ["-P",5037,"-s","K4Q6T16713001686","shell","ime","set","io.appium.android.ime/.UnicodeIME"]
2018-04-14 06:50:38:381 - info: [debug] [AndroidDriver] Pushing settings apk to device...
2018-04-14 06:50:38:383 - info: [debug] [ADB] Getting install status for io.appium.settings
2018-04-14 06:50:38:383 - info: [debug] [ADB] Getting connected devices...
2018-04-14 06:50:38:460 - info: [debug] [ADB] 1 device(s) connected
2018-04-14 06:50:38:461 - info: [debug] [ADB] Running 'D:\sdk\platform-tools\adb.exe' with args: ["-P",5037,"-s","K4Q6T16713001686","shell","pm","list","packages","io.appium.settings"]
2018-04-14 06:50:39:214 - info: [debug] [ADB] App is installed
2018-04-14 06:50:39:214 - info: [debug] [ADB] Getting package info for io.appium.settings
2018-04-14 06:50:39:215 - info: [debug] [ADB] Getting connected devices...
2018-04-14 06:50:39:284 - info: [debug] [ADB] 1 device(s) connected
2018-04-14 06:50:39:284 - info: [debug] [ADB] Running 'D:\sdk\platform-tools\adb.exe' with args: ["-P",5037,"-s","K4Q6T16713001686","shell","dumpsys","package","io.appium.settings"]
2018-04-14 06:50:39:411 - info: [ADB] Checking whether aapt is present
2018-04-14 06:50:39:581 - info: [debug] [ADB] The installed 'io.appium.settings' package does not require upgrade (5 >= 5)
2018-04-14 06:50:39:582 - info: [debug] [ADB] Device API level: 24
2018-04-14 06:50:39:583 - info: [debug] [ADB] Getting connected devices...
2018-04-14 06:50:39:672 - info: [debug] [ADB] 1 device(s) connected
2018-04-14 06:50:39:672 - info: [debug] [ADB] Running 'D:\sdk\platform-tools\adb.exe' with args: ["-P",5037,"-s","K4Q6T16713001686","shell","dumpsys","package","io.appium.settings"]
2018-04-14 06:50:39:797 - info: [debug] [ADB] Getting connected devices...
2018-04-14 06:50:39:880 - info: [debug] [ADB] 1 device(s) connected
2018-04-14 06:50:39:881 - info: [debug] [ADB] Running 'D:\sdk\platform-tools\adb.exe' with args: ["-P",5037,"-s","K4Q6T16713001686","shell","pm","dump","io.appium.settings"]
2018-04-14 06:50:41:057 - info: [debug] [ADB] Got the following command chunks to execute: pm,grant,io.appium.settings,android.permission.WRITE_SETTINGS,;,pm,grant,io.appium.settings,android.permission.ACCESS_MOCK_LOCATION,;
2018-04-14 06:50:41:057 - info: [debug] [ADB] Getting connected devices...
2018-04-14 06:50:41:139 - info: [debug] [ADB] 1 device(s) connected
2018-04-14 06:50:41:139 - info: [debug] [ADB] Running 'D:\sdk\platform-tools\adb.exe' with args: ["-P",5037,"-s","K4Q6T16713001686","shell","pm","grant","io.appium.settings","android.permission.WRITE_SETTINGS",";","pm","grant","io.appium.settings","android.permission.ACCESS_MOCK_LOCATION",";"]
2018-04-14 06:50:42:447 - info: [debug] [ADB] Getting connected devices...
2018-04-14 06:50:42:516 - info: [debug] [ADB] 1 device(s) connected
2018-04-14 06:50:42:516 - info: [debug] [ADB] Running 'D:\sdk\platform-tools\adb.exe' with args: ["-P",5037,"-s","K4Q6T16713001686","shell","ps"]
2018-04-14 06:50:42:732 - info: [debug] [ADB] Device API level: 24
2018-04-14 06:50:42:733 - info: [debug] [ADB] Getting connected devices...
2018-04-14 06:50:42:802 - info: [debug] [ADB] 1 device(s) connected
2018-04-14 06:50:42:802 - info: [debug] [ADB] Running 'D:\sdk\platform-tools\adb.exe' with args: ["-P",5037,"-s","K4Q6T16713001686","shell","am","start","-W","-n","io.appium.settings/.Settings","-a","android.intent.action.MAIN","-c","android.intent.category.LAUNCHER","-f","0x10200000"]
2018-04-14 06:50:43:907 - info: [debug] [ADB] Device API level: 24
2018-04-14 06:50:43:908 - info: [debug] [ADB] Getting connected devices...
2018-04-14 06:50:43:985 - info: [debug] [ADB] 1 device(s) connected
2018-04-14 06:50:43:986 - info: [debug] [ADB] Running 'D:\sdk\platform-tools\adb.exe' with args: ["-P",5037,"-s","K4Q6T16713001686","shell","appops","set","io.appium.settings","android:mock_location","allow"]
2018-04-14 06:50:44:104 - info: [debug] [AndroidDriver] Pushing unlock helper app to device...
2018-04-14 06:50:44:104 - info: [debug] [ADB] Getting install status for io.appium.unlock
2018-04-14 06:50:44:104 - info: [debug] [ADB] Getting connected devices...
2018-04-14 06:50:44:194 - info: [debug] [ADB] 1 device(s) connected
2018-04-14 06:50:44:195 - info: [debug] [ADB] Running 'D:\sdk\platform-tools\adb.exe' with args: ["-P",5037,"-s","K4Q6T16713001686","shell","pm","list","packages","io.appium.unlock"]
2018-04-14 06:50:44:982 - info: [debug] [ADB] App is installed
2018-04-14 06:50:44:983 - info: [debug] [ADB] Getting package info for io.appium.unlock
2018-04-14 06:50:44:983 - info: [debug] [ADB] Getting connected devices...
2018-04-14 06:50:45:064 - info: [debug] [ADB] 1 device(s) connected
2018-04-14 06:50:45:065 - info: [debug] [ADB] Running 'D:\sdk\platform-tools\adb.exe' with args: ["-P",5037,"-s","K4Q6T16713001686","shell","dumpsys","package","io.appium.unlock"]
2018-04-14 06:50:45:198 - info: [ADB] Checking whether aapt is present
2018-04-14 06:50:45:284 - info: [debug] [ADB] The installed 'io.appium.unlock' package does not require upgrade (2 >= 2)
2018-04-14 06:50:45:285 - info: [debug] [UiAutomator2] Forwarding UiAutomator2 Server port 6790 to 8204
2018-04-14 06:50:45:286 - info: [debug] [ADB] Forwarding system: 8204 to device: 6790
2018-04-14 06:50:45:286 - info: [debug] [ADB] Running 'D:\sdk\platform-tools\adb.exe' with args: ["-P",5037,"-s","K4Q6T16713001686","forward","tcp:8204","tcp:6790"]
2018-04-14 06:50:45:361 - info: [debug] [ADB] Getting connected devices...
2018-04-14 06:50:45:470 - info: [debug] [ADB] 1 device(s) connected
2018-04-14 06:50:45:471 - info: [debug] [ADB] Running 'D:\sdk\platform-tools\adb.exe' with args: ["-P",5037,"-s","K4Q6T16713001686","shell","dumpsys","window"]
2018-04-14 06:50:45:777 - info: [AndroidDriver] Screen already unlocked, doing nothing
2018-04-14 06:50:45:778 - info: [debug] [AndroidDriver] Extracting strings from apk ../apk/wdfp.apk null C:\Users\Myron.Guo\AppData\Local\Temp\com.elephant.myinvoice
2018-04-14 06:50:45:779 - info: [debug] [ADB] Extracting strings for language: default
2018-04-14 06:50:45:780 - info: [debug] [ADB] Device API level: 24
2018-04-14 06:50:45:781 - info: [debug] [ADB] Getting connected devices...
2018-04-14 06:50:45:872 - info: [debug] [ADB] 1 device(s) connected
2018-04-14 06:50:45:873 - info: [debug] [ADB] Running 'D:\sdk\platform-tools\adb.exe' with args: ["-P",5037,"-s","K4Q6T16713001686","shell","getprop","persist.sys.locale"]
2018-04-14 06:50:45:986 - info: [debug] [ADB] Current device property 'persist.sys.locale': zh-CN
2018-04-14 06:50:47:494 - info: [debug] [ADB] Reading strings from converted strings.json
2018-04-14 06:50:47:496 - info: [debug] [ADB] Running 'D:\sdk\platform-tools\adb.exe' with args: ["-P",5037,"-s","K4Q6T16713001686","push","C:\\Users\\Myron.Guo\\AppData\\Local\\Temp\\com.elephant.myinvoice\\strings.json","/data/local/tmp"]
2018-04-14 06:50:47:802 - info: [debug] [ADB] Checking app cert for ../apk/wdfp.apk
2018-04-14 06:50:47:804 - warn: [ADB] Cannot use apksigner tool for signature verification. Defaulting to verify.jar. Original error: Could not find apksigner.bat in D:\sdk\platform-tools\apksigner.bat,D:\sdk\emulator\apksigner.bat,D:\sdk\tools\apksigner.bat,D:\sdk\tools\bin\apksigner.bat,D:\sdk\build-tools\android-4.3\apksigner.bat, or supported build-tools under D:\sdk do you have the Android SDK installed at this location?
2018-04-14 06:50:49:450 - info: [debug] [ADB] '../apk/wdfp.apk' is already signed.
2018-04-14 06:50:49:618 - info: [AndroidDriver] Remote apk path is /data/local/tmp/780181b19178cbb4b9dd8d8e2be41e72.apk
2018-04-14 06:50:49:619 - info: [debug] [ADB] Getting connected devices...
2018-04-14 06:50:49:791 - info: [debug] [ADB] 1 device(s) connected
2018-04-14 06:50:49:791 - info: [debug] [ADB] Running 'D:\sdk\platform-tools\adb.exe' with args: ["-P",5037,"-s","K4Q6T16713001686","shell","ls","/data/local/tmp/780181b19178cbb4b9dd8d8e2be41e72.apk"]
2018-04-14 06:50:49:892 - info: [debug] [AndroidDriver] Checking if app is installed
2018-04-14 06:50:49:893 - info: [debug] [ADB] Getting install status for com.elephant.myinvoice
2018-04-14 06:50:49:893 - info: [debug] [ADB] Getting connected devices...
2018-04-14 06:50:49:970 - info: [debug] [ADB] 1 device(s) connected
2018-04-14 06:50:49:971 - info: [debug] [ADB] Running 'D:\sdk\platform-tools\adb.exe' with args: ["-P",5037,"-s","K4Q6T16713001686","shell","pm","list","packages","com.elephant.myinvoice"]
2018-04-14 06:50:50:741 - info: [debug] [ADB] App is not installed
2018-04-14 06:50:50:741 - info: [AndroidDriver] Apk is not yet installed
2018-04-14 06:50:50:741 - info: [AndroidDriver] installing apk from remote
2018-04-14 06:50:50:742 - info: [debug] [ADB] Getting connected devices...
2018-04-14 06:50:50:835 - info: [debug] [ADB] 1 device(s) connected
2018-04-14 06:50:50:835 - info: [debug] [ADB] Running 'D:\sdk\platform-tools\adb.exe' with args: ["-P",5037,"-s","K4Q6T16713001686","shell","mkdir","-p","/data/local/tmp"]
2018-04-14 06:50:50:943 - info: [AndroidDriver] Clearing out any existing remote apks with the same hash
2018-04-14 06:50:50:945 - info: [debug] [AndroidDriver] Removing any old apks
2018-04-14 06:50:50:945 - info: [debug] [AndroidDriver] Except ["780181b19178cbb4b9dd8d8e2be41e72"]
2018-04-14 06:50:50:945 - info: [debug] [ADB] Getting connected devices...
2018-04-14 06:50:51:029 - info: [debug] [ADB] 1 device(s) connected
2018-04-14 06:50:51:029 - info: [debug] [ADB] Running 'D:\sdk\platform-tools\adb.exe' with args: ["-P",5037,"-s","K4Q6T16713001686","shell","ls","/data/local/tmp/*.apk"]
2018-04-14 06:50:51:142 - info: [debug] [ADB] Uninstalling com.elephant.myinvoice
2018-04-14 06:50:51:142 - info: [debug] [ADB] Getting install status for com.elephant.myinvoice
2018-04-14 06:50:51:142 - info: [debug] [ADB] Getting connected devices...
2018-04-14 06:50:51:233 - info: [debug] [ADB] 1 device(s) connected
2018-04-14 06:50:51:234 - info: [debug] [ADB] Running 'D:\sdk\platform-tools\adb.exe' with args: ["-P",5037,"-s","K4Q6T16713001686","shell","pm","list","packages","com.elephant.myinvoice"]
2018-04-14 06:50:51:943 - info: [debug] [ADB] App is not installed
2018-04-14 06:50:51:943 - info: [ADB] com.elephant.myinvoice was not uninstalled, because it was not present on the device
2018-04-14 06:50:51:944 - info: [debug] [ADB] Getting connected devices...
2018-04-14 06:50:52:011 - info: [debug] [ADB] 1 device(s) connected
2018-04-14 06:50:52:012 - info: [debug] [ADB] Running 'D:\sdk\platform-tools\adb.exe' with args: ["-P",5037,"-s","K4Q6T16713001686","shell","pm","install","-r","/data/local/tmp/780181b19178cbb4b9dd8d8e2be41e72.apk"]
