2018-04-07 05:46:07:776 - info: [Appium] Welcome to Appium v1.7.2
2018-04-07 05:46:07:779 - info: [Appium] Non-default server args:
2018-04-07 05:46:07:780 - info: [Appium]   port: 4701
2018-04-07 05:46:07:780 - info: [Appium]   bootstrapPort: 4900
2018-04-07 05:46:07:780 - info: [Appium]   sessionOverride: true
2018-04-07 05:46:07:780 - info: [Appium]   log: D:/PycharmProjects/Appium27/log/K4Q6T167130016862018-04-07-13_45_58.log
2018-04-07 05:46:07:780 - info: [Appium]   udid: K4Q6T16713001686
2018-04-07 05:46:07:780 - info: [Appium]   noReset: true
2018-04-07 05:46:07:781 - warn: [Appium] Deprecated server args:
2018-04-07 05:46:07:782 - warn: [Appium]   -U,--udid => --default-capabilities '{"udid":"K4Q6T16713001686"}'
2018-04-07 05:46:07:782 - warn: [Appium]   --no-reset => --default-capabilities '{"noReset":true}'
2018-04-07 05:46:07:782 - info: [Appium] Default capabilities, which will be added to each request unless overridden by desired capabilities:
2018-04-07 05:46:07:782 - info: [Appium]   udid: K4Q6T16713001686
2018-04-07 05:46:07:782 - info: [Appium]   noReset: true
2018-04-07 05:46:07:814 - info: [Appium] Appium REST http interface listener started on 0.0.0.0:4701
2018-04-07 05:46:20:795 - info: [HTTP] --> POST /wd/hub/session {"capabilities":{"alwaysMatch":{"platformName":"Android"},"firstMatch":[{}]},"desiredCapabilities":{"deviceName":"K4Q6T16713001686","unicodeKeyboard":true,"automationName":"uiautomator2","resetKeyboard":true,"platformName":"Android","app":"../apk/wdfp.apk"}}
2018-04-07 05:46:20:799 - info: [debug] [MJSONWP] Calling AppiumDriver.createSession() with args: [{"deviceName":"K4Q6T16713001686","unicodeKeyboard":true,"automationName":"uiautomator2","resetKeyboard":true,"platformName":"Android","app":"../apk/wdfp.apk"},null,{"alwaysMatch":{"platformName":"Android"},"firstMatch":[{}]}]
2018-04-07 05:46:20:801 - info: [debug] [BaseDriver] Event 'newSessionRequested' logged at 1523079980801 (13:46:20 GMT+0800 (China Standard Time))
2018-04-07 05:46:20:803 - info: [Appium] Merged W3C capabilities {"alwaysMatch":{"platformName":"Android"},"firs... into desiredCapabilities object {"deviceName":"K4Q6T16713001686","unicodeKeyboa...
2018-04-07 05:46:20:807 - info: [Appium] Creating new AndroidUiautomator2Driver (v0.11.0) session
2018-04-07 05:46:20:807 - info: [Appium] Capabilities:
2018-04-07 05:46:20:807 - info: [Appium]   deviceName: K4Q6T16713001686
2018-04-07 05:46:20:808 - info: [Appium]   unicodeKeyboard: true
2018-04-07 05:46:20:808 - info: [Appium]   automationName: uiautomator2
2018-04-07 05:46:20:808 - info: [Appium]   resetKeyboard: true
2018-04-07 05:46:20:808 - info: [Appium]   platformName: Android
2018-04-07 05:46:20:808 - info: [Appium]   app: ../apk/wdfp.apk
2018-04-07 05:46:20:808 - info: [Appium]   udid: K4Q6T16713001686
2018-04-07 05:46:20:809 - info: [Appium]   noReset: true
2018-04-07 05:46:20:826 - info: [BaseDriver] Session created with session id: d8a5af13-46df-445c-b999-83660a725c7a
2018-04-07 05:46:20:827 - info: [BaseDriver] Using local app '../apk/wdfp.apk'
2018-04-07 05:46:20:856 - info: [debug] [UiAutomator2] Checking whether app is actually present
2018-04-07 05:46:21:277 - info: [debug] [AndroidDriver] Getting Java version
2018-04-07 05:46:21:574 - info: [AndroidDriver] Java version is: 1.8.0_151
2018-04-07 05:46:21:578 - info: [ADB] Checking whether adb is present
2018-04-07 05:46:21:581 - info: [ADB] Using adb.exe from D:\sdk\platform-tools\adb.exe
2018-04-07 05:46:21:582 - info: [AndroidDriver] Retrieving device list
2018-04-07 05:46:21:583 - info: [debug] [ADB] Trying to find a connected android device
2018-04-07 05:46:21:584 - info: [debug] [ADB] Getting connected devices...
2018-04-07 05:46:21:736 - info: [debug] [ADB] 1 device(s) connected
2018-04-07 05:46:21:736 - info: [AndroidDriver] Using device: K4Q6T16713001686
2018-04-07 05:46:21:737 - info: [ADB] Checking whether adb is present
2018-04-07 05:46:21:738 - info: [debug] [ADB] Setting device id to K4Q6T16713001686
2018-04-07 05:46:21:739 - info: [debug] [ADB] Getting connected devices...
2018-04-07 05:46:21:851 - info: [debug] [ADB] 1 device(s) connected
2018-04-07 05:46:21:853 - info: [debug] [ADB] Running 'D:\sdk\platform-tools\adb.exe' with args: ["-P",5037,"-s","K4Q6T16713001686","shell","getprop","ro.build.version.sdk"]
2018-04-07 05:46:21:986 - info: [debug] [ADB] Current device property 'ro.build.version.sdk': 24
2018-04-07 05:46:21:986 - info: [debug] [ADB] Device API level: 24
2018-04-07 05:46:21:987 - info: [debug] [AndroidDriver] Parsing package and activity from app manifest
2018-04-07 05:46:21:988 - info: [ADB] Checking whether aapt is present
2018-04-07 05:46:21:991 - info: [ADB] Using aapt.exe from D:\sdk\tools\aapt.exe
2018-04-07 05:46:21:992 - info: [ADB] Extracting package and launch activity from manifest
2018-04-07 05:46:22:105 - info: [debug] [ADB] badging package: com.elephant.myinvoice
2018-04-07 05:46:22:105 - info: [debug] [ADB] badging act: com.elephant.myinvoice.MainActivity
2018-04-07 05:46:22:105 - info: [debug] [AndroidDriver] Parsed package and activity are: com.elephant.myinvoice/com.elephant.myinvoice.MainActivity
2018-04-07 05:46:22:106 - info: [ADB] Getting device platform version
2018-04-07 05:46:22:106 - info: [debug] [ADB] Getting connected devices...
2018-04-07 05:46:22:214 - info: [debug] [ADB] 1 device(s) connected
2018-04-07 05:46:22:214 - info: [debug] [ADB] Running 'D:\sdk\platform-tools\adb.exe' with args: ["-P",5037,"-s","K4Q6T16713001686","shell","getprop","ro.build.version.release"]
2018-04-07 05:46:22:350 - info: [debug] [ADB] Current device property 'ro.build.version.release': 7.0
2018-04-07 05:46:22:351 - info: [debug] [ADB] Getting connected devices...
2018-04-07 05:46:22:450 - info: [debug] [ADB] 1 device(s) connected
2018-04-07 05:46:22:450 - info: [debug] [ADB] Running 'D:\sdk\platform-tools\adb.exe' with args: ["-P",5037,"-s","K4Q6T16713001686","shell","wm","size"]
2018-04-07 05:46:23:155 - info: [debug] [ADB] Getting connected devices...
2018-04-07 05:46:23:243 - info: [debug] [ADB] 1 device(s) connected
2018-04-07 05:46:23:244 - info: [debug] [ADB] Running 'D:\sdk\platform-tools\adb.exe' with args: ["-P",5037,"-s","K4Q6T16713001686","shell","wm","density"]
2018-04-07 05:46:23:938 - info: [debug] [ADB] Getting connected devices...
2018-04-07 05:46:24:031 - info: [debug] [ADB] 1 device(s) connected
2018-04-07 05:46:24:032 - info: [debug] [ADB] Running 'D:\sdk\platform-tools\adb.exe' with args: ["-P",5037,"-s","K4Q6T16713001686","shell","getprop","ro.product.model"]
2018-04-07 05:46:24:133 - info: [debug] [ADB] Current device property 'ro.product.model': NEM-AL10
2018-04-07 05:46:24:134 - info: [debug] [ADB] Getting connected devices...
2018-04-07 05:46:24:230 - info: [debug] [ADB] 1 device(s) connected
2018-04-07 05:46:24:231 - info: [debug] [ADB] Running 'D:\sdk\platform-tools\adb.exe' with args: ["-P",5037,"-s","K4Q6T16713001686","shell","getprop","ro.product.manufacturer"]
2018-04-07 05:46:24:334 - info: [debug] [ADB] Current device property 'ro.product.manufacturer': HUAWEI
2018-04-07 05:46:24:337 - info: [debug] [ADB] Getting connected devices...
2018-04-07 05:46:24:431 - info: [debug] [ADB] 1 device(s) connected
2018-04-07 05:46:24:431 - info: [debug] [ADB] Running 'D:\sdk\platform-tools\adb.exe' with args: ["-P",5037,"-s","K4Q6T16713001686","shell","am","force-stop","io.appium.uiautomator2.server"]
2018-04-07 05:46:25:126 - info: [ADB] Checking whether aapt is present
2018-04-07 05:46:25:181 - info: [debug] [ADB] Getting install status for io.appium.uiautomator2.server
2018-04-07 05:46:25:181 - info: [debug] [ADB] Getting connected devices...
2018-04-07 05:46:25:254 - info: [debug] [ADB] 1 device(s) connected
2018-04-07 05:46:25:254 - info: [debug] [ADB] Running 'D:\sdk\platform-tools\adb.exe' with args: ["-P",5037,"-s","K4Q6T16713001686","shell","pm","list","packages","io.appium.uiautomator2.server"]
2018-04-07 05:46:25:957 - info: [debug] [ADB] App is installed
2018-04-07 05:46:25:958 - info: [debug] [ADB] Getting install status for io.appium.uiautomator2.server.test
2018-04-07 05:46:25:958 - info: [debug] [ADB] Getting connected devices...
2018-04-07 05:46:26:033 - info: [debug] [ADB] 1 device(s) connected
2018-04-07 05:46:26:033 - info: [debug] [ADB] Running 'D:\sdk\platform-tools\adb.exe' with args: ["-P",5037,"-s","K4Q6T16713001686","shell","pm","list","packages","io.appium.uiautomator2.server.test"]
2018-04-07 05:46:26:769 - info: [debug] [ADB] App is installed
2018-04-07 05:46:26:770 - info: [debug] [ADB] Getting package info for io.appium.uiautomator2.server
2018-04-07 05:46:26:770 - info: [debug] [ADB] Getting connected devices...
2018-04-07 05:46:26:850 - info: [debug] [ADB] 1 device(s) connected
2018-04-07 05:46:26:851 - info: [debug] [ADB] Running 'D:\sdk\platform-tools\adb.exe' with args: ["-P",5037,"-s","K4Q6T16713001686","shell","dumpsys","package","io.appium.uiautomator2.server"]
2018-04-07 05:46:27:047 - info: [debug] [UiAutomator2] Waiting up to 20000ms for instrumentation 'io.appium.uiautomator2.server.test/android.support.test.runner.AndroidJUnitRunner' to be available
2018-04-07 05:46:27:049 - info: [debug] [ADB] Getting connected devices...
2018-04-07 05:46:27:121 - info: [debug] [ADB] 1 device(s) connected
2018-04-07 05:46:27:121 - info: [debug] [ADB] Running 'D:\sdk\platform-tools\adb.exe' with args: ["-P",5037,"-s","K4Q6T16713001686","shell","pm","list","instrumentation"]
2018-04-07 05:46:27:837 - info: [debug] [UiAutomator2] Instrumentation 'io.appium.uiautomator2.server.test/android.support.test.runner.AndroidJUnitRunner' available
2018-04-07 05:46:27:839 - info: [debug] [ADB] Running 'D:\sdk\platform-tools\adb.exe' with args: ["-P",5037,"-s","K4Q6T16713001686","wait-for-device"]
2018-04-07 05:46:27:924 - info: [debug] [ADB] Getting connected devices...
2018-04-07 05:46:28:013 - info: [debug] [ADB] 1 device(s) connected
2018-04-07 05:46:28:013 - info: [debug] [ADB] Running 'D:\sdk\platform-tools\adb.exe' with args: ["-P",5037,"-s","K4Q6T16713001686","shell","echo","ping"]
2018-04-07 05:46:28:149 - warn: [AndroidDriver] setDeviceLanguageCountry requires language or country.
2018-04-07 05:46:28:149 - warn: [AndroidDriver] Got language: 'null' and country: 'null'
2018-04-07 05:46:28:151 - info: [debug] [Logcat] Starting logcat capture
2018-04-07 05:46:28:300 - info: [debug] [AndroidDriver] Enabling Unicode keyboard support
2018-04-07 05:46:28:300 - info: [debug] [AndroidDriver] Pushing unicode ime to device...
2018-04-07 05:46:28:301 - info: [debug] [ADB] Running 'D:\sdk\platform-tools\adb.exe' with args: ["-P",5037,"-s","K4Q6T16713001686","install","C:\\Users\\Myron.Guo\\AppData\\Roaming\\npm\\node_modules\\appium\\node_modules\\appium-android-ime\\bin\\UnicodeIME-debug.apk"]
2018-04-07 05:46:29:443 - info: [debug] [ADB] Getting connected devices...
2018-04-07 05:46:29:535 - info: [debug] [ADB] 1 device(s) connected
2018-04-07 05:46:29:535 - info: [debug] [ADB] Running 'D:\sdk\platform-tools\adb.exe' with args: ["-P",5037,"-s","K4Q6T16713001686","shell","settings","get","secure","default_input_method"]
2018-04-07 05:46:30:242 - info: [debug] [AndroidDriver] Unsetting previous IME io.appium.android.ime/.UnicodeIME
2018-04-07 05:46:30:242 - info: [debug] [AndroidDriver] Setting IME to 'io.appium.android.ime/.UnicodeIME'
2018-04-07 05:46:30:243 - info: [debug] [ADB] Getting connected devices...
2018-04-07 05:46:30:341 - info: [debug] [ADB] 1 device(s) connected
2018-04-07 05:46:30:342 - info: [debug] [ADB] Running 'D:\sdk\platform-tools\adb.exe' with args: ["-P",5037,"-s","K4Q6T16713001686","shell","ime","enable","io.appium.android.ime/.UnicodeIME"]
2018-04-07 05:46:31:053 - info: [debug] [ADB] Getting connected devices...
2018-04-07 05:46:31:141 - info: [debug] [ADB] 1 device(s) connected
2018-04-07 05:46:31:142 - info: [debug] [ADB] Running 'D:\sdk\platform-tools\adb.exe' with args: ["-P",5037,"-s","K4Q6T16713001686","shell","ime","set","io.appium.android.ime/.UnicodeIME"]
2018-04-07 05:46:31:850 - info: [debug] [AndroidDriver] Pushing settings apk to device...
2018-04-07 05:46:31:851 - info: [debug] [ADB] Getting install status for io.appium.settings
2018-04-07 05:46:31:852 - info: [debug] [ADB] Getting connected devices...
2018-04-07 05:46:31:938 - info: [debug] [ADB] 1 device(s) connected
2018-04-07 05:46:31:938 - info: [debug] [ADB] Running 'D:\sdk\platform-tools\adb.exe' with args: ["-P",5037,"-s","K4Q6T16713001686","shell","pm","list","packages","io.appium.settings"]
2018-04-07 05:46:32:647 - info: [debug] [ADB] App is installed
2018-04-07 05:46:32:647 - info: [debug] [ADB] Getting package info for io.appium.settings
2018-04-07 05:46:32:648 - info: [debug] [ADB] Getting connected devices...
2018-04-07 05:46:32:736 - info: [debug] [ADB] 1 device(s) connected
2018-04-07 05:46:32:736 - info: [debug] [ADB] Running 'D:\sdk\platform-tools\adb.exe' with args: ["-P",5037,"-s","K4Q6T16713001686","shell","dumpsys","package","io.appium.settings"]
2018-04-07 05:46:32:912 - info: [ADB] Checking whether aapt is present
2018-04-07 05:46:33:033 - info: [debug] [ADB] The installed 'io.appium.settings' package does not require upgrade (5 >= 5)
2018-04-07 05:46:33:035 - info: [debug] [ADB] Device API level: 24
2018-04-07 05:46:33:035 - info: [debug] [ADB] Getting connected devices...
2018-04-07 05:46:33:112 - info: [debug] [ADB] 1 device(s) connected
2018-04-07 05:46:33:112 - info: [debug] [ADB] Running 'D:\sdk\platform-tools\adb.exe' with args: ["-P",5037,"-s","K4Q6T16713001686","shell","dumpsys","package","io.appium.settings"]
2018-04-07 05:46:33:244 - info: [debug] [ADB] Getting connected devices...
2018-04-07 05:46:33:329 - info: [debug] [ADB] 1 device(s) connected
2018-04-07 05:46:33:330 - info: [debug] [ADB] Running 'D:\sdk\platform-tools\adb.exe' with args: ["-P",5037,"-s","K4Q6T16713001686","shell","pm","dump","io.appium.settings"]
2018-04-07 05:46:34:479 - info: [debug] [ADB] Got the following command chunks to execute: pm,grant,io.appium.settings,android.permission.WRITE_SETTINGS,;,pm,grant,io.appium.settings,android.permission.ACCESS_MOCK_LOCATION,;
2018-04-07 05:46:34:479 - info: [debug] [ADB] Getting connected devices...
2018-04-07 05:46:34:562 - info: [debug] [ADB] 1 device(s) connected
2018-04-07 05:46:34:562 - info: [debug] [ADB] Running 'D:\sdk\platform-tools\adb.exe' with args: ["-P",5037,"-s","K4Q6T16713001686","shell","pm","grant","io.appium.settings","android.permission.WRITE_SETTINGS",";","pm","grant","io.appium.settings","android.permission.ACCESS_MOCK_LOCATION",";"]
2018-04-07 05:46:35:848 - info: [debug] [ADB] Getting connected devices...
2018-04-07 05:46:35:940 - info: [debug] [ADB] 1 device(s) connected
2018-04-07 05:46:35:941 - info: [debug] [ADB] Running 'D:\sdk\platform-tools\adb.exe' with args: ["-P",5037,"-s","K4Q6T16713001686","shell","ps"]
2018-04-07 05:46:36:087 - info: [debug] [ADB] Device API level: 24
2018-04-07 05:46:36:087 - info: [debug] [ADB] Getting connected devices...
2018-04-07 05:46:36:170 - info: [debug] [ADB] 1 device(s) connected
2018-04-07 05:46:36:170 - info: [debug] [ADB] Running 'D:\sdk\platform-tools\adb.exe' with args: ["-P",5037,"-s","K4Q6T16713001686","shell","appops","set","io.appium.settings","android:mock_location","allow"]
2018-04-07 05:46:36:287 - info: [debug] [AndroidDriver] Pushing unlock helper app to device...
2018-04-07 05:46:36:288 - info: [debug] [ADB] Getting install status for io.appium.unlock
2018-04-07 05:46:36:288 - info: [debug] [ADB] Getting connected devices...
2018-04-07 05:46:36:397 - info: [debug] [ADB] 1 device(s) connected
2018-04-07 05:46:36:398 - info: [debug] [ADB] Running 'D:\sdk\platform-tools\adb.exe' with args: ["-P",5037,"-s","K4Q6T16713001686","shell","pm","list","packages","io.appium.unlock"]
2018-04-07 05:46:37:121 - info: [debug] [ADB] App is installed
2018-04-07 05:46:37:122 - info: [debug] [ADB] Getting package info for io.appium.unlock
2018-04-07 05:46:37:122 - info: [debug] [ADB] Getting connected devices...
2018-04-07 05:46:37:192 - info: [debug] [ADB] 1 device(s) connected
2018-04-07 05:46:37:193 - info: [debug] [ADB] Running 'D:\sdk\platform-tools\adb.exe' with args: ["-P",5037,"-s","K4Q6T16713001686","shell","dumpsys","package","io.appium.unlock"]
2018-04-07 05:46:37:308 - info: [ADB] Checking whether aapt is present
2018-04-07 05:46:37:364 - info: [debug] [ADB] The installed 'io.appium.unlock' package does not require upgrade (2 >= 2)
2018-04-07 05:46:37:364 - info: [debug] [UiAutomator2] Forwarding UiAutomator2 Server port 6790 to 8216
2018-04-07 05:46:37:364 - info: [debug] [ADB] Forwarding system: 8216 to device: 6790
2018-04-07 05:46:37:365 - info: [debug] [ADB] Running 'D:\sdk\platform-tools\adb.exe' with args: ["-P",5037,"-s","K4Q6T16713001686","forward","tcp:8216","tcp:6790"]
2018-04-07 05:46:37:461 - info: [debug] [ADB] Getting connected devices...
2018-04-07 05:46:37:538 - info: [debug] [ADB] 1 device(s) connected
2018-04-07 05:46:37:538 - info: [debug] [ADB] Running 'D:\sdk\platform-tools\adb.exe' with args: ["-P",5037,"-s","K4Q6T16713001686","shell","dumpsys","window"]
2018-04-07 05:46:37:722 - info: [AndroidDriver] Screen already unlocked, doing nothing
2018-04-07 05:46:37:723 - info: [debug] [AndroidDriver] Extracting strings from apk ../apk/wdfp.apk null C:\Users\Myron.Guo\AppData\Local\Temp\com.elephant.myinvoice
2018-04-07 05:46:37:724 - info: [debug] [ADB] Extracting strings for language: default
2018-04-07 05:46:37:724 - info: [debug] [ADB] Device API level: 24
2018-04-07 05:46:37:725 - info: [debug] [ADB] Getting connected devices...
2018-04-07 05:46:37:819 - info: [debug] [ADB] 1 device(s) connected
2018-04-07 05:46:37:819 - info: [debug] [ADB] Running 'D:\sdk\platform-tools\adb.exe' with args: ["-P",5037,"-s","K4Q6T16713001686","shell","getprop","persist.sys.locale"]
2018-04-07 05:46:37:930 - info: [debug] [ADB] Current device property 'persist.sys.locale': zh-CN
2018-04-07 05:46:39:548 - info: [debug] [ADB] Reading strings from converted strings.json
2018-04-07 05:46:39:550 - info: [debug] [ADB] Running 'D:\sdk\platform-tools\adb.exe' with args: ["-P",5037,"-s","K4Q6T16713001686","push","C:\\Users\\Myron.Guo\\AppData\\Local\\Temp\\com.elephant.myinvoice\\strings.json","/data/local/tmp"]
2018-04-07 05:46:39:747 - info: [debug] [ADB] Checking app cert for ../apk/wdfp.apk
2018-04-07 05:46:39:752 - warn: [ADB] Cannot use apksigner tool for signature verification. Defaulting to verify.jar. Original error: Could not find apksigner.bat in D:\sdk\platform-tools\apksigner.bat,D:\sdk\emulator\apksigner.bat,D:\sdk\tools\apksigner.bat,D:\sdk\tools\bin\apksigner.bat,D:\sdk\build-tools\android-4.3\apksigner.bat, or supported build-tools under D:\sdk do you have the Android SDK installed at this location?
2018-04-07 05:46:41:308 - info: [debug] [ADB] '../apk/wdfp.apk' is already signed.
2018-04-07 05:46:41:648 - info: [AndroidDriver] Remote apk path is /data/local/tmp/4a9053f45d358d0242a66992e1a83312.apk
2018-04-07 05:46:41:649 - info: [debug] [ADB] Getting connected devices...
2018-04-07 05:46:41:744 - info: [debug] [ADB] 1 device(s) connected
2018-04-07 05:46:41:744 - info: [debug] [ADB] Running 'D:\sdk\platform-tools\adb.exe' with args: ["-P",5037,"-s","K4Q6T16713001686","shell","ls","/data/local/tmp/4a9053f45d358d0242a66992e1a83312.apk"]
2018-04-07 05:46:41:861 - info: [debug] [AndroidDriver] Checking if app is installed
2018-04-07 05:46:41:861 - info: [debug] [ADB] Getting install status for com.elephant.myinvoice
2018-04-07 05:46:41:861 - info: [debug] [ADB] Getting connected devices...
2018-04-07 05:46:41:981 - info: [debug] [ADB] 1 device(s) connected
2018-04-07 05:46:41:982 - info: [debug] [ADB] Running 'D:\sdk\platform-tools\adb.exe' with args: ["-P",5037,"-s","K4Q6T16713001686","shell","pm","list","packages","com.elephant.myinvoice"]
2018-04-07 05:46:42:712 - info: [debug] [ADB] App is not installed
2018-04-07 05:46:42:712 - info: [AndroidDriver] Apk is not yet installed
2018-04-07 05:46:42:712 - info: [AndroidDriver] installing apk from remote
2018-04-07 05:46:42:713 - info: [debug] [ADB] Getting connected devices...
2018-04-07 05:46:42:806 - info: [debug] [ADB] 1 device(s) connected
2018-04-07 05:46:42:806 - info: [debug] [ADB] Running 'D:\sdk\platform-tools\adb.exe' with args: ["-P",5037,"-s","K4Q6T16713001686","shell","mkdir","-p","/data/local/tmp"]
2018-04-07 05:46:42:908 - info: [AndroidDriver] Clearing out any existing remote apks with the same hash
2018-04-07 05:46:42:909 - info: [debug] [AndroidDriver] Removing any old apks
2018-04-07 05:46:42:911 - info: [debug] [AndroidDriver] Except ["4a9053f45d358d0242a66992e1a83312"]
2018-04-07 05:46:42:912 - info: [debug] [ADB] Getting connected devices...
2018-04-07 05:46:43:047 - info: [debug] [ADB] 1 device(s) connected
2018-04-07 05:46:43:048 - info: [debug] [ADB] Running 'D:\sdk\platform-tools\adb.exe' with args: ["-P",5037,"-s","K4Q6T16713001686","shell","ls","/data/local/tmp/*.apk"]
2018-04-07 05:46:43:153 - info: [debug] [ADB] Uninstalling com.elephant.myinvoice
2018-04-07 05:46:43:154 - info: [debug] [ADB] Getting install status for com.elephant.myinvoice
2018-04-07 05:46:43:154 - info: [debug] [ADB] Getting connected devices...
2018-04-07 05:46:43:243 - info: [debug] [ADB] 1 device(s) connected
2018-04-07 05:46:43:243 - info: [debug] [ADB] Running 'D:\sdk\platform-tools\adb.exe' with args: ["-P",5037,"-s","K4Q6T16713001686","shell","pm","list","packages","com.elephant.myinvoice"]
2018-04-07 05:46:44:004 - info: [debug] [ADB] App is not installed
2018-04-07 05:46:44:005 - info: [ADB] com.elephant.myinvoice was not uninstalled, because it was not present on the device
2018-04-07 05:46:44:005 - info: [debug] [ADB] Getting connected devices...
2018-04-07 05:46:44:093 - info: [debug] [ADB] 1 device(s) connected
2018-04-07 05:46:44:093 - info: [debug] [ADB] Running 'D:\sdk\platform-tools\adb.exe' with args: ["-P",5037,"-s","K4Q6T16713001686","shell","pm","install","-r","/data/local/tmp/4a9053f45d358d0242a66992e1a83312.apk"]
2018-04-07 05:46:48:781 - info: [debug] [ADB] Getting connected devices...
2018-04-07 05:46:48:877 - info: [debug] [ADB] 1 device(s) connected
2018-04-07 05:46:48:877 - info: [debug] [ADB] Running 'D:\sdk\platform-tools\adb.exe' with args: ["-P",5037,"-s","K4Q6T16713001686","shell","am","force-stop","io.appium.uiautomator2.server"]
2018-04-07 05:46:49:671 - info: [UiAutomator2] Starting uiautomator2 server v0.3.0
2018-04-07 05:46:49:672 - info: [UiAutomator2] Running command: 'adb -s K4Q6T16713001686 shell am instrument -w io.appium.uiautomator2.server.test/android.support.test.runner.AndroidJUnitRunner'
2018-04-07 05:46:49:674 - info: [UiAutomator2] Waiting up to 20000ms for UiAutomator2 to be online...
2018-04-07 05:46:49:678 - info: [debug] [JSONWP Proxy] Proxying [GET /status] to [GET http://localhost:8216/wd/hub/status] with no body
2018-04-07 05:46:50:712 - info: [debug] [JSONWP Proxy] Proxying [GET /status] to [GET http://localhost:8216/wd/hub/status] with no body
2018-04-07 05:46:51:721 - info: [debug] [JSONWP Proxy] Proxying [GET /status] to [GET http://localhost:8216/wd/hub/status] with no body
2018-04-07 05:46:52:728 - info: [debug] [JSONWP Proxy] Proxying [GET /status] to [GET http://localhost:8216/wd/hub/status] with no body
2018-04-07 05:46:52:759 - info: [debug] [JSONWP Proxy] Got response with status 200: "{\"sessionId\":\"SESSIONID\",\"status\":0,\"value\":\"Status Invoked\"}"
2018-04-07 05:46:52:760 - info: [debug] [JSONWP Proxy] Proxying [POST /session] to [POST http://localhost:8216/wd/hub/session] with body: {"desiredCapabilities":{"platform":"LINUX","webStorageEnabled":false,"takesScreenshot":true,"javascriptEnabled":true,"databaseEnabled":false,"networkConnectionEnabled":true,"locationContextEnabled":false,"warnings":{},"desired":{"deviceName":"K4Q6T16713001686","unicodeKeyboard":true,"automationName":"uiautomator2","resetKeyboard":true,"platformName":"Android","app":"../apk/wdfp.apk","udid":"K4Q6T16713001686","noReset":true},"deviceName":"K4Q6T16713001686","unicodeKeyboard":true,"automationName":"uiautomator2","resetKeyboard":true,"platformName":"Android","app":"../apk/wdfp.apk","udid":"K4Q6T16713001686","noReset":true,"deviceUDID":"K4Q6T16713001686","platformVersion":"7.0","deviceScreenSize":"1080x1920","deviceScreenDensity":480,"deviceModel":"NEM-AL10","deviceManufacturer":"HUAWEI","appPackage":"com.elephant.myinvoice"}}
2018-04-07 05:46:52:784 - info: [debug] [JSONWP Proxy] Got response with status 200: {"sessionId":"284f0194-6e63-4016-8209-0534c8fb59cf","status":0,"value":"Created Session"}
2018-04-07 05:46:52:784 - info: [UiAutomator2] UiAutomator2 did not start the activity we were waiting for, 'com.elephant.myinvoice/com.elephant.myinvoice.MainActivity'. Starting it ourselves
2018-04-07 05:46:52:786 - info: [debug] [ADB] Device API level: 24
2018-04-07 05:46:52:786 - info: [debug] [ADB] Getting connected devices...
2018-04-07 05:46:52:871 - info: [debug] [ADB] 1 device(s) connected
2018-04-07 05:46:52:872 - info: [debug] [ADB] Running 'D:\sdk\platform-tools\adb.exe' with args: ["-P",5037,"-s","K4Q6T16713001686","shell","am","start","-W","-n","com.elephant.myinvoice/com.elephant.myinvoice.MainActivity","-S","-a","android.intent.action.MAIN","-c","android.intent.category.LAUNCHER","-f","0x10200000"]
2018-04-07 05:46:54:880 - info: [debug] [ADB] Waiting up to 20000ms for activity matching pkg: 'com.elephant.myinvoice' and activity: 'com.elephant.myinvoice.MainActivity' to be focused
2018-04-07 05:46:54:880 - info: [debug] [ADB] Possible activities, to be checked: 'com.elephant.myinvoice.MainActivity'
2018-04-07 05:46:54:882 - info: [debug] [ADB] Getting focused package and activity
2018-04-07 05:46:54:882 - info: [debug] [ADB] Getting connected devices...
2018-04-07 05:46:54:977 - info: [debug] [ADB] 1 device(s) connected
2018-04-07 05:46:54:977 - info: [debug] [ADB] Running 'D:\sdk\platform-tools\adb.exe' with args: ["-P",5037,"-s","K4Q6T16713001686","shell","dumpsys","window","windows"]
2018-04-07 05:46:55:105 - info: [debug] [ADB] Found package: 'com.elephant.myinvoice' and fully qualified activity name : 'com.elephant.myinvoice.MainActivity'
2018-04-07 05:46:55:107 - info: [Appium] New AndroidUiautomator2Driver session created successfully, session d8a5af13-46df-445c-b999-83660a725c7a added to master session list
2018-04-07 05:46:55:108 - info: [debug] [BaseDriver] Event 'newSessionStarted' logged at 1523080015107 (13:46:55 GMT+0800 (China Standard Time))
2018-04-07 05:46:55:108 - info: [debug] [MJSONWP] Responding to client with driver.createSession() result: {"deviceName":"K4Q6T16713001686","unicodeKeyboard":true,"automationName":"uiautomator2","resetKeyboard":true,"platformName":"Android","app":"../apk/wdfp.apk","udid":"K4Q6T16713001686","noReset":true}
2018-04-07 05:46:55:113 - info: [HTTP] <-- POST /wd/hub/session 200 34316 ms - 271 
2018-04-07 05:46:57:138 - info: [HTTP] --> GET /wd/hub/session/d8a5af13-46df-445c-b999-83660a725c7a/window/current/size {}
2018-04-07 05:46:57:144 - info: [MJSONWP] Driver proxy active, passing request on via HTTP proxy
2018-04-07 05:46:57:147 - info: [debug] [JSONWP Proxy] Proxying [GET /wd/hub/session/d8a5af13-46df-445c-b999-83660a725c7a/window/current/size] to [GET http://localhost:8216/wd/hub/session/284f0194-6e63-4016-8209-0534c8fb59cf/window/current/size] with body: {}
2018-04-07 05:46:57:189 - info: [debug] [JSONWP Proxy] Got response with status 200: "{\"sessionId\":\"284f0194-6e63-4016-8209-0534c8fb59cf\",\"status\":0,\"value\":{\"height\":1812,\"width\":1080}}"
2018-04-07 05:46:57:189 - info: [JSONWP Proxy] Replacing sessionId 284f0194-6e63-4016-8209-0534c8fb59cf with d8a5af13-46df-445c-b999-83660a725c7a
2018-04-07 05:46:57:191 - info: [HTTP] <-- GET /wd/hub/session/d8a5af13-46df-445c-b999-83660a725c7a/window/current/size 200 52 ms - 100 
2018-04-07 05:46:57:195 - info: [HTTP] --> GET /wd/hub/session/d8a5af13-46df-445c-b999-83660a725c7a/window/current/size {}
2018-04-07 05:46:57:196 - info: [MJSONWP] Driver proxy active, passing request on via HTTP proxy
2018-04-07 05:46:57:196 - info: [debug] [JSONWP Proxy] Proxying [GET /wd/hub/session/d8a5af13-46df-445c-b999-83660a725c7a/window/current/size] to [GET http://localhost:8216/wd/hub/session/284f0194-6e63-4016-8209-0534c8fb59cf/window/current/size] with body: {}
2018-04-07 05:46:57:213 - info: [debug] [JSONWP Proxy] Got response with status 200: "{\"sessionId\":\"284f0194-6e63-4016-8209-0534c8fb59cf\",\"status\":0,\"value\":{\"height\":1812,\"width\":1080}}"
2018-04-07 05:46:57:214 - info: [JSONWP Proxy] Replacing sessionId 284f0194-6e63-4016-8209-0534c8fb59cf with d8a5af13-46df-445c-b999-83660a725c7a
2018-04-07 05:46:57:215 - info: [HTTP] <-- GET /wd/hub/session/d8a5af13-46df-445c-b999-83660a725c7a/window/current/size 200 20 ms - 100 
2018-04-07 05:46:57:219 - info: [HTTP] --> POST /wd/hub/session/d8a5af13-46df-445c-b999-83660a725c7a/touch/perform {"sessionId":"d8a5af13-46df-445c-b999-83660a725c7a","actions":[{"action":"press","options":{"y":1629,"x":540}},{"action":"wait","options":{"ms":2000}},{"action":"moveTo","options":{"y":181,"x":540}},{"action":"release","options":{}}]}
2018-04-07 05:46:57:222 - info: [debug] [MJSONWP] Calling AppiumDriver.performTouch() with args: [[{"action":"press","options":{"y":1629,"x":540}},{"action":"wait","options":{"ms":2000}},{"action":"moveTo","options":{"y":181,"x":540}},{"action":"release","options":{}}],"d8a5af13-46df-445c-b999-83660a725c7a"]
2018-04-07 05:46:57:228 - info: [debug] [JSONWP Proxy] Proxying [POST /touch/perform] to [POST http://localhost:8216/wd/hub/session/284f0194-6e63-4016-8209-0534c8fb59cf/touch/perform] with body: {"startX":540,"startY":1629,"endX":540,"endY":181,"steps":56}
2018-04-07 05:46:58:224 - info: [debug] [JSONWP Proxy] Got response with status 200: {"sessionId":"284f0194-6e63-4016-8209-0534c8fb59cf","status":0,"value":true}
2018-04-07 05:46:58:225 - info: [debug] [MJSONWP] Responding to client with driver.performTouch() result: true
2018-04-07 05:46:58:227 - info: [HTTP] <-- POST /wd/hub/session/d8a5af13-46df-445c-b999-83660a725c7a/touch/perform 200 1007 ms - 76 
2018-04-07 05:46:59:230 - info: [HTTP] --> GET /wd/hub/session/d8a5af13-46df-445c-b999-83660a725c7a/window/current/size {}
2018-04-07 05:46:59:230 - info: [MJSONWP] Driver proxy active, passing request on via HTTP proxy
2018-04-07 05:46:59:231 - info: [debug] [JSONWP Proxy] Proxying [GET /wd/hub/session/d8a5af13-46df-445c-b999-83660a725c7a/window/current/size] to [GET http://localhost:8216/wd/hub/session/284f0194-6e63-4016-8209-0534c8fb59cf/window/current/size] with body: {}
2018-04-07 05:46:59:245 - info: [debug] [JSONWP Proxy] Got response with status 200: "{\"sessionId\":\"284f0194-6e63-4016-8209-0534c8fb59cf\",\"status\":0,\"value\":{\"height\":1812,\"width\":1080}}"
2018-04-07 05:46:59:246 - info: [JSONWP Proxy] Replacing sessionId 284f0194-6e63-4016-8209-0534c8fb59cf with d8a5af13-46df-445c-b999-83660a725c7a
2018-04-07 05:46:59:247 - info: [HTTP] <-- GET /wd/hub/session/d8a5af13-46df-445c-b999-83660a725c7a/window/current/size 200 17 ms - 100 
2018-04-07 05:46:59:250 - info: [HTTP] --> GET /wd/hub/session/d8a5af13-46df-445c-b999-83660a725c7a/window/current/size {}
2018-04-07 05:46:59:253 - info: [MJSONWP] Driver proxy active, passing request on via HTTP proxy
2018-04-07 05:46:59:253 - info: [debug] [JSONWP Proxy] Proxying [GET /wd/hub/session/d8a5af13-46df-445c-b999-83660a725c7a/window/current/size] to [GET http://localhost:8216/wd/hub/session/284f0194-6e63-4016-8209-0534c8fb59cf/window/current/size] with body: {}
2018-04-07 05:46:59:268 - info: [debug] [JSONWP Proxy] Got response with status 200: "{\"sessionId\":\"284f0194-6e63-4016-8209-0534c8fb59cf\",\"status\":0,\"value\":{\"height\":1812,\"width\":1080}}"
2018-04-07 05:46:59:269 - info: [JSONWP Proxy] Replacing sessionId 284f0194-6e63-4016-8209-0534c8fb59cf with d8a5af13-46df-445c-b999-83660a725c7a
2018-04-07 05:46:59:271 - info: [HTTP] <-- GET /wd/hub/session/d8a5af13-46df-445c-b999-83660a725c7a/window/current/size 200 19 ms - 100 
2018-04-07 05:46:59:273 - info: [HTTP] --> POST /wd/hub/session/d8a5af13-46df-445c-b999-83660a725c7a/touch/perform {"sessionId":"d8a5af13-46df-445c-b999-83660a725c7a","actions":[{"action":"press","options":{"y":906,"x":972}},{"action":"wait","options":{"ms":1000}},{"action":"moveTo","options":{"y":906,"x":108}},{"action":"release","options":{}}]}
2018-04-07 05:46:59:274 - info: [debug] [MJSONWP] Calling AppiumDriver.performTouch() with args: [[{"action":"press","options":{"y":906,"x":972}},{"action":"wait","options":{"ms":1000}},{"action":"moveTo","options":{"y":906,"x":108}},{"action":"release","options":{}}],"d8a5af13-46df-445c-b999-83660a725c7a"]
2018-04-07 05:46:59:276 - info: [debug] [JSONWP Proxy] Proxying [POST /touch/perform] to [POST http://localhost:8216/wd/hub/session/284f0194-6e63-4016-8209-0534c8fb59cf/touch/perform] with body: {"startX":972,"startY":906,"endX":108,"endY":906,"steps":28}
2018-04-07 05:46:59:762 - info: [debug] [JSONWP Proxy] Got response with status 200: {"sessionId":"284f0194-6e63-4016-8209-0534c8fb59cf","status":0,"value":true}
2018-04-07 05:46:59:763 - info: [debug] [MJSONWP] Responding to client with driver.performTouch() result: true
2018-04-07 05:46:59:764 - info: [HTTP] <-- POST /wd/hub/session/d8a5af13-46df-445c-b999-83660a725c7a/touch/perform 200 491 ms - 76 
2018-04-07 05:47:00:768 - info: [HTTP] --> GET /wd/hub/session/d8a5af13-46df-445c-b999-83660a725c7a/window/current/size {}
2018-04-07 05:47:00:770 - info: [MJSONWP] Driver proxy active, passing request on via HTTP proxy
2018-04-07 05:47:00:770 - info: [debug] [JSONWP Proxy] Proxying [GET /wd/hub/session/d8a5af13-46df-445c-b999-83660a725c7a/window/current/size] to [GET http://localhost:8216/wd/hub/session/284f0194-6e63-4016-8209-0534c8fb59cf/window/current/size] with body: {}
2018-04-07 05:47:00:784 - info: [debug] [JSONWP Proxy] Got response with status 200: "{\"sessionId\":\"284f0194-6e63-4016-8209-0534c8fb59cf\",\"status\":0,\"value\":{\"height\":1812,\"width\":1080}}"
2018-04-07 05:47:00:785 - info: [JSONWP Proxy] Replacing sessionId 284f0194-6e63-4016-8209-0534c8fb59cf with d8a5af13-46df-445c-b999-83660a725c7a
2018-04-07 05:47:00:786 - info: [HTTP] <-- GET /wd/hub/session/d8a5af13-46df-445c-b999-83660a725c7a/window/current/size 200 18 ms - 100 
2018-04-07 05:47:00:790 - info: [HTTP] --> GET /wd/hub/session/d8a5af13-46df-445c-b999-83660a725c7a/window/current/size {}
2018-04-07 05:47:00:790 - info: [MJSONWP] Driver proxy active, passing request on via HTTP proxy
2018-04-07 05:47:00:791 - info: [debug] [JSONWP Proxy] Proxying [GET /wd/hub/session/d8a5af13-46df-445c-b999-83660a725c7a/window/current/size] to [GET http://localhost:8216/wd/hub/session/284f0194-6e63-4016-8209-0534c8fb59cf/window/current/size] with body: {}
2018-04-07 05:47:00:807 - info: [debug] [JSONWP Proxy] Got response with status 200: "{\"sessionId\":\"284f0194-6e63-4016-8209-0534c8fb59cf\",\"status\":0,\"value\":{\"height\":1812,\"width\":1080}}"
2018-04-07 05:47:00:807 - info: [JSONWP Proxy] Replacing sessionId 284f0194-6e63-4016-8209-0534c8fb59cf with d8a5af13-46df-445c-b999-83660a725c7a
2018-04-07 05:47:00:808 - info: [HTTP] <-- GET /wd/hub/session/d8a5af13-46df-445c-b999-83660a725c7a/window/current/size 200 18 ms - 100 
2018-04-07 05:47:00:812 - info: [HTTP] --> POST /wd/hub/session/d8a5af13-46df-445c-b999-83660a725c7a/touch/perform {"sessionId":"d8a5af13-46df-445c-b999-83660a725c7a","actions":[{"action":"press","options":{"y":906,"x":972}},{"action":"wait","options":{"ms":1000}},{"action":"moveTo","options":{"y":906,"x":108}},{"action":"release","options":{}}]}
2018-04-07 05:47:00:812 - info: [debug] [MJSONWP] Calling AppiumDriver.performTouch() with args: [[{"action":"press","options":{"y":906,"x":972}},{"action":"wait","options":{"ms":1000}},{"action":"moveTo","options":{"y":906,"x":108}},{"action":"release","options":{}}],"d8a5af13-46df-445c-b999-83660a725c7a"]
2018-04-07 05:47:00:816 - info: [debug] [JSONWP Proxy] Proxying [POST /touch/perform] to [POST http://localhost:8216/wd/hub/session/284f0194-6e63-4016-8209-0534c8fb59cf/touch/perform] with body: {"startX":972,"startY":906,"endX":108,"endY":906,"steps":28}
2018-04-07 05:47:01:288 - info: [debug] [JSONWP Proxy] Got response with status 200: {"sessionId":"284f0194-6e63-4016-8209-0534c8fb59cf","status":0,"value":true}
2018-04-07 05:47:01:289 - info: [debug] [MJSONWP] Responding to client with driver.performTouch() result: true
2018-04-07 05:47:01:290 - info: [HTTP] <-- POST /wd/hub/session/d8a5af13-46df-445c-b999-83660a725c7a/touch/perform 200 481 ms - 76 
2018-04-07 05:47:02:294 - info: [HTTP] --> GET /wd/hub/session/d8a5af13-46df-445c-b999-83660a725c7a/window/current/size {}
2018-04-07 05:47:02:295 - info: [MJSONWP] Driver proxy active, passing request on via HTTP proxy
2018-04-07 05:47:02:296 - info: [debug] [JSONWP Proxy] Proxying [GET /wd/hub/session/d8a5af13-46df-445c-b999-83660a725c7a/window/current/size] to [GET http://localhost:8216/wd/hub/session/284f0194-6e63-4016-8209-0534c8fb59cf/window/current/size] with body: {}
2018-04-07 05:47:02:317 - info: [debug] [JSONWP Proxy] Got response with status 200: "{\"sessionId\":\"284f0194-6e63-4016-8209-0534c8fb59cf\",\"status\":0,\"value\":{\"height\":1812,\"width\":1080}}"
2018-04-07 05:47:02:317 - info: [JSONWP Proxy] Replacing sessionId 284f0194-6e63-4016-8209-0534c8fb59cf with d8a5af13-46df-445c-b999-83660a725c7a
2018-04-07 05:47:02:318 - info: [HTTP] <-- GET /wd/hub/session/d8a5af13-46df-445c-b999-83660a725c7a/window/current/size 200 24 ms - 100 
2018-04-07 05:47:02:321 - info: [HTTP] --> GET /wd/hub/session/d8a5af13-46df-445c-b999-83660a725c7a/window/current/size {}
2018-04-07 05:47:02:322 - info: [MJSONWP] Driver proxy active, passing request on via HTTP proxy
2018-04-07 05:47:02:323 - info: [debug] [JSONWP Proxy] Proxying [GET /wd/hub/session/d8a5af13-46df-445c-b999-83660a725c7a/window/current/size] to [GET http://localhost:8216/wd/hub/session/284f0194-6e63-4016-8209-0534c8fb59cf/window/current/size] with body: {}
2018-04-07 05:47:02:348 - info: [debug] [JSONWP Proxy] Got response with status 200: "{\"sessionId\":\"284f0194-6e63-4016-8209-0534c8fb59cf\",\"status\":0,\"value\":{\"height\":1812,\"width\":1080}}"
2018-04-07 05:47:02:348 - info: [JSONWP Proxy] Replacing sessionId 284f0194-6e63-4016-8209-0534c8fb59cf with d8a5af13-46df-445c-b999-83660a725c7a
2018-04-07 05:47:02:349 - info: [HTTP] <-- GET /wd/hub/session/d8a5af13-46df-445c-b999-83660a725c7a/window/current/size 200 27 ms - 100 
2018-04-07 05:47:02:352 - info: [HTTP] --> POST /wd/hub/session/d8a5af13-46df-445c-b999-83660a725c7a/touch/perform {"sessionId":"d8a5af13-46df-445c-b999-83660a725c7a","actions":[{"action":"press","options":{"y":906,"x":972}},{"action":"wait","options":{"ms":1000}},{"action":"moveTo","options":{"y":906,"x":108}},{"action":"release","options":{}}]}
2018-04-07 05:47:02:353 - info: [debug] [MJSONWP] Calling AppiumDriver.performTouch() with args: [[{"action":"press","options":{"y":906,"x":972}},{"action":"wait","options":{"ms":1000}},{"action":"moveTo","options":{"y":906,"x":108}},{"action":"release","options":{}}],"d8a5af13-46df-445c-b999-83660a725c7a"]
2018-04-07 05:47:02:355 - info: [debug] [JSONWP Proxy] Proxying [POST /touch/perform] to [POST http://localhost:8216/wd/hub/session/284f0194-6e63-4016-8209-0534c8fb59cf/touch/perform] with body: {"startX":972,"startY":906,"endX":108,"endY":906,"steps":28}
2018-04-07 05:47:02:835 - info: [debug] [JSONWP Proxy] Got response with status 200: {"sessionId":"284f0194-6e63-4016-8209-0534c8fb59cf","status":0,"value":true}
2018-04-07 05:47:02:836 - info: [debug] [MJSONWP] Responding to client with driver.performTouch() result: true
2018-04-07 05:47:02:837 - info: [HTTP] <-- POST /wd/hub/session/d8a5af13-46df-445c-b999-83660a725c7a/touch/perform 200 484 ms - 76 
2018-04-07 05:47:03:840 - info: [HTTP] --> GET /wd/hub/session/d8a5af13-46df-445c-b999-83660a725c7a/window/current/size {}
2018-04-07 05:47:03:841 - info: [MJSONWP] Driver proxy active, passing request on via HTTP proxy
2018-04-07 05:47:03:841 - info: [debug] [JSONWP Proxy] Proxying [GET /wd/hub/session/d8a5af13-46df-445c-b999-83660a725c7a/window/current/size] to [GET http://localhost:8216/wd/hub/session/284f0194-6e63-4016-8209-0534c8fb59cf/window/current/size] with body: {}
2018-04-07 05:47:03:854 - info: [debug] [JSONWP Proxy] Got response with status 200: "{\"sessionId\":\"284f0194-6e63-4016-8209-0534c8fb59cf\",\"status\":0,\"value\":{\"height\":1812,\"width\":1080}}"
2018-04-07 05:47:03:855 - info: [JSONWP Proxy] Replacing sessionId 284f0194-6e63-4016-8209-0534c8fb59cf with d8a5af13-46df-445c-b999-83660a725c7a
2018-04-07 05:47:03:856 - info: [HTTP] <-- GET /wd/hub/session/d8a5af13-46df-445c-b999-83660a725c7a/window/current/size 200 15 ms - 100 
2018-04-07 05:47:03:859 - info: [HTTP] --> GET /wd/hub/session/d8a5af13-46df-445c-b999-83660a725c7a/window/current/size {}
2018-04-07 05:47:03:859 - info: [MJSONWP] Driver proxy active, passing request on via HTTP proxy
2018-04-07 05:47:03:860 - info: [debug] [JSONWP Proxy] Proxying [GET /wd/hub/session/d8a5af13-46df-445c-b999-83660a725c7a/window/current/size] to [GET http://localhost:8216/wd/hub/session/284f0194-6e63-4016-8209-0534c8fb59cf/window/current/size] with body: {}
2018-04-07 05:47:03:873 - info: [debug] [JSONWP Proxy] Got response with status 200: "{\"sessionId\":\"284f0194-6e63-4016-8209-0534c8fb59cf\",\"status\":0,\"value\":{\"height\":1812,\"width\":1080}}"
2018-04-07 05:47:03:873 - info: [JSONWP Proxy] Replacing sessionId 284f0194-6e63-4016-8209-0534c8fb59cf with d8a5af13-46df-445c-b999-83660a725c7a
2018-04-07 05:47:03:874 - info: [HTTP] <-- GET /wd/hub/session/d8a5af13-46df-445c-b999-83660a725c7a/window/current/size 200 15 ms - 100 
2018-04-07 05:47:03:877 - info: [HTTP] --> POST /wd/hub/session/d8a5af13-46df-445c-b999-83660a725c7a/touch/perform {"sessionId":"d8a5af13-46df-445c-b999-83660a725c7a","actions":[{"action":"press","options":{"y":906,"x":972}},{"action":"wait","options":{"ms":1000}},{"action":"moveTo","options":{"y":906,"x":108}},{"action":"release","options":{}}]}
2018-04-07 05:47:03:878 - info: [debug] [MJSONWP] Calling AppiumDriver.performTouch() with args: [[{"action":"press","options":{"y":906,"x":972}},{"action":"wait","options":{"ms":1000}},{"action":"moveTo","options":{"y":906,"x":108}},{"action":"release","options":{}}],"d8a5af13-46df-445c-b999-83660a725c7a"]
2018-04-07 05:47:03:881 - info: [debug] [JSONWP Proxy] Proxying [POST /touch/perform] to [POST http://localhost:8216/wd/hub/session/284f0194-6e63-4016-8209-0534c8fb59cf/touch/perform] with body: {"startX":972,"startY":906,"endX":108,"endY":906,"steps":28}
2018-04-07 05:47:04:354 - info: [debug] [JSONWP Proxy] Got response with status 200: {"sessionId":"284f0194-6e63-4016-8209-0534c8fb59cf","status":0,"value":true}
2018-04-07 05:47:04:355 - info: [debug] [MJSONWP] Responding to client with driver.performTouch() result: true
2018-04-07 05:47:04:357 - info: [HTTP] <-- POST /wd/hub/session/d8a5af13-46df-445c-b999-83660a725c7a/touch/perform 200 478 ms - 76 
2018-04-07 05:47:04:361 - info: [HTTP] --> POST /wd/hub/session/d8a5af13-46df-445c-b999-83660a725c7a/element {"using":"class name","sessionId":"d8a5af13-46df-445c-b999-83660a725c7a","value":"android.widget.ImageView"}
2018-04-07 05:47:04:362 - info: [debug] [MJSONWP] Calling AppiumDriver.findElement() with args: ["class name","android.widget.ImageView","d8a5af13-46df-445c-b999-83660a725c7a"]
2018-04-07 05:47:04:363 - info: [debug] [BaseDriver] Valid locator strategies for this request: xpath, id, class name, accessibility id, -android uiautomator
2018-04-07 05:47:04:365 - info: [debug] [BaseDriver] Valid locator strategies for this request: xpath, id, class name, accessibility id, -android uiautomator
2018-04-07 05:47:04:365 - info: [debug] [BaseDriver] Waiting up to 0 ms for condition
2018-04-07 05:47:04:367 - info: [debug] [JSONWP Proxy] Proxying [POST /element] to [POST http://localhost:8216/wd/hub/session/284f0194-6e63-4016-8209-0534c8fb59cf/element] with body: {"strategy":"class name","selector":"android.widget.ImageView","context":"","multiple":false}
2018-04-07 05:47:05:137 - info: [debug] [JSONWP Proxy] Got response with status 200: {"sessionId":"284f0194-6e63-4016-8209-0534c8fb59cf","status":0,"value":{"ELEMENT":"f65a2ad6-aa15-48a0-a221-3b798d7dbac9"}}
2018-04-07 05:47:05:139 - info: [debug] [MJSONWP] Responding to client with driver.findElement() result: {"ELEMENT":"f65a2ad6-aa15-48a0-a221-3b798d7dbac9"}
2018-04-07 05:47:05:140 - info: [HTTP] <-- POST /wd/hub/session/d8a5af13-46df-445c-b999-83660a725c7a/element 200 778 ms - 122 
2018-04-07 05:47:05:143 - info: [HTTP] --> POST /wd/hub/session/d8a5af13-46df-445c-b999-83660a725c7a/element/f65a2ad6-aa15-48a0-a221-3b798d7dbac9/click {"sessionId":"d8a5af13-46df-445c-b999-83660a725c7a","id":"f65a2ad6-aa15-48a0-a221-3b798d7dbac9"}
2018-04-07 05:47:05:144 - info: [debug] [MJSONWP] Calling AppiumDriver.click() with args: ["f65a2ad6-aa15-48a0-a221-3b798d7dbac9","d8a5af13-46df-445c-b999-83660a725c7a"]
2018-04-07 05:47:05:145 - info: [debug] [JSONWP Proxy] Proxying [POST /element/f65a2ad6-aa15-48a0-a221-3b798d7dbac9/click] to [POST http://localhost:8216/wd/hub/session/284f0194-6e63-4016-8209-0534c8fb59cf/element/f65a2ad6-aa15-48a0-a221-3b798d7dbac9/click] with body: {"element":"f65a2ad6-aa15-48a0-a221-3b798d7dbac9"}
2018-04-07 05:47:05:172 - info: [debug] [JSONWP Proxy] Got response with status 200: {"sessionId":"284f0194-6e63-4016-8209-0534c8fb59cf","status":0,"value":true}
2018-04-07 05:47:05:173 - info: [debug] [MJSONWP] Responding to client with driver.click() result: true
2018-04-07 05:47:05:174 - info: [HTTP] <-- POST /wd/hub/session/d8a5af13-46df-445c-b999-83660a725c7a/element/f65a2ad6-aa15-48a0-a221-3b798d7dbac9/click 200 30 ms - 76 
2018-04-07 05:47:08:179 - info: [HTTP] --> POST /wd/hub/session/d8a5af13-46df-445c-b999-83660a725c7a/elements {"using":"class name","sessionId":"d8a5af13-46df-445c-b999-83660a725c7a","value":"android.widget.EditText"}
2018-04-07 05:47:08:179 - info: [debug] [MJSONWP] Calling AppiumDriver.findElements() with args: ["class name","android.widget.EditText","d8a5af13-46df-445c-b999-83660a725c7a"]
2018-04-07 05:47:08:180 - info: [debug] [BaseDriver] Valid locator strategies for this request: xpath, id, class name, accessibility id, -android uiautomator
2018-04-07 05:47:08:180 - info: [debug] [BaseDriver] Valid locator strategies for this request: xpath, id, class name, accessibility id, -android uiautomator
2018-04-07 05:47:08:181 - info: [debug] [BaseDriver] Waiting up to 0 ms for condition
2018-04-07 05:47:08:181 - info: [debug] [JSONWP Proxy] Proxying [POST /elements] to [POST http://localhost:8216/wd/hub/session/284f0194-6e63-4016-8209-0534c8fb59cf/elements] with body: {"strategy":"class name","selector":"android.widget.EditText","context":"","multiple":true}
2018-04-07 05:47:08:217 - info: [debug] [JSONWP Proxy] Got response with status 200: {"sessionId":"284f0194-6e63-4016-8209-0534c8fb59cf","status":0,"value":[{"ELEMENT":"08c7bf8c-b436-465a-b267-3d094a3718e3"},{"ELEMENT":"53423463-ac33-477d-8176-cdc33289969d"}]}
2018-04-07 05:47:08:218 - info: [debug] [MJSONWP] Responding to client with driver.findElements() result: [{"ELEMENT":"08c7bf8c-b436-465a-b267-3d094a3718e3"},{"ELEMENT":"53423463-ac33-477d-8176-cdc33289969d"}]
2018-04-07 05:47:08:219 - info: [HTTP] <-- POST /wd/hub/session/d8a5af13-46df-445c-b999-83660a725c7a/elements 200 40 ms - 175 
2018-04-07 05:47:08:222 - info: [HTTP] --> POST /wd/hub/session/d8a5af13-46df-445c-b999-83660a725c7a/element/08c7bf8c-b436-465a-b267-3d094a3718e3/value {"text":"18550903915","sessionId":"d8a5af13-46df-445c-b999-83660a725c7a","id":"08c7bf8c-b436-465a-b267-3d094a3718e3","value":["1","8","5","5","0","9","0","3","9","1","5"]}
2018-04-07 05:47:08:224 - info: [debug] [MJSONWP] Calling AppiumDriver.setValue() with args: [["1","8","5","5","0","9","0","3","9","1","5"],"08c7bf8c-b436-465a-b267-3d094a3718e3","d8a5af13-46df-445c-b999-83660a725c7a"]
2018-04-07 05:47:08:225 - info: [debug] [JSONWP Proxy] Proxying [POST /element/08c7bf8c-b436-465a-b267-3d094a3718e3/value] to [POST http://localhost:8216/wd/hub/session/284f0194-6e63-4016-8209-0534c8fb59cf/element/08c7bf8c-b436-465a-b267-3d094a3718e3/value] with body: {"elementId":"08c7bf8c-b436-465a-b267-3d094a3718e3","text":"18550903915","replace":false,"unicodeKeyboard":true}
2018-04-07 05:47:08:772 - info: [debug] [JSONWP Proxy] Got response with status 200: {"sessionId":"284f0194-6e63-4016-8209-0534c8fb59cf","status":0,"value":""}
2018-04-07 05:47:08:773 - info: [debug] [MJSONWP] Responding to client with driver.setValue() result: ""
2018-04-07 05:47:08:774 - info: [HTTP] <-- POST /wd/hub/session/d8a5af13-46df-445c-b999-83660a725c7a/element/08c7bf8c-b436-465a-b267-3d094a3718e3/value 200 551 ms - 74 
2018-04-07 05:47:08:778 - info: [HTTP] --> POST /wd/hub/session/d8a5af13-46df-445c-b999-83660a725c7a/elements {"using":"class name","sessionId":"d8a5af13-46df-445c-b999-83660a725c7a","value":"android.widget.EditText"}
2018-04-07 05:47:08:778 - info: [debug] [MJSONWP] Calling AppiumDriver.findElements() with args: ["class name","android.widget.EditText","d8a5af13-46df-445c-b999-83660a725c7a"]
2018-04-07 05:47:08:779 - info: [debug] [BaseDriver] Valid locator strategies for this request: xpath, id, class name, accessibility id, -android uiautomator
2018-04-07 05:47:08:779 - info: [debug] [BaseDriver] Valid locator strategies for this request: xpath, id, class name, accessibility id, -android uiautomator
2018-04-07 05:47:08:779 - info: [debug] [BaseDriver] Waiting up to 0 ms for condition
2018-04-07 05:47:08:779 - info: [debug] [JSONWP Proxy] Proxying [POST /elements] to [POST http://localhost:8216/wd/hub/session/284f0194-6e63-4016-8209-0534c8fb59cf/elements] with body: {"strategy":"class name","selector":"android.widget.EditText","context":"","multiple":true}
2018-04-07 05:47:09:286 - info: [debug] [JSONWP Proxy] Got response with status 200: {"sessionId":"284f0194-6e63-4016-8209-0534c8fb59cf","status":0,"value":[{"ELEMENT":"2962ddff-93a0-4fbd-9382-af3bdc356653"},{"ELEMENT":"2d1130dd-4950-4244-94a2-ecfd523144b5"}]}
2018-04-07 05:47:09:287 - info: [debug] [MJSONWP] Responding to client with driver.findElements() result: [{"ELEMENT":"2962ddff-93a0-4fbd-9382-af3bdc356653"},{"ELEMENT":"2d1130dd-4950-4244-94a2-ecfd523144b5"}]
2018-04-07 05:47:09:288 - info: [HTTP] <-- POST /wd/hub/session/d8a5af13-46df-445c-b999-83660a725c7a/elements 200 510 ms - 175 
2018-04-07 05:47:09:292 - info: [HTTP] --> POST /wd/hub/session/d8a5af13-46df-445c-b999-83660a725c7a/element/2d1130dd-4950-4244-94a2-ecfd523144b5/value {"text":"qwe123","sessionId":"d8a5af13-46df-445c-b999-83660a725c7a","id":"2d1130dd-4950-4244-94a2-ecfd523144b5","value":["q","w","e","1","2","3"]}
2018-04-07 05:47:09:293 - info: [debug] [MJSONWP] Calling AppiumDriver.setValue() with args: [["q","w","e","1","2","3"],"2d1130dd-4950-4244-94a2-ecfd523144b5","d8a5af13-46df-445c-b999-83660a725c7a"]
2018-04-07 05:47:09:293 - info: [debug] [JSONWP Proxy] Proxying [POST /element/2d1130dd-4950-4244-94a2-ecfd523144b5/value] to [POST http://localhost:8216/wd/hub/session/284f0194-6e63-4016-8209-0534c8fb59cf/element/2d1130dd-4950-4244-94a2-ecfd523144b5/value] with body: {"elementId":"2d1130dd-4950-4244-94a2-ecfd523144b5","text":"qwe123","replace":false,"unicodeKeyboard":true}
2018-04-07 05:47:09:850 - info: [debug] [JSONWP Proxy] Got response with status 200: {"sessionId":"284f0194-6e63-4016-8209-0534c8fb59cf","status":0,"value":""}
2018-04-07 05:47:09:851 - info: [debug] [MJSONWP] Responding to client with driver.setValue() result: ""
2018-04-07 05:47:09:852 - info: [HTTP] <-- POST /wd/hub/session/d8a5af13-46df-445c-b999-83660a725c7a/element/2d1130dd-4950-4244-94a2-ecfd523144b5/value 200 559 ms - 74 
2018-04-07 05:47:09:856 - info: [HTTP] --> POST /wd/hub/session/d8a5af13-46df-445c-b999-83660a725c7a/element {"using":"-android uiautomator","sessionId":"d8a5af13-46df-445c-b999-83660a725c7a","value":"new UiSelector().text(\"\")"}
2018-04-07 05:47:09:857 - info: [debug] [MJSONWP] Calling AppiumDriver.findElement() with args: ["-android uiautomator","new UiSelector().text(\"\")","d8a5af13-46df-445c-b999-83660a725c7a"]
2018-04-07 05:47:09:857 - info: [debug] [BaseDriver] Valid locator strategies for this request: xpath, id, class name, accessibility id, -android uiautomator
2018-04-07 05:47:09:858 - info: [debug] [BaseDriver] Valid locator strategies for this request: xpath, id, class name, accessibility id, -android uiautomator
2018-04-07 05:47:09:858 - info: [debug] [BaseDriver] Waiting up to 0 ms for condition
2018-04-07 05:47:09:858 - info: [debug] [JSONWP Proxy] Proxying [POST /element] to [POST http://localhost:8216/wd/hub/session/284f0194-6e63-4016-8209-0534c8fb59cf/element] with body: {"strategy":"-android uiautomator","selector":"new UiSelector().text(\"\")","context":"","multiple":false}
2018-04-07 05:47:10:364 - info: [debug] [JSONWP Proxy] Got response with status 200: {"sessionId":"284f0194-6e63-4016-8209-0534c8fb59cf","status":0,"value":{"ELEMENT":"c8ced63d-77c0-4fbb-a7a0-db0333b092f5"}}
2018-04-07 05:47:10:365 - info: [debug] [MJSONWP] Responding to client with driver.findElement() result: {"ELEMENT":"c8ced63d-77c0-4fbb-a7a0-db0333b092f5"}
2018-04-07 05:47:10:367 - info: [HTTP] <-- POST /wd/hub/session/d8a5af13-46df-445c-b999-83660a725c7a/element 200 510 ms - 122 
2018-04-07 05:47:10:370 - info: [HTTP] --> POST /wd/hub/session/d8a5af13-46df-445c-b999-83660a725c7a/element/c8ced63d-77c0-4fbb-a7a0-db0333b092f5/click {"sessionId":"d8a5af13-46df-445c-b999-83660a725c7a","id":"c8ced63d-77c0-4fbb-a7a0-db0333b092f5"}
2018-04-07 05:47:10:371 - info: [debug] [MJSONWP] Calling AppiumDriver.click() with args: ["c8ced63d-77c0-4fbb-a7a0-db0333b092f5","d8a5af13-46df-445c-b999-83660a725c7a"]
2018-04-07 05:47:10:372 - info: [debug] [JSONWP Proxy] Proxying [POST /element/c8ced63d-77c0-4fbb-a7a0-db0333b092f5/click] to [POST http://localhost:8216/wd/hub/session/284f0194-6e63-4016-8209-0534c8fb59cf/element/c8ced63d-77c0-4fbb-a7a0-db0333b092f5/click] with body: {"element":"c8ced63d-77c0-4fbb-a7a0-db0333b092f5"}
2018-04-07 05:47:12:555 - info: [debug] [JSONWP Proxy] Got response with status 200: {"sessionId":"284f0194-6e63-4016-8209-0534c8fb59cf","status":0,"value":true}
2018-04-07 05:47:12:555 - info: [debug] [MJSONWP] Responding to client with driver.click() result: true
2018-04-07 05:47:12:556 - info: [HTTP] <-- POST /wd/hub/session/d8a5af13-46df-445c-b999-83660a725c7a/element/c8ced63d-77c0-4fbb-a7a0-db0333b092f5/click 200 2186 ms - 76 
2018-04-07 05:47:12:561 - info: [HTTP] --> POST /wd/hub/session/d8a5af13-46df-445c-b999-83660a725c7a/element {"using":"-android uiautomator","sessionId":"d8a5af13-46df-445c-b999-83660a725c7a","value":"new UiSelector().description(\"plusIcon\")"}
2018-04-07 05:47:12:561 - info: [debug] [MJSONWP] Calling AppiumDriver.findElement() with args: ["-android uiautomator","new UiSelector().description(\"plusIcon\")","d8a5af13-46df-445c-b999-83660a725c7a"]
2018-04-07 05:47:12:562 - info: [debug] [BaseDriver] Valid locator strategies for this request: xpath, id, class name, accessibility id, -android uiautomator
2018-04-07 05:47:12:562 - info: [debug] [BaseDriver] Valid locator strategies for this request: xpath, id, class name, accessibility id, -android uiautomator
2018-04-07 05:47:12:562 - info: [debug] [BaseDriver] Waiting up to 0 ms for condition
2018-04-07 05:47:12:563 - info: [debug] [JSONWP Proxy] Proxying [POST /element] to [POST http://localhost:8216/wd/hub/session/284f0194-6e63-4016-8209-0534c8fb59cf/element] with body: {"strategy":"-android uiautomator","selector":"new UiSelector().description(\"plusIcon\")","context":"","multiple":false}
2018-04-07 05:47:12:781 - info: [debug] [JSONWP Proxy] Got response with status 200: {"sessionId":"284f0194-6e63-4016-8209-0534c8fb59cf","status":0,"value":{"ELEMENT":"6f8335ad-9ac1-4daa-9429-bb10850deca3"}}
2018-04-07 05:47:12:781 - info: [debug] [MJSONWP] Responding to client with driver.findElement() result: {"ELEMENT":"6f8335ad-9ac1-4daa-9429-bb10850deca3"}
2018-04-07 05:47:12:783 - info: [HTTP] <-- POST /wd/hub/session/d8a5af13-46df-445c-b999-83660a725c7a/element 200 222 ms - 122 
2018-04-07 05:47:12:789 - info: [HTTP] --> GET /wd/hub/session/d8a5af13-46df-445c-b999-83660a725c7a/element/6f8335ad-9ac1-4daa-9429-bb10850deca3/displayed {}
2018-04-07 05:47:12:789 - info: [debug] [MJSONWP] Calling AppiumDriver.elementDisplayed() with args: ["6f8335ad-9ac1-4daa-9429-bb10850deca3","d8a5af13-46df-445c-b999-83660a725c7a"]
2018-04-07 05:47:12:790 - info: [debug] [JSONWP Proxy] Proxying [GET /element/6f8335ad-9ac1-4daa-9429-bb10850deca3/attribute/displayed] to [GET http://localhost:8216/wd/hub/session/284f0194-6e63-4016-8209-0534c8fb59cf/element/6f8335ad-9ac1-4daa-9429-bb10850deca3/attribute/displayed] with body: {}
2018-04-07 05:47:12:835 - info: [debug] [JSONWP Proxy] Got response with status 200: "{\"sessionId\":\"284f0194-6e63-4016-8209-0534c8fb59cf\",\"status\":0,\"value\":\"true\"}"
2018-04-07 05:47:12:836 - info: [debug] [MJSONWP] Responding to client with driver.elementDisplayed() result: true
2018-04-07 05:47:12:839 - info: [HTTP] <-- GET /wd/hub/session/d8a5af13-46df-445c-b999-83660a725c7a/element/6f8335ad-9ac1-4daa-9429-bb10850deca3/displayed 200 48 ms - 76 
2018-04-07 05:47:22:842 - info: [HTTP] --> POST /wd/hub/session/d8a5af13-46df-445c-b999-83660a725c7a/elements {"using":"-android uiautomator","sessionId":"d8a5af13-46df-445c-b999-83660a725c7a","value":"new UiSelector().text(\":\")"}
2018-04-07 05:47:22:843 - info: [debug] [MJSONWP] Calling AppiumDriver.findElements() with args: ["-android uiautomator","new UiSelector().text(\":\")","d8a5af13-46df-445c-b999-83660a725c7a"]
2018-04-07 05:47:22:843 - info: [debug] [BaseDriver] Valid locator strategies for this request: xpath, id, class name, accessibility id, -android uiautomator
2018-04-07 05:47:22:844 - info: [debug] [BaseDriver] Valid locator strategies for this request: xpath, id, class name, accessibility id, -android uiautomator
2018-04-07 05:47:22:844 - info: [debug] [BaseDriver] Waiting up to 0 ms for condition
2018-04-07 05:47:22:844 - info: [debug] [JSONWP Proxy] Proxying [POST /elements] to [POST http://localhost:8216/wd/hub/session/284f0194-6e63-4016-8209-0534c8fb59cf/elements] with body: {"strategy":"-android uiautomator","selector":"new UiSelector().text(\":\")","context":"","multiple":true}
2018-04-07 05:47:23:170 - info: [debug] [JSONWP Proxy] Got response with status 200: {"sessionId":"284f0194-6e63-4016-8209-0534c8fb59cf","status":0,"value":[{"ELEMENT":"e551ee9f-33c6-4507-820f-07db74c52311"}]}
2018-04-07 05:47:23:171 - info: [debug] [MJSONWP] Responding to client with driver.findElements() result: [{"ELEMENT":"e551ee9f-33c6-4507-820f-07db74c52311"}]
2018-04-07 05:47:23:172 - info: [HTTP] <-- POST /wd/hub/session/d8a5af13-46df-445c-b999-83660a725c7a/elements 200 329 ms - 124 
2018-04-07 05:47:23:175 - info: [HTTP] --> GET /wd/hub/session/d8a5af13-46df-445c-b999-83660a725c7a/element/e551ee9f-33c6-4507-820f-07db74c52311/location {}
2018-04-07 05:47:23:175 - info: [MJSONWP] Driver proxy active, passing request on via HTTP proxy
2018-04-07 05:47:23:176 - info: [debug] [JSONWP Proxy] Proxying [GET /wd/hub/session/d8a5af13-46df-445c-b999-83660a725c7a/element/e551ee9f-33c6-4507-820f-07db74c52311/location] to [GET http://localhost:8216/wd/hub/session/284f0194-6e63-4016-8209-0534c8fb59cf/element/e551ee9f-33c6-4507-820f-07db74c52311/location] with body: {}
2018-04-07 05:47:23:206 - info: [debug] [JSONWP Proxy] Got response with status 200: "{\"sessionId\":\"284f0194-6e63-4016-8209-0534c8fb59cf\",\"status\":0,\"value\":{\"x\":60,\"y\":661}}"
2018-04-07 05:47:23:206 - info: [JSONWP Proxy] Replacing sessionId 284f0194-6e63-4016-8209-0534c8fb59cf with d8a5af13-46df-445c-b999-83660a725c7a
2018-04-07 05:47:23:207 - info: [HTTP] <-- GET /wd/hub/session/d8a5af13-46df-445c-b999-83660a725c7a/element/e551ee9f-33c6-4507-820f-07db74c52311/location 200 32 ms - 88 
2018-04-07 05:47:23:210 - info: [HTTP] --> POST /wd/hub/session/d8a5af13-46df-445c-b999-83660a725c7a/touch/perform {"sessionId":"d8a5af13-46df-445c-b999-83660a725c7a","actions":[{"action":"press","options":{"y":661,"x":600}},{"action":"wait","options":{"ms":2000}},{"action":"moveTo","options":{"y":661,"x":0}},{"action":"release","options":{}}]}
2018-04-07 05:47:23:211 - info: [debug] [MJSONWP] Calling AppiumDriver.performTouch() with args: [[{"action":"press","options":{"y":661,"x":600}},{"action":"wait","options":{"ms":2000}},{"action":"moveTo","options":{"y":661,"x":0}},{"action":"release","options":{}}],"d8a5af13-46df-445c-b999-83660a725c7a"]
2018-04-07 05:47:23:213 - info: [debug] [JSONWP Proxy] Proxying [POST /touch/perform] to [POST http://localhost:8216/wd/hub/session/284f0194-6e63-4016-8209-0534c8fb59cf/touch/perform] with body: {"startX":600,"startY":661,"endX":0,"endY":661,"steps":56}
2018-04-07 05:47:24:150 - info: [debug] [JSONWP Proxy] Got response with status 200: {"sessionId":"284f0194-6e63-4016-8209-0534c8fb59cf","status":0,"value":true}
2018-04-07 05:47:24:151 - info: [debug] [MJSONWP] Responding to client with driver.performTouch() result: true
2018-04-07 05:47:24:152 - info: [HTTP] <-- POST /wd/hub/session/d8a5af13-46df-445c-b999-83660a725c7a/touch/perform 200 941 ms - 76 
