2018-04-08 02:38:31:200 - info: [Appium] Welcome to Appium v1.7.2
2018-04-08 02:38:31:203 - info: [Appium] Non-default server args:
2018-04-08 02:38:31:204 - info: [Appium]   port: 4700
2018-04-08 02:38:31:204 - info: [Appium]   bootstrapPort: 4900
2018-04-08 02:38:31:204 - info: [Appium]   sessionOverride: true
2018-04-08 02:38:31:205 - info: [Appium]   log: D:/PycharmProjects/Appium27/log/K4Q6T167130016862018-04-08-10_38_21.log
2018-04-08 02:38:31:205 - info: [Appium]   udid: K4Q6T16713001686
2018-04-08 02:38:31:205 - info: [Appium]   noReset: true
2018-04-08 02:38:31:206 - warn: [Appium] Deprecated server args:
2018-04-08 02:38:31:206 - warn: [Appium]   -U,--udid => --default-capabilities '{"udid":"K4Q6T16713001686"}'
2018-04-08 02:38:31:206 - warn: [Appium]   --no-reset => --default-capabilities '{"noReset":true}'
2018-04-08 02:38:31:206 - info: [Appium] Default capabilities, which will be added to each request unless overridden by desired capabilities:
2018-04-08 02:38:31:207 - info: [Appium]   udid: K4Q6T16713001686
2018-04-08 02:38:31:207 - info: [Appium]   noReset: true
2018-04-08 02:38:31:239 - info: [Appium] Appium REST http interface listener started on 0.0.0.0:4700
2018-04-08 02:38:43:605 - info: [HTTP] --> POST /wd/hub/session {"capabilities":{"alwaysMatch":{"platformName":"Android"},"firstMatch":[{}]},"desiredCapabilities":{"deviceName":"K4Q6T16713001686","unicodeKeyboard":true,"automationName":"uiautomator2","resetKeyboard":true,"platformName":"Android","app":"../apk/wdfp.apk"}}
2018-04-08 02:38:43:608 - info: [debug] [MJSONWP] Calling AppiumDriver.createSession() with args: [{"deviceName":"K4Q6T16713001686","unicodeKeyboard":true,"automationName":"uiautomator2","resetKeyboard":true,"platformName":"Android","app":"../apk/wdfp.apk"},null,{"alwaysMatch":{"platformName":"Android"},"firstMatch":[{}]}]
2018-04-08 02:38:43:610 - info: [debug] [BaseDriver] Event 'newSessionRequested' logged at 1523155123610 (10:38:43 GMT+0800 (China Standard Time))
2018-04-08 02:38:43:612 - info: [Appium] Merged W3C capabilities {"alwaysMatch":{"platformName":"Android"},"firs... into desiredCapabilities object {"deviceName":"K4Q6T16713001686","unicodeKeyboa...
2018-04-08 02:38:43:616 - info: [Appium] Creating new AndroidUiautomator2Driver (v0.11.0) session
2018-04-08 02:38:43:616 - info: [Appium] Capabilities:
2018-04-08 02:38:43:616 - info: [Appium]   deviceName: K4Q6T16713001686
2018-04-08 02:38:43:616 - info: [Appium]   unicodeKeyboard: true
2018-04-08 02:38:43:617 - info: [Appium]   automationName: uiautomator2
2018-04-08 02:38:43:617 - info: [Appium]   resetKeyboard: true
2018-04-08 02:38:43:617 - info: [Appium]   platformName: Android
2018-04-08 02:38:43:617 - info: [Appium]   app: ../apk/wdfp.apk
2018-04-08 02:38:43:617 - info: [Appium]   udid: K4Q6T16713001686
2018-04-08 02:38:43:617 - info: [Appium]   noReset: true
2018-04-08 02:38:43:632 - info: [BaseDriver] Session created with session id: 8c6f0914-54ae-4ba7-ac3c-968330a29f23
2018-04-08 02:38:43:633 - info: [BaseDriver] Using local app '../apk/wdfp.apk'
2018-04-08 02:38:43:668 - info: [debug] [UiAutomator2] Checking whether app is actually present
2018-04-08 02:38:44:075 - info: [debug] [AndroidDriver] Getting Java version
2018-04-08 02:38:44:358 - info: [AndroidDriver] Java version is: 1.8.0_151
2018-04-08 02:38:44:364 - info: [ADB] Checking whether adb is present
2018-04-08 02:38:44:367 - info: [ADB] Using adb.exe from D:\sdk\platform-tools\adb.exe
2018-04-08 02:38:44:368 - info: [AndroidDriver] Retrieving device list
2018-04-08 02:38:44:368 - info: [debug] [ADB] Trying to find a connected android device
2018-04-08 02:38:44:369 - info: [debug] [ADB] Getting connected devices...
2018-04-08 02:38:44:491 - info: [debug] [ADB] 1 device(s) connected
2018-04-08 02:38:44:491 - info: [AndroidDriver] Using device: K4Q6T16713001686
2018-04-08 02:38:44:492 - info: [ADB] Checking whether adb is present
2018-04-08 02:38:44:493 - info: [debug] [ADB] Setting device id to K4Q6T16713001686
2018-04-08 02:38:44:494 - info: [debug] [ADB] Getting connected devices...
2018-04-08 02:38:44:636 - info: [debug] [ADB] 1 device(s) connected
2018-04-08 02:38:44:638 - info: [debug] [ADB] Running 'D:\sdk\platform-tools\adb.exe' with args: ["-P",5037,"-s","K4Q6T16713001686","shell","getprop","ro.build.version.sdk"]
2018-04-08 02:38:44:756 - info: [debug] [ADB] Current device property 'ro.build.version.sdk': 24
2018-04-08 02:38:44:756 - info: [debug] [ADB] Device API level: 24
2018-04-08 02:38:44:757 - info: [debug] [AndroidDriver] Parsing package and activity from app manifest
2018-04-08 02:38:44:758 - info: [ADB] Checking whether aapt is present
2018-04-08 02:38:44:760 - info: [ADB] Using aapt.exe from D:\sdk\tools\aapt.exe
2018-04-08 02:38:44:761 - info: [ADB] Extracting package and launch activity from manifest
2018-04-08 02:38:44:887 - info: [debug] [ADB] badging package: com.elephant.myinvoice
2018-04-08 02:38:44:887 - info: [debug] [ADB] badging act: com.elephant.myinvoice.MainActivity
2018-04-08 02:38:44:887 - info: [debug] [AndroidDriver] Parsed package and activity are: com.elephant.myinvoice/com.elephant.myinvoice.MainActivity
2018-04-08 02:38:44:888 - info: [ADB] Getting device platform version
2018-04-08 02:38:44:888 - info: [debug] [ADB] Getting connected devices...
2018-04-08 02:38:45:047 - info: [debug] [ADB] 1 device(s) connected
2018-04-08 02:38:45:051 - info: [debug] [ADB] Running 'D:\sdk\platform-tools\adb.exe' with args: ["-P",5037,"-s","K4Q6T16713001686","shell","getprop","ro.build.version.release"]
2018-04-08 02:38:45:198 - info: [debug] [ADB] Current device property 'ro.build.version.release': 7.0
2018-04-08 02:38:45:199 - info: [debug] [ADB] Getting connected devices...
2018-04-08 02:38:45:296 - info: [debug] [ADB] 1 device(s) connected
2018-04-08 02:38:45:296 - info: [debug] [ADB] Running 'D:\sdk\platform-tools\adb.exe' with args: ["-P",5037,"-s","K4Q6T16713001686","shell","wm","size"]
2018-04-08 02:38:46:505 - info: [debug] [ADB] Getting connected devices...
2018-04-08 02:38:46:618 - info: [debug] [ADB] 1 device(s) connected
2018-04-08 02:38:46:620 - info: [debug] [ADB] Running 'D:\sdk\platform-tools\adb.exe' with args: ["-P",5037,"-s","K4Q6T16713001686","shell","wm","density"]
2018-04-08 02:38:47:350 - info: [debug] [ADB] Getting connected devices...
2018-04-08 02:38:47:477 - info: [debug] [ADB] 1 device(s) connected
2018-04-08 02:38:47:478 - info: [debug] [ADB] Running 'D:\sdk\platform-tools\adb.exe' with args: ["-P",5037,"-s","K4Q6T16713001686","shell","getprop","ro.product.model"]
2018-04-08 02:38:47:637 - info: [debug] [ADB] Current device property 'ro.product.model': NEM-AL10
2018-04-08 02:38:47:638 - info: [debug] [ADB] Getting connected devices...
2018-04-08 02:38:47:722 - info: [debug] [ADB] 1 device(s) connected
2018-04-08 02:38:47:723 - info: [debug] [ADB] Running 'D:\sdk\platform-tools\adb.exe' with args: ["-P",5037,"-s","K4Q6T16713001686","shell","getprop","ro.product.manufacturer"]
2018-04-08 02:38:47:820 - info: [debug] [ADB] Current device property 'ro.product.manufacturer': HUAWEI
2018-04-08 02:38:47:822 - info: [debug] [ADB] Getting connected devices...
2018-04-08 02:38:47:899 - info: [debug] [ADB] 1 device(s) connected
2018-04-08 02:38:47:899 - info: [debug] [ADB] Running 'D:\sdk\platform-tools\adb.exe' with args: ["-P",5037,"-s","K4Q6T16713001686","shell","am","force-stop","io.appium.uiautomator2.server"]
2018-04-08 02:38:48:665 - info: [ADB] Checking whether aapt is present
2018-04-08 02:38:48:767 - info: [debug] [ADB] Getting install status for io.appium.uiautomator2.server
2018-04-08 02:38:48:768 - info: [debug] [ADB] Getting connected devices...
2018-04-08 02:38:48:869 - info: [debug] [ADB] 1 device(s) connected
2018-04-08 02:38:48:869 - info: [debug] [ADB] Running 'D:\sdk\platform-tools\adb.exe' with args: ["-P",5037,"-s","K4Q6T16713001686","shell","pm","list","packages","io.appium.uiautomator2.server"]
2018-04-08 02:38:49:635 - info: [debug] [ADB] App is installed
2018-04-08 02:38:49:635 - info: [debug] [ADB] Getting install status for io.appium.uiautomator2.server.test
2018-04-08 02:38:49:636 - info: [debug] [ADB] Getting connected devices...
2018-04-08 02:38:49:739 - info: [debug] [ADB] 1 device(s) connected
2018-04-08 02:38:49:739 - info: [debug] [ADB] Running 'D:\sdk\platform-tools\adb.exe' with args: ["-P",5037,"-s","K4Q6T16713001686","shell","pm","list","packages","io.appium.uiautomator2.server.test"]
2018-04-08 02:38:50:503 - info: [debug] [ADB] App is installed
2018-04-08 02:38:50:504 - info: [debug] [ADB] Getting package info for io.appium.uiautomator2.server
2018-04-08 02:38:50:504 - info: [debug] [ADB] Getting connected devices...
2018-04-08 02:38:50:614 - info: [debug] [ADB] 1 device(s) connected
2018-04-08 02:38:50:614 - info: [debug] [ADB] Running 'D:\sdk\platform-tools\adb.exe' with args: ["-P",5037,"-s","K4Q6T16713001686","shell","dumpsys","package","io.appium.uiautomator2.server"]
2018-04-08 02:38:50:755 - info: [debug] [UiAutomator2] Waiting up to 20000ms for instrumentation 'io.appium.uiautomator2.server.test/android.support.test.runner.AndroidJUnitRunner' to be available
2018-04-08 02:38:50:756 - info: [debug] [ADB] Getting connected devices...
2018-04-08 02:38:50:856 - info: [debug] [ADB] 1 device(s) connected
2018-04-08 02:38:50:856 - info: [debug] [ADB] Running 'D:\sdk\platform-tools\adb.exe' with args: ["-P",5037,"-s","K4Q6T16713001686","shell","pm","list","instrumentation"]
2018-04-08 02:38:51:599 - info: [debug] [UiAutomator2] Instrumentation 'io.appium.uiautomator2.server.test/android.support.test.runner.AndroidJUnitRunner' available
2018-04-08 02:38:51:600 - info: [debug] [ADB] Running 'D:\sdk\platform-tools\adb.exe' with args: ["-P",5037,"-s","K4Q6T16713001686","wait-for-device"]
2018-04-08 02:38:51:697 - info: [debug] [ADB] Getting connected devices...
2018-04-08 02:38:51:783 - info: [debug] [ADB] 1 device(s) connected
2018-04-08 02:38:51:783 - info: [debug] [ADB] Running 'D:\sdk\platform-tools\adb.exe' with args: ["-P",5037,"-s","K4Q6T16713001686","shell","echo","ping"]
2018-04-08 02:38:51:899 - warn: [AndroidDriver] setDeviceLanguageCountry requires language or country.
2018-04-08 02:38:51:899 - warn: [AndroidDriver] Got language: 'null' and country: 'null'
2018-04-08 02:38:51:901 - info: [debug] [Logcat] Starting logcat capture
2018-04-08 02:38:52:009 - info: [debug] [AndroidDriver] Enabling Unicode keyboard support
2018-04-08 02:38:52:009 - info: [debug] [AndroidDriver] Pushing unicode ime to device...
2018-04-08 02:38:52:010 - info: [debug] [ADB] Running 'D:\sdk\platform-tools\adb.exe' with args: ["-P",5037,"-s","K4Q6T16713001686","install","C:\\Users\\Myron.Guo\\AppData\\Roaming\\npm\\node_modules\\appium\\node_modules\\appium-android-ime\\bin\\UnicodeIME-debug.apk"]
2018-04-08 02:39:00:734 - info: [debug] [ADB] Getting connected devices...
2018-04-08 02:39:00:885 - info: [debug] [ADB] 1 device(s) connected
2018-04-08 02:39:00:885 - info: [debug] [ADB] Running 'D:\sdk\platform-tools\adb.exe' with args: ["-P",5037,"-s","K4Q6T16713001686","shell","settings","get","secure","default_input_method"]
2018-04-08 02:39:01:602 - info: [debug] [AndroidDriver] Unsetting previous IME io.appium.android.ime/.UnicodeIME
2018-04-08 02:39:01:603 - info: [debug] [AndroidDriver] Setting IME to 'io.appium.android.ime/.UnicodeIME'
2018-04-08 02:39:01:603 - info: [debug] [ADB] Getting connected devices...
2018-04-08 02:39:01:711 - info: [debug] [ADB] 1 device(s) connected
2018-04-08 02:39:01:711 - info: [debug] [ADB] Running 'D:\sdk\platform-tools\adb.exe' with args: ["-P",5037,"-s","K4Q6T16713001686","shell","ime","enable","io.appium.android.ime/.UnicodeIME"]
2018-04-08 02:39:02:445 - info: [debug] [ADB] Getting connected devices...
2018-04-08 02:39:02:530 - info: [debug] [ADB] 1 device(s) connected
2018-04-08 02:39:02:530 - info: [debug] [ADB] Running 'D:\sdk\platform-tools\adb.exe' with args: ["-P",5037,"-s","K4Q6T16713001686","shell","ime","set","io.appium.android.ime/.UnicodeIME"]
2018-04-08 02:39:03:245 - info: [debug] [AndroidDriver] Pushing settings apk to device...
2018-04-08 02:39:03:247 - info: [debug] [ADB] Getting install status for io.appium.settings
2018-04-08 02:39:03:247 - info: [debug] [ADB] Getting connected devices...
2018-04-08 02:39:03:361 - info: [debug] [ADB] 1 device(s) connected
2018-04-08 02:39:03:361 - info: [debug] [ADB] Running 'D:\sdk\platform-tools\adb.exe' with args: ["-P",5037,"-s","K4Q6T16713001686","shell","pm","list","packages","io.appium.settings"]
2018-04-08 02:39:04:085 - info: [debug] [ADB] App is installed
2018-04-08 02:39:04:086 - info: [debug] [ADB] Getting package info for io.appium.settings
2018-04-08 02:39:04:086 - info: [debug] [ADB] Getting connected devices...
2018-04-08 02:39:04:170 - info: [debug] [ADB] 1 device(s) connected
2018-04-08 02:39:04:170 - info: [debug] [ADB] Running 'D:\sdk\platform-tools\adb.exe' with args: ["-P",5037,"-s","K4Q6T16713001686","shell","dumpsys","package","io.appium.settings"]
2018-04-08 02:39:04:306 - info: [ADB] Checking whether aapt is present
2018-04-08 02:39:04:403 - info: [debug] [ADB] The installed 'io.appium.settings' package does not require upgrade (5 >= 5)
2018-04-08 02:39:04:405 - info: [debug] [ADB] Device API level: 24
2018-04-08 02:39:04:406 - info: [debug] [ADB] Getting connected devices...
2018-04-08 02:39:04:488 - info: [debug] [ADB] 1 device(s) connected
2018-04-08 02:39:04:488 - info: [debug] [ADB] Running 'D:\sdk\platform-tools\adb.exe' with args: ["-P",5037,"-s","K4Q6T16713001686","shell","dumpsys","package","io.appium.settings"]
2018-04-08 02:39:04:627 - info: [debug] [ADB] Getting connected devices...
2018-04-08 02:39:04:714 - info: [debug] [ADB] 1 device(s) connected
2018-04-08 02:39:04:716 - info: [debug] [ADB] Running 'D:\sdk\platform-tools\adb.exe' with args: ["-P",5037,"-s","K4Q6T16713001686","shell","pm","dump","io.appium.settings"]
2018-04-08 02:39:05:856 - info: [debug] [ADB] Got the following command chunks to execute: pm,grant,io.appium.settings,android.permission.WRITE_SETTINGS,;,pm,grant,io.appium.settings,android.permission.ACCESS_MOCK_LOCATION,;
2018-04-08 02:39:05:856 - info: [debug] [ADB] Getting connected devices...
2018-04-08 02:39:05:942 - info: [debug] [ADB] 1 device(s) connected
2018-04-08 02:39:05:942 - info: [debug] [ADB] Running 'D:\sdk\platform-tools\adb.exe' with args: ["-P",5037,"-s","K4Q6T16713001686","shell","pm","grant","io.appium.settings","android.permission.WRITE_SETTINGS",";","pm","grant","io.appium.settings","android.permission.ACCESS_MOCK_LOCATION",";"]
2018-04-08 02:39:07:274 - info: [debug] [ADB] Getting connected devices...
2018-04-08 02:39:07:366 - info: [debug] [ADB] 1 device(s) connected
2018-04-08 02:39:07:368 - info: [debug] [ADB] Running 'D:\sdk\platform-tools\adb.exe' with args: ["-P",5037,"-s","K4Q6T16713001686","shell","ps"]
2018-04-08 02:39:07:557 - info: [debug] [ADB] Device API level: 24
2018-04-08 02:39:07:558 - info: [debug] [ADB] Getting connected devices...
2018-04-08 02:39:07:646 - info: [debug] [ADB] 1 device(s) connected
2018-04-08 02:39:07:646 - info: [debug] [ADB] Running 'D:\sdk\platform-tools\adb.exe' with args: ["-P",5037,"-s","K4Q6T16713001686","shell","am","start","-W","-n","io.appium.settings/.Settings","-a","android.intent.action.MAIN","-c","android.intent.category.LAUNCHER","-f","0x10200000"]
2018-04-08 02:39:08:721 - info: [debug] [ADB] Device API level: 24
2018-04-08 02:39:08:721 - info: [debug] [ADB] Getting connected devices...
2018-04-08 02:39:08:835 - info: [debug] [ADB] 1 device(s) connected
2018-04-08 02:39:08:836 - info: [debug] [ADB] Running 'D:\sdk\platform-tools\adb.exe' with args: ["-P",5037,"-s","K4Q6T16713001686","shell","appops","set","io.appium.settings","android:mock_location","allow"]
2018-04-08 02:39:09:005 - info: [debug] [AndroidDriver] Pushing unlock helper app to device...
2018-04-08 02:39:09:005 - info: [debug] [ADB] Getting install status for io.appium.unlock
2018-04-08 02:39:09:005 - info: [debug] [ADB] Getting connected devices...
2018-04-08 02:39:09:118 - info: [debug] [ADB] 1 device(s) connected
2018-04-08 02:39:09:118 - info: [debug] [ADB] Running 'D:\sdk\platform-tools\adb.exe' with args: ["-P",5037,"-s","K4Q6T16713001686","shell","pm","list","packages","io.appium.unlock"]
2018-04-08 02:39:09:960 - info: [debug] [ADB] App is installed
2018-04-08 02:39:09:960 - info: [debug] [ADB] Getting package info for io.appium.unlock
2018-04-08 02:39:09:961 - info: [debug] [ADB] Getting connected devices...
2018-04-08 02:39:10:083 - info: [debug] [ADB] 1 device(s) connected
2018-04-08 02:39:10:084 - info: [debug] [ADB] Running 'D:\sdk\platform-tools\adb.exe' with args: ["-P",5037,"-s","K4Q6T16713001686","shell","dumpsys","package","io.appium.unlock"]
2018-04-08 02:39:10:342 - info: [ADB] Checking whether aapt is present
2018-04-08 02:39:10:468 - info: [debug] [ADB] The installed 'io.appium.unlock' package does not require upgrade (2 >= 2)
2018-04-08 02:39:10:469 - info: [debug] [UiAutomator2] Forwarding UiAutomator2 Server port 6790 to 8201
2018-04-08 02:39:10:470 - info: [debug] [ADB] Forwarding system: 8201 to device: 6790
2018-04-08 02:39:10:470 - info: [debug] [ADB] Running 'D:\sdk\platform-tools\adb.exe' with args: ["-P",5037,"-s","K4Q6T16713001686","forward","tcp:8201","tcp:6790"]
2018-04-08 02:39:10:565 - info: [debug] [ADB] Getting connected devices...
2018-04-08 02:39:10:660 - info: [debug] [ADB] 1 device(s) connected
2018-04-08 02:39:10:660 - info: [debug] [ADB] Running 'D:\sdk\platform-tools\adb.exe' with args: ["-P",5037,"-s","K4Q6T16713001686","shell","dumpsys","window"]
2018-04-08 02:39:10:975 - info: [AndroidDriver] Screen already unlocked, doing nothing
2018-04-08 02:39:10:977 - info: [debug] [AndroidDriver] Extracting strings from apk ../apk/wdfp.apk null C:\Users\Myron.Guo\AppData\Local\Temp\com.elephant.myinvoice
2018-04-08 02:39:10:978 - info: [debug] [ADB] Extracting strings for language: default
2018-04-08 02:39:10:979 - info: [debug] [ADB] Device API level: 24
2018-04-08 02:39:10:980 - info: [debug] [ADB] Getting connected devices...
2018-04-08 02:39:11:083 - info: [debug] [ADB] 1 device(s) connected
2018-04-08 02:39:11:083 - info: [debug] [ADB] Running 'D:\sdk\platform-tools\adb.exe' with args: ["-P",5037,"-s","K4Q6T16713001686","shell","getprop","persist.sys.locale"]
2018-04-08 02:39:11:212 - info: [debug] [ADB] Current device property 'persist.sys.locale': zh-CN
2018-04-08 02:39:12:958 - info: [debug] [ADB] Reading strings from converted strings.json
2018-04-08 02:39:12:961 - info: [debug] [ADB] Running 'D:\sdk\platform-tools\adb.exe' with args: ["-P",5037,"-s","K4Q6T16713001686","push","C:\\Users\\Myron.Guo\\AppData\\Local\\Temp\\com.elephant.myinvoice\\strings.json","/data/local/tmp"]
2018-04-08 02:39:13:175 - info: [debug] [ADB] Checking app cert for ../apk/wdfp.apk
2018-04-08 02:39:13:179 - warn: [ADB] Cannot use apksigner tool for signature verification. Defaulting to verify.jar. Original error: Could not find apksigner.bat in D:\sdk\platform-tools\apksigner.bat,D:\sdk\emulator\apksigner.bat,D:\sdk\tools\apksigner.bat,D:\sdk\tools\bin\apksigner.bat,D:\sdk\build-tools\android-4.3\apksigner.bat, or supported build-tools under D:\sdk do you have the Android SDK installed at this location?
2018-04-08 02:39:14:864 - info: [debug] [ADB] '../apk/wdfp.apk' is already signed.
2018-04-08 02:39:15:217 - info: [AndroidDriver] Remote apk path is /data/local/tmp/b06fa2ebf8ccb1b1b6b2d93087a88da9.apk
2018-04-08 02:39:15:218 - info: [debug] [ADB] Getting connected devices...
2018-04-08 02:39:15:410 - info: [debug] [ADB] 1 device(s) connected
2018-04-08 02:39:15:411 - info: [debug] [ADB] Running 'D:\sdk\platform-tools\adb.exe' with args: ["-P",5037,"-s","K4Q6T16713001686","shell","ls","/data/local/tmp/b06fa2ebf8ccb1b1b6b2d93087a88da9.apk"]
2018-04-08 02:39:15:529 - info: [debug] [AndroidDriver] Checking if app is installed
2018-04-08 02:39:15:529 - info: [debug] [ADB] Getting install status for com.elephant.myinvoice
2018-04-08 02:39:15:530 - info: [debug] [ADB] Getting connected devices...
2018-04-08 02:39:15:615 - info: [debug] [ADB] 1 device(s) connected
2018-04-08 02:39:15:615 - info: [debug] [ADB] Running 'D:\sdk\platform-tools\adb.exe' with args: ["-P",5037,"-s","K4Q6T16713001686","shell","pm","list","packages","com.elephant.myinvoice"]
2018-04-08 02:39:16:338 - info: [debug] [ADB] App is not installed
2018-04-08 02:39:16:338 - info: [AndroidDriver] Apk is not yet installed
2018-04-08 02:39:16:339 - info: [AndroidDriver] installing apk from remote
2018-04-08 02:39:16:339 - info: [debug] [ADB] Getting connected devices...
2018-04-08 02:39:16:436 - info: [debug] [ADB] 1 device(s) connected
2018-04-08 02:39:16:436 - info: [debug] [ADB] Running 'D:\sdk\platform-tools\adb.exe' with args: ["-P",5037,"-s","K4Q6T16713001686","shell","mkdir","-p","/data/local/tmp"]
2018-04-08 02:39:16:541 - info: [AndroidDriver] Clearing out any existing remote apks with the same hash
2018-04-08 02:39:16:542 - info: [debug] [AndroidDriver] Removing any old apks
2018-04-08 02:39:16:543 - info: [debug] [AndroidDriver] Except ["b06fa2ebf8ccb1b1b6b2d93087a88da9"]
2018-04-08 02:39:16:543 - info: [debug] [ADB] Getting connected devices...
2018-04-08 02:39:16:633 - info: [debug] [ADB] 1 device(s) connected
2018-04-08 02:39:16:633 - info: [debug] [ADB] Running 'D:\sdk\platform-tools\adb.exe' with args: ["-P",5037,"-s","K4Q6T16713001686","shell","ls","/data/local/tmp/*.apk"]
2018-04-08 02:39:16:756 - info: [debug] [ADB] Uninstalling com.elephant.myinvoice
2018-04-08 02:39:16:756 - info: [debug] [ADB] Getting install status for com.elephant.myinvoice
2018-04-08 02:39:16:757 - info: [debug] [ADB] Getting connected devices...
2018-04-08 02:39:16:848 - info: [debug] [ADB] 1 device(s) connected
2018-04-08 02:39:16:848 - info: [debug] [ADB] Running 'D:\sdk\platform-tools\adb.exe' with args: ["-P",5037,"-s","K4Q6T16713001686","shell","pm","list","packages","com.elephant.myinvoice"]
2018-04-08 02:39:17:565 - info: [debug] [ADB] App is not installed
2018-04-08 02:39:17:565 - info: [ADB] com.elephant.myinvoice was not uninstalled, because it was not present on the device
2018-04-08 02:39:17:566 - info: [debug] [ADB] Getting connected devices...
2018-04-08 02:39:17:647 - info: [debug] [ADB] 1 device(s) connected
2018-04-08 02:39:17:647 - info: [debug] [ADB] Running 'D:\sdk\platform-tools\adb.exe' with args: ["-P",5037,"-s","K4Q6T16713001686","shell","pm","install","-r","/data/local/tmp/b06fa2ebf8ccb1b1b6b2d93087a88da9.apk"]
2018-04-08 02:39:22:801 - info: [debug] [ADB] Getting connected devices...
2018-04-08 02:39:22:928 - info: [debug] [ADB] 1 device(s) connected
2018-04-08 02:39:22:928 - info: [debug] [ADB] Running 'D:\sdk\platform-tools\adb.exe' with args: ["-P",5037,"-s","K4Q6T16713001686","shell","am","force-stop","io.appium.uiautomator2.server"]
2018-04-08 02:39:23:938 - info: [UiAutomator2] Starting uiautomator2 server v0.3.0
2018-04-08 02:39:23:939 - info: [UiAutomator2] Running command: 'adb -s K4Q6T16713001686 shell am instrument -w io.appium.uiautomator2.server.test/android.support.test.runner.AndroidJUnitRunner'
2018-04-08 02:39:23:944 - info: [UiAutomator2] Waiting up to 20000ms for UiAutomator2 to be online...
2018-04-08 02:39:23:946 - info: [debug] [JSONWP Proxy] Proxying [GET /status] to [GET http://localhost:8201/wd/hub/status] with no body
2018-04-08 02:39:24:982 - info: [debug] [JSONWP Proxy] Proxying [GET /status] to [GET http://localhost:8201/wd/hub/status] with no body
2018-04-08 02:39:25:991 - info: [debug] [JSONWP Proxy] Proxying [GET /status] to [GET http://localhost:8201/wd/hub/status] with no body
2018-04-08 02:39:26:997 - info: [debug] [JSONWP Proxy] Proxying [GET /status] to [GET http://localhost:8201/wd/hub/status] with no body
2018-04-08 02:39:28:002 - info: [debug] [JSONWP Proxy] Proxying [GET /status] to [GET http://localhost:8201/wd/hub/status] with no body
2018-04-08 02:39:28:031 - info: [debug] [JSONWP Proxy] Got response with status 200: "{\"sessionId\":\"SESSIONID\",\"status\":0,\"value\":\"Status Invoked\"}"
2018-04-08 02:39:28:032 - info: [debug] [JSONWP Proxy] Proxying [POST /session] to [POST http://localhost:8201/wd/hub/session] with body: {"desiredCapabilities":{"platform":"LINUX","webStorageEnabled":false,"takesScreenshot":true,"javascriptEnabled":true,"databaseEnabled":false,"networkConnectionEnabled":true,"locationContextEnabled":false,"warnings":{},"desired":{"deviceName":"K4Q6T16713001686","unicodeKeyboard":true,"automationName":"uiautomator2","resetKeyboard":true,"platformName":"Android","app":"../apk/wdfp.apk","udid":"K4Q6T16713001686","noReset":true},"deviceName":"K4Q6T16713001686","unicodeKeyboard":true,"automationName":"uiautomator2","resetKeyboard":true,"platformName":"Android","app":"../apk/wdfp.apk","udid":"K4Q6T16713001686","noReset":true,"deviceUDID":"K4Q6T16713001686","platformVersion":"7.0","deviceScreenSize":"1080x1920","deviceScreenDensity":480,"deviceModel":"NEM-AL10","deviceManufacturer":"HUAWEI","appPackage":"com.elephant.myinvoice"}}
2018-04-08 02:39:28:049 - info: [debug] [JSONWP Proxy] Got response with status 200: {"sessionId":"7c2ca9fa-6e60-4efe-84df-57d068ed0bf0","status":0,"value":"Created Session"}
2018-04-08 02:39:28:050 - info: [UiAutomator2] UiAutomator2 did not start the activity we were waiting for, 'com.elephant.myinvoice/com.elephant.myinvoice.MainActivity'. Starting it ourselves
2018-04-08 02:39:28:050 - info: [debug] [ADB] Device API level: 24
2018-04-08 02:39:28:051 - info: [debug] [ADB] Getting connected devices...
2018-04-08 02:39:28:203 - info: [debug] [ADB] 1 device(s) connected
2018-04-08 02:39:28:204 - info: [debug] [ADB] Running 'D:\sdk\platform-tools\adb.exe' with args: ["-P",5037,"-s","K4Q6T16713001686","shell","am","start","-W","-n","com.elephant.myinvoice/com.elephant.myinvoice.MainActivity","-S","-a","android.intent.action.MAIN","-c","android.intent.category.LAUNCHER","-f","0x10200000"]
2018-04-08 02:39:30:566 - info: [debug] [ADB] Waiting up to 20000ms for activity matching pkg: 'com.elephant.myinvoice' and activity: 'com.elephant.myinvoice.MainActivity' to be focused
2018-04-08 02:39:30:566 - info: [debug] [ADB] Possible activities, to be checked: 'com.elephant.myinvoice.MainActivity'
2018-04-08 02:39:30:568 - info: [debug] [ADB] Getting focused package and activity
2018-04-08 02:39:30:568 - info: [debug] [ADB] Getting connected devices...
2018-04-08 02:39:30:645 - info: [debug] [ADB] 1 device(s) connected
2018-04-08 02:39:30:646 - info: [debug] [ADB] Running 'D:\sdk\platform-tools\adb.exe' with args: ["-P",5037,"-s","K4Q6T16713001686","shell","dumpsys","window","windows"]
2018-04-08 02:39:30:785 - info: [debug] [ADB] Found package: 'com.elephant.myinvoice' and fully qualified activity name : 'com.elephant.myinvoice.MainActivity'
2018-04-08 02:39:30:787 - info: [Appium] New AndroidUiautomator2Driver session created successfully, session 8c6f0914-54ae-4ba7-ac3c-968330a29f23 added to master session list
2018-04-08 02:39:30:788 - info: [debug] [BaseDriver] Event 'newSessionStarted' logged at 1523155170788 (10:39:30 GMT+0800 (China Standard Time))
2018-04-08 02:39:30:788 - info: [debug] [MJSONWP] Responding to client with driver.createSession() result: {"deviceName":"K4Q6T16713001686","unicodeKeyboard":true,"automationName":"uiautomator2","resetKeyboard":true,"platformName":"Android","app":"../apk/wdfp.apk","udid":"K4Q6T16713001686","noReset":true}
2018-04-08 02:39:30:794 - info: [HTTP] <-- POST /wd/hub/session 200 47190 ms - 271 
2018-04-08 02:39:32:811 - info: [HTTP] --> GET /wd/hub/session/8c6f0914-54ae-4ba7-ac3c-968330a29f23/window/current/size {}
2018-04-08 02:39:32:816 - info: [MJSONWP] Driver proxy active, passing request on via HTTP proxy
2018-04-08 02:39:32:818 - info: [debug] [JSONWP Proxy] Proxying [GET /wd/hub/session/8c6f0914-54ae-4ba7-ac3c-968330a29f23/window/current/size] to [GET http://localhost:8201/wd/hub/session/7c2ca9fa-6e60-4efe-84df-57d068ed0bf0/window/current/size] with body: {}
2018-04-08 02:39:32:860 - info: [debug] [JSONWP Proxy] Got response with status 200: "{\"sessionId\":\"7c2ca9fa-6e60-4efe-84df-57d068ed0bf0\",\"status\":0,\"value\":{\"height\":1812,\"width\":1080}}"
2018-04-08 02:39:32:860 - info: [JSONWP Proxy] Replacing sessionId 7c2ca9fa-6e60-4efe-84df-57d068ed0bf0 with 8c6f0914-54ae-4ba7-ac3c-968330a29f23
2018-04-08 02:39:32:862 - info: [HTTP] <-- GET /wd/hub/session/8c6f0914-54ae-4ba7-ac3c-968330a29f23/window/current/size 200 50 ms - 100 
2018-04-08 02:39:32:867 - info: [HTTP] --> GET /wd/hub/session/8c6f0914-54ae-4ba7-ac3c-968330a29f23/window/current/size {}
2018-04-08 02:39:32:868 - info: [MJSONWP] Driver proxy active, passing request on via HTTP proxy
2018-04-08 02:39:32:869 - info: [debug] [JSONWP Proxy] Proxying [GET /wd/hub/session/8c6f0914-54ae-4ba7-ac3c-968330a29f23/window/current/size] to [GET http://localhost:8201/wd/hub/session/7c2ca9fa-6e60-4efe-84df-57d068ed0bf0/window/current/size] with body: {}
2018-04-08 02:39:32:881 - info: [debug] [JSONWP Proxy] Got response with status 200: "{\"sessionId\":\"7c2ca9fa-6e60-4efe-84df-57d068ed0bf0\",\"status\":0,\"value\":{\"height\":1812,\"width\":1080}}"
2018-04-08 02:39:32:881 - info: [JSONWP Proxy] Replacing sessionId 7c2ca9fa-6e60-4efe-84df-57d068ed0bf0 with 8c6f0914-54ae-4ba7-ac3c-968330a29f23
2018-04-08 02:39:32:882 - info: [HTTP] <-- GET /wd/hub/session/8c6f0914-54ae-4ba7-ac3c-968330a29f23/window/current/size 200 15 ms - 100 
2018-04-08 02:39:32:888 - info: [HTTP] --> POST /wd/hub/session/8c6f0914-54ae-4ba7-ac3c-968330a29f23/touch/perform {"sessionId":"8c6f0914-54ae-4ba7-ac3c-968330a29f23","actions":[{"action":"press","options":{"y":1629,"x":540}},{"action":"wait","options":{"ms":2000}},{"action":"moveTo","options":{"y":181,"x":540}},{"action":"release","options":{}}]}
2018-04-08 02:39:32:891 - info: [debug] [MJSONWP] Calling AppiumDriver.performTouch() with args: [[{"action":"press","options":{"y":1629,"x":540}},{"action":"wait","options":{"ms":2000}},{"action":"moveTo","options":{"y":181,"x":540}},{"action":"release","options":{}}],"8c6f0914-54ae-4ba7-ac3c-968330a29f23"]
2018-04-08 02:39:32:897 - info: [debug] [JSONWP Proxy] Proxying [POST /touch/perform] to [POST http://localhost:8201/wd/hub/session/7c2ca9fa-6e60-4efe-84df-57d068ed0bf0/touch/perform] with body: {"startX":540,"startY":1629,"endX":540,"endY":181,"steps":56}
2018-04-08 02:39:33:913 - info: [debug] [JSONWP Proxy] Got response with status 200: {"sessionId":"7c2ca9fa-6e60-4efe-84df-57d068ed0bf0","status":0,"value":true}
2018-04-08 02:39:33:913 - info: [debug] [MJSONWP] Responding to client with driver.performTouch() result: true
2018-04-08 02:39:33:915 - info: [HTTP] <-- POST /wd/hub/session/8c6f0914-54ae-4ba7-ac3c-968330a29f23/touch/perform 200 1026 ms - 76 
2018-04-08 02:39:34:919 - info: [HTTP] --> GET /wd/hub/session/8c6f0914-54ae-4ba7-ac3c-968330a29f23/window/current/size {}
2018-04-08 02:39:34:919 - info: [MJSONWP] Driver proxy active, passing request on via HTTP proxy
2018-04-08 02:39:34:920 - info: [debug] [JSONWP Proxy] Proxying [GET /wd/hub/session/8c6f0914-54ae-4ba7-ac3c-968330a29f23/window/current/size] to [GET http://localhost:8201/wd/hub/session/7c2ca9fa-6e60-4efe-84df-57d068ed0bf0/window/current/size] with body: {}
2018-04-08 02:39:34:939 - info: [debug] [JSONWP Proxy] Got response with status 200: "{\"sessionId\":\"7c2ca9fa-6e60-4efe-84df-57d068ed0bf0\",\"status\":0,\"value\":{\"height\":1812,\"width\":1080}}"
2018-04-08 02:39:34:940 - info: [JSONWP Proxy] Replacing sessionId 7c2ca9fa-6e60-4efe-84df-57d068ed0bf0 with 8c6f0914-54ae-4ba7-ac3c-968330a29f23
2018-04-08 02:39:34:941 - info: [HTTP] <-- GET /wd/hub/session/8c6f0914-54ae-4ba7-ac3c-968330a29f23/window/current/size 200 22 ms - 100 
2018-04-08 02:39:34:945 - info: [HTTP] --> GET /wd/hub/session/8c6f0914-54ae-4ba7-ac3c-968330a29f23/window/current/size {}
2018-04-08 02:39:34:946 - info: [MJSONWP] Driver proxy active, passing request on via HTTP proxy
2018-04-08 02:39:34:949 - info: [debug] [JSONWP Proxy] Proxying [GET /wd/hub/session/8c6f0914-54ae-4ba7-ac3c-968330a29f23/window/current/size] to [GET http://localhost:8201/wd/hub/session/7c2ca9fa-6e60-4efe-84df-57d068ed0bf0/window/current/size] with body: {}
2018-04-08 02:39:34:964 - info: [debug] [JSONWP Proxy] Got response with status 200: "{\"sessionId\":\"7c2ca9fa-6e60-4efe-84df-57d068ed0bf0\",\"status\":0,\"value\":{\"height\":1812,\"width\":1080}}"
2018-04-08 02:39:34:965 - info: [JSONWP Proxy] Replacing sessionId 7c2ca9fa-6e60-4efe-84df-57d068ed0bf0 with 8c6f0914-54ae-4ba7-ac3c-968330a29f23
2018-04-08 02:39:34:968 - info: [HTTP] <-- GET /wd/hub/session/8c6f0914-54ae-4ba7-ac3c-968330a29f23/window/current/size 200 23 ms - 100 
2018-04-08 02:39:34:972 - info: [HTTP] --> POST /wd/hub/session/8c6f0914-54ae-4ba7-ac3c-968330a29f23/touch/perform {"sessionId":"8c6f0914-54ae-4ba7-ac3c-968330a29f23","actions":[{"action":"press","options":{"y":906,"x":972}},{"action":"wait","options":{"ms":1000}},{"action":"moveTo","options":{"y":906,"x":108}},{"action":"release","options":{}}]}
2018-04-08 02:39:34:972 - info: [debug] [MJSONWP] Calling AppiumDriver.performTouch() with args: [[{"action":"press","options":{"y":906,"x":972}},{"action":"wait","options":{"ms":1000}},{"action":"moveTo","options":{"y":906,"x":108}},{"action":"release","options":{}}],"8c6f0914-54ae-4ba7-ac3c-968330a29f23"]
2018-04-08 02:39:34:975 - info: [debug] [JSONWP Proxy] Proxying [POST /touch/perform] to [POST http://localhost:8201/wd/hub/session/7c2ca9fa-6e60-4efe-84df-57d068ed0bf0/touch/perform] with body: {"startX":972,"startY":906,"endX":108,"endY":906,"steps":28}
2018-04-08 02:39:35:480 - info: [debug] [JSONWP Proxy] Got response with status 200: {"sessionId":"7c2ca9fa-6e60-4efe-84df-57d068ed0bf0","status":0,"value":true}
2018-04-08 02:39:35:480 - info: [debug] [MJSONWP] Responding to client with driver.performTouch() result: true
2018-04-08 02:39:35:481 - info: [HTTP] <-- POST /wd/hub/session/8c6f0914-54ae-4ba7-ac3c-968330a29f23/touch/perform 200 509 ms - 76 
2018-04-08 02:39:36:484 - info: [HTTP] --> GET /wd/hub/session/8c6f0914-54ae-4ba7-ac3c-968330a29f23/window/current/size {}
2018-04-08 02:39:36:485 - info: [MJSONWP] Driver proxy active, passing request on via HTTP proxy
2018-04-08 02:39:36:486 - info: [debug] [JSONWP Proxy] Proxying [GET /wd/hub/session/8c6f0914-54ae-4ba7-ac3c-968330a29f23/window/current/size] to [GET http://localhost:8201/wd/hub/session/7c2ca9fa-6e60-4efe-84df-57d068ed0bf0/window/current/size] with body: {}
2018-04-08 02:39:36:503 - info: [debug] [JSONWP Proxy] Got response with status 200: "{\"sessionId\":\"7c2ca9fa-6e60-4efe-84df-57d068ed0bf0\",\"status\":0,\"value\":{\"height\":1812,\"width\":1080}}"
2018-04-08 02:39:36:503 - info: [JSONWP Proxy] Replacing sessionId 7c2ca9fa-6e60-4efe-84df-57d068ed0bf0 with 8c6f0914-54ae-4ba7-ac3c-968330a29f23
2018-04-08 02:39:36:504 - info: [HTTP] <-- GET /wd/hub/session/8c6f0914-54ae-4ba7-ac3c-968330a29f23/window/current/size 200 19 ms - 100 
2018-04-08 02:39:36:508 - info: [HTTP] --> GET /wd/hub/session/8c6f0914-54ae-4ba7-ac3c-968330a29f23/window/current/size {}
2018-04-08 02:39:36:508 - info: [MJSONWP] Driver proxy active, passing request on via HTTP proxy
2018-04-08 02:39:36:510 - info: [debug] [JSONWP Proxy] Proxying [GET /wd/hub/session/8c6f0914-54ae-4ba7-ac3c-968330a29f23/window/current/size] to [GET http://localhost:8201/wd/hub/session/7c2ca9fa-6e60-4efe-84df-57d068ed0bf0/window/current/size] with body: {}
2018-04-08 02:39:36:523 - info: [debug] [JSONWP Proxy] Got response with status 200: "{\"sessionId\":\"7c2ca9fa-6e60-4efe-84df-57d068ed0bf0\",\"status\":0,\"value\":{\"height\":1812,\"width\":1080}}"
2018-04-08 02:39:36:524 - info: [JSONWP Proxy] Replacing sessionId 7c2ca9fa-6e60-4efe-84df-57d068ed0bf0 with 8c6f0914-54ae-4ba7-ac3c-968330a29f23
2018-04-08 02:39:36:527 - info: [HTTP] <-- GET /wd/hub/session/8c6f0914-54ae-4ba7-ac3c-968330a29f23/window/current/size 200 17 ms - 100 
2018-04-08 02:39:36:529 - info: [HTTP] --> POST /wd/hub/session/8c6f0914-54ae-4ba7-ac3c-968330a29f23/touch/perform {"sessionId":"8c6f0914-54ae-4ba7-ac3c-968330a29f23","actions":[{"action":"press","options":{"y":906,"x":972}},{"action":"wait","options":{"ms":1000}},{"action":"moveTo","options":{"y":906,"x":108}},{"action":"release","options":{}}]}
2018-04-08 02:39:36:530 - info: [debug] [MJSONWP] Calling AppiumDriver.performTouch() with args: [[{"action":"press","options":{"y":906,"x":972}},{"action":"wait","options":{"ms":1000}},{"action":"moveTo","options":{"y":906,"x":108}},{"action":"release","options":{}}],"8c6f0914-54ae-4ba7-ac3c-968330a29f23"]
2018-04-08 02:39:36:533 - info: [debug] [JSONWP Proxy] Proxying [POST /touch/perform] to [POST http://localhost:8201/wd/hub/session/7c2ca9fa-6e60-4efe-84df-57d068ed0bf0/touch/perform] with body: {"startX":972,"startY":906,"endX":108,"endY":906,"steps":28}
2018-04-08 02:39:37:012 - info: [debug] [JSONWP Proxy] Got response with status 200: {"sessionId":"7c2ca9fa-6e60-4efe-84df-57d068ed0bf0","status":0,"value":true}
2018-04-08 02:39:37:013 - info: [debug] [MJSONWP] Responding to client with driver.performTouch() result: true
2018-04-08 02:39:37:014 - info: [HTTP] <-- POST /wd/hub/session/8c6f0914-54ae-4ba7-ac3c-968330a29f23/touch/perform 200 484 ms - 76 
2018-04-08 02:39:38:018 - info: [HTTP] --> GET /wd/hub/session/8c6f0914-54ae-4ba7-ac3c-968330a29f23/window/current/size {}
2018-04-08 02:39:38:019 - info: [MJSONWP] Driver proxy active, passing request on via HTTP proxy
2018-04-08 02:39:38:020 - info: [debug] [JSONWP Proxy] Proxying [GET /wd/hub/session/8c6f0914-54ae-4ba7-ac3c-968330a29f23/window/current/size] to [GET http://localhost:8201/wd/hub/session/7c2ca9fa-6e60-4efe-84df-57d068ed0bf0/window/current/size] with body: {}
2018-04-08 02:39:38:036 - info: [debug] [JSONWP Proxy] Got response with status 200: "{\"sessionId\":\"7c2ca9fa-6e60-4efe-84df-57d068ed0bf0\",\"status\":0,\"value\":{\"height\":1812,\"width\":1080}}"
2018-04-08 02:39:38:037 - info: [JSONWP Proxy] Replacing sessionId 7c2ca9fa-6e60-4efe-84df-57d068ed0bf0 with 8c6f0914-54ae-4ba7-ac3c-968330a29f23
2018-04-08 02:39:38:038 - info: [HTTP] <-- GET /wd/hub/session/8c6f0914-54ae-4ba7-ac3c-968330a29f23/window/current/size 200 20 ms - 100 
2018-04-08 02:39:38:041 - info: [HTTP] --> GET /wd/hub/session/8c6f0914-54ae-4ba7-ac3c-968330a29f23/window/current/size {}
2018-04-08 02:39:38:042 - info: [MJSONWP] Driver proxy active, passing request on via HTTP proxy
2018-04-08 02:39:38:043 - info: [debug] [JSONWP Proxy] Proxying [GET /wd/hub/session/8c6f0914-54ae-4ba7-ac3c-968330a29f23/window/current/size] to [GET http://localhost:8201/wd/hub/session/7c2ca9fa-6e60-4efe-84df-57d068ed0bf0/window/current/size] with body: {}
2018-04-08 02:39:38:058 - info: [debug] [JSONWP Proxy] Got response with status 200: "{\"sessionId\":\"7c2ca9fa-6e60-4efe-84df-57d068ed0bf0\",\"status\":0,\"value\":{\"height\":1812,\"width\":1080}}"
2018-04-08 02:39:38:058 - info: [JSONWP Proxy] Replacing sessionId 7c2ca9fa-6e60-4efe-84df-57d068ed0bf0 with 8c6f0914-54ae-4ba7-ac3c-968330a29f23
2018-04-08 02:39:38:059 - info: [HTTP] <-- GET /wd/hub/session/8c6f0914-54ae-4ba7-ac3c-968330a29f23/window/current/size 200 18 ms - 100 
2018-04-08 02:39:38:066 - info: [HTTP] --> POST /wd/hub/session/8c6f0914-54ae-4ba7-ac3c-968330a29f23/touch/perform {"sessionId":"8c6f0914-54ae-4ba7-ac3c-968330a29f23","actions":[{"action":"press","options":{"y":906,"x":972}},{"action":"wait","options":{"ms":1000}},{"action":"moveTo","options":{"y":906,"x":108}},{"action":"release","options":{}}]}
2018-04-08 02:39:38:067 - info: [debug] [MJSONWP] Calling AppiumDriver.performTouch() with args: [[{"action":"press","options":{"y":906,"x":972}},{"action":"wait","options":{"ms":1000}},{"action":"moveTo","options":{"y":906,"x":108}},{"action":"release","options":{}}],"8c6f0914-54ae-4ba7-ac3c-968330a29f23"]
2018-04-08 02:39:38:070 - info: [debug] [JSONWP Proxy] Proxying [POST /touch/perform] to [POST http://localhost:8201/wd/hub/session/7c2ca9fa-6e60-4efe-84df-57d068ed0bf0/touch/perform] with body: {"startX":972,"startY":906,"endX":108,"endY":906,"steps":28}
2018-04-08 02:39:38:544 - info: [debug] [JSONWP Proxy] Got response with status 200: {"sessionId":"7c2ca9fa-6e60-4efe-84df-57d068ed0bf0","status":0,"value":true}
2018-04-08 02:39:38:544 - info: [debug] [MJSONWP] Responding to client with driver.performTouch() result: true
2018-04-08 02:39:38:545 - info: [HTTP] <-- POST /wd/hub/session/8c6f0914-54ae-4ba7-ac3c-968330a29f23/touch/perform 200 479 ms - 76 
2018-04-08 02:39:39:549 - info: [HTTP] --> GET /wd/hub/session/8c6f0914-54ae-4ba7-ac3c-968330a29f23/window/current/size {}
2018-04-08 02:39:39:550 - info: [MJSONWP] Driver proxy active, passing request on via HTTP proxy
2018-04-08 02:39:39:551 - info: [debug] [JSONWP Proxy] Proxying [GET /wd/hub/session/8c6f0914-54ae-4ba7-ac3c-968330a29f23/window/current/size] to [GET http://localhost:8201/wd/hub/session/7c2ca9fa-6e60-4efe-84df-57d068ed0bf0/window/current/size] with body: {}
2018-04-08 02:39:39:572 - info: [debug] [JSONWP Proxy] Got response with status 200: "{\"sessionId\":\"7c2ca9fa-6e60-4efe-84df-57d068ed0bf0\",\"status\":0,\"value\":{\"height\":1812,\"width\":1080}}"
2018-04-08 02:39:39:573 - info: [JSONWP Proxy] Replacing sessionId 7c2ca9fa-6e60-4efe-84df-57d068ed0bf0 with 8c6f0914-54ae-4ba7-ac3c-968330a29f23
2018-04-08 02:39:39:574 - info: [HTTP] <-- GET /wd/hub/session/8c6f0914-54ae-4ba7-ac3c-968330a29f23/window/current/size 200 24 ms - 100 
2018-04-08 02:39:39:577 - info: [HTTP] --> GET /wd/hub/session/8c6f0914-54ae-4ba7-ac3c-968330a29f23/window/current/size {}
2018-04-08 02:39:39:578 - info: [MJSONWP] Driver proxy active, passing request on via HTTP proxy
2018-04-08 02:39:39:578 - info: [debug] [JSONWP Proxy] Proxying [GET /wd/hub/session/8c6f0914-54ae-4ba7-ac3c-968330a29f23/window/current/size] to [GET http://localhost:8201/wd/hub/session/7c2ca9fa-6e60-4efe-84df-57d068ed0bf0/window/current/size] with body: {}
2018-04-08 02:39:39:599 - info: [debug] [JSONWP Proxy] Got response with status 200: "{\"sessionId\":\"7c2ca9fa-6e60-4efe-84df-57d068ed0bf0\",\"status\":0,\"value\":{\"height\":1812,\"width\":1080}}"
2018-04-08 02:39:39:600 - info: [JSONWP Proxy] Replacing sessionId 7c2ca9fa-6e60-4efe-84df-57d068ed0bf0 with 8c6f0914-54ae-4ba7-ac3c-968330a29f23
2018-04-08 02:39:39:601 - info: [HTTP] <-- GET /wd/hub/session/8c6f0914-54ae-4ba7-ac3c-968330a29f23/window/current/size 200 23 ms - 100 
2018-04-08 02:39:39:604 - info: [HTTP] --> POST /wd/hub/session/8c6f0914-54ae-4ba7-ac3c-968330a29f23/touch/perform {"sessionId":"8c6f0914-54ae-4ba7-ac3c-968330a29f23","actions":[{"action":"press","options":{"y":906,"x":972}},{"action":"wait","options":{"ms":1000}},{"action":"moveTo","options":{"y":906,"x":108}},{"action":"release","options":{}}]}
2018-04-08 02:39:39:604 - info: [debug] [MJSONWP] Calling AppiumDriver.performTouch() with args: [[{"action":"press","options":{"y":906,"x":972}},{"action":"wait","options":{"ms":1000}},{"action":"moveTo","options":{"y":906,"x":108}},{"action":"release","options":{}}],"8c6f0914-54ae-4ba7-ac3c-968330a29f23"]
2018-04-08 02:39:39:606 - info: [debug] [JSONWP Proxy] Proxying [POST /touch/perform] to [POST http://localhost:8201/wd/hub/session/7c2ca9fa-6e60-4efe-84df-57d068ed0bf0/touch/perform] with body: {"startX":972,"startY":906,"endX":108,"endY":906,"steps":28}
2018-04-08 02:39:40:075 - info: [debug] [JSONWP Proxy] Got response with status 200: {"sessionId":"7c2ca9fa-6e60-4efe-84df-57d068ed0bf0","status":0,"value":true}
2018-04-08 02:39:40:076 - info: [debug] [MJSONWP] Responding to client with driver.performTouch() result: true
2018-04-08 02:39:40:077 - info: [HTTP] <-- POST /wd/hub/session/8c6f0914-54ae-4ba7-ac3c-968330a29f23/touch/perform 200 473 ms - 76 
2018-04-08 02:39:40:082 - info: [HTTP] --> POST /wd/hub/session/8c6f0914-54ae-4ba7-ac3c-968330a29f23/element {"using":"class name","sessionId":"8c6f0914-54ae-4ba7-ac3c-968330a29f23","value":"android.widget.ImageView"}
2018-04-08 02:39:40:082 - info: [debug] [MJSONWP] Calling AppiumDriver.findElement() with args: ["class name","android.widget.ImageView","8c6f0914-54ae-4ba7-ac3c-968330a29f23"]
2018-04-08 02:39:40:084 - info: [debug] [BaseDriver] Valid locator strategies for this request: xpath, id, class name, accessibility id, -android uiautomator
2018-04-08 02:39:40:085 - info: [debug] [BaseDriver] Valid locator strategies for this request: xpath, id, class name, accessibility id, -android uiautomator
2018-04-08 02:39:40:086 - info: [debug] [BaseDriver] Waiting up to 0 ms for condition
2018-04-08 02:39:40:087 - info: [debug] [JSONWP Proxy] Proxying [POST /element] to [POST http://localhost:8201/wd/hub/session/7c2ca9fa-6e60-4efe-84df-57d068ed0bf0/element] with body: {"strategy":"class name","selector":"android.widget.ImageView","context":"","multiple":false}
2018-04-08 02:39:40:900 - info: [debug] [JSONWP Proxy] Got response with status 200: {"sessionId":"7c2ca9fa-6e60-4efe-84df-57d068ed0bf0","status":0,"value":{"ELEMENT":"9a297b99-2a2c-4e27-8414-f3dc649a45cf"}}
2018-04-08 02:39:40:901 - info: [debug] [MJSONWP] Responding to client with driver.findElement() result: {"ELEMENT":"9a297b99-2a2c-4e27-8414-f3dc649a45cf"}
2018-04-08 02:39:40:902 - info: [HTTP] <-- POST /wd/hub/session/8c6f0914-54ae-4ba7-ac3c-968330a29f23/element 200 820 ms - 122 
2018-04-08 02:39:40:905 - info: [HTTP] --> POST /wd/hub/session/8c6f0914-54ae-4ba7-ac3c-968330a29f23/element/9a297b99-2a2c-4e27-8414-f3dc649a45cf/click {"sessionId":"8c6f0914-54ae-4ba7-ac3c-968330a29f23","id":"9a297b99-2a2c-4e27-8414-f3dc649a45cf"}
2018-04-08 02:39:40:906 - info: [debug] [MJSONWP] Calling AppiumDriver.click() with args: ["9a297b99-2a2c-4e27-8414-f3dc649a45cf","8c6f0914-54ae-4ba7-ac3c-968330a29f23"]
2018-04-08 02:39:40:907 - info: [debug] [JSONWP Proxy] Proxying [POST /element/9a297b99-2a2c-4e27-8414-f3dc649a45cf/click] to [POST http://localhost:8201/wd/hub/session/7c2ca9fa-6e60-4efe-84df-57d068ed0bf0/element/9a297b99-2a2c-4e27-8414-f3dc649a45cf/click] with body: {"element":"9a297b99-2a2c-4e27-8414-f3dc649a45cf"}
2018-04-08 02:39:40:936 - info: [debug] [JSONWP Proxy] Got response with status 200: {"sessionId":"7c2ca9fa-6e60-4efe-84df-57d068ed0bf0","status":0,"value":true}
2018-04-08 02:39:40:936 - info: [debug] [MJSONWP] Responding to client with driver.click() result: true
2018-04-08 02:39:40:937 - info: [HTTP] <-- POST /wd/hub/session/8c6f0914-54ae-4ba7-ac3c-968330a29f23/element/9a297b99-2a2c-4e27-8414-f3dc649a45cf/click 200 32 ms - 76 
2018-04-08 02:39:43:942 - info: [HTTP] --> POST /wd/hub/session/8c6f0914-54ae-4ba7-ac3c-968330a29f23/elements {"using":"class name","sessionId":"8c6f0914-54ae-4ba7-ac3c-968330a29f23","value":"android.widget.EditText"}
2018-04-08 02:39:43:943 - info: [debug] [MJSONWP] Calling AppiumDriver.findElements() with args: ["class name","android.widget.EditText","8c6f0914-54ae-4ba7-ac3c-968330a29f23"]
2018-04-08 02:39:43:944 - info: [debug] [BaseDriver] Valid locator strategies for this request: xpath, id, class name, accessibility id, -android uiautomator
2018-04-08 02:39:43:944 - info: [debug] [BaseDriver] Valid locator strategies for this request: xpath, id, class name, accessibility id, -android uiautomator
2018-04-08 02:39:43:944 - info: [debug] [BaseDriver] Waiting up to 0 ms for condition
2018-04-08 02:39:43:944 - info: [debug] [JSONWP Proxy] Proxying [POST /elements] to [POST http://localhost:8201/wd/hub/session/7c2ca9fa-6e60-4efe-84df-57d068ed0bf0/elements] with body: {"strategy":"class name","selector":"android.widget.EditText","context":"","multiple":true}
2018-04-08 02:39:44:283 - info: [debug] [JSONWP Proxy] Got response with status 200: {"sessionId":"7c2ca9fa-6e60-4efe-84df-57d068ed0bf0","status":0,"value":[{"ELEMENT":"b3dcd35e-ae59-4282-8b1d-765e8382bbdb"},{"ELEMENT":"1f6fe91f-566c-4bd4-9a35-10ae905dd6f1"}]}
2018-04-08 02:39:44:284 - info: [debug] [MJSONWP] Responding to client with driver.findElements() result: [{"ELEMENT":"b3dcd35e-ae59-4282-8b1d-765e8382bbdb"},{"ELEMENT":"1f6fe91f-566c-4bd4-9a35-10ae905dd6f1"}]
2018-04-08 02:39:44:285 - info: [HTTP] <-- POST /wd/hub/session/8c6f0914-54ae-4ba7-ac3c-968330a29f23/elements 200 343 ms - 175 
2018-04-08 02:39:44:289 - info: [HTTP] --> POST /wd/hub/session/8c6f0914-54ae-4ba7-ac3c-968330a29f23/element/b3dcd35e-ae59-4282-8b1d-765e8382bbdb/value {"text":"18550903915","sessionId":"8c6f0914-54ae-4ba7-ac3c-968330a29f23","id":"b3dcd35e-ae59-4282-8b1d-765e8382bbdb","value":["1","8","5","5","0","9","0","3","9","1","5"]}
2018-04-08 02:39:44:290 - info: [debug] [MJSONWP] Calling AppiumDriver.setValue() with args: [["1","8","5","5","0","9","0","3","9","1","5"],"b3dcd35e-ae59-4282-8b1d-765e8382bbdb","8c6f0914-54ae-4ba7-ac3c-968330a29f23"]
2018-04-08 02:39:44:292 - info: [debug] [JSONWP Proxy] Proxying [POST /element/b3dcd35e-ae59-4282-8b1d-765e8382bbdb/value] to [POST http://localhost:8201/wd/hub/session/7c2ca9fa-6e60-4efe-84df-57d068ed0bf0/element/b3dcd35e-ae59-4282-8b1d-765e8382bbdb/value] with body: {"elementId":"b3dcd35e-ae59-4282-8b1d-765e8382bbdb","text":"18550903915","replace":false,"unicodeKeyboard":true}
2018-04-08 02:39:44:862 - info: [debug] [JSONWP Proxy] Got response with status 200: {"sessionId":"7c2ca9fa-6e60-4efe-84df-57d068ed0bf0","status":0,"value":""}
2018-04-08 02:39:44:863 - info: [debug] [MJSONWP] Responding to client with driver.setValue() result: ""
2018-04-08 02:39:44:864 - info: [HTTP] <-- POST /wd/hub/session/8c6f0914-54ae-4ba7-ac3c-968330a29f23/element/b3dcd35e-ae59-4282-8b1d-765e8382bbdb/value 200 574 ms - 74 
2018-04-08 02:39:44:868 - info: [HTTP] --> POST /wd/hub/session/8c6f0914-54ae-4ba7-ac3c-968330a29f23/elements {"using":"class name","sessionId":"8c6f0914-54ae-4ba7-ac3c-968330a29f23","value":"android.widget.EditText"}
2018-04-08 02:39:44:869 - info: [debug] [MJSONWP] Calling AppiumDriver.findElements() with args: ["class name","android.widget.EditText","8c6f0914-54ae-4ba7-ac3c-968330a29f23"]
2018-04-08 02:39:44:869 - info: [debug] [BaseDriver] Valid locator strategies for this request: xpath, id, class name, accessibility id, -android uiautomator
2018-04-08 02:39:44:870 - info: [debug] [BaseDriver] Valid locator strategies for this request: xpath, id, class name, accessibility id, -android uiautomator
2018-04-08 02:39:44:870 - info: [debug] [BaseDriver] Waiting up to 0 ms for condition
2018-04-08 02:39:44:870 - info: [debug] [JSONWP Proxy] Proxying [POST /elements] to [POST http://localhost:8201/wd/hub/session/7c2ca9fa-6e60-4efe-84df-57d068ed0bf0/elements] with body: {"strategy":"class name","selector":"android.widget.EditText","context":"","multiple":true}
2018-04-08 02:39:45:377 - info: [debug] [JSONWP Proxy] Got response with status 200: {"sessionId":"7c2ca9fa-6e60-4efe-84df-57d068ed0bf0","status":0,"value":[{"ELEMENT":"e680a67b-840a-4e42-b0a4-0c935e473187"},{"ELEMENT":"76df4542-d397-4a77-868b-a54cd9174899"}]}
2018-04-08 02:39:45:378 - info: [debug] [MJSONWP] Responding to client with driver.findElements() result: [{"ELEMENT":"e680a67b-840a-4e42-b0a4-0c935e473187"},{"ELEMENT":"76df4542-d397-4a77-868b-a54cd9174899"}]
2018-04-08 02:39:45:379 - info: [HTTP] <-- POST /wd/hub/session/8c6f0914-54ae-4ba7-ac3c-968330a29f23/elements 200 510 ms - 175 
2018-04-08 02:39:45:385 - info: [HTTP] --> POST /wd/hub/session/8c6f0914-54ae-4ba7-ac3c-968330a29f23/element/76df4542-d397-4a77-868b-a54cd9174899/value {"text":"qwe123","sessionId":"8c6f0914-54ae-4ba7-ac3c-968330a29f23","id":"76df4542-d397-4a77-868b-a54cd9174899","value":["q","w","e","1","2","3"]}
2018-04-08 02:39:45:386 - info: [debug] [MJSONWP] Calling AppiumDriver.setValue() with args: [["q","w","e","1","2","3"],"76df4542-d397-4a77-868b-a54cd9174899","8c6f0914-54ae-4ba7-ac3c-968330a29f23"]
2018-04-08 02:39:45:389 - info: [debug] [JSONWP Proxy] Proxying [POST /element/76df4542-d397-4a77-868b-a54cd9174899/value] to [POST http://localhost:8201/wd/hub/session/7c2ca9fa-6e60-4efe-84df-57d068ed0bf0/element/76df4542-d397-4a77-868b-a54cd9174899/value] with body: {"elementId":"76df4542-d397-4a77-868b-a54cd9174899","text":"qwe123","replace":false,"unicodeKeyboard":true}
2018-04-08 02:39:45:949 - info: [debug] [JSONWP Proxy] Got response with status 200: {"sessionId":"7c2ca9fa-6e60-4efe-84df-57d068ed0bf0","status":0,"value":""}
2018-04-08 02:39:45:949 - info: [debug] [MJSONWP] Responding to client with driver.setValue() result: ""
2018-04-08 02:39:45:950 - info: [HTTP] <-- POST /wd/hub/session/8c6f0914-54ae-4ba7-ac3c-968330a29f23/element/76df4542-d397-4a77-868b-a54cd9174899/value 200 565 ms - 74 
2018-04-08 02:39:45:955 - info: [HTTP] --> POST /wd/hub/session/8c6f0914-54ae-4ba7-ac3c-968330a29f23/element {"using":"-android uiautomator","sessionId":"8c6f0914-54ae-4ba7-ac3c-968330a29f23","value":"new UiSelector().text(\"\")"}
2018-04-08 02:39:45:956 - info: [debug] [MJSONWP] Calling AppiumDriver.findElement() with args: ["-android uiautomator","new UiSelector().text(\"\")","8c6f0914-54ae-4ba7-ac3c-968330a29f23"]
2018-04-08 02:39:45:956 - info: [debug] [BaseDriver] Valid locator strategies for this request: xpath, id, class name, accessibility id, -android uiautomator
2018-04-08 02:39:45:957 - info: [debug] [BaseDriver] Valid locator strategies for this request: xpath, id, class name, accessibility id, -android uiautomator
2018-04-08 02:39:45:957 - info: [debug] [BaseDriver] Waiting up to 0 ms for condition
2018-04-08 02:39:45:957 - info: [debug] [JSONWP Proxy] Proxying [POST /element] to [POST http://localhost:8201/wd/hub/session/7c2ca9fa-6e60-4efe-84df-57d068ed0bf0/element] with body: {"strategy":"-android uiautomator","selector":"new UiSelector().text(\"\")","context":"","multiple":false}
2018-04-08 02:39:46:466 - info: [debug] [JSONWP Proxy] Got response with status 200: {"sessionId":"7c2ca9fa-6e60-4efe-84df-57d068ed0bf0","status":0,"value":{"ELEMENT":"4d7850e0-31f6-4ed7-992b-1763ac30f27a"}}
2018-04-08 02:39:46:467 - info: [debug] [MJSONWP] Responding to client with driver.findElement() result: {"ELEMENT":"4d7850e0-31f6-4ed7-992b-1763ac30f27a"}
2018-04-08 02:39:46:468 - info: [HTTP] <-- POST /wd/hub/session/8c6f0914-54ae-4ba7-ac3c-968330a29f23/element 200 512 ms - 122 
2018-04-08 02:39:46:471 - info: [HTTP] --> POST /wd/hub/session/8c6f0914-54ae-4ba7-ac3c-968330a29f23/element/4d7850e0-31f6-4ed7-992b-1763ac30f27a/click {"sessionId":"8c6f0914-54ae-4ba7-ac3c-968330a29f23","id":"4d7850e0-31f6-4ed7-992b-1763ac30f27a"}
2018-04-08 02:39:46:473 - info: [debug] [MJSONWP] Calling AppiumDriver.click() with args: ["4d7850e0-31f6-4ed7-992b-1763ac30f27a","8c6f0914-54ae-4ba7-ac3c-968330a29f23"]
2018-04-08 02:39:46:473 - info: [debug] [JSONWP Proxy] Proxying [POST /element/4d7850e0-31f6-4ed7-992b-1763ac30f27a/click] to [POST http://localhost:8201/wd/hub/session/7c2ca9fa-6e60-4efe-84df-57d068ed0bf0/element/4d7850e0-31f6-4ed7-992b-1763ac30f27a/click] with body: {"element":"4d7850e0-31f6-4ed7-992b-1763ac30f27a"}
2018-04-08 02:39:48:384 - info: [debug] [JSONWP Proxy] Got response with status 200: {"sessionId":"7c2ca9fa-6e60-4efe-84df-57d068ed0bf0","status":0,"value":true}
2018-04-08 02:39:48:385 - info: [debug] [MJSONWP] Responding to client with driver.click() result: true
2018-04-08 02:39:48:386 - info: [HTTP] <-- POST /wd/hub/session/8c6f0914-54ae-4ba7-ac3c-968330a29f23/element/4d7850e0-31f6-4ed7-992b-1763ac30f27a/click 200 1915 ms - 76 
2018-04-08 02:39:48:390 - info: [HTTP] --> POST /wd/hub/session/8c6f0914-54ae-4ba7-ac3c-968330a29f23/element {"using":"-android uiautomator","sessionId":"8c6f0914-54ae-4ba7-ac3c-968330a29f23","value":"new UiSelector().description(\"plusIcon\")"}
2018-04-08 02:39:48:391 - info: [debug] [MJSONWP] Calling AppiumDriver.findElement() with args: ["-android uiautomator","new UiSelector().description(\"plusIcon\")","8c6f0914-54ae-4ba7-ac3c-968330a29f23"]
2018-04-08 02:39:48:392 - info: [debug] [BaseDriver] Valid locator strategies for this request: xpath, id, class name, accessibility id, -android uiautomator
2018-04-08 02:39:48:392 - info: [debug] [BaseDriver] Valid locator strategies for this request: xpath, id, class name, accessibility id, -android uiautomator
2018-04-08 02:39:48:397 - info: [debug] [BaseDriver] Waiting up to 0 ms for condition
2018-04-08 02:39:48:397 - info: [debug] [JSONWP Proxy] Proxying [POST /element] to [POST http://localhost:8201/wd/hub/session/7c2ca9fa-6e60-4efe-84df-57d068ed0bf0/element] with body: {"strategy":"-android uiautomator","selector":"new UiSelector().description(\"plusIcon\")","context":"","multiple":false}
2018-04-08 02:39:48:619 - info: [debug] [JSONWP Proxy] Got response with status 200: {"sessionId":"7c2ca9fa-6e60-4efe-84df-57d068ed0bf0","status":0,"value":{"ELEMENT":"acf3c5d2-1c5b-48d4-8e23-9e0241f78bfb"}}
2018-04-08 02:39:48:621 - info: [debug] [MJSONWP] Responding to client with driver.findElement() result: {"ELEMENT":"acf3c5d2-1c5b-48d4-8e23-9e0241f78bfb"}
2018-04-08 02:39:48:623 - info: [HTTP] <-- POST /wd/hub/session/8c6f0914-54ae-4ba7-ac3c-968330a29f23/element 200 232 ms - 122 
2018-04-08 02:39:48:629 - info: [HTTP] --> GET /wd/hub/session/8c6f0914-54ae-4ba7-ac3c-968330a29f23/element/acf3c5d2-1c5b-48d4-8e23-9e0241f78bfb/displayed {}
2018-04-08 02:39:48:630 - info: [debug] [MJSONWP] Calling AppiumDriver.elementDisplayed() with args: ["acf3c5d2-1c5b-48d4-8e23-9e0241f78bfb","8c6f0914-54ae-4ba7-ac3c-968330a29f23"]
2018-04-08 02:39:48:631 - info: [debug] [JSONWP Proxy] Proxying [GET /element/acf3c5d2-1c5b-48d4-8e23-9e0241f78bfb/attribute/displayed] to [GET http://localhost:8201/wd/hub/session/7c2ca9fa-6e60-4efe-84df-57d068ed0bf0/element/acf3c5d2-1c5b-48d4-8e23-9e0241f78bfb/attribute/displayed] with body: {}
2018-04-08 02:39:48:697 - info: [debug] [JSONWP Proxy] Got response with status 200: "{\"sessionId\":\"7c2ca9fa-6e60-4efe-84df-57d068ed0bf0\",\"status\":0,\"value\":\"true\"}"
2018-04-08 02:39:48:698 - info: [debug] [MJSONWP] Responding to client with driver.elementDisplayed() result: true
2018-04-08 02:39:48:699 - info: [HTTP] <-- GET /wd/hub/session/8c6f0914-54ae-4ba7-ac3c-968330a29f23/element/acf3c5d2-1c5b-48d4-8e23-9e0241f78bfb/displayed 200 71 ms - 76 
2018-04-08 02:39:58:704 - info: [HTTP] --> POST /wd/hub/session/8c6f0914-54ae-4ba7-ac3c-968330a29f23/elements {"using":"-android uiautomator","sessionId":"8c6f0914-54ae-4ba7-ac3c-968330a29f23","value":"new UiSelector().text(\":\")"}
2018-04-08 02:39:58:705 - info: [debug] [MJSONWP] Calling AppiumDriver.findElements() with args: ["-android uiautomator","new UiSelector().text(\":\")","8c6f0914-54ae-4ba7-ac3c-968330a29f23"]
2018-04-08 02:39:58:705 - info: [debug] [BaseDriver] Valid locator strategies for this request: xpath, id, class name, accessibility id, -android uiautomator
2018-04-08 02:39:58:706 - info: [debug] [BaseDriver] Valid locator strategies for this request: xpath, id, class name, accessibility id, -android uiautomator
2018-04-08 02:39:58:706 - info: [debug] [BaseDriver] Waiting up to 0 ms for condition
2018-04-08 02:39:58:708 - info: [debug] [JSONWP Proxy] Proxying [POST /elements] to [POST http://localhost:8201/wd/hub/session/7c2ca9fa-6e60-4efe-84df-57d068ed0bf0/elements] with body: {"strategy":"-android uiautomator","selector":"new UiSelector().text(\":\")","context":"","multiple":true}
2018-04-08 02:39:59:372 - info: [debug] [JSONWP Proxy] Got response with status 200: {"sessionId":"7c2ca9fa-6e60-4efe-84df-57d068ed0bf0","status":0,"value":[{"ELEMENT":"04b8b5c8-fedd-40d0-80bd-c0966bc9c416"}]}
2018-04-08 02:39:59:373 - info: [debug] [MJSONWP] Responding to client with driver.findElements() result: [{"ELEMENT":"04b8b5c8-fedd-40d0-80bd-c0966bc9c416"}]
2018-04-08 02:39:59:374 - info: [HTTP] <-- POST /wd/hub/session/8c6f0914-54ae-4ba7-ac3c-968330a29f23/elements 200 669 ms - 124 
2018-04-08 02:39:59:381 - info: [HTTP] --> GET /wd/hub/session/8c6f0914-54ae-4ba7-ac3c-968330a29f23/element/04b8b5c8-fedd-40d0-80bd-c0966bc9c416/location {}
2018-04-08 02:39:59:382 - info: [MJSONWP] Driver proxy active, passing request on via HTTP proxy
2018-04-08 02:39:59:383 - info: [debug] [JSONWP Proxy] Proxying [GET /wd/hub/session/8c6f0914-54ae-4ba7-ac3c-968330a29f23/element/04b8b5c8-fedd-40d0-80bd-c0966bc9c416/location] to [GET http://localhost:8201/wd/hub/session/7c2ca9fa-6e60-4efe-84df-57d068ed0bf0/element/04b8b5c8-fedd-40d0-80bd-c0966bc9c416/location] with body: {}
2018-04-08 02:39:59:418 - info: [debug] [JSONWP Proxy] Got response with status 200: "{\"sessionId\":\"7c2ca9fa-6e60-4efe-84df-57d068ed0bf0\",\"status\":0,\"value\":{\"x\":60,\"y\":661}}"
2018-04-08 02:39:59:418 - info: [JSONWP Proxy] Replacing sessionId 7c2ca9fa-6e60-4efe-84df-57d068ed0bf0 with 8c6f0914-54ae-4ba7-ac3c-968330a29f23
2018-04-08 02:39:59:419 - info: [HTTP] <-- GET /wd/hub/session/8c6f0914-54ae-4ba7-ac3c-968330a29f23/element/04b8b5c8-fedd-40d0-80bd-c0966bc9c416/location 200 37 ms - 88 
2018-04-08 02:39:59:424 - info: [HTTP] --> POST /wd/hub/session/8c6f0914-54ae-4ba7-ac3c-968330a29f23/touch/perform {"sessionId":"8c6f0914-54ae-4ba7-ac3c-968330a29f23","actions":[{"action":"press","options":{"y":661,"x":900}},{"action":"wait","options":{"ms":2000}},{"action":"moveTo","options":{"y":661,"x":0}},{"action":"release","options":{}}]}
2018-04-08 02:39:59:424 - info: [debug] [MJSONWP] Calling AppiumDriver.performTouch() with args: [[{"action":"press","options":{"y":661,"x":900}},{"action":"wait","options":{"ms":2000}},{"action":"moveTo","options":{"y":661,"x":0}},{"action":"release","options":{}}],"8c6f0914-54ae-4ba7-ac3c-968330a29f23"]
2018-04-08 02:39:59:426 - info: [debug] [JSONWP Proxy] Proxying [POST /touch/perform] to [POST http://localhost:8201/wd/hub/session/7c2ca9fa-6e60-4efe-84df-57d068ed0bf0/touch/perform] with body: {"startX":900,"startY":661,"endX":0,"endY":661,"steps":56}
2018-04-08 02:40:00:394 - info: [debug] [JSONWP Proxy] Got response with status 200: {"sessionId":"7c2ca9fa-6e60-4efe-84df-57d068ed0bf0","status":0,"value":true}
2018-04-08 02:40:00:395 - info: [debug] [MJSONWP] Responding to client with driver.performTouch() result: true
2018-04-08 02:40:00:396 - info: [HTTP] <-- POST /wd/hub/session/8c6f0914-54ae-4ba7-ac3c-968330a29f23/touch/perform 200 972 ms - 76 
2018-04-08 02:40:01:400 - info: [HTTP] --> POST /wd/hub/session/8c6f0914-54ae-4ba7-ac3c-968330a29f23/element {"using":"-android uiautomator","sessionId":"8c6f0914-54ae-4ba7-ac3c-968330a29f23","value":"new UiSelector().description(\"rowDeleteIcon\")"}
2018-04-08 02:40:01:400 - info: [debug] [MJSONWP] Calling AppiumDriver.findElement() with args: ["-android uiautomator","new UiSelector().description(\"rowDeleteIcon\")","8c6f0914-54ae-4ba7-ac3c-968330a29f23"]
2018-04-08 02:40:01:401 - info: [debug] [BaseDriver] Valid locator strategies for this request: xpath, id, class name, accessibility id, -android uiautomator
2018-04-08 02:40:01:401 - info: [debug] [BaseDriver] Valid locator strategies for this request: xpath, id, class name, accessibility id, -android uiautomator
2018-04-08 02:40:01:401 - info: [debug] [BaseDriver] Waiting up to 0 ms for condition
2018-04-08 02:40:01:401 - info: [debug] [JSONWP Proxy] Proxying [POST /element] to [POST http://localhost:8201/wd/hub/session/7c2ca9fa-6e60-4efe-84df-57d068ed0bf0/element] with body: {"strategy":"-android uiautomator","selector":"new UiSelector().description(\"rowDeleteIcon\")","context":"","multiple":false}
2018-04-08 02:40:02:305 - info: [debug] [JSONWP Proxy] Got response with status 200: {"sessionId":"7c2ca9fa-6e60-4efe-84df-57d068ed0bf0","status":0,"value":{"ELEMENT":"a2859433-e0c5-4b6f-9d0a-421bc0cf2411"}}
2018-04-08 02:40:02:306 - info: [debug] [MJSONWP] Responding to client with driver.findElement() result: {"ELEMENT":"a2859433-e0c5-4b6f-9d0a-421bc0cf2411"}
2018-04-08 02:40:02:309 - info: [HTTP] <-- POST /wd/hub/session/8c6f0914-54ae-4ba7-ac3c-968330a29f23/element 200 907 ms - 122 
2018-04-08 02:40:02:312 - info: [HTTP] --> POST /wd/hub/session/8c6f0914-54ae-4ba7-ac3c-968330a29f23/element/a2859433-e0c5-4b6f-9d0a-421bc0cf2411/click {"sessionId":"8c6f0914-54ae-4ba7-ac3c-968330a29f23","id":"a2859433-e0c5-4b6f-9d0a-421bc0cf2411"}
2018-04-08 02:40:02:312 - info: [debug] [MJSONWP] Calling AppiumDriver.click() with args: ["a2859433-e0c5-4b6f-9d0a-421bc0cf2411","8c6f0914-54ae-4ba7-ac3c-968330a29f23"]
2018-04-08 02:40:02:313 - info: [debug] [JSONWP Proxy] Proxying [POST /element/a2859433-e0c5-4b6f-9d0a-421bc0cf2411/click] to [POST http://localhost:8201/wd/hub/session/7c2ca9fa-6e60-4efe-84df-57d068ed0bf0/element/a2859433-e0c5-4b6f-9d0a-421bc0cf2411/click] with body: {"element":"a2859433-e0c5-4b6f-9d0a-421bc0cf2411"}
2018-04-08 02:40:04:299 - info: [debug] [JSONWP Proxy] Got response with status 200: {"sessionId":"7c2ca9fa-6e60-4efe-84df-57d068ed0bf0","status":0,"value":true}
2018-04-08 02:40:04:300 - info: [debug] [MJSONWP] Responding to client with driver.click() result: true
2018-04-08 02:40:04:301 - info: [HTTP] <-- POST /wd/hub/session/8c6f0914-54ae-4ba7-ac3c-968330a29f23/element/a2859433-e0c5-4b6f-9d0a-421bc0cf2411/click 200 1989 ms - 76 
2018-04-08 02:41:04:299 - warn: [BaseDriver] Shutting down because we waited 60 seconds for a command
2018-04-08 02:41:04:304 - info: [debug] [UiAutomator2] Deleting UiAutomator2 session
2018-04-08 02:41:04:305 - warn: [Appium] Closing session, cause was 'New Command Timeout of 60 seconds expired. Try customizing the timeout using the 'newCommandTimeout' desired capability'
2018-04-08 02:41:04:305 - info: [Appium] Removing session 8c6f0914-54ae-4ba7-ac3c-968330a29f23 from our master session list
2018-04-08 02:41:04:306 - info: [debug] [UiAutomator2] Deleting UiAutomator2 server session
2018-04-08 02:41:04:306 - info: [debug] [JSONWP Proxy] Proxying [DELETE /] to [DELETE http://localhost:8201/wd/hub/session/7c2ca9fa-6e60-4efe-84df-57d068ed0bf0] with no body
2018-04-08 02:41:04:359 - info: [debug] [JSONWP Proxy] Got response with status 200: "{\"sessionId\":\"7c2ca9fa-6e60-4efe-84df-57d068ed0bf0\",\"status\":0,\"value\":\"Session deleted\"}"
2018-04-08 02:41:04:359 - info: [debug] [UiAutomator2] Resetting IME to 'io.appium.android.ime/.UnicodeIME'
2018-04-08 02:41:04:360 - info: [debug] [ADB] Getting connected devices...
2018-04-08 02:41:04:572 - info: [debug] [ADB] 1 device(s) connected
2018-04-08 02:41:04:572 - info: [debug] [ADB] Running 'D:\sdk\platform-tools\adb.exe' with args: ["-P",5037,"-s","K4Q6T16713001686","shell","ime","set","io.appium.android.ime/.UnicodeIME"]
2018-04-08 02:41:04:883 - info: [debug] [UiAutomator2] [UIAutomator2] io.appium.uiautomator2.server.test.AppiumUiAutomator2Server:.
2018-04-08 02:41:04:883 - info: [debug] [UiAutomator2] [UIAutomator2] Time: 98.072
2018-04-08 02:41:04:885 - info: [debug] [UiAutomator2] [UIAutomator2] OK (1 test)
2018-04-08 02:41:05:852 - info: [debug] [ADB] Getting connected devices...
2018-04-08 02:41:05:945 - info: [debug] [ADB] 1 device(s) connected
2018-04-08 02:41:05:945 - info: [debug] [ADB] Running 'D:\sdk\platform-tools\adb.exe' with args: ["-P",5037,"-s","K4Q6T16713001686","shell","am","force-stop","com.elephant.myinvoice"]
2018-04-08 02:41:06:774 - info: [debug] [Logcat] Stopping logcat capture
2018-04-08 02:41:06:789 - info: [debug] [ADB] Removing forwarded port socket connection: 8201 
2018-04-08 02:41:06:789 - info: [debug] [ADB] Running 'D:\sdk\platform-tools\adb.exe' with args: ["-P",5037,"-s","K4Q6T16713001686","forward","--remove","tcp:8201"]
