2018-04-09 09:43:30:050 - info: [Appium] Welcome to Appium v1.7.2
2018-04-09 09:43:30:054 - info: [Appium] Non-default server args:
2018-04-09 09:43:30:055 - info: [Appium]   port: 4701
2018-04-09 09:43:30:055 - info: [Appium]   bootstrapPort: 4900
2018-04-09 09:43:30:055 - info: [Appium]   sessionOverride: true
2018-04-09 09:43:30:055 - info: [Appium]   log: D:/PycharmProjects/Appium27/log/K4Q6T167130016862018-04-09-17_43_15.log
2018-04-09 09:43:30:055 - info: [Appium]   udid: K4Q6T16713001686
2018-04-09 09:43:30:056 - info: [Appium]   noReset: true
2018-04-09 09:43:30:056 - warn: [Appium] Deprecated server args:
2018-04-09 09:43:30:057 - warn: [Appium]   -U,--udid => --default-capabilities '{"udid":"K4Q6T16713001686"}'
2018-04-09 09:43:30:057 - warn: [Appium]   --no-reset => --default-capabilities '{"noReset":true}'
2018-04-09 09:43:30:057 - info: [Appium] Default capabilities, which will be added to each request unless overridden by desired capabilities:
2018-04-09 09:43:30:057 - info: [Appium]   udid: K4Q6T16713001686
2018-04-09 09:43:30:058 - info: [Appium]   noReset: true
2018-04-09 09:43:30:096 - info: [Appium] Appium REST http interface listener started on 0.0.0.0:4701
2018-04-09 09:43:38:030 - info: [HTTP] --> POST /wd/hub/session {"capabilities":{"alwaysMatch":{"platformName":"Android"},"firstMatch":[{}]},"desiredCapabilities":{"deviceName":"K4Q6T16713001686","unicodeKeyboard":true,"automationName":"uiautomator2","resetKeyboard":true,"platformName":"Android","app":"../apk/wdfp.apk"}}
2018-04-09 09:43:38:036 - info: [debug] [MJSONWP] Calling AppiumDriver.createSession() with args: [{"deviceName":"K4Q6T16713001686","unicodeKeyboard":true,"automationName":"uiautomator2","resetKeyboard":true,"platformName":"Android","app":"../apk/wdfp.apk"},null,{"alwaysMatch":{"platformName":"Android"},"firstMatch":[{}]}]
2018-04-09 09:43:38:038 - info: [debug] [BaseDriver] Event 'newSessionRequested' logged at 1523267018038 (17:43:38 GMT+0800 (China Standard Time))
2018-04-09 09:43:38:040 - info: [Appium] Merged W3C capabilities {"alwaysMatch":{"platformName":"Android"},"firs... into desiredCapabilities object {"deviceName":"K4Q6T16713001686","unicodeKeyboa...
2018-04-09 09:43:38:045 - info: [Appium] Creating new AndroidUiautomator2Driver (v0.11.0) session
2018-04-09 09:43:38:045 - info: [Appium] Capabilities:
2018-04-09 09:43:38:045 - info: [Appium]   deviceName: K4Q6T16713001686
2018-04-09 09:43:38:045 - info: [Appium]   unicodeKeyboard: true
2018-04-09 09:43:38:045 - info: [Appium]   automationName: uiautomator2
2018-04-09 09:43:38:046 - info: [Appium]   resetKeyboard: true
2018-04-09 09:43:38:046 - info: [Appium]   platformName: Android
2018-04-09 09:43:38:046 - info: [Appium]   app: ../apk/wdfp.apk
2018-04-09 09:43:38:046 - info: [Appium]   udid: K4Q6T16713001686
2018-04-09 09:43:38:046 - info: [Appium]   noReset: true
2018-04-09 09:43:38:064 - info: [BaseDriver] Session created with session id: b5cb7ce4-22fb-41f9-99de-fa8b81297c43
2018-04-09 09:43:38:067 - info: [BaseDriver] Using local app '../apk/wdfp.apk'
2018-04-09 09:43:38:093 - info: [debug] [UiAutomator2] Checking whether app is actually present
2018-04-09 09:43:38:503 - info: [debug] [AndroidDriver] Getting Java version
2018-04-09 09:43:39:178 - info: [AndroidDriver] Java version is: 1.8.0_151
2018-04-09 09:43:39:182 - info: [ADB] Checking whether adb is present
2018-04-09 09:43:39:191 - info: [ADB] Using adb.exe from D:\sdk\platform-tools\adb.exe
2018-04-09 09:43:39:191 - info: [AndroidDriver] Retrieving device list
2018-04-09 09:43:39:192 - info: [debug] [ADB] Trying to find a connected android device
2018-04-09 09:43:39:193 - info: [debug] [ADB] Getting connected devices...
2018-04-09 09:43:39:356 - info: [debug] [ADB] 1 device(s) connected
2018-04-09 09:43:39:357 - info: [AndroidDriver] Using device: K4Q6T16713001686
2018-04-09 09:43:39:358 - info: [ADB] Checking whether adb is present
2018-04-09 09:43:39:359 - info: [debug] [ADB] Setting device id to K4Q6T16713001686
2018-04-09 09:43:39:361 - info: [debug] [ADB] Getting connected devices...
2018-04-09 09:43:39:475 - info: [debug] [ADB] 1 device(s) connected
2018-04-09 09:43:39:478 - info: [debug] [ADB] Running 'D:\sdk\platform-tools\adb.exe' with args: ["-P",5037,"-s","K4Q6T16713001686","shell","getprop","ro.build.version.sdk"]
2018-04-09 09:43:39:624 - info: [debug] [ADB] Current device property 'ro.build.version.sdk': 24
2018-04-09 09:43:39:625 - info: [debug] [ADB] Device API level: 24
2018-04-09 09:43:39:626 - info: [debug] [AndroidDriver] Parsing package and activity from app manifest
2018-04-09 09:43:39:627 - info: [ADB] Checking whether aapt is present
2018-04-09 09:43:39:631 - info: [ADB] Using aapt.exe from D:\sdk\tools\aapt.exe
2018-04-09 09:43:39:631 - info: [ADB] Extracting package and launch activity from manifest
2018-04-09 09:43:39:829 - info: [debug] [ADB] badging package: com.elephant.myinvoice
2018-04-09 09:43:39:830 - info: [debug] [ADB] badging act: com.elephant.myinvoice.MainActivity
2018-04-09 09:43:39:830 - info: [debug] [AndroidDriver] Parsed package and activity are: com.elephant.myinvoice/com.elephant.myinvoice.MainActivity
2018-04-09 09:43:39:831 - info: [ADB] Getting device platform version
2018-04-09 09:43:39:831 - info: [debug] [ADB] Getting connected devices...
2018-04-09 09:43:39:922 - info: [debug] [ADB] 1 device(s) connected
2018-04-09 09:43:39:922 - info: [debug] [ADB] Running 'D:\sdk\platform-tools\adb.exe' with args: ["-P",5037,"-s","K4Q6T16713001686","shell","getprop","ro.build.version.release"]
2018-04-09 09:43:40:133 - info: [debug] [ADB] Current device property 'ro.build.version.release': 7.0
2018-04-09 09:43:40:134 - info: [debug] [ADB] Getting connected devices...
2018-04-09 09:43:40:223 - info: [debug] [ADB] 1 device(s) connected
2018-04-09 09:43:40:223 - info: [debug] [ADB] Running 'D:\sdk\platform-tools\adb.exe' with args: ["-P",5037,"-s","K4Q6T16713001686","shell","wm","size"]
2018-04-09 09:43:41:705 - info: [debug] [ADB] Getting connected devices...
2018-04-09 09:43:41:886 - info: [debug] [ADB] 1 device(s) connected
2018-04-09 09:43:41:886 - info: [debug] [ADB] Running 'D:\sdk\platform-tools\adb.exe' with args: ["-P",5037,"-s","K4Q6T16713001686","shell","wm","density"]
2018-04-09 09:43:42:637 - info: [debug] [ADB] Getting connected devices...
2018-04-09 09:43:42:764 - info: [debug] [ADB] 1 device(s) connected
2018-04-09 09:43:42:764 - info: [debug] [ADB] Running 'D:\sdk\platform-tools\adb.exe' with args: ["-P",5037,"-s","K4Q6T16713001686","shell","getprop","ro.product.model"]
2018-04-09 09:43:43:022 - info: [debug] [ADB] Current device property 'ro.product.model': NEM-AL10
2018-04-09 09:43:43:023 - info: [debug] [ADB] Getting connected devices...
2018-04-09 09:43:43:158 - info: [debug] [ADB] 1 device(s) connected
2018-04-09 09:43:43:159 - info: [debug] [ADB] Running 'D:\sdk\platform-tools\adb.exe' with args: ["-P",5037,"-s","K4Q6T16713001686","shell","getprop","ro.product.manufacturer"]
2018-04-09 09:43:43:287 - info: [debug] [ADB] Current device property 'ro.product.manufacturer': HUAWEI
2018-04-09 09:43:43:289 - info: [debug] [ADB] Getting connected devices...
2018-04-09 09:43:43:396 - info: [debug] [ADB] 1 device(s) connected
2018-04-09 09:43:43:396 - info: [debug] [ADB] Running 'D:\sdk\platform-tools\adb.exe' with args: ["-P",5037,"-s","K4Q6T16713001686","shell","am","force-stop","io.appium.uiautomator2.server"]
2018-04-09 09:43:44:233 - info: [ADB] Checking whether aapt is present
2018-04-09 09:43:44:346 - info: [debug] [ADB] Getting install status for io.appium.uiautomator2.server
2018-04-09 09:43:44:346 - info: [debug] [ADB] Getting connected devices...
2018-04-09 09:43:44:497 - info: [debug] [ADB] 1 device(s) connected
2018-04-09 09:43:44:497 - info: [debug] [ADB] Running 'D:\sdk\platform-tools\adb.exe' with args: ["-P",5037,"-s","K4Q6T16713001686","shell","pm","list","packages","io.appium.uiautomator2.server"]
2018-04-09 09:43:45:287 - info: [debug] [ADB] App is installed
2018-04-09 09:43:45:287 - info: [debug] [ADB] Getting install status for io.appium.uiautomator2.server.test
2018-04-09 09:43:45:288 - info: [debug] [ADB] Getting connected devices...
2018-04-09 09:43:45:396 - info: [debug] [ADB] 1 device(s) connected
2018-04-09 09:43:45:396 - info: [debug] [ADB] Running 'D:\sdk\platform-tools\adb.exe' with args: ["-P",5037,"-s","K4Q6T16713001686","shell","pm","list","packages","io.appium.uiautomator2.server.test"]
2018-04-09 09:43:46:137 - info: [debug] [ADB] App is installed
2018-04-09 09:43:46:138 - info: [debug] [ADB] Getting package info for io.appium.uiautomator2.server
2018-04-09 09:43:46:138 - info: [debug] [ADB] Getting connected devices...
2018-04-09 09:43:46:250 - info: [debug] [ADB] 1 device(s) connected
2018-04-09 09:43:46:250 - info: [debug] [ADB] Running 'D:\sdk\platform-tools\adb.exe' with args: ["-P",5037,"-s","K4Q6T16713001686","shell","dumpsys","package","io.appium.uiautomator2.server"]
2018-04-09 09:43:46:426 - info: [debug] [UiAutomator2] Waiting up to 20000ms for instrumentation 'io.appium.uiautomator2.server.test/android.support.test.runner.AndroidJUnitRunner' to be available
2018-04-09 09:43:46:428 - info: [debug] [ADB] Getting connected devices...
2018-04-09 09:43:46:573 - info: [debug] [ADB] 1 device(s) connected
2018-04-09 09:43:46:573 - info: [debug] [ADB] Running 'D:\sdk\platform-tools\adb.exe' with args: ["-P",5037,"-s","K4Q6T16713001686","shell","pm","list","instrumentation"]
2018-04-09 09:43:47:318 - info: [debug] [UiAutomator2] Instrumentation 'io.appium.uiautomator2.server.test/android.support.test.runner.AndroidJUnitRunner' available
2018-04-09 09:43:47:320 - info: [debug] [ADB] Running 'D:\sdk\platform-tools\adb.exe' with args: ["-P",5037,"-s","K4Q6T16713001686","wait-for-device"]
2018-04-09 09:43:47:433 - info: [debug] [ADB] Getting connected devices...
2018-04-09 09:43:47:544 - info: [debug] [ADB] 1 device(s) connected
2018-04-09 09:43:47:545 - info: [debug] [ADB] Running 'D:\sdk\platform-tools\adb.exe' with args: ["-P",5037,"-s","K4Q6T16713001686","shell","echo","ping"]
2018-04-09 09:43:47:711 - warn: [AndroidDriver] setDeviceLanguageCountry requires language or country.
2018-04-09 09:43:47:711 - warn: [AndroidDriver] Got language: 'null' and country: 'null'
2018-04-09 09:43:47:713 - info: [debug] [Logcat] Starting logcat capture
2018-04-09 09:43:47:840 - info: [debug] [AndroidDriver] Enabling Unicode keyboard support
2018-04-09 09:43:47:841 - info: [debug] [AndroidDriver] Pushing unicode ime to device...
2018-04-09 09:43:47:841 - info: [debug] [ADB] Running 'D:\sdk\platform-tools\adb.exe' with args: ["-P",5037,"-s","K4Q6T16713001686","install","C:\\Users\\Myron.Guo\\AppData\\Roaming\\npm\\node_modules\\appium\\node_modules\\appium-android-ime\\bin\\UnicodeIME-debug.apk"]
2018-04-09 09:43:56:059 - info: [debug] [ADB] Getting connected devices...
2018-04-09 09:43:56:216 - info: [debug] [ADB] 1 device(s) connected
2018-04-09 09:43:56:216 - info: [debug] [ADB] Running 'D:\sdk\platform-tools\adb.exe' with args: ["-P",5037,"-s","K4Q6T16713001686","shell","settings","get","secure","default_input_method"]
2018-04-09 09:43:57:034 - info: [debug] [AndroidDriver] Unsetting previous IME com.iflytek.inputmethod/.FlyIME
2018-04-09 09:43:57:034 - info: [debug] [AndroidDriver] Setting IME to 'io.appium.android.ime/.UnicodeIME'
2018-04-09 09:43:57:035 - info: [debug] [ADB] Getting connected devices...
2018-04-09 09:43:57:225 - info: [debug] [ADB] 1 device(s) connected
2018-04-09 09:43:57:225 - info: [debug] [ADB] Running 'D:\sdk\platform-tools\adb.exe' with args: ["-P",5037,"-s","K4Q6T16713001686","shell","ime","enable","io.appium.android.ime/.UnicodeIME"]
2018-04-09 09:43:57:977 - info: [debug] [ADB] Getting connected devices...
2018-04-09 09:43:58:158 - info: [debug] [ADB] 1 device(s) connected
2018-04-09 09:43:58:159 - info: [debug] [ADB] Running 'D:\sdk\platform-tools\adb.exe' with args: ["-P",5037,"-s","K4Q6T16713001686","shell","ime","set","io.appium.android.ime/.UnicodeIME"]
2018-04-09 09:43:58:951 - info: [debug] [AndroidDriver] Pushing settings apk to device...
2018-04-09 09:43:58:953 - info: [debug] [ADB] Getting install status for io.appium.settings
2018-04-09 09:43:58:953 - info: [debug] [ADB] Getting connected devices...
2018-04-09 09:43:59:127 - info: [debug] [ADB] 1 device(s) connected
2018-04-09 09:43:59:129 - info: [debug] [ADB] Running 'D:\sdk\platform-tools\adb.exe' with args: ["-P",5037,"-s","K4Q6T16713001686","shell","pm","list","packages","io.appium.settings"]
2018-04-09 09:44:00:147 - info: [debug] [ADB] App is installed
2018-04-09 09:44:00:148 - info: [debug] [ADB] Getting package info for io.appium.settings
2018-04-09 09:44:00:148 - info: [debug] [ADB] Getting connected devices...
2018-04-09 09:44:00:255 - info: [debug] [ADB] 1 device(s) connected
2018-04-09 09:44:00:255 - info: [debug] [ADB] Running 'D:\sdk\platform-tools\adb.exe' with args: ["-P",5037,"-s","K4Q6T16713001686","shell","dumpsys","package","io.appium.settings"]
2018-04-09 09:44:00:400 - info: [ADB] Checking whether aapt is present
2018-04-09 09:44:00:533 - info: [debug] [ADB] The installed 'io.appium.settings' package does not require upgrade (5 >= 5)
2018-04-09 09:44:00:535 - info: [debug] [ADB] Device API level: 24
2018-04-09 09:44:00:536 - info: [debug] [ADB] Getting connected devices...
2018-04-09 09:44:00:668 - info: [debug] [ADB] 1 device(s) connected
2018-04-09 09:44:00:668 - info: [debug] [ADB] Running 'D:\sdk\platform-tools\adb.exe' with args: ["-P",5037,"-s","K4Q6T16713001686","shell","dumpsys","package","io.appium.settings"]
2018-04-09 09:44:00:821 - info: [debug] [ADB] Getting connected devices...
2018-04-09 09:44:00:968 - info: [debug] [ADB] 1 device(s) connected
2018-04-09 09:44:00:968 - info: [debug] [ADB] Running 'D:\sdk\platform-tools\adb.exe' with args: ["-P",5037,"-s","K4Q6T16713001686","shell","pm","dump","io.appium.settings"]
2018-04-09 09:44:02:338 - info: [debug] [ADB] Got the following command chunks to execute: pm,grant,io.appium.settings,android.permission.WRITE_SETTINGS,;,pm,grant,io.appium.settings,android.permission.ACCESS_MOCK_LOCATION,;
2018-04-09 09:44:02:338 - info: [debug] [ADB] Getting connected devices...
2018-04-09 09:44:02:436 - info: [debug] [ADB] 1 device(s) connected
2018-04-09 09:44:02:436 - info: [debug] [ADB] Running 'D:\sdk\platform-tools\adb.exe' with args: ["-P",5037,"-s","K4Q6T16713001686","shell","pm","grant","io.appium.settings","android.permission.WRITE_SETTINGS",";","pm","grant","io.appium.settings","android.permission.ACCESS_MOCK_LOCATION",";"]
2018-04-09 09:44:03:946 - info: [debug] [ADB] Getting connected devices...
2018-04-09 09:44:04:082 - info: [debug] [ADB] 1 device(s) connected
2018-04-09 09:44:04:083 - info: [debug] [ADB] Running 'D:\sdk\platform-tools\adb.exe' with args: ["-P",5037,"-s","K4Q6T16713001686","shell","ps"]
2018-04-09 09:44:04:361 - info: [debug] [ADB] Device API level: 24
2018-04-09 09:44:04:361 - info: [debug] [ADB] Getting connected devices...
2018-04-09 09:44:04:455 - info: [debug] [ADB] 1 device(s) connected
2018-04-09 09:44:04:467 - info: [debug] [ADB] Running 'D:\sdk\platform-tools\adb.exe' with args: ["-P",5037,"-s","K4Q6T16713001686","shell","am","start","-W","-n","io.appium.settings/.Settings","-a","android.intent.action.MAIN","-c","android.intent.category.LAUNCHER","-f","0x10200000"]
2018-04-09 09:44:05:758 - info: [debug] [ADB] Device API level: 24
2018-04-09 09:44:05:759 - info: [debug] [ADB] Getting connected devices...
2018-04-09 09:44:05:861 - info: [debug] [ADB] 1 device(s) connected
2018-04-09 09:44:05:861 - info: [debug] [ADB] Running 'D:\sdk\platform-tools\adb.exe' with args: ["-P",5037,"-s","K4Q6T16713001686","shell","appops","set","io.appium.settings","android:mock_location","allow"]
2018-04-09 09:44:05:995 - info: [debug] [AndroidDriver] Pushing unlock helper app to device...
2018-04-09 09:44:05:996 - info: [debug] [ADB] Getting install status for io.appium.unlock
2018-04-09 09:44:05:996 - info: [debug] [ADB] Getting connected devices...
2018-04-09 09:44:06:092 - info: [debug] [ADB] 1 device(s) connected
2018-04-09 09:44:06:093 - info: [debug] [ADB] Running 'D:\sdk\platform-tools\adb.exe' with args: ["-P",5037,"-s","K4Q6T16713001686","shell","pm","list","packages","io.appium.unlock"]
2018-04-09 09:44:06:916 - info: [debug] [ADB] App is installed
2018-04-09 09:44:06:916 - info: [debug] [ADB] Getting package info for io.appium.unlock
2018-04-09 09:44:06:917 - info: [debug] [ADB] Getting connected devices...
2018-04-09 09:44:07:048 - info: [debug] [ADB] 1 device(s) connected
2018-04-09 09:44:07:048 - info: [debug] [ADB] Running 'D:\sdk\platform-tools\adb.exe' with args: ["-P",5037,"-s","K4Q6T16713001686","shell","dumpsys","package","io.appium.unlock"]
2018-04-09 09:44:07:264 - info: [ADB] Checking whether aapt is present
2018-04-09 09:44:07:409 - info: [debug] [ADB] The installed 'io.appium.unlock' package does not require upgrade (2 >= 2)
2018-04-09 09:44:07:410 - info: [debug] [UiAutomator2] Forwarding UiAutomator2 Server port 6790 to 8200
2018-04-09 09:44:07:411 - info: [debug] [ADB] Forwarding system: 8200 to device: 6790
2018-04-09 09:44:07:411 - info: [debug] [ADB] Running 'D:\sdk\platform-tools\adb.exe' with args: ["-P",5037,"-s","K4Q6T16713001686","forward","tcp:8200","tcp:6790"]
2018-04-09 09:44:07:525 - info: [debug] [ADB] Getting connected devices...
2018-04-09 09:44:07:656 - info: [debug] [ADB] 1 device(s) connected
2018-04-09 09:44:07:656 - info: [debug] [ADB] Running 'D:\sdk\platform-tools\adb.exe' with args: ["-P",5037,"-s","K4Q6T16713001686","shell","dumpsys","window"]
2018-04-09 09:44:07:940 - info: [AndroidDriver] Screen already unlocked, doing nothing
2018-04-09 09:44:07:942 - info: [debug] [AndroidDriver] Extracting strings from apk ../apk/wdfp.apk null C:\Users\Myron.Guo\AppData\Local\Temp\com.elephant.myinvoice
2018-04-09 09:44:07:943 - info: [debug] [ADB] Extracting strings for language: default
2018-04-09 09:44:07:943 - info: [debug] [ADB] Device API level: 24
2018-04-09 09:44:07:944 - info: [debug] [ADB] Getting connected devices...
2018-04-09 09:44:08:146 - info: [debug] [ADB] 1 device(s) connected
2018-04-09 09:44:08:146 - info: [debug] [ADB] Running 'D:\sdk\platform-tools\adb.exe' with args: ["-P",5037,"-s","K4Q6T16713001686","shell","getprop","persist.sys.locale"]
2018-04-09 09:44:08:370 - info: [debug] [ADB] Current device property 'persist.sys.locale': zh-CN
2018-04-09 09:44:10:580 - info: [debug] [ADB] Reading strings from converted strings.json
2018-04-09 09:44:10:585 - info: [debug] [ADB] Running 'D:\sdk\platform-tools\adb.exe' with args: ["-P",5037,"-s","K4Q6T16713001686","push","C:\\Users\\Myron.Guo\\AppData\\Local\\Temp\\com.elephant.myinvoice\\strings.json","/data/local/tmp"]
2018-04-09 09:44:11:117 - info: [debug] [ADB] Checking app cert for ../apk/wdfp.apk
2018-04-09 09:44:11:122 - warn: [ADB] Cannot use apksigner tool for signature verification. Defaulting to verify.jar. Original error: Could not find apksigner.bat in D:\sdk\platform-tools\apksigner.bat,D:\sdk\emulator\apksigner.bat,D:\sdk\tools\apksigner.bat,D:\sdk\tools\bin\apksigner.bat,D:\sdk\build-tools\android-4.3\apksigner.bat, or supported build-tools under D:\sdk do you have the Android SDK installed at this location?
2018-04-09 09:44:13:074 - info: [debug] [ADB] '../apk/wdfp.apk' is already signed.
2018-04-09 09:44:13:684 - info: [AndroidDriver] Remote apk path is /data/local/tmp/b06fa2ebf8ccb1b1b6b2d93087a88da9.apk
2018-04-09 09:44:13:686 - info: [debug] [ADB] Getting connected devices...
2018-04-09 09:44:13:799 - info: [debug] [ADB] 1 device(s) connected
2018-04-09 09:44:13:800 - info: [debug] [ADB] Running 'D:\sdk\platform-tools\adb.exe' with args: ["-P",5037,"-s","K4Q6T16713001686","shell","ls","/data/local/tmp/b06fa2ebf8ccb1b1b6b2d93087a88da9.apk"]
2018-04-09 09:44:13:954 - info: [debug] [AndroidDriver] Checking if app is installed
2018-04-09 09:44:13:954 - info: [debug] [ADB] Getting install status for com.elephant.myinvoice
2018-04-09 09:44:13:955 - info: [debug] [ADB] Getting connected devices...
2018-04-09 09:44:14:106 - info: [debug] [ADB] 1 device(s) connected
2018-04-09 09:44:14:106 - info: [debug] [ADB] Running 'D:\sdk\platform-tools\adb.exe' with args: ["-P",5037,"-s","K4Q6T16713001686","shell","pm","list","packages","com.elephant.myinvoice"]
2018-04-09 09:44:14:858 - info: [debug] [ADB] App is not installed
2018-04-09 09:44:14:859 - info: [AndroidDriver] Apk is not yet installed
2018-04-09 09:44:14:859 - info: [AndroidDriver] installing apk from remote
2018-04-09 09:44:14:860 - info: [debug] [ADB] Getting connected devices...
2018-04-09 09:44:15:022 - info: [debug] [ADB] 1 device(s) connected
2018-04-09 09:44:15:022 - info: [debug] [ADB] Running 'D:\sdk\platform-tools\adb.exe' with args: ["-P",5037,"-s","K4Q6T16713001686","shell","mkdir","-p","/data/local/tmp"]
2018-04-09 09:44:15:165 - info: [AndroidDriver] Clearing out any existing remote apks with the same hash
2018-04-09 09:44:15:166 - info: [debug] [AndroidDriver] Removing any old apks
2018-04-09 09:44:15:167 - info: [debug] [AndroidDriver] Except ["b06fa2ebf8ccb1b1b6b2d93087a88da9"]
2018-04-09 09:44:15:167 - info: [debug] [ADB] Getting connected devices...
2018-04-09 09:44:15:341 - info: [debug] [ADB] 1 device(s) connected
2018-04-09 09:44:15:341 - info: [debug] [ADB] Running 'D:\sdk\platform-tools\adb.exe' with args: ["-P",5037,"-s","K4Q6T16713001686","shell","ls","/data/local/tmp/*.apk"]
2018-04-09 09:44:15:486 - info: [debug] [ADB] Uninstalling com.elephant.myinvoice
2018-04-09 09:44:15:487 - info: [debug] [ADB] Getting install status for com.elephant.myinvoice
2018-04-09 09:44:15:488 - info: [debug] [ADB] Getting connected devices...
2018-04-09 09:44:15:601 - info: [debug] [ADB] 1 device(s) connected
2018-04-09 09:44:15:601 - info: [debug] [ADB] Running 'D:\sdk\platform-tools\adb.exe' with args: ["-P",5037,"-s","K4Q6T16713001686","shell","pm","list","packages","com.elephant.myinvoice"]
2018-04-09 09:44:16:347 - info: [debug] [ADB] App is not installed
2018-04-09 09:44:16:347 - info: [ADB] com.elephant.myinvoice was not uninstalled, because it was not present on the device
2018-04-09 09:44:16:348 - info: [debug] [ADB] Getting connected devices...
2018-04-09 09:44:16:468 - info: [debug] [ADB] 1 device(s) connected
2018-04-09 09:44:16:468 - info: [debug] [ADB] Running 'D:\sdk\platform-tools\adb.exe' with args: ["-P",5037,"-s","K4Q6T16713001686","shell","pm","install","-r","/data/local/tmp/b06fa2ebf8ccb1b1b6b2d93087a88da9.apk"]
2018-04-09 09:44:21:471 - info: [debug] [ADB] Getting connected devices...
2018-04-09 09:44:21:685 - info: [debug] [ADB] 1 device(s) connected
2018-04-09 09:44:21:690 - info: [debug] [ADB] Running 'D:\sdk\platform-tools\adb.exe' with args: ["-P",5037,"-s","K4Q6T16713001686","shell","am","force-stop","io.appium.uiautomator2.server"]
2018-04-09 09:44:22:858 - info: [UiAutomator2] Starting uiautomator2 server v0.3.0
2018-04-09 09:44:22:861 - info: [UiAutomator2] Running command: 'adb -s K4Q6T16713001686 shell am instrument -w io.appium.uiautomator2.server.test/android.support.test.runner.AndroidJUnitRunner'
2018-04-09 09:44:22:864 - info: [UiAutomator2] Waiting up to 20000ms for UiAutomator2 to be online...
2018-04-09 09:44:22:866 - info: [debug] [JSONWP Proxy] Proxying [GET /status] to [GET http://localhost:8200/wd/hub/status] with no body
2018-04-09 09:44:23:913 - info: [debug] [JSONWP Proxy] Proxying [GET /status] to [GET http://localhost:8200/wd/hub/status] with no body
2018-04-09 09:44:24:925 - info: [debug] [JSONWP Proxy] Proxying [GET /status] to [GET http://localhost:8200/wd/hub/status] with no body
2018-04-09 09:44:25:932 - info: [debug] [JSONWP Proxy] Proxying [GET /status] to [GET http://localhost:8200/wd/hub/status] with no body
2018-04-09 09:44:26:948 - info: [debug] [JSONWP Proxy] Proxying [GET /status] to [GET http://localhost:8200/wd/hub/status] with no body
2018-04-09 09:44:26:974 - info: [debug] [JSONWP Proxy] Got response with status 200: "{\"sessionId\":\"SESSIONID\",\"status\":0,\"value\":\"Status Invoked\"}"
2018-04-09 09:44:26:975 - info: [debug] [JSONWP Proxy] Proxying [POST /session] to [POST http://localhost:8200/wd/hub/session] with body: {"desiredCapabilities":{"platform":"LINUX","webStorageEnabled":false,"takesScreenshot":true,"javascriptEnabled":true,"databaseEnabled":false,"networkConnectionEnabled":true,"locationContextEnabled":false,"warnings":{},"desired":{"deviceName":"K4Q6T16713001686","unicodeKeyboard":true,"automationName":"uiautomator2","resetKeyboard":true,"platformName":"Android","app":"../apk/wdfp.apk","udid":"K4Q6T16713001686","noReset":true},"deviceName":"K4Q6T16713001686","unicodeKeyboard":true,"automationName":"uiautomator2","resetKeyboard":true,"platformName":"Android","app":"../apk/wdfp.apk","udid":"K4Q6T16713001686","noReset":true,"deviceUDID":"K4Q6T16713001686","platformVersion":"7.0","deviceScreenSize":"1080x1920","deviceScreenDensity":480,"deviceModel":"NEM-AL10","deviceManufacturer":"HUAWEI","appPackage":"com.elephant.myinvoice"}}
2018-04-09 09:44:26:988 - info: [debug] [JSONWP Proxy] Got response with status 200: {"sessionId":"dab66eed-868d-4358-8838-644eb9d2855e","status":0,"value":"Created Session"}
2018-04-09 09:44:26:989 - info: [UiAutomator2] UiAutomator2 did not start the activity we were waiting for, 'com.elephant.myinvoice/com.elephant.myinvoice.MainActivity'. Starting it ourselves
2018-04-09 09:44:26:990 - info: [debug] [ADB] Device API level: 24
2018-04-09 09:44:26:990 - info: [debug] [ADB] Getting connected devices...
2018-04-09 09:44:27:235 - info: [debug] [ADB] 1 device(s) connected
2018-04-09 09:44:27:236 - info: [debug] [ADB] Running 'D:\sdk\platform-tools\adb.exe' with args: ["-P",5037,"-s","K4Q6T16713001686","shell","am","start","-W","-n","com.elephant.myinvoice/com.elephant.myinvoice.MainActivity","-S","-a","android.intent.action.MAIN","-c","android.intent.category.LAUNCHER","-f","0x10200000"]
2018-04-09 09:44:30:242 - info: [debug] [ADB] Waiting up to 20000ms for activity matching pkg: 'com.elephant.myinvoice' and activity: 'com.elephant.myinvoice.MainActivity' to be focused
2018-04-09 09:44:30:243 - info: [debug] [ADB] Possible activities, to be checked: 'com.elephant.myinvoice.MainActivity'
2018-04-09 09:44:30:245 - info: [debug] [ADB] Getting focused package and activity
2018-04-09 09:44:30:245 - info: [debug] [ADB] Getting connected devices...
2018-04-09 09:44:30:348 - info: [debug] [ADB] 1 device(s) connected
2018-04-09 09:44:30:350 - info: [debug] [ADB] Running 'D:\sdk\platform-tools\adb.exe' with args: ["-P",5037,"-s","K4Q6T16713001686","shell","dumpsys","window","windows"]
2018-04-09 09:44:30:617 - info: [debug] [ADB] Found package: 'com.elephant.myinvoice' and fully qualified activity name : 'com.elephant.myinvoice.MainActivity'
2018-04-09 09:44:30:618 - info: [Appium] New AndroidUiautomator2Driver session created successfully, session b5cb7ce4-22fb-41f9-99de-fa8b81297c43 added to master session list
2018-04-09 09:44:30:619 - info: [debug] [BaseDriver] Event 'newSessionStarted' logged at 1523267070619 (17:44:30 GMT+0800 (China Standard Time))
2018-04-09 09:44:30:620 - info: [debug] [MJSONWP] Responding to client with driver.createSession() result: {"deviceName":"K4Q6T16713001686","unicodeKeyboard":true,"automationName":"uiautomator2","resetKeyboard":true,"platformName":"Android","app":"../apk/wdfp.apk","udid":"K4Q6T16713001686","noReset":true}
2018-04-09 09:44:30:625 - info: [HTTP] <-- POST /wd/hub/session 200 52596 ms - 271 
2018-04-09 09:44:32:644 - info: [HTTP] --> GET /wd/hub/session/b5cb7ce4-22fb-41f9-99de-fa8b81297c43/window/current/size {}
2018-04-09 09:44:32:647 - info: [MJSONWP] Driver proxy active, passing request on via HTTP proxy
2018-04-09 09:44:32:650 - info: [debug] [JSONWP Proxy] Proxying [GET /wd/hub/session/b5cb7ce4-22fb-41f9-99de-fa8b81297c43/window/current/size] to [GET http://localhost:8200/wd/hub/session/dab66eed-868d-4358-8838-644eb9d2855e/window/current/size] with body: {}
2018-04-09 09:44:32:688 - info: [debug] [JSONWP Proxy] Got response with status 200: "{\"sessionId\":\"dab66eed-868d-4358-8838-644eb9d2855e\",\"status\":0,\"value\":{\"height\":1812,\"width\":1080}}"
2018-04-09 09:44:32:688 - info: [JSONWP Proxy] Replacing sessionId dab66eed-868d-4358-8838-644eb9d2855e with b5cb7ce4-22fb-41f9-99de-fa8b81297c43
2018-04-09 09:44:32:690 - info: [HTTP] <-- GET /wd/hub/session/b5cb7ce4-22fb-41f9-99de-fa8b81297c43/window/current/size 200 46 ms - 100 
2018-04-09 09:44:32:694 - info: [HTTP] --> GET /wd/hub/session/b5cb7ce4-22fb-41f9-99de-fa8b81297c43/window/current/size {}
2018-04-09 09:44:32:694 - info: [MJSONWP] Driver proxy active, passing request on via HTTP proxy
2018-04-09 09:44:32:695 - info: [debug] [JSONWP Proxy] Proxying [GET /wd/hub/session/b5cb7ce4-22fb-41f9-99de-fa8b81297c43/window/current/size] to [GET http://localhost:8200/wd/hub/session/dab66eed-868d-4358-8838-644eb9d2855e/window/current/size] with body: {}
2018-04-09 09:44:32:712 - info: [debug] [JSONWP Proxy] Got response with status 200: "{\"sessionId\":\"dab66eed-868d-4358-8838-644eb9d2855e\",\"status\":0,\"value\":{\"height\":1812,\"width\":1080}}"
2018-04-09 09:44:32:713 - info: [JSONWP Proxy] Replacing sessionId dab66eed-868d-4358-8838-644eb9d2855e with b5cb7ce4-22fb-41f9-99de-fa8b81297c43
2018-04-09 09:44:32:714 - info: [HTTP] <-- GET /wd/hub/session/b5cb7ce4-22fb-41f9-99de-fa8b81297c43/window/current/size 200 20 ms - 100 
2018-04-09 09:44:32:720 - info: [HTTP] --> POST /wd/hub/session/b5cb7ce4-22fb-41f9-99de-fa8b81297c43/touch/perform {"sessionId":"b5cb7ce4-22fb-41f9-99de-fa8b81297c43","actions":[{"action":"press","options":{"y":1629,"x":540}},{"action":"wait","options":{"ms":2000}},{"action":"moveTo","options":{"y":181,"x":540}},{"action":"release","options":{}}]}
2018-04-09 09:44:32:726 - info: [debug] [MJSONWP] Calling AppiumDriver.performTouch() with args: [[{"action":"press","options":{"y":1629,"x":540}},{"action":"wait","options":{"ms":2000}},{"action":"moveTo","options":{"y":181,"x":540}},{"action":"release","options":{}}],"b5cb7ce4-22fb-41f9-99de-fa8b81297c43"]
2018-04-09 09:44:32:730 - info: [debug] [JSONWP Proxy] Proxying [POST /touch/perform] to [POST http://localhost:8200/wd/hub/session/dab66eed-868d-4358-8838-644eb9d2855e/touch/perform] with body: {"startX":540,"startY":1629,"endX":540,"endY":181,"steps":56}
2018-04-09 09:44:33:789 - info: [debug] [JSONWP Proxy] Got response with status 200: {"sessionId":"dab66eed-868d-4358-8838-644eb9d2855e","status":0,"value":true}
2018-04-09 09:44:33:790 - info: [debug] [MJSONWP] Responding to client with driver.performTouch() result: true
2018-04-09 09:44:33:792 - info: [HTTP] <-- POST /wd/hub/session/b5cb7ce4-22fb-41f9-99de-fa8b81297c43/touch/perform 200 1071 ms - 76 
2018-04-09 09:44:34:795 - info: [HTTP] --> GET /wd/hub/session/b5cb7ce4-22fb-41f9-99de-fa8b81297c43/window/current/size {}
2018-04-09 09:44:34:796 - info: [MJSONWP] Driver proxy active, passing request on via HTTP proxy
2018-04-09 09:44:34:796 - info: [debug] [JSONWP Proxy] Proxying [GET /wd/hub/session/b5cb7ce4-22fb-41f9-99de-fa8b81297c43/window/current/size] to [GET http://localhost:8200/wd/hub/session/dab66eed-868d-4358-8838-644eb9d2855e/window/current/size] with body: {}
2018-04-09 09:44:34:819 - info: [debug] [JSONWP Proxy] Got response with status 200: "{\"sessionId\":\"dab66eed-868d-4358-8838-644eb9d2855e\",\"status\":0,\"value\":{\"height\":1812,\"width\":1080}}"
2018-04-09 09:44:34:820 - info: [JSONWP Proxy] Replacing sessionId dab66eed-868d-4358-8838-644eb9d2855e with b5cb7ce4-22fb-41f9-99de-fa8b81297c43
2018-04-09 09:44:34:821 - info: [HTTP] <-- GET /wd/hub/session/b5cb7ce4-22fb-41f9-99de-fa8b81297c43/window/current/size 200 26 ms - 100 
2018-04-09 09:44:34:825 - info: [HTTP] --> GET /wd/hub/session/b5cb7ce4-22fb-41f9-99de-fa8b81297c43/window/current/size {}
2018-04-09 09:44:34:827 - info: [MJSONWP] Driver proxy active, passing request on via HTTP proxy
2018-04-09 09:44:34:828 - info: [debug] [JSONWP Proxy] Proxying [GET /wd/hub/session/b5cb7ce4-22fb-41f9-99de-fa8b81297c43/window/current/size] to [GET http://localhost:8200/wd/hub/session/dab66eed-868d-4358-8838-644eb9d2855e/window/current/size] with body: {}
2018-04-09 09:44:34:853 - info: [debug] [JSONWP Proxy] Got response with status 200: "{\"sessionId\":\"dab66eed-868d-4358-8838-644eb9d2855e\",\"status\":0,\"value\":{\"height\":1812,\"width\":1080}}"
2018-04-09 09:44:34:853 - info: [JSONWP Proxy] Replacing sessionId dab66eed-868d-4358-8838-644eb9d2855e with b5cb7ce4-22fb-41f9-99de-fa8b81297c43
2018-04-09 09:44:34:854 - info: [HTTP] <-- GET /wd/hub/session/b5cb7ce4-22fb-41f9-99de-fa8b81297c43/window/current/size 200 29 ms - 100 
2018-04-09 09:44:34:857 - info: [HTTP] --> POST /wd/hub/session/b5cb7ce4-22fb-41f9-99de-fa8b81297c43/touch/perform {"sessionId":"b5cb7ce4-22fb-41f9-99de-fa8b81297c43","actions":[{"action":"press","options":{"y":906,"x":972}},{"action":"wait","options":{"ms":1000}},{"action":"moveTo","options":{"y":906,"x":108}},{"action":"release","options":{}}]}
2018-04-09 09:44:34:858 - info: [debug] [MJSONWP] Calling AppiumDriver.performTouch() with args: [[{"action":"press","options":{"y":906,"x":972}},{"action":"wait","options":{"ms":1000}},{"action":"moveTo","options":{"y":906,"x":108}},{"action":"release","options":{}}],"b5cb7ce4-22fb-41f9-99de-fa8b81297c43"]
2018-04-09 09:44:34:861 - info: [debug] [JSONWP Proxy] Proxying [POST /touch/perform] to [POST http://localhost:8200/wd/hub/session/dab66eed-868d-4358-8838-644eb9d2855e/touch/perform] with body: {"startX":972,"startY":906,"endX":108,"endY":906,"steps":28}
2018-04-09 09:44:35:342 - info: [debug] [JSONWP Proxy] Got response with status 200: {"sessionId":"dab66eed-868d-4358-8838-644eb9d2855e","status":0,"value":true}
2018-04-09 09:44:35:343 - info: [debug] [MJSONWP] Responding to client with driver.performTouch() result: true
2018-04-09 09:44:35:344 - info: [HTTP] <-- POST /wd/hub/session/b5cb7ce4-22fb-41f9-99de-fa8b81297c43/touch/perform 200 486 ms - 76 
2018-04-09 09:44:36:346 - info: [HTTP] --> GET /wd/hub/session/b5cb7ce4-22fb-41f9-99de-fa8b81297c43/window/current/size {}
2018-04-09 09:44:36:347 - info: [MJSONWP] Driver proxy active, passing request on via HTTP proxy
2018-04-09 09:44:36:349 - info: [debug] [JSONWP Proxy] Proxying [GET /wd/hub/session/b5cb7ce4-22fb-41f9-99de-fa8b81297c43/window/current/size] to [GET http://localhost:8200/wd/hub/session/dab66eed-868d-4358-8838-644eb9d2855e/window/current/size] with body: {}
2018-04-09 09:44:36:370 - info: [debug] [JSONWP Proxy] Got response with status 200: "{\"sessionId\":\"dab66eed-868d-4358-8838-644eb9d2855e\",\"status\":0,\"value\":{\"height\":1812,\"width\":1080}}"
2018-04-09 09:44:36:371 - info: [JSONWP Proxy] Replacing sessionId dab66eed-868d-4358-8838-644eb9d2855e with b5cb7ce4-22fb-41f9-99de-fa8b81297c43
2018-04-09 09:44:36:371 - info: [HTTP] <-- GET /wd/hub/session/b5cb7ce4-22fb-41f9-99de-fa8b81297c43/window/current/size 200 25 ms - 100 
2018-04-09 09:44:36:376 - info: [HTTP] --> GET /wd/hub/session/b5cb7ce4-22fb-41f9-99de-fa8b81297c43/window/current/size {}
2018-04-09 09:44:36:377 - info: [MJSONWP] Driver proxy active, passing request on via HTTP proxy
2018-04-09 09:44:36:377 - info: [debug] [JSONWP Proxy] Proxying [GET /wd/hub/session/b5cb7ce4-22fb-41f9-99de-fa8b81297c43/window/current/size] to [GET http://localhost:8200/wd/hub/session/dab66eed-868d-4358-8838-644eb9d2855e/window/current/size] with body: {}
2018-04-09 09:44:36:398 - info: [debug] [JSONWP Proxy] Got response with status 200: "{\"sessionId\":\"dab66eed-868d-4358-8838-644eb9d2855e\",\"status\":0,\"value\":{\"height\":1812,\"width\":1080}}"
2018-04-09 09:44:36:398 - info: [JSONWP Proxy] Replacing sessionId dab66eed-868d-4358-8838-644eb9d2855e with b5cb7ce4-22fb-41f9-99de-fa8b81297c43
2018-04-09 09:44:36:399 - info: [HTTP] <-- GET /wd/hub/session/b5cb7ce4-22fb-41f9-99de-fa8b81297c43/window/current/size 200 23 ms - 100 
2018-04-09 09:44:36:402 - info: [HTTP] --> POST /wd/hub/session/b5cb7ce4-22fb-41f9-99de-fa8b81297c43/touch/perform {"sessionId":"b5cb7ce4-22fb-41f9-99de-fa8b81297c43","actions":[{"action":"press","options":{"y":906,"x":972}},{"action":"wait","options":{"ms":1000}},{"action":"moveTo","options":{"y":906,"x":108}},{"action":"release","options":{}}]}
2018-04-09 09:44:36:403 - info: [debug] [MJSONWP] Calling AppiumDriver.performTouch() with args: [[{"action":"press","options":{"y":906,"x":972}},{"action":"wait","options":{"ms":1000}},{"action":"moveTo","options":{"y":906,"x":108}},{"action":"release","options":{}}],"b5cb7ce4-22fb-41f9-99de-fa8b81297c43"]
2018-04-09 09:44:36:406 - info: [debug] [JSONWP Proxy] Proxying [POST /touch/perform] to [POST http://localhost:8200/wd/hub/session/dab66eed-868d-4358-8838-644eb9d2855e/touch/perform] with body: {"startX":972,"startY":906,"endX":108,"endY":906,"steps":28}
2018-04-09 09:44:36:879 - info: [debug] [JSONWP Proxy] Got response with status 200: {"sessionId":"dab66eed-868d-4358-8838-644eb9d2855e","status":0,"value":true}
2018-04-09 09:44:36:880 - info: [debug] [MJSONWP] Responding to client with driver.performTouch() result: true
2018-04-09 09:44:36:881 - info: [HTTP] <-- POST /wd/hub/session/b5cb7ce4-22fb-41f9-99de-fa8b81297c43/touch/perform 200 478 ms - 76 
2018-04-09 09:44:37:884 - info: [HTTP] --> GET /wd/hub/session/b5cb7ce4-22fb-41f9-99de-fa8b81297c43/window/current/size {}
2018-04-09 09:44:37:884 - info: [MJSONWP] Driver proxy active, passing request on via HTTP proxy
2018-04-09 09:44:37:885 - info: [debug] [JSONWP Proxy] Proxying [GET /wd/hub/session/b5cb7ce4-22fb-41f9-99de-fa8b81297c43/window/current/size] to [GET http://localhost:8200/wd/hub/session/dab66eed-868d-4358-8838-644eb9d2855e/window/current/size] with body: {}
2018-04-09 09:44:37:902 - info: [debug] [JSONWP Proxy] Got response with status 200: "{\"sessionId\":\"dab66eed-868d-4358-8838-644eb9d2855e\",\"status\":0,\"value\":{\"height\":1812,\"width\":1080}}"
2018-04-09 09:44:37:903 - info: [JSONWP Proxy] Replacing sessionId dab66eed-868d-4358-8838-644eb9d2855e with b5cb7ce4-22fb-41f9-99de-fa8b81297c43
2018-04-09 09:44:37:904 - info: [HTTP] <-- GET /wd/hub/session/b5cb7ce4-22fb-41f9-99de-fa8b81297c43/window/current/size 200 20 ms - 100 
2018-04-09 09:44:37:908 - info: [HTTP] --> GET /wd/hub/session/b5cb7ce4-22fb-41f9-99de-fa8b81297c43/window/current/size {}
2018-04-09 09:44:37:908 - info: [MJSONWP] Driver proxy active, passing request on via HTTP proxy
2018-04-09 09:44:37:909 - info: [debug] [JSONWP Proxy] Proxying [GET /wd/hub/session/b5cb7ce4-22fb-41f9-99de-fa8b81297c43/window/current/size] to [GET http://localhost:8200/wd/hub/session/dab66eed-868d-4358-8838-644eb9d2855e/window/current/size] with body: {}
2018-04-09 09:44:37:927 - info: [debug] [JSONWP Proxy] Got response with status 200: "{\"sessionId\":\"dab66eed-868d-4358-8838-644eb9d2855e\",\"status\":0,\"value\":{\"height\":1812,\"width\":1080}}"
2018-04-09 09:44:37:927 - info: [JSONWP Proxy] Replacing sessionId dab66eed-868d-4358-8838-644eb9d2855e with b5cb7ce4-22fb-41f9-99de-fa8b81297c43
2018-04-09 09:44:37:928 - info: [HTTP] <-- GET /wd/hub/session/b5cb7ce4-22fb-41f9-99de-fa8b81297c43/window/current/size 200 20 ms - 100 
2018-04-09 09:44:37:931 - info: [HTTP] --> POST /wd/hub/session/b5cb7ce4-22fb-41f9-99de-fa8b81297c43/touch/perform {"sessionId":"b5cb7ce4-22fb-41f9-99de-fa8b81297c43","actions":[{"action":"press","options":{"y":906,"x":972}},{"action":"wait","options":{"ms":1000}},{"action":"moveTo","options":{"y":906,"x":108}},{"action":"release","options":{}}]}
2018-04-09 09:44:37:932 - info: [debug] [MJSONWP] Calling AppiumDriver.performTouch() with args: [[{"action":"press","options":{"y":906,"x":972}},{"action":"wait","options":{"ms":1000}},{"action":"moveTo","options":{"y":906,"x":108}},{"action":"release","options":{}}],"b5cb7ce4-22fb-41f9-99de-fa8b81297c43"]
2018-04-09 09:44:37:934 - info: [debug] [JSONWP Proxy] Proxying [POST /touch/perform] to [POST http://localhost:8200/wd/hub/session/dab66eed-868d-4358-8838-644eb9d2855e/touch/perform] with body: {"startX":972,"startY":906,"endX":108,"endY":906,"steps":28}
2018-04-09 09:44:38:412 - info: [debug] [JSONWP Proxy] Got response with status 200: {"sessionId":"dab66eed-868d-4358-8838-644eb9d2855e","status":0,"value":true}
2018-04-09 09:44:38:413 - info: [debug] [MJSONWP] Responding to client with driver.performTouch() result: true
2018-04-09 09:44:38:414 - info: [HTTP] <-- POST /wd/hub/session/b5cb7ce4-22fb-41f9-99de-fa8b81297c43/touch/perform 200 483 ms - 76 
2018-04-09 09:44:39:417 - info: [HTTP] --> GET /wd/hub/session/b5cb7ce4-22fb-41f9-99de-fa8b81297c43/window/current/size {}
2018-04-09 09:44:39:418 - info: [MJSONWP] Driver proxy active, passing request on via HTTP proxy
2018-04-09 09:44:39:418 - info: [debug] [JSONWP Proxy] Proxying [GET /wd/hub/session/b5cb7ce4-22fb-41f9-99de-fa8b81297c43/window/current/size] to [GET http://localhost:8200/wd/hub/session/dab66eed-868d-4358-8838-644eb9d2855e/window/current/size] with body: {}
2018-04-09 09:44:39:437 - info: [debug] [JSONWP Proxy] Got response with status 200: "{\"sessionId\":\"dab66eed-868d-4358-8838-644eb9d2855e\",\"status\":0,\"value\":{\"height\":1812,\"width\":1080}}"
2018-04-09 09:44:39:438 - info: [JSONWP Proxy] Replacing sessionId dab66eed-868d-4358-8838-644eb9d2855e with b5cb7ce4-22fb-41f9-99de-fa8b81297c43
2018-04-09 09:44:39:439 - info: [HTTP] <-- GET /wd/hub/session/b5cb7ce4-22fb-41f9-99de-fa8b81297c43/window/current/size 200 22 ms - 100 
2018-04-09 09:44:39:442 - info: [HTTP] --> GET /wd/hub/session/b5cb7ce4-22fb-41f9-99de-fa8b81297c43/window/current/size {}
2018-04-09 09:44:39:443 - info: [MJSONWP] Driver proxy active, passing request on via HTTP proxy
2018-04-09 09:44:39:444 - info: [debug] [JSONWP Proxy] Proxying [GET /wd/hub/session/b5cb7ce4-22fb-41f9-99de-fa8b81297c43/window/current/size] to [GET http://localhost:8200/wd/hub/session/dab66eed-868d-4358-8838-644eb9d2855e/window/current/size] with body: {}
2018-04-09 09:44:39:466 - info: [debug] [JSONWP Proxy] Got response with status 200: "{\"sessionId\":\"dab66eed-868d-4358-8838-644eb9d2855e\",\"status\":0,\"value\":{\"height\":1812,\"width\":1080}}"
2018-04-09 09:44:39:466 - info: [JSONWP Proxy] Replacing sessionId dab66eed-868d-4358-8838-644eb9d2855e with b5cb7ce4-22fb-41f9-99de-fa8b81297c43
2018-04-09 09:44:39:467 - info: [HTTP] <-- GET /wd/hub/session/b5cb7ce4-22fb-41f9-99de-fa8b81297c43/window/current/size 200 24 ms - 100 
2018-04-09 09:44:39:470 - info: [HTTP] --> POST /wd/hub/session/b5cb7ce4-22fb-41f9-99de-fa8b81297c43/touch/perform {"sessionId":"b5cb7ce4-22fb-41f9-99de-fa8b81297c43","actions":[{"action":"press","options":{"y":906,"x":972}},{"action":"wait","options":{"ms":1000}},{"action":"moveTo","options":{"y":906,"x":108}},{"action":"release","options":{}}]}
2018-04-09 09:44:39:470 - info: [debug] [MJSONWP] Calling AppiumDriver.performTouch() with args: [[{"action":"press","options":{"y":906,"x":972}},{"action":"wait","options":{"ms":1000}},{"action":"moveTo","options":{"y":906,"x":108}},{"action":"release","options":{}}],"b5cb7ce4-22fb-41f9-99de-fa8b81297c43"]
2018-04-09 09:44:39:472 - info: [debug] [JSONWP Proxy] Proxying [POST /touch/perform] to [POST http://localhost:8200/wd/hub/session/dab66eed-868d-4358-8838-644eb9d2855e/touch/perform] with body: {"startX":972,"startY":906,"endX":108,"endY":906,"steps":28}
2018-04-09 09:44:39:942 - info: [debug] [JSONWP Proxy] Got response with status 200: {"sessionId":"dab66eed-868d-4358-8838-644eb9d2855e","status":0,"value":true}
2018-04-09 09:44:39:943 - info: [debug] [MJSONWP] Responding to client with driver.performTouch() result: true
2018-04-09 09:44:39:944 - info: [HTTP] <-- POST /wd/hub/session/b5cb7ce4-22fb-41f9-99de-fa8b81297c43/touch/perform 200 474 ms - 76 
2018-04-09 09:44:39:949 - info: [HTTP] --> POST /wd/hub/session/b5cb7ce4-22fb-41f9-99de-fa8b81297c43/element {"using":"class name","sessionId":"b5cb7ce4-22fb-41f9-99de-fa8b81297c43","value":"android.widget.ImageView"}
2018-04-09 09:44:39:950 - info: [debug] [MJSONWP] Calling AppiumDriver.findElement() with args: ["class name","android.widget.ImageView","b5cb7ce4-22fb-41f9-99de-fa8b81297c43"]
2018-04-09 09:44:39:951 - info: [debug] [BaseDriver] Valid locator strategies for this request: xpath, id, class name, accessibility id, -android uiautomator
2018-04-09 09:44:39:952 - info: [debug] [BaseDriver] Valid locator strategies for this request: xpath, id, class name, accessibility id, -android uiautomator
2018-04-09 09:44:39:953 - info: [debug] [BaseDriver] Waiting up to 0 ms for condition
2018-04-09 09:44:39:955 - info: [debug] [JSONWP Proxy] Proxying [POST /element] to [POST http://localhost:8200/wd/hub/session/dab66eed-868d-4358-8838-644eb9d2855e/element] with body: {"strategy":"class name","selector":"android.widget.ImageView","context":"","multiple":false}
2018-04-09 09:44:40:736 - info: [debug] [JSONWP Proxy] Got response with status 200: {"sessionId":"dab66eed-868d-4358-8838-644eb9d2855e","status":0,"value":{"ELEMENT":"ca79f083-c27c-4a2a-b8c7-ad7c4d29aa20"}}
2018-04-09 09:44:40:737 - info: [debug] [MJSONWP] Responding to client with driver.findElement() result: {"ELEMENT":"ca79f083-c27c-4a2a-b8c7-ad7c4d29aa20"}
2018-04-09 09:44:40:738 - info: [HTTP] <-- POST /wd/hub/session/b5cb7ce4-22fb-41f9-99de-fa8b81297c43/element 200 789 ms - 122 
2018-04-09 09:44:40:742 - info: [HTTP] --> POST /wd/hub/session/b5cb7ce4-22fb-41f9-99de-fa8b81297c43/element/ca79f083-c27c-4a2a-b8c7-ad7c4d29aa20/click {"sessionId":"b5cb7ce4-22fb-41f9-99de-fa8b81297c43","id":"ca79f083-c27c-4a2a-b8c7-ad7c4d29aa20"}
2018-04-09 09:44:40:743 - info: [debug] [MJSONWP] Calling AppiumDriver.click() with args: ["ca79f083-c27c-4a2a-b8c7-ad7c4d29aa20","b5cb7ce4-22fb-41f9-99de-fa8b81297c43"]
2018-04-09 09:44:40:744 - info: [debug] [JSONWP Proxy] Proxying [POST /element/ca79f083-c27c-4a2a-b8c7-ad7c4d29aa20/click] to [POST http://localhost:8200/wd/hub/session/dab66eed-868d-4358-8838-644eb9d2855e/element/ca79f083-c27c-4a2a-b8c7-ad7c4d29aa20/click] with body: {"element":"ca79f083-c27c-4a2a-b8c7-ad7c4d29aa20"}
2018-04-09 09:44:40:793 - info: [debug] [JSONWP Proxy] Got response with status 200: {"sessionId":"dab66eed-868d-4358-8838-644eb9d2855e","status":0,"value":true}
2018-04-09 09:44:40:794 - info: [debug] [MJSONWP] Responding to client with driver.click() result: true
2018-04-09 09:44:40:795 - info: [HTTP] <-- POST /wd/hub/session/b5cb7ce4-22fb-41f9-99de-fa8b81297c43/element/ca79f083-c27c-4a2a-b8c7-ad7c4d29aa20/click 200 52 ms - 76 
2018-04-09 09:44:43:799 - info: [HTTP] --> POST /wd/hub/session/b5cb7ce4-22fb-41f9-99de-fa8b81297c43/elements {"using":"class name","sessionId":"b5cb7ce4-22fb-41f9-99de-fa8b81297c43","value":"android.widget.EditText"}
2018-04-09 09:44:43:799 - info: [debug] [MJSONWP] Calling AppiumDriver.findElements() with args: ["class name","android.widget.EditText","b5cb7ce4-22fb-41f9-99de-fa8b81297c43"]
2018-04-09 09:44:43:800 - info: [debug] [BaseDriver] Valid locator strategies for this request: xpath, id, class name, accessibility id, -android uiautomator
2018-04-09 09:44:43:801 - info: [debug] [BaseDriver] Valid locator strategies for this request: xpath, id, class name, accessibility id, -android uiautomator
2018-04-09 09:44:43:801 - info: [debug] [BaseDriver] Waiting up to 0 ms for condition
2018-04-09 09:44:43:801 - info: [debug] [JSONWP Proxy] Proxying [POST /elements] to [POST http://localhost:8200/wd/hub/session/dab66eed-868d-4358-8838-644eb9d2855e/elements] with body: {"strategy":"class name","selector":"android.widget.EditText","context":"","multiple":true}
2018-04-09 09:44:43:849 - info: [debug] [JSONWP Proxy] Got response with status 200: {"sessionId":"dab66eed-868d-4358-8838-644eb9d2855e","status":0,"value":[{"ELEMENT":"b2bcbd11-e573-4843-88fc-8ae52d692e69"},{"ELEMENT":"096ad479-94d4-44e6-9fb9-c03f0517fc5e"}]}
2018-04-09 09:44:43:850 - info: [debug] [MJSONWP] Responding to client with driver.findElements() result: [{"ELEMENT":"b2bcbd11-e573-4843-88fc-8ae52d692e69"},{"ELEMENT":"096ad479-94d4-44e6-9fb9-c03f0517fc5e"}]
2018-04-09 09:44:43:851 - info: [HTTP] <-- POST /wd/hub/session/b5cb7ce4-22fb-41f9-99de-fa8b81297c43/elements 200 52 ms - 175 
2018-04-09 09:44:43:854 - info: [HTTP] --> POST /wd/hub/session/b5cb7ce4-22fb-41f9-99de-fa8b81297c43/element/b2bcbd11-e573-4843-88fc-8ae52d692e69/value {"text":"18550903915","sessionId":"b5cb7ce4-22fb-41f9-99de-fa8b81297c43","id":"b2bcbd11-e573-4843-88fc-8ae52d692e69","value":["1","8","5","5","0","9","0","3","9","1","5"]}
2018-04-09 09:44:43:855 - info: [debug] [MJSONWP] Calling AppiumDriver.setValue() with args: [["1","8","5","5","0","9","0","3","9","1","5"],"b2bcbd11-e573-4843-88fc-8ae52d692e69","b5cb7ce4-22fb-41f9-99de-fa8b81297c43"]
2018-04-09 09:44:43:857 - info: [debug] [JSONWP Proxy] Proxying [POST /element/b2bcbd11-e573-4843-88fc-8ae52d692e69/value] to [POST http://localhost:8200/wd/hub/session/dab66eed-868d-4358-8838-644eb9d2855e/element/b2bcbd11-e573-4843-88fc-8ae52d692e69/value] with body: {"elementId":"b2bcbd11-e573-4843-88fc-8ae52d692e69","text":"18550903915","replace":false,"unicodeKeyboard":true}
2018-04-09 09:44:44:880 - info: [debug] [JSONWP Proxy] Got response with status 200: {"sessionId":"dab66eed-868d-4358-8838-644eb9d2855e","status":0,"value":""}
2018-04-09 09:44:44:881 - info: [debug] [MJSONWP] Responding to client with driver.setValue() result: ""
2018-04-09 09:44:44:882 - info: [HTTP] <-- POST /wd/hub/session/b5cb7ce4-22fb-41f9-99de-fa8b81297c43/element/b2bcbd11-e573-4843-88fc-8ae52d692e69/value 200 1026 ms - 74 
2018-04-09 09:44:44:887 - info: [HTTP] --> POST /wd/hub/session/b5cb7ce4-22fb-41f9-99de-fa8b81297c43/elements {"using":"class name","sessionId":"b5cb7ce4-22fb-41f9-99de-fa8b81297c43","value":"android.widget.EditText"}
2018-04-09 09:44:44:887 - info: [debug] [MJSONWP] Calling AppiumDriver.findElements() with args: ["class name","android.widget.EditText","b5cb7ce4-22fb-41f9-99de-fa8b81297c43"]
2018-04-09 09:44:44:888 - info: [debug] [BaseDriver] Valid locator strategies for this request: xpath, id, class name, accessibility id, -android uiautomator
2018-04-09 09:44:44:888 - info: [debug] [BaseDriver] Valid locator strategies for this request: xpath, id, class name, accessibility id, -android uiautomator
2018-04-09 09:44:44:888 - info: [debug] [BaseDriver] Waiting up to 0 ms for condition
2018-04-09 09:44:44:889 - info: [debug] [JSONWP Proxy] Proxying [POST /elements] to [POST http://localhost:8200/wd/hub/session/dab66eed-868d-4358-8838-644eb9d2855e/elements] with body: {"strategy":"class name","selector":"android.widget.EditText","context":"","multiple":true}
2018-04-09 09:44:45:394 - info: [debug] [JSONWP Proxy] Got response with status 200: {"sessionId":"dab66eed-868d-4358-8838-644eb9d2855e","status":0,"value":[{"ELEMENT":"3f615960-a74f-4d03-a194-01b2788352be"},{"ELEMENT":"4c012602-76cb-407a-9c99-8ce5ae177aa0"}]}
2018-04-09 09:44:45:395 - info: [debug] [MJSONWP] Responding to client with driver.findElements() result: [{"ELEMENT":"3f615960-a74f-4d03-a194-01b2788352be"},{"ELEMENT":"4c012602-76cb-407a-9c99-8ce5ae177aa0"}]
2018-04-09 09:44:45:396 - info: [HTTP] <-- POST /wd/hub/session/b5cb7ce4-22fb-41f9-99de-fa8b81297c43/elements 200 509 ms - 175 
2018-04-09 09:44:45:401 - info: [HTTP] --> POST /wd/hub/session/b5cb7ce4-22fb-41f9-99de-fa8b81297c43/element/4c012602-76cb-407a-9c99-8ce5ae177aa0/value {"text":"qwe123","sessionId":"b5cb7ce4-22fb-41f9-99de-fa8b81297c43","id":"4c012602-76cb-407a-9c99-8ce5ae177aa0","value":["q","w","e","1","2","3"]}
2018-04-09 09:44:45:401 - info: [debug] [MJSONWP] Calling AppiumDriver.setValue() with args: [["q","w","e","1","2","3"],"4c012602-76cb-407a-9c99-8ce5ae177aa0","b5cb7ce4-22fb-41f9-99de-fa8b81297c43"]
2018-04-09 09:44:45:402 - info: [debug] [JSONWP Proxy] Proxying [POST /element/4c012602-76cb-407a-9c99-8ce5ae177aa0/value] to [POST http://localhost:8200/wd/hub/session/dab66eed-868d-4358-8838-644eb9d2855e/element/4c012602-76cb-407a-9c99-8ce5ae177aa0/value] with body: {"elementId":"4c012602-76cb-407a-9c99-8ce5ae177aa0","text":"qwe123","replace":false,"unicodeKeyboard":true}
2018-04-09 09:44:45:973 - info: [debug] [JSONWP Proxy] Got response with status 200: {"sessionId":"dab66eed-868d-4358-8838-644eb9d2855e","status":0,"value":""}
2018-04-09 09:44:45:974 - info: [debug] [MJSONWP] Responding to client with driver.setValue() result: ""
2018-04-09 09:44:45:975 - info: [HTTP] <-- POST /wd/hub/session/b5cb7ce4-22fb-41f9-99de-fa8b81297c43/element/4c012602-76cb-407a-9c99-8ce5ae177aa0/value 200 575 ms - 74 
2018-04-09 09:44:45:980 - info: [HTTP] --> POST /wd/hub/session/b5cb7ce4-22fb-41f9-99de-fa8b81297c43/element {"using":"-android uiautomator","sessionId":"b5cb7ce4-22fb-41f9-99de-fa8b81297c43","value":"new UiSelector().text(\"\")"}
2018-04-09 09:44:45:980 - info: [debug] [MJSONWP] Calling AppiumDriver.findElement() with args: ["-android uiautomator","new UiSelector().text(\"\")","b5cb7ce4-22fb-41f9-99de-fa8b81297c43"]
2018-04-09 09:44:45:981 - info: [debug] [BaseDriver] Valid locator strategies for this request: xpath, id, class name, accessibility id, -android uiautomator
2018-04-09 09:44:45:981 - info: [debug] [BaseDriver] Valid locator strategies for this request: xpath, id, class name, accessibility id, -android uiautomator
2018-04-09 09:44:45:982 - info: [debug] [BaseDriver] Waiting up to 0 ms for condition
2018-04-09 09:44:45:982 - info: [debug] [JSONWP Proxy] Proxying [POST /element] to [POST http://localhost:8200/wd/hub/session/dab66eed-868d-4358-8838-644eb9d2855e/element] with body: {"strategy":"-android uiautomator","selector":"new UiSelector().text(\"\")","context":"","multiple":false}
2018-04-09 09:44:46:500 - info: [debug] [JSONWP Proxy] Got response with status 200: {"sessionId":"dab66eed-868d-4358-8838-644eb9d2855e","status":0,"value":{"ELEMENT":"08661845-c3ea-4df1-9f84-e7876e44819c"}}
2018-04-09 09:44:46:502 - info: [debug] [MJSONWP] Responding to client with driver.findElement() result: {"ELEMENT":"08661845-c3ea-4df1-9f84-e7876e44819c"}
2018-04-09 09:44:46:503 - info: [HTTP] <-- POST /wd/hub/session/b5cb7ce4-22fb-41f9-99de-fa8b81297c43/element 200 522 ms - 122 
2018-04-09 09:44:46:508 - info: [HTTP] --> POST /wd/hub/session/b5cb7ce4-22fb-41f9-99de-fa8b81297c43/element/08661845-c3ea-4df1-9f84-e7876e44819c/click {"sessionId":"b5cb7ce4-22fb-41f9-99de-fa8b81297c43","id":"08661845-c3ea-4df1-9f84-e7876e44819c"}
2018-04-09 09:44:46:508 - info: [debug] [MJSONWP] Calling AppiumDriver.click() with args: ["08661845-c3ea-4df1-9f84-e7876e44819c","b5cb7ce4-22fb-41f9-99de-fa8b81297c43"]
2018-04-09 09:44:46:509 - info: [debug] [JSONWP Proxy] Proxying [POST /element/08661845-c3ea-4df1-9f84-e7876e44819c/click] to [POST http://localhost:8200/wd/hub/session/dab66eed-868d-4358-8838-644eb9d2855e/element/08661845-c3ea-4df1-9f84-e7876e44819c/click] with body: {"element":"08661845-c3ea-4df1-9f84-e7876e44819c"}
2018-04-09 09:44:48:486 - info: [debug] [JSONWP Proxy] Got response with status 200: {"sessionId":"dab66eed-868d-4358-8838-644eb9d2855e","status":0,"value":true}
2018-04-09 09:44:48:487 - info: [debug] [MJSONWP] Responding to client with driver.click() result: true
2018-04-09 09:44:48:488 - info: [HTTP] <-- POST /wd/hub/session/b5cb7ce4-22fb-41f9-99de-fa8b81297c43/element/08661845-c3ea-4df1-9f84-e7876e44819c/click 200 1980 ms - 76 
2018-04-09 09:44:48:492 - info: [HTTP] --> POST /wd/hub/session/b5cb7ce4-22fb-41f9-99de-fa8b81297c43/element {"using":"-android uiautomator","sessionId":"b5cb7ce4-22fb-41f9-99de-fa8b81297c43","value":"new UiSelector().description(\"plusIcon\")"}
2018-04-09 09:44:48:493 - info: [debug] [MJSONWP] Calling AppiumDriver.findElement() with args: ["-android uiautomator","new UiSelector().description(\"plusIcon\")","b5cb7ce4-22fb-41f9-99de-fa8b81297c43"]
2018-04-09 09:44:48:494 - info: [debug] [BaseDriver] Valid locator strategies for this request: xpath, id, class name, accessibility id, -android uiautomator
2018-04-09 09:44:48:494 - info: [debug] [BaseDriver] Valid locator strategies for this request: xpath, id, class name, accessibility id, -android uiautomator
2018-04-09 09:44:48:494 - info: [debug] [BaseDriver] Waiting up to 0 ms for condition
2018-04-09 09:44:48:495 - info: [debug] [JSONWP Proxy] Proxying [POST /element] to [POST http://localhost:8200/wd/hub/session/dab66eed-868d-4358-8838-644eb9d2855e/element] with body: {"strategy":"-android uiautomator","selector":"new UiSelector().description(\"plusIcon\")","context":"","multiple":false}
2018-04-09 09:44:48:716 - info: [debug] [JSONWP Proxy] Got response with status 200: {"sessionId":"dab66eed-868d-4358-8838-644eb9d2855e","status":0,"value":{"ELEMENT":"08dedc50-9812-406a-b73b-f7c2c5148627"}}
2018-04-09 09:44:48:718 - info: [debug] [MJSONWP] Responding to client with driver.findElement() result: {"ELEMENT":"08dedc50-9812-406a-b73b-f7c2c5148627"}
2018-04-09 09:44:48:719 - info: [HTTP] <-- POST /wd/hub/session/b5cb7ce4-22fb-41f9-99de-fa8b81297c43/element 200 226 ms - 122 
2018-04-09 09:44:48:727 - info: [HTTP] --> GET /wd/hub/session/b5cb7ce4-22fb-41f9-99de-fa8b81297c43/element/08dedc50-9812-406a-b73b-f7c2c5148627/displayed {}
2018-04-09 09:44:48:728 - info: [debug] [MJSONWP] Calling AppiumDriver.elementDisplayed() with args: ["08dedc50-9812-406a-b73b-f7c2c5148627","b5cb7ce4-22fb-41f9-99de-fa8b81297c43"]
2018-04-09 09:44:48:729 - info: [debug] [JSONWP Proxy] Proxying [GET /element/08dedc50-9812-406a-b73b-f7c2c5148627/attribute/displayed] to [GET http://localhost:8200/wd/hub/session/dab66eed-868d-4358-8838-644eb9d2855e/element/08dedc50-9812-406a-b73b-f7c2c5148627/attribute/displayed] with body: {}
2018-04-09 09:44:49:018 - info: [debug] [JSONWP Proxy] Got response with status 200: "{\"sessionId\":\"dab66eed-868d-4358-8838-644eb9d2855e\",\"status\":0,\"value\":\"true\"}"
2018-04-09 09:44:49:019 - info: [debug] [MJSONWP] Responding to client with driver.elementDisplayed() result: true
2018-04-09 09:44:49:020 - info: [HTTP] <-- GET /wd/hub/session/b5cb7ce4-22fb-41f9-99de-fa8b81297c43/element/08dedc50-9812-406a-b73b-f7c2c5148627/displayed 200 294 ms - 76 
2018-04-09 09:44:59:025 - info: [HTTP] --> POST /wd/hub/session/b5cb7ce4-22fb-41f9-99de-fa8b81297c43/elements {"using":"-android uiautomator","sessionId":"b5cb7ce4-22fb-41f9-99de-fa8b81297c43","value":"new UiSelector().text(\":\")"}
2018-04-09 09:44:59:025 - info: [debug] [MJSONWP] Calling AppiumDriver.findElements() with args: ["-android uiautomator","new UiSelector().text(\":\")","b5cb7ce4-22fb-41f9-99de-fa8b81297c43"]
2018-04-09 09:44:59:028 - info: [debug] [BaseDriver] Valid locator strategies for this request: xpath, id, class name, accessibility id, -android uiautomator
2018-04-09 09:44:59:028 - info: [debug] [BaseDriver] Valid locator strategies for this request: xpath, id, class name, accessibility id, -android uiautomator
2018-04-09 09:44:59:028 - info: [debug] [BaseDriver] Waiting up to 0 ms for condition
2018-04-09 09:44:59:029 - info: [debug] [JSONWP Proxy] Proxying [POST /elements] to [POST http://localhost:8200/wd/hub/session/dab66eed-868d-4358-8838-644eb9d2855e/elements] with body: {"strategy":"-android uiautomator","selector":"new UiSelector().text(\":\")","context":"","multiple":true}
2018-04-09 09:44:59:160 - info: [debug] [JSONWP Proxy] Got response with status 200: {"sessionId":"dab66eed-868d-4358-8838-644eb9d2855e","status":0,"value":[{"ELEMENT":"ace84e6b-e229-4741-afa6-4a7a20f30ccb"}]}
2018-04-09 09:44:59:161 - info: [debug] [MJSONWP] Responding to client with driver.findElements() result: [{"ELEMENT":"ace84e6b-e229-4741-afa6-4a7a20f30ccb"}]
2018-04-09 09:44:59:162 - info: [HTTP] <-- POST /wd/hub/session/b5cb7ce4-22fb-41f9-99de-fa8b81297c43/elements 200 137 ms - 124 
2018-04-09 09:44:59:168 - info: [HTTP] --> GET /wd/hub/session/b5cb7ce4-22fb-41f9-99de-fa8b81297c43/element/ace84e6b-e229-4741-afa6-4a7a20f30ccb/location {}
2018-04-09 09:44:59:169 - info: [MJSONWP] Driver proxy active, passing request on via HTTP proxy
2018-04-09 09:44:59:170 - info: [debug] [JSONWP Proxy] Proxying [GET /wd/hub/session/b5cb7ce4-22fb-41f9-99de-fa8b81297c43/element/ace84e6b-e229-4741-afa6-4a7a20f30ccb/location] to [GET http://localhost:8200/wd/hub/session/dab66eed-868d-4358-8838-644eb9d2855e/element/ace84e6b-e229-4741-afa6-4a7a20f30ccb/location] with body: {}
2018-04-09 09:44:59:201 - info: [debug] [JSONWP Proxy] Got response with status 200: "{\"sessionId\":\"dab66eed-868d-4358-8838-644eb9d2855e\",\"status\":0,\"value\":{\"x\":60,\"y\":661}}"
2018-04-09 09:44:59:201 - info: [JSONWP Proxy] Replacing sessionId dab66eed-868d-4358-8838-644eb9d2855e with b5cb7ce4-22fb-41f9-99de-fa8b81297c43
2018-04-09 09:44:59:203 - info: [HTTP] <-- GET /wd/hub/session/b5cb7ce4-22fb-41f9-99de-fa8b81297c43/element/ace84e6b-e229-4741-afa6-4a7a20f30ccb/location 200 34 ms - 88 
2018-04-09 09:44:59:206 - info: [HTTP] --> POST /wd/hub/session/b5cb7ce4-22fb-41f9-99de-fa8b81297c43/touch/perform {"sessionId":"b5cb7ce4-22fb-41f9-99de-fa8b81297c43","actions":[{"action":"press","options":{"y":661,"x":900}},{"action":"wait","options":{"ms":2000}},{"action":"moveTo","options":{"y":661,"x":0}},{"action":"release","options":{}}]}
2018-04-09 09:44:59:207 - info: [debug] [MJSONWP] Calling AppiumDriver.performTouch() with args: [[{"action":"press","options":{"y":661,"x":900}},{"action":"wait","options":{"ms":2000}},{"action":"moveTo","options":{"y":661,"x":0}},{"action":"release","options":{}}],"b5cb7ce4-22fb-41f9-99de-fa8b81297c43"]
2018-04-09 09:44:59:209 - info: [debug] [JSONWP Proxy] Proxying [POST /touch/perform] to [POST http://localhost:8200/wd/hub/session/dab66eed-868d-4358-8838-644eb9d2855e/touch/perform] with body: {"startX":900,"startY":661,"endX":0,"endY":661,"steps":56}
2018-04-09 09:45:00:171 - info: [debug] [JSONWP Proxy] Got response with status 200: {"sessionId":"dab66eed-868d-4358-8838-644eb9d2855e","status":0,"value":true}
2018-04-09 09:45:00:172 - info: [debug] [MJSONWP] Responding to client with driver.performTouch() result: true
2018-04-09 09:45:00:173 - info: [HTTP] <-- POST /wd/hub/session/b5cb7ce4-22fb-41f9-99de-fa8b81297c43/touch/perform 200 966 ms - 76 
2018-04-09 09:45:01:177 - info: [HTTP] --> POST /wd/hub/session/b5cb7ce4-22fb-41f9-99de-fa8b81297c43/element {"using":"-android uiautomator","sessionId":"b5cb7ce4-22fb-41f9-99de-fa8b81297c43","value":"new UiSelector().description(\"rowDeleteIcon\")"}
2018-04-09 09:45:01:177 - info: [debug] [MJSONWP] Calling AppiumDriver.findElement() with args: ["-android uiautomator","new UiSelector().description(\"rowDeleteIcon\")","b5cb7ce4-22fb-41f9-99de-fa8b81297c43"]
2018-04-09 09:45:01:178 - info: [debug] [BaseDriver] Valid locator strategies for this request: xpath, id, class name, accessibility id, -android uiautomator
2018-04-09 09:45:01:178 - info: [debug] [BaseDriver] Valid locator strategies for this request: xpath, id, class name, accessibility id, -android uiautomator
2018-04-09 09:45:01:178 - info: [debug] [BaseDriver] Waiting up to 0 ms for condition
2018-04-09 09:45:01:178 - info: [debug] [JSONWP Proxy] Proxying [POST /element] to [POST http://localhost:8200/wd/hub/session/dab66eed-868d-4358-8838-644eb9d2855e/element] with body: {"strategy":"-android uiautomator","selector":"new UiSelector().description(\"rowDeleteIcon\")","context":"","multiple":false}
2018-04-09 09:45:01:945 - info: [debug] [JSONWP Proxy] Got response with status 200: {"sessionId":"dab66eed-868d-4358-8838-644eb9d2855e","status":0,"value":{"ELEMENT":"a24ac033-4eb6-4607-b786-708d3a8f5952"}}
2018-04-09 09:45:01:945 - info: [debug] [MJSONWP] Responding to client with driver.findElement() result: {"ELEMENT":"a24ac033-4eb6-4607-b786-708d3a8f5952"}
2018-04-09 09:45:01:947 - info: [HTTP] <-- POST /wd/hub/session/b5cb7ce4-22fb-41f9-99de-fa8b81297c43/element 200 769 ms - 122 
2018-04-09 09:45:01:951 - info: [HTTP] --> POST /wd/hub/session/b5cb7ce4-22fb-41f9-99de-fa8b81297c43/element/a24ac033-4eb6-4607-b786-708d3a8f5952/click {"sessionId":"b5cb7ce4-22fb-41f9-99de-fa8b81297c43","id":"a24ac033-4eb6-4607-b786-708d3a8f5952"}
2018-04-09 09:45:01:952 - info: [debug] [MJSONWP] Calling AppiumDriver.click() with args: ["a24ac033-4eb6-4607-b786-708d3a8f5952","b5cb7ce4-22fb-41f9-99de-fa8b81297c43"]
2018-04-09 09:45:01:953 - info: [debug] [JSONWP Proxy] Proxying [POST /element/a24ac033-4eb6-4607-b786-708d3a8f5952/click] to [POST http://localhost:8200/wd/hub/session/dab66eed-868d-4358-8838-644eb9d2855e/element/a24ac033-4eb6-4607-b786-708d3a8f5952/click] with body: {"element":"a24ac033-4eb6-4607-b786-708d3a8f5952"}
2018-04-09 09:45:03:354 - info: [debug] [JSONWP Proxy] Got response with status 200: {"sessionId":"dab66eed-868d-4358-8838-644eb9d2855e","status":0,"value":true}
2018-04-09 09:45:03:355 - info: [debug] [MJSONWP] Responding to client with driver.click() result: true
2018-04-09 09:45:03:356 - info: [HTTP] <-- POST /wd/hub/session/b5cb7ce4-22fb-41f9-99de-fa8b81297c43/element/a24ac033-4eb6-4607-b786-708d3a8f5952/click 200 1403 ms - 76 
2018-04-09 09:45:03:361 - info: [HTTP] --> POST /wd/hub/session/b5cb7ce4-22fb-41f9-99de-fa8b81297c43/element {"using":"-android uiautomator","sessionId":"b5cb7ce4-22fb-41f9-99de-fa8b81297c43","value":"new UiSelector().text(\"\")"}
2018-04-09 09:45:03:362 - info: [debug] [MJSONWP] Calling AppiumDriver.findElement() with args: ["-android uiautomator","new UiSelector().text(\"\")","b5cb7ce4-22fb-41f9-99de-fa8b81297c43"]
2018-04-09 09:45:03:363 - info: [debug] [BaseDriver] Valid locator strategies for this request: xpath, id, class name, accessibility id, -android uiautomator
2018-04-09 09:45:03:363 - info: [debug] [BaseDriver] Valid locator strategies for this request: xpath, id, class name, accessibility id, -android uiautomator
2018-04-09 09:45:03:364 - info: [debug] [BaseDriver] Waiting up to 0 ms for condition
2018-04-09 09:45:03:364 - info: [debug] [JSONWP Proxy] Proxying [POST /element] to [POST http://localhost:8200/wd/hub/session/dab66eed-868d-4358-8838-644eb9d2855e/element] with body: {"strategy":"-android uiautomator","selector":"new UiSelector().text(\"\")","context":"","multiple":false}
2018-04-09 09:45:03:387 - info: [debug] [JSONWP Proxy] Got response with status 200: {"sessionId":"dab66eed-868d-4358-8838-644eb9d2855e","status":0,"value":{"ELEMENT":"09eeec3d-c189-4d93-85ad-ff95c0e96398"}}
2018-04-09 09:45:03:388 - info: [debug] [MJSONWP] Responding to client with driver.findElement() result: {"ELEMENT":"09eeec3d-c189-4d93-85ad-ff95c0e96398"}
2018-04-09 09:45:03:389 - info: [HTTP] <-- POST /wd/hub/session/b5cb7ce4-22fb-41f9-99de-fa8b81297c43/element 200 27 ms - 122 
2018-04-09 09:45:03:392 - info: [HTTP] --> POST /wd/hub/session/b5cb7ce4-22fb-41f9-99de-fa8b81297c43/element/09eeec3d-c189-4d93-85ad-ff95c0e96398/click {"sessionId":"b5cb7ce4-22fb-41f9-99de-fa8b81297c43","id":"09eeec3d-c189-4d93-85ad-ff95c0e96398"}
2018-04-09 09:45:03:393 - info: [debug] [MJSONWP] Calling AppiumDriver.click() with args: ["09eeec3d-c189-4d93-85ad-ff95c0e96398","b5cb7ce4-22fb-41f9-99de-fa8b81297c43"]
2018-04-09 09:45:03:393 - info: [debug] [JSONWP Proxy] Proxying [POST /element/09eeec3d-c189-4d93-85ad-ff95c0e96398/click] to [POST http://localhost:8200/wd/hub/session/dab66eed-868d-4358-8838-644eb9d2855e/element/09eeec3d-c189-4d93-85ad-ff95c0e96398/click] with body: {"element":"09eeec3d-c189-4d93-85ad-ff95c0e96398"}
2018-04-09 09:45:04:648 - info: [debug] [JSONWP Proxy] Got response with status 200: {"sessionId":"dab66eed-868d-4358-8838-644eb9d2855e","status":0,"value":true}
2018-04-09 09:45:04:648 - info: [debug] [MJSONWP] Responding to client with driver.click() result: true
2018-04-09 09:45:04:649 - info: [HTTP] <-- POST /wd/hub/session/b5cb7ce4-22fb-41f9-99de-fa8b81297c43/element/09eeec3d-c189-4d93-85ad-ff95c0e96398/click 200 1257 ms - 76 
2018-04-09 09:46:00:459 - info: [debug] [UiAutomator2] [UIAutomator2] io.appium.uiautomator2.server.test.AppiumUiAutomator2Server:INSTRUMENTATION_RESULT: shortMsg=Process crashed.
2018-04-09 09:46:00:459 - info: [debug] [UiAutomator2] [UIAutomator2] INSTRUMENTATION_CODE: 0
