2018-04-07 05:27:46:206 - info: [Appium] Welcome to Appium v1.7.2
2018-04-07 05:27:46:209 - info: [Appium] Non-default server args:
2018-04-07 05:27:46:210 - info: [Appium]   port: 4700
2018-04-07 05:27:46:210 - info: [Appium]   bootstrapPort: 4900
2018-04-07 05:27:46:210 - info: [Appium]   sessionOverride: true
2018-04-07 05:27:46:210 - info: [Appium]   log: D:/PycharmProjects/Appium27/log/K4Q6T167130016862018-04-07-13_27_37.log
2018-04-07 05:27:46:211 - info: [Appium]   udid: K4Q6T16713001686
2018-04-07 05:27:46:211 - info: [Appium]   noReset: true
2018-04-07 05:27:46:212 - warn: [Appium] Deprecated server args:
2018-04-07 05:27:46:212 - warn: [Appium]   -U,--udid => --default-capabilities '{"udid":"K4Q6T16713001686"}'
2018-04-07 05:27:46:212 - warn: [Appium]   --no-reset => --default-capabilities '{"noReset":true}'
2018-04-07 05:27:46:212 - info: [Appium] Default capabilities, which will be added to each request unless overridden by desired capabilities:
2018-04-07 05:27:46:213 - info: [Appium]   udid: K4Q6T16713001686
2018-04-07 05:27:46:213 - info: [Appium]   noReset: true
2018-04-07 05:27:46:245 - info: [Appium] Appium REST http interface listener started on 0.0.0.0:4700
2018-04-07 05:27:59:403 - info: [HTTP] --> POST /wd/hub/session {"capabilities":{"alwaysMatch":{"platformName":"Android"},"firstMatch":[{}]},"desiredCapabilities":{"deviceName":"K4Q6T16713001686","unicodeKeyboard":true,"automationName":"uiautomator2","resetKeyboard":true,"platformName":"Android","app":"../apk/wdfp.apk"}}
2018-04-07 05:27:59:407 - info: [debug] [MJSONWP] Calling AppiumDriver.createSession() with args: [{"deviceName":"K4Q6T16713001686","unicodeKeyboard":true,"automationName":"uiautomator2","resetKeyboard":true,"platformName":"Android","app":"../apk/wdfp.apk"},null,{"alwaysMatch":{"platformName":"Android"},"firstMatch":[{}]}]
2018-04-07 05:27:59:409 - info: [debug] [BaseDriver] Event 'newSessionRequested' logged at 1523078879409 (13:27:59 GMT+0800 (China Standard Time))
2018-04-07 05:27:59:410 - info: [Appium] Merged W3C capabilities {"alwaysMatch":{"platformName":"Android"},"firs... into desiredCapabilities object {"deviceName":"K4Q6T16713001686","unicodeKeyboa...
2018-04-07 05:27:59:414 - info: [Appium] Creating new AndroidUiautomator2Driver (v0.11.0) session
2018-04-07 05:27:59:415 - info: [Appium] Capabilities:
2018-04-07 05:27:59:415 - info: [Appium]   deviceName: K4Q6T16713001686
2018-04-07 05:27:59:415 - info: [Appium]   unicodeKeyboard: true
2018-04-07 05:27:59:415 - info: [Appium]   automationName: uiautomator2
2018-04-07 05:27:59:415 - info: [Appium]   resetKeyboard: true
2018-04-07 05:27:59:416 - info: [Appium]   platformName: Android
2018-04-07 05:27:59:416 - info: [Appium]   app: ../apk/wdfp.apk
2018-04-07 05:27:59:416 - info: [Appium]   udid: K4Q6T16713001686
2018-04-07 05:27:59:416 - info: [Appium]   noReset: true
2018-04-07 05:27:59:431 - info: [BaseDriver] Session created with session id: e522ae9d-eaa2-4040-ad29-5c2136d64c76
2018-04-07 05:27:59:433 - info: [BaseDriver] Using local app '../apk/wdfp.apk'
2018-04-07 05:27:59:469 - info: [debug] [UiAutomator2] Checking whether app is actually present
2018-04-07 05:27:59:885 - info: [debug] [AndroidDriver] Getting Java version
2018-04-07 05:28:00:196 - info: [AndroidDriver] Java version is: 1.8.0_151
2018-04-07 05:28:00:199 - info: [ADB] Checking whether adb is present
2018-04-07 05:28:00:204 - info: [ADB] Using adb.exe from D:\sdk\platform-tools\adb.exe
2018-04-07 05:28:00:204 - info: [AndroidDriver] Retrieving device list
2018-04-07 05:28:00:205 - info: [debug] [ADB] Trying to find a connected android device
2018-04-07 05:28:00:206 - info: [debug] [ADB] Getting connected devices...
2018-04-07 05:28:00:383 - info: [debug] [ADB] 1 device(s) connected
2018-04-07 05:28:00:383 - info: [AndroidDriver] Using device: K4Q6T16713001686
2018-04-07 05:28:00:385 - info: [ADB] Checking whether adb is present
2018-04-07 05:28:00:385 - info: [debug] [ADB] Setting device id to K4Q6T16713001686
2018-04-07 05:28:00:387 - info: [debug] [ADB] Getting connected devices...
2018-04-07 05:28:00:529 - info: [debug] [ADB] 1 device(s) connected
2018-04-07 05:28:00:531 - info: [debug] [ADB] Running 'D:\sdk\platform-tools\adb.exe' with args: ["-P",5037,"-s","K4Q6T16713001686","shell","getprop","ro.build.version.sdk"]
2018-04-07 05:28:00:655 - info: [debug] [ADB] Current device property 'ro.build.version.sdk': 24
2018-04-07 05:28:00:655 - info: [debug] [ADB] Device API level: 24
2018-04-07 05:28:00:656 - info: [debug] [AndroidDriver] Parsing package and activity from app manifest
2018-04-07 05:28:00:657 - info: [ADB] Checking whether aapt is present
2018-04-07 05:28:00:659 - info: [ADB] Using aapt.exe from D:\sdk\tools\aapt.exe
2018-04-07 05:28:00:660 - info: [ADB] Extracting package and launch activity from manifest
2018-04-07 05:28:00:765 - info: [debug] [ADB] badging package: com.elephant.myinvoice
2018-04-07 05:28:00:765 - info: [debug] [ADB] badging act: com.elephant.myinvoice.MainActivity
2018-04-07 05:28:00:765 - info: [debug] [AndroidDriver] Parsed package and activity are: com.elephant.myinvoice/com.elephant.myinvoice.MainActivity
2018-04-07 05:28:00:766 - info: [ADB] Getting device platform version
2018-04-07 05:28:00:766 - info: [debug] [ADB] Getting connected devices...
2018-04-07 05:28:00:842 - info: [debug] [ADB] 1 device(s) connected
2018-04-07 05:28:00:842 - info: [debug] [ADB] Running 'D:\sdk\platform-tools\adb.exe' with args: ["-P",5037,"-s","K4Q6T16713001686","shell","getprop","ro.build.version.release"]
2018-04-07 05:28:00:959 - info: [debug] [ADB] Current device property 'ro.build.version.release': 7.0
2018-04-07 05:28:00:960 - info: [debug] [ADB] Getting connected devices...
2018-04-07 05:28:01:048 - info: [debug] [ADB] 1 device(s) connected
2018-04-07 05:28:01:048 - info: [debug] [ADB] Running 'D:\sdk\platform-tools\adb.exe' with args: ["-P",5037,"-s","K4Q6T16713001686","shell","wm","size"]
2018-04-07 05:28:01:795 - info: [debug] [ADB] Getting connected devices...
2018-04-07 05:28:01:870 - info: [debug] [ADB] 1 device(s) connected
2018-04-07 05:28:01:870 - info: [debug] [ADB] Running 'D:\sdk\platform-tools\adb.exe' with args: ["-P",5037,"-s","K4Q6T16713001686","shell","wm","density"]
2018-04-07 05:28:02:589 - info: [debug] [ADB] Getting connected devices...
2018-04-07 05:28:02:687 - info: [debug] [ADB] 1 device(s) connected
2018-04-07 05:28:02:687 - info: [debug] [ADB] Running 'D:\sdk\platform-tools\adb.exe' with args: ["-P",5037,"-s","K4Q6T16713001686","shell","getprop","ro.product.model"]
2018-04-07 05:28:02:862 - info: [debug] [ADB] Current device property 'ro.product.model': NEM-AL10
2018-04-07 05:28:02:863 - info: [debug] [ADB] Getting connected devices...
2018-04-07 05:28:02:943 - info: [debug] [ADB] 1 device(s) connected
2018-04-07 05:28:02:943 - info: [debug] [ADB] Running 'D:\sdk\platform-tools\adb.exe' with args: ["-P",5037,"-s","K4Q6T16713001686","shell","getprop","ro.product.manufacturer"]
2018-04-07 05:28:03:052 - info: [debug] [ADB] Current device property 'ro.product.manufacturer': HUAWEI
2018-04-07 05:28:03:055 - info: [debug] [ADB] Getting connected devices...
2018-04-07 05:28:03:144 - info: [debug] [ADB] 1 device(s) connected
2018-04-07 05:28:03:145 - info: [debug] [ADB] Running 'D:\sdk\platform-tools\adb.exe' with args: ["-P",5037,"-s","K4Q6T16713001686","shell","am","force-stop","io.appium.uiautomator2.server"]
2018-04-07 05:28:03:863 - info: [ADB] Checking whether aapt is present
2018-04-07 05:28:03:948 - info: [debug] [ADB] Getting install status for io.appium.uiautomator2.server
2018-04-07 05:28:03:948 - info: [debug] [ADB] Getting connected devices...
2018-04-07 05:28:04:097 - info: [debug] [ADB] 1 device(s) connected
2018-04-07 05:28:04:098 - info: [debug] [ADB] Running 'D:\sdk\platform-tools\adb.exe' with args: ["-P",5037,"-s","K4Q6T16713001686","shell","pm","list","packages","io.appium.uiautomator2.server"]
2018-04-07 05:28:04:840 - info: [debug] [ADB] App is installed
2018-04-07 05:28:04:840 - info: [debug] [ADB] Getting install status for io.appium.uiautomator2.server.test
2018-04-07 05:28:04:840 - info: [debug] [ADB] Getting connected devices...
2018-04-07 05:28:04:943 - info: [debug] [ADB] 1 device(s) connected
2018-04-07 05:28:04:943 - info: [debug] [ADB] Running 'D:\sdk\platform-tools\adb.exe' with args: ["-P",5037,"-s","K4Q6T16713001686","shell","pm","list","packages","io.appium.uiautomator2.server.test"]
2018-04-07 05:28:05:647 - info: [debug] [ADB] App is installed
2018-04-07 05:28:05:648 - info: [debug] [ADB] Getting package info for io.appium.uiautomator2.server
2018-04-07 05:28:05:648 - info: [debug] [ADB] Getting connected devices...
2018-04-07 05:28:05:733 - info: [debug] [ADB] 1 device(s) connected
2018-04-07 05:28:05:734 - info: [debug] [ADB] Running 'D:\sdk\platform-tools\adb.exe' with args: ["-P",5037,"-s","K4Q6T16713001686","shell","dumpsys","package","io.appium.uiautomator2.server"]
2018-04-07 05:28:05:867 - info: [debug] [UiAutomator2] Waiting up to 20000ms for instrumentation 'io.appium.uiautomator2.server.test/android.support.test.runner.AndroidJUnitRunner' to be available
2018-04-07 05:28:05:868 - info: [debug] [ADB] Getting connected devices...
2018-04-07 05:28:05:972 - info: [debug] [ADB] 1 device(s) connected
2018-04-07 05:28:05:972 - info: [debug] [ADB] Running 'D:\sdk\platform-tools\adb.exe' with args: ["-P",5037,"-s","K4Q6T16713001686","shell","pm","list","instrumentation"]
2018-04-07 05:28:06:664 - info: [debug] [UiAutomator2] Instrumentation 'io.appium.uiautomator2.server.test/android.support.test.runner.AndroidJUnitRunner' available
2018-04-07 05:28:06:666 - info: [debug] [ADB] Running 'D:\sdk\platform-tools\adb.exe' with args: ["-P",5037,"-s","K4Q6T16713001686","wait-for-device"]
2018-04-07 05:28:06:759 - info: [debug] [ADB] Getting connected devices...
2018-04-07 05:28:06:836 - info: [debug] [ADB] 1 device(s) connected
2018-04-07 05:28:06:836 - info: [debug] [ADB] Running 'D:\sdk\platform-tools\adb.exe' with args: ["-P",5037,"-s","K4Q6T16713001686","shell","echo","ping"]
2018-04-07 05:28:06:939 - warn: [AndroidDriver] setDeviceLanguageCountry requires language or country.
2018-04-07 05:28:06:939 - warn: [AndroidDriver] Got language: 'null' and country: 'null'
2018-04-07 05:28:06:941 - info: [debug] [Logcat] Starting logcat capture
2018-04-07 05:28:07:194 - info: [debug] [AndroidDriver] Enabling Unicode keyboard support
2018-04-07 05:28:07:194 - info: [debug] [AndroidDriver] Pushing unicode ime to device...
2018-04-07 05:28:07:195 - info: [debug] [ADB] Running 'D:\sdk\platform-tools\adb.exe' with args: ["-P",5037,"-s","K4Q6T16713001686","install","C:\\Users\\Myron.Guo\\AppData\\Roaming\\npm\\node_modules\\appium\\node_modules\\appium-android-ime\\bin\\UnicodeIME-debug.apk"]
2018-04-07 05:28:08:446 - info: [debug] [ADB] Getting connected devices...
2018-04-07 05:28:08:521 - info: [debug] [ADB] 1 device(s) connected
2018-04-07 05:28:08:521 - info: [debug] [ADB] Running 'D:\sdk\platform-tools\adb.exe' with args: ["-P",5037,"-s","K4Q6T16713001686","shell","settings","get","secure","default_input_method"]
2018-04-07 05:28:09:236 - info: [debug] [AndroidDriver] Unsetting previous IME io.appium.android.ime/.UnicodeIME
2018-04-07 05:28:09:236 - info: [debug] [AndroidDriver] Setting IME to 'io.appium.android.ime/.UnicodeIME'
2018-04-07 05:28:09:237 - info: [debug] [ADB] Getting connected devices...
2018-04-07 05:28:09:315 - info: [debug] [ADB] 1 device(s) connected
2018-04-07 05:28:09:315 - info: [debug] [ADB] Running 'D:\sdk\platform-tools\adb.exe' with args: ["-P",5037,"-s","K4Q6T16713001686","shell","ime","enable","io.appium.android.ime/.UnicodeIME"]
2018-04-07 05:28:10:013 - info: [debug] [ADB] Getting connected devices...
2018-04-07 05:28:10:104 - info: [debug] [ADB] 1 device(s) connected
2018-04-07 05:28:10:104 - info: [debug] [ADB] Running 'D:\sdk\platform-tools\adb.exe' with args: ["-P",5037,"-s","K4Q6T16713001686","shell","ime","set","io.appium.android.ime/.UnicodeIME"]
2018-04-07 05:28:10:822 - info: [debug] [AndroidDriver] Pushing settings apk to device...
2018-04-07 05:28:10:823 - info: [debug] [ADB] Getting install status for io.appium.settings
2018-04-07 05:28:10:823 - info: [debug] [ADB] Getting connected devices...
2018-04-07 05:28:10:914 - info: [debug] [ADB] 1 device(s) connected
2018-04-07 05:28:10:914 - info: [debug] [ADB] Running 'D:\sdk\platform-tools\adb.exe' with args: ["-P",5037,"-s","K4Q6T16713001686","shell","pm","list","packages","io.appium.settings"]
2018-04-07 05:28:11:619 - info: [debug] [ADB] App is installed
2018-04-07 05:28:11:620 - info: [debug] [ADB] Getting package info for io.appium.settings
2018-04-07 05:28:11:620 - info: [debug] [ADB] Getting connected devices...
2018-04-07 05:28:11:754 - info: [debug] [ADB] 1 device(s) connected
2018-04-07 05:28:11:755 - info: [debug] [ADB] Running 'D:\sdk\platform-tools\adb.exe' with args: ["-P",5037,"-s","K4Q6T16713001686","shell","dumpsys","package","io.appium.settings"]
2018-04-07 05:28:11:902 - info: [ADB] Checking whether aapt is present
2018-04-07 05:28:12:038 - info: [debug] [ADB] The installed 'io.appium.settings' package does not require upgrade (5 >= 5)
2018-04-07 05:28:12:039 - info: [debug] [ADB] Device API level: 24
2018-04-07 05:28:12:041 - info: [debug] [ADB] Getting connected devices...
2018-04-07 05:28:12:217 - info: [debug] [ADB] 1 device(s) connected
2018-04-07 05:28:12:218 - info: [debug] [ADB] Running 'D:\sdk\platform-tools\adb.exe' with args: ["-P",5037,"-s","K4Q6T16713001686","shell","dumpsys","package","io.appium.settings"]
2018-04-07 05:28:12:347 - info: [debug] [ADB] Getting connected devices...
2018-04-07 05:28:12:493 - info: [debug] [ADB] 1 device(s) connected
2018-04-07 05:28:12:494 - info: [debug] [ADB] Running 'D:\sdk\platform-tools\adb.exe' with args: ["-P",5037,"-s","K4Q6T16713001686","shell","pm","dump","io.appium.settings"]
2018-04-07 05:28:13:732 - info: [debug] [ADB] Got the following command chunks to execute: pm,grant,io.appium.settings,android.permission.WRITE_SETTINGS,;,pm,grant,io.appium.settings,android.permission.ACCESS_MOCK_LOCATION,;
2018-04-07 05:28:13:732 - info: [debug] [ADB] Getting connected devices...
2018-04-07 05:28:13:822 - info: [debug] [ADB] 1 device(s) connected
2018-04-07 05:28:13:822 - info: [debug] [ADB] Running 'D:\sdk\platform-tools\adb.exe' with args: ["-P",5037,"-s","K4Q6T16713001686","shell","pm","grant","io.appium.settings","android.permission.WRITE_SETTINGS",";","pm","grant","io.appium.settings","android.permission.ACCESS_MOCK_LOCATION",";"]
2018-04-07 05:28:15:143 - info: [debug] [ADB] Getting connected devices...
2018-04-07 05:28:15:233 - info: [debug] [ADB] 1 device(s) connected
2018-04-07 05:28:15:234 - info: [debug] [ADB] Running 'D:\sdk\platform-tools\adb.exe' with args: ["-P",5037,"-s","K4Q6T16713001686","shell","ps"]
2018-04-07 05:28:15:386 - info: [debug] [ADB] Device API level: 24
2018-04-07 05:28:15:386 - info: [debug] [ADB] Getting connected devices...
2018-04-07 05:28:15:480 - info: [debug] [ADB] 1 device(s) connected
2018-04-07 05:28:15:480 - info: [debug] [ADB] Running 'D:\sdk\platform-tools\adb.exe' with args: ["-P",5037,"-s","K4Q6T16713001686","shell","appops","set","io.appium.settings","android:mock_location","allow"]
2018-04-07 05:28:15:616 - info: [debug] [AndroidDriver] Pushing unlock helper app to device...
2018-04-07 05:28:15:617 - info: [debug] [ADB] Getting install status for io.appium.unlock
2018-04-07 05:28:15:617 - info: [debug] [ADB] Getting connected devices...
2018-04-07 05:28:15:708 - info: [debug] [ADB] 1 device(s) connected
2018-04-07 05:28:15:708 - info: [debug] [ADB] Running 'D:\sdk\platform-tools\adb.exe' with args: ["-P",5037,"-s","K4Q6T16713001686","shell","pm","list","packages","io.appium.unlock"]
2018-04-07 05:28:16:428 - info: [debug] [ADB] App is installed
2018-04-07 05:28:16:428 - info: [debug] [ADB] Getting package info for io.appium.unlock
2018-04-07 05:28:16:429 - info: [debug] [ADB] Getting connected devices...
2018-04-07 05:28:16:522 - info: [debug] [ADB] 1 device(s) connected
2018-04-07 05:28:16:522 - info: [debug] [ADB] Running 'D:\sdk\platform-tools\adb.exe' with args: ["-P",5037,"-s","K4Q6T16713001686","shell","dumpsys","package","io.appium.unlock"]
2018-04-07 05:28:16:652 - info: [ADB] Checking whether aapt is present
2018-04-07 05:28:16:719 - info: [debug] [ADB] The installed 'io.appium.unlock' package does not require upgrade (2 >= 2)
2018-04-07 05:28:16:719 - info: [debug] [UiAutomator2] Forwarding UiAutomator2 Server port 6790 to 8216
2018-04-07 05:28:16:721 - info: [debug] [ADB] Forwarding system: 8216 to device: 6790
2018-04-07 05:28:16:721 - info: [debug] [ADB] Running 'D:\sdk\platform-tools\adb.exe' with args: ["-P",5037,"-s","K4Q6T16713001686","forward","tcp:8216","tcp:6790"]
2018-04-07 05:28:16:832 - info: [debug] [ADB] Getting connected devices...
2018-04-07 05:28:16:937 - info: [debug] [ADB] 1 device(s) connected
2018-04-07 05:28:16:937 - info: [debug] [ADB] Running 'D:\sdk\platform-tools\adb.exe' with args: ["-P",5037,"-s","K4Q6T16713001686","shell","dumpsys","window"]
2018-04-07 05:28:17:185 - info: [AndroidDriver] Screen already unlocked, doing nothing
2018-04-07 05:28:17:186 - info: [debug] [AndroidDriver] Extracting strings from apk ../apk/wdfp.apk null C:\Users\Myron.Guo\AppData\Local\Temp\com.elephant.myinvoice
2018-04-07 05:28:17:187 - info: [debug] [ADB] Extracting strings for language: default
2018-04-07 05:28:17:188 - info: [debug] [ADB] Device API level: 24
2018-04-07 05:28:17:188 - info: [debug] [ADB] Getting connected devices...
2018-04-07 05:28:17:296 - info: [debug] [ADB] 1 device(s) connected
2018-04-07 05:28:17:296 - info: [debug] [ADB] Running 'D:\sdk\platform-tools\adb.exe' with args: ["-P",5037,"-s","K4Q6T16713001686","shell","getprop","persist.sys.locale"]
2018-04-07 05:28:17:420 - info: [debug] [ADB] Current device property 'persist.sys.locale': zh-CN
2018-04-07 05:28:19:088 - info: [debug] [ADB] Reading strings from converted strings.json
2018-04-07 05:28:19:091 - info: [debug] [ADB] Running 'D:\sdk\platform-tools\adb.exe' with args: ["-P",5037,"-s","K4Q6T16713001686","push","C:\\Users\\Myron.Guo\\AppData\\Local\\Temp\\com.elephant.myinvoice\\strings.json","/data/local/tmp"]
2018-04-07 05:28:19:305 - info: [debug] [ADB] Checking app cert for ../apk/wdfp.apk
2018-04-07 05:28:19:308 - warn: [ADB] Cannot use apksigner tool for signature verification. Defaulting to verify.jar. Original error: Could not find apksigner.bat in D:\sdk\platform-tools\apksigner.bat,D:\sdk\emulator\apksigner.bat,D:\sdk\tools\apksigner.bat,D:\sdk\tools\bin\apksigner.bat,D:\sdk\build-tools\android-4.3\apksigner.bat, or supported build-tools under D:\sdk do you have the Android SDK installed at this location?
2018-04-07 05:28:20:928 - info: [debug] [ADB] '../apk/wdfp.apk' is already signed.
2018-04-07 05:28:21:247 - info: [AndroidDriver] Remote apk path is /data/local/tmp/4a9053f45d358d0242a66992e1a83312.apk
2018-04-07 05:28:21:248 - info: [debug] [ADB] Getting connected devices...
2018-04-07 05:28:21:415 - info: [debug] [ADB] 1 device(s) connected
2018-04-07 05:28:21:416 - info: [debug] [ADB] Running 'D:\sdk\platform-tools\adb.exe' with args: ["-P",5037,"-s","K4Q6T16713001686","shell","ls","/data/local/tmp/4a9053f45d358d0242a66992e1a83312.apk"]
2018-04-07 05:28:21:540 - info: [debug] [AndroidDriver] Checking if app is installed
2018-04-07 05:28:21:541 - info: [debug] [ADB] Getting install status for com.elephant.myinvoice
2018-04-07 05:28:21:541 - info: [debug] [ADB] Getting connected devices...
2018-04-07 05:28:21:623 - info: [debug] [ADB] 1 device(s) connected
2018-04-07 05:28:21:623 - info: [debug] [ADB] Running 'D:\sdk\platform-tools\adb.exe' with args: ["-P",5037,"-s","K4Q6T16713001686","shell","pm","list","packages","com.elephant.myinvoice"]
2018-04-07 05:28:22:345 - info: [debug] [ADB] App is not installed
2018-04-07 05:28:22:345 - info: [AndroidDriver] Apk is not yet installed
2018-04-07 05:28:22:345 - info: [AndroidDriver] installing apk from remote
2018-04-07 05:28:22:346 - info: [debug] [ADB] Getting connected devices...
2018-04-07 05:28:22:416 - info: [debug] [ADB] 1 device(s) connected
2018-04-07 05:28:22:416 - info: [debug] [ADB] Running 'D:\sdk\platform-tools\adb.exe' with args: ["-P",5037,"-s","K4Q6T16713001686","shell","mkdir","-p","/data/local/tmp"]
2018-04-07 05:28:22:529 - info: [AndroidDriver] Clearing out any existing remote apks with the same hash
2018-04-07 05:28:22:530 - info: [debug] [AndroidDriver] Removing any old apks
2018-04-07 05:28:22:531 - info: [debug] [AndroidDriver] Except ["4a9053f45d358d0242a66992e1a83312"]
2018-04-07 05:28:22:531 - info: [debug] [ADB] Getting connected devices...
2018-04-07 05:28:22:620 - info: [debug] [ADB] 1 device(s) connected
2018-04-07 05:28:22:621 - info: [debug] [ADB] Running 'D:\sdk\platform-tools\adb.exe' with args: ["-P",5037,"-s","K4Q6T16713001686","shell","ls","/data/local/tmp/*.apk"]
2018-04-07 05:28:22:737 - info: [debug] [ADB] Uninstalling com.elephant.myinvoice
2018-04-07 05:28:22:737 - info: [debug] [ADB] Getting install status for com.elephant.myinvoice
2018-04-07 05:28:22:737 - info: [debug] [ADB] Getting connected devices...
2018-04-07 05:28:22:817 - info: [debug] [ADB] 1 device(s) connected
2018-04-07 05:28:22:818 - info: [debug] [ADB] Running 'D:\sdk\platform-tools\adb.exe' with args: ["-P",5037,"-s","K4Q6T16713001686","shell","pm","list","packages","com.elephant.myinvoice"]
2018-04-07 05:28:23:593 - info: [debug] [ADB] App is not installed
2018-04-07 05:28:23:593 - info: [ADB] com.elephant.myinvoice was not uninstalled, because it was not present on the device
2018-04-07 05:28:23:594 - info: [debug] [ADB] Getting connected devices...
2018-04-07 05:28:23:669 - info: [debug] [ADB] 1 device(s) connected
2018-04-07 05:28:23:670 - info: [debug] [ADB] Running 'D:\sdk\platform-tools\adb.exe' with args: ["-P",5037,"-s","K4Q6T16713001686","shell","pm","install","-r","/data/local/tmp/4a9053f45d358d0242a66992e1a83312.apk"]
2018-04-07 05:28:28:840 - info: [debug] [ADB] Getting connected devices...
2018-04-07 05:28:29:012 - info: [debug] [ADB] 1 device(s) connected
2018-04-07 05:28:29:013 - info: [debug] [ADB] Running 'D:\sdk\platform-tools\adb.exe' with args: ["-P",5037,"-s","K4Q6T16713001686","shell","am","force-stop","io.appium.uiautomator2.server"]
2018-04-07 05:28:30:079 - info: [UiAutomator2] Starting uiautomator2 server v0.3.0
2018-04-07 05:28:30:080 - info: [UiAutomator2] Running command: 'adb -s K4Q6T16713001686 shell am instrument -w io.appium.uiautomator2.server.test/android.support.test.runner.AndroidJUnitRunner'
2018-04-07 05:28:30:083 - info: [UiAutomator2] Waiting up to 20000ms for UiAutomator2 to be online...
2018-04-07 05:28:30:087 - info: [debug] [JSONWP Proxy] Proxying [GET /status] to [GET http://localhost:8216/wd/hub/status] with no body
2018-04-07 05:28:31:124 - info: [debug] [JSONWP Proxy] Proxying [GET /status] to [GET http://localhost:8216/wd/hub/status] with no body
2018-04-07 05:28:32:132 - info: [debug] [JSONWP Proxy] Proxying [GET /status] to [GET http://localhost:8216/wd/hub/status] with no body
2018-04-07 05:28:33:141 - info: [debug] [JSONWP Proxy] Proxying [GET /status] to [GET http://localhost:8216/wd/hub/status] with no body
2018-04-07 05:28:33:188 - info: [debug] [JSONWP Proxy] Got response with status 200: "{\"sessionId\":\"SESSIONID\",\"status\":0,\"value\":\"Status Invoked\"}"
2018-04-07 05:28:33:189 - info: [debug] [JSONWP Proxy] Proxying [POST /session] to [POST http://localhost:8216/wd/hub/session] with body: {"desiredCapabilities":{"platform":"LINUX","webStorageEnabled":false,"takesScreenshot":true,"javascriptEnabled":true,"databaseEnabled":false,"networkConnectionEnabled":true,"locationContextEnabled":false,"warnings":{},"desired":{"deviceName":"K4Q6T16713001686","unicodeKeyboard":true,"automationName":"uiautomator2","resetKeyboard":true,"platformName":"Android","app":"../apk/wdfp.apk","udid":"K4Q6T16713001686","noReset":true},"deviceName":"K4Q6T16713001686","unicodeKeyboard":true,"automationName":"uiautomator2","resetKeyboard":true,"platformName":"Android","app":"../apk/wdfp.apk","udid":"K4Q6T16713001686","noReset":true,"deviceUDID":"K4Q6T16713001686","platformVersion":"7.0","deviceScreenSize":"1080x1920","deviceScreenDensity":480,"deviceModel":"NEM-AL10","deviceManufacturer":"HUAWEI","appPackage":"com.elephant.myinvoice"}}
2018-04-07 05:28:33:216 - info: [debug] [JSONWP Proxy] Got response with status 200: {"sessionId":"3986e8e0-d397-4697-8203-1d800a5cdec2","status":0,"value":"Created Session"}
2018-04-07 05:28:33:217 - info: [UiAutomator2] UiAutomator2 did not start the activity we were waiting for, 'com.elephant.myinvoice/com.elephant.myinvoice.MainActivity'. Starting it ourselves
2018-04-07 05:28:33:218 - info: [debug] [ADB] Device API level: 24
2018-04-07 05:28:33:219 - info: [debug] [ADB] Getting connected devices...
2018-04-07 05:28:33:294 - info: [debug] [ADB] 1 device(s) connected
2018-04-07 05:28:33:294 - info: [debug] [ADB] Running 'D:\sdk\platform-tools\adb.exe' with args: ["-P",5037,"-s","K4Q6T16713001686","shell","am","start","-W","-n","com.elephant.myinvoice/com.elephant.myinvoice.MainActivity","-S","-a","android.intent.action.MAIN","-c","android.intent.category.LAUNCHER","-f","0x10200000"]
2018-04-07 05:28:35:364 - info: [debug] [ADB] Waiting up to 20000ms for activity matching pkg: 'com.elephant.myinvoice' and activity: 'com.elephant.myinvoice.MainActivity' to be focused
2018-04-07 05:28:35:365 - info: [debug] [ADB] Possible activities, to be checked: 'com.elephant.myinvoice.MainActivity'
2018-04-07 05:28:35:366 - info: [debug] [ADB] Getting focused package and activity
2018-04-07 05:28:35:366 - info: [debug] [ADB] Getting connected devices...
2018-04-07 05:28:35:445 - info: [debug] [ADB] 1 device(s) connected
2018-04-07 05:28:35:445 - info: [debug] [ADB] Running 'D:\sdk\platform-tools\adb.exe' with args: ["-P",5037,"-s","K4Q6T16713001686","shell","dumpsys","window","windows"]
2018-04-07 05:28:35:590 - info: [debug] [ADB] Found package: 'com.elephant.myinvoice' and fully qualified activity name : 'com.elephant.myinvoice.MainActivity'
2018-04-07 05:28:35:592 - info: [Appium] New AndroidUiautomator2Driver session created successfully, session e522ae9d-eaa2-4040-ad29-5c2136d64c76 added to master session list
2018-04-07 05:28:35:593 - info: [debug] [BaseDriver] Event 'newSessionStarted' logged at 1523078915593 (13:28:35 GMT+0800 (China Standard Time))
2018-04-07 05:28:35:594 - info: [debug] [MJSONWP] Responding to client with driver.createSession() result: {"deviceName":"K4Q6T16713001686","unicodeKeyboard":true,"automationName":"uiautomator2","resetKeyboard":true,"platformName":"Android","app":"../apk/wdfp.apk","udid":"K4Q6T16713001686","noReset":true}
2018-04-07 05:28:35:600 - info: [HTTP] <-- POST /wd/hub/session 200 36195 ms - 271 
2018-04-07 05:28:37:620 - info: [HTTP] --> GET /wd/hub/session/e522ae9d-eaa2-4040-ad29-5c2136d64c76/window/current/size {}
2018-04-07 05:28:37:625 - info: [MJSONWP] Driver proxy active, passing request on via HTTP proxy
2018-04-07 05:28:37:627 - info: [debug] [JSONWP Proxy] Proxying [GET /wd/hub/session/e522ae9d-eaa2-4040-ad29-5c2136d64c76/window/current/size] to [GET http://localhost:8216/wd/hub/session/3986e8e0-d397-4697-8203-1d800a5cdec2/window/current/size] with body: {}
2018-04-07 05:28:37:661 - info: [debug] [JSONWP Proxy] Got response with status 200: "{\"sessionId\":\"3986e8e0-d397-4697-8203-1d800a5cdec2\",\"status\":0,\"value\":{\"height\":1812,\"width\":1080}}"
2018-04-07 05:28:37:661 - info: [JSONWP Proxy] Replacing sessionId 3986e8e0-d397-4697-8203-1d800a5cdec2 with e522ae9d-eaa2-4040-ad29-5c2136d64c76
2018-04-07 05:28:37:663 - info: [HTTP] <-- GET /wd/hub/session/e522ae9d-eaa2-4040-ad29-5c2136d64c76/window/current/size 200 42 ms - 100 
2018-04-07 05:28:37:667 - info: [HTTP] --> GET /wd/hub/session/e522ae9d-eaa2-4040-ad29-5c2136d64c76/window/current/size {}
2018-04-07 05:28:37:668 - info: [MJSONWP] Driver proxy active, passing request on via HTTP proxy
2018-04-07 05:28:37:669 - info: [debug] [JSONWP Proxy] Proxying [GET /wd/hub/session/e522ae9d-eaa2-4040-ad29-5c2136d64c76/window/current/size] to [GET http://localhost:8216/wd/hub/session/3986e8e0-d397-4697-8203-1d800a5cdec2/window/current/size] with body: {}
2018-04-07 05:28:37:688 - info: [debug] [JSONWP Proxy] Got response with status 200: "{\"sessionId\":\"3986e8e0-d397-4697-8203-1d800a5cdec2\",\"status\":0,\"value\":{\"height\":1812,\"width\":1080}}"
2018-04-07 05:28:37:688 - info: [JSONWP Proxy] Replacing sessionId 3986e8e0-d397-4697-8203-1d800a5cdec2 with e522ae9d-eaa2-4040-ad29-5c2136d64c76
2018-04-07 05:28:37:689 - info: [HTTP] <-- GET /wd/hub/session/e522ae9d-eaa2-4040-ad29-5c2136d64c76/window/current/size 200 22 ms - 100 
2018-04-07 05:28:37:693 - info: [HTTP] --> POST /wd/hub/session/e522ae9d-eaa2-4040-ad29-5c2136d64c76/touch/perform {"sessionId":"e522ae9d-eaa2-4040-ad29-5c2136d64c76","actions":[{"action":"press","options":{"y":1629,"x":540}},{"action":"wait","options":{"ms":2000}},{"action":"moveTo","options":{"y":181,"x":540}},{"action":"release","options":{}}]}
2018-04-07 05:28:37:696 - info: [debug] [MJSONWP] Calling AppiumDriver.performTouch() with args: [[{"action":"press","options":{"y":1629,"x":540}},{"action":"wait","options":{"ms":2000}},{"action":"moveTo","options":{"y":181,"x":540}},{"action":"release","options":{}}],"e522ae9d-eaa2-4040-ad29-5c2136d64c76"]
2018-04-07 05:28:37:700 - info: [debug] [JSONWP Proxy] Proxying [POST /touch/perform] to [POST http://localhost:8216/wd/hub/session/3986e8e0-d397-4697-8203-1d800a5cdec2/touch/perform] with body: {"startX":540,"startY":1629,"endX":540,"endY":181,"steps":56}
2018-04-07 05:28:38:703 - info: [debug] [JSONWP Proxy] Got response with status 200: {"sessionId":"3986e8e0-d397-4697-8203-1d800a5cdec2","status":0,"value":true}
2018-04-07 05:28:38:704 - info: [debug] [MJSONWP] Responding to client with driver.performTouch() result: true
2018-04-07 05:28:38:706 - info: [HTTP] <-- POST /wd/hub/session/e522ae9d-eaa2-4040-ad29-5c2136d64c76/touch/perform 200 1012 ms - 76 
2018-04-07 05:28:39:705 - info: [HTTP] --> GET /wd/hub/session/e522ae9d-eaa2-4040-ad29-5c2136d64c76/window/current/size {}
2018-04-07 05:28:39:706 - info: [MJSONWP] Driver proxy active, passing request on via HTTP proxy
2018-04-07 05:28:39:708 - info: [debug] [JSONWP Proxy] Proxying [GET /wd/hub/session/e522ae9d-eaa2-4040-ad29-5c2136d64c76/window/current/size] to [GET http://localhost:8216/wd/hub/session/3986e8e0-d397-4697-8203-1d800a5cdec2/window/current/size] with body: {}
2018-04-07 05:28:39:724 - info: [debug] [JSONWP Proxy] Got response with status 200: "{\"sessionId\":\"3986e8e0-d397-4697-8203-1d800a5cdec2\",\"status\":0,\"value\":{\"height\":1812,\"width\":1080}}"
2018-04-07 05:28:39:724 - info: [JSONWP Proxy] Replacing sessionId 3986e8e0-d397-4697-8203-1d800a5cdec2 with e522ae9d-eaa2-4040-ad29-5c2136d64c76
2018-04-07 05:28:39:725 - info: [HTTP] <-- GET /wd/hub/session/e522ae9d-eaa2-4040-ad29-5c2136d64c76/window/current/size 200 19 ms - 100 
2018-04-07 05:28:39:729 - info: [HTTP] --> GET /wd/hub/session/e522ae9d-eaa2-4040-ad29-5c2136d64c76/window/current/size {}
2018-04-07 05:28:39:730 - info: [MJSONWP] Driver proxy active, passing request on via HTTP proxy
2018-04-07 05:28:39:730 - info: [debug] [JSONWP Proxy] Proxying [GET /wd/hub/session/e522ae9d-eaa2-4040-ad29-5c2136d64c76/window/current/size] to [GET http://localhost:8216/wd/hub/session/3986e8e0-d397-4697-8203-1d800a5cdec2/window/current/size] with body: {}
2018-04-07 05:28:39:746 - info: [debug] [JSONWP Proxy] Got response with status 200: "{\"sessionId\":\"3986e8e0-d397-4697-8203-1d800a5cdec2\",\"status\":0,\"value\":{\"height\":1812,\"width\":1080}}"
2018-04-07 05:28:39:746 - info: [JSONWP Proxy] Replacing sessionId 3986e8e0-d397-4697-8203-1d800a5cdec2 with e522ae9d-eaa2-4040-ad29-5c2136d64c76
2018-04-07 05:28:39:747 - info: [HTTP] <-- GET /wd/hub/session/e522ae9d-eaa2-4040-ad29-5c2136d64c76/window/current/size 200 17 ms - 100 
2018-04-07 05:28:39:750 - info: [HTTP] --> POST /wd/hub/session/e522ae9d-eaa2-4040-ad29-5c2136d64c76/touch/perform {"sessionId":"e522ae9d-eaa2-4040-ad29-5c2136d64c76","actions":[{"action":"press","options":{"y":906,"x":972}},{"action":"wait","options":{"ms":1000}},{"action":"moveTo","options":{"y":906,"x":108}},{"action":"release","options":{}}]}
2018-04-07 05:28:39:751 - info: [debug] [MJSONWP] Calling AppiumDriver.performTouch() with args: [[{"action":"press","options":{"y":906,"x":972}},{"action":"wait","options":{"ms":1000}},{"action":"moveTo","options":{"y":906,"x":108}},{"action":"release","options":{}}],"e522ae9d-eaa2-4040-ad29-5c2136d64c76"]
2018-04-07 05:28:39:754 - info: [debug] [JSONWP Proxy] Proxying [POST /touch/perform] to [POST http://localhost:8216/wd/hub/session/3986e8e0-d397-4697-8203-1d800a5cdec2/touch/perform] with body: {"startX":972,"startY":906,"endX":108,"endY":906,"steps":28}
2018-04-07 05:28:40:240 - info: [debug] [JSONWP Proxy] Got response with status 200: {"sessionId":"3986e8e0-d397-4697-8203-1d800a5cdec2","status":0,"value":true}
2018-04-07 05:28:40:241 - info: [debug] [MJSONWP] Responding to client with driver.performTouch() result: true
2018-04-07 05:28:40:242 - info: [HTTP] <-- POST /wd/hub/session/e522ae9d-eaa2-4040-ad29-5c2136d64c76/touch/perform 200 491 ms - 76 
2018-04-07 05:28:41:246 - info: [HTTP] --> GET /wd/hub/session/e522ae9d-eaa2-4040-ad29-5c2136d64c76/window/current/size {}
2018-04-07 05:28:41:247 - info: [MJSONWP] Driver proxy active, passing request on via HTTP proxy
2018-04-07 05:28:41:248 - info: [debug] [JSONWP Proxy] Proxying [GET /wd/hub/session/e522ae9d-eaa2-4040-ad29-5c2136d64c76/window/current/size] to [GET http://localhost:8216/wd/hub/session/3986e8e0-d397-4697-8203-1d800a5cdec2/window/current/size] with body: {}
2018-04-07 05:28:41:264 - info: [debug] [JSONWP Proxy] Got response with status 200: "{\"sessionId\":\"3986e8e0-d397-4697-8203-1d800a5cdec2\",\"status\":0,\"value\":{\"height\":1812,\"width\":1080}}"
2018-04-07 05:28:41:265 - info: [JSONWP Proxy] Replacing sessionId 3986e8e0-d397-4697-8203-1d800a5cdec2 with e522ae9d-eaa2-4040-ad29-5c2136d64c76
2018-04-07 05:28:41:266 - info: [HTTP] <-- GET /wd/hub/session/e522ae9d-eaa2-4040-ad29-5c2136d64c76/window/current/size 200 20 ms - 100 
2018-04-07 05:28:41:276 - info: [HTTP] --> GET /wd/hub/session/e522ae9d-eaa2-4040-ad29-5c2136d64c76/window/current/size {}
2018-04-07 05:28:41:277 - info: [MJSONWP] Driver proxy active, passing request on via HTTP proxy
2018-04-07 05:28:41:277 - info: [debug] [JSONWP Proxy] Proxying [GET /wd/hub/session/e522ae9d-eaa2-4040-ad29-5c2136d64c76/window/current/size] to [GET http://localhost:8216/wd/hub/session/3986e8e0-d397-4697-8203-1d800a5cdec2/window/current/size] with body: {}
2018-04-07 05:28:41:298 - info: [debug] [JSONWP Proxy] Got response with status 200: "{\"sessionId\":\"3986e8e0-d397-4697-8203-1d800a5cdec2\",\"status\":0,\"value\":{\"height\":1812,\"width\":1080}}"
2018-04-07 05:28:41:298 - info: [JSONWP Proxy] Replacing sessionId 3986e8e0-d397-4697-8203-1d800a5cdec2 with e522ae9d-eaa2-4040-ad29-5c2136d64c76
2018-04-07 05:28:41:299 - info: [HTTP] <-- GET /wd/hub/session/e522ae9d-eaa2-4040-ad29-5c2136d64c76/window/current/size 200 23 ms - 100 
2018-04-07 05:28:41:302 - info: [HTTP] --> POST /wd/hub/session/e522ae9d-eaa2-4040-ad29-5c2136d64c76/touch/perform {"sessionId":"e522ae9d-eaa2-4040-ad29-5c2136d64c76","actions":[{"action":"press","options":{"y":906,"x":972}},{"action":"wait","options":{"ms":1000}},{"action":"moveTo","options":{"y":906,"x":108}},{"action":"release","options":{}}]}
2018-04-07 05:28:41:303 - info: [debug] [MJSONWP] Calling AppiumDriver.performTouch() with args: [[{"action":"press","options":{"y":906,"x":972}},{"action":"wait","options":{"ms":1000}},{"action":"moveTo","options":{"y":906,"x":108}},{"action":"release","options":{}}],"e522ae9d-eaa2-4040-ad29-5c2136d64c76"]
2018-04-07 05:28:41:305 - info: [debug] [JSONWP Proxy] Proxying [POST /touch/perform] to [POST http://localhost:8216/wd/hub/session/3986e8e0-d397-4697-8203-1d800a5cdec2/touch/perform] with body: {"startX":972,"startY":906,"endX":108,"endY":906,"steps":28}
2018-04-07 05:28:41:795 - info: [debug] [JSONWP Proxy] Got response with status 200: {"sessionId":"3986e8e0-d397-4697-8203-1d800a5cdec2","status":0,"value":true}
2018-04-07 05:28:41:796 - info: [debug] [MJSONWP] Responding to client with driver.performTouch() result: true
2018-04-07 05:28:41:797 - info: [HTTP] <-- POST /wd/hub/session/e522ae9d-eaa2-4040-ad29-5c2136d64c76/touch/perform 200 494 ms - 76 
2018-04-07 05:28:42:800 - info: [HTTP] --> GET /wd/hub/session/e522ae9d-eaa2-4040-ad29-5c2136d64c76/window/current/size {}
2018-04-07 05:28:42:800 - info: [MJSONWP] Driver proxy active, passing request on via HTTP proxy
2018-04-07 05:28:42:801 - info: [debug] [JSONWP Proxy] Proxying [GET /wd/hub/session/e522ae9d-eaa2-4040-ad29-5c2136d64c76/window/current/size] to [GET http://localhost:8216/wd/hub/session/3986e8e0-d397-4697-8203-1d800a5cdec2/window/current/size] with body: {}
2018-04-07 05:28:42:822 - info: [debug] [JSONWP Proxy] Got response with status 200: "{\"sessionId\":\"3986e8e0-d397-4697-8203-1d800a5cdec2\",\"status\":0,\"value\":{\"height\":1812,\"width\":1080}}"
2018-04-07 05:28:42:822 - info: [JSONWP Proxy] Replacing sessionId 3986e8e0-d397-4697-8203-1d800a5cdec2 with e522ae9d-eaa2-4040-ad29-5c2136d64c76
2018-04-07 05:28:42:823 - info: [HTTP] <-- GET /wd/hub/session/e522ae9d-eaa2-4040-ad29-5c2136d64c76/window/current/size 200 23 ms - 100 
2018-04-07 05:28:42:826 - info: [HTTP] --> GET /wd/hub/session/e522ae9d-eaa2-4040-ad29-5c2136d64c76/window/current/size {}
2018-04-07 05:28:42:827 - info: [MJSONWP] Driver proxy active, passing request on via HTTP proxy
2018-04-07 05:28:42:828 - info: [debug] [JSONWP Proxy] Proxying [GET /wd/hub/session/e522ae9d-eaa2-4040-ad29-5c2136d64c76/window/current/size] to [GET http://localhost:8216/wd/hub/session/3986e8e0-d397-4697-8203-1d800a5cdec2/window/current/size] with body: {}
2018-04-07 05:28:42:844 - info: [debug] [JSONWP Proxy] Got response with status 200: "{\"sessionId\":\"3986e8e0-d397-4697-8203-1d800a5cdec2\",\"status\":0,\"value\":{\"height\":1812,\"width\":1080}}"
2018-04-07 05:28:42:845 - info: [JSONWP Proxy] Replacing sessionId 3986e8e0-d397-4697-8203-1d800a5cdec2 with e522ae9d-eaa2-4040-ad29-5c2136d64c76
2018-04-07 05:28:42:846 - info: [HTTP] <-- GET /wd/hub/session/e522ae9d-eaa2-4040-ad29-5c2136d64c76/window/current/size 200 19 ms - 100 
2018-04-07 05:28:42:849 - info: [HTTP] --> POST /wd/hub/session/e522ae9d-eaa2-4040-ad29-5c2136d64c76/touch/perform {"sessionId":"e522ae9d-eaa2-4040-ad29-5c2136d64c76","actions":[{"action":"press","options":{"y":906,"x":972}},{"action":"wait","options":{"ms":1000}},{"action":"moveTo","options":{"y":906,"x":108}},{"action":"release","options":{}}]}
2018-04-07 05:28:42:850 - info: [debug] [MJSONWP] Calling AppiumDriver.performTouch() with args: [[{"action":"press","options":{"y":906,"x":972}},{"action":"wait","options":{"ms":1000}},{"action":"moveTo","options":{"y":906,"x":108}},{"action":"release","options":{}}],"e522ae9d-eaa2-4040-ad29-5c2136d64c76"]
2018-04-07 05:28:42:853 - info: [debug] [JSONWP Proxy] Proxying [POST /touch/perform] to [POST http://localhost:8216/wd/hub/session/3986e8e0-d397-4697-8203-1d800a5cdec2/touch/perform] with body: {"startX":972,"startY":906,"endX":108,"endY":906,"steps":28}
2018-04-07 05:28:43:332 - info: [debug] [JSONWP Proxy] Got response with status 200: {"sessionId":"3986e8e0-d397-4697-8203-1d800a5cdec2","status":0,"value":true}
2018-04-07 05:28:43:333 - info: [debug] [MJSONWP] Responding to client with driver.performTouch() result: true
2018-04-07 05:28:43:334 - info: [HTTP] <-- POST /wd/hub/session/e522ae9d-eaa2-4040-ad29-5c2136d64c76/touch/perform 200 484 ms - 76 
2018-04-07 05:28:44:337 - info: [HTTP] --> GET /wd/hub/session/e522ae9d-eaa2-4040-ad29-5c2136d64c76/window/current/size {}
2018-04-07 05:28:44:337 - info: [MJSONWP] Driver proxy active, passing request on via HTTP proxy
2018-04-07 05:28:44:338 - info: [debug] [JSONWP Proxy] Proxying [GET /wd/hub/session/e522ae9d-eaa2-4040-ad29-5c2136d64c76/window/current/size] to [GET http://localhost:8216/wd/hub/session/3986e8e0-d397-4697-8203-1d800a5cdec2/window/current/size] with body: {}
2018-04-07 05:28:44:356 - info: [debug] [JSONWP Proxy] Got response with status 200: "{\"sessionId\":\"3986e8e0-d397-4697-8203-1d800a5cdec2\",\"status\":0,\"value\":{\"height\":1812,\"width\":1080}}"
2018-04-07 05:28:44:356 - info: [JSONWP Proxy] Replacing sessionId 3986e8e0-d397-4697-8203-1d800a5cdec2 with e522ae9d-eaa2-4040-ad29-5c2136d64c76
2018-04-07 05:28:44:357 - info: [HTTP] <-- GET /wd/hub/session/e522ae9d-eaa2-4040-ad29-5c2136d64c76/window/current/size 200 20 ms - 100 
2018-04-07 05:28:44:361 - info: [HTTP] --> GET /wd/hub/session/e522ae9d-eaa2-4040-ad29-5c2136d64c76/window/current/size {}
2018-04-07 05:28:44:362 - info: [MJSONWP] Driver proxy active, passing request on via HTTP proxy
2018-04-07 05:28:44:363 - info: [debug] [JSONWP Proxy] Proxying [GET /wd/hub/session/e522ae9d-eaa2-4040-ad29-5c2136d64c76/window/current/size] to [GET http://localhost:8216/wd/hub/session/3986e8e0-d397-4697-8203-1d800a5cdec2/window/current/size] with body: {}
2018-04-07 05:28:44:379 - info: [debug] [JSONWP Proxy] Got response with status 200: "{\"sessionId\":\"3986e8e0-d397-4697-8203-1d800a5cdec2\",\"status\":0,\"value\":{\"height\":1812,\"width\":1080}}"
2018-04-07 05:28:44:379 - info: [JSONWP Proxy] Replacing sessionId 3986e8e0-d397-4697-8203-1d800a5cdec2 with e522ae9d-eaa2-4040-ad29-5c2136d64c76
2018-04-07 05:28:44:380 - info: [HTTP] <-- GET /wd/hub/session/e522ae9d-eaa2-4040-ad29-5c2136d64c76/window/current/size 200 19 ms - 100 
2018-04-07 05:28:44:384 - info: [HTTP] --> POST /wd/hub/session/e522ae9d-eaa2-4040-ad29-5c2136d64c76/touch/perform {"sessionId":"e522ae9d-eaa2-4040-ad29-5c2136d64c76","actions":[{"action":"press","options":{"y":906,"x":972}},{"action":"wait","options":{"ms":1000}},{"action":"moveTo","options":{"y":906,"x":108}},{"action":"release","options":{}}]}
2018-04-07 05:28:44:384 - info: [debug] [MJSONWP] Calling AppiumDriver.performTouch() with args: [[{"action":"press","options":{"y":906,"x":972}},{"action":"wait","options":{"ms":1000}},{"action":"moveTo","options":{"y":906,"x":108}},{"action":"release","options":{}}],"e522ae9d-eaa2-4040-ad29-5c2136d64c76"]
2018-04-07 05:28:44:386 - info: [debug] [JSONWP Proxy] Proxying [POST /touch/perform] to [POST http://localhost:8216/wd/hub/session/3986e8e0-d397-4697-8203-1d800a5cdec2/touch/perform] with body: {"startX":972,"startY":906,"endX":108,"endY":906,"steps":28}
2018-04-07 05:28:44:865 - info: [debug] [JSONWP Proxy] Got response with status 200: {"sessionId":"3986e8e0-d397-4697-8203-1d800a5cdec2","status":0,"value":true}
2018-04-07 05:28:44:865 - info: [debug] [MJSONWP] Responding to client with driver.performTouch() result: true
2018-04-07 05:28:44:867 - info: [HTTP] <-- POST /wd/hub/session/e522ae9d-eaa2-4040-ad29-5c2136d64c76/touch/perform 200 483 ms - 76 
2018-04-07 05:28:44:872 - info: [HTTP] --> POST /wd/hub/session/e522ae9d-eaa2-4040-ad29-5c2136d64c76/element {"using":"class name","sessionId":"e522ae9d-eaa2-4040-ad29-5c2136d64c76","value":"android.widget.ImageView"}
2018-04-07 05:28:44:873 - info: [debug] [MJSONWP] Calling AppiumDriver.findElement() with args: ["class name","android.widget.ImageView","e522ae9d-eaa2-4040-ad29-5c2136d64c76"]
2018-04-07 05:28:44:876 - info: [debug] [BaseDriver] Valid locator strategies for this request: xpath, id, class name, accessibility id, -android uiautomator
2018-04-07 05:28:44:878 - info: [debug] [BaseDriver] Valid locator strategies for this request: xpath, id, class name, accessibility id, -android uiautomator
2018-04-07 05:28:44:878 - info: [debug] [BaseDriver] Waiting up to 0 ms for condition
2018-04-07 05:28:44:880 - info: [debug] [JSONWP Proxy] Proxying [POST /element] to [POST http://localhost:8216/wd/hub/session/3986e8e0-d397-4697-8203-1d800a5cdec2/element] with body: {"strategy":"class name","selector":"android.widget.ImageView","context":"","multiple":false}
2018-04-07 05:28:45:641 - info: [debug] [JSONWP Proxy] Got response with status 200: {"sessionId":"3986e8e0-d397-4697-8203-1d800a5cdec2","status":0,"value":{"ELEMENT":"b1c02e29-d609-4463-a815-98f3efa5c1d5"}}
2018-04-07 05:28:45:643 - info: [debug] [MJSONWP] Responding to client with driver.findElement() result: {"ELEMENT":"b1c02e29-d609-4463-a815-98f3efa5c1d5"}
2018-04-07 05:28:45:644 - info: [HTTP] <-- POST /wd/hub/session/e522ae9d-eaa2-4040-ad29-5c2136d64c76/element 200 771 ms - 122 
2018-04-07 05:28:45:647 - info: [HTTP] --> POST /wd/hub/session/e522ae9d-eaa2-4040-ad29-5c2136d64c76/element/b1c02e29-d609-4463-a815-98f3efa5c1d5/click {"sessionId":"e522ae9d-eaa2-4040-ad29-5c2136d64c76","id":"b1c02e29-d609-4463-a815-98f3efa5c1d5"}
2018-04-07 05:28:45:648 - info: [debug] [MJSONWP] Calling AppiumDriver.click() with args: ["b1c02e29-d609-4463-a815-98f3efa5c1d5","e522ae9d-eaa2-4040-ad29-5c2136d64c76"]
2018-04-07 05:28:45:649 - info: [debug] [JSONWP Proxy] Proxying [POST /element/b1c02e29-d609-4463-a815-98f3efa5c1d5/click] to [POST http://localhost:8216/wd/hub/session/3986e8e0-d397-4697-8203-1d800a5cdec2/element/b1c02e29-d609-4463-a815-98f3efa5c1d5/click] with body: {"element":"b1c02e29-d609-4463-a815-98f3efa5c1d5"}
2018-04-07 05:28:45:672 - info: [debug] [JSONWP Proxy] Got response with status 200: {"sessionId":"3986e8e0-d397-4697-8203-1d800a5cdec2","status":0,"value":true}
2018-04-07 05:28:45:673 - info: [debug] [MJSONWP] Responding to client with driver.click() result: true
2018-04-07 05:28:45:674 - info: [HTTP] <-- POST /wd/hub/session/e522ae9d-eaa2-4040-ad29-5c2136d64c76/element/b1c02e29-d609-4463-a815-98f3efa5c1d5/click 200 27 ms - 76 
2018-04-07 05:28:48:680 - info: [HTTP] --> POST /wd/hub/session/e522ae9d-eaa2-4040-ad29-5c2136d64c76/elements {"using":"class name","sessionId":"e522ae9d-eaa2-4040-ad29-5c2136d64c76","value":"android.widget.EditText"}
2018-04-07 05:28:48:681 - info: [debug] [MJSONWP] Calling AppiumDriver.findElements() with args: ["class name","android.widget.EditText","e522ae9d-eaa2-4040-ad29-5c2136d64c76"]
2018-04-07 05:28:48:682 - info: [debug] [BaseDriver] Valid locator strategies for this request: xpath, id, class name, accessibility id, -android uiautomator
2018-04-07 05:28:48:682 - info: [debug] [BaseDriver] Valid locator strategies for this request: xpath, id, class name, accessibility id, -android uiautomator
2018-04-07 05:28:48:682 - info: [debug] [BaseDriver] Waiting up to 0 ms for condition
2018-04-07 05:28:48:684 - info: [debug] [JSONWP Proxy] Proxying [POST /elements] to [POST http://localhost:8216/wd/hub/session/3986e8e0-d397-4697-8203-1d800a5cdec2/elements] with body: {"strategy":"class name","selector":"android.widget.EditText","context":"","multiple":true}
2018-04-07 05:28:48:706 - info: [debug] [JSONWP Proxy] Got response with status 200: {"sessionId":"3986e8e0-d397-4697-8203-1d800a5cdec2","status":0,"value":[{"ELEMENT":"5dd26c33-1561-469c-8222-4fd0c622899a"},{"ELEMENT":"7fb23aa8-4325-401c-81b1-539cff656a7a"}]}
2018-04-07 05:28:48:707 - info: [debug] [MJSONWP] Responding to client with driver.findElements() result: [{"ELEMENT":"5dd26c33-1561-469c-8222-4fd0c622899a"},{"ELEMENT":"7fb23aa8-4325-401c-81b1-539cff656a7a"}]
2018-04-07 05:28:48:708 - info: [HTTP] <-- POST /wd/hub/session/e522ae9d-eaa2-4040-ad29-5c2136d64c76/elements 200 27 ms - 175 
2018-04-07 05:28:48:712 - info: [HTTP] --> POST /wd/hub/session/e522ae9d-eaa2-4040-ad29-5c2136d64c76/element/5dd26c33-1561-469c-8222-4fd0c622899a/value {"text":"18550903915","sessionId":"e522ae9d-eaa2-4040-ad29-5c2136d64c76","id":"5dd26c33-1561-469c-8222-4fd0c622899a","value":["1","8","5","5","0","9","0","3","9","1","5"]}
2018-04-07 05:28:48:712 - info: [debug] [MJSONWP] Calling AppiumDriver.setValue() with args: [["1","8","5","5","0","9","0","3","9","1","5"],"5dd26c33-1561-469c-8222-4fd0c622899a","e522ae9d-eaa2-4040-ad29-5c2136d64c76"]
2018-04-07 05:28:48:715 - info: [debug] [JSONWP Proxy] Proxying [POST /element/5dd26c33-1561-469c-8222-4fd0c622899a/value] to [POST http://localhost:8216/wd/hub/session/3986e8e0-d397-4697-8203-1d800a5cdec2/element/5dd26c33-1561-469c-8222-4fd0c622899a/value] with body: {"elementId":"5dd26c33-1561-469c-8222-4fd0c622899a","text":"18550903915","replace":false,"unicodeKeyboard":true}
2018-04-07 05:28:49:272 - info: [debug] [JSONWP Proxy] Got response with status 200: {"sessionId":"3986e8e0-d397-4697-8203-1d800a5cdec2","status":0,"value":""}
2018-04-07 05:28:49:273 - info: [debug] [MJSONWP] Responding to client with driver.setValue() result: ""
2018-04-07 05:28:49:275 - info: [HTTP] <-- POST /wd/hub/session/e522ae9d-eaa2-4040-ad29-5c2136d64c76/element/5dd26c33-1561-469c-8222-4fd0c622899a/value 200 562 ms - 74 
2018-04-07 05:28:49:278 - info: [HTTP] --> POST /wd/hub/session/e522ae9d-eaa2-4040-ad29-5c2136d64c76/elements {"using":"class name","sessionId":"e522ae9d-eaa2-4040-ad29-5c2136d64c76","value":"android.widget.EditText"}
2018-04-07 05:28:49:279 - info: [debug] [MJSONWP] Calling AppiumDriver.findElements() with args: ["class name","android.widget.EditText","e522ae9d-eaa2-4040-ad29-5c2136d64c76"]
2018-04-07 05:28:49:281 - info: [debug] [BaseDriver] Valid locator strategies for this request: xpath, id, class name, accessibility id, -android uiautomator
2018-04-07 05:28:49:281 - info: [debug] [BaseDriver] Valid locator strategies for this request: xpath, id, class name, accessibility id, -android uiautomator
2018-04-07 05:28:49:281 - info: [debug] [BaseDriver] Waiting up to 0 ms for condition
2018-04-07 05:28:49:282 - info: [debug] [JSONWP Proxy] Proxying [POST /elements] to [POST http://localhost:8216/wd/hub/session/3986e8e0-d397-4697-8203-1d800a5cdec2/elements] with body: {"strategy":"class name","selector":"android.widget.EditText","context":"","multiple":true}
2018-04-07 05:28:49:785 - info: [debug] [JSONWP Proxy] Got response with status 200: {"sessionId":"3986e8e0-d397-4697-8203-1d800a5cdec2","status":0,"value":[{"ELEMENT":"2948a813-3092-4e43-9069-466345a70e27"},{"ELEMENT":"e8bf7a8e-467c-4683-b924-695953f9e112"}]}
2018-04-07 05:28:49:786 - info: [debug] [MJSONWP] Responding to client with driver.findElements() result: [{"ELEMENT":"2948a813-3092-4e43-9069-466345a70e27"},{"ELEMENT":"e8bf7a8e-467c-4683-b924-695953f9e112"}]
2018-04-07 05:28:49:788 - info: [HTTP] <-- POST /wd/hub/session/e522ae9d-eaa2-4040-ad29-5c2136d64c76/elements 200 509 ms - 175 
2018-04-07 05:28:49:793 - info: [HTTP] --> POST /wd/hub/session/e522ae9d-eaa2-4040-ad29-5c2136d64c76/element/e8bf7a8e-467c-4683-b924-695953f9e112/value {"text":"qwe123","sessionId":"e522ae9d-eaa2-4040-ad29-5c2136d64c76","id":"e8bf7a8e-467c-4683-b924-695953f9e112","value":["q","w","e","1","2","3"]}
2018-04-07 05:28:49:794 - info: [debug] [MJSONWP] Calling AppiumDriver.setValue() with args: [["q","w","e","1","2","3"],"e8bf7a8e-467c-4683-b924-695953f9e112","e522ae9d-eaa2-4040-ad29-5c2136d64c76"]
2018-04-07 05:28:49:795 - info: [debug] [JSONWP Proxy] Proxying [POST /element/e8bf7a8e-467c-4683-b924-695953f9e112/value] to [POST http://localhost:8216/wd/hub/session/3986e8e0-d397-4697-8203-1d800a5cdec2/element/e8bf7a8e-467c-4683-b924-695953f9e112/value] with body: {"elementId":"e8bf7a8e-467c-4683-b924-695953f9e112","text":"qwe123","replace":false,"unicodeKeyboard":true}
2018-04-07 05:28:50:354 - info: [debug] [JSONWP Proxy] Got response with status 200: {"sessionId":"3986e8e0-d397-4697-8203-1d800a5cdec2","status":0,"value":""}
2018-04-07 05:28:50:355 - info: [debug] [MJSONWP] Responding to client with driver.setValue() result: ""
2018-04-07 05:28:50:356 - info: [HTTP] <-- POST /wd/hub/session/e522ae9d-eaa2-4040-ad29-5c2136d64c76/element/e8bf7a8e-467c-4683-b924-695953f9e112/value 200 563 ms - 74 
2018-04-07 05:28:50:360 - info: [HTTP] --> POST /wd/hub/session/e522ae9d-eaa2-4040-ad29-5c2136d64c76/element {"using":"-android uiautomator","sessionId":"e522ae9d-eaa2-4040-ad29-5c2136d64c76","value":"new UiSelector().text(\"\")"}
2018-04-07 05:28:50:362 - info: [debug] [MJSONWP] Calling AppiumDriver.findElement() with args: ["-android uiautomator","new UiSelector().text(\"\")","e522ae9d-eaa2-4040-ad29-5c2136d64c76"]
2018-04-07 05:28:50:363 - info: [debug] [BaseDriver] Valid locator strategies for this request: xpath, id, class name, accessibility id, -android uiautomator
2018-04-07 05:28:50:363 - info: [debug] [BaseDriver] Valid locator strategies for this request: xpath, id, class name, accessibility id, -android uiautomator
2018-04-07 05:28:50:363 - info: [debug] [BaseDriver] Waiting up to 0 ms for condition
2018-04-07 05:28:50:364 - info: [debug] [JSONWP Proxy] Proxying [POST /element] to [POST http://localhost:8216/wd/hub/session/3986e8e0-d397-4697-8203-1d800a5cdec2/element] with body: {"strategy":"-android uiautomator","selector":"new UiSelector().text(\"\")","context":"","multiple":false}
2018-04-07 05:28:50:884 - info: [debug] [JSONWP Proxy] Got response with status 200: {"sessionId":"3986e8e0-d397-4697-8203-1d800a5cdec2","status":0,"value":{"ELEMENT":"4d28e424-154c-413a-981f-9f35c72555e8"}}
2018-04-07 05:28:50:885 - info: [debug] [MJSONWP] Responding to client with driver.findElement() result: {"ELEMENT":"4d28e424-154c-413a-981f-9f35c72555e8"}
2018-04-07 05:28:50:886 - info: [HTTP] <-- POST /wd/hub/session/e522ae9d-eaa2-4040-ad29-5c2136d64c76/element 200 525 ms - 122 
2018-04-07 05:28:50:889 - info: [HTTP] --> POST /wd/hub/session/e522ae9d-eaa2-4040-ad29-5c2136d64c76/element/4d28e424-154c-413a-981f-9f35c72555e8/click {"sessionId":"e522ae9d-eaa2-4040-ad29-5c2136d64c76","id":"4d28e424-154c-413a-981f-9f35c72555e8"}
2018-04-07 05:28:50:890 - info: [debug] [MJSONWP] Calling AppiumDriver.click() with args: ["4d28e424-154c-413a-981f-9f35c72555e8","e522ae9d-eaa2-4040-ad29-5c2136d64c76"]
2018-04-07 05:28:50:890 - info: [debug] [JSONWP Proxy] Proxying [POST /element/4d28e424-154c-413a-981f-9f35c72555e8/click] to [POST http://localhost:8216/wd/hub/session/3986e8e0-d397-4697-8203-1d800a5cdec2/element/4d28e424-154c-413a-981f-9f35c72555e8/click] with body: {"element":"4d28e424-154c-413a-981f-9f35c72555e8"}
2018-04-07 05:28:53:149 - info: [debug] [JSONWP Proxy] Got response with status 200: {"sessionId":"3986e8e0-d397-4697-8203-1d800a5cdec2","status":0,"value":true}
2018-04-07 05:28:53:152 - info: [debug] [MJSONWP] Responding to client with driver.click() result: true
2018-04-07 05:28:53:153 - info: [HTTP] <-- POST /wd/hub/session/e522ae9d-eaa2-4040-ad29-5c2136d64c76/element/4d28e424-154c-413a-981f-9f35c72555e8/click 200 2263 ms - 76 
2018-04-07 05:28:53:159 - info: [HTTP] --> POST /wd/hub/session/e522ae9d-eaa2-4040-ad29-5c2136d64c76/element {"using":"-android uiautomator","sessionId":"e522ae9d-eaa2-4040-ad29-5c2136d64c76","value":"new UiSelector().description(\"plusIcon\")"}
2018-04-07 05:28:53:160 - info: [debug] [MJSONWP] Calling AppiumDriver.findElement() with args: ["-android uiautomator","new UiSelector().description(\"plusIcon\")","e522ae9d-eaa2-4040-ad29-5c2136d64c76"]
2018-04-07 05:28:53:161 - info: [debug] [BaseDriver] Valid locator strategies for this request: xpath, id, class name, accessibility id, -android uiautomator
2018-04-07 05:28:53:161 - info: [debug] [BaseDriver] Valid locator strategies for this request: xpath, id, class name, accessibility id, -android uiautomator
2018-04-07 05:28:53:161 - info: [debug] [BaseDriver] Waiting up to 0 ms for condition
2018-04-07 05:28:53:162 - info: [debug] [JSONWP Proxy] Proxying [POST /element] to [POST http://localhost:8216/wd/hub/session/3986e8e0-d397-4697-8203-1d800a5cdec2/element] with body: {"strategy":"-android uiautomator","selector":"new UiSelector().description(\"plusIcon\")","context":"","multiple":false}
2018-04-07 05:28:53:541 - info: [debug] [JSONWP Proxy] Got response with status 200: {"sessionId":"3986e8e0-d397-4697-8203-1d800a5cdec2","status":0,"value":{"ELEMENT":"d6171d39-6f9f-41f9-96cc-481651a054ef"}}
2018-04-07 05:28:53:542 - info: [debug] [MJSONWP] Responding to client with driver.findElement() result: {"ELEMENT":"d6171d39-6f9f-41f9-96cc-481651a054ef"}
2018-04-07 05:28:53:545 - info: [HTTP] <-- POST /wd/hub/session/e522ae9d-eaa2-4040-ad29-5c2136d64c76/element 200 386 ms - 122 
2018-04-07 05:28:53:551 - info: [HTTP] --> GET /wd/hub/session/e522ae9d-eaa2-4040-ad29-5c2136d64c76/element/d6171d39-6f9f-41f9-96cc-481651a054ef/displayed {}
2018-04-07 05:28:53:552 - info: [debug] [MJSONWP] Calling AppiumDriver.elementDisplayed() with args: ["d6171d39-6f9f-41f9-96cc-481651a054ef","e522ae9d-eaa2-4040-ad29-5c2136d64c76"]
2018-04-07 05:28:53:553 - info: [debug] [JSONWP Proxy] Proxying [GET /element/d6171d39-6f9f-41f9-96cc-481651a054ef/attribute/displayed] to [GET http://localhost:8216/wd/hub/session/3986e8e0-d397-4697-8203-1d800a5cdec2/element/d6171d39-6f9f-41f9-96cc-481651a054ef/attribute/displayed] with body: {}
2018-04-07 05:28:53:612 - info: [debug] [JSONWP Proxy] Got response with status 200: "{\"sessionId\":\"3986e8e0-d397-4697-8203-1d800a5cdec2\",\"status\":0,\"value\":\"true\"}"
2018-04-07 05:28:53:613 - info: [debug] [MJSONWP] Responding to client with driver.elementDisplayed() result: true
2018-04-07 05:28:53:616 - info: [HTTP] <-- GET /wd/hub/session/e522ae9d-eaa2-4040-ad29-5c2136d64c76/element/d6171d39-6f9f-41f9-96cc-481651a054ef/displayed 200 63 ms - 76 
2018-04-07 05:28:56:619 - info: [HTTP] --> POST /wd/hub/session/e522ae9d-eaa2-4040-ad29-5c2136d64c76/elements {"using":"-android uiautomator","sessionId":"e522ae9d-eaa2-4040-ad29-5c2136d64c76","value":"new UiSelector().text(\":\")"}
2018-04-07 05:28:56:619 - info: [debug] [MJSONWP] Calling AppiumDriver.findElements() with args: ["-android uiautomator","new UiSelector().text(\":\")","e522ae9d-eaa2-4040-ad29-5c2136d64c76"]
2018-04-07 05:28:56:620 - info: [debug] [BaseDriver] Valid locator strategies for this request: xpath, id, class name, accessibility id, -android uiautomator
2018-04-07 05:28:56:620 - info: [debug] [BaseDriver] Valid locator strategies for this request: xpath, id, class name, accessibility id, -android uiautomator
2018-04-07 05:28:56:620 - info: [debug] [BaseDriver] Waiting up to 0 ms for condition
2018-04-07 05:28:56:621 - info: [debug] [JSONWP Proxy] Proxying [POST /elements] to [POST http://localhost:8216/wd/hub/session/3986e8e0-d397-4697-8203-1d800a5cdec2/elements] with body: {"strategy":"-android uiautomator","selector":"new UiSelector().text(\":\")","context":"","multiple":true}
2018-04-07 05:28:56:956 - info: [debug] [JSONWP Proxy] Got response with status 200: {"sessionId":"3986e8e0-d397-4697-8203-1d800a5cdec2","status":0,"value":[]}
2018-04-07 05:28:56:957 - info: [debug] [MJSONWP] Responding to client with driver.findElements() result: []
2018-04-07 05:28:56:958 - info: [HTTP] <-- POST /wd/hub/session/e522ae9d-eaa2-4040-ad29-5c2136d64c76/elements 200 339 ms - 74 
2018-04-07 05:29:56:954 - warn: [BaseDriver] Shutting down because we waited 60 seconds for a command
2018-04-07 05:29:56:959 - info: [debug] [UiAutomator2] Deleting UiAutomator2 session
2018-04-07 05:29:56:960 - warn: [Appium] Closing session, cause was 'New Command Timeout of 60 seconds expired. Try customizing the timeout using the 'newCommandTimeout' desired capability'
2018-04-07 05:29:56:960 - info: [Appium] Removing session e522ae9d-eaa2-4040-ad29-5c2136d64c76 from our master session list
2018-04-07 05:29:56:961 - info: [debug] [UiAutomator2] Deleting UiAutomator2 server session
2018-04-07 05:29:56:961 - info: [debug] [JSONWP Proxy] Proxying [DELETE /] to [DELETE http://localhost:8216/wd/hub/session/3986e8e0-d397-4697-8203-1d800a5cdec2] with no body
2018-04-07 05:29:57:041 - info: [debug] [JSONWP Proxy] Got response with status 200: "{\"sessionId\":\"3986e8e0-d397-4697-8203-1d800a5cdec2\",\"status\":0,\"value\":\"Session deleted\"}"
2018-04-07 05:29:57:042 - info: [debug] [UiAutomator2] Resetting IME to 'io.appium.android.ime/.UnicodeIME'
2018-04-07 05:29:57:042 - info: [debug] [ADB] Getting connected devices...
2018-04-07 05:29:57:307 - info: [debug] [ADB] 1 device(s) connected
2018-04-07 05:29:57:307 - info: [debug] [ADB] Running 'D:\sdk\platform-tools\adb.exe' with args: ["-P",5037,"-s","K4Q6T16713001686","shell","ime","set","io.appium.android.ime/.UnicodeIME"]
2018-04-07 05:29:57:970 - info: [debug] [UiAutomator2] [UIAutomator2] io.appium.uiautomator2.server.test.AppiumUiAutomator2Server:.
2018-04-07 05:29:57:971 - info: [debug] [UiAutomator2] [UIAutomator2] Time: 86.031
2018-04-07 05:29:57:971 - info: [debug] [UiAutomator2] [UIAutomator2] OK (1 test)
2018-04-07 05:29:58:249 - info: [debug] [ADB] Getting connected devices...
2018-04-07 05:29:58:344 - info: [debug] [ADB] 1 device(s) connected
2018-04-07 05:29:58:345 - info: [debug] [ADB] Running 'D:\sdk\platform-tools\adb.exe' with args: ["-P",5037,"-s","K4Q6T16713001686","shell","am","force-stop","com.elephant.myinvoice"]
2018-04-07 05:29:59:158 - info: [debug] [Logcat] Stopping logcat capture
2018-04-07 05:29:59:214 - info: [debug] [ADB] Removing forwarded port socket connection: 8216 
2018-04-07 05:29:59:215 - info: [debug] [ADB] Running 'D:\sdk\platform-tools\adb.exe' with args: ["-P",5037,"-s","K4Q6T16713001686","forward","--remove","tcp:8216"]
